[0.683s] Invoking command in '/home/pacman/turtlebot3_ws/src/frame_changer': PYTHONPATH=/home/pacman/turtlebot3_ws/build/frame_changer/prefix_override:/home/pacman/.local/lib/python3.10/site-packages/colcon_core/task/python/colcon_distutils_commands:/home/pacman/turtlebot3_ws/install/frame_changer/lib/python3.10/site-packages:${PYTHONPATH} /usr/bin/python3 -W ignore:setup.py install is deprecated setup.py egg_info --egg-base ../../build/frame_changer build --build-base /home/pacman/turtlebot3_ws/build/frame_changer/build install --record /home/pacman/turtlebot3_ws/build/frame_changer/install.log --single-version-externally-managed install_data
[0.837s] running egg_info
[0.838s] writing ../../build/frame_changer/frame_changer.egg-info/PKG-INFO
[0.838s] writing dependency_links to ../../build/frame_changer/frame_changer.egg-info/dependency_links.txt
[0.838s] writing entry points to ../../build/frame_changer/frame_changer.egg-info/entry_points.txt
[0.838s] writing requirements to ../../build/frame_changer/frame_changer.egg-info/requires.txt
[0.838s] writing top-level names to ../../build/frame_changer/frame_changer.egg-info/top_level.txt
[0.839s] reading manifest file '../../build/frame_changer/frame_changer.egg-info/SOURCES.txt'
[0.840s] writing manifest file '../../build/frame_changer/frame_changer.egg-info/SOURCES.txt'
[0.840s] running build
[0.840s] running build_py
[0.840s] running install
[0.840s] running install_lib
[0.841s] running install_data
[0.841s] running install_egg_info
[0.842s] removing '/home/pacman/turtlebot3_ws/install/frame_changer/lib/python3.10/site-packages/frame_changer-0.0.0-py3.10.egg-info' (and everything under it)
[0.842s] Copying ../../build/frame_changer/frame_changer.egg-info to /home/pacman/turtlebot3_ws/install/frame_changer/lib/python3.10/site-packages/frame_changer-0.0.0-py3.10.egg-info
[0.843s] running install_scripts
[0.856s] Installing frame_changer script to /home/pacman/turtlebot3_ws/install/frame_changer/lib/frame_changer
[0.857s] writing list of installed files to '/home/pacman/turtlebot3_ws/build/frame_changer/install.log'
[0.950s] Invoked command in '/home/pacman/turtlebot3_ws/src/frame_changer' returned '0': PYTHONPATH=/home/pacman/turtlebot3_ws/build/frame_changer/prefix_override:/home/pacman/.local/lib/python3.10/site-packages/colcon_core/task/python/colcon_distutils_commands:/home/pacman/turtlebot3_ws/install/frame_changer/lib/python3.10/site-packages:${PYTHONPATH} /usr/bin/python3 -W ignore:setup.py install is deprecated setup.py egg_info --egg-base ../../build/frame_changer build --build-base /home/pacman/turtlebot3_ws/build/frame_changer/build install --record /home/pacman/turtlebot3_ws/build/frame_changer/install.log --single-version-externally-managed install_data
