-- Install configuration: ""
-- Up-to-date: /home/pacman/turtlebot3_ws/install/auto_explore/share/auto_explore//launch
-- Up-to-date: /home/pacman/turtlebot3_ws/install/auto_explore/share/auto_explore//launch/bringup
-- Up-to-date: /home/pacman/turtlebot3_ws/install/auto_explore/share/auto_explore//launch/bringup/navigation_launch.py
-- Up-to-date: /home/pacman/turtlebot3_ws/install/auto_explore/share/auto_explore//launch/bringup/localization_launch.py
-- Up-to-date: /home/pacman/turtlebot3_ws/install/auto_explore/share/auto_explore//launch/bringup/rviz_launch.py
-- Up-to-date: /home/pacman/turtlebot3_ws/install/auto_explore/share/auto_explore//launch/bringup/bringup_launch.py
-- Up-to-date: /home/pacman/turtlebot3_ws/install/auto_explore/share/auto_explore//launch/bringup/slam_launch.py
-- Up-to-date: /home/pacman/turtlebot3_ws/install/auto_explore/share/auto_explore//launch/__pycache__
-- Up-to-date: /home/pacman/turtlebot3_ws/install/auto_explore/share/auto_explore//launch/__pycache__/auto_map.launch.cpython-310.pyc
-- Up-to-date: /home/pacman/turtlebot3_ws/install/auto_explore/share/auto_explore//launch/auto_map.launch.py
-- Up-to-date: /home/pacman/turtlebot3_ws/install/auto_explore/share/auto_explore//maps
-- Up-to-date: /home/pacman/turtlebot3_ws/install/auto_explore/share/auto_explore//maps/map.yaml
-- Up-to-date: /home/pacman/turtlebot3_ws/install/auto_explore/share/auto_explore//maps/map.pgm
-- Up-to-date: /home/pacman/turtlebot3_ws/install/auto_explore/share/auto_explore//models
-- Up-to-date: /home/pacman/turtlebot3_ws/install/auto_explore/share/auto_explore//models/turtlebot3_waffle
-- Up-to-date: /home/pacman/turtlebot3_ws/install/auto_explore/share/auto_explore//models/turtlebot3_waffle/model.sdf
-- Up-to-date: /home/pacman/turtlebot3_ws/install/auto_explore/share/auto_explore//models/turtlebot3_waffle/model.config
-- Up-to-date: /home/pacman/turtlebot3_ws/install/auto_explore/share/auto_explore//models/turtlebot3_waffle/meshes
-- Up-to-date: /home/pacman/turtlebot3_ws/install/auto_explore/share/auto_explore//models/turtlebot3_waffle/meshes/waffle_base.dae
-- Up-to-date: /home/pacman/turtlebot3_ws/install/auto_explore/share/auto_explore//models/turtlebot3_waffle/meshes/lds.dae
-- Up-to-date: /home/pacman/turtlebot3_ws/install/auto_explore/share/auto_explore//models/turtlebot3_waffle/meshes/tire.dae
-- Up-to-date: /home/pacman/turtlebot3_ws/install/auto_explore/share/auto_explore//models/turtlebot3_waffle/meshes/r200.dae
-- Up-to-date: /home/pacman/turtlebot3_ws/install/auto_explore/share/auto_explore//models/turtlebot3_waffle/model_nocamera.sdf
-- Up-to-date: /home/pacman/turtlebot3_ws/install/auto_explore/share/auto_explore//models/turtlebot3_waffle/model-1_4.sdf
-- Up-to-date: /home/pacman/turtlebot3_ws/install/auto_explore/share/auto_explore//models/turtlebot3_common
-- Up-to-date: /home/pacman/turtlebot3_ws/install/auto_explore/share/auto_explore//models/turtlebot3_common/model.config
-- Up-to-date: /home/pacman/turtlebot3_ws/install/auto_explore/share/auto_explore//models/turtlebot3_common/meshes
-- Up-to-date: /home/pacman/turtlebot3_ws/install/auto_explore/share/auto_explore//models/turtlebot3_common/meshes/burger_base.dae
-- Up-to-date: /home/pacman/turtlebot3_ws/install/auto_explore/share/auto_explore//models/turtlebot3_common/meshes/waffle_pi_base.dae
-- Up-to-date: /home/pacman/turtlebot3_ws/install/auto_explore/share/auto_explore//models/turtlebot3_common/meshes/waffle_base.dae
-- Up-to-date: /home/pacman/turtlebot3_ws/install/auto_explore/share/auto_explore//models/turtlebot3_common/meshes/lds.dae
-- Up-to-date: /home/pacman/turtlebot3_ws/install/auto_explore/share/auto_explore//models/turtlebot3_common/meshes/tire.dae
-- Up-to-date: /home/pacman/turtlebot3_ws/install/auto_explore/share/auto_explore//models/turtlebot3_common/meshes/r200.dae
-- Up-to-date: /home/pacman/turtlebot3_ws/install/auto_explore/share/auto_explore//models/turtlebot3_waffle_pi
-- Up-to-date: /home/pacman/turtlebot3_ws/install/auto_explore/share/auto_explore//models/turtlebot3_waffle_pi/model.sdf
-- Up-to-date: /home/pacman/turtlebot3_ws/install/auto_explore/share/auto_explore//models/turtlebot3_waffle_pi/model.config
-- Up-to-date: /home/pacman/turtlebot3_ws/install/auto_explore/share/auto_explore//models/turtlebot3_waffle_pi/model-1_4_.sdf
-- Up-to-date: /home/pacman/turtlebot3_ws/install/auto_explore/share/auto_explore//params
-- Up-to-date: /home/pacman/turtlebot3_ws/install/auto_explore/share/auto_explore//params/nav2_params.yaml
-- Up-to-date: /home/pacman/turtlebot3_ws/install/auto_explore/share/auto_explore//rviz
-- Up-to-date: /home/pacman/turtlebot3_ws/install/auto_explore/share/auto_explore//rviz/rviz_config.rviz
-- Up-to-date: /home/pacman/turtlebot3_ws/install/auto_explore/share/auto_explore//rviz/nav2_default_view.rviz
-- Up-to-date: /home/pacman/turtlebot3_ws/install/auto_explore/share/auto_explore//urdf
-- Up-to-date: /home/pacman/turtlebot3_ws/install/auto_explore/share/auto_explore//urdf/turtlebot3_burger.urdf
-- Up-to-date: /home/pacman/turtlebot3_ws/install/auto_explore/share/auto_explore//urdf/turtlebot3_waffle.urdf
-- Up-to-date: /home/pacman/turtlebot3_ws/install/auto_explore/share/auto_explore//urdf/turtlebot3_waffle_pi.urdf
-- Up-to-date: /home/pacman/turtlebot3_ws/install/auto_explore/share/auto_explore//worlds
-- Up-to-date: /home/pacman/turtlebot3_ws/install/auto_explore/share/auto_explore//worlds/hospital.world
-- Up-to-date: /home/pacman/turtlebot3_ws/install/auto_explore/share/auto_explore//worlds/turtlebot.world
-- Up-to-date: /home/pacman/turtlebot3_ws/install/auto_explore/share/ament_index/resource_index/package_run_dependencies/auto_explore
-- Up-to-date: /home/pacman/turtlebot3_ws/install/auto_explore/share/ament_index/resource_index/parent_prefix_path/auto_explore
-- Up-to-date: /home/pacman/turtlebot3_ws/install/auto_explore/share/auto_explore/environment/ament_prefix_path.sh
-- Up-to-date: /home/pacman/turtlebot3_ws/install/auto_explore/share/auto_explore/environment/ament_prefix_path.dsv
-- Up-to-date: /home/pacman/turtlebot3_ws/install/auto_explore/share/auto_explore/environment/path.sh
-- Up-to-date: /home/pacman/turtlebot3_ws/install/auto_explore/share/auto_explore/environment/path.dsv
-- Up-to-date: /home/pacman/turtlebot3_ws/install/auto_explore/share/auto_explore/local_setup.bash
-- Up-to-date: /home/pacman/turtlebot3_ws/install/auto_explore/share/auto_explore/local_setup.sh
-- Up-to-date: /home/pacman/turtlebot3_ws/install/auto_explore/share/auto_explore/local_setup.zsh
-- Up-to-date: /home/pacman/turtlebot3_ws/install/auto_explore/share/auto_explore/local_setup.dsv
-- Installing: /home/pacman/turtlebot3_ws/install/auto_explore/share/auto_explore/package.dsv
-- Up-to-date: /home/pacman/turtlebot3_ws/install/auto_explore/share/ament_index/resource_index/packages/auto_explore
-- Up-to-date: /home/pacman/turtlebot3_ws/install/auto_explore/share/auto_explore/cmake/auto_exploreConfig.cmake
-- Up-to-date: /home/pacman/turtlebot3_ws/install/auto_explore/share/auto_explore/cmake/auto_exploreConfig-version.cmake
-- Up-to-date: /home/pacman/turtlebot3_ws/install/auto_explore/share/auto_explore/package.xml
