[0.034s] Invoking command in '/home/pacman/tortoisebot_rb/build/turtlebot3_msgs': CMAKE_PREFIX_PATH=${CMAKE_PREFIX_PATH}:/home/pacman/tortoisebot_rb/install/turtlebot3_teleop:/home/pacman/tortoisebot_rb/install/tortoisebot_slam:/home/pacman/tortoisebot_rb/install/tortoisebot_navigation:/home/pacman/tortoisebot_rb/install/tortoisebot_imu:/home/pacman/tortoisebot_rb/install/tortoisebot_control:/opt/ros/humble /usr/bin/cmake /home/pacman/tortoisebot_rb/tortoisebot/turtlebot3/turtlebot3_msgs -DCMAKE_INSTALL_PREFIX=/home/pacman/tortoisebot_rb/install/turtlebot3_msgs
[0.518s] -- The C compiler identification is GNU 11.4.0
[0.519s] -- The CXX compiler identification is GNU 11.4.0
[0.520s] -- Detecting C compiler ABI info
[0.521s] -- Detecting C compiler ABI info - done
[0.521s] -- Check for working C compiler: /usr/bin/cc - skipped
[0.521s] -- Detecting C compile features
[0.521s] -- Detecting C compile features - done
[0.521s] -- Detecting CXX compiler ABI info
[0.521s] -- Detecting CXX compiler ABI info - done
[0.521s] -- Check for working CXX compiler: /usr/bin/c++ - skipped
[0.521s] -- Detecting CXX compile features
[0.521s] -- Detecting CXX compile features - done
[0.521s] -- Found action_msgs: 1.2.1 (/opt/ros/humble/share/action_msgs/cmake)
[0.521s] -- Found Python3: /usr/bin/python3 (found version "3.10.12") found components: Interpreter 
[0.522s] -- Found rosidl_generator_c: 3.1.5 (/opt/ros/humble/share/rosidl_generator_c/cmake)
[0.522s] -- Found rosidl_adapter: 3.1.5 (/opt/ros/humble/share/rosidl_adapter/cmake)
[0.522s] -- Found rosidl_generator_cpp: 3.1.5 (/opt/ros/humble/share/rosidl_generator_cpp/cmake)
[0.531s] -- Using all available rosidl_typesupport_c: rosidl_typesupport_fastrtps_c;rosidl_typesupport_introspection_c
[0.539s] -- Using all available rosidl_typesupport_cpp: rosidl_typesupport_fastrtps_cpp;rosidl_typesupport_introspection_cpp
[0.579s] -- Found rosidl_default_generators: 1.2.0 (/opt/ros/humble/share/rosidl_default_generators/cmake)
[0.592s] -- Found std_msgs: 4.2.4 (/opt/ros/humble/share/std_msgs/cmake)
[0.964s] -- Found ament_cmake_cppcheck: 0.12.11 (/opt/ros/humble/share/ament_cmake_cppcheck/cmake)
[0.967s] -- Found ament_cmake_cpplint: 0.12.11 (/opt/ros/humble/share/ament_cmake_cpplint/cmake)
[0.971s] -- Found ament_cmake_uncrustify: 0.12.11 (/opt/ros/humble/share/ament_cmake_uncrustify/cmake)
[0.974s] -- Found ament_cmake_ros: 0.10.0 (/opt/ros/humble/share/ament_cmake_ros/cmake)
[1.363s] -- Using all available rosidl_typesupport_c: rosidl_typesupport_fastrtps_c;rosidl_typesupport_introspection_c
[1.486s] -- Using all available rosidl_typesupport_cpp: rosidl_typesupport_fastrtps_cpp;rosidl_typesupport_introspection_cpp
[1.507s] -- Found PythonInterp: /usr/bin/python3 (found suitable version "3.10.12", minimum required is "3.6") 
[1.508s] -- Found python_cmake_module: 0.10.0 (/opt/ros/humble/share/python_cmake_module/cmake)
[1.528s] -- Found PythonLibs: /usr/lib/x86_64-linux-gnu/libpython3.10.so (found suitable version "3.10.12", minimum required is "3.5") 
[1.528s] -- Using PYTHON_EXECUTABLE: /usr/bin/python3
[1.528s] -- Using PYTHON_INCLUDE_DIRS: /usr/include/python3.10
[1.528s] -- Using PYTHON_LIBRARIES: /usr/lib/x86_64-linux-gnu/libpython3.10.so
[1.543s] -- Found PythonExtra: .so  
[1.583s] -- Found ament_cmake_flake8: 0.12.11 (/opt/ros/humble/share/ament_cmake_flake8/cmake)
[1.584s] -- Found ament_cmake_pep257: 0.12.11 (/opt/ros/humble/share/ament_cmake_pep257/cmake)
[1.589s] -- Configuring done
[1.613s] -- Generating done
[1.615s] -- Build files have been written to: /home/pacman/tortoisebot_rb/build/turtlebot3_msgs
[1.622s] Invoked command in '/home/pacman/tortoisebot_rb/build/turtlebot3_msgs' returned '0': CMAKE_PREFIX_PATH=${CMAKE_PREFIX_PATH}:/home/pacman/tortoisebot_rb/install/turtlebot3_teleop:/home/pacman/tortoisebot_rb/install/tortoisebot_slam:/home/pacman/tortoisebot_rb/install/tortoisebot_navigation:/home/pacman/tortoisebot_rb/install/tortoisebot_imu:/home/pacman/tortoisebot_rb/install/tortoisebot_control:/opt/ros/humble /usr/bin/cmake /home/pacman/tortoisebot_rb/tortoisebot/turtlebot3/turtlebot3_msgs -DCMAKE_INSTALL_PREFIX=/home/pacman/tortoisebot_rb/install/turtlebot3_msgs
[1.623s] Invoking command in '/home/pacman/tortoisebot_rb/build/turtlebot3_msgs': CMAKE_PREFIX_PATH=${CMAKE_PREFIX_PATH}:/home/pacman/tortoisebot_rb/install/turtlebot3_teleop:/home/pacman/tortoisebot_rb/install/tortoisebot_slam:/home/pacman/tortoisebot_rb/install/tortoisebot_navigation:/home/pacman/tortoisebot_rb/install/tortoisebot_imu:/home/pacman/tortoisebot_rb/install/tortoisebot_control:/opt/ros/humble /usr/bin/cmake --build /home/pacman/tortoisebot_rb/build/turtlebot3_msgs -- -j12 -l12
[1.655s] [  1%] [34m[1mGenerating C code for ROS interfaces[0m
[1.661s] [  2%] [34m[1mGenerating C++ code for ROS interfaces[0m
[1.664s] [  2%] Built target ament_cmake_python_copy_turtlebot3_msgs
[1.815s] running egg_info
[1.815s] creating turtlebot3_msgs.egg-info
[1.815s] writing turtlebot3_msgs.egg-info/PKG-INFO
[1.816s] writing dependency_links to turtlebot3_msgs.egg-info/dependency_links.txt
[1.816s] writing top-level names to turtlebot3_msgs.egg-info/top_level.txt
[1.816s] writing manifest file 'turtlebot3_msgs.egg-info/SOURCES.txt'
[1.817s] reading manifest file 'turtlebot3_msgs.egg-info/SOURCES.txt'
[1.818s] writing manifest file 'turtlebot3_msgs.egg-info/SOURCES.txt'
[1.838s] [  2%] Built target ament_cmake_python_build_turtlebot3_msgs_egg
[2.248s] [  4%] [32mBuilding C object CMakeFiles/turtlebot3_msgs__rosidl_generator_c.dir/rosidl_generator_c/turtlebot3_msgs/action/detail/patrol__functions.c.o[0m
[2.249s] [  7%] [32mBuilding C object CMakeFiles/turtlebot3_msgs__rosidl_generator_c.dir/rosidl_generator_c/turtlebot3_msgs/msg/detail/version_info__functions.c.o[0m
[2.249s] [  7%] [32mBuilding C object CMakeFiles/turtlebot3_msgs__rosidl_generator_c.dir/rosidl_generator_c/turtlebot3_msgs/msg/detail/sensor_state__functions.c.o[0m
[2.249s] [  8%] [32mBuilding C object CMakeFiles/turtlebot3_msgs__rosidl_generator_c.dir/rosidl_generator_c/turtlebot3_msgs/msg/detail/sound__functions.c.o[0m
[2.249s] [  9%] [32mBuilding C object CMakeFiles/turtlebot3_msgs__rosidl_generator_c.dir/rosidl_generator_c/turtlebot3_msgs/srv/detail/dqn__functions.c.o[0m
[2.252s] [ 11%] [32mBuilding C object CMakeFiles/turtlebot3_msgs__rosidl_generator_c.dir/rosidl_generator_c/turtlebot3_msgs/srv/detail/sound__functions.c.o[0m
[2.352s] [ 12%] [32m[1mLinking C shared library libturtlebot3_msgs__rosidl_generator_c.so[0m
[2.388s] [ 12%] Built target turtlebot3_msgs__cpp
[2.395s] [ 12%] Built target turtlebot3_msgs__rosidl_generator_c
[2.397s] [ 16%] [34m[1mGenerating C++ introspection for ROS interfaces[0m
[2.398s] [ 16%] [34m[1mGenerating C++ type support dispatch for ROS interfaces[0m
[2.398s] [ 16%] [34m[1mGenerating C++ type support for eProsima Fast-RTPS[0m
[2.404s] [ 19%] [34m[1mGenerating C type support dispatch for ROS interfaces[0m
[2.404s] [ 19%] [34m[1mGenerating C type support for eProsima Fast-RTPS[0m
[2.405s] [ 21%] [34m[1mGenerating C introspection for ROS interfaces[0m
[2.895s] [ 22%] [32mBuilding CXX object CMakeFiles/turtlebot3_msgs__rosidl_typesupport_c.dir/rosidl_typesupport_c/turtlebot3_msgs/msg/sound__type_support.cpp.o[0m
[2.895s] [ 25%] [32mBuilding CXX object CMakeFiles/turtlebot3_msgs__rosidl_typesupport_c.dir/rosidl_typesupport_c/turtlebot3_msgs/msg/version_info__type_support.cpp.o[0m
[2.895s] [ 25%] [32mBuilding CXX object CMakeFiles/turtlebot3_msgs__rosidl_typesupport_c.dir/rosidl_typesupport_c/turtlebot3_msgs/msg/sensor_state__type_support.cpp.o[0m
[2.904s] [ 26%] [32mBuilding CXX object CMakeFiles/turtlebot3_msgs__rosidl_typesupport_c.dir/rosidl_typesupport_c/turtlebot3_msgs/srv/sound__type_support.cpp.o[0m
[2.904s] [ 28%] [32mBuilding CXX object CMakeFiles/turtlebot3_msgs__rosidl_typesupport_c.dir/rosidl_typesupport_c/turtlebot3_msgs/srv/dqn__type_support.cpp.o[0m
[2.905s] [ 29%] [32mBuilding CXX object CMakeFiles/turtlebot3_msgs__rosidl_typesupport_c.dir/rosidl_typesupport_c/turtlebot3_msgs/action/patrol__type_support.cpp.o[0m
[2.965s] [ 30%] [32m[1mLinking CXX shared library libturtlebot3_msgs__rosidl_typesupport_c.so[0m
[3.009s] [ 30%] Built target turtlebot3_msgs__rosidl_typesupport_c
[3.097s] [ 32%] [32mBuilding CXX object CMakeFiles/turtlebot3_msgs__rosidl_typesupport_cpp.dir/rosidl_typesupport_cpp/turtlebot3_msgs/msg/sound__type_support.cpp.o[0m
[3.097s] [ 33%] [32mBuilding CXX object CMakeFiles/turtlebot3_msgs__rosidl_typesupport_cpp.dir/rosidl_typesupport_cpp/turtlebot3_msgs/srv/sound__type_support.cpp.o[0m
[3.100s] [ 35%] [32mBuilding CXX object CMakeFiles/turtlebot3_msgs__rosidl_typesupport_cpp.dir/rosidl_typesupport_cpp/turtlebot3_msgs/srv/dqn__type_support.cpp.o[0m
[3.100s] [ 36%] [32mBuilding CXX object CMakeFiles/turtlebot3_msgs__rosidl_typesupport_cpp.dir/rosidl_typesupport_cpp/turtlebot3_msgs/msg/version_info__type_support.cpp.o[0m
[3.103s] [ 38%] [32mBuilding CXX object CMakeFiles/turtlebot3_msgs__rosidl_typesupport_cpp.dir/rosidl_typesupport_cpp/turtlebot3_msgs/msg/sensor_state__type_support.cpp.o[0m
[3.111s] [ 39%] [32mBuilding CXX object CMakeFiles/turtlebot3_msgs__rosidl_typesupport_cpp.dir/rosidl_typesupport_cpp/turtlebot3_msgs/action/patrol__type_support.cpp.o[0m
[3.338s] [ 40%] [32mBuilding CXX object CMakeFiles/turtlebot3_msgs__rosidl_typesupport_introspection_cpp.dir/rosidl_typesupport_introspection_cpp/turtlebot3_msgs/msg/detail/sensor_state__type_support.cpp.o[0m
[3.348s] [ 42%] [32mBuilding CXX object CMakeFiles/turtlebot3_msgs__rosidl_typesupport_fastrtps_c.dir/rosidl_typesupport_fastrtps_c/turtlebot3_msgs/msg/detail/sound__type_support_c.cpp.o[0m
[3.358s] [ 43%] [32mBuilding CXX object CMakeFiles/turtlebot3_msgs__rosidl_typesupport_fastrtps_c.dir/rosidl_typesupport_fastrtps_c/turtlebot3_msgs/msg/detail/sensor_state__type_support_c.cpp.o[0m
[3.360s] [ 45%] [32mBuilding CXX object CMakeFiles/turtlebot3_msgs__rosidl_typesupport_fastrtps_c.dir/rosidl_typesupport_fastrtps_c/turtlebot3_msgs/msg/detail/version_info__type_support_c.cpp.o[0m
[3.444s] [ 46%] [32mBuilding CXX object CMakeFiles/turtlebot3_msgs__rosidl_typesupport_introspection_cpp.dir/rosidl_typesupport_introspection_cpp/turtlebot3_msgs/msg/detail/sound__type_support.cpp.o[0m
[3.467s] [ 47%] [32mBuilding CXX object CMakeFiles/turtlebot3_msgs__rosidl_typesupport_introspection_cpp.dir/rosidl_typesupport_introspection_cpp/turtlebot3_msgs/msg/detail/version_info__type_support.cpp.o[0m
[3.475s] [ 49%] [32mBuilding C object CMakeFiles/turtlebot3_msgs__rosidl_typesupport_introspection_c.dir/rosidl_typesupport_introspection_c/turtlebot3_msgs/msg/detail/sensor_state__type_support.c.o[0m
[3.481s] [ 50%] [32mBuilding CXX object CMakeFiles/turtlebot3_msgs__rosidl_typesupport_introspection_cpp.dir/rosidl_typesupport_introspection_cpp/turtlebot3_msgs/srv/detail/sound__type_support.cpp.o[0m
[3.510s] [ 52%] [32mBuilding CXX object CMakeFiles/turtlebot3_msgs__rosidl_typesupport_fastrtps_c.dir/rosidl_typesupport_fastrtps_c/turtlebot3_msgs/srv/detail/sound__type_support_c.cpp.o[0m
[3.536s] [ 53%] [32mBuilding CXX object CMakeFiles/turtlebot3_msgs__rosidl_typesupport_introspection_cpp.dir/rosidl_typesupport_introspection_cpp/turtlebot3_msgs/srv/detail/dqn__type_support.cpp.o[0m
[3.540s] [ 54%] [32mBuilding C object CMakeFiles/turtlebot3_msgs__rosidl_typesupport_introspection_c.dir/rosidl_typesupport_introspection_c/turtlebot3_msgs/msg/detail/sound__type_support.c.o[0m
[3.553s] [ 56%] [32mBuilding CXX object CMakeFiles/turtlebot3_msgs__rosidl_typesupport_fastrtps_cpp.dir/rosidl_typesupport_fastrtps_cpp/turtlebot3_msgs/msg/detail/dds_fastrtps/sensor_state__type_support.cpp.o[0m
[3.600s] [ 57%] [32mBuilding C object CMakeFiles/turtlebot3_msgs__rosidl_typesupport_introspection_c.dir/rosidl_typesupport_introspection_c/turtlebot3_msgs/msg/detail/version_info__type_support.c.o[0m
[3.661s] [ 59%] [32mBuilding C object CMakeFiles/turtlebot3_msgs__rosidl_typesupport_introspection_c.dir/rosidl_typesupport_introspection_c/turtlebot3_msgs/srv/detail/sound__type_support.c.o[0m
[3.705s] [ 60%] [32mBuilding C object CMakeFiles/turtlebot3_msgs__rosidl_typesupport_introspection_c.dir/rosidl_typesupport_introspection_c/turtlebot3_msgs/srv/detail/dqn__type_support.c.o[0m
[3.750s] [ 61%] [32mBuilding C object CMakeFiles/turtlebot3_msgs__rosidl_typesupport_introspection_c.dir/rosidl_typesupport_introspection_c/turtlebot3_msgs/action/detail/patrol__type_support.c.o[0m
[3.777s] [ 63%] [32mBuilding CXX object CMakeFiles/turtlebot3_msgs__rosidl_typesupport_fastrtps_cpp.dir/rosidl_typesupport_fastrtps_cpp/turtlebot3_msgs/msg/detail/dds_fastrtps/sound__type_support.cpp.o[0m
[3.805s] [ 64%] [32mBuilding CXX object CMakeFiles/turtlebot3_msgs__rosidl_typesupport_fastrtps_cpp.dir/rosidl_typesupport_fastrtps_cpp/turtlebot3_msgs/msg/detail/dds_fastrtps/version_info__type_support.cpp.o[0m
[3.844s] [ 66%] [32m[1mLinking C shared library libturtlebot3_msgs__rosidl_typesupport_introspection_c.so[0m
[3.888s] [ 67%] [32m[1mLinking CXX shared library libturtlebot3_msgs__rosidl_typesupport_cpp.so[0m
[3.893s] [ 67%] Built target turtlebot3_msgs__rosidl_typesupport_introspection_c
[3.910s] [ 69%] [32mBuilding CXX object CMakeFiles/turtlebot3_msgs__rosidl_typesupport_fastrtps_c.dir/rosidl_typesupport_fastrtps_c/turtlebot3_msgs/srv/detail/dqn__type_support_c.cpp.o[0m
[3.961s] [ 70%] [32mBuilding CXX object CMakeFiles/turtlebot3_msgs__rosidl_typesupport_introspection_cpp.dir/rosidl_typesupport_introspection_cpp/turtlebot3_msgs/action/detail/patrol__type_support.cpp.o[0m
[3.966s] [ 70%] Built target turtlebot3_msgs__rosidl_typesupport_cpp
[3.992s] [ 71%] [32mBuilding CXX object CMakeFiles/turtlebot3_msgs__rosidl_typesupport_fastrtps_c.dir/rosidl_typesupport_fastrtps_c/turtlebot3_msgs/action/detail/patrol__type_support_c.cpp.o[0m
[4.042s] [ 73%] [32mBuilding CXX object CMakeFiles/turtlebot3_msgs__rosidl_typesupport_fastrtps_cpp.dir/rosidl_typesupport_fastrtps_cpp/turtlebot3_msgs/srv/detail/dds_fastrtps/sound__type_support.cpp.o[0m
[4.043s] [ 74%] [32mBuilding CXX object CMakeFiles/turtlebot3_msgs__rosidl_typesupport_fastrtps_cpp.dir/rosidl_typesupport_fastrtps_cpp/turtlebot3_msgs/srv/detail/dds_fastrtps/dqn__type_support.cpp.o[0m
[4.062s] [ 76%] [32mBuilding CXX object CMakeFiles/turtlebot3_msgs__rosidl_typesupport_fastrtps_cpp.dir/rosidl_typesupport_fastrtps_cpp/turtlebot3_msgs/action/detail/dds_fastrtps/patrol__type_support.cpp.o[0m
[4.431s] [ 77%] [32m[1mLinking CXX shared library libturtlebot3_msgs__rosidl_typesupport_fastrtps_c.so[0m
[4.516s] [ 77%] Built target turtlebot3_msgs__rosidl_typesupport_fastrtps_c
[4.640s] [ 78%] [32m[1mLinking CXX shared library libturtlebot3_msgs__rosidl_typesupport_fastrtps_cpp.so[0m
[4.697s] [ 78%] Built target turtlebot3_msgs__rosidl_typesupport_fastrtps_cpp
[4.725s] [ 80%] [32m[1mLinking CXX shared library libturtlebot3_msgs__rosidl_typesupport_introspection_cpp.so[0m
[4.782s] [ 80%] Built target turtlebot3_msgs__rosidl_typesupport_introspection_cpp
[4.799s] [ 80%] Built target turtlebot3_msgs
[4.819s] [ 81%] [34m[1mGenerating Python code for ROS interfaces[0m
[5.930s] [ 81%] Built target turtlebot3_msgs__py
[5.949s] [ 85%] [32mBuilding C object CMakeFiles/turtlebot3_msgs__rosidl_generator_py.dir/rosidl_generator_py/turtlebot3_msgs/msg/_sensor_state_s.c.o[0m
[5.949s] [ 85%] [32mBuilding C object CMakeFiles/turtlebot3_msgs__rosidl_generator_py.dir/rosidl_generator_py/turtlebot3_msgs/srv/_sound_s.c.o[0m
[5.950s] [ 85%] [32mBuilding C object CMakeFiles/turtlebot3_msgs__rosidl_generator_py.dir/rosidl_generator_py/turtlebot3_msgs/msg/_version_info_s.c.o[0m
[5.950s] [ 87%] [32mBuilding C object CMakeFiles/turtlebot3_msgs__rosidl_generator_py.dir/rosidl_generator_py/turtlebot3_msgs/msg/_sound_s.c.o[0m
[5.950s] [ 88%] [32mBuilding C object CMakeFiles/turtlebot3_msgs__rosidl_generator_py.dir/rosidl_generator_py/turtlebot3_msgs/action/_patrol_s.c.o[0m
[5.950s] [ 90%] [32mBuilding C object CMakeFiles/turtlebot3_msgs__rosidl_generator_py.dir/rosidl_generator_py/turtlebot3_msgs/srv/_dqn_s.c.o[0m
[6.114s] [ 91%] [32m[1mLinking C shared library rosidl_generator_py/turtlebot3_msgs/libturtlebot3_msgs__rosidl_generator_py.so[0m
[6.148s] [ 91%] Built target turtlebot3_msgs__rosidl_generator_py
[6.165s] [ 92%] [32mBuilding C object CMakeFiles/turtlebot3_msgs__rosidl_typesupport_fastrtps_c__pyext.dir/rosidl_generator_py/turtlebot3_msgs/_turtlebot3_msgs_s.ep.rosidl_typesupport_fastrtps_c.c.o[0m
[6.166s] [ 94%] [32mBuilding C object CMakeFiles/turtlebot3_msgs__rosidl_typesupport_introspection_c__pyext.dir/rosidl_generator_py/turtlebot3_msgs/_turtlebot3_msgs_s.ep.rosidl_typesupport_introspection_c.c.o[0m
[6.168s] [ 95%] [32mBuilding C object CMakeFiles/turtlebot3_msgs__rosidl_typesupport_c__pyext.dir/rosidl_generator_py/turtlebot3_msgs/_turtlebot3_msgs_s.ep.rosidl_typesupport_c.c.o[0m
[6.276s] [ 97%] [32m[1mLinking C shared library rosidl_generator_py/turtlebot3_msgs/turtlebot3_msgs_s__rosidl_typesupport_c.cpython-310-x86_64-linux-gnu.so[0m
[6.308s] [ 97%] Built target turtlebot3_msgs__rosidl_typesupport_c__pyext
[6.312s] [ 98%] [32m[1mLinking C shared library rosidl_generator_py/turtlebot3_msgs/turtlebot3_msgs_s__rosidl_typesupport_introspection_c.cpython-310-x86_64-linux-gnu.so[0m
[6.313s] [100%] [32m[1mLinking C shared library rosidl_generator_py/turtlebot3_msgs/turtlebot3_msgs_s__rosidl_typesupport_fastrtps_c.cpython-310-x86_64-linux-gnu.so[0m
[6.345s] [100%] Built target turtlebot3_msgs__rosidl_typesupport_introspection_c__pyext
[6.347s] [100%] Built target turtlebot3_msgs__rosidl_typesupport_fastrtps_c__pyext
[6.356s] Invoked command in '/home/pacman/tortoisebot_rb/build/turtlebot3_msgs' returned '0': CMAKE_PREFIX_PATH=${CMAKE_PREFIX_PATH}:/home/pacman/tortoisebot_rb/install/turtlebot3_teleop:/home/pacman/tortoisebot_rb/install/tortoisebot_slam:/home/pacman/tortoisebot_rb/install/tortoisebot_navigation:/home/pacman/tortoisebot_rb/install/tortoisebot_imu:/home/pacman/tortoisebot_rb/install/tortoisebot_control:/opt/ros/humble /usr/bin/cmake --build /home/pacman/tortoisebot_rb/build/turtlebot3_msgs -- -j12 -l12
[6.475s] Invoking command in '/home/pacman/tortoisebot_rb/build/turtlebot3_msgs': CMAKE_PREFIX_PATH=${CMAKE_PREFIX_PATH}:/home/pacman/tortoisebot_rb/install/turtlebot3_teleop:/home/pacman/tortoisebot_rb/install/tortoisebot_slam:/home/pacman/tortoisebot_rb/install/tortoisebot_navigation:/home/pacman/tortoisebot_rb/install/tortoisebot_imu:/home/pacman/tortoisebot_rb/install/tortoisebot_control:/opt/ros/humble /usr/bin/cmake --install /home/pacman/tortoisebot_rb/build/turtlebot3_msgs
[6.483s] -- Install configuration: ""
[6.484s] -- Installing: /home/pacman/tortoisebot_rb/install/turtlebot3_msgs/share/ament_index/resource_index/rosidl_interfaces/turtlebot3_msgs
[6.484s] -- Installing: /home/pacman/tortoisebot_rb/install/turtlebot3_msgs/include/turtlebot3_msgs/turtlebot3_msgs
[6.484s] -- Installing: /home/pacman/tortoisebot_rb/install/turtlebot3_msgs/include/turtlebot3_msgs/turtlebot3_msgs/srv
[6.484s] -- Installing: /home/pacman/tortoisebot_rb/install/turtlebot3_msgs/include/turtlebot3_msgs/turtlebot3_msgs/srv/dqn.h
[6.484s] -- Installing: /home/pacman/tortoisebot_rb/install/turtlebot3_msgs/include/turtlebot3_msgs/turtlebot3_msgs/srv/detail
[6.484s] -- Installing: /home/pacman/tortoisebot_rb/install/turtlebot3_msgs/include/turtlebot3_msgs/turtlebot3_msgs/srv/detail/dqn__functions.c
[6.484s] -- Installing: /home/pacman/tortoisebot_rb/install/turtlebot3_msgs/include/turtlebot3_msgs/turtlebot3_msgs/srv/detail/dqn__struct.h
[6.484s] -- Installing: /home/pacman/tortoisebot_rb/install/turtlebot3_msgs/include/turtlebot3_msgs/turtlebot3_msgs/srv/detail/sound__functions.c
[6.485s] -- Installing: /home/pacman/tortoisebot_rb/install/turtlebot3_msgs/include/turtlebot3_msgs/turtlebot3_msgs/srv/detail/sound__functions.h
[6.485s] -- Installing: /home/pacman/tortoisebot_rb/install/turtlebot3_msgs/include/turtlebot3_msgs/turtlebot3_msgs/srv/detail/dqn__type_support.h
[6.485s] -- Installing: /home/pacman/tortoisebot_rb/install/turtlebot3_msgs/include/turtlebot3_msgs/turtlebot3_msgs/srv/detail/sound__type_support.h
[6.485s] -- Installing: /home/pacman/tortoisebot_rb/install/turtlebot3_msgs/include/turtlebot3_msgs/turtlebot3_msgs/srv/detail/sound__struct.h
[6.485s] -- Installing: /home/pacman/tortoisebot_rb/install/turtlebot3_msgs/include/turtlebot3_msgs/turtlebot3_msgs/srv/detail/dqn__functions.h
[6.485s] -- Installing: /home/pacman/tortoisebot_rb/install/turtlebot3_msgs/include/turtlebot3_msgs/turtlebot3_msgs/srv/sound.h
[6.485s] -- Installing: /home/pacman/tortoisebot_rb/install/turtlebot3_msgs/include/turtlebot3_msgs/turtlebot3_msgs/msg
[6.485s] -- Installing: /home/pacman/tortoisebot_rb/install/turtlebot3_msgs/include/turtlebot3_msgs/turtlebot3_msgs/msg/rosidl_generator_c__visibility_control.h
[6.485s] -- Installing: /home/pacman/tortoisebot_rb/install/turtlebot3_msgs/include/turtlebot3_msgs/turtlebot3_msgs/msg/detail
[6.485s] -- Installing: /home/pacman/tortoisebot_rb/install/turtlebot3_msgs/include/turtlebot3_msgs/turtlebot3_msgs/msg/detail/version_info__struct.h
[6.486s] -- Installing: /home/pacman/tortoisebot_rb/install/turtlebot3_msgs/include/turtlebot3_msgs/turtlebot3_msgs/msg/detail/sound__functions.c
[6.486s] -- Installing: /home/pacman/tortoisebot_rb/install/turtlebot3_msgs/include/turtlebot3_msgs/turtlebot3_msgs/msg/detail/version_info__type_support.h
[6.486s] -- Installing: /home/pacman/tortoisebot_rb/install/turtlebot3_msgs/include/turtlebot3_msgs/turtlebot3_msgs/msg/detail/sound__functions.h
[6.486s] -- Installing: /home/pacman/tortoisebot_rb/install/turtlebot3_msgs/include/turtlebot3_msgs/turtlebot3_msgs/msg/detail/sensor_state__functions.h
[6.486s] -- Installing: /home/pacman/tortoisebot_rb/install/turtlebot3_msgs/include/turtlebot3_msgs/turtlebot3_msgs/msg/detail/version_info__functions.h
[6.486s] -- Installing: /home/pacman/tortoisebot_rb/install/turtlebot3_msgs/include/turtlebot3_msgs/turtlebot3_msgs/msg/detail/version_info__functions.c
[6.486s] -- Installing: /home/pacman/tortoisebot_rb/install/turtlebot3_msgs/include/turtlebot3_msgs/turtlebot3_msgs/msg/detail/sound__type_support.h
[6.486s] -- Installing: /home/pacman/tortoisebot_rb/install/turtlebot3_msgs/include/turtlebot3_msgs/turtlebot3_msgs/msg/detail/sensor_state__struct.h
[6.486s] -- Installing: /home/pacman/tortoisebot_rb/install/turtlebot3_msgs/include/turtlebot3_msgs/turtlebot3_msgs/msg/detail/sensor_state__type_support.h
[6.486s] -- Installing: /home/pacman/tortoisebot_rb/install/turtlebot3_msgs/include/turtlebot3_msgs/turtlebot3_msgs/msg/detail/sound__struct.h
[6.486s] -- Installing: /home/pacman/tortoisebot_rb/install/turtlebot3_msgs/include/turtlebot3_msgs/turtlebot3_msgs/msg/detail/sensor_state__functions.c
[6.486s] -- Installing: /home/pacman/tortoisebot_rb/install/turtlebot3_msgs/include/turtlebot3_msgs/turtlebot3_msgs/msg/sensor_state.h
[6.486s] -- Installing: /home/pacman/tortoisebot_rb/install/turtlebot3_msgs/include/turtlebot3_msgs/turtlebot3_msgs/msg/version_info.h
[6.487s] -- Installing: /home/pacman/tortoisebot_rb/install/turtlebot3_msgs/include/turtlebot3_msgs/turtlebot3_msgs/msg/sound.h
[6.487s] -- Installing: /home/pacman/tortoisebot_rb/install/turtlebot3_msgs/include/turtlebot3_msgs/turtlebot3_msgs/action
[6.487s] -- Installing: /home/pacman/tortoisebot_rb/install/turtlebot3_msgs/include/turtlebot3_msgs/turtlebot3_msgs/action/patrol.h
[6.487s] -- Installing: /home/pacman/tortoisebot_rb/install/turtlebot3_msgs/include/turtlebot3_msgs/turtlebot3_msgs/action/detail
[6.487s] -- Installing: /home/pacman/tortoisebot_rb/install/turtlebot3_msgs/include/turtlebot3_msgs/turtlebot3_msgs/action/detail/patrol__struct.h
[6.487s] -- Installing: /home/pacman/tortoisebot_rb/install/turtlebot3_msgs/include/turtlebot3_msgs/turtlebot3_msgs/action/detail/patrol__type_support.h
[6.487s] -- Installing: /home/pacman/tortoisebot_rb/install/turtlebot3_msgs/include/turtlebot3_msgs/turtlebot3_msgs/action/detail/patrol__functions.h
[6.487s] -- Installing: /home/pacman/tortoisebot_rb/install/turtlebot3_msgs/include/turtlebot3_msgs/turtlebot3_msgs/action/detail/patrol__functions.c
[6.488s] -- Installing: /home/pacman/tortoisebot_rb/install/turtlebot3_msgs/share/turtlebot3_msgs/environment/library_path.sh
[6.488s] -- Installing: /home/pacman/tortoisebot_rb/install/turtlebot3_msgs/share/turtlebot3_msgs/environment/library_path.dsv
[6.488s] -- Installing: /home/pacman/tortoisebot_rb/install/turtlebot3_msgs/lib/libturtlebot3_msgs__rosidl_generator_c.so
[6.488s] -- Set runtime path of "/home/pacman/tortoisebot_rb/install/turtlebot3_msgs/lib/libturtlebot3_msgs__rosidl_generator_c.so" to ""
[6.488s] -- Up-to-date: /home/pacman/tortoisebot_rb/install/turtlebot3_msgs/include/turtlebot3_msgs/turtlebot3_msgs
[6.488s] -- Up-to-date: /home/pacman/tortoisebot_rb/install/turtlebot3_msgs/include/turtlebot3_msgs/turtlebot3_msgs/srv
[6.489s] -- Up-to-date: /home/pacman/tortoisebot_rb/install/turtlebot3_msgs/include/turtlebot3_msgs/turtlebot3_msgs/srv/detail
[6.489s] -- Installing: /home/pacman/tortoisebot_rb/install/turtlebot3_msgs/include/turtlebot3_msgs/turtlebot3_msgs/srv/detail/dqn__rosidl_typesupport_fastrtps_c.h
[6.489s] -- Installing: /home/pacman/tortoisebot_rb/install/turtlebot3_msgs/include/turtlebot3_msgs/turtlebot3_msgs/srv/detail/sound__rosidl_typesupport_fastrtps_c.h
[6.489s] -- Up-to-date: /home/pacman/tortoisebot_rb/install/turtlebot3_msgs/include/turtlebot3_msgs/turtlebot3_msgs/msg
[6.489s] -- Up-to-date: /home/pacman/tortoisebot_rb/install/turtlebot3_msgs/include/turtlebot3_msgs/turtlebot3_msgs/msg/detail
[6.489s] -- Installing: /home/pacman/tortoisebot_rb/install/turtlebot3_msgs/include/turtlebot3_msgs/turtlebot3_msgs/msg/detail/sound__rosidl_typesupport_fastrtps_c.h
[6.489s] -- Installing: /home/pacman/tortoisebot_rb/install/turtlebot3_msgs/include/turtlebot3_msgs/turtlebot3_msgs/msg/detail/sensor_state__rosidl_typesupport_fastrtps_c.h
[6.489s] -- Installing: /home/pacman/tortoisebot_rb/install/turtlebot3_msgs/include/turtlebot3_msgs/turtlebot3_msgs/msg/detail/version_info__rosidl_typesupport_fastrtps_c.h
[6.489s] -- Installing: /home/pacman/tortoisebot_rb/install/turtlebot3_msgs/include/turtlebot3_msgs/turtlebot3_msgs/msg/rosidl_typesupport_fastrtps_c__visibility_control.h
[6.489s] -- Up-to-date: /home/pacman/tortoisebot_rb/install/turtlebot3_msgs/include/turtlebot3_msgs/turtlebot3_msgs/action
[6.489s] -- Up-to-date: /home/pacman/tortoisebot_rb/install/turtlebot3_msgs/include/turtlebot3_msgs/turtlebot3_msgs/action/detail
[6.489s] -- Installing: /home/pacman/tortoisebot_rb/install/turtlebot3_msgs/include/turtlebot3_msgs/turtlebot3_msgs/action/detail/patrol__rosidl_typesupport_fastrtps_c.h
[6.489s] -- Installing: /home/pacman/tortoisebot_rb/install/turtlebot3_msgs/lib/libturtlebot3_msgs__rosidl_typesupport_fastrtps_c.so
[6.490s] -- Set runtime path of "/home/pacman/tortoisebot_rb/install/turtlebot3_msgs/lib/libturtlebot3_msgs__rosidl_typesupport_fastrtps_c.so" to ""
[6.490s] -- Up-to-date: /home/pacman/tortoisebot_rb/install/turtlebot3_msgs/include/turtlebot3_msgs/turtlebot3_msgs
[6.490s] -- Up-to-date: /home/pacman/tortoisebot_rb/install/turtlebot3_msgs/include/turtlebot3_msgs/turtlebot3_msgs/srv
[6.490s] -- Installing: /home/pacman/tortoisebot_rb/install/turtlebot3_msgs/include/turtlebot3_msgs/turtlebot3_msgs/srv/sound.hpp
[6.490s] -- Installing: /home/pacman/tortoisebot_rb/install/turtlebot3_msgs/include/turtlebot3_msgs/turtlebot3_msgs/srv/dqn.hpp
[6.490s] -- Up-to-date: /home/pacman/tortoisebot_rb/install/turtlebot3_msgs/include/turtlebot3_msgs/turtlebot3_msgs/srv/detail
[6.490s] -- Installing: /home/pacman/tortoisebot_rb/install/turtlebot3_msgs/include/turtlebot3_msgs/turtlebot3_msgs/srv/detail/sound__traits.hpp
[6.490s] -- Installing: /home/pacman/tortoisebot_rb/install/turtlebot3_msgs/include/turtlebot3_msgs/turtlebot3_msgs/srv/detail/dqn__builder.hpp
[6.490s] -- Installing: /home/pacman/tortoisebot_rb/install/turtlebot3_msgs/include/turtlebot3_msgs/turtlebot3_msgs/srv/detail/sound__struct.hpp
[6.490s] -- Installing: /home/pacman/tortoisebot_rb/install/turtlebot3_msgs/include/turtlebot3_msgs/turtlebot3_msgs/srv/detail/dqn__struct.hpp
[6.490s] -- Installing: /home/pacman/tortoisebot_rb/install/turtlebot3_msgs/include/turtlebot3_msgs/turtlebot3_msgs/srv/detail/dqn__traits.hpp
[6.491s] -- Installing: /home/pacman/tortoisebot_rb/install/turtlebot3_msgs/include/turtlebot3_msgs/turtlebot3_msgs/srv/detail/sound__builder.hpp
[6.491s] -- Up-to-date: /home/pacman/tortoisebot_rb/install/turtlebot3_msgs/include/turtlebot3_msgs/turtlebot3_msgs/msg
[6.491s] -- Installing: /home/pacman/tortoisebot_rb/install/turtlebot3_msgs/include/turtlebot3_msgs/turtlebot3_msgs/msg/sensor_state.hpp
[6.491s] -- Installing: /home/pacman/tortoisebot_rb/install/turtlebot3_msgs/include/turtlebot3_msgs/turtlebot3_msgs/msg/version_info.hpp
[6.491s] -- Installing: /home/pacman/tortoisebot_rb/install/turtlebot3_msgs/include/turtlebot3_msgs/turtlebot3_msgs/msg/sound.hpp
[6.491s] -- Up-to-date: /home/pacman/tortoisebot_rb/install/turtlebot3_msgs/include/turtlebot3_msgs/turtlebot3_msgs/msg/detail
[6.491s] -- Installing: /home/pacman/tortoisebot_rb/install/turtlebot3_msgs/include/turtlebot3_msgs/turtlebot3_msgs/msg/detail/sound__traits.hpp
[6.491s] -- Installing: /home/pacman/tortoisebot_rb/install/turtlebot3_msgs/include/turtlebot3_msgs/turtlebot3_msgs/msg/detail/version_info__struct.hpp
[6.491s] -- Installing: /home/pacman/tortoisebot_rb/install/turtlebot3_msgs/include/turtlebot3_msgs/turtlebot3_msgs/msg/detail/sensor_state__builder.hpp
[6.491s] -- Installing: /home/pacman/tortoisebot_rb/install/turtlebot3_msgs/include/turtlebot3_msgs/turtlebot3_msgs/msg/detail/sound__struct.hpp
[6.491s] -- Installing: /home/pacman/tortoisebot_rb/install/turtlebot3_msgs/include/turtlebot3_msgs/turtlebot3_msgs/msg/detail/sensor_state__struct.hpp
[6.492s] -- Installing: /home/pacman/tortoisebot_rb/install/turtlebot3_msgs/include/turtlebot3_msgs/turtlebot3_msgs/msg/detail/sensor_state__traits.hpp
[6.492s] -- Installing: /home/pacman/tortoisebot_rb/install/turtlebot3_msgs/include/turtlebot3_msgs/turtlebot3_msgs/msg/detail/version_info__builder.hpp
[6.492s] -- Installing: /home/pacman/tortoisebot_rb/install/turtlebot3_msgs/include/turtlebot3_msgs/turtlebot3_msgs/msg/detail/version_info__traits.hpp
[6.492s] -- Installing: /home/pacman/tortoisebot_rb/install/turtlebot3_msgs/include/turtlebot3_msgs/turtlebot3_msgs/msg/detail/sound__builder.hpp
[6.492s] -- Up-to-date: /home/pacman/tortoisebot_rb/install/turtlebot3_msgs/include/turtlebot3_msgs/turtlebot3_msgs/action
[6.492s] -- Up-to-date: /home/pacman/tortoisebot_rb/install/turtlebot3_msgs/include/turtlebot3_msgs/turtlebot3_msgs/action/detail
[6.492s] -- Installing: /home/pacman/tortoisebot_rb/install/turtlebot3_msgs/include/turtlebot3_msgs/turtlebot3_msgs/action/detail/patrol__traits.hpp
[6.492s] -- Installing: /home/pacman/tortoisebot_rb/install/turtlebot3_msgs/include/turtlebot3_msgs/turtlebot3_msgs/action/detail/patrol__struct.hpp
[6.492s] -- Installing: /home/pacman/tortoisebot_rb/install/turtlebot3_msgs/include/turtlebot3_msgs/turtlebot3_msgs/action/detail/patrol__builder.hpp
[6.492s] -- Installing: /home/pacman/tortoisebot_rb/install/turtlebot3_msgs/include/turtlebot3_msgs/turtlebot3_msgs/action/patrol.hpp
[6.492s] -- Up-to-date: /home/pacman/tortoisebot_rb/install/turtlebot3_msgs/include/turtlebot3_msgs/turtlebot3_msgs
[6.492s] -- Up-to-date: /home/pacman/tortoisebot_rb/install/turtlebot3_msgs/include/turtlebot3_msgs/turtlebot3_msgs/srv
[6.493s] -- Up-to-date: /home/pacman/tortoisebot_rb/install/turtlebot3_msgs/include/turtlebot3_msgs/turtlebot3_msgs/srv/detail
[6.493s] -- Installing: /home/pacman/tortoisebot_rb/install/turtlebot3_msgs/include/turtlebot3_msgs/turtlebot3_msgs/srv/detail/sound__rosidl_typesupport_fastrtps_cpp.hpp
[6.493s] -- Installing: /home/pacman/tortoisebot_rb/install/turtlebot3_msgs/include/turtlebot3_msgs/turtlebot3_msgs/srv/detail/dds_fastrtps
[6.493s] -- Installing: /home/pacman/tortoisebot_rb/install/turtlebot3_msgs/include/turtlebot3_msgs/turtlebot3_msgs/srv/detail/dqn__rosidl_typesupport_fastrtps_cpp.hpp
[6.493s] -- Up-to-date: /home/pacman/tortoisebot_rb/install/turtlebot3_msgs/include/turtlebot3_msgs/turtlebot3_msgs/msg
[6.493s] -- Installing: /home/pacman/tortoisebot_rb/install/turtlebot3_msgs/include/turtlebot3_msgs/turtlebot3_msgs/msg/rosidl_typesupport_fastrtps_cpp__visibility_control.h
[6.493s] -- Up-to-date: /home/pacman/tortoisebot_rb/install/turtlebot3_msgs/include/turtlebot3_msgs/turtlebot3_msgs/msg/detail
[6.493s] -- Installing: /home/pacman/tortoisebot_rb/install/turtlebot3_msgs/include/turtlebot3_msgs/turtlebot3_msgs/msg/detail/version_info__rosidl_typesupport_fastrtps_cpp.hpp
[6.493s] -- Installing: /home/pacman/tortoisebot_rb/install/turtlebot3_msgs/include/turtlebot3_msgs/turtlebot3_msgs/msg/detail/sound__rosidl_typesupport_fastrtps_cpp.hpp
[6.493s] -- Installing: /home/pacman/tortoisebot_rb/install/turtlebot3_msgs/include/turtlebot3_msgs/turtlebot3_msgs/msg/detail/dds_fastrtps
[6.493s] -- Installing: /home/pacman/tortoisebot_rb/install/turtlebot3_msgs/include/turtlebot3_msgs/turtlebot3_msgs/msg/detail/sensor_state__rosidl_typesupport_fastrtps_cpp.hpp
[6.493s] -- Up-to-date: /home/pacman/tortoisebot_rb/install/turtlebot3_msgs/include/turtlebot3_msgs/turtlebot3_msgs/action
[6.493s] -- Up-to-date: /home/pacman/tortoisebot_rb/install/turtlebot3_msgs/include/turtlebot3_msgs/turtlebot3_msgs/action/detail
[6.494s] -- Installing: /home/pacman/tortoisebot_rb/install/turtlebot3_msgs/include/turtlebot3_msgs/turtlebot3_msgs/action/detail/patrol__rosidl_typesupport_fastrtps_cpp.hpp
[6.494s] -- Installing: /home/pacman/tortoisebot_rb/install/turtlebot3_msgs/include/turtlebot3_msgs/turtlebot3_msgs/action/detail/dds_fastrtps
[6.494s] -- Installing: /home/pacman/tortoisebot_rb/install/turtlebot3_msgs/lib/libturtlebot3_msgs__rosidl_typesupport_fastrtps_cpp.so
[6.494s] -- Set runtime path of "/home/pacman/tortoisebot_rb/install/turtlebot3_msgs/lib/libturtlebot3_msgs__rosidl_typesupport_fastrtps_cpp.so" to ""
[6.494s] -- Up-to-date: /home/pacman/tortoisebot_rb/install/turtlebot3_msgs/include/turtlebot3_msgs/turtlebot3_msgs
[6.494s] -- Up-to-date: /home/pacman/tortoisebot_rb/install/turtlebot3_msgs/include/turtlebot3_msgs/turtlebot3_msgs/srv
[6.494s] -- Up-to-date: /home/pacman/tortoisebot_rb/install/turtlebot3_msgs/include/turtlebot3_msgs/turtlebot3_msgs/srv/detail
[6.494s] -- Installing: /home/pacman/tortoisebot_rb/install/turtlebot3_msgs/include/turtlebot3_msgs/turtlebot3_msgs/srv/detail/sound__rosidl_typesupport_introspection_c.h
[6.494s] -- Installing: /home/pacman/tortoisebot_rb/install/turtlebot3_msgs/include/turtlebot3_msgs/turtlebot3_msgs/srv/detail/dqn__rosidl_typesupport_introspection_c.h
[6.494s] -- Installing: /home/pacman/tortoisebot_rb/install/turtlebot3_msgs/include/turtlebot3_msgs/turtlebot3_msgs/srv/detail/dqn__type_support.c
[6.494s] -- Installing: /home/pacman/tortoisebot_rb/install/turtlebot3_msgs/include/turtlebot3_msgs/turtlebot3_msgs/srv/detail/sound__type_support.c
[6.494s] -- Up-to-date: /home/pacman/tortoisebot_rb/install/turtlebot3_msgs/include/turtlebot3_msgs/turtlebot3_msgs/msg
[6.494s] -- Up-to-date: /home/pacman/tortoisebot_rb/install/turtlebot3_msgs/include/turtlebot3_msgs/turtlebot3_msgs/msg/detail
[6.494s] -- Installing: /home/pacman/tortoisebot_rb/install/turtlebot3_msgs/include/turtlebot3_msgs/turtlebot3_msgs/msg/detail/sound__rosidl_typesupport_introspection_c.h
[6.495s] -- Installing: /home/pacman/tortoisebot_rb/install/turtlebot3_msgs/include/turtlebot3_msgs/turtlebot3_msgs/msg/detail/sensor_state__type_support.c
[6.495s] -- Installing: /home/pacman/tortoisebot_rb/install/turtlebot3_msgs/include/turtlebot3_msgs/turtlebot3_msgs/msg/detail/version_info__rosidl_typesupport_introspection_c.h
[6.495s] -- Installing: /home/pacman/tortoisebot_rb/install/turtlebot3_msgs/include/turtlebot3_msgs/turtlebot3_msgs/msg/detail/version_info__type_support.c
[6.495s] -- Installing: /home/pacman/tortoisebot_rb/install/turtlebot3_msgs/include/turtlebot3_msgs/turtlebot3_msgs/msg/detail/sensor_state__rosidl_typesupport_introspection_c.h
[6.495s] -- Installing: /home/pacman/tortoisebot_rb/install/turtlebot3_msgs/include/turtlebot3_msgs/turtlebot3_msgs/msg/detail/sound__type_support.c
[6.495s] -- Installing: /home/pacman/tortoisebot_rb/install/turtlebot3_msgs/include/turtlebot3_msgs/turtlebot3_msgs/msg/rosidl_typesupport_introspection_c__visibility_control.h
[6.495s] -- Up-to-date: /home/pacman/tortoisebot_rb/install/turtlebot3_msgs/include/turtlebot3_msgs/turtlebot3_msgs/action
[6.495s] -- Up-to-date: /home/pacman/tortoisebot_rb/install/turtlebot3_msgs/include/turtlebot3_msgs/turtlebot3_msgs/action/detail
[6.495s] -- Installing: /home/pacman/tortoisebot_rb/install/turtlebot3_msgs/include/turtlebot3_msgs/turtlebot3_msgs/action/detail/patrol__rosidl_typesupport_introspection_c.h
[6.495s] -- Installing: /home/pacman/tortoisebot_rb/install/turtlebot3_msgs/include/turtlebot3_msgs/turtlebot3_msgs/action/detail/patrol__type_support.c
[6.495s] -- Installing: /home/pacman/tortoisebot_rb/install/turtlebot3_msgs/lib/libturtlebot3_msgs__rosidl_typesupport_introspection_c.so
[6.495s] -- Set runtime path of "/home/pacman/tortoisebot_rb/install/turtlebot3_msgs/lib/libturtlebot3_msgs__rosidl_typesupport_introspection_c.so" to ""
[6.495s] -- Installing: /home/pacman/tortoisebot_rb/install/turtlebot3_msgs/lib/libturtlebot3_msgs__rosidl_typesupport_c.so
[6.496s] -- Set runtime path of "/home/pacman/tortoisebot_rb/install/turtlebot3_msgs/lib/libturtlebot3_msgs__rosidl_typesupport_c.so" to ""
[6.496s] -- Up-to-date: /home/pacman/tortoisebot_rb/install/turtlebot3_msgs/include/turtlebot3_msgs/turtlebot3_msgs
[6.496s] -- Up-to-date: /home/pacman/tortoisebot_rb/install/turtlebot3_msgs/include/turtlebot3_msgs/turtlebot3_msgs/srv
[6.496s] -- Up-to-date: /home/pacman/tortoisebot_rb/install/turtlebot3_msgs/include/turtlebot3_msgs/turtlebot3_msgs/srv/detail
[6.496s] -- Installing: /home/pacman/tortoisebot_rb/install/turtlebot3_msgs/include/turtlebot3_msgs/turtlebot3_msgs/srv/detail/dqn__type_support.cpp
[6.496s] -- Installing: /home/pacman/tortoisebot_rb/install/turtlebot3_msgs/include/turtlebot3_msgs/turtlebot3_msgs/srv/detail/sound__type_support.cpp
[6.496s] -- Installing: /home/pacman/tortoisebot_rb/install/turtlebot3_msgs/include/turtlebot3_msgs/turtlebot3_msgs/srv/detail/dqn__rosidl_typesupport_introspection_cpp.hpp
[6.496s] -- Installing: /home/pacman/tortoisebot_rb/install/turtlebot3_msgs/include/turtlebot3_msgs/turtlebot3_msgs/srv/detail/sound__rosidl_typesupport_introspection_cpp.hpp
[6.496s] -- Up-to-date: /home/pacman/tortoisebot_rb/install/turtlebot3_msgs/include/turtlebot3_msgs/turtlebot3_msgs/msg
[6.496s] -- Up-to-date: /home/pacman/tortoisebot_rb/install/turtlebot3_msgs/include/turtlebot3_msgs/turtlebot3_msgs/msg/detail
[6.496s] -- Installing: /home/pacman/tortoisebot_rb/install/turtlebot3_msgs/include/turtlebot3_msgs/turtlebot3_msgs/msg/detail/sensor_state__type_support.cpp
[6.496s] -- Installing: /home/pacman/tortoisebot_rb/install/turtlebot3_msgs/include/turtlebot3_msgs/turtlebot3_msgs/msg/detail/sound__type_support.cpp
[6.496s] -- Installing: /home/pacman/tortoisebot_rb/install/turtlebot3_msgs/include/turtlebot3_msgs/turtlebot3_msgs/msg/detail/version_info__type_support.cpp
[6.496s] -- Installing: /home/pacman/tortoisebot_rb/install/turtlebot3_msgs/include/turtlebot3_msgs/turtlebot3_msgs/msg/detail/version_info__rosidl_typesupport_introspection_cpp.hpp
[6.496s] -- Installing: /home/pacman/tortoisebot_rb/install/turtlebot3_msgs/include/turtlebot3_msgs/turtlebot3_msgs/msg/detail/sensor_state__rosidl_typesupport_introspection_cpp.hpp
[6.496s] -- Installing: /home/pacman/tortoisebot_rb/install/turtlebot3_msgs/include/turtlebot3_msgs/turtlebot3_msgs/msg/detail/sound__rosidl_typesupport_introspection_cpp.hpp
[6.496s] -- Up-to-date: /home/pacman/tortoisebot_rb/install/turtlebot3_msgs/include/turtlebot3_msgs/turtlebot3_msgs/action
[6.496s] -- Up-to-date: /home/pacman/tortoisebot_rb/install/turtlebot3_msgs/include/turtlebot3_msgs/turtlebot3_msgs/action/detail
[6.497s] -- Installing: /home/pacman/tortoisebot_rb/install/turtlebot3_msgs/include/turtlebot3_msgs/turtlebot3_msgs/action/detail/patrol__type_support.cpp
[6.497s] -- Installing: /home/pacman/tortoisebot_rb/install/turtlebot3_msgs/include/turtlebot3_msgs/turtlebot3_msgs/action/detail/patrol__rosidl_typesupport_introspection_cpp.hpp
[6.497s] -- Installing: /home/pacman/tortoisebot_rb/install/turtlebot3_msgs/lib/libturtlebot3_msgs__rosidl_typesupport_introspection_cpp.so
[6.497s] -- Set runtime path of "/home/pacman/tortoisebot_rb/install/turtlebot3_msgs/lib/libturtlebot3_msgs__rosidl_typesupport_introspection_cpp.so" to ""
[6.497s] -- Installing: /home/pacman/tortoisebot_rb/install/turtlebot3_msgs/lib/libturtlebot3_msgs__rosidl_typesupport_cpp.so
[6.497s] -- Set runtime path of "/home/pacman/tortoisebot_rb/install/turtlebot3_msgs/lib/libturtlebot3_msgs__rosidl_typesupport_cpp.so" to ""
[6.497s] -- Installing: /home/pacman/tortoisebot_rb/install/turtlebot3_msgs/share/turtlebot3_msgs/environment/pythonpath.sh
[6.497s] -- Installing: /home/pacman/tortoisebot_rb/install/turtlebot3_msgs/share/turtlebot3_msgs/environment/pythonpath.dsv
[6.497s] -- Installing: /home/pacman/tortoisebot_rb/install/turtlebot3_msgs/local/lib/python3.10/dist-packages/turtlebot3_msgs-2.2.3-py3.10.egg-info
[6.497s] -- Installing: /home/pacman/tortoisebot_rb/install/turtlebot3_msgs/local/lib/python3.10/dist-packages/turtlebot3_msgs-2.2.3-py3.10.egg-info/PKG-INFO
[6.497s] -- Installing: /home/pacman/tortoisebot_rb/install/turtlebot3_msgs/local/lib/python3.10/dist-packages/turtlebot3_msgs-2.2.3-py3.10.egg-info/top_level.txt
[6.497s] -- Installing: /home/pacman/tortoisebot_rb/install/turtlebot3_msgs/local/lib/python3.10/dist-packages/turtlebot3_msgs-2.2.3-py3.10.egg-info/dependency_links.txt
[6.497s] -- Installing: /home/pacman/tortoisebot_rb/install/turtlebot3_msgs/local/lib/python3.10/dist-packages/turtlebot3_msgs-2.2.3-py3.10.egg-info/SOURCES.txt
[6.497s] -- Installing: /home/pacman/tortoisebot_rb/install/turtlebot3_msgs/local/lib/python3.10/dist-packages/turtlebot3_msgs
[6.497s] -- Installing: /home/pacman/tortoisebot_rb/install/turtlebot3_msgs/local/lib/python3.10/dist-packages/turtlebot3_msgs/libturtlebot3_msgs__rosidl_generator_py.so
[6.497s] -- Installing: /home/pacman/tortoisebot_rb/install/turtlebot3_msgs/local/lib/python3.10/dist-packages/turtlebot3_msgs/turtlebot3_msgs_s__rosidl_typesupport_fastrtps_c.cpython-310-x86_64-linux-gnu.so
[6.497s] -- Installing: /home/pacman/tortoisebot_rb/install/turtlebot3_msgs/local/lib/python3.10/dist-packages/turtlebot3_msgs/turtlebot3_msgs_s__rosidl_typesupport_c.cpython-310-x86_64-linux-gnu.so
[6.497s] -- Installing: /home/pacman/tortoisebot_rb/install/turtlebot3_msgs/local/lib/python3.10/dist-packages/turtlebot3_msgs/_turtlebot3_msgs_s.ep.rosidl_typesupport_introspection_c.c
[6.498s] -- Installing: /home/pacman/tortoisebot_rb/install/turtlebot3_msgs/local/lib/python3.10/dist-packages/turtlebot3_msgs/srv
[6.498s] -- Installing: /home/pacman/tortoisebot_rb/install/turtlebot3_msgs/local/lib/python3.10/dist-packages/turtlebot3_msgs/srv/_dqn.py
[6.498s] -- Installing: /home/pacman/tortoisebot_rb/install/turtlebot3_msgs/local/lib/python3.10/dist-packages/turtlebot3_msgs/srv/_sound.py
[6.498s] -- Installing: /home/pacman/tortoisebot_rb/install/turtlebot3_msgs/local/lib/python3.10/dist-packages/turtlebot3_msgs/srv/_sound_s.c
[6.498s] -- Installing: /home/pacman/tortoisebot_rb/install/turtlebot3_msgs/local/lib/python3.10/dist-packages/turtlebot3_msgs/srv/__init__.py
[6.498s] -- Installing: /home/pacman/tortoisebot_rb/install/turtlebot3_msgs/local/lib/python3.10/dist-packages/turtlebot3_msgs/srv/_dqn_s.c
[6.498s] -- Installing: /home/pacman/tortoisebot_rb/install/turtlebot3_msgs/local/lib/python3.10/dist-packages/turtlebot3_msgs/_turtlebot3_msgs_s.ep.rosidl_typesupport_fastrtps_c.c
[6.498s] -- Installing: /home/pacman/tortoisebot_rb/install/turtlebot3_msgs/local/lib/python3.10/dist-packages/turtlebot3_msgs/turtlebot3_msgs_s__rosidl_typesupport_introspection_c.cpython-310-x86_64-linux-gnu.so
[6.498s] -- Installing: /home/pacman/tortoisebot_rb/install/turtlebot3_msgs/local/lib/python3.10/dist-packages/turtlebot3_msgs/_turtlebot3_msgs_s.ep.rosidl_typesupport_c.c
[6.498s] -- Installing: /home/pacman/tortoisebot_rb/install/turtlebot3_msgs/local/lib/python3.10/dist-packages/turtlebot3_msgs/__init__.py
[6.498s] -- Installing: /home/pacman/tortoisebot_rb/install/turtlebot3_msgs/local/lib/python3.10/dist-packages/turtlebot3_msgs/msg
[6.498s] -- Installing: /home/pacman/tortoisebot_rb/install/turtlebot3_msgs/local/lib/python3.10/dist-packages/turtlebot3_msgs/msg/_version_info.py
[6.498s] -- Installing: /home/pacman/tortoisebot_rb/install/turtlebot3_msgs/local/lib/python3.10/dist-packages/turtlebot3_msgs/msg/_sensor_state.py
[6.498s] -- Installing: /home/pacman/tortoisebot_rb/install/turtlebot3_msgs/local/lib/python3.10/dist-packages/turtlebot3_msgs/msg/_sensor_state_s.c
[6.498s] -- Installing: /home/pacman/tortoisebot_rb/install/turtlebot3_msgs/local/lib/python3.10/dist-packages/turtlebot3_msgs/msg/_sound.py
[6.499s] -- Installing: /home/pacman/tortoisebot_rb/install/turtlebot3_msgs/local/lib/python3.10/dist-packages/turtlebot3_msgs/msg/_sound_s.c
[6.499s] -- Installing: /home/pacman/tortoisebot_rb/install/turtlebot3_msgs/local/lib/python3.10/dist-packages/turtlebot3_msgs/msg/_version_info_s.c
[6.499s] -- Installing: /home/pacman/tortoisebot_rb/install/turtlebot3_msgs/local/lib/python3.10/dist-packages/turtlebot3_msgs/msg/__init__.py
[6.499s] -- Installing: /home/pacman/tortoisebot_rb/install/turtlebot3_msgs/local/lib/python3.10/dist-packages/turtlebot3_msgs/action
[6.499s] -- Installing: /home/pacman/tortoisebot_rb/install/turtlebot3_msgs/local/lib/python3.10/dist-packages/turtlebot3_msgs/action/_patrol_s.c
[6.499s] -- Installing: /home/pacman/tortoisebot_rb/install/turtlebot3_msgs/local/lib/python3.10/dist-packages/turtlebot3_msgs/action/__init__.py
[6.499s] -- Installing: /home/pacman/tortoisebot_rb/install/turtlebot3_msgs/local/lib/python3.10/dist-packages/turtlebot3_msgs/action/_patrol.py
[6.529s] Listing '/home/pacman/tortoisebot_rb/install/turtlebot3_msgs/local/lib/python3.10/dist-packages/turtlebot3_msgs'...
[6.529s] Compiling '/home/pacman/tortoisebot_rb/install/turtlebot3_msgs/local/lib/python3.10/dist-packages/turtlebot3_msgs/__init__.py'...
[6.529s] Listing '/home/pacman/tortoisebot_rb/install/turtlebot3_msgs/local/lib/python3.10/dist-packages/turtlebot3_msgs/action'...
[6.529s] Compiling '/home/pacman/tortoisebot_rb/install/turtlebot3_msgs/local/lib/python3.10/dist-packages/turtlebot3_msgs/action/__init__.py'...
[6.529s] Compiling '/home/pacman/tortoisebot_rb/install/turtlebot3_msgs/local/lib/python3.10/dist-packages/turtlebot3_msgs/action/_patrol.py'...
[6.530s] Listing '/home/pacman/tortoisebot_rb/install/turtlebot3_msgs/local/lib/python3.10/dist-packages/turtlebot3_msgs/msg'...
[6.530s] Compiling '/home/pacman/tortoisebot_rb/install/turtlebot3_msgs/local/lib/python3.10/dist-packages/turtlebot3_msgs/msg/__init__.py'...
[6.530s] Compiling '/home/pacman/tortoisebot_rb/install/turtlebot3_msgs/local/lib/python3.10/dist-packages/turtlebot3_msgs/msg/_sensor_state.py'...
[6.530s] Compiling '/home/pacman/tortoisebot_rb/install/turtlebot3_msgs/local/lib/python3.10/dist-packages/turtlebot3_msgs/msg/_sound.py'...
[6.530s] Compiling '/home/pacman/tortoisebot_rb/install/turtlebot3_msgs/local/lib/python3.10/dist-packages/turtlebot3_msgs/msg/_version_info.py'...
[6.530s] Listing '/home/pacman/tortoisebot_rb/install/turtlebot3_msgs/local/lib/python3.10/dist-packages/turtlebot3_msgs/srv'...
[6.530s] Compiling '/home/pacman/tortoisebot_rb/install/turtlebot3_msgs/local/lib/python3.10/dist-packages/turtlebot3_msgs/srv/__init__.py'...
[6.530s] Compiling '/home/pacman/tortoisebot_rb/install/turtlebot3_msgs/local/lib/python3.10/dist-packages/turtlebot3_msgs/srv/_dqn.py'...
[6.530s] Compiling '/home/pacman/tortoisebot_rb/install/turtlebot3_msgs/local/lib/python3.10/dist-packages/turtlebot3_msgs/srv/_sound.py'...
[6.533s] -- Installing: /home/pacman/tortoisebot_rb/install/turtlebot3_msgs/local/lib/python3.10/dist-packages/turtlebot3_msgs/turtlebot3_msgs_s__rosidl_typesupport_fastrtps_c.cpython-310-x86_64-linux-gnu.so
[6.533s] -- Set runtime path of "/home/pacman/tortoisebot_rb/install/turtlebot3_msgs/local/lib/python3.10/dist-packages/turtlebot3_msgs/turtlebot3_msgs_s__rosidl_typesupport_fastrtps_c.cpython-310-x86_64-linux-gnu.so" to ""
[6.533s] -- Installing: /home/pacman/tortoisebot_rb/install/turtlebot3_msgs/local/lib/python3.10/dist-packages/turtlebot3_msgs/turtlebot3_msgs_s__rosidl_typesupport_introspection_c.cpython-310-x86_64-linux-gnu.so
[6.533s] -- Set runtime path of "/home/pacman/tortoisebot_rb/install/turtlebot3_msgs/local/lib/python3.10/dist-packages/turtlebot3_msgs/turtlebot3_msgs_s__rosidl_typesupport_introspection_c.cpython-310-x86_64-linux-gnu.so" to ""
[6.534s] -- Installing: /home/pacman/tortoisebot_rb/install/turtlebot3_msgs/local/lib/python3.10/dist-packages/turtlebot3_msgs/turtlebot3_msgs_s__rosidl_typesupport_c.cpython-310-x86_64-linux-gnu.so
[6.534s] -- Set runtime path of "/home/pacman/tortoisebot_rb/install/turtlebot3_msgs/local/lib/python3.10/dist-packages/turtlebot3_msgs/turtlebot3_msgs_s__rosidl_typesupport_c.cpython-310-x86_64-linux-gnu.so" to ""
[6.534s] -- Installing: /home/pacman/tortoisebot_rb/install/turtlebot3_msgs/lib/libturtlebot3_msgs__rosidl_generator_py.so
[6.534s] -- Set runtime path of "/home/pacman/tortoisebot_rb/install/turtlebot3_msgs/lib/libturtlebot3_msgs__rosidl_generator_py.so" to ""
[6.534s] -- Installing: /home/pacman/tortoisebot_rb/install/turtlebot3_msgs/share/turtlebot3_msgs/msg/SensorState.idl
[6.534s] -- Installing: /home/pacman/tortoisebot_rb/install/turtlebot3_msgs/share/turtlebot3_msgs/msg/Sound.idl
[6.534s] -- Installing: /home/pacman/tortoisebot_rb/install/turtlebot3_msgs/share/turtlebot3_msgs/msg/VersionInfo.idl
[6.534s] -- Installing: /home/pacman/tortoisebot_rb/install/turtlebot3_msgs/share/turtlebot3_msgs/srv/Sound.idl
[6.534s] -- Installing: /home/pacman/tortoisebot_rb/install/turtlebot3_msgs/share/turtlebot3_msgs/srv/Dqn.idl
[6.535s] -- Installing: /home/pacman/tortoisebot_rb/install/turtlebot3_msgs/share/turtlebot3_msgs/action/Patrol.idl
[6.535s] -- Installing: /home/pacman/tortoisebot_rb/install/turtlebot3_msgs/share/turtlebot3_msgs/msg/SensorState.msg
[6.535s] -- Installing: /home/pacman/tortoisebot_rb/install/turtlebot3_msgs/share/turtlebot3_msgs/msg/Sound.msg
[6.535s] -- Installing: /home/pacman/tortoisebot_rb/install/turtlebot3_msgs/share/turtlebot3_msgs/msg/VersionInfo.msg
[6.535s] -- Installing: /home/pacman/tortoisebot_rb/install/turtlebot3_msgs/share/turtlebot3_msgs/srv/Sound.srv
[6.535s] -- Installing: /home/pacman/tortoisebot_rb/install/turtlebot3_msgs/share/turtlebot3_msgs/srv/Sound_Request.msg
[6.535s] -- Installing: /home/pacman/tortoisebot_rb/install/turtlebot3_msgs/share/turtlebot3_msgs/srv/Sound_Response.msg
[6.535s] -- Installing: /home/pacman/tortoisebot_rb/install/turtlebot3_msgs/share/turtlebot3_msgs/srv/Dqn.srv
[6.535s] -- Installing: /home/pacman/tortoisebot_rb/install/turtlebot3_msgs/share/turtlebot3_msgs/srv/Dqn_Request.msg
[6.535s] -- Installing: /home/pacman/tortoisebot_rb/install/turtlebot3_msgs/share/turtlebot3_msgs/srv/Dqn_Response.msg
[6.535s] -- Installing: /home/pacman/tortoisebot_rb/install/turtlebot3_msgs/share/turtlebot3_msgs/action/Patrol.action
[6.535s] -- Installing: /home/pacman/tortoisebot_rb/install/turtlebot3_msgs/share/ament_index/resource_index/package_run_dependencies/turtlebot3_msgs
[6.535s] -- Installing: /home/pacman/tortoisebot_rb/install/turtlebot3_msgs/share/ament_index/resource_index/parent_prefix_path/turtlebot3_msgs
[6.536s] -- Installing: /home/pacman/tortoisebot_rb/install/turtlebot3_msgs/share/turtlebot3_msgs/environment/ament_prefix_path.sh
[6.536s] -- Installing: /home/pacman/tortoisebot_rb/install/turtlebot3_msgs/share/turtlebot3_msgs/environment/ament_prefix_path.dsv
[6.536s] -- Installing: /home/pacman/tortoisebot_rb/install/turtlebot3_msgs/share/turtlebot3_msgs/environment/path.sh
[6.536s] -- Installing: /home/pacman/tortoisebot_rb/install/turtlebot3_msgs/share/turtlebot3_msgs/environment/path.dsv
[6.536s] -- Installing: /home/pacman/tortoisebot_rb/install/turtlebot3_msgs/share/turtlebot3_msgs/local_setup.bash
[6.536s] -- Installing: /home/pacman/tortoisebot_rb/install/turtlebot3_msgs/share/turtlebot3_msgs/local_setup.sh
[6.536s] -- Installing: /home/pacman/tortoisebot_rb/install/turtlebot3_msgs/share/turtlebot3_msgs/local_setup.zsh
[6.536s] -- Installing: /home/pacman/tortoisebot_rb/install/turtlebot3_msgs/share/turtlebot3_msgs/local_setup.dsv
[6.536s] -- Installing: /home/pacman/tortoisebot_rb/install/turtlebot3_msgs/share/turtlebot3_msgs/package.dsv
[6.536s] -- Installing: /home/pacman/tortoisebot_rb/install/turtlebot3_msgs/share/ament_index/resource_index/packages/turtlebot3_msgs
[6.536s] -- Installing: /home/pacman/tortoisebot_rb/install/turtlebot3_msgs/share/turtlebot3_msgs/cmake/export_turtlebot3_msgs__rosidl_generator_cExport.cmake
[6.536s] -- Installing: /home/pacman/tortoisebot_rb/install/turtlebot3_msgs/share/turtlebot3_msgs/cmake/export_turtlebot3_msgs__rosidl_generator_cExport-noconfig.cmake
[6.536s] -- Installing: /home/pacman/tortoisebot_rb/install/turtlebot3_msgs/share/turtlebot3_msgs/cmake/export_turtlebot3_msgs__rosidl_typesupport_fastrtps_cExport.cmake
[6.537s] -- Installing: /home/pacman/tortoisebot_rb/install/turtlebot3_msgs/share/turtlebot3_msgs/cmake/export_turtlebot3_msgs__rosidl_typesupport_fastrtps_cExport-noconfig.cmake
[6.537s] -- Installing: /home/pacman/tortoisebot_rb/install/turtlebot3_msgs/share/turtlebot3_msgs/cmake/export_turtlebot3_msgs__rosidl_generator_cppExport.cmake
[6.537s] -- Installing: /home/pacman/tortoisebot_rb/install/turtlebot3_msgs/share/turtlebot3_msgs/cmake/export_turtlebot3_msgs__rosidl_typesupport_fastrtps_cppExport.cmake
[6.537s] -- Installing: /home/pacman/tortoisebot_rb/install/turtlebot3_msgs/share/turtlebot3_msgs/cmake/export_turtlebot3_msgs__rosidl_typesupport_fastrtps_cppExport-noconfig.cmake
[6.537s] -- Installing: /home/pacman/tortoisebot_rb/install/turtlebot3_msgs/share/turtlebot3_msgs/cmake/turtlebot3_msgs__rosidl_typesupport_introspection_cExport.cmake
[6.537s] -- Installing: /home/pacman/tortoisebot_rb/install/turtlebot3_msgs/share/turtlebot3_msgs/cmake/turtlebot3_msgs__rosidl_typesupport_introspection_cExport-noconfig.cmake
[6.537s] -- Installing: /home/pacman/tortoisebot_rb/install/turtlebot3_msgs/share/turtlebot3_msgs/cmake/turtlebot3_msgs__rosidl_typesupport_cExport.cmake
[6.537s] -- Installing: /home/pacman/tortoisebot_rb/install/turtlebot3_msgs/share/turtlebot3_msgs/cmake/turtlebot3_msgs__rosidl_typesupport_cExport-noconfig.cmake
[6.537s] -- Installing: /home/pacman/tortoisebot_rb/install/turtlebot3_msgs/share/turtlebot3_msgs/cmake/turtlebot3_msgs__rosidl_typesupport_introspection_cppExport.cmake
[6.537s] -- Installing: /home/pacman/tortoisebot_rb/install/turtlebot3_msgs/share/turtlebot3_msgs/cmake/turtlebot3_msgs__rosidl_typesupport_introspection_cppExport-noconfig.cmake
[6.537s] -- Installing: /home/pacman/tortoisebot_rb/install/turtlebot3_msgs/share/turtlebot3_msgs/cmake/turtlebot3_msgs__rosidl_typesupport_cppExport.cmake
[6.537s] -- Installing: /home/pacman/tortoisebot_rb/install/turtlebot3_msgs/share/turtlebot3_msgs/cmake/turtlebot3_msgs__rosidl_typesupport_cppExport-noconfig.cmake
[6.537s] -- Installing: /home/pacman/tortoisebot_rb/install/turtlebot3_msgs/share/turtlebot3_msgs/cmake/export_turtlebot3_msgs__rosidl_generator_pyExport.cmake
[6.538s] -- Installing: /home/pacman/tortoisebot_rb/install/turtlebot3_msgs/share/turtlebot3_msgs/cmake/export_turtlebot3_msgs__rosidl_generator_pyExport-noconfig.cmake
[6.538s] -- Installing: /home/pacman/tortoisebot_rb/install/turtlebot3_msgs/share/turtlebot3_msgs/cmake/rosidl_cmake-extras.cmake
[6.538s] -- Installing: /home/pacman/tortoisebot_rb/install/turtlebot3_msgs/share/turtlebot3_msgs/cmake/ament_cmake_export_dependencies-extras.cmake
[6.538s] -- Installing: /home/pacman/tortoisebot_rb/install/turtlebot3_msgs/share/turtlebot3_msgs/cmake/ament_cmake_export_include_directories-extras.cmake
[6.538s] -- Installing: /home/pacman/tortoisebot_rb/install/turtlebot3_msgs/share/turtlebot3_msgs/cmake/ament_cmake_export_libraries-extras.cmake
[6.538s] -- Installing: /home/pacman/tortoisebot_rb/install/turtlebot3_msgs/share/turtlebot3_msgs/cmake/ament_cmake_export_targets-extras.cmake
[6.538s] -- Installing: /home/pacman/tortoisebot_rb/install/turtlebot3_msgs/share/turtlebot3_msgs/cmake/rosidl_cmake_export_typesupport_targets-extras.cmake
[6.538s] -- Installing: /home/pacman/tortoisebot_rb/install/turtlebot3_msgs/share/turtlebot3_msgs/cmake/rosidl_cmake_export_typesupport_libraries-extras.cmake
[6.538s] -- Installing: /home/pacman/tortoisebot_rb/install/turtlebot3_msgs/share/turtlebot3_msgs/cmake/turtlebot3_msgsConfig.cmake
[6.538s] -- Installing: /home/pacman/tortoisebot_rb/install/turtlebot3_msgs/share/turtlebot3_msgs/cmake/turtlebot3_msgsConfig-version.cmake
[6.538s] -- Installing: /home/pacman/tortoisebot_rb/install/turtlebot3_msgs/share/turtlebot3_msgs/package.xml
[6.539s] Invoked command in '/home/pacman/tortoisebot_rb/build/turtlebot3_msgs' returned '0': CMAKE_PREFIX_PATH=${CMAKE_PREFIX_PATH}:/home/pacman/tortoisebot_rb/install/turtlebot3_teleop:/home/pacman/tortoisebot_rb/install/tortoisebot_slam:/home/pacman/tortoisebot_rb/install/tortoisebot_navigation:/home/pacman/tortoisebot_rb/install/tortoisebot_imu:/home/pacman/tortoisebot_rb/install/tortoisebot_control:/opt/ros/humble /usr/bin/cmake --install /home/pacman/tortoisebot_rb/build/turtlebot3_msgs
