[0.160s] Invoking command in '/home/duck_sh/Mobile-Swarm-Navigation/build/turtlebot3_xacro': CMAKE_PREFIX_PATH=${CMAKE_PREFIX_PATH}:/home/duck_sh/ros2_ws/install/my_py_pkg:/home/duck_sh/turtlebot3_manipulation-humble-devel/install/ros2_controllers_test_nodes:/opt/ros/humble /usr/bin/cmake /home/duck_sh/Mobile-Swarm-Navigation/src/turtlebot3_xacro -DCMAKE_INSTALL_PREFIX=/home/duck_sh/Mobile-Swarm-Navigation/install/turtlebot3_xacro
[0.204s] -- The C compiler identification is GNU 11.4.0
[0.241s] -- The CXX compiler identification is GNU 11.4.0
[0.247s] -- Detecting C compiler ABI info
[0.302s] -- Detecting C compiler ABI info - done
[0.309s] -- Check for working C compiler: /usr/bin/cc - skipped
[0.310s] -- Detecting C compile features
[0.310s] -- Detecting C compile features - done
[0.312s] -- Detecting CXX compiler ABI info
[0.371s] -- Detecting CXX compiler ABI info - done
[0.376s] -- Check for working CXX compiler: /usr/bin/c++ - skipped
[0.376s] -- Detecting CXX compile features
[0.376s] -- Detecting CXX compile features - done
[0.379s] -- Found ament_cmake: 1.3.10 (/opt/ros/humble/share/ament_cmake/cmake)
[0.516s] -- Found Python3: /usr/bin/python3 (found version "3.10.12") found components: Interpreter 
[0.631s] -- Found ament_lint_auto: 0.12.11 (/opt/ros/humble/share/ament_lint_auto/cmake)
[0.711s] -- Added test 'flake8' to check Python code syntax and style conventions
[0.712s] -- Added test 'lint_cmake' to check CMake code style
[0.713s] -- Added test 'pep257' to check Python code against some of the docstring style conventions in PEP 257
[0.715s] -- Added test 'xmllint' to check XML markup files
[0.716s] -- Configuring done
[0.719s] -- Generating done
[0.720s] -- Build files have been written to: /home/duck_sh/Mobile-Swarm-Navigation/build/turtlebot3_xacro
[0.729s] Invoked command in '/home/duck_sh/Mobile-Swarm-Navigation/build/turtlebot3_xacro' returned '0': CMAKE_PREFIX_PATH=${CMAKE_PREFIX_PATH}:/home/duck_sh/ros2_ws/install/my_py_pkg:/home/duck_sh/turtlebot3_manipulation-humble-devel/install/ros2_controllers_test_nodes:/opt/ros/humble /usr/bin/cmake /home/duck_sh/Mobile-Swarm-Navigation/src/turtlebot3_xacro -DCMAKE_INSTALL_PREFIX=/home/duck_sh/Mobile-Swarm-Navigation/install/turtlebot3_xacro
[0.730s] Invoking command in '/home/duck_sh/Mobile-Swarm-Navigation/build/turtlebot3_xacro': CMAKE_PREFIX_PATH=${CMAKE_PREFIX_PATH}:/home/duck_sh/ros2_ws/install/my_py_pkg:/home/duck_sh/turtlebot3_manipulation-humble-devel/install/ros2_controllers_test_nodes:/opt/ros/humble /usr/bin/cmake --build /home/duck_sh/Mobile-Swarm-Navigation/build/turtlebot3_xacro -- -j32 -l32
[0.758s] Invoked command in '/home/duck_sh/Mobile-Swarm-Navigation/build/turtlebot3_xacro' returned '0': CMAKE_PREFIX_PATH=${CMAKE_PREFIX_PATH}:/home/duck_sh/ros2_ws/install/my_py_pkg:/home/duck_sh/turtlebot3_manipulation-humble-devel/install/ros2_controllers_test_nodes:/opt/ros/humble /usr/bin/cmake --build /home/duck_sh/Mobile-Swarm-Navigation/build/turtlebot3_xacro -- -j32 -l32
[0.788s] Invoking command in '/home/duck_sh/Mobile-Swarm-Navigation/build/turtlebot3_xacro': CMAKE_PREFIX_PATH=${CMAKE_PREFIX_PATH}:/home/duck_sh/ros2_ws/install/my_py_pkg:/home/duck_sh/turtlebot3_manipulation-humble-devel/install/ros2_controllers_test_nodes:/opt/ros/humble /usr/bin/cmake --install /home/duck_sh/Mobile-Swarm-Navigation/build/turtlebot3_xacro
[0.795s] -- Install configuration: ""
[0.795s] -- Installing: /home/duck_sh/Mobile-Swarm-Navigation/install/turtlebot3_xacro/share/turtlebot3_xacro/launch
[0.795s] -- Installing: /home/duck_sh/Mobile-Swarm-Navigation/install/turtlebot3_xacro/share/turtlebot3_xacro/launch/cam_launch.py
[0.795s] -- Installing: /home/duck_sh/Mobile-Swarm-Navigation/install/turtlebot3_xacro/share/turtlebot3_xacro/launch/Twist.yaml
[0.796s] -- Installing: /home/duck_sh/Mobile-Swarm-Navigation/install/turtlebot3_xacro/share/turtlebot3_xacro/launch/rviz_launch.py
[0.796s] -- Installing: /home/duck_sh/Mobile-Swarm-Navigation/install/turtlebot3_xacro/share/turtlebot3_xacro/launch/upload_launch.py
[0.796s] -- Installing: /home/duck_sh/Mobile-Swarm-Navigation/install/turtlebot3_xacro/share/turtlebot3_xacro/launch/world_launch.py
[0.796s] -- Installing: /home/duck_sh/Mobile-Swarm-Navigation/install/turtlebot3_xacro/share/turtlebot3_xacro/launch/bringup_launch.py
[0.796s] -- Installing: /home/duck_sh/Mobile-Swarm-Navigation/install/turtlebot3_xacro/share/turtlebot3_xacro/launch/manual_launch.py
[0.797s] -- Installing: /home/duck_sh/Mobile-Swarm-Navigation/install/turtlebot3_xacro/share/turtlebot3_xacro/launch/description_launch.py
[0.797s] -- Installing: /home/duck_sh/Mobile-Swarm-Navigation/install/turtlebot3_xacro/share/turtlebot3_xacro/config
[0.797s] -- Installing: /home/duck_sh/Mobile-Swarm-Navigation/install/turtlebot3_xacro/share/turtlebot3_xacro/config/pi_camera.yaml
[0.798s] -- Installing: /home/duck_sh/Mobile-Swarm-Navigation/install/turtlebot3_xacro/share/turtlebot3_xacro/config/ekf.yaml
[0.799s] -- Installing: /home/duck_sh/Mobile-Swarm-Navigation/install/turtlebot3_xacro/share/turtlebot3_xacro/config/model.rviz
[0.799s] -- Installing: /home/duck_sh/Mobile-Swarm-Navigation/install/turtlebot3_xacro/share/turtlebot3_xacro/meshes
[0.799s] -- Installing: /home/duck_sh/Mobile-Swarm-Navigation/install/turtlebot3_xacro/share/turtlebot3_xacro/meshes/sensors
[0.799s] -- Installing: /home/duck_sh/Mobile-Swarm-Navigation/install/turtlebot3_xacro/share/turtlebot3_xacro/meshes/sensors/astra.jpg
[0.799s] -- Installing: /home/duck_sh/Mobile-Swarm-Navigation/install/turtlebot3_xacro/share/turtlebot3_xacro/meshes/sensors/r200.jpg
[0.800s] -- Installing: /home/duck_sh/Mobile-Swarm-Navigation/install/turtlebot3_xacro/share/turtlebot3_xacro/meshes/sensors/astra.dae
[0.812s] -- Installing: /home/duck_sh/Mobile-Swarm-Navigation/install/turtlebot3_xacro/share/turtlebot3_xacro/meshes/sensors/r200.dae
[0.813s] -- Installing: /home/duck_sh/Mobile-Swarm-Navigation/install/turtlebot3_xacro/share/turtlebot3_xacro/meshes/sensors/lds.stl
[0.814s] -- Installing: /home/duck_sh/Mobile-Swarm-Navigation/install/turtlebot3_xacro/share/turtlebot3_xacro/meshes/wheels
[0.814s] -- Installing: /home/duck_sh/Mobile-Swarm-Navigation/install/turtlebot3_xacro/share/turtlebot3_xacro/meshes/wheels/right_tire.stl
[0.815s] -- Installing: /home/duck_sh/Mobile-Swarm-Navigation/install/turtlebot3_xacro/share/turtlebot3_xacro/meshes/wheels/left_tire.stl
[0.818s] -- Installing: /home/duck_sh/Mobile-Swarm-Navigation/install/turtlebot3_xacro/share/turtlebot3_xacro/meshes/bases
[0.818s] -- Installing: /home/duck_sh/Mobile-Swarm-Navigation/install/turtlebot3_xacro/share/turtlebot3_xacro/meshes/bases/waffle_pi_base.stl
[0.830s] -- Installing: /home/duck_sh/Mobile-Swarm-Navigation/install/turtlebot3_xacro/share/turtlebot3_xacro/meshes/bases/waffle_base.stl
[0.854s] -- Installing: /home/duck_sh/Mobile-Swarm-Navigation/install/turtlebot3_xacro/share/turtlebot3_xacro/meshes/bases/burger_base.stl
[0.860s] -- Installing: /home/duck_sh/Mobile-Swarm-Navigation/install/turtlebot3_xacro/share/turtlebot3_xacro/urdf
[0.861s] -- Installing: /home/duck_sh/Mobile-Swarm-Navigation/install/turtlebot3_xacro/share/turtlebot3_xacro/urdf/turtlebot3_waffle_pi.urdf.xacro
[0.861s] -- Installing: /home/duck_sh/Mobile-Swarm-Navigation/install/turtlebot3_xacro/share/turtlebot3_xacro/urdf/turtlebot3_burger.urdf.xacro
[0.861s] -- Installing: /home/duck_sh/Mobile-Swarm-Navigation/install/turtlebot3_xacro/share/turtlebot3_xacro/urdf/common_properties.urdf
[0.861s] -- Installing: /home/duck_sh/Mobile-Swarm-Navigation/install/turtlebot3_xacro/share/turtlebot3_xacro/urdf/turtlebot3_gazebo.xacro
[0.861s] -- Installing: /home/duck_sh/Mobile-Swarm-Navigation/install/turtlebot3_xacro/share/turtlebot3_xacro/urdf/turtlebot3_gazebo_orig.xacro
[0.862s] -- Installing: /home/duck_sh/Mobile-Swarm-Navigation/install/turtlebot3_xacro/share/turtlebot3_xacro/urdf/turtlebot3_world.sdf
[0.862s] -- Installing: /home/duck_sh/Mobile-Swarm-Navigation/install/turtlebot3_xacro/share/turtlebot3_xacro/urdf/common_properties.xacro
[0.862s] -- Installing: /home/duck_sh/Mobile-Swarm-Navigation/install/turtlebot3_xacro/share/ament_index/resource_index/package_run_dependencies/turtlebot3_xacro
[0.862s] -- Installing: /home/duck_sh/Mobile-Swarm-Navigation/install/turtlebot3_xacro/share/ament_index/resource_index/parent_prefix_path/turtlebot3_xacro
[0.862s] -- Installing: /home/duck_sh/Mobile-Swarm-Navigation/install/turtlebot3_xacro/share/turtlebot3_xacro/environment/ament_prefix_path.sh
[0.862s] -- Installing: /home/duck_sh/Mobile-Swarm-Navigation/install/turtlebot3_xacro/share/turtlebot3_xacro/environment/ament_prefix_path.dsv
[0.862s] -- Installing: /home/duck_sh/Mobile-Swarm-Navigation/install/turtlebot3_xacro/share/turtlebot3_xacro/environment/path.sh
[0.862s] -- Installing: /home/duck_sh/Mobile-Swarm-Navigation/install/turtlebot3_xacro/share/turtlebot3_xacro/environment/path.dsv
[0.862s] -- Installing: /home/duck_sh/Mobile-Swarm-Navigation/install/turtlebot3_xacro/share/turtlebot3_xacro/local_setup.bash
[0.862s] -- Installing: /home/duck_sh/Mobile-Swarm-Navigation/install/turtlebot3_xacro/share/turtlebot3_xacro/local_setup.sh
[0.862s] -- Installing: /home/duck_sh/Mobile-Swarm-Navigation/install/turtlebot3_xacro/share/turtlebot3_xacro/local_setup.zsh
[0.863s] -- Installing: /home/duck_sh/Mobile-Swarm-Navigation/install/turtlebot3_xacro/share/turtlebot3_xacro/local_setup.dsv
[0.863s] -- Installing: /home/duck_sh/Mobile-Swarm-Navigation/install/turtlebot3_xacro/share/turtlebot3_xacro/package.dsv
[0.863s] -- Installing: /home/duck_sh/Mobile-Swarm-Navigation/install/turtlebot3_xacro/share/ament_index/resource_index/packages/turtlebot3_xacro
[0.863s] -- Installing: /home/duck_sh/Mobile-Swarm-Navigation/install/turtlebot3_xacro/share/turtlebot3_xacro/cmake/turtlebot3_xacroConfig.cmake
[0.863s] -- Installing: /home/duck_sh/Mobile-Swarm-Navigation/install/turtlebot3_xacro/share/turtlebot3_xacro/cmake/turtlebot3_xacroConfig-version.cmake
[0.863s] -- Installing: /home/duck_sh/Mobile-Swarm-Navigation/install/turtlebot3_xacro/share/turtlebot3_xacro/package.xml
[0.867s] Invoked command in '/home/duck_sh/Mobile-Swarm-Navigation/build/turtlebot3_xacro' returned '0': CMAKE_PREFIX_PATH=${CMAKE_PREFIX_PATH}:/home/duck_sh/ros2_ws/install/my_py_pkg:/home/duck_sh/turtlebot3_manipulation-humble-devel/install/ros2_controllers_test_nodes:/opt/ros/humble /usr/bin/cmake --install /home/duck_sh/Mobile-Swarm-Navigation/build/turtlebot3_xacro
