[0.035s] Invoking command in '/home/duck_sh/Mobile-Swarm-Navigation/build/dynamixel_sdk': CMAKE_PREFIX_PATH=${CMAKE_PREFIX_PATH}:/home/duck_sh/Mobile-Swarm-Navigation/install/turtlebot3_teleop:/home/duck_sh/Mobile-Swarm-Navigation/install/turtlebot3_example:/home/duck_sh/ros2_ws/install/my_py_pkg:/home/duck_sh/turtlebot3_manipulation-humble-devel/install/ros2_controllers_test_nodes:/opt/ros/humble /usr/bin/cmake /home/duck_sh/Mobile-Swarm-Navigation/src/utils/DynamixelSDK/dynamixel_sdk -DCMAKE_INSTALL_PREFIX=/home/duck_sh/Mobile-Swarm-Navigation/install/dynamixel_sdk
[0.247s] -- The C compiler identification is GNU 11.4.0
[0.248s] -- The CXX compiler identification is GNU 11.4.0
[0.248s] -- Detecting C compiler ABI info
[0.248s] -- Detecting C compiler ABI info - done
[0.248s] -- Check for working C compiler: /usr/bin/cc - skipped
[0.248s] -- Detecting C compile features
[0.248s] -- Detecting C compile features - done
[0.248s] -- Detecting CXX compiler ABI info
[0.248s] -- Detecting CXX compiler ABI info - done
[0.248s] -- Check for working CXX compiler: /usr/bin/c++ - skipped
[0.248s] -- Detecting CXX compile features
[0.248s] -- Detecting CXX compile features - done
[0.252s] -- Found ament_cmake: 1.3.10 (/opt/ros/humble/share/ament_cmake/cmake)
[0.386s] -- Found Python3: /usr/bin/python3 (found version "3.10.12") found components: Interpreter 
[0.553s] -- Configuring done
[0.559s] -- Generating done
[0.560s] -- Build files have been written to: /home/duck_sh/Mobile-Swarm-Navigation/build/dynamixel_sdk
[0.565s] Invoked command in '/home/duck_sh/Mobile-Swarm-Navigation/build/dynamixel_sdk' returned '0': CMAKE_PREFIX_PATH=${CMAKE_PREFIX_PATH}:/home/duck_sh/Mobile-Swarm-Navigation/install/turtlebot3_teleop:/home/duck_sh/Mobile-Swarm-Navigation/install/turtlebot3_example:/home/duck_sh/ros2_ws/install/my_py_pkg:/home/duck_sh/turtlebot3_manipulation-humble-devel/install/ros2_controllers_test_nodes:/opt/ros/humble /usr/bin/cmake /home/duck_sh/Mobile-Swarm-Navigation/src/utils/DynamixelSDK/dynamixel_sdk -DCMAKE_INSTALL_PREFIX=/home/duck_sh/Mobile-Swarm-Navigation/install/dynamixel_sdk
[0.567s] Invoking command in '/home/duck_sh/Mobile-Swarm-Navigation/build/dynamixel_sdk': CMAKE_PREFIX_PATH=${CMAKE_PREFIX_PATH}:/home/duck_sh/Mobile-Swarm-Navigation/install/turtlebot3_teleop:/home/duck_sh/Mobile-Swarm-Navigation/install/turtlebot3_example:/home/duck_sh/ros2_ws/install/my_py_pkg:/home/duck_sh/turtlebot3_manipulation-humble-devel/install/ros2_controllers_test_nodes:/opt/ros/humble /usr/bin/cmake --build /home/duck_sh/Mobile-Swarm-Navigation/build/dynamixel_sdk -- -j32 -l32
[0.615s] [ 20%] [32mBuilding CXX object CMakeFiles/dynamixel_sdk.dir/src/dynamixel_sdk/group_sync_write.cpp.o[0m
[0.615s] [ 20%] [32mBuilding CXX object CMakeFiles/dynamixel_sdk.dir/src/dynamixel_sdk/group_bulk_read.cpp.o[0m
[0.615s] [ 30%] [32mBuilding CXX object CMakeFiles/dynamixel_sdk.dir/src/dynamixel_sdk/group_sync_read.cpp.o[0m
[0.615s] [ 40%] [32mBuilding CXX object CMakeFiles/dynamixel_sdk.dir/src/dynamixel_sdk/protocol1_packet_handler.cpp.o[0m
[0.616s] [ 50%] [32mBuilding CXX object CMakeFiles/dynamixel_sdk.dir/src/dynamixel_sdk/group_bulk_write.cpp.o[0m
[0.617s] [ 60%] [32mBuilding CXX object CMakeFiles/dynamixel_sdk.dir/src/dynamixel_sdk/packet_handler.cpp.o[0m
[0.617s] [ 70%] [32mBuilding CXX object CMakeFiles/dynamixel_sdk.dir/src/dynamixel_sdk/protocol2_packet_handler.cpp.o[0m
[0.620s] [ 80%] [32mBuilding CXX object CMakeFiles/dynamixel_sdk.dir/src/dynamixel_sdk/port_handler.cpp.o[0m
[0.621s] [ 90%] [32mBuilding CXX object CMakeFiles/dynamixel_sdk.dir/src/dynamixel_sdk/port_handler_linux.cpp.o[0m
[1.016s] [100%] [32m[1mLinking CXX shared library libdynamixel_sdk.so[0m
[1.100s] [100%] Built target dynamixel_sdk
[1.112s] Invoked command in '/home/duck_sh/Mobile-Swarm-Navigation/build/dynamixel_sdk' returned '0': CMAKE_PREFIX_PATH=${CMAKE_PREFIX_PATH}:/home/duck_sh/Mobile-Swarm-Navigation/install/turtlebot3_teleop:/home/duck_sh/Mobile-Swarm-Navigation/install/turtlebot3_example:/home/duck_sh/ros2_ws/install/my_py_pkg:/home/duck_sh/turtlebot3_manipulation-humble-devel/install/ros2_controllers_test_nodes:/opt/ros/humble /usr/bin/cmake --build /home/duck_sh/Mobile-Swarm-Navigation/build/dynamixel_sdk -- -j32 -l32
[1.164s] Invoking command in '/home/duck_sh/Mobile-Swarm-Navigation/build/dynamixel_sdk': CMAKE_PREFIX_PATH=${CMAKE_PREFIX_PATH}:/home/duck_sh/Mobile-Swarm-Navigation/install/turtlebot3_teleop:/home/duck_sh/Mobile-Swarm-Navigation/install/turtlebot3_example:/home/duck_sh/ros2_ws/install/my_py_pkg:/home/duck_sh/turtlebot3_manipulation-humble-devel/install/ros2_controllers_test_nodes:/opt/ros/humble /usr/bin/cmake --install /home/duck_sh/Mobile-Swarm-Navigation/build/dynamixel_sdk
[1.170s] -- Install configuration: ""
[1.170s] -- Installing: /home/duck_sh/Mobile-Swarm-Navigation/install/dynamixel_sdk/include/
[1.170s] -- Installing: /home/duck_sh/Mobile-Swarm-Navigation/install/dynamixel_sdk/include//dynamixel_sdk
[1.170s] -- Installing: /home/duck_sh/Mobile-Swarm-Navigation/install/dynamixel_sdk/include//dynamixel_sdk/group_bulk_read.h
[1.170s] -- Installing: /home/duck_sh/Mobile-Swarm-Navigation/install/dynamixel_sdk/include//dynamixel_sdk/group_sync_write.h
[1.170s] -- Installing: /home/duck_sh/Mobile-Swarm-Navigation/install/dynamixel_sdk/include//dynamixel_sdk/port_handler_arduino.h
[1.170s] -- Installing: /home/duck_sh/Mobile-Swarm-Navigation/install/dynamixel_sdk/include//dynamixel_sdk/port_handler_mac.h
[1.170s] -- Installing: /home/duck_sh/Mobile-Swarm-Navigation/install/dynamixel_sdk/include//dynamixel_sdk/dynamixel_sdk.h
[1.171s] -- Installing: /home/duck_sh/Mobile-Swarm-Navigation/install/dynamixel_sdk/include//dynamixel_sdk/port_handler_windows.h
[1.171s] -- Installing: /home/duck_sh/Mobile-Swarm-Navigation/install/dynamixel_sdk/include//dynamixel_sdk/port_handler.h
[1.171s] -- Installing: /home/duck_sh/Mobile-Swarm-Navigation/install/dynamixel_sdk/include//dynamixel_sdk/packet_handler.h
[1.171s] -- Installing: /home/duck_sh/Mobile-Swarm-Navigation/install/dynamixel_sdk/include//dynamixel_sdk/protocol1_packet_handler.h
[1.171s] -- Installing: /home/duck_sh/Mobile-Swarm-Navigation/install/dynamixel_sdk/include//dynamixel_sdk/protocol2_packet_handler.h
[1.171s] -- Installing: /home/duck_sh/Mobile-Swarm-Navigation/install/dynamixel_sdk/include//dynamixel_sdk/group_sync_read.h
[1.171s] -- Installing: /home/duck_sh/Mobile-Swarm-Navigation/install/dynamixel_sdk/include//dynamixel_sdk/port_handler_linux.h
[1.171s] -- Installing: /home/duck_sh/Mobile-Swarm-Navigation/install/dynamixel_sdk/include//dynamixel_sdk/group_bulk_write.h
[1.171s] -- Installing: /home/duck_sh/Mobile-Swarm-Navigation/install/dynamixel_sdk/lib/libdynamixel_sdk.so
[1.171s] -- Installing: /home/duck_sh/Mobile-Swarm-Navigation/install/dynamixel_sdk/share/dynamixel_sdk/environment/library_path.sh
[1.171s] -- Installing: /home/duck_sh/Mobile-Swarm-Navigation/install/dynamixel_sdk/share/dynamixel_sdk/environment/library_path.dsv
[1.171s] -- Installing: /home/duck_sh/Mobile-Swarm-Navigation/install/dynamixel_sdk/share/ament_index/resource_index/package_run_dependencies/dynamixel_sdk
[1.172s] -- Installing: /home/duck_sh/Mobile-Swarm-Navigation/install/dynamixel_sdk/share/ament_index/resource_index/parent_prefix_path/dynamixel_sdk
[1.172s] -- Installing: /home/duck_sh/Mobile-Swarm-Navigation/install/dynamixel_sdk/share/dynamixel_sdk/environment/ament_prefix_path.sh
[1.172s] -- Installing: /home/duck_sh/Mobile-Swarm-Navigation/install/dynamixel_sdk/share/dynamixel_sdk/environment/ament_prefix_path.dsv
[1.172s] -- Installing: /home/duck_sh/Mobile-Swarm-Navigation/install/dynamixel_sdk/share/dynamixel_sdk/environment/path.sh
[1.172s] -- Installing: /home/duck_sh/Mobile-Swarm-Navigation/install/dynamixel_sdk/share/dynamixel_sdk/environment/path.dsv
[1.172s] -- Installing: /home/duck_sh/Mobile-Swarm-Navigation/install/dynamixel_sdk/share/dynamixel_sdk/local_setup.bash
[1.172s] -- Installing: /home/duck_sh/Mobile-Swarm-Navigation/install/dynamixel_sdk/share/dynamixel_sdk/local_setup.sh
[1.172s] -- Installing: /home/duck_sh/Mobile-Swarm-Navigation/install/dynamixel_sdk/share/dynamixel_sdk/local_setup.zsh
[1.172s] -- Installing: /home/duck_sh/Mobile-Swarm-Navigation/install/dynamixel_sdk/share/dynamixel_sdk/local_setup.dsv
[1.172s] -- Installing: /home/duck_sh/Mobile-Swarm-Navigation/install/dynamixel_sdk/share/dynamixel_sdk/package.dsv
[1.172s] -- Installing: /home/duck_sh/Mobile-Swarm-Navigation/install/dynamixel_sdk/share/ament_index/resource_index/packages/dynamixel_sdk
[1.172s] -- Installing: /home/duck_sh/Mobile-Swarm-Navigation/install/dynamixel_sdk/share/dynamixel_sdk/cmake/ament_cmake_export_include_directories-extras.cmake
[1.172s] -- Installing: /home/duck_sh/Mobile-Swarm-Navigation/install/dynamixel_sdk/share/dynamixel_sdk/cmake/ament_cmake_export_libraries-extras.cmake
[1.172s] -- Installing: /home/duck_sh/Mobile-Swarm-Navigation/install/dynamixel_sdk/share/dynamixel_sdk/cmake/dynamixel_sdkConfig.cmake
[1.172s] -- Installing: /home/duck_sh/Mobile-Swarm-Navigation/install/dynamixel_sdk/share/dynamixel_sdk/cmake/dynamixel_sdkConfig-version.cmake
[1.172s] -- Installing: /home/duck_sh/Mobile-Swarm-Navigation/install/dynamixel_sdk/share/dynamixel_sdk/package.xml
[1.173s] Invoked command in '/home/duck_sh/Mobile-Swarm-Navigation/build/dynamixel_sdk' returned '0': CMAKE_PREFIX_PATH=${CMAKE_PREFIX_PATH}:/home/duck_sh/Mobile-Swarm-Navigation/install/turtlebot3_teleop:/home/duck_sh/Mobile-Swarm-Navigation/install/turtlebot3_example:/home/duck_sh/ros2_ws/install/my_py_pkg:/home/duck_sh/turtlebot3_manipulation-humble-devel/install/ros2_controllers_test_nodes:/opt/ros/humble /usr/bin/cmake --install /home/duck_sh/Mobile-Swarm-Navigation/build/dynamixel_sdk
