[0.010s] Invoking command in '/home/pacman/turtlebot3_ws/build/dynamixel_sdk_examples': CMAKE_PREFIX_PATH=/home/pacman/turtlebot3_ws/install/dynamixel_sdk_custom_interfaces:/home/pacman/turtlebot3_ws/install/dynamixel_sdk:/home/pacman/turtlebot3_ws/install/turtlebot3:/home/pacman/turtlebot3_ws/install/turtlebot3_simulations:/home/pacman/turtlebot3_ws/install/turtlebot3_bringup:/home/pacman/turtlebot3_ws/install/turtlebot3_node:/home/pacman/turtlebot3_ws/install/turtlebot3_navigation2:/home/pacman/turtlebot3_ws/install/turtlebot3_fake_node:/home/pacman/turtlebot3_ws/install/turtlebot3_msgs:/home/pacman/turtlebot3_ws/install/turtlebot3_gazebo:/home/pacman/turtlebot3_ws/install/turtlebot3_description:/home/pacman/turtlebot3_ws/install/turtlebot3_cartographer:/home/pacman/turtlebot3_ws/install/hls_lfcd_lds_driver:/home/pacman/turtlebot3_ws/install/dynamixel_sdk_examples:/home/pacman/turtlebot3_ws/install/turtlebot3_teleop:/home/pacman/turtlebot3_ws/install/turtlebot3_example:/opt/ros/humble LD_LIBRARY_PATH=/home/pacman/turtlebot3_ws/install/dynamixel_sdk_custom_interfaces/lib:/home/pacman/turtlebot3_ws/install/dynamixel_sdk/lib:/home/pacman/turtlebot3_ws/install/turtlebot3_msgs/lib:/usr/lib/x86_64-linux-gnu/gazebo-11/plugins:/opt/ros/humble/opt/rviz_ogre_vendor/lib:/opt/ros/humble/lib/x86_64-linux-gnu:/opt/ros/humble/lib:/usr/lib/x86_64-linux-gnu/gazebo-11/plugins /usr/bin/cmake /home/pacman/turtlebot3_ws/src/utils/DynamixelSDK/dynamixel_sdk_examples -DAMENT_CMAKE_SYMLINK_INSTALL=1 -DCMAKE_INSTALL_PREFIX=/home/pacman/turtlebot3_ws/install/dynamixel_sdk_examples
[0.063s] -- The C compiler identification is GNU 11.4.0
[0.105s] -- The CXX compiler identification is GNU 11.4.0
[0.110s] -- Detecting C compiler ABI info
[0.156s] -- Detecting C compiler ABI info - done
[0.162s] -- Check for working C compiler: /usr/bin/cc - skipped
[0.162s] -- Detecting C compile features
[0.162s] -- Detecting C compile features - done
[0.164s] -- Detecting CXX compiler ABI info
[0.217s] -- Detecting CXX compiler ABI info - done
[0.222s] -- Check for working CXX compiler: /usr/bin/c++ - skipped
[0.222s] -- Detecting CXX compile features
[0.222s] -- Detecting CXX compile features - done
[0.224s] -- Found ament_cmake: 1.3.10 (/opt/ros/humble/share/ament_cmake/cmake)
[0.332s] -- Found Python3: /usr/bin/python3 (found version "3.10.12") found components: Interpreter 
[0.377s] -- Override CMake install command with custom implementation using symlinks instead of copying resources
[0.396s] -- Found dynamixel_sdk: 3.7.60 (/home/pacman/turtlebot3_ws/install/dynamixel_sdk/share/dynamixel_sdk/cmake)
[0.397s] -- Found dynamixel_sdk_custom_interfaces: 3.7.60 (/home/pacman/turtlebot3_ws/install/dynamixel_sdk_custom_interfaces/share/dynamixel_sdk_custom_interfaces/cmake)
[0.423s] -- Found rosidl_generator_c: 3.1.5 (/opt/ros/humble/share/rosidl_generator_c/cmake)
[0.427s] -- Found rosidl_adapter: 3.1.5 (/opt/ros/humble/share/rosidl_adapter/cmake)
[0.433s] -- Found rosidl_generator_cpp: 3.1.5 (/opt/ros/humble/share/rosidl_generator_cpp/cmake)
[0.441s] -- Using all available rosidl_typesupport_c: rosidl_typesupport_fastrtps_c;rosidl_typesupport_introspection_c
[0.453s] -- Using all available rosidl_typesupport_cpp: rosidl_typesupport_fastrtps_cpp;rosidl_typesupport_introspection_cpp
[0.475s] -- Found rclcpp: 16.0.10 (/opt/ros/humble/share/rclcpp/cmake)
[0.501s] -- Found rmw_implementation_cmake: 6.1.2 (/opt/ros/humble/share/rmw_implementation_cmake/cmake)
[0.503s] -- Found rmw_fastrtps_cpp: 6.2.7 (/opt/ros/humble/share/rmw_fastrtps_cpp/cmake)
[0.562s] -- Found OpenSSL: /usr/lib/x86_64-linux-gnu/libcrypto.so (found version "3.0.2")  
[0.582s] -- Found FastRTPS: /opt/ros/humble/include  
[0.611s] -- Using RMW implementation 'rmw_fastrtps_cpp' as default
[0.617s] -- Looking for pthread.h
[0.663s] -- Looking for pthread.h - found
[0.663s] -- Performing Test CMAKE_HAVE_LIBC_PTHREAD
[0.712s] -- Performing Test CMAKE_HAVE_LIBC_PTHREAD - Success
[0.713s] -- Found Threads: TRUE  
[0.752s] -- Found ament_lint_auto: 0.12.11 (/opt/ros/humble/share/ament_lint_auto/cmake)
[0.815s] -- Added test 'copyright' to check source files copyright and LICENSE
[0.817s] -- Added test 'cppcheck' to perform static code analysis on C / C++ code
[0.817s] -- Configured cppcheck include dirs: /home/pacman/turtlebot3_ws/src/utils/DynamixelSDK/dynamixel_sdk_examples/include
[0.817s] -- Configured cppcheck exclude dirs and/or files: 
[0.818s] -- Added test 'cpplint' to check C / C++ code against the Google style
[0.818s] -- Configured cpplint exclude dirs and/or files: 
[0.819s] -- Added test 'lint_cmake' to check CMake code style
[0.820s] -- Added test 'uncrustify' to check C / C++ code style
[0.820s] -- Configured uncrustify additional arguments: 
[0.821s] -- Added test 'xmllint' to check XML markup files
[0.823s] -- Configuring done
[0.832s] -- Generating done
[0.834s] -- Build files have been written to: /home/pacman/turtlebot3_ws/build/dynamixel_sdk_examples
[0.842s] Invoked command in '/home/pacman/turtlebot3_ws/build/dynamixel_sdk_examples' returned '0': CMAKE_PREFIX_PATH=/home/pacman/turtlebot3_ws/install/dynamixel_sdk_custom_interfaces:/home/pacman/turtlebot3_ws/install/dynamixel_sdk:/home/pacman/turtlebot3_ws/install/turtlebot3:/home/pacman/turtlebot3_ws/install/turtlebot3_simulations:/home/pacman/turtlebot3_ws/install/turtlebot3_bringup:/home/pacman/turtlebot3_ws/install/turtlebot3_node:/home/pacman/turtlebot3_ws/install/turtlebot3_navigation2:/home/pacman/turtlebot3_ws/install/turtlebot3_fake_node:/home/pacman/turtlebot3_ws/install/turtlebot3_msgs:/home/pacman/turtlebot3_ws/install/turtlebot3_gazebo:/home/pacman/turtlebot3_ws/install/turtlebot3_description:/home/pacman/turtlebot3_ws/install/turtlebot3_cartographer:/home/pacman/turtlebot3_ws/install/hls_lfcd_lds_driver:/home/pacman/turtlebot3_ws/install/dynamixel_sdk_examples:/home/pacman/turtlebot3_ws/install/turtlebot3_teleop:/home/pacman/turtlebot3_ws/install/turtlebot3_example:/opt/ros/humble LD_LIBRARY_PATH=/home/pacman/turtlebot3_ws/install/dynamixel_sdk_custom_interfaces/lib:/home/pacman/turtlebot3_ws/install/dynamixel_sdk/lib:/home/pacman/turtlebot3_ws/install/turtlebot3_msgs/lib:/usr/lib/x86_64-linux-gnu/gazebo-11/plugins:/opt/ros/humble/opt/rviz_ogre_vendor/lib:/opt/ros/humble/lib/x86_64-linux-gnu:/opt/ros/humble/lib:/usr/lib/x86_64-linux-gnu/gazebo-11/plugins /usr/bin/cmake /home/pacman/turtlebot3_ws/src/utils/DynamixelSDK/dynamixel_sdk_examples -DAMENT_CMAKE_SYMLINK_INSTALL=1 -DCMAKE_INSTALL_PREFIX=/home/pacman/turtlebot3_ws/install/dynamixel_sdk_examples
[0.843s] Invoking command in '/home/pacman/turtlebot3_ws/build/dynamixel_sdk_examples': CMAKE_PREFIX_PATH=/home/pacman/turtlebot3_ws/install/dynamixel_sdk_custom_interfaces:/home/pacman/turtlebot3_ws/install/dynamixel_sdk:/home/pacman/turtlebot3_ws/install/turtlebot3:/home/pacman/turtlebot3_ws/install/turtlebot3_simulations:/home/pacman/turtlebot3_ws/install/turtlebot3_bringup:/home/pacman/turtlebot3_ws/install/turtlebot3_node:/home/pacman/turtlebot3_ws/install/turtlebot3_navigation2:/home/pacman/turtlebot3_ws/install/turtlebot3_fake_node:/home/pacman/turtlebot3_ws/install/turtlebot3_msgs:/home/pacman/turtlebot3_ws/install/turtlebot3_gazebo:/home/pacman/turtlebot3_ws/install/turtlebot3_description:/home/pacman/turtlebot3_ws/install/turtlebot3_cartographer:/home/pacman/turtlebot3_ws/install/hls_lfcd_lds_driver:/home/pacman/turtlebot3_ws/install/dynamixel_sdk_examples:/home/pacman/turtlebot3_ws/install/turtlebot3_teleop:/home/pacman/turtlebot3_ws/install/turtlebot3_example:/opt/ros/humble LD_LIBRARY_PATH=/home/pacman/turtlebot3_ws/install/dynamixel_sdk_custom_interfaces/lib:/home/pacman/turtlebot3_ws/install/dynamixel_sdk/lib:/home/pacman/turtlebot3_ws/install/turtlebot3_msgs/lib:/usr/lib/x86_64-linux-gnu/gazebo-11/plugins:/opt/ros/humble/opt/rviz_ogre_vendor/lib:/opt/ros/humble/lib/x86_64-linux-gnu:/opt/ros/humble/lib:/usr/lib/x86_64-linux-gnu/gazebo-11/plugins /usr/bin/cmake --build /home/pacman/turtlebot3_ws/build/dynamixel_sdk_examples -- -j12 -l12
[0.887s] [ 50%] [32mBuilding CXX object CMakeFiles/read_write_node.dir/src/read_write_node.cpp.o[0m
[10.147s] [100%] [32m[1mLinking CXX executable read_write_node[0m
[10.552s] [100%] Built target read_write_node
[10.560s] Invoked command in '/home/pacman/turtlebot3_ws/build/dynamixel_sdk_examples' returned '0': CMAKE_PREFIX_PATH=/home/pacman/turtlebot3_ws/install/dynamixel_sdk_custom_interfaces:/home/pacman/turtlebot3_ws/install/dynamixel_sdk:/home/pacman/turtlebot3_ws/install/turtlebot3:/home/pacman/turtlebot3_ws/install/turtlebot3_simulations:/home/pacman/turtlebot3_ws/install/turtlebot3_bringup:/home/pacman/turtlebot3_ws/install/turtlebot3_node:/home/pacman/turtlebot3_ws/install/turtlebot3_navigation2:/home/pacman/turtlebot3_ws/install/turtlebot3_fake_node:/home/pacman/turtlebot3_ws/install/turtlebot3_msgs:/home/pacman/turtlebot3_ws/install/turtlebot3_gazebo:/home/pacman/turtlebot3_ws/install/turtlebot3_description:/home/pacman/turtlebot3_ws/install/turtlebot3_cartographer:/home/pacman/turtlebot3_ws/install/hls_lfcd_lds_driver:/home/pacman/turtlebot3_ws/install/dynamixel_sdk_examples:/home/pacman/turtlebot3_ws/install/turtlebot3_teleop:/home/pacman/turtlebot3_ws/install/turtlebot3_example:/opt/ros/humble LD_LIBRARY_PATH=/home/pacman/turtlebot3_ws/install/dynamixel_sdk_custom_interfaces/lib:/home/pacman/turtlebot3_ws/install/dynamixel_sdk/lib:/home/pacman/turtlebot3_ws/install/turtlebot3_msgs/lib:/usr/lib/x86_64-linux-gnu/gazebo-11/plugins:/opt/ros/humble/opt/rviz_ogre_vendor/lib:/opt/ros/humble/lib/x86_64-linux-gnu:/opt/ros/humble/lib:/usr/lib/x86_64-linux-gnu/gazebo-11/plugins /usr/bin/cmake --build /home/pacman/turtlebot3_ws/build/dynamixel_sdk_examples -- -j12 -l12
[10.577s] Invoking command in '/home/pacman/turtlebot3_ws/build/dynamixel_sdk_examples': CMAKE_PREFIX_PATH=/home/pacman/turtlebot3_ws/install/dynamixel_sdk_custom_interfaces:/home/pacman/turtlebot3_ws/install/dynamixel_sdk:/home/pacman/turtlebot3_ws/install/turtlebot3:/home/pacman/turtlebot3_ws/install/turtlebot3_simulations:/home/pacman/turtlebot3_ws/install/turtlebot3_bringup:/home/pacman/turtlebot3_ws/install/turtlebot3_node:/home/pacman/turtlebot3_ws/install/turtlebot3_navigation2:/home/pacman/turtlebot3_ws/install/turtlebot3_fake_node:/home/pacman/turtlebot3_ws/install/turtlebot3_msgs:/home/pacman/turtlebot3_ws/install/turtlebot3_gazebo:/home/pacman/turtlebot3_ws/install/turtlebot3_description:/home/pacman/turtlebot3_ws/install/turtlebot3_cartographer:/home/pacman/turtlebot3_ws/install/hls_lfcd_lds_driver:/home/pacman/turtlebot3_ws/install/dynamixel_sdk_examples:/home/pacman/turtlebot3_ws/install/turtlebot3_teleop:/home/pacman/turtlebot3_ws/install/turtlebot3_example:/opt/ros/humble LD_LIBRARY_PATH=/home/pacman/turtlebot3_ws/install/dynamixel_sdk_custom_interfaces/lib:/home/pacman/turtlebot3_ws/install/dynamixel_sdk/lib:/home/pacman/turtlebot3_ws/install/turtlebot3_msgs/lib:/usr/lib/x86_64-linux-gnu/gazebo-11/plugins:/opt/ros/humble/opt/rviz_ogre_vendor/lib:/opt/ros/humble/lib/x86_64-linux-gnu:/opt/ros/humble/lib:/usr/lib/x86_64-linux-gnu/gazebo-11/plugins /usr/bin/cmake --install /home/pacman/turtlebot3_ws/build/dynamixel_sdk_examples
[10.583s] -- Install configuration: ""
[10.583s] -- Execute custom install script
[10.583s] -- Symlinking: /home/pacman/turtlebot3_ws/install/dynamixel_sdk_examples/lib/dynamixel_sdk_examples/read_write_node
[10.589s] -- Symlinking: /home/pacman/turtlebot3_ws/install/dynamixel_sdk_examples/share/ament_index/resource_index/package_run_dependencies/dynamixel_sdk_examples
[10.595s] -- Symlinking: /home/pacman/turtlebot3_ws/install/dynamixel_sdk_examples/share/ament_index/resource_index/parent_prefix_path/dynamixel_sdk_examples
[10.601s] -- Symlinking: /home/pacman/turtlebot3_ws/install/dynamixel_sdk_examples/share/dynamixel_sdk_examples/environment/ament_prefix_path.sh
[10.607s] -- Symlinking: /home/pacman/turtlebot3_ws/install/dynamixel_sdk_examples/share/dynamixel_sdk_examples/environment/ament_prefix_path.dsv
[10.613s] -- Symlinking: /home/pacman/turtlebot3_ws/install/dynamixel_sdk_examples/share/dynamixel_sdk_examples/environment/path.sh
[10.620s] -- Symlinking: /home/pacman/turtlebot3_ws/install/dynamixel_sdk_examples/share/dynamixel_sdk_examples/environment/path.dsv
[10.626s] -- Symlinking: /home/pacman/turtlebot3_ws/install/dynamixel_sdk_examples/share/dynamixel_sdk_examples/local_setup.bash
[10.632s] -- Symlinking: /home/pacman/turtlebot3_ws/install/dynamixel_sdk_examples/share/dynamixel_sdk_examples/local_setup.sh
[10.638s] -- Symlinking: /home/pacman/turtlebot3_ws/install/dynamixel_sdk_examples/share/dynamixel_sdk_examples/local_setup.zsh
[10.644s] -- Symlinking: /home/pacman/turtlebot3_ws/install/dynamixel_sdk_examples/share/dynamixel_sdk_examples/local_setup.dsv
[10.650s] -- Symlinking: /home/pacman/turtlebot3_ws/install/dynamixel_sdk_examples/share/dynamixel_sdk_examples/package.dsv
[10.657s] -- Symlinking: /home/pacman/turtlebot3_ws/install/dynamixel_sdk_examples/share/ament_index/resource_index/packages/dynamixel_sdk_examples
[10.663s] -- Symlinking: /home/pacman/turtlebot3_ws/install/dynamixel_sdk_examples/share/dynamixel_sdk_examples/cmake/dynamixel_sdk_examplesConfig.cmake
[10.669s] -- Symlinking: /home/pacman/turtlebot3_ws/install/dynamixel_sdk_examples/share/dynamixel_sdk_examples/cmake/dynamixel_sdk_examplesConfig-version.cmake
[10.676s] -- Symlinking: /home/pacman/turtlebot3_ws/install/dynamixel_sdk_examples/share/dynamixel_sdk_examples/package.xml
[10.684s] Invoked command in '/home/pacman/turtlebot3_ws/build/dynamixel_sdk_examples' returned '0': CMAKE_PREFIX_PATH=/home/pacman/turtlebot3_ws/install/dynamixel_sdk_custom_interfaces:/home/pacman/turtlebot3_ws/install/dynamixel_sdk:/home/pacman/turtlebot3_ws/install/turtlebot3:/home/pacman/turtlebot3_ws/install/turtlebot3_simulations:/home/pacman/turtlebot3_ws/install/turtlebot3_bringup:/home/pacman/turtlebot3_ws/install/turtlebot3_node:/home/pacman/turtlebot3_ws/install/turtlebot3_navigation2:/home/pacman/turtlebot3_ws/install/turtlebot3_fake_node:/home/pacman/turtlebot3_ws/install/turtlebot3_msgs:/home/pacman/turtlebot3_ws/install/turtlebot3_gazebo:/home/pacman/turtlebot3_ws/install/turtlebot3_description:/home/pacman/turtlebot3_ws/install/turtlebot3_cartographer:/home/pacman/turtlebot3_ws/install/hls_lfcd_lds_driver:/home/pacman/turtlebot3_ws/install/dynamixel_sdk_examples:/home/pacman/turtlebot3_ws/install/turtlebot3_teleop:/home/pacman/turtlebot3_ws/install/turtlebot3_example:/opt/ros/humble LD_LIBRARY_PATH=/home/pacman/turtlebot3_ws/install/dynamixel_sdk_custom_interfaces/lib:/home/pacman/turtlebot3_ws/install/dynamixel_sdk/lib:/home/pacman/turtlebot3_ws/install/turtlebot3_msgs/lib:/usr/lib/x86_64-linux-gnu/gazebo-11/plugins:/opt/ros/humble/opt/rviz_ogre_vendor/lib:/opt/ros/humble/lib/x86_64-linux-gnu:/opt/ros/humble/lib:/usr/lib/x86_64-linux-gnu/gazebo-11/plugins /usr/bin/cmake --install /home/pacman/turtlebot3_ws/build/dynamixel_sdk_examples
