[0.024s] Invoking command in '/home/pacman/turtlebot3_ws/build/dynamixel_sdk': CMAKE_PREFIX_PATH=/opt/ros/humble /usr/bin/cmake /home/pacman/turtlebot3_ws/src/utils/DynamixelSDK/dynamixel_sdk -DCMAKE_INSTALL_PREFIX=/home/pacman/turtlebot3_ws/install/dynamixel_sdk
[0.323s] -- Found ament_cmake: 1.3.10 (/opt/ros/humble/share/ament_cmake/cmake)
[0.323s] -- Override CMake install command with custom implementation using symlinks instead of copying resources
[0.323s] -- Configuring done
[0.323s] -- Generating done
[0.323s] -- Build files have been written to: /home/pacman/turtlebot3_ws/build/dynamixel_sdk
[0.341s] Invoked command in '/home/pacman/turtlebot3_ws/build/dynamixel_sdk' returned '0': CMAKE_PREFIX_PATH=/opt/ros/humble /usr/bin/cmake /home/pacman/turtlebot3_ws/src/utils/DynamixelSDK/dynamixel_sdk -DCMAKE_INSTALL_PREFIX=/home/pacman/turtlebot3_ws/install/dynamixel_sdk
[0.342s] Invoking command in '/home/pacman/turtlebot3_ws/build/dynamixel_sdk': CMAKE_PREFIX_PATH=/opt/ros/humble /usr/bin/cmake --build /home/pacman/turtlebot3_ws/build/dynamixel_sdk -- -j12 -l12
[0.369s] [35m[1mConsolidate compiler generated dependencies of target dynamixel_sdk[0m
[0.381s] [100%] Built target dynamixel_sdk
[0.403s] Invoked command in '/home/pacman/turtlebot3_ws/build/dynamixel_sdk' returned '0': CMAKE_PREFIX_PATH=/opt/ros/humble /usr/bin/cmake --build /home/pacman/turtlebot3_ws/build/dynamixel_sdk -- -j12 -l12
[0.448s] Invoking command in '/home/pacman/turtlebot3_ws/build/dynamixel_sdk': CMAKE_PREFIX_PATH=/opt/ros/humble /usr/bin/cmake --install /home/pacman/turtlebot3_ws/build/dynamixel_sdk
[0.459s] -- Install configuration: ""
[0.459s] -- Execute custom install script
[0.459s] -- Up-to-date symlink: /home/pacman/turtlebot3_ws/install/dynamixel_sdk/include//dynamixel_sdk/dynamixel_sdk.h
[0.459s] -- Up-to-date symlink: /home/pacman/turtlebot3_ws/install/dynamixel_sdk/include//dynamixel_sdk/group_bulk_read.h
[0.459s] -- Up-to-date symlink: /home/pacman/turtlebot3_ws/install/dynamixel_sdk/include//dynamixel_sdk/group_bulk_write.h
[0.459s] -- Up-to-date symlink: /home/pacman/turtlebot3_ws/install/dynamixel_sdk/include//dynamixel_sdk/group_sync_read.h
[0.459s] -- Up-to-date symlink: /home/pacman/turtlebot3_ws/install/dynamixel_sdk/include//dynamixel_sdk/group_sync_write.h
[0.459s] -- Up-to-date symlink: /home/pacman/turtlebot3_ws/install/dynamixel_sdk/include//dynamixel_sdk/packet_handler.h
[0.459s] -- Up-to-date symlink: /home/pacman/turtlebot3_ws/install/dynamixel_sdk/include//dynamixel_sdk/port_handler.h
[0.459s] -- Up-to-date symlink: /home/pacman/turtlebot3_ws/install/dynamixel_sdk/include//dynamixel_sdk/port_handler_arduino.h
[0.459s] -- Up-to-date symlink: /home/pacman/turtlebot3_ws/install/dynamixel_sdk/include//dynamixel_sdk/port_handler_linux.h
[0.459s] -- Up-to-date symlink: /home/pacman/turtlebot3_ws/install/dynamixel_sdk/include//dynamixel_sdk/port_handler_mac.h
[0.460s] -- Up-to-date symlink: /home/pacman/turtlebot3_ws/install/dynamixel_sdk/include//dynamixel_sdk/port_handler_windows.h
[0.460s] -- Up-to-date symlink: /home/pacman/turtlebot3_ws/install/dynamixel_sdk/include//dynamixel_sdk/protocol1_packet_handler.h
[0.460s] -- Up-to-date symlink: /home/pacman/turtlebot3_ws/install/dynamixel_sdk/include//dynamixel_sdk/protocol2_packet_handler.h
[0.460s] -- Up-to-date symlink: /home/pacman/turtlebot3_ws/install/dynamixel_sdk/lib/libdynamixel_sdk.so
[0.461s] -- Up-to-date symlink: /home/pacman/turtlebot3_ws/install/dynamixel_sdk/share/dynamixel_sdk/environment/library_path.sh
[0.462s] -- Up-to-date symlink: /home/pacman/turtlebot3_ws/install/dynamixel_sdk/share/dynamixel_sdk/environment/library_path.dsv
[0.462s] -- Up-to-date symlink: /home/pacman/turtlebot3_ws/install/dynamixel_sdk/share/ament_index/resource_index/package_run_dependencies/dynamixel_sdk
[0.462s] -- Up-to-date symlink: /home/pacman/turtlebot3_ws/install/dynamixel_sdk/share/ament_index/resource_index/parent_prefix_path/dynamixel_sdk
[0.462s] -- Up-to-date symlink: /home/pacman/turtlebot3_ws/install/dynamixel_sdk/share/dynamixel_sdk/environment/ament_prefix_path.sh
[0.462s] -- Up-to-date symlink: /home/pacman/turtlebot3_ws/install/dynamixel_sdk/share/dynamixel_sdk/environment/ament_prefix_path.dsv
[0.462s] -- Up-to-date symlink: /home/pacman/turtlebot3_ws/install/dynamixel_sdk/share/dynamixel_sdk/environment/path.sh
[0.462s] -- Up-to-date symlink: /home/pacman/turtlebot3_ws/install/dynamixel_sdk/share/dynamixel_sdk/environment/path.dsv
[0.462s] -- Up-to-date symlink: /home/pacman/turtlebot3_ws/install/dynamixel_sdk/share/dynamixel_sdk/local_setup.bash
[0.462s] -- Up-to-date symlink: /home/pacman/turtlebot3_ws/install/dynamixel_sdk/share/dynamixel_sdk/local_setup.sh
[0.462s] -- Up-to-date symlink: /home/pacman/turtlebot3_ws/install/dynamixel_sdk/share/dynamixel_sdk/local_setup.zsh
[0.462s] -- Up-to-date symlink: /home/pacman/turtlebot3_ws/install/dynamixel_sdk/share/dynamixel_sdk/local_setup.dsv
[0.463s] -- Symlinking: /home/pacman/turtlebot3_ws/install/dynamixel_sdk/share/dynamixel_sdk/package.dsv
[0.473s] -- Up-to-date symlink: /home/pacman/turtlebot3_ws/install/dynamixel_sdk/share/ament_index/resource_index/packages/dynamixel_sdk
[0.473s] -- Up-to-date symlink: /home/pacman/turtlebot3_ws/install/dynamixel_sdk/share/dynamixel_sdk/cmake/ament_cmake_export_include_directories-extras.cmake
[0.474s] -- Up-to-date symlink: /home/pacman/turtlebot3_ws/install/dynamixel_sdk/share/dynamixel_sdk/cmake/ament_cmake_export_libraries-extras.cmake
[0.474s] -- Up-to-date symlink: /home/pacman/turtlebot3_ws/install/dynamixel_sdk/share/dynamixel_sdk/cmake/dynamixel_sdkConfig.cmake
[0.474s] -- Up-to-date symlink: /home/pacman/turtlebot3_ws/install/dynamixel_sdk/share/dynamixel_sdk/cmake/dynamixel_sdkConfig-version.cmake
[0.474s] -- Up-to-date symlink: /home/pacman/turtlebot3_ws/install/dynamixel_sdk/share/dynamixel_sdk/package.xml
[0.483s] Invoked command in '/home/pacman/turtlebot3_ws/build/dynamixel_sdk' returned '0': CMAKE_PREFIX_PATH=/opt/ros/humble /usr/bin/cmake --install /home/pacman/turtlebot3_ws/build/dynamixel_sdk
