[0.006s] Invoking command in '/home/pacman/tortoisebot_rb/build/tortoisebot_slam': CMAKE_PREFIX_PATH=${CMAKE_PREFIX_PATH}:/home/pacman/tortoisebot_rb/install/turtlebot3_teleop:/home/pacman/tortoisebot_rb/install/tortoisebot_slam:/home/pacman/tortoisebot_rb/install/tortoisebot_navigation:/home/pacman/tortoisebot_rb/install/tortoisebot_imu:/home/pacman/tortoisebot_rb/install/tortoisebot_control:/opt/ros/humble /usr/bin/cmake /home/pacman/tortoisebot_rb/tortoisebot/tortoisebot_slam -DCMAKE_INSTALL_PREFIX=/home/pacman/tortoisebot_rb/install/tortoisebot_slam
[0.121s] -- The C compiler identification is GNU 11.4.0
[0.121s] -- The CXX compiler identification is GNU 11.4.0
[0.127s] -- Detecting C compiler ABI info
[0.195s] -- Detecting C compiler ABI info - done
[0.202s] -- Check for working C compiler: /usr/bin/cc - skipped
[0.202s] -- Detecting C compile features
[0.202s] -- Detecting C compile features - done
[0.207s] -- Detecting CXX compiler ABI info
[0.277s] -- Detecting CXX compiler ABI info - done
[0.282s] -- Check for working CXX compiler: /usr/bin/c++ - skipped
[0.283s] -- Detecting CXX compile features
[0.283s] -- Detecting CXX compile features - done
[0.285s] -- Found ament_cmake: 1.3.10 (/opt/ros/humble/share/ament_cmake/cmake)
[0.421s] -- Found Python3: /usr/bin/python3 (found version "3.10.12") found components: Interpreter 
[0.522s] -- Found ament_lint_auto: 0.12.11 (/opt/ros/humble/share/ament_lint_auto/cmake)
[0.598s] -- Added test 'copyright' to check source files copyright and LICENSE
[0.600s] -- Added test 'flake8' to check Python code syntax and style conventions
[0.600s] -- Added test 'lint_cmake' to check CMake code style
[0.601s] -- Added test 'pep257' to check Python code against some of the docstring style conventions in PEP 257
[0.602s] -- Added test 'xmllint' to check XML markup files
[0.604s] -- Configuring done
[0.606s] -- Generating done
[0.607s] -- Build files have been written to: /home/pacman/tortoisebot_rb/build/tortoisebot_slam
[0.622s] Invoked command in '/home/pacman/tortoisebot_rb/build/tortoisebot_slam' returned '0': CMAKE_PREFIX_PATH=${CMAKE_PREFIX_PATH}:/home/pacman/tortoisebot_rb/install/turtlebot3_teleop:/home/pacman/tortoisebot_rb/install/tortoisebot_slam:/home/pacman/tortoisebot_rb/install/tortoisebot_navigation:/home/pacman/tortoisebot_rb/install/tortoisebot_imu:/home/pacman/tortoisebot_rb/install/tortoisebot_control:/opt/ros/humble /usr/bin/cmake /home/pacman/tortoisebot_rb/tortoisebot/tortoisebot_slam -DCMAKE_INSTALL_PREFIX=/home/pacman/tortoisebot_rb/install/tortoisebot_slam
[0.623s] Invoking command in '/home/pacman/tortoisebot_rb/build/tortoisebot_slam': CMAKE_PREFIX_PATH=${CMAKE_PREFIX_PATH}:/home/pacman/tortoisebot_rb/install/turtlebot3_teleop:/home/pacman/tortoisebot_rb/install/tortoisebot_slam:/home/pacman/tortoisebot_rb/install/tortoisebot_navigation:/home/pacman/tortoisebot_rb/install/tortoisebot_imu:/home/pacman/tortoisebot_rb/install/tortoisebot_control:/opt/ros/humble /usr/bin/cmake --build /home/pacman/tortoisebot_rb/build/tortoisebot_slam -- -j12 -l12
[0.662s] Invoked command in '/home/pacman/tortoisebot_rb/build/tortoisebot_slam' returned '0': CMAKE_PREFIX_PATH=${CMAKE_PREFIX_PATH}:/home/pacman/tortoisebot_rb/install/turtlebot3_teleop:/home/pacman/tortoisebot_rb/install/tortoisebot_slam:/home/pacman/tortoisebot_rb/install/tortoisebot_navigation:/home/pacman/tortoisebot_rb/install/tortoisebot_imu:/home/pacman/tortoisebot_rb/install/tortoisebot_control:/opt/ros/humble /usr/bin/cmake --build /home/pacman/tortoisebot_rb/build/tortoisebot_slam -- -j12 -l12
[0.679s] Invoking command in '/home/pacman/tortoisebot_rb/build/tortoisebot_slam': CMAKE_PREFIX_PATH=${CMAKE_PREFIX_PATH}:/home/pacman/tortoisebot_rb/install/turtlebot3_teleop:/home/pacman/tortoisebot_rb/install/tortoisebot_slam:/home/pacman/tortoisebot_rb/install/tortoisebot_navigation:/home/pacman/tortoisebot_rb/install/tortoisebot_imu:/home/pacman/tortoisebot_rb/install/tortoisebot_control:/opt/ros/humble /usr/bin/cmake --install /home/pacman/tortoisebot_rb/build/tortoisebot_slam
[0.684s] -- Install configuration: ""
[0.685s] -- Installing: /home/pacman/tortoisebot_rb/install/tortoisebot_slam/share/tortoisebot_slam/launch
[0.685s] -- Installing: /home/pacman/tortoisebot_rb/install/tortoisebot_slam/share/tortoisebot_slam/launch/cartographer.launch.py
[0.685s] -- Installing: /home/pacman/tortoisebot_rb/install/tortoisebot_slam/share/tortoisebot_slam/config
[0.685s] -- Installing: /home/pacman/tortoisebot_rb/install/tortoisebot_slam/share/tortoisebot_slam/config/ekf.yaml
[0.685s] -- Installing: /home/pacman/tortoisebot_rb/install/tortoisebot_slam/share/tortoisebot_slam/config/slam.lua
[0.685s] -- Installing: /home/pacman/tortoisebot_rb/install/tortoisebot_slam/share/ament_index/resource_index/package_run_dependencies/tortoisebot_slam
[0.685s] -- Installing: /home/pacman/tortoisebot_rb/install/tortoisebot_slam/share/ament_index/resource_index/parent_prefix_path/tortoisebot_slam
[0.685s] -- Installing: /home/pacman/tortoisebot_rb/install/tortoisebot_slam/share/tortoisebot_slam/environment/ament_prefix_path.sh
[0.685s] -- Installing: /home/pacman/tortoisebot_rb/install/tortoisebot_slam/share/tortoisebot_slam/environment/ament_prefix_path.dsv
[0.685s] -- Installing: /home/pacman/tortoisebot_rb/install/tortoisebot_slam/share/tortoisebot_slam/environment/path.sh
[0.685s] -- Installing: /home/pacman/tortoisebot_rb/install/tortoisebot_slam/share/tortoisebot_slam/environment/path.dsv
[0.685s] -- Installing: /home/pacman/tortoisebot_rb/install/tortoisebot_slam/share/tortoisebot_slam/local_setup.bash
[0.685s] -- Installing: /home/pacman/tortoisebot_rb/install/tortoisebot_slam/share/tortoisebot_slam/local_setup.sh
[0.685s] -- Installing: /home/pacman/tortoisebot_rb/install/tortoisebot_slam/share/tortoisebot_slam/local_setup.zsh
[0.685s] -- Installing: /home/pacman/tortoisebot_rb/install/tortoisebot_slam/share/tortoisebot_slam/local_setup.dsv
[0.685s] -- Installing: /home/pacman/tortoisebot_rb/install/tortoisebot_slam/share/tortoisebot_slam/package.dsv
[0.685s] -- Installing: /home/pacman/tortoisebot_rb/install/tortoisebot_slam/share/ament_index/resource_index/packages/tortoisebot_slam
[0.686s] -- Installing: /home/pacman/tortoisebot_rb/install/tortoisebot_slam/share/tortoisebot_slam/cmake/tortoisebot_slamConfig.cmake
[0.686s] -- Installing: /home/pacman/tortoisebot_rb/install/tortoisebot_slam/share/tortoisebot_slam/cmake/tortoisebot_slamConfig-version.cmake
[0.686s] -- Installing: /home/pacman/tortoisebot_rb/install/tortoisebot_slam/share/tortoisebot_slam/package.xml
[0.688s] Invoked command in '/home/pacman/tortoisebot_rb/build/tortoisebot_slam' returned '0': CMAKE_PREFIX_PATH=${CMAKE_PREFIX_PATH}:/home/pacman/tortoisebot_rb/install/turtlebot3_teleop:/home/pacman/tortoisebot_rb/install/tortoisebot_slam:/home/pacman/tortoisebot_rb/install/tortoisebot_navigation:/home/pacman/tortoisebot_rb/install/tortoisebot_imu:/home/pacman/tortoisebot_rb/install/tortoisebot_control:/opt/ros/humble /usr/bin/cmake --install /home/pacman/tortoisebot_rb/build/tortoisebot_slam
