[0.163s] Invoking command in '/home/duck_sh/turtlebot3_manipulation-humble-devel/build/kinematics_interface': CMAKE_PREFIX_PATH=${CMAKE_PREFIX_PATH}:/home/duck_sh/ros2_ws/install/my_py_pkg:/opt/ros/humble /usr/bin/cmake /home/duck_sh/turtlebot3_manipulation-humble-devel/ros-controls/kinematics_interface/kinematics_interface -DCMAKE_INSTALL_PREFIX=/home/duck_sh/turtlebot3_manipulation-humble-devel/install/kinematics_interface
[0.228s] -- The CXX compiler identification is GNU 11.4.0
[0.237s] -- Detecting CXX compiler ABI info
[0.304s] -- Detecting CXX compiler ABI info - done
[0.312s] -- Check for working CXX compiler: /usr/bin/c++ - skipped
[0.312s] -- Detecting CXX compile features
[0.313s] -- Detecting CXX compile features - done
[0.317s] -- Found ament_cmake: 1.3.10 (/opt/ros/humble/share/ament_cmake/cmake)
[0.439s] -- Found Python3: /usr/bin/python3 (found version "3.10.12") found components: Interpreter 
[0.515s] -- Found rclcpp: 16.0.10 (/opt/ros/humble/share/rclcpp/cmake)
[0.554s] -- Found rosidl_generator_c: 3.1.5 (/opt/ros/humble/share/rosidl_generator_c/cmake)
[0.558s] -- Found rosidl_adapter: 3.1.5 (/opt/ros/humble/share/rosidl_adapter/cmake)
[0.567s] -- Found rosidl_generator_cpp: 3.1.5 (/opt/ros/humble/share/rosidl_generator_cpp/cmake)
[0.591s] -- Using all available rosidl_typesupport_c: rosidl_typesupport_fastrtps_c;rosidl_typesupport_introspection_c
[0.610s] -- Using all available rosidl_typesupport_cpp: rosidl_typesupport_fastrtps_cpp;rosidl_typesupport_introspection_cpp
[0.679s] -- Found rmw_implementation_cmake: 6.1.2 (/opt/ros/humble/share/rmw_implementation_cmake/cmake)
[0.686s] -- Found rmw_fastrtps_cpp: 6.2.7 (/opt/ros/humble/share/rmw_fastrtps_cpp/cmake)
[0.784s] -- Found OpenSSL: /usr/lib/x86_64-linux-gnu/libcrypto.so (found version "3.0.2")  
[0.807s] -- Found FastRTPS: /opt/ros/humble/include  
[0.836s] -- Using RMW implementation 'rmw_fastrtps_cpp' as default
[0.847s] -- Looking for C++ include pthread.h
[0.927s] -- Looking for C++ include pthread.h - found
[0.927s] -- Performing Test CMAKE_HAVE_LIBC_PTHREAD
[0.992s] -- Performing Test CMAKE_HAVE_LIBC_PTHREAD - Success
[0.993s] -- Found Threads: TRUE  
[1.035s] -- Found rclcpp_lifecycle: 16.0.10 (/opt/ros/humble/share/rclcpp_lifecycle/cmake)
[1.103s] -- Configuring done
[1.109s] -- Generating done
[1.109s] -- Build files have been written to: /home/duck_sh/turtlebot3_manipulation-humble-devel/build/kinematics_interface
[1.116s] Invoked command in '/home/duck_sh/turtlebot3_manipulation-humble-devel/build/kinematics_interface' returned '0': CMAKE_PREFIX_PATH=${CMAKE_PREFIX_PATH}:/home/duck_sh/ros2_ws/install/my_py_pkg:/opt/ros/humble /usr/bin/cmake /home/duck_sh/turtlebot3_manipulation-humble-devel/ros-controls/kinematics_interface/kinematics_interface -DCMAKE_INSTALL_PREFIX=/home/duck_sh/turtlebot3_manipulation-humble-devel/install/kinematics_interface
[1.117s] Invoking command in '/home/duck_sh/turtlebot3_manipulation-humble-devel/build/kinematics_interface': CMAKE_PREFIX_PATH=${CMAKE_PREFIX_PATH}:/home/duck_sh/ros2_ws/install/my_py_pkg:/opt/ros/humble /usr/bin/cmake --build /home/duck_sh/turtlebot3_manipulation-humble-devel/build/kinematics_interface -- -j32 -l32
[1.161s] [ 50%] [32mBuilding CXX object CMakeFiles/kinematics_interface.dir/src/kinematics_interface.cpp.o[0m
[2.255s] [100%] [32m[1mLinking CXX shared library libkinematics_interface.so[0m
[2.343s] [100%] Built target kinematics_interface
