[0.238s] Invoking command in '/home/pacman/turtlebot3_ws/build/my_world': CMAKE_PREFIX_PATH=/opt/ros/humble /usr/bin/cmake --build /home/pacman/turtlebot3_ws/build/my_world -- -j12 -l12
[0.255s] -- Found ament_cmake: 1.3.10 (/opt/ros/humble/share/ament_cmake/cmake)
[0.355s] -- Found ament_lint_auto: 0.12.11 (/opt/ros/humble/share/ament_lint_auto/cmake)
[0.404s] -- Added test 'flake8' to check Python code syntax and style conventions
[0.405s] -- Added test 'lint_cmake' to check CMake code style
[0.405s] -- Added test 'pep257' to check Python code against some of the docstring style conventions in PEP 257
[0.409s] -- Added test 'xmllint' to check XML markup files
[0.411s] -- Configuring done
[0.412s] -- Generating done
[0.412s] -- Build files have been written to: /home/pacman/turtlebot3_ws/build/my_world
[0.428s] Invoked command in '/home/pacman/turtlebot3_ws/build/my_world' returned '0': CMAKE_PREFIX_PATH=/opt/ros/humble /usr/bin/cmake --build /home/pacman/turtlebot3_ws/build/my_world -- -j12 -l12
[0.445s] Invoking command in '/home/pacman/turtlebot3_ws/build/my_world': CMAKE_PREFIX_PATH=/opt/ros/humble /usr/bin/cmake --install /home/pacman/turtlebot3_ws/build/my_world
[0.453s] -- Install configuration: ""
[0.453s] -- Up-to-date: /home/pacman/turtlebot3_ws/install/my_world/share/my_world/launch
[0.453s] -- Up-to-date: /home/pacman/turtlebot3_ws/install/my_world/share/my_world/launch/logistics_warehouse.launch
[0.453s] -- Up-to-date: /home/pacman/turtlebot3_ws/install/my_world/share/my_world/launch/bf_world_launch.py
[0.454s] -- Up-to-date: /home/pacman/turtlebot3_ws/install/my_world/share/my_world/maps
[0.454s] -- Up-to-date: /home/pacman/turtlebot3_ws/install/my_world/share/my_world/maps/005
[0.454s] -- Up-to-date: /home/pacman/turtlebot3_ws/install/my_world/share/my_world/maps/005/map_rotated.png
[0.454s] -- Up-to-date: /home/pacman/turtlebot3_ws/install/my_world/share/my_world/maps/005/map.yaml
[0.454s] -- Up-to-date: /home/pacman/turtlebot3_ws/install/my_world/share/my_world/maps/005/map.pgm
[0.454s] -- Up-to-date: /home/pacman/turtlebot3_ws/install/my_world/share/my_world/maps/005/map_rotated.pgm
[0.454s] -- Up-to-date: /home/pacman/turtlebot3_ws/install/my_world/share/my_world/maps/002
[0.454s] -- Up-to-date: /home/pacman/turtlebot3_ws/install/my_world/share/my_world/maps/002/map.yaml
[0.454s] -- Up-to-date: /home/pacman/turtlebot3_ws/install/my_world/share/my_world/maps/002/map.pgm
[0.454s] -- Up-to-date: /home/pacman/turtlebot3_ws/install/my_world/share/my_world/models
[0.455s] -- Up-to-date: /home/pacman/turtlebot3_ws/install/my_world/share/my_world/models/aws_robomaker_warehouse_ShelfD_01
[0.455s] -- Up-to-date: /home/pacman/turtlebot3_ws/install/my_world/share/my_world/models/aws_robomaker_warehouse_ShelfD_01/model.sdf
[0.455s] -- Up-to-date: /home/pacman/turtlebot3_ws/install/my_world/share/my_world/models/aws_robomaker_warehouse_ShelfD_01/model.config
[0.455s] -- Up-to-date: /home/pacman/turtlebot3_ws/install/my_world/share/my_world/models/aws_robomaker_warehouse_ShelfD_01/materials
[0.455s] -- Up-to-date: /home/pacman/turtlebot3_ws/install/my_world/share/my_world/models/aws_robomaker_warehouse_ShelfD_01/materials/textures
[0.455s] -- Up-to-date: /home/pacman/turtlebot3_ws/install/my_world/share/my_world/models/aws_robomaker_warehouse_ShelfD_01/materials/textures/aws_robomaker_warehouse_ShelfD_03.png
[0.455s] -- Up-to-date: /home/pacman/turtlebot3_ws/install/my_world/share/my_world/models/aws_robomaker_warehouse_ShelfD_01/materials/textures/aws_robomaker_warehouse_ShelfD_02.png
[0.455s] -- Up-to-date: /home/pacman/turtlebot3_ws/install/my_world/share/my_world/models/aws_robomaker_warehouse_ShelfD_01/materials/textures/aws_robomaker_warehouse_ShelfD_04.png
[0.455s] -- Up-to-date: /home/pacman/turtlebot3_ws/install/my_world/share/my_world/models/aws_robomaker_warehouse_ShelfD_01/materials/textures/aws_robomaker_warehouse_ShelfD_01.png
[0.455s] -- Up-to-date: /home/pacman/turtlebot3_ws/install/my_world/share/my_world/models/aws_robomaker_warehouse_ShelfD_01/meshes
[0.455s] -- Up-to-date: /home/pacman/turtlebot3_ws/install/my_world/share/my_world/models/aws_robomaker_warehouse_ShelfD_01/meshes/aws_robomaker_warehouse_ShelfD_01_visual.DAE
[0.455s] -- Up-to-date: /home/pacman/turtlebot3_ws/install/my_world/share/my_world/models/aws_robomaker_warehouse_ShelfD_01/meshes/aws_robomaker_warehouse_ShelfD_01_collision.DAE
[0.455s] -- Up-to-date: /home/pacman/turtlebot3_ws/install/my_world/share/my_world/models/aws_robomaker_warehouse_RoofB_01
[0.455s] -- Up-to-date: /home/pacman/turtlebot3_ws/install/my_world/share/my_world/models/aws_robomaker_warehouse_RoofB_01/model.sdf
[0.456s] -- Up-to-date: /home/pacman/turtlebot3_ws/install/my_world/share/my_world/models/aws_robomaker_warehouse_RoofB_01/model.config
[0.456s] -- Up-to-date: /home/pacman/turtlebot3_ws/install/my_world/share/my_world/models/aws_robomaker_warehouse_RoofB_01/materials
[0.456s] -- Up-to-date: /home/pacman/turtlebot3_ws/install/my_world/share/my_world/models/aws_robomaker_warehouse_RoofB_01/materials/textures
[0.456s] -- Up-to-date: /home/pacman/turtlebot3_ws/install/my_world/share/my_world/models/aws_robomaker_warehouse_RoofB_01/materials/textures/aws_robomaker_warehouse_RoofB_01.png
[0.456s] -- Up-to-date: /home/pacman/turtlebot3_ws/install/my_world/share/my_world/models/aws_robomaker_warehouse_RoofB_01/meshes
[0.456s] -- Up-to-date: /home/pacman/turtlebot3_ws/install/my_world/share/my_world/models/aws_robomaker_warehouse_RoofB_01/meshes/aws_robomaker_warehouse_RoofB_01_collision.DAE
[0.456s] -- Up-to-date: /home/pacman/turtlebot3_ws/install/my_world/share/my_world/models/aws_robomaker_warehouse_RoofB_01/meshes/aws_robomaker_warehouse_RoofB_01_visual.DAE
[0.456s] -- Up-to-date: /home/pacman/turtlebot3_ws/install/my_world/share/my_world/models/aws_robomaker_warehouse_Lamp_01
[0.456s] -- Up-to-date: /home/pacman/turtlebot3_ws/install/my_world/share/my_world/models/aws_robomaker_warehouse_Lamp_01/model.sdf
[0.456s] -- Up-to-date: /home/pacman/turtlebot3_ws/install/my_world/share/my_world/models/aws_robomaker_warehouse_Lamp_01/model.config
[0.456s] -- Up-to-date: /home/pacman/turtlebot3_ws/install/my_world/share/my_world/models/aws_robomaker_warehouse_Lamp_01/materials
[0.456s] -- Up-to-date: /home/pacman/turtlebot3_ws/install/my_world/share/my_world/models/aws_robomaker_warehouse_Lamp_01/materials/textures
[0.456s] -- Up-to-date: /home/pacman/turtlebot3_ws/install/my_world/share/my_world/models/aws_robomaker_warehouse_Lamp_01/materials/textures/aws_robomaker_warehouse_Lamp_01.png
[0.456s] -- Up-to-date: /home/pacman/turtlebot3_ws/install/my_world/share/my_world/models/aws_robomaker_warehouse_Lamp_01/meshes
[0.456s] -- Up-to-date: /home/pacman/turtlebot3_ws/install/my_world/share/my_world/models/aws_robomaker_warehouse_Lamp_01/meshes/aws_robomaker_warehouse_Lamp_01_collision.DAE
[0.456s] -- Up-to-date: /home/pacman/turtlebot3_ws/install/my_world/share/my_world/models/aws_robomaker_warehouse_Lamp_01/meshes/aws_robomaker_warehouse_Lamp_01_visual.DAE
[0.456s] -- Up-to-date: /home/pacman/turtlebot3_ws/install/my_world/share/my_world/models/aws_robomaker_warehouse_ClutteringA_01
[0.456s] -- Up-to-date: /home/pacman/turtlebot3_ws/install/my_world/share/my_world/models/aws_robomaker_warehouse_ClutteringA_01/model.sdf
[0.456s] -- Up-to-date: /home/pacman/turtlebot3_ws/install/my_world/share/my_world/models/aws_robomaker_warehouse_ClutteringA_01/model.config
[0.456s] -- Up-to-date: /home/pacman/turtlebot3_ws/install/my_world/share/my_world/models/aws_robomaker_warehouse_ClutteringA_01/materials
[0.456s] -- Up-to-date: /home/pacman/turtlebot3_ws/install/my_world/share/my_world/models/aws_robomaker_warehouse_ClutteringA_01/materials/textures
[0.456s] -- Up-to-date: /home/pacman/turtlebot3_ws/install/my_world/share/my_world/models/aws_robomaker_warehouse_ClutteringA_01/materials/textures/aws_robomaker_warehouse_ClutteringA_03.png
[0.456s] -- Up-to-date: /home/pacman/turtlebot3_ws/install/my_world/share/my_world/models/aws_robomaker_warehouse_ClutteringA_01/materials/textures/aws_robomaker_warehouse_ClutteringA_02.png
[0.456s] -- Up-to-date: /home/pacman/turtlebot3_ws/install/my_world/share/my_world/models/aws_robomaker_warehouse_ClutteringA_01/materials/textures/aws_robomaker_warehouse_ClutteringA_01.png
[0.456s] -- Up-to-date: /home/pacman/turtlebot3_ws/install/my_world/share/my_world/models/aws_robomaker_warehouse_ClutteringA_01/meshes
[0.456s] -- Up-to-date: /home/pacman/turtlebot3_ws/install/my_world/share/my_world/models/aws_robomaker_warehouse_ClutteringA_01/meshes/aws_robomaker_warehouse_ClutteringA_01_visual.DAE
[0.456s] -- Up-to-date: /home/pacman/turtlebot3_ws/install/my_world/share/my_world/models/aws_robomaker_warehouse_ClutteringA_01/meshes/aws_robomaker_warehouse_ClutteringA_01_collision.DAE
[0.456s] -- Up-to-date: /home/pacman/turtlebot3_ws/install/my_world/share/my_world/models/aws_robomaker_warehouse_GroundB_01
[0.457s] -- Up-to-date: /home/pacman/turtlebot3_ws/install/my_world/share/my_world/models/aws_robomaker_warehouse_GroundB_01/model.sdf
[0.457s] -- Up-to-date: /home/pacman/turtlebot3_ws/install/my_world/share/my_world/models/aws_robomaker_warehouse_GroundB_01/model.config
[0.457s] -- Up-to-date: /home/pacman/turtlebot3_ws/install/my_world/share/my_world/models/aws_robomaker_warehouse_GroundB_01/materials
[0.457s] -- Up-to-date: /home/pacman/turtlebot3_ws/install/my_world/share/my_world/models/aws_robomaker_warehouse_GroundB_01/materials/textures
[0.457s] -- Up-to-date: /home/pacman/turtlebot3_ws/install/my_world/share/my_world/models/aws_robomaker_warehouse_GroundB_01/materials/textures/aws_robomaker_warehouse_GroundB_01.png
[0.457s] -- Up-to-date: /home/pacman/turtlebot3_ws/install/my_world/share/my_world/models/aws_robomaker_warehouse_GroundB_01/materials/textures/aws_robomaker_warehouse_GroundB_02.png
[0.457s] -- Up-to-date: /home/pacman/turtlebot3_ws/install/my_world/share/my_world/models/aws_robomaker_warehouse_GroundB_01/meshes
[0.457s] -- Up-to-date: /home/pacman/turtlebot3_ws/install/my_world/share/my_world/models/aws_robomaker_warehouse_GroundB_01/meshes/aws_robomaker_warehouse_GroundB_01_collision.DAE
[0.457s] -- Up-to-date: /home/pacman/turtlebot3_ws/install/my_world/share/my_world/models/aws_robomaker_warehouse_GroundB_01/meshes/aws_robomaker_warehouse_GroundB_01_visual.DAE
[0.457s] -- Up-to-date: /home/pacman/turtlebot3_ws/install/my_world/share/my_world/models/aws_robomaker_warehouse_PalletJackB_01
[0.457s] -- Up-to-date: /home/pacman/turtlebot3_ws/install/my_world/share/my_world/models/aws_robomaker_warehouse_PalletJackB_01/model.sdf
[0.457s] -- Up-to-date: /home/pacman/turtlebot3_ws/install/my_world/share/my_world/models/aws_robomaker_warehouse_PalletJackB_01/model.config
[0.457s] -- Up-to-date: /home/pacman/turtlebot3_ws/install/my_world/share/my_world/models/aws_robomaker_warehouse_PalletJackB_01/materials
[0.457s] -- Up-to-date: /home/pacman/turtlebot3_ws/install/my_world/share/my_world/models/aws_robomaker_warehouse_PalletJackB_01/materials/textures
[0.457s] -- Up-to-date: /home/pacman/turtlebot3_ws/install/my_world/share/my_world/models/aws_robomaker_warehouse_PalletJackB_01/materials/textures/aws_robomaker_warehouse_PalletJackB_02.png
[0.457s] -- Up-to-date: /home/pacman/turtlebot3_ws/install/my_world/share/my_world/models/aws_robomaker_warehouse_PalletJackB_01/materials/textures/aws_robomaker_warehouse_PalletJackB_01.png
[0.457s] -- Up-to-date: /home/pacman/turtlebot3_ws/install/my_world/share/my_world/models/aws_robomaker_warehouse_PalletJackB_01/meshes
[0.457s] -- Up-to-date: /home/pacman/turtlebot3_ws/install/my_world/share/my_world/models/aws_robomaker_warehouse_PalletJackB_01/meshes/aws_robomaker_warehouse_PalletJackB_01_visual.DAE
[0.457s] -- Up-to-date: /home/pacman/turtlebot3_ws/install/my_world/share/my_world/models/aws_robomaker_warehouse_PalletJackB_01/meshes/aws_robomaker_warehouse_PalletJackB_01_collision.DAE
[0.457s] -- Up-to-date: /home/pacman/turtlebot3_ws/install/my_world/share/my_world/models/aws_robomaker_warehouse_ShelfE_01
[0.457s] -- Up-to-date: /home/pacman/turtlebot3_ws/install/my_world/share/my_world/models/aws_robomaker_warehouse_ShelfE_01/model.sdf
[0.457s] -- Up-to-date: /home/pacman/turtlebot3_ws/install/my_world/share/my_world/models/aws_robomaker_warehouse_ShelfE_01/model.config
[0.457s] -- Up-to-date: /home/pacman/turtlebot3_ws/install/my_world/share/my_world/models/aws_robomaker_warehouse_ShelfE_01/materials
[0.457s] -- Up-to-date: /home/pacman/turtlebot3_ws/install/my_world/share/my_world/models/aws_robomaker_warehouse_ShelfE_01/materials/textures
[0.457s] -- Up-to-date: /home/pacman/turtlebot3_ws/install/my_world/share/my_world/models/aws_robomaker_warehouse_ShelfE_01/materials/textures/aws_robomaker_warehouse_ShelfE_02.png
[0.457s] -- Up-to-date: /home/pacman/turtlebot3_ws/install/my_world/share/my_world/models/aws_robomaker_warehouse_ShelfE_01/materials/textures/aws_robomaker_warehouse_ShelfE_04.png
[0.457s] -- Up-to-date: /home/pacman/turtlebot3_ws/install/my_world/share/my_world/models/aws_robomaker_warehouse_ShelfE_01/materials/textures/aws_robomaker_warehouse_ShelfE_03.png
[0.457s] -- Up-to-date: /home/pacman/turtlebot3_ws/install/my_world/share/my_world/models/aws_robomaker_warehouse_ShelfE_01/materials/textures/aws_robomaker_warehouse_ShelfE_01.png
[0.457s] -- Up-to-date: /home/pacman/turtlebot3_ws/install/my_world/share/my_world/models/aws_robomaker_warehouse_ShelfE_01/meshes
[0.457s] -- Up-to-date: /home/pacman/turtlebot3_ws/install/my_world/share/my_world/models/aws_robomaker_warehouse_ShelfE_01/meshes/aws_robomaker_warehouse_ShelfE_01_visual.DAE
[0.457s] -- Up-to-date: /home/pacman/turtlebot3_ws/install/my_world/share/my_world/models/aws_robomaker_warehouse_ShelfE_01/meshes/aws_robomaker_warehouse_ShelfE_01_collision.DAE
[0.457s] -- Up-to-date: /home/pacman/turtlebot3_ws/install/my_world/share/my_world/models/aws_robomaker_warehouse_DeskC_01
[0.457s] -- Up-to-date: /home/pacman/turtlebot3_ws/install/my_world/share/my_world/models/aws_robomaker_warehouse_DeskC_01/model.sdf
[0.457s] -- Up-to-date: /home/pacman/turtlebot3_ws/install/my_world/share/my_world/models/aws_robomaker_warehouse_DeskC_01/model.config
[0.457s] -- Up-to-date: /home/pacman/turtlebot3_ws/install/my_world/share/my_world/models/aws_robomaker_warehouse_DeskC_01/materials
[0.457s] -- Up-to-date: /home/pacman/turtlebot3_ws/install/my_world/share/my_world/models/aws_robomaker_warehouse_DeskC_01/materials/textures
[0.458s] -- Up-to-date: /home/pacman/turtlebot3_ws/install/my_world/share/my_world/models/aws_robomaker_warehouse_DeskC_01/materials/textures/aws_robomaker_warehouse_DeskC_03.psd
[0.458s] -- Up-to-date: /home/pacman/turtlebot3_ws/install/my_world/share/my_world/models/aws_robomaker_warehouse_DeskC_01/materials/textures/aws_robomaker_warehouse_DeskC_04.png
[0.458s] -- Up-to-date: /home/pacman/turtlebot3_ws/install/my_world/share/my_world/models/aws_robomaker_warehouse_DeskC_01/materials/textures/aws_robomaker_warehouse_DeskC_02.png
[0.458s] -- Up-to-date: /home/pacman/turtlebot3_ws/install/my_world/share/my_world/models/aws_robomaker_warehouse_DeskC_01/materials/textures/aws_robomaker_warehouse_DeskC_01.png
[0.458s] -- Up-to-date: /home/pacman/turtlebot3_ws/install/my_world/share/my_world/models/aws_robomaker_warehouse_DeskC_01/materials/textures/aws_robomaker_warehouse_DeskC_03.png
[0.458s] -- Up-to-date: /home/pacman/turtlebot3_ws/install/my_world/share/my_world/models/aws_robomaker_warehouse_DeskC_01/meshes
[0.458s] -- Up-to-date: /home/pacman/turtlebot3_ws/install/my_world/share/my_world/models/aws_robomaker_warehouse_DeskC_01/meshes/aws_robomaker_warehouse_DeskC_01_collision.DAE
[0.458s] -- Up-to-date: /home/pacman/turtlebot3_ws/install/my_world/share/my_world/models/aws_robomaker_warehouse_DeskC_01/meshes/aws_robomaker_warehouse_DeskC_01_visual.DAE
[0.458s] -- Up-to-date: /home/pacman/turtlebot3_ws/install/my_world/share/my_world/models/aws_robomaker_warehouse_ClutteringC_01
[0.458s] -- Up-to-date: /home/pacman/turtlebot3_ws/install/my_world/share/my_world/models/aws_robomaker_warehouse_ClutteringC_01/model.sdf
[0.458s] -- Up-to-date: /home/pacman/turtlebot3_ws/install/my_world/share/my_world/models/aws_robomaker_warehouse_ClutteringC_01/model.config
[0.458s] -- Up-to-date: /home/pacman/turtlebot3_ws/install/my_world/share/my_world/models/aws_robomaker_warehouse_ClutteringC_01/materials
[0.458s] -- Up-to-date: /home/pacman/turtlebot3_ws/install/my_world/share/my_world/models/aws_robomaker_warehouse_ClutteringC_01/materials/textures
[0.458s] -- Up-to-date: /home/pacman/turtlebot3_ws/install/my_world/share/my_world/models/aws_robomaker_warehouse_ClutteringC_01/materials/textures/aws_robomaker_warehouse_ClutteringC_02.png
[0.458s] -- Up-to-date: /home/pacman/turtlebot3_ws/install/my_world/share/my_world/models/aws_robomaker_warehouse_ClutteringC_01/materials/textures/aws_robomaker_warehouse_ClutteringC_01.png
[0.458s] -- Up-to-date: /home/pacman/turtlebot3_ws/install/my_world/share/my_world/models/aws_robomaker_warehouse_ClutteringC_01/meshes
[0.458s] -- Up-to-date: /home/pacman/turtlebot3_ws/install/my_world/share/my_world/models/aws_robomaker_warehouse_ClutteringC_01/meshes/aws_robomaker_warehouse_ClutteringC_01_collision.DAE
[0.458s] -- Up-to-date: /home/pacman/turtlebot3_ws/install/my_world/share/my_world/models/aws_robomaker_warehouse_ClutteringC_01/meshes/aws_robomaker_warehouse_ClutteringC_01_visual.DAE
[0.458s] -- Up-to-date: /home/pacman/turtlebot3_ws/install/my_world/share/my_world/models/aws_robomaker_warehouse_TrashCanC_01
[0.458s] -- Up-to-date: /home/pacman/turtlebot3_ws/install/my_world/share/my_world/models/aws_robomaker_warehouse_TrashCanC_01/model.sdf
[0.458s] -- Up-to-date: /home/pacman/turtlebot3_ws/install/my_world/share/my_world/models/aws_robomaker_warehouse_TrashCanC_01/model.config
[0.458s] -- Up-to-date: /home/pacman/turtlebot3_ws/install/my_world/share/my_world/models/aws_robomaker_warehouse_TrashCanC_01/materials
[0.458s] -- Up-to-date: /home/pacman/turtlebot3_ws/install/my_world/share/my_world/models/aws_robomaker_warehouse_TrashCanC_01/materials/textures
[0.458s] -- Up-to-date: /home/pacman/turtlebot3_ws/install/my_world/share/my_world/models/aws_robomaker_warehouse_TrashCanC_01/materials/textures/aws_robomaker_warehouse_TrashCanC_01.png
[0.458s] -- Up-to-date: /home/pacman/turtlebot3_ws/install/my_world/share/my_world/models/aws_robomaker_warehouse_TrashCanC_01/meshes
[0.458s] -- Up-to-date: /home/pacman/turtlebot3_ws/install/my_world/share/my_world/models/aws_robomaker_warehouse_TrashCanC_01/meshes/aws_robomaker_warehouse_TrashCanC_01_collision.DAE
[0.458s] -- Up-to-date: /home/pacman/turtlebot3_ws/install/my_world/share/my_world/models/aws_robomaker_warehouse_TrashCanC_01/meshes/aws_robomaker_warehouse_TrashCanC_01_visual.DAE
[0.458s] -- Up-to-date: /home/pacman/turtlebot3_ws/install/my_world/share/my_world/models/aws_robomaker_warehouse_Bucket_01
[0.458s] -- Up-to-date: /home/pacman/turtlebot3_ws/install/my_world/share/my_world/models/aws_robomaker_warehouse_Bucket_01/model.sdf
[0.458s] -- Up-to-date: /home/pacman/turtlebot3_ws/install/my_world/share/my_world/models/aws_robomaker_warehouse_Bucket_01/model.config
[0.458s] -- Up-to-date: /home/pacman/turtlebot3_ws/install/my_world/share/my_world/models/aws_robomaker_warehouse_Bucket_01/materials
[0.458s] -- Up-to-date: /home/pacman/turtlebot3_ws/install/my_world/share/my_world/models/aws_robomaker_warehouse_Bucket_01/materials/textures
[0.458s] -- Up-to-date: /home/pacman/turtlebot3_ws/install/my_world/share/my_world/models/aws_robomaker_warehouse_Bucket_01/materials/textures/aws_robomaker_warehouse_Bucket_01.png
[0.458s] -- Up-to-date: /home/pacman/turtlebot3_ws/install/my_world/share/my_world/models/aws_robomaker_warehouse_Bucket_01/materials/.DS_Store
[0.459s] -- Up-to-date: /home/pacman/turtlebot3_ws/install/my_world/share/my_world/models/aws_robomaker_warehouse_Bucket_01/.DS_Store
[0.459s] -- Up-to-date: /home/pacman/turtlebot3_ws/install/my_world/share/my_world/models/aws_robomaker_warehouse_Bucket_01/meshes
[0.459s] -- Up-to-date: /home/pacman/turtlebot3_ws/install/my_world/share/my_world/models/aws_robomaker_warehouse_Bucket_01/meshes/aws_robomaker_warehouse_Bucket_01_collision.DAE
[0.459s] -- Up-to-date: /home/pacman/turtlebot3_ws/install/my_world/share/my_world/models/aws_robomaker_warehouse_Bucket_01/meshes/aws_robomaker_warehouse_Bucket_01_visual.DAE
[0.459s] -- Up-to-date: /home/pacman/turtlebot3_ws/install/my_world/share/my_world/models/aws_robomaker_warehouse_ClutteringD_01
[0.459s] -- Up-to-date: /home/pacman/turtlebot3_ws/install/my_world/share/my_world/models/aws_robomaker_warehouse_ClutteringD_01/model.sdf
[0.459s] -- Up-to-date: /home/pacman/turtlebot3_ws/install/my_world/share/my_world/models/aws_robomaker_warehouse_ClutteringD_01/model.config
[0.459s] -- Up-to-date: /home/pacman/turtlebot3_ws/install/my_world/share/my_world/models/aws_robomaker_warehouse_ClutteringD_01/materials
[0.459s] -- Up-to-date: /home/pacman/turtlebot3_ws/install/my_world/share/my_world/models/aws_robomaker_warehouse_ClutteringD_01/materials/textures
[0.459s] -- Up-to-date: /home/pacman/turtlebot3_ws/install/my_world/share/my_world/models/aws_robomaker_warehouse_ClutteringD_01/materials/textures/aws_robomaker_warehouse_ClutteringD_02.png
[0.459s] -- Up-to-date: /home/pacman/turtlebot3_ws/install/my_world/share/my_world/models/aws_robomaker_warehouse_ClutteringD_01/materials/textures/aws_robomaker_warehouse_ClutteringD_01.png
[0.459s] -- Up-to-date: /home/pacman/turtlebot3_ws/install/my_world/share/my_world/models/aws_robomaker_warehouse_ClutteringD_01/meshes
[0.459s] -- Up-to-date: /home/pacman/turtlebot3_ws/install/my_world/share/my_world/models/aws_robomaker_warehouse_ClutteringD_01/meshes/aws_robomaker_warehouse_ClutteringD_01_visual.DAE
[0.459s] -- Up-to-date: /home/pacman/turtlebot3_ws/install/my_world/share/my_world/models/aws_robomaker_warehouse_ClutteringD_01/meshes/aws_robomaker_warehouse_ClutteringD_01_collision.DAE
[0.459s] -- Up-to-date: /home/pacman/turtlebot3_ws/install/my_world/share/my_world/models/aws_robomaker_warehouse_WallB_01
[0.459s] -- Up-to-date: /home/pacman/turtlebot3_ws/install/my_world/share/my_world/models/aws_robomaker_warehouse_WallB_01/model.sdf
[0.459s] -- Up-to-date: /home/pacman/turtlebot3_ws/install/my_world/share/my_world/models/aws_robomaker_warehouse_WallB_01/model.config
[0.459s] -- Up-to-date: /home/pacman/turtlebot3_ws/install/my_world/share/my_world/models/aws_robomaker_warehouse_WallB_01/materials
[0.460s] -- Up-to-date: /home/pacman/turtlebot3_ws/install/my_world/share/my_world/models/aws_robomaker_warehouse_WallB_01/materials/textures
[0.460s] -- Up-to-date: /home/pacman/turtlebot3_ws/install/my_world/share/my_world/models/aws_robomaker_warehouse_WallB_01/materials/textures/aws_robomaker_warehouse_WallB_01.png
[0.460s] -- Up-to-date: /home/pacman/turtlebot3_ws/install/my_world/share/my_world/models/aws_robomaker_warehouse_WallB_01/meshes
[0.460s] -- Up-to-date: /home/pacman/turtlebot3_ws/install/my_world/share/my_world/models/aws_robomaker_warehouse_WallB_01/meshes/aws_robomaker_warehouse_WallB_01_collision.DAE
[0.460s] -- Up-to-date: /home/pacman/turtlebot3_ws/install/my_world/share/my_world/models/aws_robomaker_warehouse_WallB_01/meshes/aws_robomaker_warehouse_WallB_01_visual.DAE
[0.460s] -- Up-to-date: /home/pacman/turtlebot3_ws/install/my_world/share/my_world/models/aws_robomaker_warehouse_ShelfF_01
[0.460s] -- Up-to-date: /home/pacman/turtlebot3_ws/install/my_world/share/my_world/models/aws_robomaker_warehouse_ShelfF_01/model.sdf
[0.460s] -- Up-to-date: /home/pacman/turtlebot3_ws/install/my_world/share/my_world/models/aws_robomaker_warehouse_ShelfF_01/model.config
[0.460s] -- Up-to-date: /home/pacman/turtlebot3_ws/install/my_world/share/my_world/models/aws_robomaker_warehouse_ShelfF_01/materials
[0.460s] -- Up-to-date: /home/pacman/turtlebot3_ws/install/my_world/share/my_world/models/aws_robomaker_warehouse_ShelfF_01/materials/textures
[0.460s] -- Up-to-date: /home/pacman/turtlebot3_ws/install/my_world/share/my_world/models/aws_robomaker_warehouse_ShelfF_01/materials/textures/aws_robomaker_warehouse_ShelfF_02.png
[0.460s] -- Up-to-date: /home/pacman/turtlebot3_ws/install/my_world/share/my_world/models/aws_robomaker_warehouse_ShelfF_01/materials/textures/aws_robomaker_warehouse_ShelfF_03.png
[0.460s] -- Up-to-date: /home/pacman/turtlebot3_ws/install/my_world/share/my_world/models/aws_robomaker_warehouse_ShelfF_01/materials/textures/aws_robomaker_warehouse_ShelfF_01.png
[0.460s] -- Up-to-date: /home/pacman/turtlebot3_ws/install/my_world/share/my_world/models/aws_robomaker_warehouse_ShelfF_01/meshes
[0.460s] -- Up-to-date: /home/pacman/turtlebot3_ws/install/my_world/share/my_world/models/aws_robomaker_warehouse_ShelfF_01/meshes/aws_robomaker_warehouse_ShelfF_01_visual.DAE
[0.460s] -- Up-to-date: /home/pacman/turtlebot3_ws/install/my_world/share/my_world/models/aws_robomaker_warehouse_ShelfF_01/meshes/aws_robomaker_warehouse_ShelfF_01_collision.DAE
[0.460s] -- Up-to-date: /home/pacman/turtlebot3_ws/install/my_world/share/my_world/rviz
[0.460s] -- Up-to-date: /home/pacman/turtlebot3_ws/install/my_world/share/my_world/rviz/basic_data.rviz
[0.460s] -- Up-to-date: /home/pacman/turtlebot3_ws/install/my_world/share/my_world/worlds
[0.460s] -- Up-to-date: /home/pacman/turtlebot3_ws/install/my_world/share/my_world/worlds/warehouse.world
[0.460s] -- Installing: /home/pacman/turtlebot3_ws/install/my_world/share/ament_index/resource_index/package_run_dependencies/my_world
[0.460s] -- Installing: /home/pacman/turtlebot3_ws/install/my_world/share/ament_index/resource_index/parent_prefix_path/my_world
[0.460s] -- Installing: /home/pacman/turtlebot3_ws/install/my_world/share/my_world/environment/ament_prefix_path.sh
[0.460s] -- Installing: /home/pacman/turtlebot3_ws/install/my_world/share/my_world/environment/ament_prefix_path.dsv
[0.460s] -- Installing: /home/pacman/turtlebot3_ws/install/my_world/share/my_world/environment/path.sh
[0.460s] -- Installing: /home/pacman/turtlebot3_ws/install/my_world/share/my_world/environment/path.dsv
[0.460s] -- Installing: /home/pacman/turtlebot3_ws/install/my_world/share/my_world/local_setup.bash
[0.460s] -- Installing: /home/pacman/turtlebot3_ws/install/my_world/share/my_world/local_setup.sh
[0.460s] -- Installing: /home/pacman/turtlebot3_ws/install/my_world/share/my_world/local_setup.zsh
[0.460s] -- Installing: /home/pacman/turtlebot3_ws/install/my_world/share/my_world/local_setup.dsv
[0.461s] -- Installing: /home/pacman/turtlebot3_ws/install/my_world/share/my_world/package.dsv
[0.461s] -- Installing: /home/pacman/turtlebot3_ws/install/my_world/share/ament_index/resource_index/packages/my_world
[0.461s] -- Installing: /home/pacman/turtlebot3_ws/install/my_world/share/my_world/cmake/my_worldConfig.cmake
[0.461s] -- Installing: /home/pacman/turtlebot3_ws/install/my_world/share/my_world/cmake/my_worldConfig-version.cmake
[0.461s] -- Installing: /home/pacman/turtlebot3_ws/install/my_world/share/my_world/package.xml
[0.466s] Invoked command in '/home/pacman/turtlebot3_ws/build/my_world' returned '0': CMAKE_PREFIX_PATH=/opt/ros/humble /usr/bin/cmake --install /home/pacman/turtlebot3_ws/build/my_world
