[0.010s] Invoking command in '/home/pacman/turtlebot3_ws/build/turtlebot3_bringup': CMAKE_PREFIX_PATH=/home/pacman/turtlebot3_ws/install/turtlebot3_node:/home/pacman/turtlebot3_ws/install/turtlebot3_msgs:/home/pacman/turtlebot3_ws/install/turtlebot3_description:/home/pacman/turtlebot3_ws/install/hls_lfcd_lds_driver:/home/pacman/turtlebot3_ws/install/dynamixel_sdk:/home/pacman/turtlebot3_ws/install/turtlebot3:/home/pacman/turtlebot3_ws/install/turtlebot3_simulations:/home/pacman/turtlebot3_ws/install/turtlebot3_bringup:/home/pacman/turtlebot3_ws/install/turtlebot3_navigation2:/home/pacman/turtlebot3_ws/install/turtlebot3_fake_node:/home/pacman/turtlebot3_ws/install/turtlebot3_gazebo:/home/pacman/turtlebot3_ws/install/turtlebot3_cartographer:/home/pacman/turtlebot3_ws/install/dynamixel_sdk_examples:/home/pacman/turtlebot3_ws/install/dynamixel_sdk_custom_interfaces:/home/pacman/turtlebot3_ws/install/turtlebot3_teleop:/home/pacman/turtlebot3_ws/install/turtlebot3_example:/opt/ros/humble LD_LIBRARY_PATH=/home/pacman/turtlebot3_ws/install/turtlebot3_msgs/lib:/home/pacman/turtlebot3_ws/install/dynamixel_sdk/lib:/home/pacman/turtlebot3_ws/install/dynamixel_sdk_custom_interfaces/lib:/usr/lib/x86_64-linux-gnu/gazebo-11/plugins:/opt/ros/humble/opt/rviz_ogre_vendor/lib:/opt/ros/humble/lib/x86_64-linux-gnu:/opt/ros/humble/lib:/usr/lib/x86_64-linux-gnu/gazebo-11/plugins /usr/bin/cmake /home/pacman/turtlebot3_ws/src/turtlebot3/turtlebot3/turtlebot3_bringup -DAMENT_CMAKE_SYMLINK_INSTALL=1 -DCMAKE_INSTALL_PREFIX=/home/pacman/turtlebot3_ws/install/turtlebot3_bringup
[0.070s] -- The C compiler identification is GNU 11.4.0
[0.109s] -- The CXX compiler identification is GNU 11.4.0
[0.113s] -- Detecting C compiler ABI info
[0.160s] -- Detecting C compiler ABI info - done
[0.164s] -- Check for working C compiler: /usr/bin/cc - skipped
[0.164s] -- Detecting C compile features
[0.164s] -- Detecting C compile features - done
[0.166s] -- Detecting CXX compiler ABI info
[0.222s] -- Detecting CXX compiler ABI info - done
[0.230s] -- Check for working CXX compiler: /usr/bin/c++ - skipped
[0.230s] -- Detecting CXX compile features
[0.230s] -- Detecting CXX compile features - done
[0.233s] -- Found ament_cmake: 1.3.10 (/opt/ros/humble/share/ament_cmake/cmake)
[0.333s] -- Found Python3: /usr/bin/python3 (found version "3.10.12") found components: Interpreter 
[0.374s] -- Override CMake install command with custom implementation using symlinks instead of copying resources
[0.435s] -- Configuring done
[0.436s] -- Generating done
[0.436s] -- Build files have been written to: /home/pacman/turtlebot3_ws/build/turtlebot3_bringup
[0.439s] Invoked command in '/home/pacman/turtlebot3_ws/build/turtlebot3_bringup' returned '0': CMAKE_PREFIX_PATH=/home/pacman/turtlebot3_ws/install/turtlebot3_node:/home/pacman/turtlebot3_ws/install/turtlebot3_msgs:/home/pacman/turtlebot3_ws/install/turtlebot3_description:/home/pacman/turtlebot3_ws/install/hls_lfcd_lds_driver:/home/pacman/turtlebot3_ws/install/dynamixel_sdk:/home/pacman/turtlebot3_ws/install/turtlebot3:/home/pacman/turtlebot3_ws/install/turtlebot3_simulations:/home/pacman/turtlebot3_ws/install/turtlebot3_bringup:/home/pacman/turtlebot3_ws/install/turtlebot3_navigation2:/home/pacman/turtlebot3_ws/install/turtlebot3_fake_node:/home/pacman/turtlebot3_ws/install/turtlebot3_gazebo:/home/pacman/turtlebot3_ws/install/turtlebot3_cartographer:/home/pacman/turtlebot3_ws/install/dynamixel_sdk_examples:/home/pacman/turtlebot3_ws/install/dynamixel_sdk_custom_interfaces:/home/pacman/turtlebot3_ws/install/turtlebot3_teleop:/home/pacman/turtlebot3_ws/install/turtlebot3_example:/opt/ros/humble LD_LIBRARY_PATH=/home/pacman/turtlebot3_ws/install/turtlebot3_msgs/lib:/home/pacman/turtlebot3_ws/install/dynamixel_sdk/lib:/home/pacman/turtlebot3_ws/install/dynamixel_sdk_custom_interfaces/lib:/usr/lib/x86_64-linux-gnu/gazebo-11/plugins:/opt/ros/humble/opt/rviz_ogre_vendor/lib:/opt/ros/humble/lib/x86_64-linux-gnu:/opt/ros/humble/lib:/usr/lib/x86_64-linux-gnu/gazebo-11/plugins /usr/bin/cmake /home/pacman/turtlebot3_ws/src/turtlebot3/turtlebot3/turtlebot3_bringup -DAMENT_CMAKE_SYMLINK_INSTALL=1 -DCMAKE_INSTALL_PREFIX=/home/pacman/turtlebot3_ws/install/turtlebot3_bringup
[0.440s] Invoking command in '/home/pacman/turtlebot3_ws/build/turtlebot3_bringup': CMAKE_PREFIX_PATH=/home/pacman/turtlebot3_ws/install/turtlebot3_node:/home/pacman/turtlebot3_ws/install/turtlebot3_msgs:/home/pacman/turtlebot3_ws/install/turtlebot3_description:/home/pacman/turtlebot3_ws/install/hls_lfcd_lds_driver:/home/pacman/turtlebot3_ws/install/dynamixel_sdk:/home/pacman/turtlebot3_ws/install/turtlebot3:/home/pacman/turtlebot3_ws/install/turtlebot3_simulations:/home/pacman/turtlebot3_ws/install/turtlebot3_bringup:/home/pacman/turtlebot3_ws/install/turtlebot3_navigation2:/home/pacman/turtlebot3_ws/install/turtlebot3_fake_node:/home/pacman/turtlebot3_ws/install/turtlebot3_gazebo:/home/pacman/turtlebot3_ws/install/turtlebot3_cartographer:/home/pacman/turtlebot3_ws/install/dynamixel_sdk_examples:/home/pacman/turtlebot3_ws/install/dynamixel_sdk_custom_interfaces:/home/pacman/turtlebot3_ws/install/turtlebot3_teleop:/home/pacman/turtlebot3_ws/install/turtlebot3_example:/opt/ros/humble LD_LIBRARY_PATH=/home/pacman/turtlebot3_ws/install/turtlebot3_msgs/lib:/home/pacman/turtlebot3_ws/install/dynamixel_sdk/lib:/home/pacman/turtlebot3_ws/install/dynamixel_sdk_custom_interfaces/lib:/usr/lib/x86_64-linux-gnu/gazebo-11/plugins:/opt/ros/humble/opt/rviz_ogre_vendor/lib:/opt/ros/humble/lib/x86_64-linux-gnu:/opt/ros/humble/lib:/usr/lib/x86_64-linux-gnu/gazebo-11/plugins /usr/bin/cmake --build /home/pacman/turtlebot3_ws/build/turtlebot3_bringup -- -j12 -l12
[0.467s] Invoked command in '/home/pacman/turtlebot3_ws/build/turtlebot3_bringup' returned '0': CMAKE_PREFIX_PATH=/home/pacman/turtlebot3_ws/install/turtlebot3_node:/home/pacman/turtlebot3_ws/install/turtlebot3_msgs:/home/pacman/turtlebot3_ws/install/turtlebot3_description:/home/pacman/turtlebot3_ws/install/hls_lfcd_lds_driver:/home/pacman/turtlebot3_ws/install/dynamixel_sdk:/home/pacman/turtlebot3_ws/install/turtlebot3:/home/pacman/turtlebot3_ws/install/turtlebot3_simulations:/home/pacman/turtlebot3_ws/install/turtlebot3_bringup:/home/pacman/turtlebot3_ws/install/turtlebot3_navigation2:/home/pacman/turtlebot3_ws/install/turtlebot3_fake_node:/home/pacman/turtlebot3_ws/install/turtlebot3_gazebo:/home/pacman/turtlebot3_ws/install/turtlebot3_cartographer:/home/pacman/turtlebot3_ws/install/dynamixel_sdk_examples:/home/pacman/turtlebot3_ws/install/dynamixel_sdk_custom_interfaces:/home/pacman/turtlebot3_ws/install/turtlebot3_teleop:/home/pacman/turtlebot3_ws/install/turtlebot3_example:/opt/ros/humble LD_LIBRARY_PATH=/home/pacman/turtlebot3_ws/install/turtlebot3_msgs/lib:/home/pacman/turtlebot3_ws/install/dynamixel_sdk/lib:/home/pacman/turtlebot3_ws/install/dynamixel_sdk_custom_interfaces/lib:/usr/lib/x86_64-linux-gnu/gazebo-11/plugins:/opt/ros/humble/opt/rviz_ogre_vendor/lib:/opt/ros/humble/lib/x86_64-linux-gnu:/opt/ros/humble/lib:/usr/lib/x86_64-linux-gnu/gazebo-11/plugins /usr/bin/cmake --build /home/pacman/turtlebot3_ws/build/turtlebot3_bringup -- -j12 -l12
[0.486s] Invoking command in '/home/pacman/turtlebot3_ws/build/turtlebot3_bringup': CMAKE_PREFIX_PATH=/home/pacman/turtlebot3_ws/install/turtlebot3_node:/home/pacman/turtlebot3_ws/install/turtlebot3_msgs:/home/pacman/turtlebot3_ws/install/turtlebot3_description:/home/pacman/turtlebot3_ws/install/hls_lfcd_lds_driver:/home/pacman/turtlebot3_ws/install/dynamixel_sdk:/home/pacman/turtlebot3_ws/install/turtlebot3:/home/pacman/turtlebot3_ws/install/turtlebot3_simulations:/home/pacman/turtlebot3_ws/install/turtlebot3_bringup:/home/pacman/turtlebot3_ws/install/turtlebot3_navigation2:/home/pacman/turtlebot3_ws/install/turtlebot3_fake_node:/home/pacman/turtlebot3_ws/install/turtlebot3_gazebo:/home/pacman/turtlebot3_ws/install/turtlebot3_cartographer:/home/pacman/turtlebot3_ws/install/dynamixel_sdk_examples:/home/pacman/turtlebot3_ws/install/dynamixel_sdk_custom_interfaces:/home/pacman/turtlebot3_ws/install/turtlebot3_teleop:/home/pacman/turtlebot3_ws/install/turtlebot3_example:/opt/ros/humble LD_LIBRARY_PATH=/home/pacman/turtlebot3_ws/install/turtlebot3_msgs/lib:/home/pacman/turtlebot3_ws/install/dynamixel_sdk/lib:/home/pacman/turtlebot3_ws/install/dynamixel_sdk_custom_interfaces/lib:/usr/lib/x86_64-linux-gnu/gazebo-11/plugins:/opt/ros/humble/opt/rviz_ogre_vendor/lib:/opt/ros/humble/lib/x86_64-linux-gnu:/opt/ros/humble/lib:/usr/lib/x86_64-linux-gnu/gazebo-11/plugins /usr/bin/cmake --install /home/pacman/turtlebot3_ws/build/turtlebot3_bringup
[0.490s] -- Install configuration: ""
[0.491s] -- Execute custom install script
[0.491s] -- Symlinking: /home/pacman/turtlebot3_ws/install/turtlebot3_bringup/share/turtlebot3_bringup/launch/robot.launch.py
[0.497s] -- Symlinking: /home/pacman/turtlebot3_ws/install/turtlebot3_bringup/share/turtlebot3_bringup/launch/rviz2.launch.py
[0.502s] -- Symlinking: /home/pacman/turtlebot3_ws/install/turtlebot3_bringup/share/turtlebot3_bringup/launch/turtlebot3_state_publisher.launch.py
[0.509s] -- Symlinking: /home/pacman/turtlebot3_ws/install/turtlebot3_bringup/share/turtlebot3_bringup/param/burger.yaml
[0.515s] -- Symlinking: /home/pacman/turtlebot3_ws/install/turtlebot3_bringup/share/turtlebot3_bringup/param/waffle.yaml
[0.519s] -- Symlinking: /home/pacman/turtlebot3_ws/install/turtlebot3_bringup/share/turtlebot3_bringup/param/waffle_pi.yaml
[0.524s] -- Symlinking: /home/pacman/turtlebot3_ws/install/turtlebot3_bringup/share/turtlebot3_bringup/script/99-turtlebot3-cdc.rules
[0.529s] -- Symlinking: /home/pacman/turtlebot3_ws/install/turtlebot3_bringup/share/turtlebot3_bringup/script/create_udev_rules
[0.536s] -- Symlinking: /home/pacman/turtlebot3_ws/install/turtlebot3_bringup/share/ament_index/resource_index/package_run_dependencies/turtlebot3_bringup
[0.541s] -- Symlinking: /home/pacman/turtlebot3_ws/install/turtlebot3_bringup/share/ament_index/resource_index/parent_prefix_path/turtlebot3_bringup
[0.548s] -- Symlinking: /home/pacman/turtlebot3_ws/install/turtlebot3_bringup/share/turtlebot3_bringup/environment/ament_prefix_path.sh
[0.553s] -- Symlinking: /home/pacman/turtlebot3_ws/install/turtlebot3_bringup/share/turtlebot3_bringup/environment/ament_prefix_path.dsv
[0.558s] -- Symlinking: /home/pacman/turtlebot3_ws/install/turtlebot3_bringup/share/turtlebot3_bringup/environment/path.sh
[0.563s] -- Symlinking: /home/pacman/turtlebot3_ws/install/turtlebot3_bringup/share/turtlebot3_bringup/environment/path.dsv
[0.570s] -- Symlinking: /home/pacman/turtlebot3_ws/install/turtlebot3_bringup/share/turtlebot3_bringup/local_setup.bash
[0.575s] -- Symlinking: /home/pacman/turtlebot3_ws/install/turtlebot3_bringup/share/turtlebot3_bringup/local_setup.sh
[0.582s] -- Symlinking: /home/pacman/turtlebot3_ws/install/turtlebot3_bringup/share/turtlebot3_bringup/local_setup.zsh
[0.587s] -- Symlinking: /home/pacman/turtlebot3_ws/install/turtlebot3_bringup/share/turtlebot3_bringup/local_setup.dsv
[0.594s] -- Symlinking: /home/pacman/turtlebot3_ws/install/turtlebot3_bringup/share/turtlebot3_bringup/package.dsv
[0.600s] -- Symlinking: /home/pacman/turtlebot3_ws/install/turtlebot3_bringup/share/ament_index/resource_index/packages/turtlebot3_bringup
[0.607s] -- Symlinking: /home/pacman/turtlebot3_ws/install/turtlebot3_bringup/share/turtlebot3_bringup/cmake/turtlebot3_bringupConfig.cmake
[0.612s] -- Symlinking: /home/pacman/turtlebot3_ws/install/turtlebot3_bringup/share/turtlebot3_bringup/cmake/turtlebot3_bringupConfig-version.cmake
[0.619s] -- Symlinking: /home/pacman/turtlebot3_ws/install/turtlebot3_bringup/share/turtlebot3_bringup/package.xml
[0.628s] Invoked command in '/home/pacman/turtlebot3_ws/build/turtlebot3_bringup' returned '0': CMAKE_PREFIX_PATH=/home/pacman/turtlebot3_ws/install/turtlebot3_node:/home/pacman/turtlebot3_ws/install/turtlebot3_msgs:/home/pacman/turtlebot3_ws/install/turtlebot3_description:/home/pacman/turtlebot3_ws/install/hls_lfcd_lds_driver:/home/pacman/turtlebot3_ws/install/dynamixel_sdk:/home/pacman/turtlebot3_ws/install/turtlebot3:/home/pacman/turtlebot3_ws/install/turtlebot3_simulations:/home/pacman/turtlebot3_ws/install/turtlebot3_bringup:/home/pacman/turtlebot3_ws/install/turtlebot3_navigation2:/home/pacman/turtlebot3_ws/install/turtlebot3_fake_node:/home/pacman/turtlebot3_ws/install/turtlebot3_gazebo:/home/pacman/turtlebot3_ws/install/turtlebot3_cartographer:/home/pacman/turtlebot3_ws/install/dynamixel_sdk_examples:/home/pacman/turtlebot3_ws/install/dynamixel_sdk_custom_interfaces:/home/pacman/turtlebot3_ws/install/turtlebot3_teleop:/home/pacman/turtlebot3_ws/install/turtlebot3_example:/opt/ros/humble LD_LIBRARY_PATH=/home/pacman/turtlebot3_ws/install/turtlebot3_msgs/lib:/home/pacman/turtlebot3_ws/install/dynamixel_sdk/lib:/home/pacman/turtlebot3_ws/install/dynamixel_sdk_custom_interfaces/lib:/usr/lib/x86_64-linux-gnu/gazebo-11/plugins:/opt/ros/humble/opt/rviz_ogre_vendor/lib:/opt/ros/humble/lib/x86_64-linux-gnu:/opt/ros/humble/lib:/usr/lib/x86_64-linux-gnu/gazebo-11/plugins /usr/bin/cmake --install /home/pacman/turtlebot3_ws/build/turtlebot3_bringup
