[0.030s] Invoking command in '/home/pacman/tortoisebot_rb/build/turtlebot3_navigation2': CMAKE_PREFIX_PATH=${CMAKE_PREFIX_PATH}:/home/pacman/tortoisebot_rb/install/turtlebot3_teleop:/home/pacman/tortoisebot_rb/install/tortoisebot_slam:/home/pacman/tortoisebot_rb/install/tortoisebot_navigation:/home/pacman/tortoisebot_rb/install/tortoisebot_imu:/home/pacman/tortoisebot_rb/install/tortoisebot_control:/opt/ros/humble /usr/bin/cmake /home/pacman/tortoisebot_rb/tortoisebot/turtlebot3/turtlebot3/turtlebot3_navigation2 -DCMAKE_INSTALL_PREFIX=/home/pacman/tortoisebot_rb/install/turtlebot3_navigation2
[0.520s] -- The C compiler identification is GNU 11.4.0
[0.520s] -- The CXX compiler identification is GNU 11.4.0
[0.520s] -- Detecting C compiler ABI info
[0.520s] -- Detecting C compiler ABI info - done
[0.520s] -- Check for working C compiler: /usr/bin/cc - skipped
[0.520s] -- Detecting C compile features
[0.520s] -- Detecting C compile features - done
[0.520s] -- Detecting CXX compiler ABI info
[0.520s] -- Detecting CXX compiler ABI info - done
[0.521s] -- Check for working CXX compiler: /usr/bin/c++ - skipped
[0.521s] -- Detecting CXX compile features
[0.521s] -- Detecting CXX compile features - done
[0.522s] -- Found ament_cmake: 1.3.10 (/opt/ros/humble/share/ament_cmake/cmake)
[0.522s] -- Found Python3: /usr/bin/python3 (found version "3.10.12") found components: Interpreter 
[0.531s] -- Configuring done
[0.546s] -- Generating done
[0.546s] -- Build files have been written to: /home/pacman/tortoisebot_rb/build/turtlebot3_navigation2
[0.547s] Invoked command in '/home/pacman/tortoisebot_rb/build/turtlebot3_navigation2' returned '0': CMAKE_PREFIX_PATH=${CMAKE_PREFIX_PATH}:/home/pacman/tortoisebot_rb/install/turtlebot3_teleop:/home/pacman/tortoisebot_rb/install/tortoisebot_slam:/home/pacman/tortoisebot_rb/install/tortoisebot_navigation:/home/pacman/tortoisebot_rb/install/tortoisebot_imu:/home/pacman/tortoisebot_rb/install/tortoisebot_control:/opt/ros/humble /usr/bin/cmake /home/pacman/tortoisebot_rb/tortoisebot/turtlebot3/turtlebot3/turtlebot3_navigation2 -DCMAKE_INSTALL_PREFIX=/home/pacman/tortoisebot_rb/install/turtlebot3_navigation2
[0.547s] Invoking command in '/home/pacman/tortoisebot_rb/build/turtlebot3_navigation2': CMAKE_PREFIX_PATH=${CMAKE_PREFIX_PATH}:/home/pacman/tortoisebot_rb/install/turtlebot3_teleop:/home/pacman/tortoisebot_rb/install/tortoisebot_slam:/home/pacman/tortoisebot_rb/install/tortoisebot_navigation:/home/pacman/tortoisebot_rb/install/tortoisebot_imu:/home/pacman/tortoisebot_rb/install/tortoisebot_control:/opt/ros/humble /usr/bin/cmake --build /home/pacman/tortoisebot_rb/build/turtlebot3_navigation2 -- -j12 -l12
[0.582s] Invoked command in '/home/pacman/tortoisebot_rb/build/turtlebot3_navigation2' returned '0': CMAKE_PREFIX_PATH=${CMAKE_PREFIX_PATH}:/home/pacman/tortoisebot_rb/install/turtlebot3_teleop:/home/pacman/tortoisebot_rb/install/tortoisebot_slam:/home/pacman/tortoisebot_rb/install/tortoisebot_navigation:/home/pacman/tortoisebot_rb/install/tortoisebot_imu:/home/pacman/tortoisebot_rb/install/tortoisebot_control:/opt/ros/humble /usr/bin/cmake --build /home/pacman/tortoisebot_rb/build/turtlebot3_navigation2 -- -j12 -l12
[0.616s] Invoking command in '/home/pacman/tortoisebot_rb/build/turtlebot3_navigation2': CMAKE_PREFIX_PATH=${CMAKE_PREFIX_PATH}:/home/pacman/tortoisebot_rb/install/turtlebot3_teleop:/home/pacman/tortoisebot_rb/install/tortoisebot_slam:/home/pacman/tortoisebot_rb/install/tortoisebot_navigation:/home/pacman/tortoisebot_rb/install/tortoisebot_imu:/home/pacman/tortoisebot_rb/install/tortoisebot_control:/opt/ros/humble /usr/bin/cmake --install /home/pacman/tortoisebot_rb/build/turtlebot3_navigation2
[0.635s] -- Install configuration: ""
[0.635s] -- Installing: /home/pacman/tortoisebot_rb/install/turtlebot3_navigation2/share/turtlebot3_navigation2/launch
[0.635s] -- Installing: /home/pacman/tortoisebot_rb/install/turtlebot3_navigation2/share/turtlebot3_navigation2/launch/navigation2.launch.py
[0.635s] -- Installing: /home/pacman/tortoisebot_rb/install/turtlebot3_navigation2/share/turtlebot3_navigation2/map
[0.635s] -- Installing: /home/pacman/tortoisebot_rb/install/turtlebot3_navigation2/share/turtlebot3_navigation2/map/map.yaml
[0.635s] -- Installing: /home/pacman/tortoisebot_rb/install/turtlebot3_navigation2/share/turtlebot3_navigation2/map/map.pgm
[0.635s] -- Installing: /home/pacman/tortoisebot_rb/install/turtlebot3_navigation2/share/turtlebot3_navigation2/param
[0.636s] -- Installing: /home/pacman/tortoisebot_rb/install/turtlebot3_navigation2/share/turtlebot3_navigation2/param/burger.yaml
[0.636s] -- Installing: /home/pacman/tortoisebot_rb/install/turtlebot3_navigation2/share/turtlebot3_navigation2/param/waffle.yaml
[0.636s] -- Installing: /home/pacman/tortoisebot_rb/install/turtlebot3_navigation2/share/turtlebot3_navigation2/param/waffle_pi.yaml
[0.636s] -- Installing: /home/pacman/tortoisebot_rb/install/turtlebot3_navigation2/share/turtlebot3_navigation2/rviz
[0.636s] -- Installing: /home/pacman/tortoisebot_rb/install/turtlebot3_navigation2/share/turtlebot3_navigation2/rviz/tb3_navigation2.rviz
[0.636s] -- Installing: /home/pacman/tortoisebot_rb/install/turtlebot3_navigation2/share/ament_index/resource_index/package_run_dependencies/turtlebot3_navigation2
[0.636s] -- Installing: /home/pacman/tortoisebot_rb/install/turtlebot3_navigation2/share/ament_index/resource_index/parent_prefix_path/turtlebot3_navigation2
[0.636s] -- Installing: /home/pacman/tortoisebot_rb/install/turtlebot3_navigation2/share/turtlebot3_navigation2/environment/ament_prefix_path.sh
[0.636s] -- Installing: /home/pacman/tortoisebot_rb/install/turtlebot3_navigation2/share/turtlebot3_navigation2/environment/ament_prefix_path.dsv
[0.636s] -- Installing: /home/pacman/tortoisebot_rb/install/turtlebot3_navigation2/share/turtlebot3_navigation2/environment/path.sh
[0.636s] -- Installing: /home/pacman/tortoisebot_rb/install/turtlebot3_navigation2/share/turtlebot3_navigation2/environment/path.dsv
[0.636s] -- Installing: /home/pacman/tortoisebot_rb/install/turtlebot3_navigation2/share/turtlebot3_navigation2/local_setup.bash
[0.636s] -- Installing: /home/pacman/tortoisebot_rb/install/turtlebot3_navigation2/share/turtlebot3_navigation2/local_setup.sh
[0.636s] -- Installing: /home/pacman/tortoisebot_rb/install/turtlebot3_navigation2/share/turtlebot3_navigation2/local_setup.zsh
[0.636s] -- Installing: /home/pacman/tortoisebot_rb/install/turtlebot3_navigation2/share/turtlebot3_navigation2/local_setup.dsv
[0.636s] -- Installing: /home/pacman/tortoisebot_rb/install/turtlebot3_navigation2/share/turtlebot3_navigation2/package.dsv
[0.636s] -- Installing: /home/pacman/tortoisebot_rb/install/turtlebot3_navigation2/share/ament_index/resource_index/packages/turtlebot3_navigation2
[0.637s] -- Installing: /home/pacman/tortoisebot_rb/install/turtlebot3_navigation2/share/turtlebot3_navigation2/cmake/turtlebot3_navigation2Config.cmake
[0.637s] -- Installing: /home/pacman/tortoisebot_rb/install/turtlebot3_navigation2/share/turtlebot3_navigation2/cmake/turtlebot3_navigation2Config-version.cmake
[0.639s] -- Installing: /home/pacman/tortoisebot_rb/install/turtlebot3_navigation2/share/turtlebot3_navigation2/package.xml
[0.647s] Invoked command in '/home/pacman/tortoisebot_rb/build/turtlebot3_navigation2' returned '0': CMAKE_PREFIX_PATH=${CMAKE_PREFIX_PATH}:/home/pacman/tortoisebot_rb/install/turtlebot3_teleop:/home/pacman/tortoisebot_rb/install/tortoisebot_slam:/home/pacman/tortoisebot_rb/install/tortoisebot_navigation:/home/pacman/tortoisebot_rb/install/tortoisebot_imu:/home/pacman/tortoisebot_rb/install/tortoisebot_control:/opt/ros/humble /usr/bin/cmake --install /home/pacman/tortoisebot_rb/build/turtlebot3_navigation2
