[0.024s] Invoking command in '/home/duck_sh/Mobile-Swarm-Navigation/build/turtlebot3_navigation2': CMAKE_PREFIX_PATH=${CMAKE_PREFIX_PATH}:/home/duck_sh/ros2_ws/install/my_py_pkg:/home/duck_sh/turtlebot3_manipulation-humble-devel/install/ros2_controllers_test_nodes:/opt/ros/humble /usr/bin/cmake /home/duck_sh/Mobile-Swarm-Navigation/src/turtlebot3/turtlebot3/turtlebot3_navigation2 -DCMAKE_INSTALL_PREFIX=/home/duck_sh/Mobile-Swarm-Navigation/install/turtlebot3_navigation2
[0.168s] -- The C compiler identification is GNU 11.4.0
[0.174s] -- The CXX compiler identification is GNU 11.4.0
[0.181s] -- Detecting C compiler ABI info
[0.238s] -- Detecting C compiler ABI info - done
[0.243s] -- Check for working C compiler: /usr/bin/cc - skipped
[0.243s] -- Detecting C compile features
[0.243s] -- Detecting C compile features - done
[0.245s] -- Detecting CXX compiler ABI info
[0.312s] -- Detecting CXX compiler ABI info - done
[0.320s] -- Check for working CXX compiler: /usr/bin/c++ - skipped
[0.320s] -- Detecting CXX compile features
[0.320s] -- Detecting CXX compile features - done
[0.326s] -- Found ament_cmake: 1.3.10 (/opt/ros/humble/share/ament_cmake/cmake)
[0.463s] -- Found Python3: /usr/bin/python3 (found version "3.10.12") found components: Interpreter 
[0.631s] -- Configuring done
[0.633s] -- Generating done
[0.634s] -- Build files have been written to: /home/duck_sh/Mobile-Swarm-Navigation/build/turtlebot3_navigation2
[0.639s] Invoked command in '/home/duck_sh/Mobile-Swarm-Navigation/build/turtlebot3_navigation2' returned '0': CMAKE_PREFIX_PATH=${CMAKE_PREFIX_PATH}:/home/duck_sh/ros2_ws/install/my_py_pkg:/home/duck_sh/turtlebot3_manipulation-humble-devel/install/ros2_controllers_test_nodes:/opt/ros/humble /usr/bin/cmake /home/duck_sh/Mobile-Swarm-Navigation/src/turtlebot3/turtlebot3/turtlebot3_navigation2 -DCMAKE_INSTALL_PREFIX=/home/duck_sh/Mobile-Swarm-Navigation/install/turtlebot3_navigation2
[0.640s] Invoking command in '/home/duck_sh/Mobile-Swarm-Navigation/build/turtlebot3_navigation2': CMAKE_PREFIX_PATH=${CMAKE_PREFIX_PATH}:/home/duck_sh/ros2_ws/install/my_py_pkg:/home/duck_sh/turtlebot3_manipulation-humble-devel/install/ros2_controllers_test_nodes:/opt/ros/humble /usr/bin/cmake --build /home/duck_sh/Mobile-Swarm-Navigation/build/turtlebot3_navigation2 -- -j32 -l32
[0.684s] Invoked command in '/home/duck_sh/Mobile-Swarm-Navigation/build/turtlebot3_navigation2' returned '0': CMAKE_PREFIX_PATH=${CMAKE_PREFIX_PATH}:/home/duck_sh/ros2_ws/install/my_py_pkg:/home/duck_sh/turtlebot3_manipulation-humble-devel/install/ros2_controllers_test_nodes:/opt/ros/humble /usr/bin/cmake --build /home/duck_sh/Mobile-Swarm-Navigation/build/turtlebot3_navigation2 -- -j32 -l32
[0.705s] Invoking command in '/home/duck_sh/Mobile-Swarm-Navigation/build/turtlebot3_navigation2': CMAKE_PREFIX_PATH=${CMAKE_PREFIX_PATH}:/home/duck_sh/ros2_ws/install/my_py_pkg:/home/duck_sh/turtlebot3_manipulation-humble-devel/install/ros2_controllers_test_nodes:/opt/ros/humble /usr/bin/cmake --install /home/duck_sh/Mobile-Swarm-Navigation/build/turtlebot3_navigation2
[0.709s] -- Install configuration: ""
[0.709s] -- Installing: /home/duck_sh/Mobile-Swarm-Navigation/install/turtlebot3_navigation2/share/turtlebot3_navigation2/launch
[0.709s] -- Installing: /home/duck_sh/Mobile-Swarm-Navigation/install/turtlebot3_navigation2/share/turtlebot3_navigation2/launch/navigation2.launch.py
[0.710s] -- Installing: /home/duck_sh/Mobile-Swarm-Navigation/install/turtlebot3_navigation2/share/turtlebot3_navigation2/map
[0.710s] -- Installing: /home/duck_sh/Mobile-Swarm-Navigation/install/turtlebot3_navigation2/share/turtlebot3_navigation2/map/map.yaml
[0.710s] -- Installing: /home/duck_sh/Mobile-Swarm-Navigation/install/turtlebot3_navigation2/share/turtlebot3_navigation2/map/map.pgm
[0.710s] -- Installing: /home/duck_sh/Mobile-Swarm-Navigation/install/turtlebot3_navigation2/share/turtlebot3_navigation2/param
[0.710s] -- Installing: /home/duck_sh/Mobile-Swarm-Navigation/install/turtlebot3_navigation2/share/turtlebot3_navigation2/param/waffle.yaml
[0.711s] -- Installing: /home/duck_sh/Mobile-Swarm-Navigation/install/turtlebot3_navigation2/share/turtlebot3_navigation2/param/burger.yaml
[0.711s] -- Installing: /home/duck_sh/Mobile-Swarm-Navigation/install/turtlebot3_navigation2/share/turtlebot3_navigation2/param/waffle_pi.yaml
[0.711s] -- Installing: /home/duck_sh/Mobile-Swarm-Navigation/install/turtlebot3_navigation2/share/turtlebot3_navigation2/rviz
[0.711s] -- Installing: /home/duck_sh/Mobile-Swarm-Navigation/install/turtlebot3_navigation2/share/turtlebot3_navigation2/rviz/tb3_navigation2.rviz
[0.711s] -- Installing: /home/duck_sh/Mobile-Swarm-Navigation/install/turtlebot3_navigation2/share/ament_index/resource_index/package_run_dependencies/turtlebot3_navigation2
[0.711s] -- Installing: /home/duck_sh/Mobile-Swarm-Navigation/install/turtlebot3_navigation2/share/ament_index/resource_index/parent_prefix_path/turtlebot3_navigation2
[0.711s] -- Installing: /home/duck_sh/Mobile-Swarm-Navigation/install/turtlebot3_navigation2/share/turtlebot3_navigation2/environment/ament_prefix_path.sh
[0.711s] -- Installing: /home/duck_sh/Mobile-Swarm-Navigation/install/turtlebot3_navigation2/share/turtlebot3_navigation2/environment/ament_prefix_path.dsv
[0.711s] -- Installing: /home/duck_sh/Mobile-Swarm-Navigation/install/turtlebot3_navigation2/share/turtlebot3_navigation2/environment/path.sh
[0.711s] -- Installing: /home/duck_sh/Mobile-Swarm-Navigation/install/turtlebot3_navigation2/share/turtlebot3_navigation2/environment/path.dsv
[0.712s] -- Installing: /home/duck_sh/Mobile-Swarm-Navigation/install/turtlebot3_navigation2/share/turtlebot3_navigation2/local_setup.bash
[0.712s] -- Installing: /home/duck_sh/Mobile-Swarm-Navigation/install/turtlebot3_navigation2/share/turtlebot3_navigation2/local_setup.sh
[0.712s] -- Installing: /home/duck_sh/Mobile-Swarm-Navigation/install/turtlebot3_navigation2/share/turtlebot3_navigation2/local_setup.zsh
[0.712s] -- Installing: /home/duck_sh/Mobile-Swarm-Navigation/install/turtlebot3_navigation2/share/turtlebot3_navigation2/local_setup.dsv
[0.712s] -- Installing: /home/duck_sh/Mobile-Swarm-Navigation/install/turtlebot3_navigation2/share/turtlebot3_navigation2/package.dsv
[0.712s] -- Installing: /home/duck_sh/Mobile-Swarm-Navigation/install/turtlebot3_navigation2/share/ament_index/resource_index/packages/turtlebot3_navigation2
[0.712s] -- Installing: /home/duck_sh/Mobile-Swarm-Navigation/install/turtlebot3_navigation2/share/turtlebot3_navigation2/cmake/turtlebot3_navigation2Config.cmake
[0.712s] -- Installing: /home/duck_sh/Mobile-Swarm-Navigation/install/turtlebot3_navigation2/share/turtlebot3_navigation2/cmake/turtlebot3_navigation2Config-version.cmake
[0.712s] -- Installing: /home/duck_sh/Mobile-Swarm-Navigation/install/turtlebot3_navigation2/share/turtlebot3_navigation2/package.xml
[0.714s] Invoked command in '/home/duck_sh/Mobile-Swarm-Navigation/build/turtlebot3_navigation2' returned '0': CMAKE_PREFIX_PATH=${CMAKE_PREFIX_PATH}:/home/duck_sh/ros2_ws/install/my_py_pkg:/home/duck_sh/turtlebot3_manipulation-humble-devel/install/ros2_controllers_test_nodes:/opt/ros/humble /usr/bin/cmake --install /home/duck_sh/Mobile-Swarm-Navigation/build/turtlebot3_navigation2
