[2.284s] Invoking command in '/home/pacman/turtlebot3_ws/src/scheduler': PYTHONPATH=/home/pacman/turtlebot3_ws/build/scheduler/prefix_override:/home/pacman/.local/lib/python3.10/site-packages/colcon_core/task/python/colcon_distutils_commands:/home/pacman/turtlebot3_ws/install/scheduler/lib/python3.10/site-packages:${PYTHONPATH} /usr/bin/python3 -W ignore:setup.py install is deprecated setup.py egg_info --egg-base ../../build/scheduler build --build-base /home/pacman/turtlebot3_ws/build/scheduler/build install --record /home/pacman/turtlebot3_ws/build/scheduler/install.log --single-version-externally-managed install_data
[2.808s] running egg_info
[2.811s] writing ../../build/scheduler/scheduler.egg-info/PKG-INFO
[2.814s] writing dependency_links to ../../build/scheduler/scheduler.egg-info/dependency_links.txt
[2.814s] writing entry points to ../../build/scheduler/scheduler.egg-info/entry_points.txt
[2.814s] writing requirements to ../../build/scheduler/scheduler.egg-info/requires.txt
[2.814s] writing top-level names to ../../build/scheduler/scheduler.egg-info/top_level.txt
[2.814s] reading manifest file '../../build/scheduler/scheduler.egg-info/SOURCES.txt'
[2.821s] writing manifest file '../../build/scheduler/scheduler.egg-info/SOURCES.txt'
[2.821s] running build
[2.821s] running build_py
[2.822s] running install
[2.822s] running install_lib
[2.829s] running install_data
[2.831s] running install_egg_info
[2.841s] removing '/home/pacman/turtlebot3_ws/install/scheduler/lib/python3.10/site-packages/scheduler-0.0.0-py3.10.egg-info' (and everything under it)
[2.843s] Copying ../../build/scheduler/scheduler.egg-info to /home/pacman/turtlebot3_ws/install/scheduler/lib/python3.10/site-packages/scheduler-0.0.0-py3.10.egg-info
[2.843s] running install_scripts
[2.878s] Installing scheduler_2 script to /home/pacman/turtlebot3_ws/install/scheduler/lib/scheduler
[2.880s] Installing scheduler_3 script to /home/pacman/turtlebot3_ws/install/scheduler/lib/scheduler
[2.883s] Installing sub_scheduler script to /home/pacman/turtlebot3_ws/install/scheduler/lib/scheduler
[2.884s] writing list of installed files to '/home/pacman/turtlebot3_ws/build/scheduler/install.log'
[2.976s] Invoked command in '/home/pacman/turtlebot3_ws/src/scheduler' returned '0': PYTHONPATH=/home/pacman/turtlebot3_ws/build/scheduler/prefix_override:/home/pacman/.local/lib/python3.10/site-packages/colcon_core/task/python/colcon_distutils_commands:/home/pacman/turtlebot3_ws/install/scheduler/lib/python3.10/site-packages:${PYTHONPATH} /usr/bin/python3 -W ignore:setup.py install is deprecated setup.py egg_info --egg-base ../../build/scheduler build --build-base /home/pacman/turtlebot3_ws/build/scheduler/build install --record /home/pacman/turtlebot3_ws/build/scheduler/install.log --single-version-externally-managed install_data
