[0.007s] Invoking command in '/home/duck_sh/turtlebot3_manipulation-humble-devel/build/turtlebot3_manipulation_bringup': AMENT_PREFIX_PATH=/home/duck_sh/turtlebot3_manipulation-humble-devel/install/turtlebot3_manipulation_description:${AMENT_PREFIX_PATH} CMAKE_PREFIX_PATH=/home/duck_sh/turtlebot3_manipulation-humble-devel/install/turtlebot3_manipulation_description:/home/duck_sh/pico_ws/install/whycon:/home/duck_sh/pico_ws/install/swift_pico:/home/duck_sh/pico_ws/install/waypoint_navigation:/home/duck_sh/pico_ws/install/swift_pico_description:/home/duck_sh/pico_ws/install/rotors_swift_interface:/home/duck_sh/pico_ws/install/swift_msgs:/home/duck_sh/pico_ws/install/rotors_swift_gazebo:/home/duck_sh/pico_ws/install/rotors_swift_description:/home/duck_sh/pico_ws/install/rotors_control:/home/duck_sh/pico_ws/install/pid_tune:/home/duck_sh/pico_ws/install/pid_msg:/home/duck_sh/pico_ws/install/mav_comm:/home/duck_sh/pico_ws/install/mav_system_msgs:/home/duck_sh/pico_ws/install/mav_state_machine_msgs:/home/duck_sh/pico_ws/install/mav_planning_msgs:/home/duck_sh/pico_ws/install/mav_msgs:/home/duck_sh/ros2_ws/install/my_cpp_pkg:/home/duck_sh/ros2_ws/install/my_ament_cmake_pkg:/home/duck_sh/ros2_ws/install/my_py_pkg:/opt/ros/humble /usr/bin/cmake --build /home/duck_sh/turtlebot3_manipulation-humble-devel/build/turtlebot3_manipulation_bringup -- -j32 -l32
[0.030s] Invoked command in '/home/duck_sh/turtlebot3_manipulation-humble-devel/build/turtlebot3_manipulation_bringup' returned '0': AMENT_PREFIX_PATH=/home/duck_sh/turtlebot3_manipulation-humble-devel/install/turtlebot3_manipulation_description:${AMENT_PREFIX_PATH} CMAKE_PREFIX_PATH=/home/duck_sh/turtlebot3_manipulation-humble-devel/install/turtlebot3_manipulation_description:/home/duck_sh/pico_ws/install/whycon:/home/duck_sh/pico_ws/install/swift_pico:/home/duck_sh/pico_ws/install/waypoint_navigation:/home/duck_sh/pico_ws/install/swift_pico_description:/home/duck_sh/pico_ws/install/rotors_swift_interface:/home/duck_sh/pico_ws/install/swift_msgs:/home/duck_sh/pico_ws/install/rotors_swift_gazebo:/home/duck_sh/pico_ws/install/rotors_swift_description:/home/duck_sh/pico_ws/install/rotors_control:/home/duck_sh/pico_ws/install/pid_tune:/home/duck_sh/pico_ws/install/pid_msg:/home/duck_sh/pico_ws/install/mav_comm:/home/duck_sh/pico_ws/install/mav_system_msgs:/home/duck_sh/pico_ws/install/mav_state_machine_msgs:/home/duck_sh/pico_ws/install/mav_planning_msgs:/home/duck_sh/pico_ws/install/mav_msgs:/home/duck_sh/ros2_ws/install/my_cpp_pkg:/home/duck_sh/ros2_ws/install/my_ament_cmake_pkg:/home/duck_sh/ros2_ws/install/my_py_pkg:/opt/ros/humble /usr/bin/cmake --build /home/duck_sh/turtlebot3_manipulation-humble-devel/build/turtlebot3_manipulation_bringup -- -j32 -l32
[0.062s] Invoking command in '/home/duck_sh/turtlebot3_manipulation-humble-devel/build/turtlebot3_manipulation_bringup': AMENT_PREFIX_PATH=/home/duck_sh/turtlebot3_manipulation-humble-devel/install/turtlebot3_manipulation_description:${AMENT_PREFIX_PATH} CMAKE_PREFIX_PATH=/home/duck_sh/turtlebot3_manipulation-humble-devel/install/turtlebot3_manipulation_description:/home/duck_sh/pico_ws/install/whycon:/home/duck_sh/pico_ws/install/swift_pico:/home/duck_sh/pico_ws/install/waypoint_navigation:/home/duck_sh/pico_ws/install/swift_pico_description:/home/duck_sh/pico_ws/install/rotors_swift_interface:/home/duck_sh/pico_ws/install/swift_msgs:/home/duck_sh/pico_ws/install/rotors_swift_gazebo:/home/duck_sh/pico_ws/install/rotors_swift_description:/home/duck_sh/pico_ws/install/rotors_control:/home/duck_sh/pico_ws/install/pid_tune:/home/duck_sh/pico_ws/install/pid_msg:/home/duck_sh/pico_ws/install/mav_comm:/home/duck_sh/pico_ws/install/mav_system_msgs:/home/duck_sh/pico_ws/install/mav_state_machine_msgs:/home/duck_sh/pico_ws/install/mav_planning_msgs:/home/duck_sh/pico_ws/install/mav_msgs:/home/duck_sh/ros2_ws/install/my_cpp_pkg:/home/duck_sh/ros2_ws/install/my_ament_cmake_pkg:/home/duck_sh/ros2_ws/install/my_py_pkg:/opt/ros/humble /usr/bin/cmake --install /home/duck_sh/turtlebot3_manipulation-humble-devel/build/turtlebot3_manipulation_bringup
[0.071s] -- Install configuration: ""
[0.071s] -- Up-to-date: /home/duck_sh/turtlebot3_manipulation-humble-devel/install/turtlebot3_manipulation_bringup/share/turtlebot3_manipulation_bringup/launch
[0.071s] -- Up-to-date: /home/duck_sh/turtlebot3_manipulation-humble-devel/install/turtlebot3_manipulation_bringup/share/turtlebot3_manipulation_bringup/launch/base.launch.py
[0.071s] -- Up-to-date: /home/duck_sh/turtlebot3_manipulation-humble-devel/install/turtlebot3_manipulation_bringup/share/turtlebot3_manipulation_bringup/launch/fake.launch.py
[0.071s] -- Up-to-date: /home/duck_sh/turtlebot3_manipulation-humble-devel/install/turtlebot3_manipulation_bringup/share/turtlebot3_manipulation_bringup/launch/gazebo.launch.py
[0.071s] -- Up-to-date: /home/duck_sh/turtlebot3_manipulation-humble-devel/install/turtlebot3_manipulation_bringup/share/turtlebot3_manipulation_bringup/launch/hardware.launch.py
[0.071s] -- Up-to-date: /home/duck_sh/turtlebot3_manipulation-humble-devel/install/turtlebot3_manipulation_bringup/share/turtlebot3_manipulation_bringup/config
[0.071s] -- Up-to-date: /home/duck_sh/turtlebot3_manipulation-humble-devel/install/turtlebot3_manipulation_bringup/share/turtlebot3_manipulation_bringup/config/gazebo_controller_manager.yaml
[0.071s] -- Up-to-date: /home/duck_sh/turtlebot3_manipulation-humble-devel/install/turtlebot3_manipulation_bringup/share/turtlebot3_manipulation_bringup/config/hardware_controller_manager.yaml
[0.071s] -- Up-to-date: /home/duck_sh/turtlebot3_manipulation-humble-devel/install/turtlebot3_manipulation_bringup/share/turtlebot3_manipulation_bringup/rviz
[0.071s] -- Up-to-date: /home/duck_sh/turtlebot3_manipulation-humble-devel/install/turtlebot3_manipulation_bringup/share/turtlebot3_manipulation_bringup/rviz/turtlebot3_manipulation.rviz
[0.071s] -- Up-to-date: /home/duck_sh/turtlebot3_manipulation-humble-devel/install/turtlebot3_manipulation_bringup/share/turtlebot3_manipulation_bringup/worlds
[0.071s] -- Up-to-date: /home/duck_sh/turtlebot3_manipulation-humble-devel/install/turtlebot3_manipulation_bringup/share/turtlebot3_manipulation_bringup/worlds/turtlebot3_world
[0.072s] -- Up-to-date: /home/duck_sh/turtlebot3_manipulation-humble-devel/install/turtlebot3_manipulation_bringup/share/turtlebot3_manipulation_bringup/worlds/turtlebot3_world/model.config
[0.072s] -- Up-to-date: /home/duck_sh/turtlebot3_manipulation-humble-devel/install/turtlebot3_manipulation_bringup/share/turtlebot3_manipulation_bringup/worlds/turtlebot3_world/model-1_4.sdf
[0.072s] -- Up-to-date: /home/duck_sh/turtlebot3_manipulation-humble-devel/install/turtlebot3_manipulation_bringup/share/turtlebot3_manipulation_bringup/worlds/turtlebot3_world/meshes
[0.072s] -- Up-to-date: /home/duck_sh/turtlebot3_manipulation-humble-devel/install/turtlebot3_manipulation_bringup/share/turtlebot3_manipulation_bringup/worlds/turtlebot3_world/meshes/wall.dae
[0.072s] -- Up-to-date: /home/duck_sh/turtlebot3_manipulation-humble-devel/install/turtlebot3_manipulation_bringup/share/turtlebot3_manipulation_bringup/worlds/turtlebot3_world/meshes/hexagon.dae
[0.072s] -- Up-to-date: /home/duck_sh/turtlebot3_manipulation-humble-devel/install/turtlebot3_manipulation_bringup/share/turtlebot3_manipulation_bringup/worlds/turtlebot3_world/model.sdf
[0.072s] -- Up-to-date: /home/duck_sh/turtlebot3_manipulation-humble-devel/install/turtlebot3_manipulation_bringup/share/turtlebot3_manipulation_bringup/worlds/empty_world.model
[0.072s] -- Up-to-date: /home/duck_sh/turtlebot3_manipulation-humble-devel/install/turtlebot3_manipulation_bringup/share/turtlebot3_manipulation_bringup/worlds/turtlebot3_world.model
[0.072s] -- Up-to-date: /home/duck_sh/turtlebot3_manipulation-humble-devel/install/turtlebot3_manipulation_bringup/share/turtlebot3_manipulation_bringup/environment/turtlebot3_manipulation_bringup.dsv
[0.072s] -- Up-to-date: /home/duck_sh/turtlebot3_manipulation-humble-devel/install/turtlebot3_manipulation_bringup/share/ament_index/resource_index/package_run_dependencies/turtlebot3_manipulation_bringup
[0.072s] -- Up-to-date: /home/duck_sh/turtlebot3_manipulation-humble-devel/install/turtlebot3_manipulation_bringup/share/ament_index/resource_index/parent_prefix_path/turtlebot3_manipulation_bringup
[0.072s] -- Up-to-date: /home/duck_sh/turtlebot3_manipulation-humble-devel/install/turtlebot3_manipulation_bringup/share/turtlebot3_manipulation_bringup/environment/ament_prefix_path.sh
[0.072s] -- Up-to-date: /home/duck_sh/turtlebot3_manipulation-humble-devel/install/turtlebot3_manipulation_bringup/share/turtlebot3_manipulation_bringup/environment/ament_prefix_path.dsv
[0.072s] -- Up-to-date: /home/duck_sh/turtlebot3_manipulation-humble-devel/install/turtlebot3_manipulation_bringup/share/turtlebot3_manipulation_bringup/environment/path.sh
[0.072s] -- Up-to-date: /home/duck_sh/turtlebot3_manipulation-humble-devel/install/turtlebot3_manipulation_bringup/share/turtlebot3_manipulation_bringup/environment/path.dsv
[0.072s] -- Up-to-date: /home/duck_sh/turtlebot3_manipulation-humble-devel/install/turtlebot3_manipulation_bringup/share/turtlebot3_manipulation_bringup/local_setup.bash
[0.072s] -- Up-to-date: /home/duck_sh/turtlebot3_manipulation-humble-devel/install/turtlebot3_manipulation_bringup/share/turtlebot3_manipulation_bringup/local_setup.sh
[0.072s] -- Up-to-date: /home/duck_sh/turtlebot3_manipulation-humble-devel/install/turtlebot3_manipulation_bringup/share/turtlebot3_manipulation_bringup/local_setup.zsh
[0.072s] -- Up-to-date: /home/duck_sh/turtlebot3_manipulation-humble-devel/install/turtlebot3_manipulation_bringup/share/turtlebot3_manipulation_bringup/local_setup.dsv
[0.072s] -- Installing: /home/duck_sh/turtlebot3_manipulation-humble-devel/install/turtlebot3_manipulation_bringup/share/turtlebot3_manipulation_bringup/package.dsv
[0.072s] -- Up-to-date: /home/duck_sh/turtlebot3_manipulation-humble-devel/install/turtlebot3_manipulation_bringup/share/ament_index/resource_index/packages/turtlebot3_manipulation_bringup
[0.073s] -- Up-to-date: /home/duck_sh/turtlebot3_manipulation-humble-devel/install/turtlebot3_manipulation_bringup/share/turtlebot3_manipulation_bringup/cmake/turtlebot3_manipulation_bringupConfig.cmake
[0.073s] -- Up-to-date: /home/duck_sh/turtlebot3_manipulation-humble-devel/install/turtlebot3_manipulation_bringup/share/turtlebot3_manipulation_bringup/cmake/turtlebot3_manipulation_bringupConfig-version.cmake
[0.073s] -- Up-to-date: /home/duck_sh/turtlebot3_manipulation-humble-devel/install/turtlebot3_manipulation_bringup/share/turtlebot3_manipulation_bringup/package.xml
[0.074s] Invoked command in '/home/duck_sh/turtlebot3_manipulation-humble-devel/build/turtlebot3_manipulation_bringup' returned '0': AMENT_PREFIX_PATH=/home/duck_sh/turtlebot3_manipulation-humble-devel/install/turtlebot3_manipulation_description:${AMENT_PREFIX_PATH} CMAKE_PREFIX_PATH=/home/duck_sh/turtlebot3_manipulation-humble-devel/install/turtlebot3_manipulation_description:/home/duck_sh/pico_ws/install/whycon:/home/duck_sh/pico_ws/install/swift_pico:/home/duck_sh/pico_ws/install/waypoint_navigation:/home/duck_sh/pico_ws/install/swift_pico_description:/home/duck_sh/pico_ws/install/rotors_swift_interface:/home/duck_sh/pico_ws/install/swift_msgs:/home/duck_sh/pico_ws/install/rotors_swift_gazebo:/home/duck_sh/pico_ws/install/rotors_swift_description:/home/duck_sh/pico_ws/install/rotors_control:/home/duck_sh/pico_ws/install/pid_tune:/home/duck_sh/pico_ws/install/pid_msg:/home/duck_sh/pico_ws/install/mav_comm:/home/duck_sh/pico_ws/install/mav_system_msgs:/home/duck_sh/pico_ws/install/mav_state_machine_msgs:/home/duck_sh/pico_ws/install/mav_planning_msgs:/home/duck_sh/pico_ws/install/mav_msgs:/home/duck_sh/ros2_ws/install/my_cpp_pkg:/home/duck_sh/ros2_ws/install/my_ament_cmake_pkg:/home/duck_sh/ros2_ws/install/my_py_pkg:/opt/ros/humble /usr/bin/cmake --install /home/duck_sh/turtlebot3_manipulation-humble-devel/build/turtlebot3_manipulation_bringup
