[0.108s] Invoking command in '/home/pacman/turtlebot3_ws/build/explore_lite': CMAKE_PREFIX_PATH=${CMAKE_PREFIX_PATH}:/home/pacman/turtlebot3_ws/install/turtlebot3_teleop:/home/pacman/turtlebot3_ws/install/turtlebot3_example:/home/pacman/turtlebot3_ws/install/semantic_mapper:/home/pacman/turtlebot3_ws/install/scheduler:/home/pacman/turtlebot3_ws/install/interpreter:/home/pacman/turtlebot3_ws/install/frame_changer:/home/pacman/turtlebot3_ws/install/dbms:/opt/ros/humble /usr/bin/cmake --build /home/pacman/turtlebot3_ws/build/explore_lite -- -j12 -l12
[0.152s] [ 40%] Built target explore
[0.167s] [ 60%] Built target gtest
[0.183s] [ 80%] Built target gtest_main
[0.202s] [100%] Built target test_explore
[0.605s] Invoked command in '/home/pacman/turtlebot3_ws/build/explore_lite' returned '0': CMAKE_PREFIX_PATH=${CMAKE_PREFIX_PATH}:/home/pacman/turtlebot3_ws/install/turtlebot3_teleop:/home/pacman/turtlebot3_ws/install/turtlebot3_example:/home/pacman/turtlebot3_ws/install/semantic_mapper:/home/pacman/turtlebot3_ws/install/scheduler:/home/pacman/turtlebot3_ws/install/interpreter:/home/pacman/turtlebot3_ws/install/frame_changer:/home/pacman/turtlebot3_ws/install/dbms:/opt/ros/humble /usr/bin/cmake --build /home/pacman/turtlebot3_ws/build/explore_lite -- -j12 -l12
[0.814s] Invoking command in '/home/pacman/turtlebot3_ws/build/explore_lite': CMAKE_PREFIX_PATH=${CMAKE_PREFIX_PATH}:/home/pacman/turtlebot3_ws/install/turtlebot3_teleop:/home/pacman/turtlebot3_ws/install/turtlebot3_example:/home/pacman/turtlebot3_ws/install/semantic_mapper:/home/pacman/turtlebot3_ws/install/scheduler:/home/pacman/turtlebot3_ws/install/interpreter:/home/pacman/turtlebot3_ws/install/frame_changer:/home/pacman/turtlebot3_ws/install/dbms:/opt/ros/humble /usr/bin/cmake --install /home/pacman/turtlebot3_ws/build/explore_lite
[0.839s] -- Install configuration: ""
[0.839s] -- Up-to-date: /home/pacman/turtlebot3_ws/install/explore_lite/include/explore/
[0.839s] -- Up-to-date: /home/pacman/turtlebot3_ws/install/explore_lite/include/explore//frontier_search.h
[0.839s] -- Up-to-date: /home/pacman/turtlebot3_ws/install/explore_lite/include/explore//costmap_client.h
[0.839s] -- Up-to-date: /home/pacman/turtlebot3_ws/install/explore_lite/include/explore//costmap_tools.h
[0.839s] -- Up-to-date: /home/pacman/turtlebot3_ws/install/explore_lite/include/explore//explore.h
[0.839s] -- Up-to-date: /home/pacman/turtlebot3_ws/install/explore_lite/share/explore_lite/config
[0.839s] -- Up-to-date: /home/pacman/turtlebot3_ws/install/explore_lite/share/explore_lite/config/params.yaml
[0.839s] -- Up-to-date: /home/pacman/turtlebot3_ws/install/explore_lite/share/explore_lite/config/params_costmap.yaml
[0.839s] -- Up-to-date: /home/pacman/turtlebot3_ws/install/explore_lite/share/explore_lite/launch
[0.839s] -- Up-to-date: /home/pacman/turtlebot3_ws/install/explore_lite/share/explore_lite/launch/explore.launch.py
[0.839s] -- Up-to-date: /home/pacman/turtlebot3_ws/install/explore_lite/lib/explore_lite/explore
[0.839s] -- Up-to-date: /home/pacman/turtlebot3_ws/install/explore_lite/share/ament_index/resource_index/package_run_dependencies/explore_lite
[0.839s] -- Up-to-date: /home/pacman/turtlebot3_ws/install/explore_lite/share/ament_index/resource_index/parent_prefix_path/explore_lite
[0.839s] -- Up-to-date: /home/pacman/turtlebot3_ws/install/explore_lite/share/explore_lite/environment/ament_prefix_path.sh
[0.840s] -- Up-to-date: /home/pacman/turtlebot3_ws/install/explore_lite/share/explore_lite/environment/ament_prefix_path.dsv
[0.840s] -- Up-to-date: /home/pacman/turtlebot3_ws/install/explore_lite/share/explore_lite/environment/path.sh
[0.840s] -- Up-to-date: /home/pacman/turtlebot3_ws/install/explore_lite/share/explore_lite/environment/path.dsv
[0.840s] -- Up-to-date: /home/pacman/turtlebot3_ws/install/explore_lite/share/explore_lite/local_setup.bash
[0.840s] -- Up-to-date: /home/pacman/turtlebot3_ws/install/explore_lite/share/explore_lite/local_setup.sh
[0.840s] -- Up-to-date: /home/pacman/turtlebot3_ws/install/explore_lite/share/explore_lite/local_setup.zsh
[0.840s] -- Up-to-date: /home/pacman/turtlebot3_ws/install/explore_lite/share/explore_lite/local_setup.dsv
[0.840s] -- Installing: /home/pacman/turtlebot3_ws/install/explore_lite/share/explore_lite/package.dsv
[0.840s] -- Up-to-date: /home/pacman/turtlebot3_ws/install/explore_lite/share/ament_index/resource_index/packages/explore_lite
[0.840s] -- Up-to-date: /home/pacman/turtlebot3_ws/install/explore_lite/share/explore_lite/cmake/ament_cmake_export_include_directories-extras.cmake
[0.840s] -- Up-to-date: /home/pacman/turtlebot3_ws/install/explore_lite/share/explore_lite/cmake/explore_liteConfig.cmake
[0.840s] -- Up-to-date: /home/pacman/turtlebot3_ws/install/explore_lite/share/explore_lite/cmake/explore_liteConfig-version.cmake
[0.840s] -- Up-to-date: /home/pacman/turtlebot3_ws/install/explore_lite/share/explore_lite/package.xml
[0.862s] Invoked command in '/home/pacman/turtlebot3_ws/build/explore_lite' returned '0': CMAKE_PREFIX_PATH=${CMAKE_PREFIX_PATH}:/home/pacman/turtlebot3_ws/install/turtlebot3_teleop:/home/pacman/turtlebot3_ws/install/turtlebot3_example:/home/pacman/turtlebot3_ws/install/semantic_mapper:/home/pacman/turtlebot3_ws/install/scheduler:/home/pacman/turtlebot3_ws/install/interpreter:/home/pacman/turtlebot3_ws/install/frame_changer:/home/pacman/turtlebot3_ws/install/dbms:/opt/ros/humble /usr/bin/cmake --install /home/pacman/turtlebot3_ws/build/explore_lite
