[0.037s] Invoking command in '/home/duck_sh/turtlebot3_manipulation-humble-devel/build/control_msgs': CMAKE_PREFIX_PATH=${CMAKE_PREFIX_PATH}:/home/duck_sh/ros2_ws/install/my_py_pkg:/home/duck_sh/turtlebot3_manipulation-humble-devel/install/ros2_controllers_test_nodes:/opt/ros/humble /usr/bin/cmake --build /home/duck_sh/turtlebot3_manipulation-humble-devel/build/control_msgs -- -j32 -l32
[0.218s] [  0%] Built target control_msgs__cpp
[0.218s] [ 13%] Built target control_msgs__rosidl_generator_c
[0.219s] [ 13%] Built target ament_cmake_python_copy_control_msgs
[0.219s] [ 25%] Built target control_msgs__rosidl_typesupport_cpp
[0.219s] [ 37%] Built target control_msgs__rosidl_typesupport_c
[0.219s] [ 49%] Built target control_msgs__rosidl_typesupport_introspection_c
[0.219s] [ 61%] Built target control_msgs__rosidl_typesupport_fastrtps_c
[0.219s] [ 74%] Built target control_msgs__rosidl_typesupport_introspection_cpp
[0.219s] [ 86%] Built target control_msgs__rosidl_typesupport_fastrtps_cpp
[0.219s] [ 86%] Built target control_msgs
[0.219s] [ 86%] Built target control_msgs__py
[0.219s] [ 97%] Built target control_msgs__rosidl_generator_py
[0.219s] [ 99%] Built target control_msgs__rosidl_typesupport_c__pyext
[0.219s] [ 99%] Built target control_msgs__rosidl_typesupport_introspection_c__pyext
[0.219s] [100%] Built target control_msgs__rosidl_typesupport_fastrtps_c__pyext
[0.225s] running egg_info
[0.225s] writing control_msgs.egg-info/PKG-INFO
[0.225s] writing dependency_links to control_msgs.egg-info/dependency_links.txt
[0.226s] writing top-level names to control_msgs.egg-info/top_level.txt
[0.228s] reading manifest file 'control_msgs.egg-info/SOURCES.txt'
[0.228s] writing manifest file 'control_msgs.egg-info/SOURCES.txt'
[0.248s] [100%] Built target ament_cmake_python_build_control_msgs_egg
[0.278s] Invoked command in '/home/duck_sh/turtlebot3_manipulation-humble-devel/build/control_msgs' returned '0': CMAKE_PREFIX_PATH=${CMAKE_PREFIX_PATH}:/home/duck_sh/ros2_ws/install/my_py_pkg:/home/duck_sh/turtlebot3_manipulation-humble-devel/install/ros2_controllers_test_nodes:/opt/ros/humble /usr/bin/cmake --build /home/duck_sh/turtlebot3_manipulation-humble-devel/build/control_msgs -- -j32 -l32
