[  0%] Built target control_msgs__cpp
[ 13%] Built target control_msgs__rosidl_generator_c
[ 25%] Built target control_msgs__rosidl_typesupport_cpp
[ 38%] Built target control_msgs__rosidl_typesupport_introspection_cpp
[ 38%] Built target ament_cmake_python_copy_control_msgs
[ 50%] Built target control_msgs__rosidl_typesupport_fastrtps_cpp
[ 62%] Built target control_msgs__rosidl_typesupport_introspection_c
[ 74%] Built target control_msgs__rosidl_typesupport_c
[ 86%] Built target control_msgs__rosidl_typesupport_fastrtps_c
[ 86%] Built target control_msgs
[ 86%] Built target control_msgs__py
[ 97%] Built target control_msgs__rosidl_generator_py
[ 98%] Built target control_msgs__rosidl_typesupport_introspection_c__pyext
[ 99%] Built target control_msgs__rosidl_typesupport_c__pyext
[100%] Built target control_msgs__rosidl_typesupport_fastrtps_c__pyext
running egg_info
writing control_msgs.egg-info/PKG-INFO
writing dependency_links to control_msgs.egg-info/dependency_links.txt
writing top-level names to control_msgs.egg-info/top_level.txt
reading manifest file 'control_msgs.egg-info/SOURCES.txt'
writing manifest file 'control_msgs.egg-info/SOURCES.txt'
[100%] Built target ament_cmake_python_build_control_msgs_egg
