[0.040s] Invoking command in '/home/duck_sh/turtlebot3_manipulation-humble-devel/build/control_msgs': CMAKE_PREFIX_PATH=${CMAKE_PREFIX_PATH}:/home/duck_sh/ros2_ws/install/my_py_pkg:/home/duck_sh/turtlebot3_manipulation-humble-devel/install/ros2_controllers_test_nodes:/opt/ros/humble /usr/bin/cmake --build /home/duck_sh/turtlebot3_manipulation-humble-devel/build/control_msgs -- -j32 -l32
[0.201s] [  0%] Built target control_msgs__cpp
[0.201s] [ 13%] Built target control_msgs__rosidl_generator_c
[0.202s] [ 25%] Built target control_msgs__rosidl_typesupport_cpp
[0.202s] [ 38%] Built target control_msgs__rosidl_typesupport_introspection_cpp
[0.202s] [ 38%] Built target ament_cmake_python_copy_control_msgs
[0.202s] [ 50%] Built target control_msgs__rosidl_typesupport_fastrtps_cpp
[0.202s] [ 62%] Built target control_msgs__rosidl_typesupport_introspection_c
[0.203s] [ 74%] Built target control_msgs__rosidl_typesupport_c
[0.203s] [ 86%] Built target control_msgs__rosidl_typesupport_fastrtps_c
[0.203s] [ 86%] Built target control_msgs
[0.203s] [ 86%] Built target control_msgs__py
[0.203s] [ 97%] Built target control_msgs__rosidl_generator_py
[0.212s] [ 98%] Built target control_msgs__rosidl_typesupport_introspection_c__pyext
[0.214s] [ 99%] Built target control_msgs__rosidl_typesupport_c__pyext
[0.215s] [100%] Built target control_msgs__rosidl_typesupport_fastrtps_c__pyext
[0.293s] running egg_info
[0.293s] writing control_msgs.egg-info/PKG-INFO
[0.294s] writing dependency_links to control_msgs.egg-info/dependency_links.txt
[0.294s] writing top-level names to control_msgs.egg-info/top_level.txt
[0.297s] reading manifest file 'control_msgs.egg-info/SOURCES.txt'
[0.297s] writing manifest file 'control_msgs.egg-info/SOURCES.txt'
[0.316s] [100%] Built target ament_cmake_python_build_control_msgs_egg
[0.337s] Invoked command in '/home/duck_sh/turtlebot3_manipulation-humble-devel/build/control_msgs' returned '0': CMAKE_PREFIX_PATH=${CMAKE_PREFIX_PATH}:/home/duck_sh/ros2_ws/install/my_py_pkg:/home/duck_sh/turtlebot3_manipulation-humble-devel/install/ros2_controllers_test_nodes:/opt/ros/humble /usr/bin/cmake --build /home/duck_sh/turtlebot3_manipulation-humble-devel/build/control_msgs -- -j32 -l32
