[0.039s] Invoking command in '/home/pacman/turtlebot3_ws/build/turtlebot3_gazebo': CMAKE_PREFIX_PATH=${CMAKE_PREFIX_PATH}:/home/pacman/turtlebot3_ws/install/turtlebot3_teleop:/home/pacman/turtlebot3_ws/install/turtlebot3_example:/opt/ros/humble /usr/bin/cmake --build /home/pacman/turtlebot3_ws/build/turtlebot3_gazebo -- -j12 -l12
[0.247s] -- Found ament_cmake: 1.3.10 (/opt/ros/humble/share/ament_cmake/cmake)
[0.247s] -- Override CMake install command with custom implementation using symlinks instead of copying resources
[0.248s] -- Found DART: /usr/include (Required is at least version "6.6") found components: dart 
[0.248s] -- Found Protobuf: /usr/lib/x86_64-linux-gnu/libprotobuf.so (found version "3.12.4") 
[0.249s] -- Looking for ignition-math6 -- found version 6.15.1
[0.249s] -- Searching for dependencies of ignition-math6
[0.249s] -- Looking for OGRE...
[0.249s] -- Found Ogre Ghadamon (1.9.0)
[0.249s] -- Found OGRE: optimized;/usr/lib/x86_64-linux-gnu/libOgreMain.so;debug;/usr/lib/x86_64-linux-gnu/libOgreMain.so
[0.249s] -- Looking for OGRE_Paging...
[0.249s] -- Found OGRE_Paging: optimized;/usr/lib/x86_64-linux-gnu/libOgrePaging.so;debug;/usr/lib/x86_64-linux-gnu/libOgrePaging.so
[0.249s] -- Looking for OGRE_Terrain...
[0.249s] -- Found OGRE_Terrain: optimized;/usr/lib/x86_64-linux-gnu/libOgreTerrain.so;debug;/usr/lib/x86_64-linux-gnu/libOgreTerrain.so
[0.249s] -- Looking for OGRE_Property...
[0.250s] -- Found OGRE_Property: optimized;/usr/lib/x86_64-linux-gnu/libOgreProperty.so;debug;/usr/lib/x86_64-linux-gnu/libOgreProperty.so
[0.250s] -- Looking for OGRE_RTShaderSystem...
[0.250s] -- Found OGRE_RTShaderSystem: optimized;/usr/lib/x86_64-linux-gnu/libOgreRTShaderSystem.so;debug;/usr/lib/x86_64-linux-gnu/libOgreRTShaderSystem.so
[0.250s] -- Looking for OGRE_Volume...
[0.250s] -- Found OGRE_Volume: optimized;/usr/lib/x86_64-linux-gnu/libOgreVolume.so;debug;/usr/lib/x86_64-linux-gnu/libOgreVolume.so
[0.250s] -- Looking for OGRE_Overlay...
[0.250s] -- Found OGRE_Overlay: optimized;/usr/lib/x86_64-linux-gnu/libOgreOverlay.so;debug;/usr/lib/x86_64-linux-gnu/libOgreOverlay.so
[0.250s] [33mCMake Warning (dev) at /usr/share/cmake-3.22/Modules/FindPackageHandleStandardArgs.cmake:438 (message):
[0.251s]   The package name passed to `find_package_handle_standard_args` (PkgConfig)
[0.251s]   does not match the name of the calling package (gazebo).  This can lead to
[0.251s]   problems in calling code that expects `find_package` result variables
[0.251s]   (e.g., `_FOUND`) to follow a certain pattern.
[0.251s] Call Stack (most recent call first):
[0.251s]   /usr/share/cmake-3.22/Modules/FindPkgConfig.cmake:99 (find_package_handle_standard_args)
[0.251s]   /usr/lib/x86_64-linux-gnu/cmake/gazebo/gazebo-config.cmake:72 (include)
[0.251s]   CMakeLists.txt:23 (find_package)
[0.251s] This warning is for project developers.  Use -Wno-dev to suppress it.
[0.251s] [0m
[0.367s] -- Looking for ignition-math6 -- found version 6.15.1
[0.367s] -- Looking for ignition-transport8 -- found version 8.2.1
[0.368s] -- Searching for dependencies of ignition-transport8
[0.387s] -- Found Protobuf: /usr/lib/x86_64-linux-gnu/libprotobuf.so (found suitable version "3.12.4", minimum required is "3") 
[0.398s] -- Config-file not installed for ZeroMQ -- checking for pkg-config
[0.403s] -- Checking for module 'libzmq >= 4'
[0.414s] --   Found libzmq , version 4.3.4
[0.440s] -- Checking for module 'uuid'
[0.451s] --   Found uuid, version 2.37.2
[0.476s] -- Looking for ignition-msgs5 -- found version 5.8.1
[0.477s] -- Searching for dependencies of ignition-msgs5
[0.489s] -- Looking for ignition-math6 -- found version 6.15.1
[0.496s] -- Checking for module 'tinyxml2'
[0.505s] --   Found tinyxml2, version 9.0.0
[0.530s] -- Looking for ignition-msgs5 -- found version 5.8.1
[0.531s] -- Looking for ignition-common3 -- found version 3.14.0
[0.531s] -- Searching for dependencies of ignition-common3
[0.531s] -- Looking for dlfcn.h - found
[0.531s] -- Looking for libdl - found
[0.540s] -- Searching for <ignition-common3> component [graphics]
[0.540s] -- Looking for ignition-common3-graphics -- found version 3.14.0
[0.540s] -- Searching for dependencies of ignition-common3-graphics
[0.541s] -- Looking for ignition-math6 -- found version 6.15.1
[0.541s] -- Looking for ignition-fuel_tools4 -- found version 4.4.0
[0.542s] -- Searching for dependencies of ignition-fuel_tools4
[0.571s] -- Checking for module 'jsoncpp'
[0.579s] --   Found jsoncpp, version 1.9.5
[0.604s] -- Checking for module 'libzip'
[0.615s] --   Found libzip, version 1.7.3
[0.639s] -- Looking for ignition-common3 -- found version 3.14.0
[0.639s] -- Looking for ignition-math6 -- found version 6.15.1
[0.640s] -- Looking for ignition-msgs5 -- found version 5.8.1
[0.641s] -- Found gazebo_ros_pkgs: 3.7.0 (/opt/ros/humble/share/gazebo_ros_pkgs/cmake)
[0.641s] -- Found geometry_msgs: 4.2.4 (/opt/ros/humble/share/geometry_msgs/cmake)
[0.652s] -- Found rosidl_generator_c: 3.1.5 (/opt/ros/humble/share/rosidl_generator_c/cmake)
[0.655s] -- Found rosidl_adapter: 3.1.5 (/opt/ros/humble/share/rosidl_adapter/cmake)
[0.658s] -- Found rosidl_generator_cpp: 3.1.5 (/opt/ros/humble/share/rosidl_generator_cpp/cmake)
[0.664s] -- Using all available rosidl_typesupport_c: rosidl_typesupport_fastrtps_c;rosidl_typesupport_introspection_c
[0.672s] -- Using all available rosidl_typesupport_cpp: rosidl_typesupport_fastrtps_cpp;rosidl_typesupport_introspection_cpp
[0.694s] -- Found nav_msgs: 4.2.4 (/opt/ros/humble/share/nav_msgs/cmake)
[0.704s] -- Found rclcpp: 16.0.10 (/opt/ros/humble/share/rclcpp/cmake)
[0.719s] -- Found rmw_implementation_cmake: 6.1.2 (/opt/ros/humble/share/rmw_implementation_cmake/cmake)
[0.720s] -- Found rmw_fastrtps_cpp: 6.2.7 (/opt/ros/humble/share/rmw_fastrtps_cpp/cmake)
[0.788s] -- Using RMW implementation 'rmw_fastrtps_cpp' as default
[0.812s] -- Found sensor_msgs: 4.2.4 (/opt/ros/humble/share/sensor_msgs/cmake)
[0.820s] -- Found tf2: 0.25.8 (/opt/ros/humble/share/tf2/cmake)
[0.876s] -- Configuring done
[0.893s] -- Generating done
[0.895s] -- Build files have been written to: /home/pacman/turtlebot3_ws/build/turtlebot3_gazebo
[0.916s] [35m[1mConsolidate compiler generated dependencies of target obstacle1[0m
[0.916s] [35m[1mConsolidate compiler generated dependencies of target turtlebot3_drive[0m
[0.918s] [35m[1mConsolidate compiler generated dependencies of target obstacle2[0m
[0.918s] [35m[1mConsolidate compiler generated dependencies of target obstacles[0m
[0.929s] [ 25%] Built target turtlebot3_drive
[0.933s] [ 50%] Built target obstacle1
[0.939s] [ 75%] Built target obstacle2
[0.942s] [100%] Built target obstacles
[0.952s] Invoked command in '/home/pacman/turtlebot3_ws/build/turtlebot3_gazebo' returned '0': CMAKE_PREFIX_PATH=${CMAKE_PREFIX_PATH}:/home/pacman/turtlebot3_ws/install/turtlebot3_teleop:/home/pacman/turtlebot3_ws/install/turtlebot3_example:/opt/ros/humble /usr/bin/cmake --build /home/pacman/turtlebot3_ws/build/turtlebot3_gazebo -- -j12 -l12
[0.982s] Invoking command in '/home/pacman/turtlebot3_ws/build/turtlebot3_gazebo': CMAKE_PREFIX_PATH=${CMAKE_PREFIX_PATH}:/home/pacman/turtlebot3_ws/install/turtlebot3_teleop:/home/pacman/turtlebot3_ws/install/turtlebot3_example:/opt/ros/humble /usr/bin/cmake --install /home/pacman/turtlebot3_ws/build/turtlebot3_gazebo
[0.988s] -- Install configuration: ""
[0.988s] -- Execute custom install script
[0.989s] -- Up-to-date symlink: /home/pacman/turtlebot3_ws/install/turtlebot3_gazebo/lib/turtlebot3_gazebo/turtlebot3_drive
[0.989s] -- Up-to-date symlink: /home/pacman/turtlebot3_ws/install/turtlebot3_gazebo/share/turtlebot3_gazebo//launch/empty_world.launch.py
[0.989s] -- Up-to-date symlink: /home/pacman/turtlebot3_ws/install/turtlebot3_gazebo/share/turtlebot3_gazebo//launch/meta_data
[0.989s] -- Up-to-date symlink: /home/pacman/turtlebot3_ws/install/turtlebot3_gazebo/share/turtlebot3_gazebo//launch/my_car_sim.launch.py
[0.989s] -- Up-to-date symlink: /home/pacman/turtlebot3_ws/install/turtlebot3_gazebo/share/turtlebot3_gazebo//launch/my_launch.launch.py
[0.990s] -- Up-to-date symlink: /home/pacman/turtlebot3_ws/install/turtlebot3_gazebo/share/turtlebot3_gazebo//launch/my_launch_file.py
[0.990s] -- Up-to-date symlink: /home/pacman/turtlebot3_ws/install/turtlebot3_gazebo/share/turtlebot3_gazebo//launch/my_launch_para.launch.py
[0.990s] -- Up-to-date symlink: /home/pacman/turtlebot3_ws/install/turtlebot3_gazebo/share/turtlebot3_gazebo//launch/my_robot_state_publisher.launch.py
[0.990s] -- Up-to-date symlink: /home/pacman/turtlebot3_ws/install/turtlebot3_gazebo/share/turtlebot3_gazebo//launch/my_spawner.launch.py
[0.990s] -- Up-to-date symlink: /home/pacman/turtlebot3_ws/install/turtlebot3_gazebo/share/turtlebot3_gazebo//launch/my_world_launch.py
[0.990s] -- Up-to-date symlink: /home/pacman/turtlebot3_ws/install/turtlebot3_gazebo/share/turtlebot3_gazebo//launch/mygazebo.launch.py
[0.990s] -- Up-to-date symlink: /home/pacman/turtlebot3_ws/install/turtlebot3_gazebo/share/turtlebot3_gazebo//launch/robot_state_publisher.launch.py
[0.990s] -- Up-to-date symlink: /home/pacman/turtlebot3_ws/install/turtlebot3_gazebo/share/turtlebot3_gazebo//launch/rsp.launch.py
[0.990s] -- Up-to-date symlink: /home/pacman/turtlebot3_ws/install/turtlebot3_gazebo/share/turtlebot3_gazebo//launch/simple_launch.py
[0.990s] -- Up-to-date symlink: /home/pacman/turtlebot3_ws/install/turtlebot3_gazebo/share/turtlebot3_gazebo//launch/spawn_turtlebot3.launch.py
[0.990s] -- Up-to-date symlink: /home/pacman/turtlebot3_ws/install/turtlebot3_gazebo/share/turtlebot3_gazebo//launch/turtlebot3_dqn_stage1.launch.py
[0.990s] -- Up-to-date symlink: /home/pacman/turtlebot3_ws/install/turtlebot3_gazebo/share/turtlebot3_gazebo//launch/turtlebot3_dqn_stage2.launch.py
[0.990s] -- Up-to-date symlink: /home/pacman/turtlebot3_ws/install/turtlebot3_gazebo/share/turtlebot3_gazebo//launch/turtlebot3_dqn_stage3.launch.py
[0.990s] -- Up-to-date symlink: /home/pacman/turtlebot3_ws/install/turtlebot3_gazebo/share/turtlebot3_gazebo//launch/turtlebot3_dqn_stage4.launch.py
[0.990s] -- Up-to-date symlink: /home/pacman/turtlebot3_ws/install/turtlebot3_gazebo/share/turtlebot3_gazebo//launch/turtlebot3_house.launch.py
[0.991s] -- Up-to-date symlink: /home/pacman/turtlebot3_ws/install/turtlebot3_gazebo/share/turtlebot3_gazebo//launch/turtlebot3_world.launch.py
[0.991s] -- Up-to-date symlink: /home/pacman/turtlebot3_ws/install/turtlebot3_gazebo/share/turtlebot3_gazebo//launch/xacro_launch.py
[0.991s] -- Up-to-date symlink: /home/pacman/turtlebot3_ws/install/turtlebot3_gazebo/share/turtlebot3_gazebo//launch/xacro_robot_state_publisher.launch.py
[0.991s] -- Up-to-date symlink: /home/pacman/turtlebot3_ws/install/turtlebot3_gazebo/share/turtlebot3_gazebo//launch/xacro_spawn.launch.py
[0.991s] -- Up-to-date symlink: /home/pacman/turtlebot3_ws/install/turtlebot3_gazebo/share/turtlebot3_gazebo//launch/xacro_spawn_1.launch.py
[0.991s] -- Up-to-date symlink: /home/pacman/turtlebot3_ws/install/turtlebot3_gazebo/share/turtlebot3_gazebo//models/turtlebot3_burger/model-1_4.sdf
[0.991s] -- Up-to-date symlink: /home/pacman/turtlebot3_ws/install/turtlebot3_gazebo/share/turtlebot3_gazebo//models/turtlebot3_burger/model.config
[0.991s] -- Up-to-date symlink: /home/pacman/turtlebot3_ws/install/turtlebot3_gazebo/share/turtlebot3_gazebo//models/turtlebot3_burger/model.sdf
[0.991s] -- Up-to-date symlink: /home/pacman/turtlebot3_ws/install/turtlebot3_gazebo/share/turtlebot3_gazebo//models/turtlebot3_common/meshes/burger_base.dae
[0.991s] -- Up-to-date symlink: /home/pacman/turtlebot3_ws/install/turtlebot3_gazebo/share/turtlebot3_gazebo//models/turtlebot3_common/meshes/lds.dae
[0.992s] -- Up-to-date symlink: /home/pacman/turtlebot3_ws/install/turtlebot3_gazebo/share/turtlebot3_gazebo//models/turtlebot3_common/meshes/r200.dae
[0.992s] -- Up-to-date symlink: /home/pacman/turtlebot3_ws/install/turtlebot3_gazebo/share/turtlebot3_gazebo//models/turtlebot3_common/meshes/tire.dae
[0.992s] -- Up-to-date symlink: /home/pacman/turtlebot3_ws/install/turtlebot3_gazebo/share/turtlebot3_gazebo//models/turtlebot3_common/meshes/waffle_base.dae
[0.992s] -- Up-to-date symlink: /home/pacman/turtlebot3_ws/install/turtlebot3_gazebo/share/turtlebot3_gazebo//models/turtlebot3_common/meshes/waffle_pi_base.dae
[0.993s] -- Up-to-date symlink: /home/pacman/turtlebot3_ws/install/turtlebot3_gazebo/share/turtlebot3_gazebo//models/turtlebot3_common/model.config
[0.993s] -- Up-to-date symlink: /home/pacman/turtlebot3_ws/install/turtlebot3_gazebo/share/turtlebot3_gazebo//models/turtlebot3_dqn_world/goal_box/model.config
[0.993s] -- Up-to-date symlink: /home/pacman/turtlebot3_ws/install/turtlebot3_gazebo/share/turtlebot3_gazebo//models/turtlebot3_dqn_world/goal_box/model.sdf
[0.993s] -- Up-to-date symlink: /home/pacman/turtlebot3_ws/install/turtlebot3_gazebo/share/turtlebot3_gazebo//models/turtlebot3_dqn_world/inner_walls/model.config
[0.993s] -- Up-to-date symlink: /home/pacman/turtlebot3_ws/install/turtlebot3_gazebo/share/turtlebot3_gazebo//models/turtlebot3_dqn_world/inner_walls/model.sdf
[0.993s] -- Up-to-date symlink: /home/pacman/turtlebot3_ws/install/turtlebot3_gazebo/share/turtlebot3_gazebo//models/turtlebot3_dqn_world/model.config
[0.993s] -- Up-to-date symlink: /home/pacman/turtlebot3_ws/install/turtlebot3_gazebo/share/turtlebot3_gazebo//models/turtlebot3_dqn_world/model.sdf
[0.993s] -- Up-to-date symlink: /home/pacman/turtlebot3_ws/install/turtlebot3_gazebo/share/turtlebot3_gazebo//models/turtlebot3_dqn_world/obstacle1/model.config
[0.993s] -- Up-to-date symlink: /home/pacman/turtlebot3_ws/install/turtlebot3_gazebo/share/turtlebot3_gazebo//models/turtlebot3_dqn_world/obstacle1/model.sdf
[0.993s] -- Up-to-date symlink: /home/pacman/turtlebot3_ws/install/turtlebot3_gazebo/share/turtlebot3_gazebo//models/turtlebot3_dqn_world/obstacle2/model.config
[0.994s] -- Up-to-date symlink: /home/pacman/turtlebot3_ws/install/turtlebot3_gazebo/share/turtlebot3_gazebo//models/turtlebot3_dqn_world/obstacle2/model.sdf
[0.994s] -- Up-to-date symlink: /home/pacman/turtlebot3_ws/install/turtlebot3_gazebo/share/turtlebot3_gazebo//models/turtlebot3_dqn_world/obstacle_plugin/CMakeLists.txt
[0.994s] -- Up-to-date symlink: /home/pacman/turtlebot3_ws/install/turtlebot3_gazebo/share/turtlebot3_gazebo//models/turtlebot3_dqn_world/obstacle_plugin/obstacle1.cc
[0.994s] -- Up-to-date symlink: /home/pacman/turtlebot3_ws/install/turtlebot3_gazebo/share/turtlebot3_gazebo//models/turtlebot3_dqn_world/obstacle_plugin/obstacle2.cc
[0.994s] -- Up-to-date symlink: /home/pacman/turtlebot3_ws/install/turtlebot3_gazebo/share/turtlebot3_gazebo//models/turtlebot3_dqn_world/obstacle_plugin/obstacles.cc
[0.994s] -- Up-to-date symlink: /home/pacman/turtlebot3_ws/install/turtlebot3_gazebo/share/turtlebot3_gazebo//models/turtlebot3_dqn_world/obstacles/model.config
[0.994s] -- Up-to-date symlink: /home/pacman/turtlebot3_ws/install/turtlebot3_gazebo/share/turtlebot3_gazebo//models/turtlebot3_dqn_world/obstacles/model.sdf
[0.994s] -- Up-to-date symlink: /home/pacman/turtlebot3_ws/install/turtlebot3_gazebo/share/turtlebot3_gazebo//models/turtlebot3_house/model.config
[0.994s] -- Up-to-date symlink: /home/pacman/turtlebot3_ws/install/turtlebot3_gazebo/share/turtlebot3_gazebo//models/turtlebot3_house/model.sdf
[0.994s] -- Up-to-date symlink: /home/pacman/turtlebot3_ws/install/turtlebot3_gazebo/share/turtlebot3_gazebo//models/turtlebot3_waffle/model-1_4.sdf
[0.994s] -- Up-to-date symlink: /home/pacman/turtlebot3_ws/install/turtlebot3_gazebo/share/turtlebot3_gazebo//models/turtlebot3_waffle/model.config
[0.994s] -- Up-to-date symlink: /home/pacman/turtlebot3_ws/install/turtlebot3_gazebo/share/turtlebot3_gazebo//models/turtlebot3_waffle/model.sdf
[0.995s] -- Up-to-date symlink: /home/pacman/turtlebot3_ws/install/turtlebot3_gazebo/share/turtlebot3_gazebo//models/turtlebot3_waffle_pi/model-1_4_.sdf
[0.995s] -- Up-to-date symlink: /home/pacman/turtlebot3_ws/install/turtlebot3_gazebo/share/turtlebot3_gazebo//models/turtlebot3_waffle_pi/model.config
[0.995s] -- Up-to-date symlink: /home/pacman/turtlebot3_ws/install/turtlebot3_gazebo/share/turtlebot3_gazebo//models/turtlebot3_waffle_pi/model.sdf
[0.995s] -- Up-to-date symlink: /home/pacman/turtlebot3_ws/install/turtlebot3_gazebo/share/turtlebot3_gazebo//models/turtlebot3_world/meshes/hexagon.dae
[0.995s] -- Up-to-date symlink: /home/pacman/turtlebot3_ws/install/turtlebot3_gazebo/share/turtlebot3_gazebo//models/turtlebot3_world/meshes/wall.dae
[0.995s] -- Up-to-date symlink: /home/pacman/turtlebot3_ws/install/turtlebot3_gazebo/share/turtlebot3_gazebo//models/turtlebot3_world/model-1_4.sdf
[0.995s] -- Up-to-date symlink: /home/pacman/turtlebot3_ws/install/turtlebot3_gazebo/share/turtlebot3_gazebo//models/turtlebot3_world/model.config
[0.995s] -- Up-to-date symlink: /home/pacman/turtlebot3_ws/install/turtlebot3_gazebo/share/turtlebot3_gazebo//models/turtlebot3_world/model.sdf
[0.996s] -- Up-to-date symlink: /home/pacman/turtlebot3_ws/install/turtlebot3_gazebo/share/turtlebot3_gazebo//rviz/tb3_gazebo.rviz
[0.996s] -- Up-to-date symlink: /home/pacman/turtlebot3_ws/install/turtlebot3_gazebo/share/turtlebot3_gazebo//urdf/common_properties.urdf
[0.996s] -- Up-to-date symlink: /home/pacman/turtlebot3_ws/install/turtlebot3_gazebo/share/turtlebot3_gazebo//urdf/turtlebot3_burger.urdf
[0.996s] -- Up-to-date symlink: /home/pacman/turtlebot3_ws/install/turtlebot3_gazebo/share/turtlebot3_gazebo//urdf/turtlebot3_waffle.urdf
[0.996s] -- Up-to-date symlink: /home/pacman/turtlebot3_ws/install/turtlebot3_gazebo/share/turtlebot3_gazebo//urdf/turtlebot3_waffle_pi.urdf
[0.996s] -- Up-to-date symlink: /home/pacman/turtlebot3_ws/install/turtlebot3_gazebo/share/turtlebot3_gazebo//urdf/turtlebot3_waffle_pi.xacro
[0.996s] -- Up-to-date symlink: /home/pacman/turtlebot3_ws/install/turtlebot3_gazebo/share/turtlebot3_gazebo//urdf/turtlebot3_waffle_pi_world.xacro
[0.996s] -- Up-to-date symlink: /home/pacman/turtlebot3_ws/install/turtlebot3_gazebo/share/turtlebot3_gazebo//worlds/empty_world.world
[0.996s] -- Up-to-date symlink: /home/pacman/turtlebot3_ws/install/turtlebot3_gazebo/share/turtlebot3_gazebo//worlds/turtlebot3_dqn_stage1.world
[0.996s] -- Up-to-date symlink: /home/pacman/turtlebot3_ws/install/turtlebot3_gazebo/share/turtlebot3_gazebo//worlds/turtlebot3_dqn_stage2.world
[0.996s] -- Up-to-date symlink: /home/pacman/turtlebot3_ws/install/turtlebot3_gazebo/share/turtlebot3_gazebo//worlds/turtlebot3_dqn_stage3.world
[0.996s] -- Up-to-date symlink: /home/pacman/turtlebot3_ws/install/turtlebot3_gazebo/share/turtlebot3_gazebo//worlds/turtlebot3_dqn_stage4.world
[0.997s] -- Up-to-date symlink: /home/pacman/turtlebot3_ws/install/turtlebot3_gazebo/share/turtlebot3_gazebo//worlds/turtlebot3_house.world
[0.997s] -- Up-to-date symlink: /home/pacman/turtlebot3_ws/install/turtlebot3_gazebo/share/turtlebot3_gazebo//worlds/turtlebot3_world.world
[0.997s] -- Up-to-date symlink: /home/pacman/turtlebot3_ws/install/turtlebot3_gazebo/include//turtlebot3_gazebo/turtlebot3_drive.hpp
[0.997s] -- Up-to-date symlink: /home/pacman/turtlebot3_ws/install/turtlebot3_gazebo/share/ament_index/resource_index/package_run_dependencies/turtlebot3_gazebo
[0.997s] -- Up-to-date symlink: /home/pacman/turtlebot3_ws/install/turtlebot3_gazebo/share/ament_index/resource_index/parent_prefix_path/turtlebot3_gazebo
[0.997s] -- Up-to-date symlink: /home/pacman/turtlebot3_ws/install/turtlebot3_gazebo/share/turtlebot3_gazebo/environment/ament_prefix_path.sh
[0.997s] -- Up-to-date symlink: /home/pacman/turtlebot3_ws/install/turtlebot3_gazebo/share/turtlebot3_gazebo/environment/ament_prefix_path.dsv
[0.997s] -- Up-to-date symlink: /home/pacman/turtlebot3_ws/install/turtlebot3_gazebo/share/turtlebot3_gazebo/environment/path.sh
[0.997s] -- Up-to-date symlink: /home/pacman/turtlebot3_ws/install/turtlebot3_gazebo/share/turtlebot3_gazebo/environment/path.dsv
[0.997s] -- Up-to-date symlink: /home/pacman/turtlebot3_ws/install/turtlebot3_gazebo/share/turtlebot3_gazebo/local_setup.bash
[0.997s] -- Up-to-date symlink: /home/pacman/turtlebot3_ws/install/turtlebot3_gazebo/share/turtlebot3_gazebo/local_setup.sh
[0.997s] -- Up-to-date symlink: /home/pacman/turtlebot3_ws/install/turtlebot3_gazebo/share/turtlebot3_gazebo/local_setup.zsh
[0.998s] -- Up-to-date symlink: /home/pacman/turtlebot3_ws/install/turtlebot3_gazebo/share/turtlebot3_gazebo/local_setup.dsv
[0.998s] -- Symlinking: /home/pacman/turtlebot3_ws/install/turtlebot3_gazebo/share/turtlebot3_gazebo/package.dsv
[1.003s] -- Up-to-date symlink: /home/pacman/turtlebot3_ws/install/turtlebot3_gazebo/share/ament_index/resource_index/packages/turtlebot3_gazebo
[1.003s] -- Up-to-date symlink: /home/pacman/turtlebot3_ws/install/turtlebot3_gazebo/share/turtlebot3_gazebo/cmake/ament_cmake_export_include_directories-extras.cmake
[1.003s] -- Up-to-date symlink: /home/pacman/turtlebot3_ws/install/turtlebot3_gazebo/share/turtlebot3_gazebo/cmake/ament_cmake_export_dependencies-extras.cmake
[1.003s] -- Up-to-date symlink: /home/pacman/turtlebot3_ws/install/turtlebot3_gazebo/share/turtlebot3_gazebo/cmake/turtlebot3_gazeboConfig.cmake
[1.003s] -- Up-to-date symlink: /home/pacman/turtlebot3_ws/install/turtlebot3_gazebo/share/turtlebot3_gazebo/cmake/turtlebot3_gazeboConfig-version.cmake
[1.003s] -- Up-to-date symlink: /home/pacman/turtlebot3_ws/install/turtlebot3_gazebo/share/turtlebot3_gazebo/package.xml
[1.005s] Invoked command in '/home/pacman/turtlebot3_ws/build/turtlebot3_gazebo' returned '0': CMAKE_PREFIX_PATH=${CMAKE_PREFIX_PATH}:/home/pacman/turtlebot3_ws/install/turtlebot3_teleop:/home/pacman/turtlebot3_ws/install/turtlebot3_example:/opt/ros/humble /usr/bin/cmake --install /home/pacman/turtlebot3_ws/build/turtlebot3_gazebo
