[0.032s] Invoking command in '/home/duck_sh/turtlebot3_manipulation-humble-devel/build/controller_manager_msgs': CMAKE_PREFIX_PATH=${CMAKE_PREFIX_PATH}:/home/duck_sh/ros2_ws/install/my_py_pkg:/home/duck_sh/turtlebot3_manipulation-humble-devel/install/ros2_controllers_test_nodes:/opt/ros/humble /usr/bin/cmake --build /home/duck_sh/turtlebot3_manipulation-humble-devel/build/controller_manager_msgs -- -j32 -l32
[0.267s] [35m[1mConsolidate compiler generated dependencies of target controller_manager_msgs__rosidl_generator_c[0m
[0.267s] [  0%] Built target controller_manager_msgs__cpp
[0.267s] [  0%] Built target ament_cmake_python_copy_controller_manager_msgs
[0.267s] [35m[1mConsolidate compiler generated dependencies of target controller_manager_msgs__rosidl_typesupport_fastrtps_cpp[0m
[0.268s] [ 12%] Built target controller_manager_msgs__rosidl_generator_c
[0.268s] [35m[1mConsolidate compiler generated dependencies of target controller_manager_msgs__rosidl_typesupport_cpp[0m
[0.268s] [35m[1mConsolidate compiler generated dependencies of target controller_manager_msgs__rosidl_typesupport_introspection_cpp[0m
[0.268s] [35m[1mConsolidate compiler generated dependencies of target controller_manager_msgs__rosidl_typesupport_introspection_c[0m
[0.268s] [35m[1mConsolidate compiler generated dependencies of target controller_manager_msgs__rosidl_typesupport_c[0m
[0.268s] [35m[1mConsolidate compiler generated dependencies of target controller_manager_msgs__rosidl_typesupport_fastrtps_c[0m
[0.268s] [ 32%] Built target controller_manager_msgs__rosidl_typesupport_introspection_cpp
[0.268s] [ 36%] Built target controller_manager_msgs__rosidl_typesupport_cpp
[0.268s] [ 48%] Built target controller_manager_msgs__rosidl_typesupport_c
[0.268s] [ 60%] Built target controller_manager_msgs__rosidl_typesupport_fastrtps_cpp
[0.269s] [ 72%] Built target controller_manager_msgs__rosidl_typesupport_introspection_c
[0.269s] [ 84%] Built target controller_manager_msgs__rosidl_typesupport_fastrtps_c
[0.270s] [ 84%] Built target controller_manager_msgs
[0.270s] [ 85%] Built target controller_manager_msgs__py
[0.270s] [35m[1mConsolidate compiler generated dependencies of target controller_manager_msgs__rosidl_generator_py[0m
[0.270s] [ 96%] Built target controller_manager_msgs__rosidl_generator_py
[0.271s] [35m[1mConsolidate compiler generated dependencies of target controller_manager_msgs__rosidl_typesupport_introspection_c__pyext[0m
[0.271s] [35m[1mConsolidate compiler generated dependencies of target controller_manager_msgs__rosidl_typesupport_fastrtps_c__pyext[0m
[0.271s] [35m[1mConsolidate compiler generated dependencies of target controller_manager_msgs__rosidl_typesupport_c__pyext[0m
[0.271s] [100%] Built target controller_manager_msgs__rosidl_typesupport_fastrtps_c__pyext
[0.271s] [100%] Built target controller_manager_msgs__rosidl_typesupport_c__pyext
[0.271s] [100%] Built target controller_manager_msgs__rosidl_typesupport_introspection_c__pyext
[0.271s] running egg_info
[0.272s] writing controller_manager_msgs.egg-info/PKG-INFO
[0.273s] writing dependency_links to controller_manager_msgs.egg-info/dependency_links.txt
[0.273s] writing top-level names to controller_manager_msgs.egg-info/top_level.txt
[0.273s] reading manifest file 'controller_manager_msgs.egg-info/SOURCES.txt'
[0.273s] writing manifest file 'controller_manager_msgs.egg-info/SOURCES.txt'
[0.273s] [100%] Built target ament_cmake_python_build_controller_manager_msgs_egg
[0.278s] Invoked command in '/home/duck_sh/turtlebot3_manipulation-humble-devel/build/controller_manager_msgs' returned '0': CMAKE_PREFIX_PATH=${CMAKE_PREFIX_PATH}:/home/duck_sh/ros2_ws/install/my_py_pkg:/home/duck_sh/turtlebot3_manipulation-humble-devel/install/ros2_controllers_test_nodes:/opt/ros/humble /usr/bin/cmake --build /home/duck_sh/turtlebot3_manipulation-humble-devel/build/controller_manager_msgs -- -j32 -l32
