[0.197s] Invoking command in '/home/duck_sh/turtlebot3_manipulation-humble-devel/build/kinematics_interface': CMAKE_PREFIX_PATH=${CMAKE_PREFIX_PATH}:/home/duck_sh/ros2_ws/install/my_py_pkg:/opt/ros/humble /usr/bin/cmake --build /home/duck_sh/turtlebot3_manipulation-humble-devel/build/kinematics_interface -- -j32 -l32
[0.239s] [35m[1mConsolidate compiler generated dependencies of target kinematics_interface[0m
[0.253s] [100%] Built target kinematics_interface
[0.300s] Invoked command in '/home/duck_sh/turtlebot3_manipulation-humble-devel/build/kinematics_interface' returned '0': CMAKE_PREFIX_PATH=${CMAKE_PREFIX_PATH}:/home/duck_sh/ros2_ws/install/my_py_pkg:/opt/ros/humble /usr/bin/cmake --build /home/duck_sh/turtlebot3_manipulation-humble-devel/build/kinematics_interface -- -j32 -l32
[0.353s] Invoking command in '/home/duck_sh/turtlebot3_manipulation-humble-devel/build/kinematics_interface': CMAKE_PREFIX_PATH=${CMAKE_PREFIX_PATH}:/home/duck_sh/ros2_ws/install/my_py_pkg:/opt/ros/humble /usr/bin/cmake --install /home/duck_sh/turtlebot3_manipulation-humble-devel/build/kinematics_interface
[0.362s] -- Install configuration: ""
[0.363s] -- Installing: /home/duck_sh/turtlebot3_manipulation-humble-devel/install/kinematics_interface/include/kinematics_interface
[0.364s] -- Installing: /home/duck_sh/turtlebot3_manipulation-humble-devel/install/kinematics_interface/include/kinematics_interface/kinematics_interface
[0.364s] -- Installing: /home/duck_sh/turtlebot3_manipulation-humble-devel/install/kinematics_interface/include/kinematics_interface/kinematics_interface/visibility_control.h
[0.364s] -- Installing: /home/duck_sh/turtlebot3_manipulation-humble-devel/install/kinematics_interface/include/kinematics_interface/kinematics_interface/kinematics_interface.hpp
[0.364s] -- Installing: /home/duck_sh/turtlebot3_manipulation-humble-devel/install/kinematics_interface/lib/libkinematics_interface.so
[0.364s] -- Set runtime path of "/home/duck_sh/turtlebot3_manipulation-humble-devel/install/kinematics_interface/lib/libkinematics_interface.so" to ""
[0.364s] -- Installing: /home/duck_sh/turtlebot3_manipulation-humble-devel/install/kinematics_interface/share/kinematics_interface/environment/library_path.sh
[0.364s] -- Installing: /home/duck_sh/turtlebot3_manipulation-humble-devel/install/kinematics_interface/share/kinematics_interface/environment/library_path.dsv
[0.365s] -- Installing: /home/duck_sh/turtlebot3_manipulation-humble-devel/install/kinematics_interface/share/ament_index/resource_index/package_run_dependencies/kinematics_interface
[0.365s] -- Installing: /home/duck_sh/turtlebot3_manipulation-humble-devel/install/kinematics_interface/share/ament_index/resource_index/parent_prefix_path/kinematics_interface
[0.365s] -- Installing: /home/duck_sh/turtlebot3_manipulation-humble-devel/install/kinematics_interface/share/kinematics_interface/environment/ament_prefix_path.sh
[0.365s] -- Installing: /home/duck_sh/turtlebot3_manipulation-humble-devel/install/kinematics_interface/share/kinematics_interface/environment/ament_prefix_path.dsv
[0.365s] -- Installing: /home/duck_sh/turtlebot3_manipulation-humble-devel/install/kinematics_interface/share/kinematics_interface/environment/path.sh
[0.365s] -- Installing: /home/duck_sh/turtlebot3_manipulation-humble-devel/install/kinematics_interface/share/kinematics_interface/environment/path.dsv
[0.365s] -- Installing: /home/duck_sh/turtlebot3_manipulation-humble-devel/install/kinematics_interface/share/kinematics_interface/local_setup.bash
[0.365s] -- Installing: /home/duck_sh/turtlebot3_manipulation-humble-devel/install/kinematics_interface/share/kinematics_interface/local_setup.sh
[0.365s] -- Installing: /home/duck_sh/turtlebot3_manipulation-humble-devel/install/kinematics_interface/share/kinematics_interface/local_setup.zsh
[0.365s] -- Installing: /home/duck_sh/turtlebot3_manipulation-humble-devel/install/kinematics_interface/share/kinematics_interface/local_setup.dsv
[0.365s] -- Installing: /home/duck_sh/turtlebot3_manipulation-humble-devel/install/kinematics_interface/share/kinematics_interface/package.dsv
[0.365s] -- Installing: /home/duck_sh/turtlebot3_manipulation-humble-devel/install/kinematics_interface/share/ament_index/resource_index/packages/kinematics_interface
[0.366s] -- Installing: /home/duck_sh/turtlebot3_manipulation-humble-devel/install/kinematics_interface/share/kinematics_interface/cmake/export_kinematics_interfaceExport.cmake
[0.366s] -- Installing: /home/duck_sh/turtlebot3_manipulation-humble-devel/install/kinematics_interface/share/kinematics_interface/cmake/export_kinematics_interfaceExport-noconfig.cmake
[0.366s] -- Installing: /home/duck_sh/turtlebot3_manipulation-humble-devel/install/kinematics_interface/share/kinematics_interface/cmake/ament_cmake_export_targets-extras.cmake
[0.366s] -- Installing: /home/duck_sh/turtlebot3_manipulation-humble-devel/install/kinematics_interface/share/kinematics_interface/cmake/ament_cmake_export_dependencies-extras.cmake
[0.366s] -- Installing: /home/duck_sh/turtlebot3_manipulation-humble-devel/install/kinematics_interface/share/kinematics_interface/cmake/kinematics_interfaceConfig.cmake
[0.366s] -- Installing: /home/duck_sh/turtlebot3_manipulation-humble-devel/install/kinematics_interface/share/kinematics_interface/cmake/kinematics_interfaceConfig-version.cmake
[0.366s] -- Installing: /home/duck_sh/turtlebot3_manipulation-humble-devel/install/kinematics_interface/share/kinematics_interface/package.xml
[0.383s] Invoked command in '/home/duck_sh/turtlebot3_manipulation-humble-devel/build/kinematics_interface' returned '0': CMAKE_PREFIX_PATH=${CMAKE_PREFIX_PATH}:/home/duck_sh/ros2_ws/install/my_py_pkg:/opt/ros/humble /usr/bin/cmake --install /home/duck_sh/turtlebot3_manipulation-humble-devel/build/kinematics_interface
