[0.031s] Invoking command in '/home/pacman/turtlebot3_ws/build/dynamixel_sdk_examples': AMENT_PREFIX_PATH=/home/pacman/turtlebot3_ws/install/dynamixel_sdk_custom_interfaces:/home/pacman/turtlebot3_ws/install/dynamixel_sdk:${AMENT_PREFIX_PATH} CMAKE_PREFIX_PATH=/home/pacman/turtlebot3_ws/install/dynamixel_sdk_custom_interfaces:/home/pacman/turtlebot3_ws/install/dynamixel_sdk:/home/pacman/slam_gmapping_ws/install/slam_gmapping:/home/pacman/slam_gmapping_ws/install/openslam_gmapping:/opt/ros/humble LD_LIBRARY_PATH=/home/pacman/turtlebot3_ws/install/dynamixel_sdk_custom_interfaces/lib:/home/pacman/turtlebot3_ws/install/dynamixel_sdk/lib:/home/pacman/slam_gmapping_ws/install/openslam_gmapping/lib:/usr/lib/x86_64-linux-gnu/gazebo-11/plugins:/opt/ros/humble/opt/rviz_ogre_vendor/lib:/opt/ros/humble/lib/x86_64-linux-gnu:/opt/ros/humble/lib:/usr/lib/x86_64-linux-gnu/gazebo-11/plugins PYTHONPATH=/home/pacman/turtlebot3_ws/install/dynamixel_sdk_custom_interfaces/local/lib/python3.10/dist-packages:${PYTHONPATH} /usr/bin/cmake /home/pacman/turtlebot3_ws/src/utils/DynamixelSDK/dynamixel_sdk_examples -DCMAKE_INSTALL_PREFIX=/home/pacman/turtlebot3_ws/install/dynamixel_sdk_examples
[0.150s] -- The C compiler identification is GNU 11.4.0
[0.242s] -- The CXX compiler identification is GNU 11.4.0
[0.258s] -- Detecting C compiler ABI info
[0.339s] -- Detecting C compiler ABI info - done
[0.344s] -- Check for working C compiler: /usr/bin/cc - skipped
[0.345s] -- Detecting C compile features
[0.345s] -- Detecting C compile features - done
[0.349s] -- Detecting CXX compiler ABI info
[0.434s] -- Detecting CXX compiler ABI info - done
[0.442s] -- Check for working CXX compiler: /usr/bin/c++ - skipped
[0.442s] -- Detecting CXX compile features
[0.444s] -- Detecting CXX compile features - done
[0.447s] -- Found ament_cmake: 1.3.10 (/opt/ros/humble/share/ament_cmake/cmake)
[0.626s] -- Found Python3: /usr/bin/python3 (found version "3.10.12") found components: Interpreter 
[0.703s] -- Found dynamixel_sdk: 3.7.60 (/home/pacman/turtlebot3_ws/install/dynamixel_sdk/share/dynamixel_sdk/cmake)
[0.704s] -- Found dynamixel_sdk_custom_interfaces: 3.7.60 (/home/pacman/turtlebot3_ws/install/dynamixel_sdk_custom_interfaces/share/dynamixel_sdk_custom_interfaces/cmake)
[0.727s] -- Found rosidl_generator_c: 3.1.5 (/opt/ros/humble/share/rosidl_generator_c/cmake)
[0.731s] -- Found rosidl_adapter: 3.1.5 (/opt/ros/humble/share/rosidl_adapter/cmake)
[0.738s] -- Found rosidl_generator_cpp: 3.1.5 (/opt/ros/humble/share/rosidl_generator_cpp/cmake)
[0.746s] -- Using all available rosidl_typesupport_c: rosidl_typesupport_fastrtps_c;rosidl_typesupport_introspection_c
[0.758s] -- Using all available rosidl_typesupport_cpp: rosidl_typesupport_fastrtps_cpp;rosidl_typesupport_introspection_cpp
[0.775s] -- Found rclcpp: 16.0.10 (/opt/ros/humble/share/rclcpp/cmake)
[0.802s] -- Found rmw_implementation_cmake: 6.1.2 (/opt/ros/humble/share/rmw_implementation_cmake/cmake)
[0.807s] -- Found rmw_fastrtps_cpp: 6.2.7 (/opt/ros/humble/share/rmw_fastrtps_cpp/cmake)
[0.864s] -- Found OpenSSL: /usr/lib/x86_64-linux-gnu/libcrypto.so (found version "3.0.2")  
[0.884s] -- Found FastRTPS: /opt/ros/humble/include  
[0.912s] -- Using RMW implementation 'rmw_fastrtps_cpp' as default
[0.918s] -- Looking for pthread.h
[0.967s] -- Looking for pthread.h - found
[0.967s] -- Performing Test CMAKE_HAVE_LIBC_PTHREAD
[1.014s] -- Performing Test CMAKE_HAVE_LIBC_PTHREAD - Success
[1.015s] -- Found Threads: TRUE  
[1.051s] -- Found ament_lint_auto: 0.12.11 (/opt/ros/humble/share/ament_lint_auto/cmake)
[1.113s] -- Added test 'copyright' to check source files copyright and LICENSE
[1.114s] -- Added test 'cppcheck' to perform static code analysis on C / C++ code
[1.114s] -- Configured cppcheck include dirs: /home/pacman/turtlebot3_ws/src/utils/DynamixelSDK/dynamixel_sdk_examples/include
[1.114s] -- Configured cppcheck exclude dirs and/or files: 
[1.115s] -- Added test 'cpplint' to check C / C++ code against the Google style
[1.115s] -- Configured cpplint exclude dirs and/or files: 
[1.115s] -- Added test 'lint_cmake' to check CMake code style
[1.116s] -- Added test 'uncrustify' to check C / C++ code style
[1.116s] -- Configured uncrustify additional arguments: 
[1.116s] -- Added test 'xmllint' to check XML markup files
[1.117s] -- Configuring done
[1.124s] -- Generating done
[1.125s] -- Build files have been written to: /home/pacman/turtlebot3_ws/build/dynamixel_sdk_examples
[1.132s] Invoked command in '/home/pacman/turtlebot3_ws/build/dynamixel_sdk_examples' returned '0': AMENT_PREFIX_PATH=/home/pacman/turtlebot3_ws/install/dynamixel_sdk_custom_interfaces:/home/pacman/turtlebot3_ws/install/dynamixel_sdk:${AMENT_PREFIX_PATH} CMAKE_PREFIX_PATH=/home/pacman/turtlebot3_ws/install/dynamixel_sdk_custom_interfaces:/home/pacman/turtlebot3_ws/install/dynamixel_sdk:/home/pacman/slam_gmapping_ws/install/slam_gmapping:/home/pacman/slam_gmapping_ws/install/openslam_gmapping:/opt/ros/humble LD_LIBRARY_PATH=/home/pacman/turtlebot3_ws/install/dynamixel_sdk_custom_interfaces/lib:/home/pacman/turtlebot3_ws/install/dynamixel_sdk/lib:/home/pacman/slam_gmapping_ws/install/openslam_gmapping/lib:/usr/lib/x86_64-linux-gnu/gazebo-11/plugins:/opt/ros/humble/opt/rviz_ogre_vendor/lib:/opt/ros/humble/lib/x86_64-linux-gnu:/opt/ros/humble/lib:/usr/lib/x86_64-linux-gnu/gazebo-11/plugins PYTHONPATH=/home/pacman/turtlebot3_ws/install/dynamixel_sdk_custom_interfaces/local/lib/python3.10/dist-packages:${PYTHONPATH} /usr/bin/cmake /home/pacman/turtlebot3_ws/src/utils/DynamixelSDK/dynamixel_sdk_examples -DCMAKE_INSTALL_PREFIX=/home/pacman/turtlebot3_ws/install/dynamixel_sdk_examples
[1.133s] Invoking command in '/home/pacman/turtlebot3_ws/build/dynamixel_sdk_examples': AMENT_PREFIX_PATH=/home/pacman/turtlebot3_ws/install/dynamixel_sdk_custom_interfaces:/home/pacman/turtlebot3_ws/install/dynamixel_sdk:${AMENT_PREFIX_PATH} CMAKE_PREFIX_PATH=/home/pacman/turtlebot3_ws/install/dynamixel_sdk_custom_interfaces:/home/pacman/turtlebot3_ws/install/dynamixel_sdk:/home/pacman/slam_gmapping_ws/install/slam_gmapping:/home/pacman/slam_gmapping_ws/install/openslam_gmapping:/opt/ros/humble LD_LIBRARY_PATH=/home/pacman/turtlebot3_ws/install/dynamixel_sdk_custom_interfaces/lib:/home/pacman/turtlebot3_ws/install/dynamixel_sdk/lib:/home/pacman/slam_gmapping_ws/install/openslam_gmapping/lib:/usr/lib/x86_64-linux-gnu/gazebo-11/plugins:/opt/ros/humble/opt/rviz_ogre_vendor/lib:/opt/ros/humble/lib/x86_64-linux-gnu:/opt/ros/humble/lib:/usr/lib/x86_64-linux-gnu/gazebo-11/plugins PYTHONPATH=/home/pacman/turtlebot3_ws/install/dynamixel_sdk_custom_interfaces/local/lib/python3.10/dist-packages:${PYTHONPATH} /usr/bin/cmake --build /home/pacman/turtlebot3_ws/build/dynamixel_sdk_examples -- -j12 -l12
[1.167s] [ 50%] [32mBuilding CXX object CMakeFiles/read_write_node.dir/src/read_write_node.cpp.o[0m
[12.491s] [100%] [32m[1mLinking CXX executable read_write_node[0m
[12.982s] [100%] Built target read_write_node
[13.020s] Invoked command in '/home/pacman/turtlebot3_ws/build/dynamixel_sdk_examples' returned '0': AMENT_PREFIX_PATH=/home/pacman/turtlebot3_ws/install/dynamixel_sdk_custom_interfaces:/home/pacman/turtlebot3_ws/install/dynamixel_sdk:${AMENT_PREFIX_PATH} CMAKE_PREFIX_PATH=/home/pacman/turtlebot3_ws/install/dynamixel_sdk_custom_interfaces:/home/pacman/turtlebot3_ws/install/dynamixel_sdk:/home/pacman/slam_gmapping_ws/install/slam_gmapping:/home/pacman/slam_gmapping_ws/install/openslam_gmapping:/opt/ros/humble LD_LIBRARY_PATH=/home/pacman/turtlebot3_ws/install/dynamixel_sdk_custom_interfaces/lib:/home/pacman/turtlebot3_ws/install/dynamixel_sdk/lib:/home/pacman/slam_gmapping_ws/install/openslam_gmapping/lib:/usr/lib/x86_64-linux-gnu/gazebo-11/plugins:/opt/ros/humble/opt/rviz_ogre_vendor/lib:/opt/ros/humble/lib/x86_64-linux-gnu:/opt/ros/humble/lib:/usr/lib/x86_64-linux-gnu/gazebo-11/plugins PYTHONPATH=/home/pacman/turtlebot3_ws/install/dynamixel_sdk_custom_interfaces/local/lib/python3.10/dist-packages:${PYTHONPATH} /usr/bin/cmake --build /home/pacman/turtlebot3_ws/build/dynamixel_sdk_examples -- -j12 -l12
[13.066s] Invoking command in '/home/pacman/turtlebot3_ws/build/dynamixel_sdk_examples': AMENT_PREFIX_PATH=/home/pacman/turtlebot3_ws/install/dynamixel_sdk_custom_interfaces:/home/pacman/turtlebot3_ws/install/dynamixel_sdk:${AMENT_PREFIX_PATH} CMAKE_PREFIX_PATH=/home/pacman/turtlebot3_ws/install/dynamixel_sdk_custom_interfaces:/home/pacman/turtlebot3_ws/install/dynamixel_sdk:/home/pacman/slam_gmapping_ws/install/slam_gmapping:/home/pacman/slam_gmapping_ws/install/openslam_gmapping:/opt/ros/humble LD_LIBRARY_PATH=/home/pacman/turtlebot3_ws/install/dynamixel_sdk_custom_interfaces/lib:/home/pacman/turtlebot3_ws/install/dynamixel_sdk/lib:/home/pacman/slam_gmapping_ws/install/openslam_gmapping/lib:/usr/lib/x86_64-linux-gnu/gazebo-11/plugins:/opt/ros/humble/opt/rviz_ogre_vendor/lib:/opt/ros/humble/lib/x86_64-linux-gnu:/opt/ros/humble/lib:/usr/lib/x86_64-linux-gnu/gazebo-11/plugins PYTHONPATH=/home/pacman/turtlebot3_ws/install/dynamixel_sdk_custom_interfaces/local/lib/python3.10/dist-packages:${PYTHONPATH} /usr/bin/cmake --install /home/pacman/turtlebot3_ws/build/dynamixel_sdk_examples
[13.077s] -- Install configuration: ""
[13.083s] -- Installing: /home/pacman/turtlebot3_ws/install/dynamixel_sdk_examples/lib/dynamixel_sdk_examples/read_write_node
[13.087s] -- Set runtime path of "/home/pacman/turtlebot3_ws/install/dynamixel_sdk_examples/lib/dynamixel_sdk_examples/read_write_node" to ""
[13.087s] -- Installing: /home/pacman/turtlebot3_ws/install/dynamixel_sdk_examples/share/ament_index/resource_index/package_run_dependencies/dynamixel_sdk_examples
[13.087s] -- Installing: /home/pacman/turtlebot3_ws/install/dynamixel_sdk_examples/share/ament_index/resource_index/parent_prefix_path/dynamixel_sdk_examples
[13.087s] -- Installing: /home/pacman/turtlebot3_ws/install/dynamixel_sdk_examples/share/dynamixel_sdk_examples/environment/ament_prefix_path.sh
[13.087s] -- Installing: /home/pacman/turtlebot3_ws/install/dynamixel_sdk_examples/share/dynamixel_sdk_examples/environment/ament_prefix_path.dsv
[13.087s] -- Installing: /home/pacman/turtlebot3_ws/install/dynamixel_sdk_examples/share/dynamixel_sdk_examples/environment/path.sh
[13.087s] -- Installing: /home/pacman/turtlebot3_ws/install/dynamixel_sdk_examples/share/dynamixel_sdk_examples/environment/path.dsv
[13.087s] -- Installing: /home/pacman/turtlebot3_ws/install/dynamixel_sdk_examples/share/dynamixel_sdk_examples/local_setup.bash
[13.087s] -- Installing: /home/pacman/turtlebot3_ws/install/dynamixel_sdk_examples/share/dynamixel_sdk_examples/local_setup.sh
[13.087s] -- Installing: /home/pacman/turtlebot3_ws/install/dynamixel_sdk_examples/share/dynamixel_sdk_examples/local_setup.zsh
[13.088s] -- Installing: /home/pacman/turtlebot3_ws/install/dynamixel_sdk_examples/share/dynamixel_sdk_examples/local_setup.dsv
[13.088s] -- Installing: /home/pacman/turtlebot3_ws/install/dynamixel_sdk_examples/share/dynamixel_sdk_examples/package.dsv
[13.088s] -- Installing: /home/pacman/turtlebot3_ws/install/dynamixel_sdk_examples/share/ament_index/resource_index/packages/dynamixel_sdk_examples
[13.088s] -- Installing: /home/pacman/turtlebot3_ws/install/dynamixel_sdk_examples/share/dynamixel_sdk_examples/cmake/dynamixel_sdk_examplesConfig.cmake
[13.088s] -- Installing: /home/pacman/turtlebot3_ws/install/dynamixel_sdk_examples/share/dynamixel_sdk_examples/cmake/dynamixel_sdk_examplesConfig-version.cmake
[13.088s] -- Installing: /home/pacman/turtlebot3_ws/install/dynamixel_sdk_examples/share/dynamixel_sdk_examples/package.xml
[13.099s] Invoked command in '/home/pacman/turtlebot3_ws/build/dynamixel_sdk_examples' returned '0': AMENT_PREFIX_PATH=/home/pacman/turtlebot3_ws/install/dynamixel_sdk_custom_interfaces:/home/pacman/turtlebot3_ws/install/dynamixel_sdk:${AMENT_PREFIX_PATH} CMAKE_PREFIX_PATH=/home/pacman/turtlebot3_ws/install/dynamixel_sdk_custom_interfaces:/home/pacman/turtlebot3_ws/install/dynamixel_sdk:/home/pacman/slam_gmapping_ws/install/slam_gmapping:/home/pacman/slam_gmapping_ws/install/openslam_gmapping:/opt/ros/humble LD_LIBRARY_PATH=/home/pacman/turtlebot3_ws/install/dynamixel_sdk_custom_interfaces/lib:/home/pacman/turtlebot3_ws/install/dynamixel_sdk/lib:/home/pacman/slam_gmapping_ws/install/openslam_gmapping/lib:/usr/lib/x86_64-linux-gnu/gazebo-11/plugins:/opt/ros/humble/opt/rviz_ogre_vendor/lib:/opt/ros/humble/lib/x86_64-linux-gnu:/opt/ros/humble/lib:/usr/lib/x86_64-linux-gnu/gazebo-11/plugins PYTHONPATH=/home/pacman/turtlebot3_ws/install/dynamixel_sdk_custom_interfaces/local/lib/python3.10/dist-packages:${PYTHONPATH} /usr/bin/cmake --install /home/pacman/turtlebot3_ws/build/dynamixel_sdk_examples
