[0.178s] Invoking command in '/home/pacman/tortoisebot_rb/build/tortoisebot_bringup': CMAKE_PREFIX_PATH=${CMAKE_PREFIX_PATH}:/home/pacman/tortoisebot_rb/install/tortoisebot_control:/opt/ros/humble /usr/bin/cmake --build /home/pacman/tortoisebot_rb/build/tortoisebot_bringup -- -j12 -l12
[0.346s] Invoked command in '/home/pacman/tortoisebot_rb/build/tortoisebot_bringup' returned '0': CMAKE_PREFIX_PATH=${CMAKE_PREFIX_PATH}:/home/pacman/tortoisebot_rb/install/tortoisebot_control:/opt/ros/humble /usr/bin/cmake --build /home/pacman/tortoisebot_rb/build/tortoisebot_bringup -- -j12 -l12
[0.377s] Invoking command in '/home/pacman/tortoisebot_rb/build/tortoisebot_bringup': CMAKE_PREFIX_PATH=${CMAKE_PREFIX_PATH}:/home/pacman/tortoisebot_rb/install/tortoisebot_control:/opt/ros/humble /usr/bin/cmake --install /home/pacman/tortoisebot_rb/build/tortoisebot_bringup
[0.385s] -- Install configuration: ""
[0.385s] -- Up-to-date: /home/pacman/tortoisebot_rb/install/tortoisebot_bringup/share/tortoisebot_bringup/launch
[0.385s] -- Up-to-date: /home/pacman/tortoisebot_rb/install/tortoisebot_bringup/share/tortoisebot_bringup/launch/autobringup.launch.py
[0.385s] -- Up-to-date: /home/pacman/tortoisebot_rb/install/tortoisebot_bringup/share/tortoisebot_bringup/launch/bringup.launch.py
[0.385s] -- Up-to-date: /home/pacman/tortoisebot_rb/install/tortoisebot_bringup/share/tortoisebot_bringup/maps
[0.385s] -- Up-to-date: /home/pacman/tortoisebot_rb/install/tortoisebot_bringup/share/tortoisebot_bringup/maps/room2.yaml
[0.385s] -- Up-to-date: /home/pacman/tortoisebot_rb/install/tortoisebot_bringup/share/tortoisebot_bringup/maps/room2.pgm
[0.385s] -- Up-to-date: /home/pacman/tortoisebot_rb/install/tortoisebot_bringup/share/ament_index/resource_index/package_run_dependencies/tortoisebot_bringup
[0.386s] -- Up-to-date: /home/pacman/tortoisebot_rb/install/tortoisebot_bringup/share/ament_index/resource_index/parent_prefix_path/tortoisebot_bringup
[0.386s] -- Up-to-date: /home/pacman/tortoisebot_rb/install/tortoisebot_bringup/share/tortoisebot_bringup/environment/ament_prefix_path.sh
[0.387s] -- Up-to-date: /home/pacman/tortoisebot_rb/install/tortoisebot_bringup/share/tortoisebot_bringup/environment/ament_prefix_path.dsv
[0.387s] -- Up-to-date: /home/pacman/tortoisebot_rb/install/tortoisebot_bringup/share/tortoisebot_bringup/environment/path.sh
[0.387s] -- Up-to-date: /home/pacman/tortoisebot_rb/install/tortoisebot_bringup/share/tortoisebot_bringup/environment/path.dsv
[0.387s] -- Up-to-date: /home/pacman/tortoisebot_rb/install/tortoisebot_bringup/share/tortoisebot_bringup/local_setup.bash
[0.387s] -- Up-to-date: /home/pacman/tortoisebot_rb/install/tortoisebot_bringup/share/tortoisebot_bringup/local_setup.sh
[0.387s] -- Up-to-date: /home/pacman/tortoisebot_rb/install/tortoisebot_bringup/share/tortoisebot_bringup/local_setup.zsh
[0.387s] -- Up-to-date: /home/pacman/tortoisebot_rb/install/tortoisebot_bringup/share/tortoisebot_bringup/local_setup.dsv
[0.388s] -- Installing: /home/pacman/tortoisebot_rb/install/tortoisebot_bringup/share/tortoisebot_bringup/package.dsv
[0.389s] -- Up-to-date: /home/pacman/tortoisebot_rb/install/tortoisebot_bringup/share/ament_index/resource_index/packages/tortoisebot_bringup
[0.390s] -- Up-to-date: /home/pacman/tortoisebot_rb/install/tortoisebot_bringup/share/tortoisebot_bringup/cmake/tortoisebot_bringupConfig.cmake
[0.392s] -- Up-to-date: /home/pacman/tortoisebot_rb/install/tortoisebot_bringup/share/tortoisebot_bringup/cmake/tortoisebot_bringupConfig-version.cmake
[0.392s] -- Up-to-date: /home/pacman/tortoisebot_rb/install/tortoisebot_bringup/share/tortoisebot_bringup/package.xml
[0.398s] Invoked command in '/home/pacman/tortoisebot_rb/build/tortoisebot_bringup' returned '0': CMAKE_PREFIX_PATH=${CMAKE_PREFIX_PATH}:/home/pacman/tortoisebot_rb/install/tortoisebot_control:/opt/ros/humble /usr/bin/cmake --install /home/pacman/tortoisebot_rb/build/tortoisebot_bringup
