[2.764s] Invoking command in '/home/pacman/turtlebot3_ws/src/frame_changer': PYTHONPATH=/home/pacman/turtlebot3_ws/build/frame_changer/prefix_override:/home/pacman/.local/lib/python3.10/site-packages/colcon_core/task/python/colcon_distutils_commands:/home/pacman/turtlebot3_ws/install/frame_changer/lib/python3.10/site-packages:${PYTHONPATH} /usr/bin/python3 -W ignore:setup.py install is deprecated setup.py egg_info --egg-base ../../build/frame_changer build --build-base /home/pacman/turtlebot3_ws/build/frame_changer/build install --record /home/pacman/turtlebot3_ws/build/frame_changer/install.log --single-version-externally-managed install_data
[3.450s] running egg_info
[3.451s] writing ../../build/frame_changer/frame_changer.egg-info/PKG-INFO
[3.452s] writing dependency_links to ../../build/frame_changer/frame_changer.egg-info/dependency_links.txt
[3.452s] writing entry points to ../../build/frame_changer/frame_changer.egg-info/entry_points.txt
[3.452s] writing requirements to ../../build/frame_changer/frame_changer.egg-info/requires.txt
[3.452s] writing top-level names to ../../build/frame_changer/frame_changer.egg-info/top_level.txt
[3.464s] reading manifest file '../../build/frame_changer/frame_changer.egg-info/SOURCES.txt'
[3.467s] writing manifest file '../../build/frame_changer/frame_changer.egg-info/SOURCES.txt'
[3.467s] running build
[3.467s] running build_py
[3.467s] running install
[3.468s] running install_lib
[3.469s] running install_data
[3.470s] running install_egg_info
[3.481s] removing '/home/pacman/turtlebot3_ws/install/frame_changer/lib/python3.10/site-packages/frame_changer-0.0.0-py3.10.egg-info' (and everything under it)
[3.489s] Copying ../../build/frame_changer/frame_changer.egg-info to /home/pacman/turtlebot3_ws/install/frame_changer/lib/python3.10/site-packages/frame_changer-0.0.0-py3.10.egg-info
[3.489s] running install_scripts
[3.555s] Installing frame_changer script to /home/pacman/turtlebot3_ws/install/frame_changer/lib/frame_changer
[3.556s] writing list of installed files to '/home/pacman/turtlebot3_ws/build/frame_changer/install.log'
[4.187s] Invoked command in '/home/pacman/turtlebot3_ws/src/frame_changer' returned '0': PYTHONPATH=/home/pacman/turtlebot3_ws/build/frame_changer/prefix_override:/home/pacman/.local/lib/python3.10/site-packages/colcon_core/task/python/colcon_distutils_commands:/home/pacman/turtlebot3_ws/install/frame_changer/lib/python3.10/site-packages:${PYTHONPATH} /usr/bin/python3 -W ignore:setup.py install is deprecated setup.py egg_info --egg-base ../../build/frame_changer build --build-base /home/pacman/turtlebot3_ws/build/frame_changer/build install --record /home/pacman/turtlebot3_ws/build/frame_changer/install.log --single-version-externally-managed install_data
