[0.230s] Invoking command in '/home/pacman/turtlebot3_ws/build/turtlebot3_manipulation': CMAKE_PREFIX_PATH=/opt/ros/humble /usr/bin/cmake /home/pacman/turtlebot3_ws/src/turtlebot3_manipulation -DAMENT_CMAKE_SYMLINK_INSTALL=1 -DCMAKE_INSTALL_PREFIX=/home/pacman/turtlebot3_ws/install/turtlebot3_manipulation
[0.242s] -- Found ament_cmake: 1.3.10 (/opt/ros/humble/share/ament_cmake/cmake)
[0.365s] -- Override CMake install command with custom implementation using symlinks instead of copying resources
[0.372s] -- Found ament_lint_auto: 0.12.11 (/opt/ros/humble/share/ament_lint_auto/cmake)
[0.434s] -- Added test 'flake8' to check Python code syntax and style conventions
[0.434s] -- Added test 'lint_cmake' to check CMake code style
[0.434s] -- Added test 'pep257' to check Python code against some of the docstring style conventions in PEP 257
[0.435s] -- Added test 'xmllint' to check XML markup files
[0.436s] -- Configuring done
[0.439s] -- Generating done
[0.439s] -- Build files have been written to: /home/pacman/turtlebot3_ws/build/turtlebot3_manipulation
[0.441s] Invoked command in '/home/pacman/turtlebot3_ws/build/turtlebot3_manipulation' returned '0': CMAKE_PREFIX_PATH=/opt/ros/humble /usr/bin/cmake /home/pacman/turtlebot3_ws/src/turtlebot3_manipulation -DAMENT_CMAKE_SYMLINK_INSTALL=1 -DCMAKE_INSTALL_PREFIX=/home/pacman/turtlebot3_ws/install/turtlebot3_manipulation
[0.443s] Invoking command in '/home/pacman/turtlebot3_ws/build/turtlebot3_manipulation': CMAKE_PREFIX_PATH=/opt/ros/humble /usr/bin/cmake --build /home/pacman/turtlebot3_ws/build/turtlebot3_manipulation -- -j12 -l12
[0.470s] Invoked command in '/home/pacman/turtlebot3_ws/build/turtlebot3_manipulation' returned '0': CMAKE_PREFIX_PATH=/opt/ros/humble /usr/bin/cmake --build /home/pacman/turtlebot3_ws/build/turtlebot3_manipulation -- -j12 -l12
[0.484s] Invoking command in '/home/pacman/turtlebot3_ws/build/turtlebot3_manipulation': CMAKE_PREFIX_PATH=/opt/ros/humble /usr/bin/cmake --install /home/pacman/turtlebot3_ws/build/turtlebot3_manipulation
[0.490s] -- Install configuration: ""
[0.491s] -- Execute custom install script
[0.491s] -- Symlinking: /home/pacman/turtlebot3_ws/install/turtlebot3_manipulation/share/turtlebot3_manipulation//launch/model.launch.py
[0.498s] -- Symlinking: /home/pacman/turtlebot3_ws/install/turtlebot3_manipulation/share/turtlebot3_manipulation//meshes/open_manipulator_x/gripper_left_palm.stl
[0.503s] -- Symlinking: /home/pacman/turtlebot3_ws/install/turtlebot3_manipulation/share/turtlebot3_manipulation//meshes/open_manipulator_x/gripper_right_palm.stl
[0.509s] -- Symlinking: /home/pacman/turtlebot3_ws/install/turtlebot3_manipulation/share/turtlebot3_manipulation//meshes/open_manipulator_x/link1.stl
[0.516s] -- Symlinking: /home/pacman/turtlebot3_ws/install/turtlebot3_manipulation/share/turtlebot3_manipulation//meshes/open_manipulator_x/link2.stl
[0.521s] -- Symlinking: /home/pacman/turtlebot3_ws/install/turtlebot3_manipulation/share/turtlebot3_manipulation//meshes/open_manipulator_x/link3.stl
[0.528s] -- Symlinking: /home/pacman/turtlebot3_ws/install/turtlebot3_manipulation/share/turtlebot3_manipulation//meshes/open_manipulator_x/link4.stl
[0.534s] -- Symlinking: /home/pacman/turtlebot3_ws/install/turtlebot3_manipulation/share/turtlebot3_manipulation//meshes/open_manipulator_x/link5.stl
[0.540s] -- Symlinking: /home/pacman/turtlebot3_ws/install/turtlebot3_manipulation/share/turtlebot3_manipulation//meshes/turtlebot3_waffle_pi/base.stl
[0.546s] -- Symlinking: /home/pacman/turtlebot3_ws/install/turtlebot3_manipulation/share/turtlebot3_manipulation//meshes/turtlebot3_waffle_pi/ladar.stl
[0.552s] -- Symlinking: /home/pacman/turtlebot3_ws/install/turtlebot3_manipulation/share/turtlebot3_manipulation//meshes/turtlebot3_waffle_pi/left_tire.stl
[0.558s] -- Symlinking: /home/pacman/turtlebot3_ws/install/turtlebot3_manipulation/share/turtlebot3_manipulation//meshes/turtlebot3_waffle_pi/right_tire.stl
[0.564s] -- Symlinking: /home/pacman/turtlebot3_ws/install/turtlebot3_manipulation/share/turtlebot3_manipulation//rviz/model.rviz
[0.570s] -- Symlinking: /home/pacman/turtlebot3_ws/install/turtlebot3_manipulation/share/turtlebot3_manipulation//urdf/open_manipulator_x.urdf.xacro
[0.576s] -- Symlinking: /home/pacman/turtlebot3_ws/install/turtlebot3_manipulation/share/turtlebot3_manipulation//urdf/turtlebot3_manipulation.urdf.xacro
[0.583s] -- Symlinking: /home/pacman/turtlebot3_ws/install/turtlebot3_manipulation/share/turtlebot3_manipulation//urdf/turtlebot3_waffle_pi.urdf.xacro
[0.589s] -- Symlinking: /home/pacman/turtlebot3_ws/install/turtlebot3_manipulation/share/ament_index/resource_index/package_run_dependencies/turtlebot3_manipulation
[0.595s] -- Symlinking: /home/pacman/turtlebot3_ws/install/turtlebot3_manipulation/share/ament_index/resource_index/parent_prefix_path/turtlebot3_manipulation
[0.604s] -- Symlinking: /home/pacman/turtlebot3_ws/install/turtlebot3_manipulation/share/turtlebot3_manipulation/environment/ament_prefix_path.sh
[0.613s] -- Symlinking: /home/pacman/turtlebot3_ws/install/turtlebot3_manipulation/share/turtlebot3_manipulation/environment/ament_prefix_path.dsv
[0.620s] -- Symlinking: /home/pacman/turtlebot3_ws/install/turtlebot3_manipulation/share/turtlebot3_manipulation/environment/path.sh
[0.626s] -- Symlinking: /home/pacman/turtlebot3_ws/install/turtlebot3_manipulation/share/turtlebot3_manipulation/environment/path.dsv
[0.634s] -- Symlinking: /home/pacman/turtlebot3_ws/install/turtlebot3_manipulation/share/turtlebot3_manipulation/local_setup.bash
[0.640s] -- Symlinking: /home/pacman/turtlebot3_ws/install/turtlebot3_manipulation/share/turtlebot3_manipulation/local_setup.sh
[0.646s] -- Symlinking: /home/pacman/turtlebot3_ws/install/turtlebot3_manipulation/share/turtlebot3_manipulation/local_setup.zsh
[0.654s] -- Symlinking: /home/pacman/turtlebot3_ws/install/turtlebot3_manipulation/share/turtlebot3_manipulation/local_setup.dsv
[0.663s] -- Symlinking: /home/pacman/turtlebot3_ws/install/turtlebot3_manipulation/share/turtlebot3_manipulation/package.dsv
[0.672s] -- Symlinking: /home/pacman/turtlebot3_ws/install/turtlebot3_manipulation/share/ament_index/resource_index/packages/turtlebot3_manipulation
[0.681s] -- Symlinking: /home/pacman/turtlebot3_ws/install/turtlebot3_manipulation/share/turtlebot3_manipulation/cmake/turtlebot3_manipulationConfig.cmake
[0.690s] -- Symlinking: /home/pacman/turtlebot3_ws/install/turtlebot3_manipulation/share/turtlebot3_manipulation/cmake/turtlebot3_manipulationConfig-version.cmake
[0.697s] -- Symlinking: /home/pacman/turtlebot3_ws/install/turtlebot3_manipulation/share/turtlebot3_manipulation/package.xml
[0.705s] Invoked command in '/home/pacman/turtlebot3_ws/build/turtlebot3_manipulation' returned '0': CMAKE_PREFIX_PATH=/opt/ros/humble /usr/bin/cmake --install /home/pacman/turtlebot3_ws/build/turtlebot3_manipulation
