[2.698s] Invoking command in '/home/pacman/turtlebot3_ws/src/semantic_mapper': PYTHONPATH=/home/pacman/turtlebot3_ws/build/semantic_mapper/prefix_override:/home/pacman/.local/lib/python3.10/site-packages/colcon_core/task/python/colcon_distutils_commands:/home/pacman/turtlebot3_ws/install/semantic_mapper/lib/python3.10/site-packages:${PYTHONPATH} /usr/bin/python3 -W ignore:setup.py install is deprecated setup.py egg_info --egg-base ../../build/semantic_mapper build --build-base /home/pacman/turtlebot3_ws/build/semantic_mapper/build install --record /home/pacman/turtlebot3_ws/build/semantic_mapper/install.log --single-version-externally-managed install_data
[3.329s] running egg_info
[3.331s] writing ../../build/semantic_mapper/semantic_mapper.egg-info/PKG-INFO
[3.331s] writing dependency_links to ../../build/semantic_mapper/semantic_mapper.egg-info/dependency_links.txt
[3.331s] writing entry points to ../../build/semantic_mapper/semantic_mapper.egg-info/entry_points.txt
[3.331s] writing requirements to ../../build/semantic_mapper/semantic_mapper.egg-info/requires.txt
[3.331s] writing top-level names to ../../build/semantic_mapper/semantic_mapper.egg-info/top_level.txt
[3.334s] reading manifest file '../../build/semantic_mapper/semantic_mapper.egg-info/SOURCES.txt'
[3.335s] writing manifest file '../../build/semantic_mapper/semantic_mapper.egg-info/SOURCES.txt'
[3.335s] running build
[3.336s] running build_py
[3.336s] copying semantic_mapper/semantic_database.py -> /home/pacman/turtlebot3_ws/build/semantic_mapper/build/lib/semantic_mapper
[3.336s] running install
[3.336s] running install_lib
[3.338s] copying /home/pacman/turtlebot3_ws/build/semantic_mapper/build/lib/semantic_mapper/semantic_database.py -> /home/pacman/turtlebot3_ws/install/semantic_mapper/lib/python3.10/site-packages/semantic_mapper
[3.339s] byte-compiling /home/pacman/turtlebot3_ws/install/semantic_mapper/lib/python3.10/site-packages/semantic_mapper/semantic_database.py to semantic_database.cpython-310.pyc
[3.345s] running install_data
[3.345s] running install_egg_info
[3.348s] removing '/home/pacman/turtlebot3_ws/install/semantic_mapper/lib/python3.10/site-packages/semantic_mapper-0.0.0-py3.10.egg-info' (and everything under it)
[3.349s] Copying ../../build/semantic_mapper/semantic_mapper.egg-info to /home/pacman/turtlebot3_ws/install/semantic_mapper/lib/python3.10/site-packages/semantic_mapper-0.0.0-py3.10.egg-info
[3.349s] running install_scripts
[3.377s] Installing semantic_mapper script to /home/pacman/turtlebot3_ws/install/semantic_mapper/lib/semantic_mapper
[3.377s] writing list of installed files to '/home/pacman/turtlebot3_ws/build/semantic_mapper/install.log'
[3.482s] Invoked command in '/home/pacman/turtlebot3_ws/src/semantic_mapper' returned '0': PYTHONPATH=/home/pacman/turtlebot3_ws/build/semantic_mapper/prefix_override:/home/pacman/.local/lib/python3.10/site-packages/colcon_core/task/python/colcon_distutils_commands:/home/pacman/turtlebot3_ws/install/semantic_mapper/lib/python3.10/site-packages:${PYTHONPATH} /usr/bin/python3 -W ignore:setup.py install is deprecated setup.py egg_info --egg-base ../../build/semantic_mapper build --build-base /home/pacman/turtlebot3_ws/build/semantic_mapper/build install --record /home/pacman/turtlebot3_ws/build/semantic_mapper/install.log --single-version-externally-managed install_data
