[0.020s] Invoking command in '/home/pacman/turtlebot3_ws/build/turtlebot3_description': CMAKE_PREFIX_PATH=${CMAKE_PREFIX_PATH}:/home/pacman/turtlebot3_ws/install/turtlebot3_teleop:/home/pacman/turtlebot3_ws/install/turtlebot3_example:/opt/ros/humble /usr/bin/cmake /home/pacman/turtlebot3_ws/src/turtlebot3/turtlebot3/turtlebot3_description -DCMAKE_INSTALL_PREFIX=/home/pacman/turtlebot3_ws/install/turtlebot3_description
[0.065s] -- The C compiler identification is GNU 11.4.0
[0.117s] -- The CXX compiler identification is GNU 11.4.0
[0.124s] -- Detecting C compiler ABI info
[0.180s] -- Detecting C compiler ABI info - done
[0.189s] -- Check for working C compiler: /usr/bin/cc - skipped
[0.189s] -- Detecting C compile features
[0.190s] -- Detecting C compile features - done
[0.193s] -- Detecting CXX compiler ABI info
[0.249s] -- Detecting CXX compiler ABI info - done
[0.257s] -- Check for working CXX compiler: /usr/bin/c++ - skipped
[0.257s] -- Detecting CXX compile features
[0.258s] -- Detecting CXX compile features - done
[0.260s] -- Found ament_cmake: 1.3.10 (/opt/ros/humble/share/ament_cmake/cmake)
[0.399s] -- Found Python3: /usr/bin/python3 (found version "3.10.12") found components: Interpreter 
[0.478s] -- Found urdf: 2.6.1 (/opt/ros/humble/share/urdf/cmake)
[0.554s] -- Configuring done
[0.555s] -- Generating done
[0.556s] -- Build files have been written to: /home/pacman/turtlebot3_ws/build/turtlebot3_description
[0.561s] Invoked command in '/home/pacman/turtlebot3_ws/build/turtlebot3_description' returned '0': CMAKE_PREFIX_PATH=${CMAKE_PREFIX_PATH}:/home/pacman/turtlebot3_ws/install/turtlebot3_teleop:/home/pacman/turtlebot3_ws/install/turtlebot3_example:/opt/ros/humble /usr/bin/cmake /home/pacman/turtlebot3_ws/src/turtlebot3/turtlebot3/turtlebot3_description -DCMAKE_INSTALL_PREFIX=/home/pacman/turtlebot3_ws/install/turtlebot3_description
[0.562s] Invoking command in '/home/pacman/turtlebot3_ws/build/turtlebot3_description': CMAKE_PREFIX_PATH=${CMAKE_PREFIX_PATH}:/home/pacman/turtlebot3_ws/install/turtlebot3_teleop:/home/pacman/turtlebot3_ws/install/turtlebot3_example:/opt/ros/humble /usr/bin/cmake --build /home/pacman/turtlebot3_ws/build/turtlebot3_description -- -j12 -l12
[0.601s] Invoked command in '/home/pacman/turtlebot3_ws/build/turtlebot3_description' returned '0': CMAKE_PREFIX_PATH=${CMAKE_PREFIX_PATH}:/home/pacman/turtlebot3_ws/install/turtlebot3_teleop:/home/pacman/turtlebot3_ws/install/turtlebot3_example:/opt/ros/humble /usr/bin/cmake --build /home/pacman/turtlebot3_ws/build/turtlebot3_description -- -j12 -l12
[0.639s] Invoking command in '/home/pacman/turtlebot3_ws/build/turtlebot3_description': CMAKE_PREFIX_PATH=${CMAKE_PREFIX_PATH}:/home/pacman/turtlebot3_ws/install/turtlebot3_teleop:/home/pacman/turtlebot3_ws/install/turtlebot3_example:/opt/ros/humble /usr/bin/cmake --install /home/pacman/turtlebot3_ws/build/turtlebot3_description
[0.647s] -- Install configuration: ""
[0.647s] -- Installing: /home/pacman/turtlebot3_ws/install/turtlebot3_description/share/turtlebot3_description/meshes
[0.647s] -- Installing: /home/pacman/turtlebot3_ws/install/turtlebot3_description/share/turtlebot3_description/meshes/bases
[0.647s] -- Installing: /home/pacman/turtlebot3_ws/install/turtlebot3_description/share/turtlebot3_description/meshes/bases/waffle_base.stl
[0.671s] -- Installing: /home/pacman/turtlebot3_ws/install/turtlebot3_description/share/turtlebot3_description/meshes/bases/waffle_pi_base.stl
[0.686s] -- Installing: /home/pacman/turtlebot3_ws/install/turtlebot3_description/share/turtlebot3_description/meshes/bases/burger_base.stl
[0.699s] -- Installing: /home/pacman/turtlebot3_ws/install/turtlebot3_description/share/turtlebot3_description/meshes/sensors
[0.700s] -- Installing: /home/pacman/turtlebot3_ws/install/turtlebot3_description/share/turtlebot3_description/meshes/sensors/astra.jpg
[0.700s] -- Installing: /home/pacman/turtlebot3_ws/install/turtlebot3_description/share/turtlebot3_description/meshes/sensors/astra.dae
[0.716s] -- Installing: /home/pacman/turtlebot3_ws/install/turtlebot3_description/share/turtlebot3_description/meshes/sensors/r200.jpg
[0.716s] -- Installing: /home/pacman/turtlebot3_ws/install/turtlebot3_description/share/turtlebot3_description/meshes/sensors/lds.stl
[0.720s] -- Installing: /home/pacman/turtlebot3_ws/install/turtlebot3_description/share/turtlebot3_description/meshes/sensors/r200.dae
[0.720s] -- Installing: /home/pacman/turtlebot3_ws/install/turtlebot3_description/share/turtlebot3_description/meshes/wheels
[0.720s] -- Installing: /home/pacman/turtlebot3_ws/install/turtlebot3_description/share/turtlebot3_description/meshes/wheels/left_tire.stl
[0.726s] -- Installing: /home/pacman/turtlebot3_ws/install/turtlebot3_description/share/turtlebot3_description/meshes/wheels/right_tire.stl
[0.730s] -- Installing: /home/pacman/turtlebot3_ws/install/turtlebot3_description/share/turtlebot3_description/rviz
[0.730s] -- Installing: /home/pacman/turtlebot3_ws/install/turtlebot3_description/share/turtlebot3_description/rviz/model.rviz
[0.730s] -- Installing: /home/pacman/turtlebot3_ws/install/turtlebot3_description/share/turtlebot3_description/urdf
[0.730s] -- Installing: /home/pacman/turtlebot3_ws/install/turtlebot3_description/share/turtlebot3_description/urdf/turtlebot3_burger.urdf
[0.730s] -- Installing: /home/pacman/turtlebot3_ws/install/turtlebot3_description/share/turtlebot3_description/urdf/turtlebot3_waffle.urdf
[0.730s] -- Installing: /home/pacman/turtlebot3_ws/install/turtlebot3_description/share/turtlebot3_description/urdf/common_properties.urdf
[0.730s] -- Installing: /home/pacman/turtlebot3_ws/install/turtlebot3_description/share/turtlebot3_description/urdf/turtlebot3_waffle_pi.urdf
[0.730s] -- Installing: /home/pacman/turtlebot3_ws/install/turtlebot3_description/share/ament_index/resource_index/package_run_dependencies/turtlebot3_description
[0.731s] -- Installing: /home/pacman/turtlebot3_ws/install/turtlebot3_description/share/ament_index/resource_index/parent_prefix_path/turtlebot3_description
[0.741s] -- Installing: /home/pacman/turtlebot3_ws/install/turtlebot3_description/share/turtlebot3_description/environment/ament_prefix_path.sh
[0.741s] -- Installing: /home/pacman/turtlebot3_ws/install/turtlebot3_description/share/turtlebot3_description/environment/ament_prefix_path.dsv
[0.741s] -- Installing: /home/pacman/turtlebot3_ws/install/turtlebot3_description/share/turtlebot3_description/environment/path.sh
[0.741s] -- Installing: /home/pacman/turtlebot3_ws/install/turtlebot3_description/share/turtlebot3_description/environment/path.dsv
[0.741s] -- Installing: /home/pacman/turtlebot3_ws/install/turtlebot3_description/share/turtlebot3_description/local_setup.bash
[0.741s] -- Installing: /home/pacman/turtlebot3_ws/install/turtlebot3_description/share/turtlebot3_description/local_setup.sh
[0.741s] -- Installing: /home/pacman/turtlebot3_ws/install/turtlebot3_description/share/turtlebot3_description/local_setup.zsh
[0.741s] -- Installing: /home/pacman/turtlebot3_ws/install/turtlebot3_description/share/turtlebot3_description/local_setup.dsv
[0.741s] -- Installing: /home/pacman/turtlebot3_ws/install/turtlebot3_description/share/turtlebot3_description/package.dsv
[0.741s] -- Installing: /home/pacman/turtlebot3_ws/install/turtlebot3_description/share/ament_index/resource_index/packages/turtlebot3_description
[0.741s] -- Installing: /home/pacman/turtlebot3_ws/install/turtlebot3_description/share/turtlebot3_description/cmake/turtlebot3_descriptionConfig.cmake
[0.741s] -- Installing: /home/pacman/turtlebot3_ws/install/turtlebot3_description/share/turtlebot3_description/cmake/turtlebot3_descriptionConfig-version.cmake
[0.742s] -- Installing: /home/pacman/turtlebot3_ws/install/turtlebot3_description/share/turtlebot3_description/package.xml
[0.752s] Invoked command in '/home/pacman/turtlebot3_ws/build/turtlebot3_description' returned '0': CMAKE_PREFIX_PATH=${CMAKE_PREFIX_PATH}:/home/pacman/turtlebot3_ws/install/turtlebot3_teleop:/home/pacman/turtlebot3_ws/install/turtlebot3_example:/opt/ros/humble /usr/bin/cmake --install /home/pacman/turtlebot3_ws/build/turtlebot3_description
