[0.471s] Invoking command in '/home/duck_sh/Mobile-Swarm-Navigation/src/turtlebot3/turtlebot3/turtlebot3_example': CMAKE_PREFIX_PATH=/home/duck_sh/Mobile-Swarm-Navigation/install/turtlebot3_msgs:/home/duck_sh/Mobile-Swarm-Navigation/install/turtlebot3_xacro:/home/duck_sh/Mobile-Swarm-Navigation/install/turtlebot3:/home/duck_sh/Mobile-Swarm-Navigation/install/turtlebot3_simulations:/home/duck_sh/Mobile-Swarm-Navigation/install/turtlebot3_bringup:/home/duck_sh/Mobile-Swarm-Navigation/install/turtlebot3_node:/home/duck_sh/Mobile-Swarm-Navigation/install/turtlebot3_navigation2:/home/duck_sh/Mobile-Swarm-Navigation/install/turtlebot3_fake_node:/home/duck_sh/Mobile-Swarm-Navigation/install/turtlebot3_manipulation:/home/duck_sh/Mobile-Swarm-Navigation/install/turtlebot3_gazebo:/home/duck_sh/Mobile-Swarm-Navigation/install/turtlebot3_description:/home/duck_sh/Mobile-Swarm-Navigation/install/turtlebot3_cartographer:/home/duck_sh/Mobile-Swarm-Navigation/install/my_world:/home/duck_sh/Mobile-Swarm-Navigation/install/hls_lfcd_lds_driver:/home/duck_sh/Mobile-Swarm-Navigation/install/dynamixel_sdk_examples:/home/duck_sh/Mobile-Swarm-Navigation/install/dynamixel_sdk_custom_interfaces:/home/duck_sh/Mobile-Swarm-Navigation/install/dynamixel_sdk:/home/duck_sh/pico_ws/install/whycon:/home/duck_sh/pico_ws/install/swift_pico:/home/duck_sh/pico_ws/install/waypoint_navigation:/home/duck_sh/pico_ws/install/swift_pico_description:/home/duck_sh/pico_ws/install/rotors_swift_interface:/home/duck_sh/pico_ws/install/swift_msgs:/home/duck_sh/pico_ws/install/rotors_swift_gazebo:/home/duck_sh/pico_ws/install/rotors_swift_description:/home/duck_sh/pico_ws/install/rotors_control:/home/duck_sh/pico_ws/install/pid_tune:/home/duck_sh/pico_ws/install/pid_msg:/home/duck_sh/pico_ws/install/mav_comm:/home/duck_sh/pico_ws/install/mav_system_msgs:/home/duck_sh/pico_ws/install/mav_state_machine_msgs:/home/duck_sh/pico_ws/install/mav_planning_msgs:/home/duck_sh/pico_ws/install/mav_msgs:/home/duck_sh/ros2_ws/install/my_cpp_pkg:/home/duck_sh/ros2_ws/install/my_ament_cmake_pkg:/home/duck_sh/turtlebot3_manipulation-humble-devel/install/turtlebot3_manipulation:/home/duck_sh/turtlebot3_manipulation-humble-devel/install/turtlebot3_manipulation_teleop:/home/duck_sh/turtlebot3_manipulation-humble-devel/install/turtlebot3_manipulation_navigation2:/home/duck_sh/turtlebot3_manipulation-humble-devel/install/turtlebot3_manipulation_moveit_config:/home/duck_sh/turtlebot3_manipulation-humble-devel/install/turtlebot3_manipulation_hardware:/home/duck_sh/turtlebot3_manipulation-humble-devel/install/turtlebot3_manipulation_bringup:/home/duck_sh/turtlebot3_manipulation-humble-devel/install/turtlebot3_manipulation_description:/home/duck_sh/turtlebot3_manipulation-humble-devel/install/turtlebot3_manipulation_cartographer:/home/duck_sh/turtlebot3_manipulation-humble-devel/install/ros2_control_test_assets:/home/duck_sh/turtlebot3_manipulation-humble-devel/install/ros2_control_demo_description:/home/duck_sh/turtlebot3_manipulation-humble-devel/install/kinematics_interface_kdl:/home/duck_sh/turtlebot3_manipulation-humble-devel/install/kinematics_interface:/home/duck_sh/turtlebot3_manipulation-humble-devel/install/joint_limits LD_LIBRARY_PATH=/home/duck_sh/Mobile-Swarm-Navigation/install/turtlebot3_msgs/lib:/home/duck_sh/Mobile-Swarm-Navigation/install/dynamixel_sdk_custom_interfaces/lib:/home/duck_sh/Mobile-Swarm-Navigation/install/dynamixel_sdk/lib:/home/duck_sh/pico_ws/install/whycon/lib:/home/duck_sh/pico_ws/install/waypoint_navigation/lib:/home/duck_sh/pico_ws/install/swift_msgs/lib:/home/duck_sh/pico_ws/install/rotors_control/lib:/home/duck_sh/pico_ws/install/pid_msg/lib:/home/duck_sh/pico_ws/install/mav_system_msgs/lib:/home/duck_sh/pico_ws/install/mav_state_machine_msgs/lib:/home/duck_sh/pico_ws/install/mav_planning_msgs/lib:/home/duck_sh/pico_ws/install/mav_msgs/lib:/home/duck_sh/turtlebot3_manipulation-humble-devel/install/turtlebot3_manipulation_hardware/lib:/home/duck_sh/turtlebot3_manipulation-humble-devel/install/kinematics_interface_kdl/lib:/home/duck_sh/turtlebot3_manipulation-humble-devel/install/kinematics_interface/lib:/usr/lib/x86_64-linux-gnu/gazebo-11/plugins:/opt/ros/humble/opt/rviz_ogre_vendor/lib:/opt/ros/humble/lib/x86_64-linux-gnu:/opt/ros/humble/lib:/usr/local/cuda-12.6/lib64:/usr/share/gazebo-11/../../lib/x86_64-linux-gnu/gazebo-11/plugins PYTHONPATH=/home/duck_sh/Mobile-Swarm-Navigation/build/turtlebot3_example/prefix_override:/usr/lib/python3/dist-packages/colcon_core/task/python/colcon_distutils_commands:/home/duck_sh/Mobile-Swarm-Navigation/install/turtlebot3_example/lib/python3.10/site-packages:${PYTHONPATH} /usr/bin/python3 -W ignore:setup.py install is deprecated setup.py egg_info --egg-base ../../../../build/turtlebot3_example build --build-base /home/duck_sh/Mobile-Swarm-Navigation/build/turtlebot3_example/build install --record /home/duck_sh/Mobile-Swarm-Navigation/build/turtlebot3_example/install.log --single-version-externally-managed install_data
[0.661s] running egg_info
[0.661s] creating ../../../../build/turtlebot3_example/turtlebot3_example.egg-info
[0.661s] writing ../../../../build/turtlebot3_example/turtlebot3_example.egg-info/PKG-INFO
[0.662s] writing dependency_links to ../../../../build/turtlebot3_example/turtlebot3_example.egg-info/dependency_links.txt
[0.662s] writing entry points to ../../../../build/turtlebot3_example/turtlebot3_example.egg-info/entry_points.txt
[0.662s] writing requirements to ../../../../build/turtlebot3_example/turtlebot3_example.egg-info/requires.txt
[0.662s] writing top-level names to ../../../../build/turtlebot3_example/turtlebot3_example.egg-info/top_level.txt
[0.662s] writing manifest file '../../../../build/turtlebot3_example/turtlebot3_example.egg-info/SOURCES.txt'
[0.664s] reading manifest file '../../../../build/turtlebot3_example/turtlebot3_example.egg-info/SOURCES.txt'
[0.664s] writing manifest file '../../../../build/turtlebot3_example/turtlebot3_example.egg-info/SOURCES.txt'
[0.664s] running build
[0.664s] running build_py
[0.664s] creating /home/duck_sh/Mobile-Swarm-Navigation/build/turtlebot3_example/build
[0.664s] creating /home/duck_sh/Mobile-Swarm-Navigation/build/turtlebot3_example/build/lib
[0.665s] creating /home/duck_sh/Mobile-Swarm-Navigation/build/turtlebot3_example/build/lib/turtlebot3_example
[0.665s] copying turtlebot3_example/__init__.py -> /home/duck_sh/Mobile-Swarm-Navigation/build/turtlebot3_example/build/lib/turtlebot3_example
[0.665s] creating /home/duck_sh/Mobile-Swarm-Navigation/build/turtlebot3_example/build/lib/turtlebot3_example/turtlebot3_position_control
[0.665s] copying turtlebot3_example/turtlebot3_position_control/turtlebot3_position_control.py -> /home/duck_sh/Mobile-Swarm-Navigation/build/turtlebot3_example/build/lib/turtlebot3_example/turtlebot3_position_control
[0.665s] copying turtlebot3_example/turtlebot3_position_control/__init__.py -> /home/duck_sh/Mobile-Swarm-Navigation/build/turtlebot3_example/build/lib/turtlebot3_example/turtlebot3_position_control
[0.665s] copying turtlebot3_example/turtlebot3_position_control/main.py -> /home/duck_sh/Mobile-Swarm-Navigation/build/turtlebot3_example/build/lib/turtlebot3_example/turtlebot3_position_control
[0.665s] copying turtlebot3_example/turtlebot3_position_control/turtlebot3_path.py -> /home/duck_sh/Mobile-Swarm-Navigation/build/turtlebot3_example/build/lib/turtlebot3_example/turtlebot3_position_control
[0.666s] creating /home/duck_sh/Mobile-Swarm-Navigation/build/turtlebot3_example/build/lib/turtlebot3_example/turtlebot3_obstacle_detection
[0.666s] copying turtlebot3_example/turtlebot3_obstacle_detection/turtlebot3_obstacle_detection.py -> /home/duck_sh/Mobile-Swarm-Navigation/build/turtlebot3_example/build/lib/turtlebot3_example/turtlebot3_obstacle_detection
[0.666s] copying turtlebot3_example/turtlebot3_obstacle_detection/__init__.py -> /home/duck_sh/Mobile-Swarm-Navigation/build/turtlebot3_example/build/lib/turtlebot3_example/turtlebot3_obstacle_detection
[0.666s] copying turtlebot3_example/turtlebot3_obstacle_detection/main.py -> /home/duck_sh/Mobile-Swarm-Navigation/build/turtlebot3_example/build/lib/turtlebot3_example/turtlebot3_obstacle_detection
[0.666s] creating /home/duck_sh/Mobile-Swarm-Navigation/build/turtlebot3_example/build/lib/turtlebot3_example/turtlebot3_patrol_client
[0.666s] copying turtlebot3_example/turtlebot3_patrol_client/__init__.py -> /home/duck_sh/Mobile-Swarm-Navigation/build/turtlebot3_example/build/lib/turtlebot3_example/turtlebot3_patrol_client
[0.666s] copying turtlebot3_example/turtlebot3_patrol_client/main.py -> /home/duck_sh/Mobile-Swarm-Navigation/build/turtlebot3_example/build/lib/turtlebot3_example/turtlebot3_patrol_client
[0.666s] copying turtlebot3_example/turtlebot3_patrol_client/turtlebot3_patrol_client.py -> /home/duck_sh/Mobile-Swarm-Navigation/build/turtlebot3_example/build/lib/turtlebot3_example/turtlebot3_patrol_client
[0.666s] creating /home/duck_sh/Mobile-Swarm-Navigation/build/turtlebot3_example/build/lib/turtlebot3_example/turtlebot3_patrol_server
[0.666s] copying turtlebot3_example/turtlebot3_patrol_server/turtlebot3_patrol_server.py -> /home/duck_sh/Mobile-Swarm-Navigation/build/turtlebot3_example/build/lib/turtlebot3_example/turtlebot3_patrol_server
[0.666s] copying turtlebot3_example/turtlebot3_patrol_server/__init__.py -> /home/duck_sh/Mobile-Swarm-Navigation/build/turtlebot3_example/build/lib/turtlebot3_example/turtlebot3_patrol_server
[0.666s] copying turtlebot3_example/turtlebot3_patrol_server/main.py -> /home/duck_sh/Mobile-Swarm-Navigation/build/turtlebot3_example/build/lib/turtlebot3_example/turtlebot3_patrol_server
[0.666s] copying turtlebot3_example/turtlebot3_patrol_server/turtlebot3_path.py -> /home/duck_sh/Mobile-Swarm-Navigation/build/turtlebot3_example/build/lib/turtlebot3_example/turtlebot3_patrol_server
[0.667s] running install
[0.667s] running install_lib
[0.667s] creating /home/duck_sh/Mobile-Swarm-Navigation/install/turtlebot3_example/lib/python3.10/site-packages/turtlebot3_example
[0.667s] creating /home/duck_sh/Mobile-Swarm-Navigation/install/turtlebot3_example/lib/python3.10/site-packages/turtlebot3_example/turtlebot3_position_control
[0.667s] copying /home/duck_sh/Mobile-Swarm-Navigation/build/turtlebot3_example/build/lib/turtlebot3_example/turtlebot3_position_control/turtlebot3_position_control.py -> /home/duck_sh/Mobile-Swarm-Navigation/install/turtlebot3_example/lib/python3.10/site-packages/turtlebot3_example/turtlebot3_position_control
[0.667s] copying /home/duck_sh/Mobile-Swarm-Navigation/build/turtlebot3_example/build/lib/turtlebot3_example/turtlebot3_position_control/__init__.py -> /home/duck_sh/Mobile-Swarm-Navigation/install/turtlebot3_example/lib/python3.10/site-packages/turtlebot3_example/turtlebot3_position_control
[0.667s] copying /home/duck_sh/Mobile-Swarm-Navigation/build/turtlebot3_example/build/lib/turtlebot3_example/turtlebot3_position_control/main.py -> /home/duck_sh/Mobile-Swarm-Navigation/install/turtlebot3_example/lib/python3.10/site-packages/turtlebot3_example/turtlebot3_position_control
[0.667s] copying /home/duck_sh/Mobile-Swarm-Navigation/build/turtlebot3_example/build/lib/turtlebot3_example/turtlebot3_position_control/turtlebot3_path.py -> /home/duck_sh/Mobile-Swarm-Navigation/install/turtlebot3_example/lib/python3.10/site-packages/turtlebot3_example/turtlebot3_position_control
[0.667s] creating /home/duck_sh/Mobile-Swarm-Navigation/install/turtlebot3_example/lib/python3.10/site-packages/turtlebot3_example/turtlebot3_obstacle_detection
[0.667s] copying /home/duck_sh/Mobile-Swarm-Navigation/build/turtlebot3_example/build/lib/turtlebot3_example/turtlebot3_obstacle_detection/turtlebot3_obstacle_detection.py -> /home/duck_sh/Mobile-Swarm-Navigation/install/turtlebot3_example/lib/python3.10/site-packages/turtlebot3_example/turtlebot3_obstacle_detection
[0.667s] copying /home/duck_sh/Mobile-Swarm-Navigation/build/turtlebot3_example/build/lib/turtlebot3_example/turtlebot3_obstacle_detection/__init__.py -> /home/duck_sh/Mobile-Swarm-Navigation/install/turtlebot3_example/lib/python3.10/site-packages/turtlebot3_example/turtlebot3_obstacle_detection
[0.667s] copying /home/duck_sh/Mobile-Swarm-Navigation/build/turtlebot3_example/build/lib/turtlebot3_example/turtlebot3_obstacle_detection/main.py -> /home/duck_sh/Mobile-Swarm-Navigation/install/turtlebot3_example/lib/python3.10/site-packages/turtlebot3_example/turtlebot3_obstacle_detection
[0.667s] copying /home/duck_sh/Mobile-Swarm-Navigation/build/turtlebot3_example/build/lib/turtlebot3_example/__init__.py -> /home/duck_sh/Mobile-Swarm-Navigation/install/turtlebot3_example/lib/python3.10/site-packages/turtlebot3_example
[0.668s] creating /home/duck_sh/Mobile-Swarm-Navigation/install/turtlebot3_example/lib/python3.10/site-packages/turtlebot3_example/turtlebot3_patrol_client
[0.668s] copying /home/duck_sh/Mobile-Swarm-Navigation/build/turtlebot3_example/build/lib/turtlebot3_example/turtlebot3_patrol_client/__init__.py -> /home/duck_sh/Mobile-Swarm-Navigation/install/turtlebot3_example/lib/python3.10/site-packages/turtlebot3_example/turtlebot3_patrol_client
[0.668s] copying /home/duck_sh/Mobile-Swarm-Navigation/build/turtlebot3_example/build/lib/turtlebot3_example/turtlebot3_patrol_client/main.py -> /home/duck_sh/Mobile-Swarm-Navigation/install/turtlebot3_example/lib/python3.10/site-packages/turtlebot3_example/turtlebot3_patrol_client
[0.668s] copying /home/duck_sh/Mobile-Swarm-Navigation/build/turtlebot3_example/build/lib/turtlebot3_example/turtlebot3_patrol_client/turtlebot3_patrol_client.py -> /home/duck_sh/Mobile-Swarm-Navigation/install/turtlebot3_example/lib/python3.10/site-packages/turtlebot3_example/turtlebot3_patrol_client
[0.668s] creating /home/duck_sh/Mobile-Swarm-Navigation/install/turtlebot3_example/lib/python3.10/site-packages/turtlebot3_example/turtlebot3_patrol_server
[0.668s] copying /home/duck_sh/Mobile-Swarm-Navigation/build/turtlebot3_example/build/lib/turtlebot3_example/turtlebot3_patrol_server/turtlebot3_patrol_server.py -> /home/duck_sh/Mobile-Swarm-Navigation/install/turtlebot3_example/lib/python3.10/site-packages/turtlebot3_example/turtlebot3_patrol_server
[0.668s] copying /home/duck_sh/Mobile-Swarm-Navigation/build/turtlebot3_example/build/lib/turtlebot3_example/turtlebot3_patrol_server/__init__.py -> /home/duck_sh/Mobile-Swarm-Navigation/install/turtlebot3_example/lib/python3.10/site-packages/turtlebot3_example/turtlebot3_patrol_server
[0.668s] copying /home/duck_sh/Mobile-Swarm-Navigation/build/turtlebot3_example/build/lib/turtlebot3_example/turtlebot3_patrol_server/main.py -> /home/duck_sh/Mobile-Swarm-Navigation/install/turtlebot3_example/lib/python3.10/site-packages/turtlebot3_example/turtlebot3_patrol_server
[0.668s] copying /home/duck_sh/Mobile-Swarm-Navigation/build/turtlebot3_example/build/lib/turtlebot3_example/turtlebot3_patrol_server/turtlebot3_path.py -> /home/duck_sh/Mobile-Swarm-Navigation/install/turtlebot3_example/lib/python3.10/site-packages/turtlebot3_example/turtlebot3_patrol_server
[0.668s] byte-compiling /home/duck_sh/Mobile-Swarm-Navigation/install/turtlebot3_example/lib/python3.10/site-packages/turtlebot3_example/turtlebot3_position_control/turtlebot3_position_control.py to turtlebot3_position_control.cpython-310.pyc
[0.668s] byte-compiling /home/duck_sh/Mobile-Swarm-Navigation/install/turtlebot3_example/lib/python3.10/site-packages/turtlebot3_example/turtlebot3_position_control/__init__.py to __init__.cpython-310.pyc
[0.668s] byte-compiling /home/duck_sh/Mobile-Swarm-Navigation/install/turtlebot3_example/lib/python3.10/site-packages/turtlebot3_example/turtlebot3_position_control/main.py to main.cpython-310.pyc
[0.668s] byte-compiling /home/duck_sh/Mobile-Swarm-Navigation/install/turtlebot3_example/lib/python3.10/site-packages/turtlebot3_example/turtlebot3_position_control/turtlebot3_path.py to turtlebot3_path.cpython-310.pyc
[0.669s] byte-compiling /home/duck_sh/Mobile-Swarm-Navigation/install/turtlebot3_example/lib/python3.10/site-packages/turtlebot3_example/turtlebot3_obstacle_detection/turtlebot3_obstacle_detection.py to turtlebot3_obstacle_detection.cpython-310.pyc
[0.669s] byte-compiling /home/duck_sh/Mobile-Swarm-Navigation/install/turtlebot3_example/lib/python3.10/site-packages/turtlebot3_example/turtlebot3_obstacle_detection/__init__.py to __init__.cpython-310.pyc
[0.669s] byte-compiling /home/duck_sh/Mobile-Swarm-Navigation/install/turtlebot3_example/lib/python3.10/site-packages/turtlebot3_example/turtlebot3_obstacle_detection/main.py to main.cpython-310.pyc
[0.669s] byte-compiling /home/duck_sh/Mobile-Swarm-Navigation/install/turtlebot3_example/lib/python3.10/site-packages/turtlebot3_example/__init__.py to __init__.cpython-310.pyc
[0.669s] byte-compiling /home/duck_sh/Mobile-Swarm-Navigation/install/turtlebot3_example/lib/python3.10/site-packages/turtlebot3_example/turtlebot3_patrol_client/__init__.py to __init__.cpython-310.pyc
[0.669s] byte-compiling /home/duck_sh/Mobile-Swarm-Navigation/install/turtlebot3_example/lib/python3.10/site-packages/turtlebot3_example/turtlebot3_patrol_client/main.py to main.cpython-310.pyc
[0.669s] byte-compiling /home/duck_sh/Mobile-Swarm-Navigation/install/turtlebot3_example/lib/python3.10/site-packages/turtlebot3_example/turtlebot3_patrol_client/turtlebot3_patrol_client.py to turtlebot3_patrol_client.cpython-310.pyc
[0.669s] byte-compiling /home/duck_sh/Mobile-Swarm-Navigation/install/turtlebot3_example/lib/python3.10/site-packages/turtlebot3_example/turtlebot3_patrol_server/turtlebot3_patrol_server.py to turtlebot3_patrol_server.cpython-310.pyc
[0.670s] byte-compiling /home/duck_sh/Mobile-Swarm-Navigation/install/turtlebot3_example/lib/python3.10/site-packages/turtlebot3_example/turtlebot3_patrol_server/__init__.py to __init__.cpython-310.pyc
[0.670s] byte-compiling /home/duck_sh/Mobile-Swarm-Navigation/install/turtlebot3_example/lib/python3.10/site-packages/turtlebot3_example/turtlebot3_patrol_server/main.py to main.cpython-310.pyc
[0.670s] byte-compiling /home/duck_sh/Mobile-Swarm-Navigation/install/turtlebot3_example/lib/python3.10/site-packages/turtlebot3_example/turtlebot3_patrol_server/turtlebot3_path.py to turtlebot3_path.cpython-310.pyc
[0.670s] running install_data
[0.670s] creating /home/duck_sh/Mobile-Swarm-Navigation/install/turtlebot3_example/share/ament_index
[0.670s] creating /home/duck_sh/Mobile-Swarm-Navigation/install/turtlebot3_example/share/ament_index/resource_index
[0.670s] creating /home/duck_sh/Mobile-Swarm-Navigation/install/turtlebot3_example/share/ament_index/resource_index/packages
[0.670s] copying resource/turtlebot3_example -> /home/duck_sh/Mobile-Swarm-Navigation/install/turtlebot3_example/share/ament_index/resource_index/packages
[0.670s] copying package.xml -> /home/duck_sh/Mobile-Swarm-Navigation/install/turtlebot3_example/share/turtlebot3_example
[0.671s] running install_egg_info
[0.672s] Copying ../../../../build/turtlebot3_example/turtlebot3_example.egg-info to /home/duck_sh/Mobile-Swarm-Navigation/install/turtlebot3_example/lib/python3.10/site-packages/turtlebot3_example-2.1.5-py3.10.egg-info
[0.672s] running install_scripts
[0.687s] Installing turtlebot3_obstacle_detection script to /home/duck_sh/Mobile-Swarm-Navigation/install/turtlebot3_example/lib/turtlebot3_example
[0.687s] Installing turtlebot3_patrol_client script to /home/duck_sh/Mobile-Swarm-Navigation/install/turtlebot3_example/lib/turtlebot3_example
[0.687s] Installing turtlebot3_patrol_server script to /home/duck_sh/Mobile-Swarm-Navigation/install/turtlebot3_example/lib/turtlebot3_example
[0.687s] Installing turtlebot3_position_control script to /home/duck_sh/Mobile-Swarm-Navigation/install/turtlebot3_example/lib/turtlebot3_example
[0.687s] writing list of installed files to '/home/duck_sh/Mobile-Swarm-Navigation/build/turtlebot3_example/install.log'
[0.705s] Invoked command in '/home/duck_sh/Mobile-Swarm-Navigation/src/turtlebot3/turtlebot3/turtlebot3_example' returned '0': CMAKE_PREFIX_PATH=/home/duck_sh/Mobile-Swarm-Navigation/install/turtlebot3_msgs:/home/duck_sh/Mobile-Swarm-Navigation/install/turtlebot3_xacro:/home/duck_sh/Mobile-Swarm-Navigation/install/turtlebot3:/home/duck_sh/Mobile-Swarm-Navigation/install/turtlebot3_simulations:/home/duck_sh/Mobile-Swarm-Navigation/install/turtlebot3_bringup:/home/duck_sh/Mobile-Swarm-Navigation/install/turtlebot3_node:/home/duck_sh/Mobile-Swarm-Navigation/install/turtlebot3_navigation2:/home/duck_sh/Mobile-Swarm-Navigation/install/turtlebot3_fake_node:/home/duck_sh/Mobile-Swarm-Navigation/install/turtlebot3_manipulation:/home/duck_sh/Mobile-Swarm-Navigation/install/turtlebot3_gazebo:/home/duck_sh/Mobile-Swarm-Navigation/install/turtlebot3_description:/home/duck_sh/Mobile-Swarm-Navigation/install/turtlebot3_cartographer:/home/duck_sh/Mobile-Swarm-Navigation/install/my_world:/home/duck_sh/Mobile-Swarm-Navigation/install/hls_lfcd_lds_driver:/home/duck_sh/Mobile-Swarm-Navigation/install/dynamixel_sdk_examples:/home/duck_sh/Mobile-Swarm-Navigation/install/dynamixel_sdk_custom_interfaces:/home/duck_sh/Mobile-Swarm-Navigation/install/dynamixel_sdk:/home/duck_sh/pico_ws/install/whycon:/home/duck_sh/pico_ws/install/swift_pico:/home/duck_sh/pico_ws/install/waypoint_navigation:/home/duck_sh/pico_ws/install/swift_pico_description:/home/duck_sh/pico_ws/install/rotors_swift_interface:/home/duck_sh/pico_ws/install/swift_msgs:/home/duck_sh/pico_ws/install/rotors_swift_gazebo:/home/duck_sh/pico_ws/install/rotors_swift_description:/home/duck_sh/pico_ws/install/rotors_control:/home/duck_sh/pico_ws/install/pid_tune:/home/duck_sh/pico_ws/install/pid_msg:/home/duck_sh/pico_ws/install/mav_comm:/home/duck_sh/pico_ws/install/mav_system_msgs:/home/duck_sh/pico_ws/install/mav_state_machine_msgs:/home/duck_sh/pico_ws/install/mav_planning_msgs:/home/duck_sh/pico_ws/install/mav_msgs:/home/duck_sh/ros2_ws/install/my_cpp_pkg:/home/duck_sh/ros2_ws/install/my_ament_cmake_pkg:/home/duck_sh/turtlebot3_manipulation-humble-devel/install/turtlebot3_manipulation:/home/duck_sh/turtlebot3_manipulation-humble-devel/install/turtlebot3_manipulation_teleop:/home/duck_sh/turtlebot3_manipulation-humble-devel/install/turtlebot3_manipulation_navigation2:/home/duck_sh/turtlebot3_manipulation-humble-devel/install/turtlebot3_manipulation_moveit_config:/home/duck_sh/turtlebot3_manipulation-humble-devel/install/turtlebot3_manipulation_hardware:/home/duck_sh/turtlebot3_manipulation-humble-devel/install/turtlebot3_manipulation_bringup:/home/duck_sh/turtlebot3_manipulation-humble-devel/install/turtlebot3_manipulation_description:/home/duck_sh/turtlebot3_manipulation-humble-devel/install/turtlebot3_manipulation_cartographer:/home/duck_sh/turtlebot3_manipulation-humble-devel/install/ros2_control_test_assets:/home/duck_sh/turtlebot3_manipulation-humble-devel/install/ros2_control_demo_description:/home/duck_sh/turtlebot3_manipulation-humble-devel/install/kinematics_interface_kdl:/home/duck_sh/turtlebot3_manipulation-humble-devel/install/kinematics_interface:/home/duck_sh/turtlebot3_manipulation-humble-devel/install/joint_limits LD_LIBRARY_PATH=/home/duck_sh/Mobile-Swarm-Navigation/install/turtlebot3_msgs/lib:/home/duck_sh/Mobile-Swarm-Navigation/install/dynamixel_sdk_custom_interfaces/lib:/home/duck_sh/Mobile-Swarm-Navigation/install/dynamixel_sdk/lib:/home/duck_sh/pico_ws/install/whycon/lib:/home/duck_sh/pico_ws/install/waypoint_navigation/lib:/home/duck_sh/pico_ws/install/swift_msgs/lib:/home/duck_sh/pico_ws/install/rotors_control/lib:/home/duck_sh/pico_ws/install/pid_msg/lib:/home/duck_sh/pico_ws/install/mav_system_msgs/lib:/home/duck_sh/pico_ws/install/mav_state_machine_msgs/lib:/home/duck_sh/pico_ws/install/mav_planning_msgs/lib:/home/duck_sh/pico_ws/install/mav_msgs/lib:/home/duck_sh/turtlebot3_manipulation-humble-devel/install/turtlebot3_manipulation_hardware/lib:/home/duck_sh/turtlebot3_manipulation-humble-devel/install/kinematics_interface_kdl/lib:/home/duck_sh/turtlebot3_manipulation-humble-devel/install/kinematics_interface/lib:/usr/lib/x86_64-linux-gnu/gazebo-11/plugins:/opt/ros/humble/opt/rviz_ogre_vendor/lib:/opt/ros/humble/lib/x86_64-linux-gnu:/opt/ros/humble/lib:/usr/local/cuda-12.6/lib64:/usr/share/gazebo-11/../../lib/x86_64-linux-gnu/gazebo-11/plugins PYTHONPATH=/home/duck_sh/Mobile-Swarm-Navigation/build/turtlebot3_example/prefix_override:/usr/lib/python3/dist-packages/colcon_core/task/python/colcon_distutils_commands:/home/duck_sh/Mobile-Swarm-Navigation/install/turtlebot3_example/lib/python3.10/site-packages:${PYTHONPATH} /usr/bin/python3 -W ignore:setup.py install is deprecated setup.py egg_info --egg-base ../../../../build/turtlebot3_example build --build-base /home/duck_sh/Mobile-Swarm-Navigation/build/turtlebot3_example/build install --record /home/duck_sh/Mobile-Swarm-Navigation/build/turtlebot3_example/install.log --single-version-externally-managed install_data
