[ 12%] [32mBuilding CXX object CMakeFiles/obstacles.dir/models/turtlebot3_dqn_world/obstacle_plugin/obstacles.cc.o[0m
[ 25%] [32mBuilding CXX object CMakeFiles/turtlebot3_drive.dir/src/turtlebot3_drive.cpp.o[0m
[ 37%] [32mBuilding CXX object CMakeFiles/obstacle2.dir/models/turtlebot3_dqn_world/obstacle_plugin/obstacle2.cc.o[0m
[ 50%] [32mBuilding CXX object CMakeFiles/obstacle1.dir/models/turtlebot3_dqn_world/obstacle_plugin/obstacle1.cc.o[0m
[ 62%] [32m[1mLinking CXX executable turtlebot3_drive[0m
[ 62%] Built target turtlebot3_drive
[ 75%] [32m[1mLinking CXX shared library libobstacles.so[0m
[ 87%] [32m[1mLinking CXX shared library libobstacle1.so[0m
[100%] [32m[1mLinking CXX shared library libobstacle2.so[0m
[100%] Built target obstacle1
[100%] Built target obstacles
[100%] Built target obstacle2
-- Install configuration: ""
-- Installing: /home/duck_sh/Mobile-Swarm-Navigation/install/turtlebot3_gazebo/lib/turtlebot3_gazebo/turtlebot3_drive
-- Set runtime path of "/home/duck_sh/Mobile-Swarm-Navigation/install/turtlebot3_gazebo/lib/turtlebot3_gazebo/turtlebot3_drive" to ""
-- Installing: /home/duck_sh/Mobile-Swarm-Navigation/install/turtlebot3_gazebo/share/turtlebot3_gazebo//launch
-- Installing: /home/duck_sh/Mobile-Swarm-Navigation/install/turtlebot3_gazebo/share/turtlebot3_gazebo//launch/build
-- Installing: /home/duck_sh/Mobile-Swarm-Navigation/install/turtlebot3_gazebo/share/turtlebot3_gazebo//launch/build/COLCON_IGNORE
-- Installing: /home/duck_sh/Mobile-Swarm-Navigation/install/turtlebot3_gazebo/share/turtlebot3_gazebo//launch/build/.built_by
-- Installing: /home/duck_sh/Mobile-Swarm-Navigation/install/turtlebot3_gazebo/share/turtlebot3_gazebo//launch/rsp.launch.py
-- Installing: /home/duck_sh/Mobile-Swarm-Navigation/install/turtlebot3_gazebo/share/turtlebot3_gazebo//launch/my_launch_file.py
-- Installing: /home/duck_sh/Mobile-Swarm-Navigation/install/turtlebot3_gazebo/share/turtlebot3_gazebo//launch/turtlebot3_dqn_stage3.launch.py
-- Installing: /home/duck_sh/Mobile-Swarm-Navigation/install/turtlebot3_gazebo/share/turtlebot3_gazebo//launch/turtlebot3_dqn_stage1.launch.py
-- Installing: /home/duck_sh/Mobile-Swarm-Navigation/install/turtlebot3_gazebo/share/turtlebot3_gazebo//launch/my_world_launch.py
-- Installing: /home/duck_sh/Mobile-Swarm-Navigation/install/turtlebot3_gazebo/share/turtlebot3_gazebo//launch/turtlebot3_house.launch.py
-- Installing: /home/duck_sh/Mobile-Swarm-Navigation/install/turtlebot3_gazebo/share/turtlebot3_gazebo//launch/xacro_spawn_1.launch.py
-- Installing: /home/duck_sh/Mobile-Swarm-Navigation/install/turtlebot3_gazebo/share/turtlebot3_gazebo//launch/simple_launch.py
-- Installing: /home/duck_sh/Mobile-Swarm-Navigation/install/turtlebot3_gazebo/share/turtlebot3_gazebo//launch/turtlebot3_dqn_stage4.launch.py
-- Installing: /home/duck_sh/Mobile-Swarm-Navigation/install/turtlebot3_gazebo/share/turtlebot3_gazebo//launch/xacro_robot_state_publisher.launch.py
-- Installing: /home/duck_sh/Mobile-Swarm-Navigation/install/turtlebot3_gazebo/share/turtlebot3_gazebo//launch/turtlebot3_world.launch.py
-- Installing: /home/duck_sh/Mobile-Swarm-Navigation/install/turtlebot3_gazebo/share/turtlebot3_gazebo//launch/mygazebo.launch.py
-- Installing: /home/duck_sh/Mobile-Swarm-Navigation/install/turtlebot3_gazebo/share/turtlebot3_gazebo//launch/xacro_launch.py
-- Installing: /home/duck_sh/Mobile-Swarm-Navigation/install/turtlebot3_gazebo/share/turtlebot3_gazebo//launch/empty_world.launch.py
-- Installing: /home/duck_sh/Mobile-Swarm-Navigation/install/turtlebot3_gazebo/share/turtlebot3_gazebo//launch/robot_state_publisher.launch.py
-- Installing: /home/duck_sh/Mobile-Swarm-Navigation/install/turtlebot3_gazebo/share/turtlebot3_gazebo//launch/my_launch.launch.py
-- Installing: /home/duck_sh/Mobile-Swarm-Navigation/install/turtlebot3_gazebo/share/turtlebot3_gazebo//launch/meta_data
-- Installing: /home/duck_sh/Mobile-Swarm-Navigation/install/turtlebot3_gazebo/share/turtlebot3_gazebo//launch/log
-- Installing: /home/duck_sh/Mobile-Swarm-Navigation/install/turtlebot3_gazebo/share/turtlebot3_gazebo//launch/log/COLCON_IGNORE
-- Installing: /home/duck_sh/Mobile-Swarm-Navigation/install/turtlebot3_gazebo/share/turtlebot3_gazebo//launch/log/latest
-- Installing: /home/duck_sh/Mobile-Swarm-Navigation/install/turtlebot3_gazebo/share/turtlebot3_gazebo//launch/log/build_2024-11-25_20-34-42
-- Installing: /home/duck_sh/Mobile-Swarm-Navigation/install/turtlebot3_gazebo/share/turtlebot3_gazebo//launch/log/build_2024-11-25_20-34-42/logger_all.log
-- Installing: /home/duck_sh/Mobile-Swarm-Navigation/install/turtlebot3_gazebo/share/turtlebot3_gazebo//launch/log/build_2024-11-25_20-34-42/events.log
-- Installing: /home/duck_sh/Mobile-Swarm-Navigation/install/turtlebot3_gazebo/share/turtlebot3_gazebo//launch/log/latest_build
-- Installing: /home/duck_sh/Mobile-Swarm-Navigation/install/turtlebot3_gazebo/share/turtlebot3_gazebo//launch/spawn_turtlebot3.launch.py
-- Installing: /home/duck_sh/Mobile-Swarm-Navigation/install/turtlebot3_gazebo/share/turtlebot3_gazebo//launch/my_robot_state_publisher.launch.py
-- Installing: /home/duck_sh/Mobile-Swarm-Navigation/install/turtlebot3_gazebo/share/turtlebot3_gazebo//launch/my_car_sim.launch.py
-- Installing: /home/duck_sh/Mobile-Swarm-Navigation/install/turtlebot3_gazebo/share/turtlebot3_gazebo//launch/install
-- Installing: /home/duck_sh/Mobile-Swarm-Navigation/install/turtlebot3_gazebo/share/turtlebot3_gazebo//launch/install/COLCON_IGNORE
-- Installing: /home/duck_sh/Mobile-Swarm-Navigation/install/turtlebot3_gazebo/share/turtlebot3_gazebo//launch/install/.colcon_install_layout
-- Installing: /home/duck_sh/Mobile-Swarm-Navigation/install/turtlebot3_gazebo/share/turtlebot3_gazebo//launch/install/setup.sh
-- Installing: /home/duck_sh/Mobile-Swarm-Navigation/install/turtlebot3_gazebo/share/turtlebot3_gazebo//launch/install/_local_setup_util_ps1.py
-- Installing: /home/duck_sh/Mobile-Swarm-Navigation/install/turtlebot3_gazebo/share/turtlebot3_gazebo//launch/install/local_setup.zsh
-- Installing: /home/duck_sh/Mobile-Swarm-Navigation/install/turtlebot3_gazebo/share/turtlebot3_gazebo//launch/install/local_setup.sh
-- Installing: /home/duck_sh/Mobile-Swarm-Navigation/install/turtlebot3_gazebo/share/turtlebot3_gazebo//launch/install/local_setup.ps1
-- Installing: /home/duck_sh/Mobile-Swarm-Navigation/install/turtlebot3_gazebo/share/turtlebot3_gazebo//launch/install/setup.ps1
-- Installing: /home/duck_sh/Mobile-Swarm-Navigation/install/turtlebot3_gazebo/share/turtlebot3_gazebo//launch/install/local_setup.bash
-- Installing: /home/duck_sh/Mobile-Swarm-Navigation/install/turtlebot3_gazebo/share/turtlebot3_gazebo//launch/install/setup.zsh
-- Installing: /home/duck_sh/Mobile-Swarm-Navigation/install/turtlebot3_gazebo/share/turtlebot3_gazebo//launch/install/setup.bash
-- Installing: /home/duck_sh/Mobile-Swarm-Navigation/install/turtlebot3_gazebo/share/turtlebot3_gazebo//launch/install/_local_setup_util_sh.py
-- Installing: /home/duck_sh/Mobile-Swarm-Navigation/install/turtlebot3_gazebo/share/turtlebot3_gazebo//launch/my_launch_para.launch.py
-- Installing: /home/duck_sh/Mobile-Swarm-Navigation/install/turtlebot3_gazebo/share/turtlebot3_gazebo//launch/xacro_spawn.launch.py
-- Installing: /home/duck_sh/Mobile-Swarm-Navigation/install/turtlebot3_gazebo/share/turtlebot3_gazebo//launch/turtlebot3_dqn_stage2.launch.py
-- Installing: /home/duck_sh/Mobile-Swarm-Navigation/install/turtlebot3_gazebo/share/turtlebot3_gazebo//launch/my_spawner.launch.py
-- Installing: /home/duck_sh/Mobile-Swarm-Navigation/install/turtlebot3_gazebo/share/turtlebot3_gazebo//models
-- Installing: /home/duck_sh/Mobile-Swarm-Navigation/install/turtlebot3_gazebo/share/turtlebot3_gazebo//models/turtlebot3_world
-- Installing: /home/duck_sh/Mobile-Swarm-Navigation/install/turtlebot3_gazebo/share/turtlebot3_gazebo//models/turtlebot3_world/model.config
-- Installing: /home/duck_sh/Mobile-Swarm-Navigation/install/turtlebot3_gazebo/share/turtlebot3_gazebo//models/turtlebot3_world/model-1_4.sdf
-- Installing: /home/duck_sh/Mobile-Swarm-Navigation/install/turtlebot3_gazebo/share/turtlebot3_gazebo//models/turtlebot3_world/meshes
-- Installing: /home/duck_sh/Mobile-Swarm-Navigation/install/turtlebot3_gazebo/share/turtlebot3_gazebo//models/turtlebot3_world/meshes/wall.dae
-- Installing: /home/duck_sh/Mobile-Swarm-Navigation/install/turtlebot3_gazebo/share/turtlebot3_gazebo//models/turtlebot3_world/meshes/hexagon.dae
-- Installing: /home/duck_sh/Mobile-Swarm-Navigation/install/turtlebot3_gazebo/share/turtlebot3_gazebo//models/turtlebot3_world/model.sdf
-- Installing: /home/duck_sh/Mobile-Swarm-Navigation/install/turtlebot3_gazebo/share/turtlebot3_gazebo//models/turtlebot3_waffle
-- Installing: /home/duck_sh/Mobile-Swarm-Navigation/install/turtlebot3_gazebo/share/turtlebot3_gazebo//models/turtlebot3_waffle/model.config
-- Installing: /home/duck_sh/Mobile-Swarm-Navigation/install/turtlebot3_gazebo/share/turtlebot3_gazebo//models/turtlebot3_waffle/model-1_4.sdf
-- Installing: /home/duck_sh/Mobile-Swarm-Navigation/install/turtlebot3_gazebo/share/turtlebot3_gazebo//models/turtlebot3_waffle/model.sdf
-- Installing: /home/duck_sh/Mobile-Swarm-Navigation/install/turtlebot3_gazebo/share/turtlebot3_gazebo//models/turtlebot3_house
-- Installing: /home/duck_sh/Mobile-Swarm-Navigation/install/turtlebot3_gazebo/share/turtlebot3_gazebo//models/turtlebot3_house/model.config
-- Installing: /home/duck_sh/Mobile-Swarm-Navigation/install/turtlebot3_gazebo/share/turtlebot3_gazebo//models/turtlebot3_house/model.sdf
-- Installing: /home/duck_sh/Mobile-Swarm-Navigation/install/turtlebot3_gazebo/share/turtlebot3_gazebo//models/turtlebot3_dqn_world
-- Installing: /home/duck_sh/Mobile-Swarm-Navigation/install/turtlebot3_gazebo/share/turtlebot3_gazebo//models/turtlebot3_dqn_world/model.config
-- Installing: /home/duck_sh/Mobile-Swarm-Navigation/install/turtlebot3_gazebo/share/turtlebot3_gazebo//models/turtlebot3_dqn_world/obstacles
-- Installing: /home/duck_sh/Mobile-Swarm-Navigation/install/turtlebot3_gazebo/share/turtlebot3_gazebo//models/turtlebot3_dqn_world/obstacles/model.config
-- Installing: /home/duck_sh/Mobile-Swarm-Navigation/install/turtlebot3_gazebo/share/turtlebot3_gazebo//models/turtlebot3_dqn_world/obstacles/model.sdf
-- Installing: /home/duck_sh/Mobile-Swarm-Navigation/install/turtlebot3_gazebo/share/turtlebot3_gazebo//models/turtlebot3_dqn_world/obstacle2
-- Installing: /home/duck_sh/Mobile-Swarm-Navigation/install/turtlebot3_gazebo/share/turtlebot3_gazebo//models/turtlebot3_dqn_world/obstacle2/model.config
-- Installing: /home/duck_sh/Mobile-Swarm-Navigation/install/turtlebot3_gazebo/share/turtlebot3_gazebo//models/turtlebot3_dqn_world/obstacle2/model.sdf
-- Installing: /home/duck_sh/Mobile-Swarm-Navigation/install/turtlebot3_gazebo/share/turtlebot3_gazebo//models/turtlebot3_dqn_world/obstacle1
-- Installing: /home/duck_sh/Mobile-Swarm-Navigation/install/turtlebot3_gazebo/share/turtlebot3_gazebo//models/turtlebot3_dqn_world/obstacle1/model.config
-- Installing: /home/duck_sh/Mobile-Swarm-Navigation/install/turtlebot3_gazebo/share/turtlebot3_gazebo//models/turtlebot3_dqn_world/obstacle1/model.sdf
-- Installing: /home/duck_sh/Mobile-Swarm-Navigation/install/turtlebot3_gazebo/share/turtlebot3_gazebo//models/turtlebot3_dqn_world/goal_box
-- Installing: /home/duck_sh/Mobile-Swarm-Navigation/install/turtlebot3_gazebo/share/turtlebot3_gazebo//models/turtlebot3_dqn_world/goal_box/model.config
-- Installing: /home/duck_sh/Mobile-Swarm-Navigation/install/turtlebot3_gazebo/share/turtlebot3_gazebo//models/turtlebot3_dqn_world/goal_box/model.sdf
-- Installing: /home/duck_sh/Mobile-Swarm-Navigation/install/turtlebot3_gazebo/share/turtlebot3_gazebo//models/turtlebot3_dqn_world/inner_walls
-- Installing: /home/duck_sh/Mobile-Swarm-Navigation/install/turtlebot3_gazebo/share/turtlebot3_gazebo//models/turtlebot3_dqn_world/inner_walls/model.config
-- Installing: /home/duck_sh/Mobile-Swarm-Navigation/install/turtlebot3_gazebo/share/turtlebot3_gazebo//models/turtlebot3_dqn_world/inner_walls/model.sdf
-- Installing: /home/duck_sh/Mobile-Swarm-Navigation/install/turtlebot3_gazebo/share/turtlebot3_gazebo//models/turtlebot3_dqn_world/obstacle_plugin
-- Installing: /home/duck_sh/Mobile-Swarm-Navigation/install/turtlebot3_gazebo/share/turtlebot3_gazebo//models/turtlebot3_dqn_world/obstacle_plugin/obstacle2.cc
-- Installing: /home/duck_sh/Mobile-Swarm-Navigation/install/turtlebot3_gazebo/share/turtlebot3_gazebo//models/turtlebot3_dqn_world/obstacle_plugin/obstacles.cc
-- Installing: /home/duck_sh/Mobile-Swarm-Navigation/install/turtlebot3_gazebo/share/turtlebot3_gazebo//models/turtlebot3_dqn_world/obstacle_plugin/CMakeLists.txt
-- Installing: /home/duck_sh/Mobile-Swarm-Navigation/install/turtlebot3_gazebo/share/turtlebot3_gazebo//models/turtlebot3_dqn_world/obstacle_plugin/obstacle1.cc
-- Installing: /home/duck_sh/Mobile-Swarm-Navigation/install/turtlebot3_gazebo/share/turtlebot3_gazebo//models/turtlebot3_dqn_world/model.sdf
-- Installing: /home/duck_sh/Mobile-Swarm-Navigation/install/turtlebot3_gazebo/share/turtlebot3_gazebo//models/turtlebot3_burger
-- Installing: /home/duck_sh/Mobile-Swarm-Navigation/install/turtlebot3_gazebo/share/turtlebot3_gazebo//models/turtlebot3_burger/model.config
-- Installing: /home/duck_sh/Mobile-Swarm-Navigation/install/turtlebot3_gazebo/share/turtlebot3_gazebo//models/turtlebot3_burger/model-1_4.sdf
-- Installing: /home/duck_sh/Mobile-Swarm-Navigation/install/turtlebot3_gazebo/share/turtlebot3_gazebo//models/turtlebot3_burger/model.sdf
-- Installing: /home/duck_sh/Mobile-Swarm-Navigation/install/turtlebot3_gazebo/share/turtlebot3_gazebo//models/markers
-- Installing: /home/duck_sh/Mobile-Swarm-Navigation/install/turtlebot3_gazebo/share/turtlebot3_gazebo//models/markers/og_aruco
-- Installing: /home/duck_sh/Mobile-Swarm-Navigation/install/turtlebot3_gazebo/share/turtlebot3_gazebo//models/markers/og_aruco/aruco_5.png
-- Installing: /home/duck_sh/Mobile-Swarm-Navigation/install/turtlebot3_gazebo/share/turtlebot3_gazebo//models/markers/og_aruco/aruco_8.png
-- Installing: /home/duck_sh/Mobile-Swarm-Navigation/install/turtlebot3_gazebo/share/turtlebot3_gazebo//models/markers/og_aruco/aruco_7.png
-- Installing: /home/duck_sh/Mobile-Swarm-Navigation/install/turtlebot3_gazebo/share/turtlebot3_gazebo//models/markers/og_aruco/aruco_3.png
-- Installing: /home/duck_sh/Mobile-Swarm-Navigation/install/turtlebot3_gazebo/share/turtlebot3_gazebo//models/markers/og_aruco/aruco_6.png
-- Installing: /home/duck_sh/Mobile-Swarm-Navigation/install/turtlebot3_gazebo/share/turtlebot3_gazebo//models/markers/og_aruco/aruco_4.png
-- Installing: /home/duck_sh/Mobile-Swarm-Navigation/install/turtlebot3_gazebo/share/turtlebot3_gazebo//models/markers/og_aruco/aruco_2.png
-- Installing: /home/duck_sh/Mobile-Swarm-Navigation/install/turtlebot3_gazebo/share/turtlebot3_gazebo//models/markers/og_aruco/aruco_1.png
-- Installing: /home/duck_sh/Mobile-Swarm-Navigation/install/turtlebot3_gazebo/share/turtlebot3_gazebo//models/markers/april_2.dae
-- Installing: /home/duck_sh/Mobile-Swarm-Navigation/install/turtlebot3_gazebo/share/turtlebot3_gazebo//models/markers/april_1.png
-- Installing: /home/duck_sh/Mobile-Swarm-Navigation/install/turtlebot3_gazebo/share/turtlebot3_gazebo//models/markers/april_3.png
-- Installing: /home/duck_sh/Mobile-Swarm-Navigation/install/turtlebot3_gazebo/share/turtlebot3_gazebo//models/markers/april_4.png
-- Installing: /home/duck_sh/Mobile-Swarm-Navigation/install/turtlebot3_gazebo/share/turtlebot3_gazebo//models/markers/april_2.png
-- Installing: /home/duck_sh/Mobile-Swarm-Navigation/install/turtlebot3_gazebo/share/turtlebot3_gazebo//models/markers/april_5.png
-- Installing: /home/duck_sh/Mobile-Swarm-Navigation/install/turtlebot3_gazebo/share/turtlebot3_gazebo//models/markers/april_3.dae
-- Installing: /home/duck_sh/Mobile-Swarm-Navigation/install/turtlebot3_gazebo/share/turtlebot3_gazebo//models/markers/april_4.dae
-- Installing: /home/duck_sh/Mobile-Swarm-Navigation/install/turtlebot3_gazebo/share/turtlebot3_gazebo//models/markers/april_1.dae
-- Installing: /home/duck_sh/Mobile-Swarm-Navigation/install/turtlebot3_gazebo/share/turtlebot3_gazebo//models/turtlebot3_waffle_pi
-- Installing: /home/duck_sh/Mobile-Swarm-Navigation/install/turtlebot3_gazebo/share/turtlebot3_gazebo//models/turtlebot3_waffle_pi/model.config
-- Installing: /home/duck_sh/Mobile-Swarm-Navigation/install/turtlebot3_gazebo/share/turtlebot3_gazebo//models/turtlebot3_waffle_pi/model-1_4_.sdf
-- Installing: /home/duck_sh/Mobile-Swarm-Navigation/install/turtlebot3_gazebo/share/turtlebot3_gazebo//models/turtlebot3_waffle_pi/model.sdf
-- Installing: /home/duck_sh/Mobile-Swarm-Navigation/install/turtlebot3_gazebo/share/turtlebot3_gazebo//models/turtlebot3_common
-- Installing: /home/duck_sh/Mobile-Swarm-Navigation/install/turtlebot3_gazebo/share/turtlebot3_gazebo//models/turtlebot3_common/model.config
-- Installing: /home/duck_sh/Mobile-Swarm-Navigation/install/turtlebot3_gazebo/share/turtlebot3_gazebo//models/turtlebot3_common/meshes
-- Installing: /home/duck_sh/Mobile-Swarm-Navigation/install/turtlebot3_gazebo/share/turtlebot3_gazebo//models/turtlebot3_common/meshes/burger_base.dae
-- Installing: /home/duck_sh/Mobile-Swarm-Navigation/install/turtlebot3_gazebo/share/turtlebot3_gazebo//models/turtlebot3_common/meshes/waffle_pi_base.dae
-- Installing: /home/duck_sh/Mobile-Swarm-Navigation/install/turtlebot3_gazebo/share/turtlebot3_gazebo//models/turtlebot3_common/meshes/r200.dae
-- Installing: /home/duck_sh/Mobile-Swarm-Navigation/install/turtlebot3_gazebo/share/turtlebot3_gazebo//models/turtlebot3_common/meshes/tire.dae
-- Installing: /home/duck_sh/Mobile-Swarm-Navigation/install/turtlebot3_gazebo/share/turtlebot3_gazebo//models/turtlebot3_common/meshes/waffle_base.dae
-- Installing: /home/duck_sh/Mobile-Swarm-Navigation/install/turtlebot3_gazebo/share/turtlebot3_gazebo//models/turtlebot3_common/meshes/lds.dae
-- Installing: /home/duck_sh/Mobile-Swarm-Navigation/install/turtlebot3_gazebo/share/turtlebot3_gazebo//rviz
-- Installing: /home/duck_sh/Mobile-Swarm-Navigation/install/turtlebot3_gazebo/share/turtlebot3_gazebo//rviz/tb3_gazebo.rviz
-- Installing: /home/duck_sh/Mobile-Swarm-Navigation/install/turtlebot3_gazebo/share/turtlebot3_gazebo//urdf
-- Installing: /home/duck_sh/Mobile-Swarm-Navigation/install/turtlebot3_gazebo/share/turtlebot3_gazebo//urdf/turtlebot3_waffle_pi.xacro
-- Installing: /home/duck_sh/Mobile-Swarm-Navigation/install/turtlebot3_gazebo/share/turtlebot3_gazebo//urdf/turtlebot3_waffle_pi.urdf
-- Installing: /home/duck_sh/Mobile-Swarm-Navigation/install/turtlebot3_gazebo/share/turtlebot3_gazebo//urdf/turtlebot3_waffle_pi_world.xacro
-- Installing: /home/duck_sh/Mobile-Swarm-Navigation/install/turtlebot3_gazebo/share/turtlebot3_gazebo//urdf/turtlebot3_burger.urdf
-- Installing: /home/duck_sh/Mobile-Swarm-Navigation/install/turtlebot3_gazebo/share/turtlebot3_gazebo//urdf/common_properties.urdf
-- Installing: /home/duck_sh/Mobile-Swarm-Navigation/install/turtlebot3_gazebo/share/turtlebot3_gazebo//urdf/turtlebot3_waffle.urdf
-- Installing: /home/duck_sh/Mobile-Swarm-Navigation/install/turtlebot3_gazebo/share/turtlebot3_gazebo//worlds
-- Installing: /home/duck_sh/Mobile-Swarm-Navigation/install/turtlebot3_gazebo/share/turtlebot3_gazebo//worlds/turtlebot3_dqn_stage2.world
-- Installing: /home/duck_sh/Mobile-Swarm-Navigation/install/turtlebot3_gazebo/share/turtlebot3_gazebo//worlds/turtlebot3_house.world
-- Installing: /home/duck_sh/Mobile-Swarm-Navigation/install/turtlebot3_gazebo/share/turtlebot3_gazebo//worlds/turtlebot3_dqn_stage1.world
-- Installing: /home/duck_sh/Mobile-Swarm-Navigation/install/turtlebot3_gazebo/share/turtlebot3_gazebo//worlds/turtlebot3_dqn_stage3.world
-- Installing: /home/duck_sh/Mobile-Swarm-Navigation/install/turtlebot3_gazebo/share/turtlebot3_gazebo//worlds/empty_world.world
-- Installing: /home/duck_sh/Mobile-Swarm-Navigation/install/turtlebot3_gazebo/share/turtlebot3_gazebo//worlds/turtlebot3_dqn_stage4.world
-- Installing: /home/duck_sh/Mobile-Swarm-Navigation/install/turtlebot3_gazebo/share/turtlebot3_gazebo//worlds/turtlebot3_world.world
-- Installing: /home/duck_sh/Mobile-Swarm-Navigation/install/turtlebot3_gazebo/include/
-- Installing: /home/duck_sh/Mobile-Swarm-Navigation/install/turtlebot3_gazebo/include//turtlebot3_gazebo
-- Installing: /home/duck_sh/Mobile-Swarm-Navigation/install/turtlebot3_gazebo/include//turtlebot3_gazebo/turtlebot3_drive.hpp
-- Installing: /home/duck_sh/Mobile-Swarm-Navigation/install/turtlebot3_gazebo/share/ament_index/resource_index/package_run_dependencies/turtlebot3_gazebo
-- Installing: /home/duck_sh/Mobile-Swarm-Navigation/install/turtlebot3_gazebo/share/ament_index/resource_index/parent_prefix_path/turtlebot3_gazebo
-- Installing: /home/duck_sh/Mobile-Swarm-Navigation/install/turtlebot3_gazebo/share/turtlebot3_gazebo/environment/ament_prefix_path.sh
-- Installing: /home/duck_sh/Mobile-Swarm-Navigation/install/turtlebot3_gazebo/share/turtlebot3_gazebo/environment/ament_prefix_path.dsv
-- Installing: /home/duck_sh/Mobile-Swarm-Navigation/install/turtlebot3_gazebo/share/turtlebot3_gazebo/environment/path.sh
-- Installing: /home/duck_sh/Mobile-Swarm-Navigation/install/turtlebot3_gazebo/share/turtlebot3_gazebo/environment/path.dsv
-- Installing: /home/duck_sh/Mobile-Swarm-Navigation/install/turtlebot3_gazebo/share/turtlebot3_gazebo/local_setup.bash
-- Installing: /home/duck_sh/Mobile-Swarm-Navigation/install/turtlebot3_gazebo/share/turtlebot3_gazebo/local_setup.sh
-- Installing: /home/duck_sh/Mobile-Swarm-Navigation/install/turtlebot3_gazebo/share/turtlebot3_gazebo/local_setup.zsh
-- Installing: /home/duck_sh/Mobile-Swarm-Navigation/install/turtlebot3_gazebo/share/turtlebot3_gazebo/local_setup.dsv
-- Installing: /home/duck_sh/Mobile-Swarm-Navigation/install/turtlebot3_gazebo/share/turtlebot3_gazebo/package.dsv
-- Installing: /home/duck_sh/Mobile-Swarm-Navigation/install/turtlebot3_gazebo/share/ament_index/resource_index/packages/turtlebot3_gazebo
-- Installing: /home/duck_sh/Mobile-Swarm-Navigation/install/turtlebot3_gazebo/share/turtlebot3_gazebo/cmake/ament_cmake_export_include_directories-extras.cmake
-- Installing: /home/duck_sh/Mobile-Swarm-Navigation/install/turtlebot3_gazebo/share/turtlebot3_gazebo/cmake/ament_cmake_export_dependencies-extras.cmake
-- Installing: /home/duck_sh/Mobile-Swarm-Navigation/install/turtlebot3_gazebo/share/turtlebot3_gazebo/cmake/turtlebot3_gazeboConfig.cmake
-- Installing: /home/duck_sh/Mobile-Swarm-Navigation/install/turtlebot3_gazebo/share/turtlebot3_gazebo/cmake/turtlebot3_gazeboConfig-version.cmake
-- Installing: /home/duck_sh/Mobile-Swarm-Navigation/install/turtlebot3_gazebo/share/turtlebot3_gazebo/package.xml
