[0.028s] Invoking command in '/home/duck_sh/Mobile-Swarm-Navigation/build/turtlebot3_gazebo': CMAKE_PREFIX_PATH=${CMAKE_PREFIX_PATH}:/home/duck_sh/ros2_ws/install/my_py_pkg:/home/duck_sh/turtlebot3_manipulation-humble-devel/install/ros2_controllers_test_nodes:/opt/ros/humble /usr/bin/cmake --build /home/duck_sh/Mobile-Swarm-Navigation/build/turtlebot3_gazebo -- -j32 -l32
[0.200s] [ 12%] [32mBuilding CXX object CMakeFiles/obstacles.dir/models/turtlebot3_dqn_world/obstacle_plugin/obstacles.cc.o[0m
[0.200s] [ 25%] [32mBuilding CXX object CMakeFiles/turtlebot3_drive.dir/src/turtlebot3_drive.cpp.o[0m
[0.200s] [ 37%] [32mBuilding CXX object CMakeFiles/obstacle2.dir/models/turtlebot3_dqn_world/obstacle_plugin/obstacle2.cc.o[0m
[0.200s] [ 50%] [32mBuilding CXX object CMakeFiles/obstacle1.dir/models/turtlebot3_dqn_world/obstacle_plugin/obstacle1.cc.o[0m
[8.393s] [ 62%] [32m[1mLinking CXX executable turtlebot3_drive[0m
[8.762s] [ 62%] Built target turtlebot3_drive
[9.252s] [ 75%] [32m[1mLinking CXX shared library libobstacles.so[0m
[9.254s] [ 87%] [32m[1mLinking CXX shared library libobstacle1.so[0m
[9.314s] [100%] [32m[1mLinking CXX shared library libobstacle2.so[0m
[9.444s] [100%] Built target obstacle1
[9.444s] [100%] Built target obstacles
[9.461s] [100%] Built target obstacle2
[9.470s] Invoked command in '/home/duck_sh/Mobile-Swarm-Navigation/build/turtlebot3_gazebo' returned '0': CMAKE_PREFIX_PATH=${CMAKE_PREFIX_PATH}:/home/duck_sh/ros2_ws/install/my_py_pkg:/home/duck_sh/turtlebot3_manipulation-humble-devel/install/ros2_controllers_test_nodes:/opt/ros/humble /usr/bin/cmake --build /home/duck_sh/Mobile-Swarm-Navigation/build/turtlebot3_gazebo -- -j32 -l32
[9.504s] Invoking command in '/home/duck_sh/Mobile-Swarm-Navigation/build/turtlebot3_gazebo': CMAKE_PREFIX_PATH=${CMAKE_PREFIX_PATH}:/home/duck_sh/ros2_ws/install/my_py_pkg:/home/duck_sh/turtlebot3_manipulation-humble-devel/install/ros2_controllers_test_nodes:/opt/ros/humble /usr/bin/cmake --install /home/duck_sh/Mobile-Swarm-Navigation/build/turtlebot3_gazebo
[9.511s] -- Install configuration: ""
[9.511s] -- Installing: /home/duck_sh/Mobile-Swarm-Navigation/install/turtlebot3_gazebo/lib/turtlebot3_gazebo/turtlebot3_drive
[9.513s] -- Set runtime path of "/home/duck_sh/Mobile-Swarm-Navigation/install/turtlebot3_gazebo/lib/turtlebot3_gazebo/turtlebot3_drive" to ""
[9.513s] -- Installing: /home/duck_sh/Mobile-Swarm-Navigation/install/turtlebot3_gazebo/share/turtlebot3_gazebo//launch
[9.513s] -- Installing: /home/duck_sh/Mobile-Swarm-Navigation/install/turtlebot3_gazebo/share/turtlebot3_gazebo//launch/build
[9.513s] -- Installing: /home/duck_sh/Mobile-Swarm-Navigation/install/turtlebot3_gazebo/share/turtlebot3_gazebo//launch/build/COLCON_IGNORE
[9.513s] -- Installing: /home/duck_sh/Mobile-Swarm-Navigation/install/turtlebot3_gazebo/share/turtlebot3_gazebo//launch/build/.built_by
[9.514s] -- Installing: /home/duck_sh/Mobile-Swarm-Navigation/install/turtlebot3_gazebo/share/turtlebot3_gazebo//launch/rsp.launch.py
[9.514s] -- Installing: /home/duck_sh/Mobile-Swarm-Navigation/install/turtlebot3_gazebo/share/turtlebot3_gazebo//launch/my_launch_file.py
[9.514s] -- Installing: /home/duck_sh/Mobile-Swarm-Navigation/install/turtlebot3_gazebo/share/turtlebot3_gazebo//launch/turtlebot3_dqn_stage3.launch.py
[9.514s] -- Installing: /home/duck_sh/Mobile-Swarm-Navigation/install/turtlebot3_gazebo/share/turtlebot3_gazebo//launch/turtlebot3_dqn_stage1.launch.py
[9.514s] -- Installing: /home/duck_sh/Mobile-Swarm-Navigation/install/turtlebot3_gazebo/share/turtlebot3_gazebo//launch/my_world_launch.py
[9.514s] -- Installing: /home/duck_sh/Mobile-Swarm-Navigation/install/turtlebot3_gazebo/share/turtlebot3_gazebo//launch/turtlebot3_house.launch.py
[9.514s] -- Installing: /home/duck_sh/Mobile-Swarm-Navigation/install/turtlebot3_gazebo/share/turtlebot3_gazebo//launch/xacro_spawn_1.launch.py
[9.514s] -- Installing: /home/duck_sh/Mobile-Swarm-Navigation/install/turtlebot3_gazebo/share/turtlebot3_gazebo//launch/simple_launch.py
[9.514s] -- Installing: /home/duck_sh/Mobile-Swarm-Navigation/install/turtlebot3_gazebo/share/turtlebot3_gazebo//launch/turtlebot3_dqn_stage4.launch.py
[9.515s] -- Installing: /home/duck_sh/Mobile-Swarm-Navigation/install/turtlebot3_gazebo/share/turtlebot3_gazebo//launch/xacro_robot_state_publisher.launch.py
[9.515s] -- Installing: /home/duck_sh/Mobile-Swarm-Navigation/install/turtlebot3_gazebo/share/turtlebot3_gazebo//launch/turtlebot3_world.launch.py
[9.515s] -- Installing: /home/duck_sh/Mobile-Swarm-Navigation/install/turtlebot3_gazebo/share/turtlebot3_gazebo//launch/mygazebo.launch.py
[9.515s] -- Installing: /home/duck_sh/Mobile-Swarm-Navigation/install/turtlebot3_gazebo/share/turtlebot3_gazebo//launch/xacro_launch.py
[9.515s] -- Installing: /home/duck_sh/Mobile-Swarm-Navigation/install/turtlebot3_gazebo/share/turtlebot3_gazebo//launch/empty_world.launch.py
[9.515s] -- Installing: /home/duck_sh/Mobile-Swarm-Navigation/install/turtlebot3_gazebo/share/turtlebot3_gazebo//launch/robot_state_publisher.launch.py
[9.515s] -- Installing: /home/duck_sh/Mobile-Swarm-Navigation/install/turtlebot3_gazebo/share/turtlebot3_gazebo//launch/my_launch.launch.py
[9.515s] -- Installing: /home/duck_sh/Mobile-Swarm-Navigation/install/turtlebot3_gazebo/share/turtlebot3_gazebo//launch/meta_data
[9.515s] -- Installing: /home/duck_sh/Mobile-Swarm-Navigation/install/turtlebot3_gazebo/share/turtlebot3_gazebo//launch/log
[9.515s] -- Installing: /home/duck_sh/Mobile-Swarm-Navigation/install/turtlebot3_gazebo/share/turtlebot3_gazebo//launch/log/COLCON_IGNORE
[9.515s] -- Installing: /home/duck_sh/Mobile-Swarm-Navigation/install/turtlebot3_gazebo/share/turtlebot3_gazebo//launch/log/latest
[9.515s] -- Installing: /home/duck_sh/Mobile-Swarm-Navigation/install/turtlebot3_gazebo/share/turtlebot3_gazebo//launch/log/build_2024-11-25_20-34-42
[9.515s] -- Installing: /home/duck_sh/Mobile-Swarm-Navigation/install/turtlebot3_gazebo/share/turtlebot3_gazebo//launch/log/build_2024-11-25_20-34-42/logger_all.log
[9.515s] -- Installing: /home/duck_sh/Mobile-Swarm-Navigation/install/turtlebot3_gazebo/share/turtlebot3_gazebo//launch/log/build_2024-11-25_20-34-42/events.log
[9.515s] -- Installing: /home/duck_sh/Mobile-Swarm-Navigation/install/turtlebot3_gazebo/share/turtlebot3_gazebo//launch/log/latest_build
[9.515s] -- Installing: /home/duck_sh/Mobile-Swarm-Navigation/install/turtlebot3_gazebo/share/turtlebot3_gazebo//launch/spawn_turtlebot3.launch.py
[9.515s] -- Installing: /home/duck_sh/Mobile-Swarm-Navigation/install/turtlebot3_gazebo/share/turtlebot3_gazebo//launch/my_robot_state_publisher.launch.py
[9.516s] -- Installing: /home/duck_sh/Mobile-Swarm-Navigation/install/turtlebot3_gazebo/share/turtlebot3_gazebo//launch/my_car_sim.launch.py
[9.516s] -- Installing: /home/duck_sh/Mobile-Swarm-Navigation/install/turtlebot3_gazebo/share/turtlebot3_gazebo//launch/install
[9.516s] -- Installing: /home/duck_sh/Mobile-Swarm-Navigation/install/turtlebot3_gazebo/share/turtlebot3_gazebo//launch/install/COLCON_IGNORE
[9.516s] -- Installing: /home/duck_sh/Mobile-Swarm-Navigation/install/turtlebot3_gazebo/share/turtlebot3_gazebo//launch/install/.colcon_install_layout
[9.516s] -- Installing: /home/duck_sh/Mobile-Swarm-Navigation/install/turtlebot3_gazebo/share/turtlebot3_gazebo//launch/install/setup.sh
[9.516s] -- Installing: /home/duck_sh/Mobile-Swarm-Navigation/install/turtlebot3_gazebo/share/turtlebot3_gazebo//launch/install/_local_setup_util_ps1.py
[9.516s] -- Installing: /home/duck_sh/Mobile-Swarm-Navigation/install/turtlebot3_gazebo/share/turtlebot3_gazebo//launch/install/local_setup.zsh
[9.516s] -- Installing: /home/duck_sh/Mobile-Swarm-Navigation/install/turtlebot3_gazebo/share/turtlebot3_gazebo//launch/install/local_setup.sh
[9.516s] -- Installing: /home/duck_sh/Mobile-Swarm-Navigation/install/turtlebot3_gazebo/share/turtlebot3_gazebo//launch/install/local_setup.ps1
[9.516s] -- Installing: /home/duck_sh/Mobile-Swarm-Navigation/install/turtlebot3_gazebo/share/turtlebot3_gazebo//launch/install/setup.ps1
[9.516s] -- Installing: /home/duck_sh/Mobile-Swarm-Navigation/install/turtlebot3_gazebo/share/turtlebot3_gazebo//launch/install/local_setup.bash
[9.516s] -- Installing: /home/duck_sh/Mobile-Swarm-Navigation/install/turtlebot3_gazebo/share/turtlebot3_gazebo//launch/install/setup.zsh
[9.516s] -- Installing: /home/duck_sh/Mobile-Swarm-Navigation/install/turtlebot3_gazebo/share/turtlebot3_gazebo//launch/install/setup.bash
[9.516s] -- Installing: /home/duck_sh/Mobile-Swarm-Navigation/install/turtlebot3_gazebo/share/turtlebot3_gazebo//launch/install/_local_setup_util_sh.py
[9.516s] -- Installing: /home/duck_sh/Mobile-Swarm-Navigation/install/turtlebot3_gazebo/share/turtlebot3_gazebo//launch/my_launch_para.launch.py
[9.516s] -- Installing: /home/duck_sh/Mobile-Swarm-Navigation/install/turtlebot3_gazebo/share/turtlebot3_gazebo//launch/xacro_spawn.launch.py
[9.516s] -- Installing: /home/duck_sh/Mobile-Swarm-Navigation/install/turtlebot3_gazebo/share/turtlebot3_gazebo//launch/turtlebot3_dqn_stage2.launch.py
[9.516s] -- Installing: /home/duck_sh/Mobile-Swarm-Navigation/install/turtlebot3_gazebo/share/turtlebot3_gazebo//launch/my_spawner.launch.py
[9.517s] -- Installing: /home/duck_sh/Mobile-Swarm-Navigation/install/turtlebot3_gazebo/share/turtlebot3_gazebo//models
[9.517s] -- Installing: /home/duck_sh/Mobile-Swarm-Navigation/install/turtlebot3_gazebo/share/turtlebot3_gazebo//models/turtlebot3_world
[9.517s] -- Installing: /home/duck_sh/Mobile-Swarm-Navigation/install/turtlebot3_gazebo/share/turtlebot3_gazebo//models/turtlebot3_world/model.config
[9.517s] -- Installing: /home/duck_sh/Mobile-Swarm-Navigation/install/turtlebot3_gazebo/share/turtlebot3_gazebo//models/turtlebot3_world/model-1_4.sdf
[9.517s] -- Installing: /home/duck_sh/Mobile-Swarm-Navigation/install/turtlebot3_gazebo/share/turtlebot3_gazebo//models/turtlebot3_world/meshes
[9.517s] -- Installing: /home/duck_sh/Mobile-Swarm-Navigation/install/turtlebot3_gazebo/share/turtlebot3_gazebo//models/turtlebot3_world/meshes/wall.dae
[9.517s] -- Installing: /home/duck_sh/Mobile-Swarm-Navigation/install/turtlebot3_gazebo/share/turtlebot3_gazebo//models/turtlebot3_world/meshes/hexagon.dae
[9.517s] -- Installing: /home/duck_sh/Mobile-Swarm-Navigation/install/turtlebot3_gazebo/share/turtlebot3_gazebo//models/turtlebot3_world/model.sdf
[9.517s] -- Installing: /home/duck_sh/Mobile-Swarm-Navigation/install/turtlebot3_gazebo/share/turtlebot3_gazebo//models/turtlebot3_waffle
[9.517s] -- Installing: /home/duck_sh/Mobile-Swarm-Navigation/install/turtlebot3_gazebo/share/turtlebot3_gazebo//models/turtlebot3_waffle/model.config
[9.517s] -- Installing: /home/duck_sh/Mobile-Swarm-Navigation/install/turtlebot3_gazebo/share/turtlebot3_gazebo//models/turtlebot3_waffle/model-1_4.sdf
[9.517s] -- Installing: /home/duck_sh/Mobile-Swarm-Navigation/install/turtlebot3_gazebo/share/turtlebot3_gazebo//models/turtlebot3_waffle/model.sdf
[9.517s] -- Installing: /home/duck_sh/Mobile-Swarm-Navigation/install/turtlebot3_gazebo/share/turtlebot3_gazebo//models/turtlebot3_house
[9.517s] -- Installing: /home/duck_sh/Mobile-Swarm-Navigation/install/turtlebot3_gazebo/share/turtlebot3_gazebo//models/turtlebot3_house/model.config
[9.517s] -- Installing: /home/duck_sh/Mobile-Swarm-Navigation/install/turtlebot3_gazebo/share/turtlebot3_gazebo//models/turtlebot3_house/model.sdf
[9.517s] -- Installing: /home/duck_sh/Mobile-Swarm-Navigation/install/turtlebot3_gazebo/share/turtlebot3_gazebo//models/turtlebot3_dqn_world
[9.517s] -- Installing: /home/duck_sh/Mobile-Swarm-Navigation/install/turtlebot3_gazebo/share/turtlebot3_gazebo//models/turtlebot3_dqn_world/model.config
[9.518s] -- Installing: /home/duck_sh/Mobile-Swarm-Navigation/install/turtlebot3_gazebo/share/turtlebot3_gazebo//models/turtlebot3_dqn_world/obstacles
[9.518s] -- Installing: /home/duck_sh/Mobile-Swarm-Navigation/install/turtlebot3_gazebo/share/turtlebot3_gazebo//models/turtlebot3_dqn_world/obstacles/model.config
[9.518s] -- Installing: /home/duck_sh/Mobile-Swarm-Navigation/install/turtlebot3_gazebo/share/turtlebot3_gazebo//models/turtlebot3_dqn_world/obstacles/model.sdf
[9.518s] -- Installing: /home/duck_sh/Mobile-Swarm-Navigation/install/turtlebot3_gazebo/share/turtlebot3_gazebo//models/turtlebot3_dqn_world/obstacle2
[9.518s] -- Installing: /home/duck_sh/Mobile-Swarm-Navigation/install/turtlebot3_gazebo/share/turtlebot3_gazebo//models/turtlebot3_dqn_world/obstacle2/model.config
[9.518s] -- Installing: /home/duck_sh/Mobile-Swarm-Navigation/install/turtlebot3_gazebo/share/turtlebot3_gazebo//models/turtlebot3_dqn_world/obstacle2/model.sdf
[9.518s] -- Installing: /home/duck_sh/Mobile-Swarm-Navigation/install/turtlebot3_gazebo/share/turtlebot3_gazebo//models/turtlebot3_dqn_world/obstacle1
[9.518s] -- Installing: /home/duck_sh/Mobile-Swarm-Navigation/install/turtlebot3_gazebo/share/turtlebot3_gazebo//models/turtlebot3_dqn_world/obstacle1/model.config
[9.518s] -- Installing: /home/duck_sh/Mobile-Swarm-Navigation/install/turtlebot3_gazebo/share/turtlebot3_gazebo//models/turtlebot3_dqn_world/obstacle1/model.sdf
[9.518s] -- Installing: /home/duck_sh/Mobile-Swarm-Navigation/install/turtlebot3_gazebo/share/turtlebot3_gazebo//models/turtlebot3_dqn_world/goal_box
[9.518s] -- Installing: /home/duck_sh/Mobile-Swarm-Navigation/install/turtlebot3_gazebo/share/turtlebot3_gazebo//models/turtlebot3_dqn_world/goal_box/model.config
[9.518s] -- Installing: /home/duck_sh/Mobile-Swarm-Navigation/install/turtlebot3_gazebo/share/turtlebot3_gazebo//models/turtlebot3_dqn_world/goal_box/model.sdf
[9.518s] -- Installing: /home/duck_sh/Mobile-Swarm-Navigation/install/turtlebot3_gazebo/share/turtlebot3_gazebo//models/turtlebot3_dqn_world/inner_walls
[9.518s] -- Installing: /home/duck_sh/Mobile-Swarm-Navigation/install/turtlebot3_gazebo/share/turtlebot3_gazebo//models/turtlebot3_dqn_world/inner_walls/model.config
[9.518s] -- Installing: /home/duck_sh/Mobile-Swarm-Navigation/install/turtlebot3_gazebo/share/turtlebot3_gazebo//models/turtlebot3_dqn_world/inner_walls/model.sdf
[9.518s] -- Installing: /home/duck_sh/Mobile-Swarm-Navigation/install/turtlebot3_gazebo/share/turtlebot3_gazebo//models/turtlebot3_dqn_world/obstacle_plugin
[9.518s] -- Installing: /home/duck_sh/Mobile-Swarm-Navigation/install/turtlebot3_gazebo/share/turtlebot3_gazebo//models/turtlebot3_dqn_world/obstacle_plugin/obstacle2.cc
[9.518s] -- Installing: /home/duck_sh/Mobile-Swarm-Navigation/install/turtlebot3_gazebo/share/turtlebot3_gazebo//models/turtlebot3_dqn_world/obstacle_plugin/obstacles.cc
[9.518s] -- Installing: /home/duck_sh/Mobile-Swarm-Navigation/install/turtlebot3_gazebo/share/turtlebot3_gazebo//models/turtlebot3_dqn_world/obstacle_plugin/CMakeLists.txt
[9.519s] -- Installing: /home/duck_sh/Mobile-Swarm-Navigation/install/turtlebot3_gazebo/share/turtlebot3_gazebo//models/turtlebot3_dqn_world/obstacle_plugin/obstacle1.cc
[9.519s] -- Installing: /home/duck_sh/Mobile-Swarm-Navigation/install/turtlebot3_gazebo/share/turtlebot3_gazebo//models/turtlebot3_dqn_world/model.sdf
[9.519s] -- Installing: /home/duck_sh/Mobile-Swarm-Navigation/install/turtlebot3_gazebo/share/turtlebot3_gazebo//models/turtlebot3_burger
[9.519s] -- Installing: /home/duck_sh/Mobile-Swarm-Navigation/install/turtlebot3_gazebo/share/turtlebot3_gazebo//models/turtlebot3_burger/model.config
[9.519s] -- Installing: /home/duck_sh/Mobile-Swarm-Navigation/install/turtlebot3_gazebo/share/turtlebot3_gazebo//models/turtlebot3_burger/model-1_4.sdf
[9.519s] -- Installing: /home/duck_sh/Mobile-Swarm-Navigation/install/turtlebot3_gazebo/share/turtlebot3_gazebo//models/turtlebot3_burger/model.sdf
[9.519s] -- Installing: /home/duck_sh/Mobile-Swarm-Navigation/install/turtlebot3_gazebo/share/turtlebot3_gazebo//models/markers
[9.519s] -- Installing: /home/duck_sh/Mobile-Swarm-Navigation/install/turtlebot3_gazebo/share/turtlebot3_gazebo//models/markers/og_aruco
[9.519s] -- Installing: /home/duck_sh/Mobile-Swarm-Navigation/install/turtlebot3_gazebo/share/turtlebot3_gazebo//models/markers/og_aruco/aruco_5.png
[9.519s] -- Installing: /home/duck_sh/Mobile-Swarm-Navigation/install/turtlebot3_gazebo/share/turtlebot3_gazebo//models/markers/og_aruco/aruco_8.png
[9.519s] -- Installing: /home/duck_sh/Mobile-Swarm-Navigation/install/turtlebot3_gazebo/share/turtlebot3_gazebo//models/markers/og_aruco/aruco_7.png
[9.519s] -- Installing: /home/duck_sh/Mobile-Swarm-Navigation/install/turtlebot3_gazebo/share/turtlebot3_gazebo//models/markers/og_aruco/aruco_3.png
[9.519s] -- Installing: /home/duck_sh/Mobile-Swarm-Navigation/install/turtlebot3_gazebo/share/turtlebot3_gazebo//models/markers/og_aruco/aruco_6.png
[9.519s] -- Installing: /home/duck_sh/Mobile-Swarm-Navigation/install/turtlebot3_gazebo/share/turtlebot3_gazebo//models/markers/og_aruco/aruco_4.png
[9.519s] -- Installing: /home/duck_sh/Mobile-Swarm-Navigation/install/turtlebot3_gazebo/share/turtlebot3_gazebo//models/markers/og_aruco/aruco_2.png
[9.519s] -- Installing: /home/duck_sh/Mobile-Swarm-Navigation/install/turtlebot3_gazebo/share/turtlebot3_gazebo//models/markers/og_aruco/aruco_1.png
[9.519s] -- Installing: /home/duck_sh/Mobile-Swarm-Navigation/install/turtlebot3_gazebo/share/turtlebot3_gazebo//models/markers/april_2.dae
[9.519s] -- Installing: /home/duck_sh/Mobile-Swarm-Navigation/install/turtlebot3_gazebo/share/turtlebot3_gazebo//models/markers/april_1.png
[9.520s] -- Installing: /home/duck_sh/Mobile-Swarm-Navigation/install/turtlebot3_gazebo/share/turtlebot3_gazebo//models/markers/april_3.png
[9.520s] -- Installing: /home/duck_sh/Mobile-Swarm-Navigation/install/turtlebot3_gazebo/share/turtlebot3_gazebo//models/markers/april_4.png
[9.520s] -- Installing: /home/duck_sh/Mobile-Swarm-Navigation/install/turtlebot3_gazebo/share/turtlebot3_gazebo//models/markers/april_2.png
[9.520s] -- Installing: /home/duck_sh/Mobile-Swarm-Navigation/install/turtlebot3_gazebo/share/turtlebot3_gazebo//models/markers/april_5.png
[9.520s] -- Installing: /home/duck_sh/Mobile-Swarm-Navigation/install/turtlebot3_gazebo/share/turtlebot3_gazebo//models/markers/april_3.dae
[9.520s] -- Installing: /home/duck_sh/Mobile-Swarm-Navigation/install/turtlebot3_gazebo/share/turtlebot3_gazebo//models/markers/april_4.dae
[9.520s] -- Installing: /home/duck_sh/Mobile-Swarm-Navigation/install/turtlebot3_gazebo/share/turtlebot3_gazebo//models/markers/april_1.dae
[9.520s] -- Installing: /home/duck_sh/Mobile-Swarm-Navigation/install/turtlebot3_gazebo/share/turtlebot3_gazebo//models/turtlebot3_waffle_pi
[9.520s] -- Installing: /home/duck_sh/Mobile-Swarm-Navigation/install/turtlebot3_gazebo/share/turtlebot3_gazebo//models/turtlebot3_waffle_pi/model.config
[9.520s] -- Installing: /home/duck_sh/Mobile-Swarm-Navigation/install/turtlebot3_gazebo/share/turtlebot3_gazebo//models/turtlebot3_waffle_pi/model-1_4_.sdf
[9.520s] -- Installing: /home/duck_sh/Mobile-Swarm-Navigation/install/turtlebot3_gazebo/share/turtlebot3_gazebo//models/turtlebot3_waffle_pi/model.sdf
[9.520s] -- Installing: /home/duck_sh/Mobile-Swarm-Navigation/install/turtlebot3_gazebo/share/turtlebot3_gazebo//models/turtlebot3_common
[9.520s] -- Installing: /home/duck_sh/Mobile-Swarm-Navigation/install/turtlebot3_gazebo/share/turtlebot3_gazebo//models/turtlebot3_common/model.config
[9.520s] -- Installing: /home/duck_sh/Mobile-Swarm-Navigation/install/turtlebot3_gazebo/share/turtlebot3_gazebo//models/turtlebot3_common/meshes
[9.520s] -- Installing: /home/duck_sh/Mobile-Swarm-Navigation/install/turtlebot3_gazebo/share/turtlebot3_gazebo//models/turtlebot3_common/meshes/burger_base.dae
[9.520s] -- Installing: /home/duck_sh/Mobile-Swarm-Navigation/install/turtlebot3_gazebo/share/turtlebot3_gazebo//models/turtlebot3_common/meshes/waffle_pi_base.dae
[9.520s] -- Installing: /home/duck_sh/Mobile-Swarm-Navigation/install/turtlebot3_gazebo/share/turtlebot3_gazebo//models/turtlebot3_common/meshes/r200.dae
[9.520s] -- Installing: /home/duck_sh/Mobile-Swarm-Navigation/install/turtlebot3_gazebo/share/turtlebot3_gazebo//models/turtlebot3_common/meshes/tire.dae
[9.521s] -- Installing: /home/duck_sh/Mobile-Swarm-Navigation/install/turtlebot3_gazebo/share/turtlebot3_gazebo//models/turtlebot3_common/meshes/waffle_base.dae
[9.521s] -- Installing: /home/duck_sh/Mobile-Swarm-Navigation/install/turtlebot3_gazebo/share/turtlebot3_gazebo//models/turtlebot3_common/meshes/lds.dae
[9.521s] -- Installing: /home/duck_sh/Mobile-Swarm-Navigation/install/turtlebot3_gazebo/share/turtlebot3_gazebo//rviz
[9.521s] -- Installing: /home/duck_sh/Mobile-Swarm-Navigation/install/turtlebot3_gazebo/share/turtlebot3_gazebo//rviz/tb3_gazebo.rviz
[9.521s] -- Installing: /home/duck_sh/Mobile-Swarm-Navigation/install/turtlebot3_gazebo/share/turtlebot3_gazebo//urdf
[9.521s] -- Installing: /home/duck_sh/Mobile-Swarm-Navigation/install/turtlebot3_gazebo/share/turtlebot3_gazebo//urdf/turtlebot3_waffle_pi.xacro
[9.521s] -- Installing: /home/duck_sh/Mobile-Swarm-Navigation/install/turtlebot3_gazebo/share/turtlebot3_gazebo//urdf/turtlebot3_waffle_pi.urdf
[9.522s] -- Installing: /home/duck_sh/Mobile-Swarm-Navigation/install/turtlebot3_gazebo/share/turtlebot3_gazebo//urdf/turtlebot3_waffle_pi_world.xacro
[9.522s] -- Installing: /home/duck_sh/Mobile-Swarm-Navigation/install/turtlebot3_gazebo/share/turtlebot3_gazebo//urdf/turtlebot3_burger.urdf
[9.522s] -- Installing: /home/duck_sh/Mobile-Swarm-Navigation/install/turtlebot3_gazebo/share/turtlebot3_gazebo//urdf/common_properties.urdf
[9.522s] -- Installing: /home/duck_sh/Mobile-Swarm-Navigation/install/turtlebot3_gazebo/share/turtlebot3_gazebo//urdf/turtlebot3_waffle.urdf
[9.522s] -- Installing: /home/duck_sh/Mobile-Swarm-Navigation/install/turtlebot3_gazebo/share/turtlebot3_gazebo//worlds
[9.522s] -- Installing: /home/duck_sh/Mobile-Swarm-Navigation/install/turtlebot3_gazebo/share/turtlebot3_gazebo//worlds/turtlebot3_dqn_stage2.world
[9.522s] -- Installing: /home/duck_sh/Mobile-Swarm-Navigation/install/turtlebot3_gazebo/share/turtlebot3_gazebo//worlds/turtlebot3_house.world
[9.522s] -- Installing: /home/duck_sh/Mobile-Swarm-Navigation/install/turtlebot3_gazebo/share/turtlebot3_gazebo//worlds/turtlebot3_dqn_stage1.world
[9.522s] -- Installing: /home/duck_sh/Mobile-Swarm-Navigation/install/turtlebot3_gazebo/share/turtlebot3_gazebo//worlds/turtlebot3_dqn_stage3.world
[9.522s] -- Installing: /home/duck_sh/Mobile-Swarm-Navigation/install/turtlebot3_gazebo/share/turtlebot3_gazebo//worlds/empty_world.world
[9.522s] -- Installing: /home/duck_sh/Mobile-Swarm-Navigation/install/turtlebot3_gazebo/share/turtlebot3_gazebo//worlds/turtlebot3_dqn_stage4.world
[9.522s] -- Installing: /home/duck_sh/Mobile-Swarm-Navigation/install/turtlebot3_gazebo/share/turtlebot3_gazebo//worlds/turtlebot3_world.world
[9.522s] -- Installing: /home/duck_sh/Mobile-Swarm-Navigation/install/turtlebot3_gazebo/include/
[9.522s] -- Installing: /home/duck_sh/Mobile-Swarm-Navigation/install/turtlebot3_gazebo/include//turtlebot3_gazebo
[9.522s] -- Installing: /home/duck_sh/Mobile-Swarm-Navigation/install/turtlebot3_gazebo/include//turtlebot3_gazebo/turtlebot3_drive.hpp
[9.522s] -- Installing: /home/duck_sh/Mobile-Swarm-Navigation/install/turtlebot3_gazebo/share/ament_index/resource_index/package_run_dependencies/turtlebot3_gazebo
[9.522s] -- Installing: /home/duck_sh/Mobile-Swarm-Navigation/install/turtlebot3_gazebo/share/ament_index/resource_index/parent_prefix_path/turtlebot3_gazebo
[9.522s] -- Installing: /home/duck_sh/Mobile-Swarm-Navigation/install/turtlebot3_gazebo/share/turtlebot3_gazebo/environment/ament_prefix_path.sh
[9.522s] -- Installing: /home/duck_sh/Mobile-Swarm-Navigation/install/turtlebot3_gazebo/share/turtlebot3_gazebo/environment/ament_prefix_path.dsv
[9.522s] -- Installing: /home/duck_sh/Mobile-Swarm-Navigation/install/turtlebot3_gazebo/share/turtlebot3_gazebo/environment/path.sh
[9.522s] -- Installing: /home/duck_sh/Mobile-Swarm-Navigation/install/turtlebot3_gazebo/share/turtlebot3_gazebo/environment/path.dsv
[9.522s] -- Installing: /home/duck_sh/Mobile-Swarm-Navigation/install/turtlebot3_gazebo/share/turtlebot3_gazebo/local_setup.bash
[9.522s] -- Installing: /home/duck_sh/Mobile-Swarm-Navigation/install/turtlebot3_gazebo/share/turtlebot3_gazebo/local_setup.sh
[9.523s] -- Installing: /home/duck_sh/Mobile-Swarm-Navigation/install/turtlebot3_gazebo/share/turtlebot3_gazebo/local_setup.zsh
[9.523s] -- Installing: /home/duck_sh/Mobile-Swarm-Navigation/install/turtlebot3_gazebo/share/turtlebot3_gazebo/local_setup.dsv
[9.523s] -- Installing: /home/duck_sh/Mobile-Swarm-Navigation/install/turtlebot3_gazebo/share/turtlebot3_gazebo/package.dsv
[9.523s] -- Installing: /home/duck_sh/Mobile-Swarm-Navigation/install/turtlebot3_gazebo/share/ament_index/resource_index/packages/turtlebot3_gazebo
[9.523s] -- Installing: /home/duck_sh/Mobile-Swarm-Navigation/install/turtlebot3_gazebo/share/turtlebot3_gazebo/cmake/ament_cmake_export_include_directories-extras.cmake
[9.523s] -- Installing: /home/duck_sh/Mobile-Swarm-Navigation/install/turtlebot3_gazebo/share/turtlebot3_gazebo/cmake/ament_cmake_export_dependencies-extras.cmake
[9.523s] -- Installing: /home/duck_sh/Mobile-Swarm-Navigation/install/turtlebot3_gazebo/share/turtlebot3_gazebo/cmake/turtlebot3_gazeboConfig.cmake
[9.523s] -- Installing: /home/duck_sh/Mobile-Swarm-Navigation/install/turtlebot3_gazebo/share/turtlebot3_gazebo/cmake/turtlebot3_gazeboConfig-version.cmake
[9.523s] -- Installing: /home/duck_sh/Mobile-Swarm-Navigation/install/turtlebot3_gazebo/share/turtlebot3_gazebo/package.xml
[9.524s] Invoked command in '/home/duck_sh/Mobile-Swarm-Navigation/build/turtlebot3_gazebo' returned '0': CMAKE_PREFIX_PATH=${CMAKE_PREFIX_PATH}:/home/duck_sh/ros2_ws/install/my_py_pkg:/home/duck_sh/turtlebot3_manipulation-humble-devel/install/ros2_controllers_test_nodes:/opt/ros/humble /usr/bin/cmake --install /home/duck_sh/Mobile-Swarm-Navigation/build/turtlebot3_gazebo
