[0.042s] Invoking command in '/home/duck_sh/Mobile-Swarm-Navigation/build/turtlebot3_cartographer': CMAKE_PREFIX_PATH=${CMAKE_PREFIX_PATH}:/home/duck_sh/ros2_ws/install/my_py_pkg:/home/duck_sh/turtlebot3_manipulation-humble-devel/install/ros2_controllers_test_nodes:/opt/ros/humble /usr/bin/cmake --build /home/duck_sh/Mobile-Swarm-Navigation/build/turtlebot3_cartographer -- -j32 -l32
[0.254s] Invoked command in '/home/duck_sh/Mobile-Swarm-Navigation/build/turtlebot3_cartographer' returned '0': CMAKE_PREFIX_PATH=${CMAKE_PREFIX_PATH}:/home/duck_sh/ros2_ws/install/my_py_pkg:/home/duck_sh/turtlebot3_manipulation-humble-devel/install/ros2_controllers_test_nodes:/opt/ros/humble /usr/bin/cmake --build /home/duck_sh/Mobile-Swarm-Navigation/build/turtlebot3_cartographer -- -j32 -l32
[0.280s] Invoking command in '/home/duck_sh/Mobile-Swarm-Navigation/build/turtlebot3_cartographer': CMAKE_PREFIX_PATH=${CMAKE_PREFIX_PATH}:/home/duck_sh/ros2_ws/install/my_py_pkg:/home/duck_sh/turtlebot3_manipulation-humble-devel/install/ros2_controllers_test_nodes:/opt/ros/humble /usr/bin/cmake --install /home/duck_sh/Mobile-Swarm-Navigation/build/turtlebot3_cartographer
[0.286s] -- Install configuration: ""
[0.286s] -- Up-to-date: /home/duck_sh/Mobile-Swarm-Navigation/install/turtlebot3_cartographer/share/turtlebot3_cartographer/config
[0.287s] -- Up-to-date: /home/duck_sh/Mobile-Swarm-Navigation/install/turtlebot3_cartographer/share/turtlebot3_cartographer/config/turtlebot3_lds_2d.lua
[0.287s] -- Up-to-date: /home/duck_sh/Mobile-Swarm-Navigation/install/turtlebot3_cartographer/share/turtlebot3_cartographer/launch
[0.287s] -- Up-to-date: /home/duck_sh/Mobile-Swarm-Navigation/install/turtlebot3_cartographer/share/turtlebot3_cartographer/launch/occupancy_grid.launch.py
[0.287s] -- Up-to-date: /home/duck_sh/Mobile-Swarm-Navigation/install/turtlebot3_cartographer/share/turtlebot3_cartographer/launch/cartographer.launch.py
[0.287s] -- Up-to-date: /home/duck_sh/Mobile-Swarm-Navigation/install/turtlebot3_cartographer/share/turtlebot3_cartographer/rviz
[0.288s] -- Up-to-date: /home/duck_sh/Mobile-Swarm-Navigation/install/turtlebot3_cartographer/share/turtlebot3_cartographer/rviz/tb3_cartographer.rviz
[0.288s] -- Up-to-date: /home/duck_sh/Mobile-Swarm-Navigation/install/turtlebot3_cartographer/share/ament_index/resource_index/package_run_dependencies/turtlebot3_cartographer
[0.288s] -- Up-to-date: /home/duck_sh/Mobile-Swarm-Navigation/install/turtlebot3_cartographer/share/ament_index/resource_index/parent_prefix_path/turtlebot3_cartographer
[0.289s] -- Up-to-date: /home/duck_sh/Mobile-Swarm-Navigation/install/turtlebot3_cartographer/share/turtlebot3_cartographer/environment/ament_prefix_path.sh
[0.289s] -- Up-to-date: /home/duck_sh/Mobile-Swarm-Navigation/install/turtlebot3_cartographer/share/turtlebot3_cartographer/environment/ament_prefix_path.dsv
[0.290s] -- Up-to-date: /home/duck_sh/Mobile-Swarm-Navigation/install/turtlebot3_cartographer/share/turtlebot3_cartographer/environment/path.sh
[0.291s] -- Up-to-date: /home/duck_sh/Mobile-Swarm-Navigation/install/turtlebot3_cartographer/share/turtlebot3_cartographer/environment/path.dsv
[0.291s] -- Up-to-date: /home/duck_sh/Mobile-Swarm-Navigation/install/turtlebot3_cartographer/share/turtlebot3_cartographer/local_setup.bash
[0.291s] -- Up-to-date: /home/duck_sh/Mobile-Swarm-Navigation/install/turtlebot3_cartographer/share/turtlebot3_cartographer/local_setup.sh
[0.291s] -- Up-to-date: /home/duck_sh/Mobile-Swarm-Navigation/install/turtlebot3_cartographer/share/turtlebot3_cartographer/local_setup.zsh
[0.293s] -- Up-to-date: /home/duck_sh/Mobile-Swarm-Navigation/install/turtlebot3_cartographer/share/turtlebot3_cartographer/local_setup.dsv
[0.295s] -- Installing: /home/duck_sh/Mobile-Swarm-Navigation/install/turtlebot3_cartographer/share/turtlebot3_cartographer/package.dsv
[0.295s] -- Up-to-date: /home/duck_sh/Mobile-Swarm-Navigation/install/turtlebot3_cartographer/share/ament_index/resource_index/packages/turtlebot3_cartographer
[0.296s] -- Up-to-date: /home/duck_sh/Mobile-Swarm-Navigation/install/turtlebot3_cartographer/share/turtlebot3_cartographer/cmake/turtlebot3_cartographerConfig.cmake
[0.297s] -- Up-to-date: /home/duck_sh/Mobile-Swarm-Navigation/install/turtlebot3_cartographer/share/turtlebot3_cartographer/cmake/turtlebot3_cartographerConfig-version.cmake
[0.297s] -- Up-to-date: /home/duck_sh/Mobile-Swarm-Navigation/install/turtlebot3_cartographer/share/turtlebot3_cartographer/package.xml
[0.307s] Invoked command in '/home/duck_sh/Mobile-Swarm-Navigation/build/turtlebot3_cartographer' returned '0': CMAKE_PREFIX_PATH=${CMAKE_PREFIX_PATH}:/home/duck_sh/ros2_ws/install/my_py_pkg:/home/duck_sh/turtlebot3_manipulation-humble-devel/install/ros2_controllers_test_nodes:/opt/ros/humble /usr/bin/cmake --install /home/duck_sh/Mobile-Swarm-Navigation/build/turtlebot3_cartographer
