[0.488s] Invoking command in '/home/pacman/tortoisebot_rb/build/tortoisebot_firmware': CMAKE_PREFIX_PATH=${CMAKE_PREFIX_PATH}:/home/pacman/tortoisebot_rb/install/turtlebot3_teleop:/home/pacman/tortoisebot_rb/install/tortoisebot_slam:/home/pacman/tortoisebot_rb/install/tortoisebot_navigation:/home/pacman/tortoisebot_rb/install/tortoisebot_imu:/home/pacman/tortoisebot_rb/install/tortoisebot_control:/opt/ros/humble /usr/bin/cmake /home/pacman/tortoisebot_rb/tortoisebot/tortoisebot_firmware -DCMAKE_INSTALL_PREFIX=/home/pacman/tortoisebot_rb/install/tortoisebot_firmware
[0.540s] -- The C compiler identification is GNU 11.4.0
[0.607s] -- The CXX compiler identification is GNU 11.4.0
[0.623s] -- Detecting C compiler ABI info
[0.693s] -- Detecting C compiler ABI info - done
[0.703s] -- Check for working C compiler: /usr/bin/cc - skipped
[0.704s] -- Detecting C compile features
[0.704s] -- Detecting C compile features - done
[0.704s] -- Detecting CXX compiler ABI info
[0.777s] -- Detecting CXX compiler ABI info - done
[0.782s] -- Check for working CXX compiler: /usr/bin/c++ - skipped
[0.782s] -- Detecting CXX compile features
[0.783s] -- Detecting CXX compile features - done
[0.784s] -- Found ament_cmake: 1.3.10 (/opt/ros/humble/share/ament_cmake/cmake)
[0.957s] -- Found Python3: /usr/bin/python3 (found version "3.10.12") found components: Interpreter 
[1.047s] -- Found rclcpp: 16.0.10 (/opt/ros/humble/share/rclcpp/cmake)
[1.089s] -- Found rosidl_generator_c: 3.1.5 (/opt/ros/humble/share/rosidl_generator_c/cmake)
[1.092s] -- Found rosidl_adapter: 3.1.5 (/opt/ros/humble/share/rosidl_adapter/cmake)
[1.099s] -- Found rosidl_generator_cpp: 3.1.5 (/opt/ros/humble/share/rosidl_generator_cpp/cmake)
[1.109s] -- Using all available rosidl_typesupport_c: rosidl_typesupport_fastrtps_c;rosidl_typesupport_introspection_c
[1.126s] -- Using all available rosidl_typesupport_cpp: rosidl_typesupport_fastrtps_cpp;rosidl_typesupport_introspection_cpp
[1.170s] -- Found rmw_implementation_cmake: 6.1.2 (/opt/ros/humble/share/rmw_implementation_cmake/cmake)
[1.173s] -- Found rmw_cyclonedds_cpp: 1.3.4 (/opt/ros/humble/share/rmw_cyclonedds_cpp/cmake)
[1.198s] -- Using RMW implementation 'rmw_cyclonedds_cpp' as default
[1.208s] -- Looking for pthread.h
[1.261s] -- Looking for pthread.h - found
[1.261s] -- Performing Test CMAKE_HAVE_LIBC_PTHREAD
[1.322s] -- Performing Test CMAKE_HAVE_LIBC_PTHREAD - Success
[1.322s] -- Found Threads: TRUE  
[1.368s] -- Found rclpy: 3.3.14 (/opt/ros/humble/share/rclpy/cmake)
[1.369s] -- Found ament_lint_auto: 0.12.11 (/opt/ros/humble/share/ament_lint_auto/cmake)
[1.455s] -- Added test 'copyright' to check source files copyright and LICENSE
[1.456s] -- Added test 'flake8' to check Python code syntax and style conventions
[1.456s] -- Added test 'lint_cmake' to check CMake code style
[1.457s] -- Added test 'pep257' to check Python code against some of the docstring style conventions in PEP 257
[1.457s] -- Added test 'xmllint' to check XML markup files
[1.458s] -- Configuring done
[1.462s] -- Generating done
[1.462s] -- Build files have been written to: /home/pacman/tortoisebot_rb/build/tortoisebot_firmware
[1.469s] Invoked command in '/home/pacman/tortoisebot_rb/build/tortoisebot_firmware' returned '0': CMAKE_PREFIX_PATH=${CMAKE_PREFIX_PATH}:/home/pacman/tortoisebot_rb/install/turtlebot3_teleop:/home/pacman/tortoisebot_rb/install/tortoisebot_slam:/home/pacman/tortoisebot_rb/install/tortoisebot_navigation:/home/pacman/tortoisebot_rb/install/tortoisebot_imu:/home/pacman/tortoisebot_rb/install/tortoisebot_control:/opt/ros/humble /usr/bin/cmake /home/pacman/tortoisebot_rb/tortoisebot/tortoisebot_firmware -DCMAKE_INSTALL_PREFIX=/home/pacman/tortoisebot_rb/install/tortoisebot_firmware
[1.470s] Invoking command in '/home/pacman/tortoisebot_rb/build/tortoisebot_firmware': CMAKE_PREFIX_PATH=${CMAKE_PREFIX_PATH}:/home/pacman/tortoisebot_rb/install/turtlebot3_teleop:/home/pacman/tortoisebot_rb/install/tortoisebot_slam:/home/pacman/tortoisebot_rb/install/tortoisebot_navigation:/home/pacman/tortoisebot_rb/install/tortoisebot_imu:/home/pacman/tortoisebot_rb/install/tortoisebot_control:/opt/ros/humble /usr/bin/cmake --build /home/pacman/tortoisebot_rb/build/tortoisebot_firmware -- -j12 -l12
[1.513s] Built target ament_cmake_python_copy_tortoisebot_firmware
[1.676s] running egg_info
[1.677s] creating tortoisebot_firmware.egg-info
[1.677s] writing tortoisebot_firmware.egg-info/PKG-INFO
[1.677s] writing dependency_links to tortoisebot_firmware.egg-info/dependency_links.txt
[1.677s] writing top-level names to tortoisebot_firmware.egg-info/top_level.txt
[1.677s] writing manifest file 'tortoisebot_firmware.egg-info/SOURCES.txt'
[1.679s] reading manifest file 'tortoisebot_firmware.egg-info/SOURCES.txt'
[1.679s] writing manifest file 'tortoisebot_firmware.egg-info/SOURCES.txt'
[1.698s] Built target ament_cmake_python_build_tortoisebot_firmware_egg
[1.706s] Invoked command in '/home/pacman/tortoisebot_rb/build/tortoisebot_firmware' returned '0': CMAKE_PREFIX_PATH=${CMAKE_PREFIX_PATH}:/home/pacman/tortoisebot_rb/install/turtlebot3_teleop:/home/pacman/tortoisebot_rb/install/tortoisebot_slam:/home/pacman/tortoisebot_rb/install/tortoisebot_navigation:/home/pacman/tortoisebot_rb/install/tortoisebot_imu:/home/pacman/tortoisebot_rb/install/tortoisebot_control:/opt/ros/humble /usr/bin/cmake --build /home/pacman/tortoisebot_rb/build/tortoisebot_firmware -- -j12 -l12
[1.724s] Invoking command in '/home/pacman/tortoisebot_rb/build/tortoisebot_firmware': CMAKE_PREFIX_PATH=${CMAKE_PREFIX_PATH}:/home/pacman/tortoisebot_rb/install/turtlebot3_teleop:/home/pacman/tortoisebot_rb/install/tortoisebot_slam:/home/pacman/tortoisebot_rb/install/tortoisebot_navigation:/home/pacman/tortoisebot_rb/install/tortoisebot_imu:/home/pacman/tortoisebot_rb/install/tortoisebot_control:/opt/ros/humble /usr/bin/cmake --install /home/pacman/tortoisebot_rb/build/tortoisebot_firmware
[1.731s] -- Install configuration: ""
[1.731s] -- Installing: /home/pacman/tortoisebot_rb/install/tortoisebot_firmware/share/tortoisebot_firmware/environment/pythonpath.sh
[1.731s] -- Installing: /home/pacman/tortoisebot_rb/install/tortoisebot_firmware/share/tortoisebot_firmware/environment/pythonpath.dsv
[1.731s] -- Installing: /home/pacman/tortoisebot_rb/install/tortoisebot_firmware/local/lib/python3.10/dist-packages/tortoisebot_firmware-0.0.0-py3.10.egg-info
[1.731s] -- Installing: /home/pacman/tortoisebot_rb/install/tortoisebot_firmware/local/lib/python3.10/dist-packages/tortoisebot_firmware-0.0.0-py3.10.egg-info/PKG-INFO
[1.731s] -- Installing: /home/pacman/tortoisebot_rb/install/tortoisebot_firmware/local/lib/python3.10/dist-packages/tortoisebot_firmware-0.0.0-py3.10.egg-info/top_level.txt
[1.731s] -- Installing: /home/pacman/tortoisebot_rb/install/tortoisebot_firmware/local/lib/python3.10/dist-packages/tortoisebot_firmware-0.0.0-py3.10.egg-info/dependency_links.txt
[1.731s] -- Installing: /home/pacman/tortoisebot_rb/install/tortoisebot_firmware/local/lib/python3.10/dist-packages/tortoisebot_firmware-0.0.0-py3.10.egg-info/SOURCES.txt
[1.732s] -- Installing: /home/pacman/tortoisebot_rb/install/tortoisebot_firmware/local/lib/python3.10/dist-packages/tortoisebot_firmware
[1.732s] -- Installing: /home/pacman/tortoisebot_rb/install/tortoisebot_firmware/local/lib/python3.10/dist-packages/tortoisebot_firmware/__init__.py
[1.754s] Listing '/home/pacman/tortoisebot_rb/install/tortoisebot_firmware/local/lib/python3.10/dist-packages/tortoisebot_firmware'...
[1.754s] Compiling '/home/pacman/tortoisebot_rb/install/tortoisebot_firmware/local/lib/python3.10/dist-packages/tortoisebot_firmware/__init__.py'...
[1.757s] -- Installing: /home/pacman/tortoisebot_rb/install/tortoisebot_firmware/lib/tortoisebot_firmware/differential.py
[1.757s] -- Installing: /home/pacman/tortoisebot_rb/install/tortoisebot_firmware/share/ament_index/resource_index/package_run_dependencies/tortoisebot_firmware
[1.757s] -- Installing: /home/pacman/tortoisebot_rb/install/tortoisebot_firmware/share/ament_index/resource_index/parent_prefix_path/tortoisebot_firmware
[1.757s] -- Installing: /home/pacman/tortoisebot_rb/install/tortoisebot_firmware/share/tortoisebot_firmware/environment/ament_prefix_path.sh
[1.757s] -- Installing: /home/pacman/tortoisebot_rb/install/tortoisebot_firmware/share/tortoisebot_firmware/environment/ament_prefix_path.dsv
[1.757s] -- Installing: /home/pacman/tortoisebot_rb/install/tortoisebot_firmware/share/tortoisebot_firmware/environment/path.sh
[1.758s] -- Installing: /home/pacman/tortoisebot_rb/install/tortoisebot_firmware/share/tortoisebot_firmware/environment/path.dsv
[1.758s] -- Installing: /home/pacman/tortoisebot_rb/install/tortoisebot_firmware/share/tortoisebot_firmware/local_setup.bash
[1.758s] -- Installing: /home/pacman/tortoisebot_rb/install/tortoisebot_firmware/share/tortoisebot_firmware/local_setup.sh
[1.758s] -- Installing: /home/pacman/tortoisebot_rb/install/tortoisebot_firmware/share/tortoisebot_firmware/local_setup.zsh
[1.758s] -- Installing: /home/pacman/tortoisebot_rb/install/tortoisebot_firmware/share/tortoisebot_firmware/local_setup.dsv
[1.758s] -- Installing: /home/pacman/tortoisebot_rb/install/tortoisebot_firmware/share/tortoisebot_firmware/package.dsv
[1.758s] -- Installing: /home/pacman/tortoisebot_rb/install/tortoisebot_firmware/share/ament_index/resource_index/packages/tortoisebot_firmware
[1.758s] -- Installing: /home/pacman/tortoisebot_rb/install/tortoisebot_firmware/share/tortoisebot_firmware/cmake/tortoisebot_firmwareConfig.cmake
[1.758s] -- Installing: /home/pacman/tortoisebot_rb/install/tortoisebot_firmware/share/tortoisebot_firmware/cmake/tortoisebot_firmwareConfig-version.cmake
[1.758s] -- Installing: /home/pacman/tortoisebot_rb/install/tortoisebot_firmware/share/tortoisebot_firmware/package.xml
[1.759s] Invoked command in '/home/pacman/tortoisebot_rb/build/tortoisebot_firmware' returned '0': CMAKE_PREFIX_PATH=${CMAKE_PREFIX_PATH}:/home/pacman/tortoisebot_rb/install/turtlebot3_teleop:/home/pacman/tortoisebot_rb/install/tortoisebot_slam:/home/pacman/tortoisebot_rb/install/tortoisebot_navigation:/home/pacman/tortoisebot_rb/install/tortoisebot_imu:/home/pacman/tortoisebot_rb/install/tortoisebot_control:/opt/ros/humble /usr/bin/cmake --install /home/pacman/tortoisebot_rb/build/tortoisebot_firmware
