[4.044s] Invoking command in '/home/pacman/turtlebot3_ws/src/semantic_mapper': PYTHONPATH=/home/pacman/turtlebot3_ws/build/semantic_mapper/prefix_override:/home/pacman/.local/lib/python3.10/site-packages/colcon_core/task/python/colcon_distutils_commands:/home/pacman/turtlebot3_ws/install/semantic_mapper/lib/python3.10/site-packages:${PYTHONPATH} /usr/bin/python3 -W ignore:setup.py install is deprecated setup.py egg_info --egg-base ../../build/semantic_mapper build --build-base /home/pacman/turtlebot3_ws/build/semantic_mapper/build install --record /home/pacman/turtlebot3_ws/build/semantic_mapper/install.log --single-version-externally-managed install_data
[5.434s] running egg_info
[5.434s] writing ../../build/semantic_mapper/semantic_mapper.egg-info/PKG-INFO
[5.434s] writing dependency_links to ../../build/semantic_mapper/semantic_mapper.egg-info/dependency_links.txt
[5.438s] writing entry points to ../../build/semantic_mapper/semantic_mapper.egg-info/entry_points.txt
[5.438s] writing requirements to ../../build/semantic_mapper/semantic_mapper.egg-info/requires.txt
[5.438s] writing top-level names to ../../build/semantic_mapper/semantic_mapper.egg-info/top_level.txt
[5.446s] reading manifest file '../../build/semantic_mapper/semantic_mapper.egg-info/SOURCES.txt'
[5.447s] writing manifest file '../../build/semantic_mapper/semantic_mapper.egg-info/SOURCES.txt'
[5.450s] running build
[5.450s] running build_py
[5.452s] running install
[5.452s] running install_lib
[5.455s] running install_data
[5.463s] running install_egg_info
[5.472s] removing '/home/pacman/turtlebot3_ws/install/semantic_mapper/lib/python3.10/site-packages/semantic_mapper-0.0.0-py3.10.egg-info' (and everything under it)
[5.490s] Copying ../../build/semantic_mapper/semantic_mapper.egg-info to /home/pacman/turtlebot3_ws/install/semantic_mapper/lib/python3.10/site-packages/semantic_mapper-0.0.0-py3.10.egg-info
[5.490s] running install_scripts
[5.574s] Installing semantic_mapper script to /home/pacman/turtlebot3_ws/install/semantic_mapper/lib/semantic_mapper
[5.574s] writing list of installed files to '/home/pacman/turtlebot3_ws/build/semantic_mapper/install.log'
[5.709s] Invoked command in '/home/pacman/turtlebot3_ws/src/semantic_mapper' returned '0': PYTHONPATH=/home/pacman/turtlebot3_ws/build/semantic_mapper/prefix_override:/home/pacman/.local/lib/python3.10/site-packages/colcon_core/task/python/colcon_distutils_commands:/home/pacman/turtlebot3_ws/install/semantic_mapper/lib/python3.10/site-packages:${PYTHONPATH} /usr/bin/python3 -W ignore:setup.py install is deprecated setup.py egg_info --egg-base ../../build/semantic_mapper build --build-base /home/pacman/turtlebot3_ws/build/semantic_mapper/build install --record /home/pacman/turtlebot3_ws/build/semantic_mapper/install.log --single-version-externally-managed install_data
