[0.032s] Invoking command in '/home/duck_sh/Mobile-Swarm-Navigation/build/hls_lfcd_lds_driver': CMAKE_PREFIX_PATH=${CMAKE_PREFIX_PATH}:/home/duck_sh/ros2_ws/install/my_py_pkg:/home/duck_sh/turtlebot3_manipulation-humble-devel/install/ros2_controllers_test_nodes:/opt/ros/humble /usr/bin/cmake /home/duck_sh/Mobile-Swarm-Navigation/src/utils/hls_lfcd_lds_driver -DCMAKE_INSTALL_PREFIX=/home/duck_sh/Mobile-Swarm-Navigation/install/hls_lfcd_lds_driver
[0.179s] -- The C compiler identification is GNU 11.4.0
[0.190s] -- The CXX compiler identification is GNU 11.4.0
[0.196s] -- Detecting C compiler ABI info
[0.259s] -- Detecting C compiler ABI info - done
[0.266s] -- Check for working C compiler: /usr/bin/cc - skipped
[0.267s] -- Detecting C compile features
[0.267s] -- Detecting C compile features - done
[0.270s] -- Detecting CXX compiler ABI info
[0.336s] -- Detecting CXX compiler ABI info - done
[0.344s] -- Check for working CXX compiler: /usr/bin/c++ - skipped
[0.344s] -- Detecting CXX compile features
[0.344s] -- Detecting CXX compile features - done
[0.350s] -- Found ament_cmake: 1.3.10 (/opt/ros/humble/share/ament_cmake/cmake)
[0.491s] -- Found Python3: /usr/bin/python3 (found version "3.10.12") found components: Interpreter 
[0.571s] -- Found rclcpp: 16.0.10 (/opt/ros/humble/share/rclcpp/cmake)
[0.614s] -- Found rosidl_generator_c: 3.1.5 (/opt/ros/humble/share/rosidl_generator_c/cmake)
[0.620s] -- Found rosidl_adapter: 3.1.5 (/opt/ros/humble/share/rosidl_adapter/cmake)
[0.628s] -- Found rosidl_generator_cpp: 3.1.5 (/opt/ros/humble/share/rosidl_generator_cpp/cmake)
[0.640s] -- Using all available rosidl_typesupport_c: rosidl_typesupport_fastrtps_c;rosidl_typesupport_introspection_c
[0.654s] -- Using all available rosidl_typesupport_cpp: rosidl_typesupport_fastrtps_cpp;rosidl_typesupport_introspection_cpp
[0.721s] -- Found rmw_implementation_cmake: 6.1.2 (/opt/ros/humble/share/rmw_implementation_cmake/cmake)
[0.727s] -- Found rmw_fastrtps_cpp: 6.2.7 (/opt/ros/humble/share/rmw_fastrtps_cpp/cmake)
[0.834s] -- Found OpenSSL: /usr/lib/x86_64-linux-gnu/libcrypto.so (found version "3.0.2")  
[0.859s] -- Found FastRTPS: /opt/ros/humble/include  
[0.907s] -- Using RMW implementation 'rmw_fastrtps_cpp' as default
[0.918s] -- Looking for pthread.h
[0.969s] -- Looking for pthread.h - found
[0.969s] -- Performing Test CMAKE_HAVE_LIBC_PTHREAD
[1.030s] -- Performing Test CMAKE_HAVE_LIBC_PTHREAD - Success
[1.031s] -- Found Threads: TRUE  
[1.069s] -- Found sensor_msgs: 4.2.4 (/opt/ros/humble/share/sensor_msgs/cmake)
[1.113s] -- Found Boost: /usr/lib/x86_64-linux-gnu/cmake/Boost-1.74.0/BoostConfig.cmake (found version "1.74.0") found components: system 
[1.162s] -- Configuring done
[1.167s] -- Generating done
[1.168s] -- Build files have been written to: /home/duck_sh/Mobile-Swarm-Navigation/build/hls_lfcd_lds_driver
[1.173s] Invoked command in '/home/duck_sh/Mobile-Swarm-Navigation/build/hls_lfcd_lds_driver' returned '0': CMAKE_PREFIX_PATH=${CMAKE_PREFIX_PATH}:/home/duck_sh/ros2_ws/install/my_py_pkg:/home/duck_sh/turtlebot3_manipulation-humble-devel/install/ros2_controllers_test_nodes:/opt/ros/humble /usr/bin/cmake /home/duck_sh/Mobile-Swarm-Navigation/src/utils/hls_lfcd_lds_driver -DCMAKE_INSTALL_PREFIX=/home/duck_sh/Mobile-Swarm-Navigation/install/hls_lfcd_lds_driver
[1.175s] Invoking command in '/home/duck_sh/Mobile-Swarm-Navigation/build/hls_lfcd_lds_driver': CMAKE_PREFIX_PATH=${CMAKE_PREFIX_PATH}:/home/duck_sh/ros2_ws/install/my_py_pkg:/home/duck_sh/turtlebot3_manipulation-humble-devel/install/ros2_controllers_test_nodes:/opt/ros/humble /usr/bin/cmake --build /home/duck_sh/Mobile-Swarm-Navigation/build/hls_lfcd_lds_driver -- -j32 -l32
[1.215s] [ 50%] [32mBuilding CXX object CMakeFiles/hlds_laser_publisher.dir/src/hlds_laser_publisher.cpp.o[0m
[6.178s] [100%] [32m[1mLinking CXX executable hlds_laser_publisher[0m
[6.390s] [100%] Built target hlds_laser_publisher
[6.405s] Invoked command in '/home/duck_sh/Mobile-Swarm-Navigation/build/hls_lfcd_lds_driver' returned '0': CMAKE_PREFIX_PATH=${CMAKE_PREFIX_PATH}:/home/duck_sh/ros2_ws/install/my_py_pkg:/home/duck_sh/turtlebot3_manipulation-humble-devel/install/ros2_controllers_test_nodes:/opt/ros/humble /usr/bin/cmake --build /home/duck_sh/Mobile-Swarm-Navigation/build/hls_lfcd_lds_driver -- -j32 -l32
[6.438s] Invoking command in '/home/duck_sh/Mobile-Swarm-Navigation/build/hls_lfcd_lds_driver': CMAKE_PREFIX_PATH=${CMAKE_PREFIX_PATH}:/home/duck_sh/ros2_ws/install/my_py_pkg:/home/duck_sh/turtlebot3_manipulation-humble-devel/install/ros2_controllers_test_nodes:/opt/ros/humble /usr/bin/cmake --install /home/duck_sh/Mobile-Swarm-Navigation/build/hls_lfcd_lds_driver
[6.446s] -- Install configuration: ""
[6.446s] -- Installing: /home/duck_sh/Mobile-Swarm-Navigation/install/hls_lfcd_lds_driver/share/hls_lfcd_lds_driver/launch
[6.446s] -- Installing: /home/duck_sh/Mobile-Swarm-Navigation/install/hls_lfcd_lds_driver/share/hls_lfcd_lds_driver/launch/view_hlds_laser.launch.py
[6.447s] -- Installing: /home/duck_sh/Mobile-Swarm-Navigation/install/hls_lfcd_lds_driver/share/hls_lfcd_lds_driver/launch/hlds_laser.launch.py
[6.447s] -- Installing: /home/duck_sh/Mobile-Swarm-Navigation/install/hls_lfcd_lds_driver/share/hls_lfcd_lds_driver/rviz
[6.447s] -- Installing: /home/duck_sh/Mobile-Swarm-Navigation/install/hls_lfcd_lds_driver/share/hls_lfcd_lds_driver/rviz/hlds_laser.rviz
[6.447s] -- Installing: /home/duck_sh/Mobile-Swarm-Navigation/install/hls_lfcd_lds_driver/lib/hls_lfcd_lds_driver/hlds_laser_publisher
[6.447s] -- Set runtime path of "/home/duck_sh/Mobile-Swarm-Navigation/install/hls_lfcd_lds_driver/lib/hls_lfcd_lds_driver/hlds_laser_publisher" to ""
[6.447s] -- Installing: /home/duck_sh/Mobile-Swarm-Navigation/install/hls_lfcd_lds_driver/share/ament_index/resource_index/package_run_dependencies/hls_lfcd_lds_driver
[6.448s] -- Installing: /home/duck_sh/Mobile-Swarm-Navigation/install/hls_lfcd_lds_driver/share/ament_index/resource_index/parent_prefix_path/hls_lfcd_lds_driver
[6.448s] -- Installing: /home/duck_sh/Mobile-Swarm-Navigation/install/hls_lfcd_lds_driver/share/hls_lfcd_lds_driver/environment/ament_prefix_path.sh
[6.448s] -- Installing: /home/duck_sh/Mobile-Swarm-Navigation/install/hls_lfcd_lds_driver/share/hls_lfcd_lds_driver/environment/ament_prefix_path.dsv
[6.448s] -- Installing: /home/duck_sh/Mobile-Swarm-Navigation/install/hls_lfcd_lds_driver/share/hls_lfcd_lds_driver/environment/path.sh
[6.448s] -- Installing: /home/duck_sh/Mobile-Swarm-Navigation/install/hls_lfcd_lds_driver/share/hls_lfcd_lds_driver/environment/path.dsv
[6.449s] -- Installing: /home/duck_sh/Mobile-Swarm-Navigation/install/hls_lfcd_lds_driver/share/hls_lfcd_lds_driver/local_setup.bash
[6.449s] -- Installing: /home/duck_sh/Mobile-Swarm-Navigation/install/hls_lfcd_lds_driver/share/hls_lfcd_lds_driver/local_setup.sh
[6.449s] -- Installing: /home/duck_sh/Mobile-Swarm-Navigation/install/hls_lfcd_lds_driver/share/hls_lfcd_lds_driver/local_setup.zsh
[6.449s] -- Installing: /home/duck_sh/Mobile-Swarm-Navigation/install/hls_lfcd_lds_driver/share/hls_lfcd_lds_driver/local_setup.dsv
[6.449s] -- Installing: /home/duck_sh/Mobile-Swarm-Navigation/install/hls_lfcd_lds_driver/share/hls_lfcd_lds_driver/package.dsv
[6.449s] -- Installing: /home/duck_sh/Mobile-Swarm-Navigation/install/hls_lfcd_lds_driver/share/ament_index/resource_index/packages/hls_lfcd_lds_driver
[6.449s] -- Installing: /home/duck_sh/Mobile-Swarm-Navigation/install/hls_lfcd_lds_driver/share/hls_lfcd_lds_driver/cmake/ament_cmake_export_dependencies-extras.cmake
[6.449s] -- Installing: /home/duck_sh/Mobile-Swarm-Navigation/install/hls_lfcd_lds_driver/share/hls_lfcd_lds_driver/cmake/ament_cmake_export_include_directories-extras.cmake
[6.449s] -- Installing: /home/duck_sh/Mobile-Swarm-Navigation/install/hls_lfcd_lds_driver/share/hls_lfcd_lds_driver/cmake/hls_lfcd_lds_driverConfig.cmake
[6.449s] -- Installing: /home/duck_sh/Mobile-Swarm-Navigation/install/hls_lfcd_lds_driver/share/hls_lfcd_lds_driver/cmake/hls_lfcd_lds_driverConfig-version.cmake
[6.449s] -- Installing: /home/duck_sh/Mobile-Swarm-Navigation/install/hls_lfcd_lds_driver/share/hls_lfcd_lds_driver/package.xml
[6.452s] Invoked command in '/home/duck_sh/Mobile-Swarm-Navigation/build/hls_lfcd_lds_driver' returned '0': CMAKE_PREFIX_PATH=${CMAKE_PREFIX_PATH}:/home/duck_sh/ros2_ws/install/my_py_pkg:/home/duck_sh/turtlebot3_manipulation-humble-devel/install/ros2_controllers_test_nodes:/opt/ros/humble /usr/bin/cmake --install /home/duck_sh/Mobile-Swarm-Navigation/build/hls_lfcd_lds_driver
