[0.837s] Invoking command in '/home/pacman/turtlebot3_ws/src/frame_changer': PYTHONPATH=/home/pacman/turtlebot3_ws/build/frame_changer/prefix_override:/home/pacman/.local/lib/python3.10/site-packages/colcon_core/task/python/colcon_distutils_commands:/home/pacman/turtlebot3_ws/install/frame_changer/lib/python3.10/site-packages:${PYTHONPATH} /usr/bin/python3 -W ignore:setup.py install is deprecated setup.py egg_info --egg-base ../../build/frame_changer build --build-base /home/pacman/turtlebot3_ws/build/frame_changer/build install --record /home/pacman/turtlebot3_ws/build/frame_changer/install.log --single-version-externally-managed install_data
[0.985s] running egg_info
[0.986s] writing ../../build/frame_changer/frame_changer.egg-info/PKG-INFO
[0.986s] writing dependency_links to ../../build/frame_changer/frame_changer.egg-info/dependency_links.txt
[0.986s] writing entry points to ../../build/frame_changer/frame_changer.egg-info/entry_points.txt
[0.986s] writing requirements to ../../build/frame_changer/frame_changer.egg-info/requires.txt
[0.987s] writing top-level names to ../../build/frame_changer/frame_changer.egg-info/top_level.txt
[0.987s] reading manifest file '../../build/frame_changer/frame_changer.egg-info/SOURCES.txt'
[0.988s] writing manifest file '../../build/frame_changer/frame_changer.egg-info/SOURCES.txt'
[0.988s] running build
[0.988s] running build_py
[0.988s] running install
[0.988s] running install_lib
[0.989s] running install_data
[0.989s] running install_egg_info
[0.990s] removing '/home/pacman/turtlebot3_ws/install/frame_changer/lib/python3.10/site-packages/frame_changer-0.0.0-py3.10.egg-info' (and everything under it)
[0.990s] Copying ../../build/frame_changer/frame_changer.egg-info to /home/pacman/turtlebot3_ws/install/frame_changer/lib/python3.10/site-packages/frame_changer-0.0.0-py3.10.egg-info
[0.991s] running install_scripts
[1.005s] Installing frame_changer script to /home/pacman/turtlebot3_ws/install/frame_changer/lib/frame_changer
[1.005s] writing list of installed files to '/home/pacman/turtlebot3_ws/build/frame_changer/install.log'
[1.113s] Invoked command in '/home/pacman/turtlebot3_ws/src/frame_changer' returned '0': PYTHONPATH=/home/pacman/turtlebot3_ws/build/frame_changer/prefix_override:/home/pacman/.local/lib/python3.10/site-packages/colcon_core/task/python/colcon_distutils_commands:/home/pacman/turtlebot3_ws/install/frame_changer/lib/python3.10/site-packages:${PYTHONPATH} /usr/bin/python3 -W ignore:setup.py install is deprecated setup.py egg_info --egg-base ../../build/frame_changer build --build-base /home/pacman/turtlebot3_ws/build/frame_changer/build install --record /home/pacman/turtlebot3_ws/build/frame_changer/install.log --single-version-externally-managed install_data
