[3.411s] Invoking command in '/home/pacman/turtlebot3_ws/src/turtlebot3/turtlebot3/turtlebot3_teleop': PYTHONPATH=/home/pacman/turtlebot3_ws/build/turtlebot3_teleop/prefix_override:/home/pacman/.local/lib/python3.10/site-packages/colcon_core/task/python/colcon_distutils_commands:/home/pacman/turtlebot3_ws/install/turtlebot3_teleop/lib/python3.10/site-packages:${PYTHONPATH} /usr/bin/python3 -W ignore:setup.py install is deprecated setup.py egg_info --egg-base ../../../../build/turtlebot3_teleop build --build-base /home/pacman/turtlebot3_ws/build/turtlebot3_teleop/build install --record /home/pacman/turtlebot3_ws/build/turtlebot3_teleop/install.log --single-version-externally-managed install_data
[4.546s] running egg_info
[4.546s] writing ../../../../build/turtlebot3_teleop/turtlebot3_teleop.egg-info/PKG-INFO
[4.546s] writing dependency_links to ../../../../build/turtlebot3_teleop/turtlebot3_teleop.egg-info/dependency_links.txt
[4.546s] writing entry points to ../../../../build/turtlebot3_teleop/turtlebot3_teleop.egg-info/entry_points.txt
[4.546s] writing requirements to ../../../../build/turtlebot3_teleop/turtlebot3_teleop.egg-info/requires.txt
[4.548s] writing top-level names to ../../../../build/turtlebot3_teleop/turtlebot3_teleop.egg-info/top_level.txt
[4.555s] reading manifest file '../../../../build/turtlebot3_teleop/turtlebot3_teleop.egg-info/SOURCES.txt'
[4.559s] writing manifest file '../../../../build/turtlebot3_teleop/turtlebot3_teleop.egg-info/SOURCES.txt'
[4.560s] running build
[4.561s] running build_py
[4.564s] running install
[4.566s] running install_lib
[4.572s] running install_data
[4.576s] running install_egg_info
[4.582s] removing '/home/pacman/turtlebot3_ws/install/turtlebot3_teleop/lib/python3.10/site-packages/turtlebot3_teleop-2.1.5-py3.10.egg-info' (and everything under it)
[4.588s] Copying ../../../../build/turtlebot3_teleop/turtlebot3_teleop.egg-info to /home/pacman/turtlebot3_ws/install/turtlebot3_teleop/lib/python3.10/site-packages/turtlebot3_teleop-2.1.5-py3.10.egg-info
[4.590s] running install_scripts
[4.704s] Installing teleop_keyboard script to /home/pacman/turtlebot3_ws/install/turtlebot3_teleop/lib/turtlebot3_teleop
[4.705s] writing list of installed files to '/home/pacman/turtlebot3_ws/build/turtlebot3_teleop/install.log'
[5.156s] Invoked command in '/home/pacman/turtlebot3_ws/src/turtlebot3/turtlebot3/turtlebot3_teleop' returned '0': PYTHONPATH=/home/pacman/turtlebot3_ws/build/turtlebot3_teleop/prefix_override:/home/pacman/.local/lib/python3.10/site-packages/colcon_core/task/python/colcon_distutils_commands:/home/pacman/turtlebot3_ws/install/turtlebot3_teleop/lib/python3.10/site-packages:${PYTHONPATH} /usr/bin/python3 -W ignore:setup.py install is deprecated setup.py egg_info --egg-base ../../../../build/turtlebot3_teleop build --build-base /home/pacman/turtlebot3_ws/build/turtlebot3_teleop/build install --record /home/pacman/turtlebot3_ws/build/turtlebot3_teleop/install.log --single-version-externally-managed install_data
