running egg_info
writing ../../build/frame_changer/frame_changer.egg-info/PKG-INFO
writing dependency_links to ../../build/frame_changer/frame_changer.egg-info/dependency_links.txt
writing entry points to ../../build/frame_changer/frame_changer.egg-info/entry_points.txt
writing requirements to ../../build/frame_changer/frame_changer.egg-info/requires.txt
writing top-level names to ../../build/frame_changer/frame_changer.egg-info/top_level.txt
reading manifest file '../../build/frame_changer/frame_changer.egg-info/SOURCES.txt'
writing manifest file '../../build/frame_changer/frame_changer.egg-info/SOURCES.txt'
running build
running build_py
copying frame_changer/frame_change.py -> /home/pacman/turtlebot3_ws/build/frame_changer/build/lib/frame_changer
running install
running install_lib
copying /home/pacman/turtlebot3_ws/build/frame_changer/build/lib/frame_changer/frame_change.py -> /home/pacman/turtlebot3_ws/install/frame_changer/lib/python3.10/site-packages/frame_changer
byte-compiling /home/pacman/turtlebot3_ws/install/frame_changer/lib/python3.10/site-packages/frame_changer/frame_change.py to frame_change.cpython-310.pyc
running install_data
running install_egg_info
removing '/home/pacman/turtlebot3_ws/install/frame_changer/lib/python3.10/site-packages/frame_changer-0.0.0-py3.10.egg-info' (and everything under it)
Copying ../../build/frame_changer/frame_changer.egg-info to /home/pacman/turtlebot3_ws/install/frame_changer/lib/python3.10/site-packages/frame_changer-0.0.0-py3.10.egg-info
running install_scripts
Installing frame_changer script to /home/pacman/turtlebot3_ws/install/frame_changer/lib/frame_changer
writing list of installed files to '/home/pacman/turtlebot3_ws/build/frame_changer/install.log'
