[0.648s] Invoking command in '/home/pacman/turtlebot3_ws/build/auto_explore': CMAKE_PREFIX_PATH=/home/pacman/turtlebot3_ws/install/turtlebot3_navigation2:/home/pacman/turtlebot3_ws/install/turtlebot3_xacro:/home/pacman/turtlebot3_ws/install/turtlebot3:/home/pacman/turtlebot3_ws/install/turtlebot3_simulations:/home/pacman/turtlebot3_ws/install/turtlebot3_bringup:/home/pacman/turtlebot3_ws/install/turtlebot3_node:/home/pacman/turtlebot3_ws/install/turtlebot3_multi_robot:/home/pacman/turtlebot3_ws/install/auto_explore:/home/pacman/turtlebot3_ws/install/turtlebot3_fake_node:/home/pacman/turtlebot3_ws/install/turtlebot3_msgs:/home/pacman/turtlebot3_ws/install/turtlebot3_manipulation:/home/pacman/turtlebot3_ws/install/turtlebot3_gazebo:/home/pacman/turtlebot3_ws/install/turtlebot3_description:/home/pacman/turtlebot3_ws/install/turtlebot3_cartographer:/home/pacman/turtlebot3_ws/install/explore_lite:/home/pacman/turtlebot3_ws/install/explore:/home/pacman/turtlebot3_ws/install/my_world:/home/pacman/turtlebot3_ws/install/map_merge:/home/pacman/turtlebot3_ws/install/hls_lfcd_lds_driver:/home/pacman/turtlebot3_ws/install/dynamixel_sdk_examples:/home/pacman/turtlebot3_ws/install/dynamixel_sdk_custom_interfaces:/home/pacman/turtlebot3_ws/install/dynamixel_sdk:/home/pacman/turtlebot3_ws/install/aws_robomaker_small_warehouse_world:/home/pacman/turtlebot3_ws/install/aws_robomaker_hospital_world:/home/pacman/slam_gmapping_ws/install/slam_gmapping:/home/pacman/slam_gmapping_ws/install/openslam_gmapping:/home/pacman/turtlebot3_ws/install/turtlebot3_teleop:/home/pacman/turtlebot3_ws/install/turtlebot3_example:/home/pacman/turtlebot3_ws/install/semantic_mapper:/home/pacman/turtlebot3_ws/install/scheduler:/home/pacman/turtlebot3_ws/install/interpreter:/home/pacman/turtlebot3_ws/install/frame_changer:/home/pacman/turtlebot3_ws/install/dbms:/opt/ros/humble /usr/bin/cmake --build /home/pacman/turtlebot3_ws/build/auto_explore -- -j12 -l12
[0.801s] Invoked command in '/home/pacman/turtlebot3_ws/build/auto_explore' returned '0': CMAKE_PREFIX_PATH=/home/pacman/turtlebot3_ws/install/turtlebot3_navigation2:/home/pacman/turtlebot3_ws/install/turtlebot3_xacro:/home/pacman/turtlebot3_ws/install/turtlebot3:/home/pacman/turtlebot3_ws/install/turtlebot3_simulations:/home/pacman/turtlebot3_ws/install/turtlebot3_bringup:/home/pacman/turtlebot3_ws/install/turtlebot3_node:/home/pacman/turtlebot3_ws/install/turtlebot3_multi_robot:/home/pacman/turtlebot3_ws/install/auto_explore:/home/pacman/turtlebot3_ws/install/turtlebot3_fake_node:/home/pacman/turtlebot3_ws/install/turtlebot3_msgs:/home/pacman/turtlebot3_ws/install/turtlebot3_manipulation:/home/pacman/turtlebot3_ws/install/turtlebot3_gazebo:/home/pacman/turtlebot3_ws/install/turtlebot3_description:/home/pacman/turtlebot3_ws/install/turtlebot3_cartographer:/home/pacman/turtlebot3_ws/install/explore_lite:/home/pacman/turtlebot3_ws/install/explore:/home/pacman/turtlebot3_ws/install/my_world:/home/pacman/turtlebot3_ws/install/map_merge:/home/pacman/turtlebot3_ws/install/hls_lfcd_lds_driver:/home/pacman/turtlebot3_ws/install/dynamixel_sdk_examples:/home/pacman/turtlebot3_ws/install/dynamixel_sdk_custom_interfaces:/home/pacman/turtlebot3_ws/install/dynamixel_sdk:/home/pacman/turtlebot3_ws/install/aws_robomaker_small_warehouse_world:/home/pacman/turtlebot3_ws/install/aws_robomaker_hospital_world:/home/pacman/slam_gmapping_ws/install/slam_gmapping:/home/pacman/slam_gmapping_ws/install/openslam_gmapping:/home/pacman/turtlebot3_ws/install/turtlebot3_teleop:/home/pacman/turtlebot3_ws/install/turtlebot3_example:/home/pacman/turtlebot3_ws/install/semantic_mapper:/home/pacman/turtlebot3_ws/install/scheduler:/home/pacman/turtlebot3_ws/install/interpreter:/home/pacman/turtlebot3_ws/install/frame_changer:/home/pacman/turtlebot3_ws/install/dbms:/opt/ros/humble /usr/bin/cmake --build /home/pacman/turtlebot3_ws/build/auto_explore -- -j12 -l12
[0.997s] Invoking command in '/home/pacman/turtlebot3_ws/build/auto_explore': CMAKE_PREFIX_PATH=/home/pacman/turtlebot3_ws/install/turtlebot3_navigation2:/home/pacman/turtlebot3_ws/install/turtlebot3_xacro:/home/pacman/turtlebot3_ws/install/turtlebot3:/home/pacman/turtlebot3_ws/install/turtlebot3_simulations:/home/pacman/turtlebot3_ws/install/turtlebot3_bringup:/home/pacman/turtlebot3_ws/install/turtlebot3_node:/home/pacman/turtlebot3_ws/install/turtlebot3_multi_robot:/home/pacman/turtlebot3_ws/install/auto_explore:/home/pacman/turtlebot3_ws/install/turtlebot3_fake_node:/home/pacman/turtlebot3_ws/install/turtlebot3_msgs:/home/pacman/turtlebot3_ws/install/turtlebot3_manipulation:/home/pacman/turtlebot3_ws/install/turtlebot3_gazebo:/home/pacman/turtlebot3_ws/install/turtlebot3_description:/home/pacman/turtlebot3_ws/install/turtlebot3_cartographer:/home/pacman/turtlebot3_ws/install/explore_lite:/home/pacman/turtlebot3_ws/install/explore:/home/pacman/turtlebot3_ws/install/my_world:/home/pacman/turtlebot3_ws/install/map_merge:/home/pacman/turtlebot3_ws/install/hls_lfcd_lds_driver:/home/pacman/turtlebot3_ws/install/dynamixel_sdk_examples:/home/pacman/turtlebot3_ws/install/dynamixel_sdk_custom_interfaces:/home/pacman/turtlebot3_ws/install/dynamixel_sdk:/home/pacman/turtlebot3_ws/install/aws_robomaker_small_warehouse_world:/home/pacman/turtlebot3_ws/install/aws_robomaker_hospital_world:/home/pacman/slam_gmapping_ws/install/slam_gmapping:/home/pacman/slam_gmapping_ws/install/openslam_gmapping:/home/pacman/turtlebot3_ws/install/turtlebot3_teleop:/home/pacman/turtlebot3_ws/install/turtlebot3_example:/home/pacman/turtlebot3_ws/install/semantic_mapper:/home/pacman/turtlebot3_ws/install/scheduler:/home/pacman/turtlebot3_ws/install/interpreter:/home/pacman/turtlebot3_ws/install/frame_changer:/home/pacman/turtlebot3_ws/install/dbms:/opt/ros/humble /usr/bin/cmake --install /home/pacman/turtlebot3_ws/build/auto_explore
[1.057s] -- Install configuration: ""
[1.057s] -- Up-to-date: /home/pacman/turtlebot3_ws/install/auto_explore/share/auto_explore//launch
[1.057s] -- Up-to-date: /home/pacman/turtlebot3_ws/install/auto_explore/share/auto_explore//launch/bringup
[1.057s] -- Up-to-date: /home/pacman/turtlebot3_ws/install/auto_explore/share/auto_explore//launch/bringup/navigation_launch.py
[1.057s] -- Up-to-date: /home/pacman/turtlebot3_ws/install/auto_explore/share/auto_explore//launch/bringup/localization_launch.py
[1.057s] -- Up-to-date: /home/pacman/turtlebot3_ws/install/auto_explore/share/auto_explore//launch/bringup/rviz_launch.py
[1.057s] -- Up-to-date: /home/pacman/turtlebot3_ws/install/auto_explore/share/auto_explore//launch/bringup/bringup_launch.py
[1.057s] -- Up-to-date: /home/pacman/turtlebot3_ws/install/auto_explore/share/auto_explore//launch/bringup/slam_launch.py
[1.057s] -- Up-to-date: /home/pacman/turtlebot3_ws/install/auto_explore/share/auto_explore//launch/__pycache__
[1.057s] -- Up-to-date: /home/pacman/turtlebot3_ws/install/auto_explore/share/auto_explore//launch/__pycache__/auto_map.launch.cpython-310.pyc
[1.057s] -- Up-to-date: /home/pacman/turtlebot3_ws/install/auto_explore/share/auto_explore//launch/auto_map.launch.py
[1.057s] -- Up-to-date: /home/pacman/turtlebot3_ws/install/auto_explore/share/auto_explore//maps
[1.057s] -- Up-to-date: /home/pacman/turtlebot3_ws/install/auto_explore/share/auto_explore//maps/map.yaml
[1.057s] -- Up-to-date: /home/pacman/turtlebot3_ws/install/auto_explore/share/auto_explore//maps/map.pgm
[1.057s] -- Up-to-date: /home/pacman/turtlebot3_ws/install/auto_explore/share/auto_explore//models
[1.057s] -- Up-to-date: /home/pacman/turtlebot3_ws/install/auto_explore/share/auto_explore//models/turtlebot3_waffle
[1.057s] -- Up-to-date: /home/pacman/turtlebot3_ws/install/auto_explore/share/auto_explore//models/turtlebot3_waffle/model.sdf
[1.057s] -- Up-to-date: /home/pacman/turtlebot3_ws/install/auto_explore/share/auto_explore//models/turtlebot3_waffle/model.config
[1.057s] -- Up-to-date: /home/pacman/turtlebot3_ws/install/auto_explore/share/auto_explore//models/turtlebot3_waffle/meshes
[1.057s] -- Up-to-date: /home/pacman/turtlebot3_ws/install/auto_explore/share/auto_explore//models/turtlebot3_waffle/meshes/waffle_base.dae
[1.057s] -- Up-to-date: /home/pacman/turtlebot3_ws/install/auto_explore/share/auto_explore//models/turtlebot3_waffle/meshes/lds.dae
[1.058s] -- Up-to-date: /home/pacman/turtlebot3_ws/install/auto_explore/share/auto_explore//models/turtlebot3_waffle/meshes/tire.dae
[1.058s] -- Up-to-date: /home/pacman/turtlebot3_ws/install/auto_explore/share/auto_explore//models/turtlebot3_waffle/meshes/r200.dae
[1.058s] -- Up-to-date: /home/pacman/turtlebot3_ws/install/auto_explore/share/auto_explore//models/turtlebot3_waffle/model_nocamera.sdf
[1.058s] -- Up-to-date: /home/pacman/turtlebot3_ws/install/auto_explore/share/auto_explore//models/turtlebot3_waffle/model-1_4.sdf
[1.058s] -- Up-to-date: /home/pacman/turtlebot3_ws/install/auto_explore/share/auto_explore//models/turtlebot3_common
[1.058s] -- Up-to-date: /home/pacman/turtlebot3_ws/install/auto_explore/share/auto_explore//models/turtlebot3_common/model.config
[1.058s] -- Up-to-date: /home/pacman/turtlebot3_ws/install/auto_explore/share/auto_explore//models/turtlebot3_common/meshes
[1.058s] -- Up-to-date: /home/pacman/turtlebot3_ws/install/auto_explore/share/auto_explore//models/turtlebot3_common/meshes/burger_base.dae
[1.058s] -- Up-to-date: /home/pacman/turtlebot3_ws/install/auto_explore/share/auto_explore//models/turtlebot3_common/meshes/waffle_pi_base.dae
[1.058s] -- Up-to-date: /home/pacman/turtlebot3_ws/install/auto_explore/share/auto_explore//models/turtlebot3_common/meshes/waffle_base.dae
[1.058s] -- Up-to-date: /home/pacman/turtlebot3_ws/install/auto_explore/share/auto_explore//models/turtlebot3_common/meshes/lds.dae
[1.058s] -- Up-to-date: /home/pacman/turtlebot3_ws/install/auto_explore/share/auto_explore//models/turtlebot3_common/meshes/tire.dae
[1.058s] -- Up-to-date: /home/pacman/turtlebot3_ws/install/auto_explore/share/auto_explore//models/turtlebot3_common/meshes/r200.dae
[1.058s] -- Up-to-date: /home/pacman/turtlebot3_ws/install/auto_explore/share/auto_explore//models/turtlebot3_waffle_pi
[1.058s] -- Up-to-date: /home/pacman/turtlebot3_ws/install/auto_explore/share/auto_explore//models/turtlebot3_waffle_pi/model.sdf
[1.058s] -- Up-to-date: /home/pacman/turtlebot3_ws/install/auto_explore/share/auto_explore//models/turtlebot3_waffle_pi/model.config
[1.058s] -- Up-to-date: /home/pacman/turtlebot3_ws/install/auto_explore/share/auto_explore//models/turtlebot3_waffle_pi/model-1_4_.sdf
[1.058s] -- Up-to-date: /home/pacman/turtlebot3_ws/install/auto_explore/share/auto_explore//params
[1.058s] -- Up-to-date: /home/pacman/turtlebot3_ws/install/auto_explore/share/auto_explore//params/nav2_params.yaml
[1.058s] -- Up-to-date: /home/pacman/turtlebot3_ws/install/auto_explore/share/auto_explore//rviz
[1.058s] -- Up-to-date: /home/pacman/turtlebot3_ws/install/auto_explore/share/auto_explore//rviz/rviz_config.rviz
[1.059s] -- Up-to-date: /home/pacman/turtlebot3_ws/install/auto_explore/share/auto_explore//rviz/nav2_default_view.rviz
[1.059s] -- Up-to-date: /home/pacman/turtlebot3_ws/install/auto_explore/share/auto_explore//urdf
[1.059s] -- Up-to-date: /home/pacman/turtlebot3_ws/install/auto_explore/share/auto_explore//urdf/turtlebot3_burger.urdf
[1.059s] -- Up-to-date: /home/pacman/turtlebot3_ws/install/auto_explore/share/auto_explore//urdf/turtlebot3_waffle.urdf
[1.059s] -- Up-to-date: /home/pacman/turtlebot3_ws/install/auto_explore/share/auto_explore//urdf/turtlebot3_waffle_pi.urdf
[1.059s] -- Up-to-date: /home/pacman/turtlebot3_ws/install/auto_explore/share/auto_explore//worlds
[1.059s] -- Up-to-date: /home/pacman/turtlebot3_ws/install/auto_explore/share/auto_explore//worlds/hospital.world
[1.059s] -- Up-to-date: /home/pacman/turtlebot3_ws/install/auto_explore/share/auto_explore//worlds/turtlebot.world
[1.059s] -- Up-to-date: /home/pacman/turtlebot3_ws/install/auto_explore/share/ament_index/resource_index/package_run_dependencies/auto_explore
[1.059s] -- Up-to-date: /home/pacman/turtlebot3_ws/install/auto_explore/share/ament_index/resource_index/parent_prefix_path/auto_explore
[1.059s] -- Up-to-date: /home/pacman/turtlebot3_ws/install/auto_explore/share/auto_explore/environment/ament_prefix_path.sh
[1.059s] -- Up-to-date: /home/pacman/turtlebot3_ws/install/auto_explore/share/auto_explore/environment/ament_prefix_path.dsv
[1.059s] -- Up-to-date: /home/pacman/turtlebot3_ws/install/auto_explore/share/auto_explore/environment/path.sh
[1.059s] -- Up-to-date: /home/pacman/turtlebot3_ws/install/auto_explore/share/auto_explore/environment/path.dsv
[1.059s] -- Up-to-date: /home/pacman/turtlebot3_ws/install/auto_explore/share/auto_explore/local_setup.bash
[1.059s] -- Up-to-date: /home/pacman/turtlebot3_ws/install/auto_explore/share/auto_explore/local_setup.sh
[1.059s] -- Up-to-date: /home/pacman/turtlebot3_ws/install/auto_explore/share/auto_explore/local_setup.zsh
[1.059s] -- Up-to-date: /home/pacman/turtlebot3_ws/install/auto_explore/share/auto_explore/local_setup.dsv
[1.059s] -- Installing: /home/pacman/turtlebot3_ws/install/auto_explore/share/auto_explore/package.dsv
[1.059s] -- Up-to-date: /home/pacman/turtlebot3_ws/install/auto_explore/share/ament_index/resource_index/packages/auto_explore
[1.059s] -- Up-to-date: /home/pacman/turtlebot3_ws/install/auto_explore/share/auto_explore/cmake/auto_exploreConfig.cmake
[1.059s] -- Up-to-date: /home/pacman/turtlebot3_ws/install/auto_explore/share/auto_explore/cmake/auto_exploreConfig-version.cmake
[1.059s] -- Up-to-date: /home/pacman/turtlebot3_ws/install/auto_explore/share/auto_explore/package.xml
[1.179s] Invoked command in '/home/pacman/turtlebot3_ws/build/auto_explore' returned '0': CMAKE_PREFIX_PATH=/home/pacman/turtlebot3_ws/install/turtlebot3_navigation2:/home/pacman/turtlebot3_ws/install/turtlebot3_xacro:/home/pacman/turtlebot3_ws/install/turtlebot3:/home/pacman/turtlebot3_ws/install/turtlebot3_simulations:/home/pacman/turtlebot3_ws/install/turtlebot3_bringup:/home/pacman/turtlebot3_ws/install/turtlebot3_node:/home/pacman/turtlebot3_ws/install/turtlebot3_multi_robot:/home/pacman/turtlebot3_ws/install/auto_explore:/home/pacman/turtlebot3_ws/install/turtlebot3_fake_node:/home/pacman/turtlebot3_ws/install/turtlebot3_msgs:/home/pacman/turtlebot3_ws/install/turtlebot3_manipulation:/home/pacman/turtlebot3_ws/install/turtlebot3_gazebo:/home/pacman/turtlebot3_ws/install/turtlebot3_description:/home/pacman/turtlebot3_ws/install/turtlebot3_cartographer:/home/pacman/turtlebot3_ws/install/explore_lite:/home/pacman/turtlebot3_ws/install/explore:/home/pacman/turtlebot3_ws/install/my_world:/home/pacman/turtlebot3_ws/install/map_merge:/home/pacman/turtlebot3_ws/install/hls_lfcd_lds_driver:/home/pacman/turtlebot3_ws/install/dynamixel_sdk_examples:/home/pacman/turtlebot3_ws/install/dynamixel_sdk_custom_interfaces:/home/pacman/turtlebot3_ws/install/dynamixel_sdk:/home/pacman/turtlebot3_ws/install/aws_robomaker_small_warehouse_world:/home/pacman/turtlebot3_ws/install/aws_robomaker_hospital_world:/home/pacman/slam_gmapping_ws/install/slam_gmapping:/home/pacman/slam_gmapping_ws/install/openslam_gmapping:/home/pacman/turtlebot3_ws/install/turtlebot3_teleop:/home/pacman/turtlebot3_ws/install/turtlebot3_example:/home/pacman/turtlebot3_ws/install/semantic_mapper:/home/pacman/turtlebot3_ws/install/scheduler:/home/pacman/turtlebot3_ws/install/interpreter:/home/pacman/turtlebot3_ws/install/frame_changer:/home/pacman/turtlebot3_ws/install/dbms:/opt/ros/humble /usr/bin/cmake --install /home/pacman/turtlebot3_ws/build/auto_explore
