[0.187s] Invoking command in '/home/duck_sh/Mobile-Swarm-Navigation/build/turtlebot3_xacro': CMAKE_PREFIX_PATH=${CMAKE_PREFIX_PATH}:/home/duck_sh/ros2_ws/install/my_py_pkg:/home/duck_sh/turtlebot3_manipulation-humble-devel/install/ros2_controllers_test_nodes:/opt/ros/humble /usr/bin/cmake --build /home/duck_sh/Mobile-Swarm-Navigation/build/turtlebot3_xacro -- -j32 -l32
[0.239s] Invoked command in '/home/duck_sh/Mobile-Swarm-Navigation/build/turtlebot3_xacro' returned '0': CMAKE_PREFIX_PATH=${CMAKE_PREFIX_PATH}:/home/duck_sh/ros2_ws/install/my_py_pkg:/home/duck_sh/turtlebot3_manipulation-humble-devel/install/ros2_controllers_test_nodes:/opt/ros/humble /usr/bin/cmake --build /home/duck_sh/Mobile-Swarm-Navigation/build/turtlebot3_xacro -- -j32 -l32
[0.283s] Invoking command in '/home/duck_sh/Mobile-Swarm-Navigation/build/turtlebot3_xacro': CMAKE_PREFIX_PATH=${CMAKE_PREFIX_PATH}:/home/duck_sh/ros2_ws/install/my_py_pkg:/home/duck_sh/turtlebot3_manipulation-humble-devel/install/ros2_controllers_test_nodes:/opt/ros/humble /usr/bin/cmake --install /home/duck_sh/Mobile-Swarm-Navigation/build/turtlebot3_xacro
[0.291s] -- Install configuration: ""
[0.291s] -- Up-to-date: /home/duck_sh/Mobile-Swarm-Navigation/install/turtlebot3_xacro/share/turtlebot3_xacro/launch
[0.291s] -- Up-to-date: /home/duck_sh/Mobile-Swarm-Navigation/install/turtlebot3_xacro/share/turtlebot3_xacro/launch/cam_launch.py
[0.291s] -- Up-to-date: /home/duck_sh/Mobile-Swarm-Navigation/install/turtlebot3_xacro/share/turtlebot3_xacro/launch/Twist.yaml
[0.291s] -- Up-to-date: /home/duck_sh/Mobile-Swarm-Navigation/install/turtlebot3_xacro/share/turtlebot3_xacro/launch/rviz_launch.py
[0.291s] -- Up-to-date: /home/duck_sh/Mobile-Swarm-Navigation/install/turtlebot3_xacro/share/turtlebot3_xacro/launch/upload_launch.py
[0.291s] -- Up-to-date: /home/duck_sh/Mobile-Swarm-Navigation/install/turtlebot3_xacro/share/turtlebot3_xacro/launch/world_launch.py
[0.291s] -- Up-to-date: /home/duck_sh/Mobile-Swarm-Navigation/install/turtlebot3_xacro/share/turtlebot3_xacro/launch/bringup_launch.py
[0.291s] -- Up-to-date: /home/duck_sh/Mobile-Swarm-Navigation/install/turtlebot3_xacro/share/turtlebot3_xacro/launch/manual_launch.py
[0.292s] -- Up-to-date: /home/duck_sh/Mobile-Swarm-Navigation/install/turtlebot3_xacro/share/turtlebot3_xacro/launch/description_launch.py
[0.292s] -- Up-to-date: /home/duck_sh/Mobile-Swarm-Navigation/install/turtlebot3_xacro/share/turtlebot3_xacro/config
[0.292s] -- Up-to-date: /home/duck_sh/Mobile-Swarm-Navigation/install/turtlebot3_xacro/share/turtlebot3_xacro/config/pi_camera.yaml
[0.292s] -- Up-to-date: /home/duck_sh/Mobile-Swarm-Navigation/install/turtlebot3_xacro/share/turtlebot3_xacro/config/ekf.yaml
[0.292s] -- Up-to-date: /home/duck_sh/Mobile-Swarm-Navigation/install/turtlebot3_xacro/share/turtlebot3_xacro/config/model.rviz
[0.292s] -- Up-to-date: /home/duck_sh/Mobile-Swarm-Navigation/install/turtlebot3_xacro/share/turtlebot3_xacro/meshes
[0.292s] -- Up-to-date: /home/duck_sh/Mobile-Swarm-Navigation/install/turtlebot3_xacro/share/turtlebot3_xacro/meshes/sensors
[0.292s] -- Up-to-date: /home/duck_sh/Mobile-Swarm-Navigation/install/turtlebot3_xacro/share/turtlebot3_xacro/meshes/sensors/astra.jpg
[0.292s] -- Up-to-date: /home/duck_sh/Mobile-Swarm-Navigation/install/turtlebot3_xacro/share/turtlebot3_xacro/meshes/sensors/r200.jpg
[0.292s] -- Up-to-date: /home/duck_sh/Mobile-Swarm-Navigation/install/turtlebot3_xacro/share/turtlebot3_xacro/meshes/sensors/astra.dae
[0.292s] -- Up-to-date: /home/duck_sh/Mobile-Swarm-Navigation/install/turtlebot3_xacro/share/turtlebot3_xacro/meshes/sensors/r200.dae
[0.292s] -- Up-to-date: /home/duck_sh/Mobile-Swarm-Navigation/install/turtlebot3_xacro/share/turtlebot3_xacro/meshes/sensors/lds.stl
[0.292s] -- Up-to-date: /home/duck_sh/Mobile-Swarm-Navigation/install/turtlebot3_xacro/share/turtlebot3_xacro/meshes/wheels
[0.292s] -- Up-to-date: /home/duck_sh/Mobile-Swarm-Navigation/install/turtlebot3_xacro/share/turtlebot3_xacro/meshes/wheels/right_tire.stl
[0.292s] -- Up-to-date: /home/duck_sh/Mobile-Swarm-Navigation/install/turtlebot3_xacro/share/turtlebot3_xacro/meshes/wheels/left_tire.stl
[0.292s] -- Up-to-date: /home/duck_sh/Mobile-Swarm-Navigation/install/turtlebot3_xacro/share/turtlebot3_xacro/meshes/bases
[0.292s] -- Up-to-date: /home/duck_sh/Mobile-Swarm-Navigation/install/turtlebot3_xacro/share/turtlebot3_xacro/meshes/bases/waffle_pi_base.stl
[0.292s] -- Up-to-date: /home/duck_sh/Mobile-Swarm-Navigation/install/turtlebot3_xacro/share/turtlebot3_xacro/meshes/bases/waffle_base.stl
[0.292s] -- Up-to-date: /home/duck_sh/Mobile-Swarm-Navigation/install/turtlebot3_xacro/share/turtlebot3_xacro/meshes/bases/burger_base.stl
[0.292s] -- Up-to-date: /home/duck_sh/Mobile-Swarm-Navigation/install/turtlebot3_xacro/share/turtlebot3_xacro/urdf
[0.293s] -- Up-to-date: /home/duck_sh/Mobile-Swarm-Navigation/install/turtlebot3_xacro/share/turtlebot3_xacro/urdf/turtlebot3_waffle_pi.urdf.xacro
[0.293s] -- Up-to-date: /home/duck_sh/Mobile-Swarm-Navigation/install/turtlebot3_xacro/share/turtlebot3_xacro/urdf/turtlebot3_burger.urdf.xacro
[0.293s] -- Up-to-date: /home/duck_sh/Mobile-Swarm-Navigation/install/turtlebot3_xacro/share/turtlebot3_xacro/urdf/common_properties.urdf
[0.293s] -- Up-to-date: /home/duck_sh/Mobile-Swarm-Navigation/install/turtlebot3_xacro/share/turtlebot3_xacro/urdf/turtlebot3_gazebo.xacro
[0.293s] -- Up-to-date: /home/duck_sh/Mobile-Swarm-Navigation/install/turtlebot3_xacro/share/turtlebot3_xacro/urdf/turtlebot3_gazebo_orig.xacro
[0.293s] -- Up-to-date: /home/duck_sh/Mobile-Swarm-Navigation/install/turtlebot3_xacro/share/turtlebot3_xacro/urdf/turtlebot3_world.sdf
[0.293s] -- Up-to-date: /home/duck_sh/Mobile-Swarm-Navigation/install/turtlebot3_xacro/share/turtlebot3_xacro/urdf/common_properties.xacro
[0.293s] -- Up-to-date: /home/duck_sh/Mobile-Swarm-Navigation/install/turtlebot3_xacro/share/ament_index/resource_index/package_run_dependencies/turtlebot3_xacro
[0.293s] -- Up-to-date: /home/duck_sh/Mobile-Swarm-Navigation/install/turtlebot3_xacro/share/ament_index/resource_index/parent_prefix_path/turtlebot3_xacro
[0.294s] -- Up-to-date: /home/duck_sh/Mobile-Swarm-Navigation/install/turtlebot3_xacro/share/turtlebot3_xacro/environment/ament_prefix_path.sh
[0.294s] -- Up-to-date: /home/duck_sh/Mobile-Swarm-Navigation/install/turtlebot3_xacro/share/turtlebot3_xacro/environment/ament_prefix_path.dsv
[0.294s] -- Up-to-date: /home/duck_sh/Mobile-Swarm-Navigation/install/turtlebot3_xacro/share/turtlebot3_xacro/environment/path.sh
[0.294s] -- Up-to-date: /home/duck_sh/Mobile-Swarm-Navigation/install/turtlebot3_xacro/share/turtlebot3_xacro/environment/path.dsv
[0.294s] -- Up-to-date: /home/duck_sh/Mobile-Swarm-Navigation/install/turtlebot3_xacro/share/turtlebot3_xacro/local_setup.bash
[0.294s] -- Up-to-date: /home/duck_sh/Mobile-Swarm-Navigation/install/turtlebot3_xacro/share/turtlebot3_xacro/local_setup.sh
[0.294s] -- Up-to-date: /home/duck_sh/Mobile-Swarm-Navigation/install/turtlebot3_xacro/share/turtlebot3_xacro/local_setup.zsh
[0.294s] -- Up-to-date: /home/duck_sh/Mobile-Swarm-Navigation/install/turtlebot3_xacro/share/turtlebot3_xacro/local_setup.dsv
[0.294s] -- Up-to-date: /home/duck_sh/Mobile-Swarm-Navigation/install/turtlebot3_xacro/share/turtlebot3_xacro/package.dsv
[0.294s] -- Up-to-date: /home/duck_sh/Mobile-Swarm-Navigation/install/turtlebot3_xacro/share/ament_index/resource_index/packages/turtlebot3_xacro
[0.295s] -- Up-to-date: /home/duck_sh/Mobile-Swarm-Navigation/install/turtlebot3_xacro/share/turtlebot3_xacro/cmake/turtlebot3_xacroConfig.cmake
[0.295s] -- Up-to-date: /home/duck_sh/Mobile-Swarm-Navigation/install/turtlebot3_xacro/share/turtlebot3_xacro/cmake/turtlebot3_xacroConfig-version.cmake
[0.295s] -- Up-to-date: /home/duck_sh/Mobile-Swarm-Navigation/install/turtlebot3_xacro/share/turtlebot3_xacro/package.xml
[0.307s] Invoked command in '/home/duck_sh/Mobile-Swarm-Navigation/build/turtlebot3_xacro' returned '0': CMAKE_PREFIX_PATH=${CMAKE_PREFIX_PATH}:/home/duck_sh/ros2_ws/install/my_py_pkg:/home/duck_sh/turtlebot3_manipulation-humble-devel/install/ros2_controllers_test_nodes:/opt/ros/humble /usr/bin/cmake --install /home/duck_sh/Mobile-Swarm-Navigation/build/turtlebot3_xacro
