[0.156s] Invoking command in '/home/duck_sh/Mobile-Swarm-Navigation/build/turtlebot3_manipulation': CMAKE_PREFIX_PATH=${CMAKE_PREFIX_PATH}:/home/duck_sh/ros2_ws/install/my_py_pkg:/home/duck_sh/turtlebot3_manipulation-humble-devel/install/ros2_controllers_test_nodes:/opt/ros/humble /usr/bin/cmake /home/duck_sh/Mobile-Swarm-Navigation/src/turtlebot3_manipulation -DCMAKE_INSTALL_PREFIX=/home/duck_sh/Mobile-Swarm-Navigation/install/turtlebot3_manipulation
[0.198s] -- The C compiler identification is GNU 11.4.0
[0.245s] -- The CXX compiler identification is GNU 11.4.0
[0.250s] -- Detecting C compiler ABI info
[0.307s] -- Detecting C compiler ABI info - done
[0.312s] -- Check for working C compiler: /usr/bin/cc - skipped
[0.313s] -- Detecting C compile features
[0.313s] -- Detecting C compile features - done
[0.315s] -- Detecting CXX compiler ABI info
[0.371s] -- Detecting CXX compiler ABI info - done
[0.375s] -- Check for working CXX compiler: /usr/bin/c++ - skipped
[0.375s] -- Detecting CXX compile features
[0.376s] -- Detecting CXX compile features - done
[0.379s] -- Found ament_cmake: 1.3.10 (/opt/ros/humble/share/ament_cmake/cmake)
[0.517s] -- Found Python3: /usr/bin/python3 (found version "3.10.12") found components: Interpreter 
[0.616s] -- Found ament_lint_auto: 0.12.11 (/opt/ros/humble/share/ament_lint_auto/cmake)
[0.686s] -- Added test 'flake8' to check Python code syntax and style conventions
[0.687s] -- Added test 'lint_cmake' to check CMake code style
[0.688s] -- Added test 'pep257' to check Python code against some of the docstring style conventions in PEP 257
[0.690s] -- Added test 'xmllint' to check XML markup files
[0.691s] -- Configuring done
[0.692s] -- Generating done
[0.693s] -- Build files have been written to: /home/duck_sh/Mobile-Swarm-Navigation/build/turtlebot3_manipulation
[0.698s] Invoked command in '/home/duck_sh/Mobile-Swarm-Navigation/build/turtlebot3_manipulation' returned '0': CMAKE_PREFIX_PATH=${CMAKE_PREFIX_PATH}:/home/duck_sh/ros2_ws/install/my_py_pkg:/home/duck_sh/turtlebot3_manipulation-humble-devel/install/ros2_controllers_test_nodes:/opt/ros/humble /usr/bin/cmake /home/duck_sh/Mobile-Swarm-Navigation/src/turtlebot3_manipulation -DCMAKE_INSTALL_PREFIX=/home/duck_sh/Mobile-Swarm-Navigation/install/turtlebot3_manipulation
[0.698s] Invoking command in '/home/duck_sh/Mobile-Swarm-Navigation/build/turtlebot3_manipulation': CMAKE_PREFIX_PATH=${CMAKE_PREFIX_PATH}:/home/duck_sh/ros2_ws/install/my_py_pkg:/home/duck_sh/turtlebot3_manipulation-humble-devel/install/ros2_controllers_test_nodes:/opt/ros/humble /usr/bin/cmake --build /home/duck_sh/Mobile-Swarm-Navigation/build/turtlebot3_manipulation -- -j32 -l32
[0.722s] Invoked command in '/home/duck_sh/Mobile-Swarm-Navigation/build/turtlebot3_manipulation' returned '0': CMAKE_PREFIX_PATH=${CMAKE_PREFIX_PATH}:/home/duck_sh/ros2_ws/install/my_py_pkg:/home/duck_sh/turtlebot3_manipulation-humble-devel/install/ros2_controllers_test_nodes:/opt/ros/humble /usr/bin/cmake --build /home/duck_sh/Mobile-Swarm-Navigation/build/turtlebot3_manipulation -- -j32 -l32
[0.741s] Invoking command in '/home/duck_sh/Mobile-Swarm-Navigation/build/turtlebot3_manipulation': CMAKE_PREFIX_PATH=${CMAKE_PREFIX_PATH}:/home/duck_sh/ros2_ws/install/my_py_pkg:/home/duck_sh/turtlebot3_manipulation-humble-devel/install/ros2_controllers_test_nodes:/opt/ros/humble /usr/bin/cmake --install /home/duck_sh/Mobile-Swarm-Navigation/build/turtlebot3_manipulation
[0.748s] -- Install configuration: ""
[0.748s] -- Installing: /home/duck_sh/Mobile-Swarm-Navigation/install/turtlebot3_manipulation/share/turtlebot3_manipulation//launch
[0.749s] -- Installing: /home/duck_sh/Mobile-Swarm-Navigation/install/turtlebot3_manipulation/share/turtlebot3_manipulation//launch/model.launch.py
[0.749s] -- Installing: /home/duck_sh/Mobile-Swarm-Navigation/install/turtlebot3_manipulation/share/turtlebot3_manipulation//meshes
[0.749s] -- Installing: /home/duck_sh/Mobile-Swarm-Navigation/install/turtlebot3_manipulation/share/turtlebot3_manipulation//meshes/open_manipulator_x
[0.749s] -- Installing: /home/duck_sh/Mobile-Swarm-Navigation/install/turtlebot3_manipulation/share/turtlebot3_manipulation//meshes/open_manipulator_x/gripper_left_palm.stl
[0.750s] -- Installing: /home/duck_sh/Mobile-Swarm-Navigation/install/turtlebot3_manipulation/share/turtlebot3_manipulation//meshes/open_manipulator_x/link5.stl
[0.752s] -- Installing: /home/duck_sh/Mobile-Swarm-Navigation/install/turtlebot3_manipulation/share/turtlebot3_manipulation//meshes/open_manipulator_x/link1.stl
[0.754s] -- Installing: /home/duck_sh/Mobile-Swarm-Navigation/install/turtlebot3_manipulation/share/turtlebot3_manipulation//meshes/open_manipulator_x/link4.stl
[0.756s] -- Installing: /home/duck_sh/Mobile-Swarm-Navigation/install/turtlebot3_manipulation/share/turtlebot3_manipulation//meshes/open_manipulator_x/gripper_right_palm.stl
[0.757s] -- Installing: /home/duck_sh/Mobile-Swarm-Navigation/install/turtlebot3_manipulation/share/turtlebot3_manipulation//meshes/open_manipulator_x/link2.stl
[0.758s] -- Installing: /home/duck_sh/Mobile-Swarm-Navigation/install/turtlebot3_manipulation/share/turtlebot3_manipulation//meshes/open_manipulator_x/link3.stl
[0.760s] -- Installing: /home/duck_sh/Mobile-Swarm-Navigation/install/turtlebot3_manipulation/share/turtlebot3_manipulation//meshes/turtlebot3_waffle_pi
[0.760s] -- Installing: /home/duck_sh/Mobile-Swarm-Navigation/install/turtlebot3_manipulation/share/turtlebot3_manipulation//meshes/turtlebot3_waffle_pi/ladar.stl
[0.761s] -- Installing: /home/duck_sh/Mobile-Swarm-Navigation/install/turtlebot3_manipulation/share/turtlebot3_manipulation//meshes/turtlebot3_waffle_pi/right_tire.stl
[0.763s] -- Installing: /home/duck_sh/Mobile-Swarm-Navigation/install/turtlebot3_manipulation/share/turtlebot3_manipulation//meshes/turtlebot3_waffle_pi/left_tire.stl
[0.765s] -- Installing: /home/duck_sh/Mobile-Swarm-Navigation/install/turtlebot3_manipulation/share/turtlebot3_manipulation//meshes/turtlebot3_waffle_pi/base.stl
[0.778s] -- Installing: /home/duck_sh/Mobile-Swarm-Navigation/install/turtlebot3_manipulation/share/turtlebot3_manipulation//rviz
[0.778s] -- Installing: /home/duck_sh/Mobile-Swarm-Navigation/install/turtlebot3_manipulation/share/turtlebot3_manipulation//rviz/model.rviz
[0.778s] -- Installing: /home/duck_sh/Mobile-Swarm-Navigation/install/turtlebot3_manipulation/share/turtlebot3_manipulation//urdf
[0.779s] -- Installing: /home/duck_sh/Mobile-Swarm-Navigation/install/turtlebot3_manipulation/share/turtlebot3_manipulation//urdf/turtlebot3_waffle_pi.urdf.xacro
[0.779s] -- Installing: /home/duck_sh/Mobile-Swarm-Navigation/install/turtlebot3_manipulation/share/turtlebot3_manipulation//urdf/open_manipulator_x.urdf.xacro
[0.779s] -- Installing: /home/duck_sh/Mobile-Swarm-Navigation/install/turtlebot3_manipulation/share/turtlebot3_manipulation//urdf/turtlebot3_manipulation.urdf.xacro
[0.779s] -- Installing: /home/duck_sh/Mobile-Swarm-Navigation/install/turtlebot3_manipulation/share/ament_index/resource_index/package_run_dependencies/turtlebot3_manipulation
[0.779s] -- Installing: /home/duck_sh/Mobile-Swarm-Navigation/install/turtlebot3_manipulation/share/ament_index/resource_index/parent_prefix_path/turtlebot3_manipulation
[0.780s] -- Installing: /home/duck_sh/Mobile-Swarm-Navigation/install/turtlebot3_manipulation/share/turtlebot3_manipulation/environment/ament_prefix_path.sh
[0.780s] -- Installing: /home/duck_sh/Mobile-Swarm-Navigation/install/turtlebot3_manipulation/share/turtlebot3_manipulation/environment/ament_prefix_path.dsv
[0.780s] -- Installing: /home/duck_sh/Mobile-Swarm-Navigation/install/turtlebot3_manipulation/share/turtlebot3_manipulation/environment/path.sh
[0.780s] -- Installing: /home/duck_sh/Mobile-Swarm-Navigation/install/turtlebot3_manipulation/share/turtlebot3_manipulation/environment/path.dsv
[0.780s] -- Installing: /home/duck_sh/Mobile-Swarm-Navigation/install/turtlebot3_manipulation/share/turtlebot3_manipulation/local_setup.bash
[0.780s] -- Installing: /home/duck_sh/Mobile-Swarm-Navigation/install/turtlebot3_manipulation/share/turtlebot3_manipulation/local_setup.sh
[0.780s] -- Installing: /home/duck_sh/Mobile-Swarm-Navigation/install/turtlebot3_manipulation/share/turtlebot3_manipulation/local_setup.zsh
[0.780s] -- Installing: /home/duck_sh/Mobile-Swarm-Navigation/install/turtlebot3_manipulation/share/turtlebot3_manipulation/local_setup.dsv
[0.780s] -- Installing: /home/duck_sh/Mobile-Swarm-Navigation/install/turtlebot3_manipulation/share/turtlebot3_manipulation/package.dsv
[0.781s] -- Installing: /home/duck_sh/Mobile-Swarm-Navigation/install/turtlebot3_manipulation/share/ament_index/resource_index/packages/turtlebot3_manipulation
[0.781s] -- Installing: /home/duck_sh/Mobile-Swarm-Navigation/install/turtlebot3_manipulation/share/turtlebot3_manipulation/cmake/turtlebot3_manipulationConfig.cmake
[0.781s] -- Installing: /home/duck_sh/Mobile-Swarm-Navigation/install/turtlebot3_manipulation/share/turtlebot3_manipulation/cmake/turtlebot3_manipulationConfig-version.cmake
[0.781s] -- Installing: /home/duck_sh/Mobile-Swarm-Navigation/install/turtlebot3_manipulation/share/turtlebot3_manipulation/package.xml
[0.783s] Invoked command in '/home/duck_sh/Mobile-Swarm-Navigation/build/turtlebot3_manipulation' returned '0': CMAKE_PREFIX_PATH=${CMAKE_PREFIX_PATH}:/home/duck_sh/ros2_ws/install/my_py_pkg:/home/duck_sh/turtlebot3_manipulation-humble-devel/install/ros2_controllers_test_nodes:/opt/ros/humble /usr/bin/cmake --install /home/duck_sh/Mobile-Swarm-Navigation/build/turtlebot3_manipulation
