[0.129s] Invoking command in '/home/pacman/turtlebot3_ws/build/turtlebot3_description': CMAKE_PREFIX_PATH=${CMAKE_PREFIX_PATH}:/home/pacman/turtlebot3_ws/install/turtlebot3_teleop:/home/pacman/turtlebot3_ws/install/turtlebot3_example:/home/pacman/turtlebot3_ws/install/semantic_mapper:/home/pacman/turtlebot3_ws/install/scheduler:/home/pacman/turtlebot3_ws/install/interpreter:/home/pacman/turtlebot3_ws/install/frame_changer:/home/pacman/turtlebot3_ws/install/dbms:/opt/ros/humble /usr/bin/cmake --build /home/pacman/turtlebot3_ws/build/turtlebot3_description -- -j12 -l12
[0.939s] Invoked command in '/home/pacman/turtlebot3_ws/build/turtlebot3_description' returned '0': CMAKE_PREFIX_PATH=${CMAKE_PREFIX_PATH}:/home/pacman/turtlebot3_ws/install/turtlebot3_teleop:/home/pacman/turtlebot3_ws/install/turtlebot3_example:/home/pacman/turtlebot3_ws/install/semantic_mapper:/home/pacman/turtlebot3_ws/install/scheduler:/home/pacman/turtlebot3_ws/install/interpreter:/home/pacman/turtlebot3_ws/install/frame_changer:/home/pacman/turtlebot3_ws/install/dbms:/opt/ros/humble /usr/bin/cmake --build /home/pacman/turtlebot3_ws/build/turtlebot3_description -- -j12 -l12
[1.076s] Invoking command in '/home/pacman/turtlebot3_ws/build/turtlebot3_description': CMAKE_PREFIX_PATH=${CMAKE_PREFIX_PATH}:/home/pacman/turtlebot3_ws/install/turtlebot3_teleop:/home/pacman/turtlebot3_ws/install/turtlebot3_example:/home/pacman/turtlebot3_ws/install/semantic_mapper:/home/pacman/turtlebot3_ws/install/scheduler:/home/pacman/turtlebot3_ws/install/interpreter:/home/pacman/turtlebot3_ws/install/frame_changer:/home/pacman/turtlebot3_ws/install/dbms:/opt/ros/humble /usr/bin/cmake --install /home/pacman/turtlebot3_ws/build/turtlebot3_description
[1.112s] -- Install configuration: ""
[1.112s] -- Up-to-date: /home/pacman/turtlebot3_ws/install/turtlebot3_description/share/turtlebot3_description/meshes
[1.113s] -- Up-to-date: /home/pacman/turtlebot3_ws/install/turtlebot3_description/share/turtlebot3_description/meshes/bases
[1.114s] -- Up-to-date: /home/pacman/turtlebot3_ws/install/turtlebot3_description/share/turtlebot3_description/meshes/bases/waffle_base.stl
[1.114s] -- Up-to-date: /home/pacman/turtlebot3_ws/install/turtlebot3_description/share/turtlebot3_description/meshes/bases/waffle_pi_base.stl
[1.114s] -- Up-to-date: /home/pacman/turtlebot3_ws/install/turtlebot3_description/share/turtlebot3_description/meshes/bases/burger_base.stl
[1.114s] -- Up-to-date: /home/pacman/turtlebot3_ws/install/turtlebot3_description/share/turtlebot3_description/meshes/sensors
[1.126s] -- Up-to-date: /home/pacman/turtlebot3_ws/install/turtlebot3_description/share/turtlebot3_description/meshes/sensors/astra.jpg
[1.126s] -- Up-to-date: /home/pacman/turtlebot3_ws/install/turtlebot3_description/share/turtlebot3_description/meshes/sensors/astra.dae
[1.126s] -- Up-to-date: /home/pacman/turtlebot3_ws/install/turtlebot3_description/share/turtlebot3_description/meshes/sensors/r200.jpg
[1.126s] -- Up-to-date: /home/pacman/turtlebot3_ws/install/turtlebot3_description/share/turtlebot3_description/meshes/sensors/lds.stl
[1.126s] -- Up-to-date: /home/pacman/turtlebot3_ws/install/turtlebot3_description/share/turtlebot3_description/meshes/sensors/r200.dae
[1.126s] -- Up-to-date: /home/pacman/turtlebot3_ws/install/turtlebot3_description/share/turtlebot3_description/meshes/wheels
[1.126s] -- Up-to-date: /home/pacman/turtlebot3_ws/install/turtlebot3_description/share/turtlebot3_description/meshes/wheels/left_tire.stl
[1.126s] -- Up-to-date: /home/pacman/turtlebot3_ws/install/turtlebot3_description/share/turtlebot3_description/meshes/wheels/right_tire.stl
[1.126s] -- Up-to-date: /home/pacman/turtlebot3_ws/install/turtlebot3_description/share/turtlebot3_description/rviz
[1.126s] -- Up-to-date: /home/pacman/turtlebot3_ws/install/turtlebot3_description/share/turtlebot3_description/rviz/model.rviz
[1.126s] -- Up-to-date: /home/pacman/turtlebot3_ws/install/turtlebot3_description/share/turtlebot3_description/urdf
[1.126s] -- Up-to-date: /home/pacman/turtlebot3_ws/install/turtlebot3_description/share/turtlebot3_description/urdf/turtlebot3_burger.urdf
[1.126s] -- Up-to-date: /home/pacman/turtlebot3_ws/install/turtlebot3_description/share/turtlebot3_description/urdf/turtlebot3_waffle.urdf
[1.126s] -- Up-to-date: /home/pacman/turtlebot3_ws/install/turtlebot3_description/share/turtlebot3_description/urdf/common_properties.urdf
[1.126s] -- Up-to-date: /home/pacman/turtlebot3_ws/install/turtlebot3_description/share/turtlebot3_description/urdf/turtlebot3_waffle_pi.urdf
[1.129s] -- Up-to-date: /home/pacman/turtlebot3_ws/install/turtlebot3_description/share/ament_index/resource_index/package_run_dependencies/turtlebot3_description
[1.129s] -- Up-to-date: /home/pacman/turtlebot3_ws/install/turtlebot3_description/share/ament_index/resource_index/parent_prefix_path/turtlebot3_description
[1.129s] -- Up-to-date: /home/pacman/turtlebot3_ws/install/turtlebot3_description/share/turtlebot3_description/environment/ament_prefix_path.sh
[1.129s] -- Up-to-date: /home/pacman/turtlebot3_ws/install/turtlebot3_description/share/turtlebot3_description/environment/ament_prefix_path.dsv
[1.130s] -- Up-to-date: /home/pacman/turtlebot3_ws/install/turtlebot3_description/share/turtlebot3_description/environment/path.sh
[1.130s] -- Up-to-date: /home/pacman/turtlebot3_ws/install/turtlebot3_description/share/turtlebot3_description/environment/path.dsv
[1.130s] -- Up-to-date: /home/pacman/turtlebot3_ws/install/turtlebot3_description/share/turtlebot3_description/local_setup.bash
[1.130s] -- Up-to-date: /home/pacman/turtlebot3_ws/install/turtlebot3_description/share/turtlebot3_description/local_setup.sh
[1.130s] -- Up-to-date: /home/pacman/turtlebot3_ws/install/turtlebot3_description/share/turtlebot3_description/local_setup.zsh
[1.130s] -- Up-to-date: /home/pacman/turtlebot3_ws/install/turtlebot3_description/share/turtlebot3_description/local_setup.dsv
[1.130s] -- Installing: /home/pacman/turtlebot3_ws/install/turtlebot3_description/share/turtlebot3_description/package.dsv
[1.130s] -- Up-to-date: /home/pacman/turtlebot3_ws/install/turtlebot3_description/share/ament_index/resource_index/packages/turtlebot3_description
[1.130s] -- Up-to-date: /home/pacman/turtlebot3_ws/install/turtlebot3_description/share/turtlebot3_description/cmake/turtlebot3_descriptionConfig.cmake
[1.130s] -- Up-to-date: /home/pacman/turtlebot3_ws/install/turtlebot3_description/share/turtlebot3_description/cmake/turtlebot3_descriptionConfig-version.cmake
[1.130s] -- Up-to-date: /home/pacman/turtlebot3_ws/install/turtlebot3_description/share/turtlebot3_description/package.xml
[1.290s] Invoked command in '/home/pacman/turtlebot3_ws/build/turtlebot3_description' returned '0': CMAKE_PREFIX_PATH=${CMAKE_PREFIX_PATH}:/home/pacman/turtlebot3_ws/install/turtlebot3_teleop:/home/pacman/turtlebot3_ws/install/turtlebot3_example:/home/pacman/turtlebot3_ws/install/semantic_mapper:/home/pacman/turtlebot3_ws/install/scheduler:/home/pacman/turtlebot3_ws/install/interpreter:/home/pacman/turtlebot3_ws/install/frame_changer:/home/pacman/turtlebot3_ws/install/dbms:/opt/ros/humble /usr/bin/cmake --install /home/pacman/turtlebot3_ws/build/turtlebot3_description
