[0.485s] Invoking command in '/home/duck_sh/Mobile-Swarm-Navigation/src/turtlebot3/turtlebot3/turtlebot3_example': AMENT_PREFIX_PATH=/home/duck_sh/Mobile-Swarm-Navigation/install/turtlebot3_msgs:${AMENT_PREFIX_PATH} CMAKE_PREFIX_PATH=/home/duck_sh/Mobile-Swarm-Navigation/install/turtlebot3_msgs:${CMAKE_PREFIX_PATH} LD_LIBRARY_PATH=/home/duck_sh/Mobile-Swarm-Navigation/install/turtlebot3_msgs/lib:/home/duck_sh/pico_ws/install/whycon/lib:/home/duck_sh/pico_ws/install/waypoint_navigation/lib:/home/duck_sh/pico_ws/install/swift_msgs/lib:/home/duck_sh/pico_ws/install/rotors_control/lib:/home/duck_sh/pico_ws/install/pid_msg/lib:/home/duck_sh/pico_ws/install/mav_system_msgs/lib:/home/duck_sh/pico_ws/install/mav_state_machine_msgs/lib:/home/duck_sh/pico_ws/install/mav_planning_msgs/lib:/home/duck_sh/pico_ws/install/mav_msgs/lib:/home/duck_sh/turtlebot3_manipulation-humble-devel/install/turtlebot3_manipulation_hardware/lib:/home/duck_sh/turtlebot3_manipulation-humble-devel/install/kinematics_interface_kdl/lib:/home/duck_sh/turtlebot3_manipulation-humble-devel/install/kinematics_interface/lib:/usr/lib/x86_64-linux-gnu/gazebo-11/plugins:/opt/ros/humble/opt/rviz_ogre_vendor/lib:/opt/ros/humble/lib/x86_64-linux-gnu:/opt/ros/humble/lib:/usr/local/cuda-12.6/lib64:/usr/share/gazebo-11/../../lib/x86_64-linux-gnu/gazebo-11/plugins PYTHONPATH=/home/duck_sh/Mobile-Swarm-Navigation/build/turtlebot3_example/prefix_override:/usr/lib/python3/dist-packages/colcon_core/task/python/colcon_distutils_commands:/home/duck_sh/Mobile-Swarm-Navigation/install/turtlebot3_example/lib/python3.10/site-packages:/home/duck_sh/Mobile-Swarm-Navigation/install/turtlebot3_msgs/local/lib/python3.10/dist-packages:${PYTHONPATH} /usr/bin/python3 -W ignore:setup.py install is deprecated setup.py egg_info --egg-base ../../../../build/turtlebot3_example build --build-base /home/duck_sh/Mobile-Swarm-Navigation/build/turtlebot3_example/build install --record /home/duck_sh/Mobile-Swarm-Navigation/build/turtlebot3_example/install.log --single-version-externally-managed install_data
[0.705s] running egg_info
[0.706s] writing ../../../../build/turtlebot3_example/turtlebot3_example.egg-info/PKG-INFO
[0.706s] writing dependency_links to ../../../../build/turtlebot3_example/turtlebot3_example.egg-info/dependency_links.txt
[0.706s] writing entry points to ../../../../build/turtlebot3_example/turtlebot3_example.egg-info/entry_points.txt
[0.706s] writing requirements to ../../../../build/turtlebot3_example/turtlebot3_example.egg-info/requires.txt
[0.706s] writing top-level names to ../../../../build/turtlebot3_example/turtlebot3_example.egg-info/top_level.txt
[0.709s] reading manifest file '../../../../build/turtlebot3_example/turtlebot3_example.egg-info/SOURCES.txt'
[0.710s] writing manifest file '../../../../build/turtlebot3_example/turtlebot3_example.egg-info/SOURCES.txt'
[0.710s] running build
[0.710s] running build_py
[0.711s] running install
[0.711s] running install_lib
[0.713s] running install_data
[0.714s] running install_egg_info
[0.716s] removing '/home/duck_sh/Mobile-Swarm-Navigation/install/turtlebot3_example/lib/python3.10/site-packages/turtlebot3_example-2.1.5-py3.10.egg-info' (and everything under it)
[0.716s] Copying ../../../../build/turtlebot3_example/turtlebot3_example.egg-info to /home/duck_sh/Mobile-Swarm-Navigation/install/turtlebot3_example/lib/python3.10/site-packages/turtlebot3_example-2.1.5-py3.10.egg-info
[0.717s] running install_scripts
[0.734s] Installing turtlebot3_obstacle_detection script to /home/duck_sh/Mobile-Swarm-Navigation/install/turtlebot3_example/lib/turtlebot3_example
[0.735s] Installing turtlebot3_patrol_client script to /home/duck_sh/Mobile-Swarm-Navigation/install/turtlebot3_example/lib/turtlebot3_example
[0.735s] Installing turtlebot3_patrol_server script to /home/duck_sh/Mobile-Swarm-Navigation/install/turtlebot3_example/lib/turtlebot3_example
[0.735s] Installing turtlebot3_position_control script to /home/duck_sh/Mobile-Swarm-Navigation/install/turtlebot3_example/lib/turtlebot3_example
[0.735s] writing list of installed files to '/home/duck_sh/Mobile-Swarm-Navigation/build/turtlebot3_example/install.log'
[0.752s] Invoked command in '/home/duck_sh/Mobile-Swarm-Navigation/src/turtlebot3/turtlebot3/turtlebot3_example' returned '0': AMENT_PREFIX_PATH=/home/duck_sh/Mobile-Swarm-Navigation/install/turtlebot3_msgs:${AMENT_PREFIX_PATH} CMAKE_PREFIX_PATH=/home/duck_sh/Mobile-Swarm-Navigation/install/turtlebot3_msgs:${CMAKE_PREFIX_PATH} LD_LIBRARY_PATH=/home/duck_sh/Mobile-Swarm-Navigation/install/turtlebot3_msgs/lib:/home/duck_sh/pico_ws/install/whycon/lib:/home/duck_sh/pico_ws/install/waypoint_navigation/lib:/home/duck_sh/pico_ws/install/swift_msgs/lib:/home/duck_sh/pico_ws/install/rotors_control/lib:/home/duck_sh/pico_ws/install/pid_msg/lib:/home/duck_sh/pico_ws/install/mav_system_msgs/lib:/home/duck_sh/pico_ws/install/mav_state_machine_msgs/lib:/home/duck_sh/pico_ws/install/mav_planning_msgs/lib:/home/duck_sh/pico_ws/install/mav_msgs/lib:/home/duck_sh/turtlebot3_manipulation-humble-devel/install/turtlebot3_manipulation_hardware/lib:/home/duck_sh/turtlebot3_manipulation-humble-devel/install/kinematics_interface_kdl/lib:/home/duck_sh/turtlebot3_manipulation-humble-devel/install/kinematics_interface/lib:/usr/lib/x86_64-linux-gnu/gazebo-11/plugins:/opt/ros/humble/opt/rviz_ogre_vendor/lib:/opt/ros/humble/lib/x86_64-linux-gnu:/opt/ros/humble/lib:/usr/local/cuda-12.6/lib64:/usr/share/gazebo-11/../../lib/x86_64-linux-gnu/gazebo-11/plugins PYTHONPATH=/home/duck_sh/Mobile-Swarm-Navigation/build/turtlebot3_example/prefix_override:/usr/lib/python3/dist-packages/colcon_core/task/python/colcon_distutils_commands:/home/duck_sh/Mobile-Swarm-Navigation/install/turtlebot3_example/lib/python3.10/site-packages:/home/duck_sh/Mobile-Swarm-Navigation/install/turtlebot3_msgs/local/lib/python3.10/dist-packages:${PYTHONPATH} /usr/bin/python3 -W ignore:setup.py install is deprecated setup.py egg_info --egg-base ../../../../build/turtlebot3_example build --build-base /home/duck_sh/Mobile-Swarm-Navigation/build/turtlebot3_example/build install --record /home/duck_sh/Mobile-Swarm-Navigation/build/turtlebot3_example/install.log --single-version-externally-managed install_data
