[0.222s] Invoking command in '/home/duck_sh/Mobile-Swarm-Navigation/build/turtlebot3_manipulation': CMAKE_PREFIX_PATH=${CMAKE_PREFIX_PATH}:/home/duck_sh/Mobile-Swarm-Navigation/install/turtlebot3_teleop:/home/duck_sh/Mobile-Swarm-Navigation/install/turtlebot3_example:/home/duck_sh/ros2_ws/install/my_py_pkg:/home/duck_sh/turtlebot3_manipulation-humble-devel/install/ros2_controllers_test_nodes:/opt/ros/humble /usr/bin/cmake /home/duck_sh/Mobile-Swarm-Navigation/src/turtlebot3_manipulation -DCMAKE_INSTALL_PREFIX=/home/duck_sh/Mobile-Swarm-Navigation/install/turtlebot3_manipulation
[0.264s] -- The C compiler identification is GNU 11.4.0
[0.312s] -- The CXX compiler identification is GNU 11.4.0
[0.316s] -- Detecting C compiler ABI info
[0.373s] -- Detecting C compiler ABI info - done
[0.378s] -- Check for working C compiler: /usr/bin/cc - skipped
[0.378s] -- Detecting C compile features
[0.378s] -- Detecting C compile features - done
[0.380s] -- Detecting CXX compiler ABI info
[0.450s] -- Detecting CXX compiler ABI info - done
[0.455s] -- Check for working CXX compiler: /usr/bin/c++ - skipped
[0.455s] -- Detecting CXX compile features
[0.455s] -- Detecting CXX compile features - done
[0.458s] -- Found ament_cmake: 1.3.10 (/opt/ros/humble/share/ament_cmake/cmake)
[0.597s] -- Found Python3: /usr/bin/python3 (found version "3.10.12") found components: Interpreter 
[0.720s] -- Found ament_lint_auto: 0.12.11 (/opt/ros/humble/share/ament_lint_auto/cmake)
[0.815s] -- Added test 'flake8' to check Python code syntax and style conventions
[0.816s] -- Added test 'lint_cmake' to check CMake code style
[0.817s] -- Added test 'pep257' to check Python code against some of the docstring style conventions in PEP 257
[0.820s] -- Added test 'xmllint' to check XML markup files
[0.822s] -- Configuring done
[0.825s] -- Generating done
[0.825s] -- Build files have been written to: /home/duck_sh/Mobile-Swarm-Navigation/build/turtlebot3_manipulation
[0.830s] Invoked command in '/home/duck_sh/Mobile-Swarm-Navigation/build/turtlebot3_manipulation' returned '0': CMAKE_PREFIX_PATH=${CMAKE_PREFIX_PATH}:/home/duck_sh/Mobile-Swarm-Navigation/install/turtlebot3_teleop:/home/duck_sh/Mobile-Swarm-Navigation/install/turtlebot3_example:/home/duck_sh/ros2_ws/install/my_py_pkg:/home/duck_sh/turtlebot3_manipulation-humble-devel/install/ros2_controllers_test_nodes:/opt/ros/humble /usr/bin/cmake /home/duck_sh/Mobile-Swarm-Navigation/src/turtlebot3_manipulation -DCMAKE_INSTALL_PREFIX=/home/duck_sh/Mobile-Swarm-Navigation/install/turtlebot3_manipulation
[0.831s] Invoking command in '/home/duck_sh/Mobile-Swarm-Navigation/build/turtlebot3_manipulation': CMAKE_PREFIX_PATH=${CMAKE_PREFIX_PATH}:/home/duck_sh/Mobile-Swarm-Navigation/install/turtlebot3_teleop:/home/duck_sh/Mobile-Swarm-Navigation/install/turtlebot3_example:/home/duck_sh/ros2_ws/install/my_py_pkg:/home/duck_sh/turtlebot3_manipulation-humble-devel/install/ros2_controllers_test_nodes:/opt/ros/humble /usr/bin/cmake --build /home/duck_sh/Mobile-Swarm-Navigation/build/turtlebot3_manipulation -- -j32 -l32
[0.873s] Invoked command in '/home/duck_sh/Mobile-Swarm-Navigation/build/turtlebot3_manipulation' returned '0': CMAKE_PREFIX_PATH=${CMAKE_PREFIX_PATH}:/home/duck_sh/Mobile-Swarm-Navigation/install/turtlebot3_teleop:/home/duck_sh/Mobile-Swarm-Navigation/install/turtlebot3_example:/home/duck_sh/ros2_ws/install/my_py_pkg:/home/duck_sh/turtlebot3_manipulation-humble-devel/install/ros2_controllers_test_nodes:/opt/ros/humble /usr/bin/cmake --build /home/duck_sh/Mobile-Swarm-Navigation/build/turtlebot3_manipulation -- -j32 -l32
[0.897s] Invoking command in '/home/duck_sh/Mobile-Swarm-Navigation/build/turtlebot3_manipulation': CMAKE_PREFIX_PATH=${CMAKE_PREFIX_PATH}:/home/duck_sh/Mobile-Swarm-Navigation/install/turtlebot3_teleop:/home/duck_sh/Mobile-Swarm-Navigation/install/turtlebot3_example:/home/duck_sh/ros2_ws/install/my_py_pkg:/home/duck_sh/turtlebot3_manipulation-humble-devel/install/ros2_controllers_test_nodes:/opt/ros/humble /usr/bin/cmake --install /home/duck_sh/Mobile-Swarm-Navigation/build/turtlebot3_manipulation
[0.904s] -- Install configuration: ""
[0.904s] -- Installing: /home/duck_sh/Mobile-Swarm-Navigation/install/turtlebot3_manipulation/share/turtlebot3_manipulation//launch
[0.904s] -- Installing: /home/duck_sh/Mobile-Swarm-Navigation/install/turtlebot3_manipulation/share/turtlebot3_manipulation//launch/model.launch.py
[0.904s] -- Installing: /home/duck_sh/Mobile-Swarm-Navigation/install/turtlebot3_manipulation/share/turtlebot3_manipulation//meshes
[0.904s] -- Installing: /home/duck_sh/Mobile-Swarm-Navigation/install/turtlebot3_manipulation/share/turtlebot3_manipulation//meshes/open_manipulator_x
[0.905s] -- Installing: /home/duck_sh/Mobile-Swarm-Navigation/install/turtlebot3_manipulation/share/turtlebot3_manipulation//meshes/open_manipulator_x/gripper_left_palm.stl
[0.905s] -- Installing: /home/duck_sh/Mobile-Swarm-Navigation/install/turtlebot3_manipulation/share/turtlebot3_manipulation//meshes/open_manipulator_x/link5.stl
[0.906s] -- Installing: /home/duck_sh/Mobile-Swarm-Navigation/install/turtlebot3_manipulation/share/turtlebot3_manipulation//meshes/open_manipulator_x/link1.stl
[0.908s] -- Installing: /home/duck_sh/Mobile-Swarm-Navigation/install/turtlebot3_manipulation/share/turtlebot3_manipulation//meshes/open_manipulator_x/link4.stl
[0.910s] -- Installing: /home/duck_sh/Mobile-Swarm-Navigation/install/turtlebot3_manipulation/share/turtlebot3_manipulation//meshes/open_manipulator_x/gripper_right_palm.stl
[0.911s] -- Installing: /home/duck_sh/Mobile-Swarm-Navigation/install/turtlebot3_manipulation/share/turtlebot3_manipulation//meshes/open_manipulator_x/link2.stl
[0.913s] -- Installing: /home/duck_sh/Mobile-Swarm-Navigation/install/turtlebot3_manipulation/share/turtlebot3_manipulation//meshes/open_manipulator_x/link3.stl
[0.915s] -- Installing: /home/duck_sh/Mobile-Swarm-Navigation/install/turtlebot3_manipulation/share/turtlebot3_manipulation//meshes/turtlebot3_waffle_pi
[0.915s] -- Installing: /home/duck_sh/Mobile-Swarm-Navigation/install/turtlebot3_manipulation/share/turtlebot3_manipulation//meshes/turtlebot3_waffle_pi/ladar.stl
[0.917s] -- Installing: /home/duck_sh/Mobile-Swarm-Navigation/install/turtlebot3_manipulation/share/turtlebot3_manipulation//meshes/turtlebot3_waffle_pi/right_tire.stl
[0.921s] -- Installing: /home/duck_sh/Mobile-Swarm-Navigation/install/turtlebot3_manipulation/share/turtlebot3_manipulation//meshes/turtlebot3_waffle_pi/left_tire.stl
[0.924s] -- Installing: /home/duck_sh/Mobile-Swarm-Navigation/install/turtlebot3_manipulation/share/turtlebot3_manipulation//meshes/turtlebot3_waffle_pi/base.stl
[0.948s] -- Installing: /home/duck_sh/Mobile-Swarm-Navigation/install/turtlebot3_manipulation/share/turtlebot3_manipulation//rviz
[0.948s] -- Installing: /home/duck_sh/Mobile-Swarm-Navigation/install/turtlebot3_manipulation/share/turtlebot3_manipulation//rviz/model.rviz
[0.949s] -- Installing: /home/duck_sh/Mobile-Swarm-Navigation/install/turtlebot3_manipulation/share/turtlebot3_manipulation//urdf
[0.949s] -- Installing: /home/duck_sh/Mobile-Swarm-Navigation/install/turtlebot3_manipulation/share/turtlebot3_manipulation//urdf/turtlebot3_waffle_pi.urdf.xacro
[0.949s] -- Installing: /home/duck_sh/Mobile-Swarm-Navigation/install/turtlebot3_manipulation/share/turtlebot3_manipulation//urdf/open_manipulator_x.urdf.xacro
[0.950s] -- Installing: /home/duck_sh/Mobile-Swarm-Navigation/install/turtlebot3_manipulation/share/turtlebot3_manipulation//urdf/turtlebot3_manipulation.urdf.xacro
[0.951s] -- Installing: /home/duck_sh/Mobile-Swarm-Navigation/install/turtlebot3_manipulation/share/ament_index/resource_index/package_run_dependencies/turtlebot3_manipulation
[0.951s] -- Installing: /home/duck_sh/Mobile-Swarm-Navigation/install/turtlebot3_manipulation/share/ament_index/resource_index/parent_prefix_path/turtlebot3_manipulation
[0.951s] -- Installing: /home/duck_sh/Mobile-Swarm-Navigation/install/turtlebot3_manipulation/share/turtlebot3_manipulation/environment/ament_prefix_path.sh
[0.951s] -- Installing: /home/duck_sh/Mobile-Swarm-Navigation/install/turtlebot3_manipulation/share/turtlebot3_manipulation/environment/ament_prefix_path.dsv
[0.951s] -- Installing: /home/duck_sh/Mobile-Swarm-Navigation/install/turtlebot3_manipulation/share/turtlebot3_manipulation/environment/path.sh
[0.951s] -- Installing: /home/duck_sh/Mobile-Swarm-Navigation/install/turtlebot3_manipulation/share/turtlebot3_manipulation/environment/path.dsv
[0.951s] -- Installing: /home/duck_sh/Mobile-Swarm-Navigation/install/turtlebot3_manipulation/share/turtlebot3_manipulation/local_setup.bash
[0.951s] -- Installing: /home/duck_sh/Mobile-Swarm-Navigation/install/turtlebot3_manipulation/share/turtlebot3_manipulation/local_setup.sh
[0.951s] -- Installing: /home/duck_sh/Mobile-Swarm-Navigation/install/turtlebot3_manipulation/share/turtlebot3_manipulation/local_setup.zsh
[0.951s] -- Installing: /home/duck_sh/Mobile-Swarm-Navigation/install/turtlebot3_manipulation/share/turtlebot3_manipulation/local_setup.dsv
[0.951s] -- Installing: /home/duck_sh/Mobile-Swarm-Navigation/install/turtlebot3_manipulation/share/turtlebot3_manipulation/package.dsv
[0.951s] -- Installing: /home/duck_sh/Mobile-Swarm-Navigation/install/turtlebot3_manipulation/share/ament_index/resource_index/packages/turtlebot3_manipulation
[0.951s] -- Installing: /home/duck_sh/Mobile-Swarm-Navigation/install/turtlebot3_manipulation/share/turtlebot3_manipulation/cmake/turtlebot3_manipulationConfig.cmake
[0.952s] -- Installing: /home/duck_sh/Mobile-Swarm-Navigation/install/turtlebot3_manipulation/share/turtlebot3_manipulation/cmake/turtlebot3_manipulationConfig-version.cmake
[0.952s] -- Installing: /home/duck_sh/Mobile-Swarm-Navigation/install/turtlebot3_manipulation/share/turtlebot3_manipulation/package.xml
[0.953s] Invoked command in '/home/duck_sh/Mobile-Swarm-Navigation/build/turtlebot3_manipulation' returned '0': CMAKE_PREFIX_PATH=${CMAKE_PREFIX_PATH}:/home/duck_sh/Mobile-Swarm-Navigation/install/turtlebot3_teleop:/home/duck_sh/Mobile-Swarm-Navigation/install/turtlebot3_example:/home/duck_sh/ros2_ws/install/my_py_pkg:/home/duck_sh/turtlebot3_manipulation-humble-devel/install/ros2_controllers_test_nodes:/opt/ros/humble /usr/bin/cmake --install /home/duck_sh/Mobile-Swarm-Navigation/build/turtlebot3_manipulation
