[1.715s] Invoking command in '/home/pacman/turtlebot3_ws/build/map_merge': CMAKE_PREFIX_PATH=${CMAKE_PREFIX_PATH}:/home/pacman/turtlebot3_ws/install/turtlebot3_teleop:/home/pacman/turtlebot3_ws/install/turtlebot3_example:/home/pacman/turtlebot3_ws/install/semantic_mapper:/home/pacman/turtlebot3_ws/install/scheduler:/home/pacman/turtlebot3_ws/install/interpreter:/home/pacman/turtlebot3_ws/install/frame_changer:/home/pacman/turtlebot3_ws/install/dbms:/opt/ros/humble /usr/bin/cmake --build /home/pacman/turtlebot3_ws/build/map_merge -- -j12 -l12
[1.996s] [ 66%] Built target combine_grids
[2.185s] [100%] Built target map_merge
[3.342s] Invoked command in '/home/pacman/turtlebot3_ws/build/map_merge' returned '0': CMAKE_PREFIX_PATH=${CMAKE_PREFIX_PATH}:/home/pacman/turtlebot3_ws/install/turtlebot3_teleop:/home/pacman/turtlebot3_ws/install/turtlebot3_example:/home/pacman/turtlebot3_ws/install/semantic_mapper:/home/pacman/turtlebot3_ws/install/scheduler:/home/pacman/turtlebot3_ws/install/interpreter:/home/pacman/turtlebot3_ws/install/frame_changer:/home/pacman/turtlebot3_ws/install/dbms:/opt/ros/humble /usr/bin/cmake --build /home/pacman/turtlebot3_ws/build/map_merge -- -j12 -l12
[3.650s] Invoking command in '/home/pacman/turtlebot3_ws/build/map_merge': CMAKE_PREFIX_PATH=${CMAKE_PREFIX_PATH}:/home/pacman/turtlebot3_ws/install/turtlebot3_teleop:/home/pacman/turtlebot3_ws/install/turtlebot3_example:/home/pacman/turtlebot3_ws/install/semantic_mapper:/home/pacman/turtlebot3_ws/install/scheduler:/home/pacman/turtlebot3_ws/install/interpreter:/home/pacman/turtlebot3_ws/install/frame_changer:/home/pacman/turtlebot3_ws/install/dbms:/opt/ros/humble /usr/bin/cmake --install /home/pacman/turtlebot3_ws/build/map_merge
[3.737s] -- Install configuration: ""
[3.737s] -- Up-to-date: /home/pacman/turtlebot3_ws/install/map_merge/include/map_merge/
[3.737s] -- Up-to-date: /home/pacman/turtlebot3_ws/install/map_merge/include/map_merge//ros1_names.hpp
[3.737s] -- Up-to-date: /home/pacman/turtlebot3_ws/install/map_merge/include/map_merge//map_merge.h
[3.737s] -- Up-to-date: /home/pacman/turtlebot3_ws/install/map_merge/share/map_merge/launch
[3.737s] -- Up-to-date: /home/pacman/turtlebot3_ws/install/map_merge/share/map_merge/launch/map_merge.launch
[3.737s] -- Up-to-date: /home/pacman/turtlebot3_ws/install/map_merge/share/map_merge/launch/map_merge.rviz
[3.737s] -- Up-to-date: /home/pacman/turtlebot3_ws/install/map_merge/share/map_merge/launch/from_map_server.launch.py
[3.737s] -- Up-to-date: /home/pacman/turtlebot3_ws/install/map_merge/share/map_merge/launch/tb3_simulation
[3.737s] -- Up-to-date: /home/pacman/turtlebot3_ws/install/map_merge/share/map_merge/launch/tb3_simulation/worlds
[3.737s] -- Up-to-date: /home/pacman/turtlebot3_ws/install/map_merge/share/map_merge/launch/tb3_simulation/worlds/world_only.model
[3.737s] -- Up-to-date: /home/pacman/turtlebot3_ws/install/map_merge/share/map_merge/launch/tb3_simulation/config
[3.737s] -- Up-to-date: /home/pacman/turtlebot3_ws/install/map_merge/share/map_merge/launch/tb3_simulation/config/nav2_multirobot_params_1.yaml
[3.737s] -- Up-to-date: /home/pacman/turtlebot3_ws/install/map_merge/share/map_merge/launch/tb3_simulation/config/nav2_multirobot_params_2.yaml
[3.737s] -- Up-to-date: /home/pacman/turtlebot3_ws/install/map_merge/share/map_merge/launch/tb3_simulation/multi_tb3_simulation_launch.py
[3.737s] -- Up-to-date: /home/pacman/turtlebot3_ws/install/map_merge/share/map_merge/launch/tb3_simulation/slam_toolbox.py
[3.737s] -- Up-to-date: /home/pacman/turtlebot3_ws/install/map_merge/share/map_merge/launch/tb3_simulation/bringup_launch.py
[3.737s] -- Up-to-date: /home/pacman/turtlebot3_ws/install/map_merge/share/map_merge/launch/tb3_simulation/tb3_simulation_launch.py
[3.737s] -- Up-to-date: /home/pacman/turtlebot3_ws/install/map_merge/share/map_merge/launch/map_merge.launch.py
[3.738s] -- Up-to-date: /home/pacman/turtlebot3_ws/install/map_merge/share/map_merge/launch/from_map_server.launch
[3.738s] -- Up-to-date: /home/pacman/turtlebot3_ws/install/map_merge/share/map_merge/launch/experiments
[3.749s] -- Up-to-date: /home/pacman/turtlebot3_ws/install/map_merge/share/map_merge/launch/experiments/3-robots.ttt.launch
[3.749s] -- Up-to-date: /home/pacman/turtlebot3_ws/install/map_merge/share/map_merge/launch/experiments/demo-scene-orientation-exp.ttt.launch
[3.750s] -- Up-to-date: /home/pacman/turtlebot3_ws/install/map_merge/share/map_merge/launch/experiments/demo-scene-1.ttt.launch
[3.750s] -- Up-to-date: /home/pacman/turtlebot3_ws/install/map_merge/share/map_merge/config
[3.750s] -- Up-to-date: /home/pacman/turtlebot3_ws/install/map_merge/share/map_merge/config/params.yaml
[3.750s] -- Up-to-date: /home/pacman/turtlebot3_ws/install/map_merge/share/map_merge/config/params_orig.yaml
[3.750s] -- Up-to-date: /home/pacman/turtlebot3_ws/install/map_merge/lib/libcombine_grids.a
[3.750s] -- Up-to-date: /home/pacman/turtlebot3_ws/install/map_merge/lib/map_merge/map_merge
[3.750s] -- Up-to-date: /home/pacman/turtlebot3_ws/install/map_merge/share/map_merge/environment/library_path.sh
[3.750s] -- Up-to-date: /home/pacman/turtlebot3_ws/install/map_merge/share/map_merge/environment/library_path.dsv
[3.750s] -- Up-to-date: /home/pacman/turtlebot3_ws/install/map_merge/share/ament_index/resource_index/package_run_dependencies/map_merge
[3.750s] -- Up-to-date: /home/pacman/turtlebot3_ws/install/map_merge/share/ament_index/resource_index/parent_prefix_path/map_merge
[3.750s] -- Up-to-date: /home/pacman/turtlebot3_ws/install/map_merge/share/map_merge/environment/ament_prefix_path.sh
[3.750s] -- Up-to-date: /home/pacman/turtlebot3_ws/install/map_merge/share/map_merge/environment/ament_prefix_path.dsv
[3.750s] -- Up-to-date: /home/pacman/turtlebot3_ws/install/map_merge/share/map_merge/environment/path.sh
[3.750s] -- Up-to-date: /home/pacman/turtlebot3_ws/install/map_merge/share/map_merge/environment/path.dsv
[3.750s] -- Up-to-date: /home/pacman/turtlebot3_ws/install/map_merge/share/map_merge/local_setup.bash
[3.750s] -- Up-to-date: /home/pacman/turtlebot3_ws/install/map_merge/share/map_merge/local_setup.sh
[3.751s] -- Up-to-date: /home/pacman/turtlebot3_ws/install/map_merge/share/map_merge/local_setup.zsh
[3.751s] -- Up-to-date: /home/pacman/turtlebot3_ws/install/map_merge/share/map_merge/local_setup.dsv
[3.751s] -- Installing: /home/pacman/turtlebot3_ws/install/map_merge/share/map_merge/package.dsv
[3.751s] -- Up-to-date: /home/pacman/turtlebot3_ws/install/map_merge/share/ament_index/resource_index/packages/map_merge
[3.751s] -- Up-to-date: /home/pacman/turtlebot3_ws/install/map_merge/share/map_merge/cmake/ament_cmake_export_include_directories-extras.cmake
[3.751s] -- Up-to-date: /home/pacman/turtlebot3_ws/install/map_merge/share/map_merge/cmake/ament_cmake_export_libraries-extras.cmake
[3.751s] -- Up-to-date: /home/pacman/turtlebot3_ws/install/map_merge/share/map_merge/cmake/map_mergeConfig.cmake
[3.751s] -- Up-to-date: /home/pacman/turtlebot3_ws/install/map_merge/share/map_merge/cmake/map_mergeConfig-version.cmake
[3.751s] -- Up-to-date: /home/pacman/turtlebot3_ws/install/map_merge/share/map_merge/package.xml
[3.765s] Invoked command in '/home/pacman/turtlebot3_ws/build/map_merge' returned '0': CMAKE_PREFIX_PATH=${CMAKE_PREFIX_PATH}:/home/pacman/turtlebot3_ws/install/turtlebot3_teleop:/home/pacman/turtlebot3_ws/install/turtlebot3_example:/home/pacman/turtlebot3_ws/install/semantic_mapper:/home/pacman/turtlebot3_ws/install/scheduler:/home/pacman/turtlebot3_ws/install/interpreter:/home/pacman/turtlebot3_ws/install/frame_changer:/home/pacman/turtlebot3_ws/install/dbms:/opt/ros/humble /usr/bin/cmake --install /home/pacman/turtlebot3_ws/build/map_merge
