running egg_info
creating ../../build/scheduler/scheduler.egg-info
writing ../../build/scheduler/scheduler.egg-info/PKG-INFO
writing dependency_links to ../../build/scheduler/scheduler.egg-info/dependency_links.txt
writing entry points to ../../build/scheduler/scheduler.egg-info/entry_points.txt
writing requirements to ../../build/scheduler/scheduler.egg-info/requires.txt
writing top-level names to ../../build/scheduler/scheduler.egg-info/top_level.txt
writing manifest file '../../build/scheduler/scheduler.egg-info/SOURCES.txt'
reading manifest file '../../build/scheduler/scheduler.egg-info/SOURCES.txt'
writing manifest file '../../build/scheduler/scheduler.egg-info/SOURCES.txt'
running build
running build_py
creating /home/pacman/turtlebot3_ws/build/scheduler/build
creating /home/pacman/turtlebot3_ws/build/scheduler/build/lib
creating /home/pacman/turtlebot3_ws/build/scheduler/build/lib/scheduler
copying scheduler/scheduler_2.py -> /home/pacman/turtlebot3_ws/build/scheduler/build/lib/scheduler
copying scheduler/scheduler_1.py -> /home/pacman/turtlebot3_ws/build/scheduler/build/lib/scheduler
copying scheduler/__init__.py -> /home/pacman/turtlebot3_ws/build/scheduler/build/lib/scheduler
running install
running install_lib
creating /home/pacman/turtlebot3_ws/install/scheduler/lib/python3.10/site-packages/scheduler
copying /home/pacman/turtlebot3_ws/build/scheduler/build/lib/scheduler/scheduler_2.py -> /home/pacman/turtlebot3_ws/install/scheduler/lib/python3.10/site-packages/scheduler
copying /home/pacman/turtlebot3_ws/build/scheduler/build/lib/scheduler/scheduler_1.py -> /home/pacman/turtlebot3_ws/install/scheduler/lib/python3.10/site-packages/scheduler
copying /home/pacman/turtlebot3_ws/build/scheduler/build/lib/scheduler/__init__.py -> /home/pacman/turtlebot3_ws/install/scheduler/lib/python3.10/site-packages/scheduler
byte-compiling /home/pacman/turtlebot3_ws/install/scheduler/lib/python3.10/site-packages/scheduler/scheduler_2.py to scheduler_2.cpython-310.pyc
byte-compiling /home/pacman/turtlebot3_ws/install/scheduler/lib/python3.10/site-packages/scheduler/scheduler_1.py to scheduler_1.cpython-310.pyc
byte-compiling /home/pacman/turtlebot3_ws/install/scheduler/lib/python3.10/site-packages/scheduler/__init__.py to __init__.cpython-310.pyc
running install_data
creating /home/pacman/turtlebot3_ws/install/scheduler/share/ament_index
creating /home/pacman/turtlebot3_ws/install/scheduler/share/ament_index/resource_index
creating /home/pacman/turtlebot3_ws/install/scheduler/share/ament_index/resource_index/packages
copying resource/scheduler -> /home/pacman/turtlebot3_ws/install/scheduler/share/ament_index/resource_index/packages
copying package.xml -> /home/pacman/turtlebot3_ws/install/scheduler/share/scheduler
running install_egg_info
Copying ../../build/scheduler/scheduler.egg-info to /home/pacman/turtlebot3_ws/install/scheduler/lib/python3.10/site-packages/scheduler-0.0.0-py3.10.egg-info
running install_scripts
writing list of installed files to '/home/pacman/turtlebot3_ws/build/scheduler/install.log'
