[0.520s] Invoking command in '/home/pacman/turtlebot3_ws/src/scheduler': PYTHONPATH=/home/pacman/turtlebot3_ws/build/scheduler/prefix_override:/home/pacman/.local/lib/python3.10/site-packages/colcon_core/task/python/colcon_distutils_commands:/home/pacman/turtlebot3_ws/install/scheduler/lib/python3.10/site-packages:${PYTHONPATH} /usr/bin/python3 -W ignore:setup.py install is deprecated setup.py egg_info --egg-base ../../build/scheduler build --build-base /home/pacman/turtlebot3_ws/build/scheduler/build install --record /home/pacman/turtlebot3_ws/build/scheduler/install.log --single-version-externally-managed install_data
[0.686s] running egg_info
[0.686s] creating ../../build/scheduler/scheduler.egg-info
[0.687s] writing ../../build/scheduler/scheduler.egg-info/PKG-INFO
[0.687s] writing dependency_links to ../../build/scheduler/scheduler.egg-info/dependency_links.txt
[0.688s] writing entry points to ../../build/scheduler/scheduler.egg-info/entry_points.txt
[0.688s] writing requirements to ../../build/scheduler/scheduler.egg-info/requires.txt
[0.688s] writing top-level names to ../../build/scheduler/scheduler.egg-info/top_level.txt
[0.689s] writing manifest file '../../build/scheduler/scheduler.egg-info/SOURCES.txt'
[0.689s] reading manifest file '../../build/scheduler/scheduler.egg-info/SOURCES.txt'
[0.690s] writing manifest file '../../build/scheduler/scheduler.egg-info/SOURCES.txt'
[0.690s] running build
[0.690s] running build_py
[0.690s] creating /home/pacman/turtlebot3_ws/build/scheduler/build
[0.690s] creating /home/pacman/turtlebot3_ws/build/scheduler/build/lib
[0.690s] creating /home/pacman/turtlebot3_ws/build/scheduler/build/lib/scheduler
[0.690s] copying scheduler/scheduler_2.py -> /home/pacman/turtlebot3_ws/build/scheduler/build/lib/scheduler
[0.691s] copying scheduler/scheduler_1.py -> /home/pacman/turtlebot3_ws/build/scheduler/build/lib/scheduler
[0.691s] copying scheduler/__init__.py -> /home/pacman/turtlebot3_ws/build/scheduler/build/lib/scheduler
[0.691s] running install
[0.691s] running install_lib
[0.691s] creating /home/pacman/turtlebot3_ws/install/scheduler/lib/python3.10/site-packages/scheduler
[0.691s] copying /home/pacman/turtlebot3_ws/build/scheduler/build/lib/scheduler/scheduler_2.py -> /home/pacman/turtlebot3_ws/install/scheduler/lib/python3.10/site-packages/scheduler
[0.691s] copying /home/pacman/turtlebot3_ws/build/scheduler/build/lib/scheduler/scheduler_1.py -> /home/pacman/turtlebot3_ws/install/scheduler/lib/python3.10/site-packages/scheduler
[0.691s] copying /home/pacman/turtlebot3_ws/build/scheduler/build/lib/scheduler/__init__.py -> /home/pacman/turtlebot3_ws/install/scheduler/lib/python3.10/site-packages/scheduler
[0.693s] byte-compiling /home/pacman/turtlebot3_ws/install/scheduler/lib/python3.10/site-packages/scheduler/scheduler_2.py to scheduler_2.cpython-310.pyc
[0.693s] byte-compiling /home/pacman/turtlebot3_ws/install/scheduler/lib/python3.10/site-packages/scheduler/scheduler_1.py to scheduler_1.cpython-310.pyc
[0.693s] byte-compiling /home/pacman/turtlebot3_ws/install/scheduler/lib/python3.10/site-packages/scheduler/__init__.py to __init__.cpython-310.pyc
[0.693s] running install_data
[0.693s] creating /home/pacman/turtlebot3_ws/install/scheduler/share/ament_index
[0.693s] creating /home/pacman/turtlebot3_ws/install/scheduler/share/ament_index/resource_index
[0.693s] creating /home/pacman/turtlebot3_ws/install/scheduler/share/ament_index/resource_index/packages
[0.693s] copying resource/scheduler -> /home/pacman/turtlebot3_ws/install/scheduler/share/ament_index/resource_index/packages
[0.693s] copying package.xml -> /home/pacman/turtlebot3_ws/install/scheduler/share/scheduler
[0.693s] running install_egg_info
[0.695s] Copying ../../build/scheduler/scheduler.egg-info to /home/pacman/turtlebot3_ws/install/scheduler/lib/python3.10/site-packages/scheduler-0.0.0-py3.10.egg-info
[0.695s] running install_scripts
[0.710s] writing list of installed files to '/home/pacman/turtlebot3_ws/build/scheduler/install.log'
[0.730s] Invoked command in '/home/pacman/turtlebot3_ws/src/scheduler' returned '0': PYTHONPATH=/home/pacman/turtlebot3_ws/build/scheduler/prefix_override:/home/pacman/.local/lib/python3.10/site-packages/colcon_core/task/python/colcon_distutils_commands:/home/pacman/turtlebot3_ws/install/scheduler/lib/python3.10/site-packages:${PYTHONPATH} /usr/bin/python3 -W ignore:setup.py install is deprecated setup.py egg_info --egg-base ../../build/scheduler build --build-base /home/pacman/turtlebot3_ws/build/scheduler/build install --record /home/pacman/turtlebot3_ws/build/scheduler/install.log --single-version-externally-managed install_data
