[0.895s] Invoking command in '/home/pacman/turtlebot3_ws/src/frame_changer': PYTHONPATH=/home/pacman/turtlebot3_ws/build/frame_changer/prefix_override:/home/pacman/.local/lib/python3.10/site-packages/colcon_core/task/python/colcon_distutils_commands:/home/pacman/turtlebot3_ws/install/frame_changer/lib/python3.10/site-packages:${PYTHONPATH} /usr/bin/python3 -W ignore:setup.py install is deprecated setup.py egg_info --egg-base ../../build/frame_changer build --build-base /home/pacman/turtlebot3_ws/build/frame_changer/build install --record /home/pacman/turtlebot3_ws/build/frame_changer/install.log --single-version-externally-managed install_data
[1.103s] running egg_info
[1.103s] writing ../../build/frame_changer/frame_changer.egg-info/PKG-INFO
[1.104s] writing dependency_links to ../../build/frame_changer/frame_changer.egg-info/dependency_links.txt
[1.104s] writing entry points to ../../build/frame_changer/frame_changer.egg-info/entry_points.txt
[1.104s] writing requirements to ../../build/frame_changer/frame_changer.egg-info/requires.txt
[1.104s] writing top-level names to ../../build/frame_changer/frame_changer.egg-info/top_level.txt
[1.106s] reading manifest file '../../build/frame_changer/frame_changer.egg-info/SOURCES.txt'
[1.106s] writing manifest file '../../build/frame_changer/frame_changer.egg-info/SOURCES.txt'
[1.106s] running build
[1.106s] running build_py
[1.106s] copying frame_changer/frame_change.py -> /home/pacman/turtlebot3_ws/build/frame_changer/build/lib/frame_changer
[1.107s] running install
[1.107s] running install_lib
[1.108s] copying /home/pacman/turtlebot3_ws/build/frame_changer/build/lib/frame_changer/frame_change.py -> /home/pacman/turtlebot3_ws/install/frame_changer/lib/python3.10/site-packages/frame_changer
[1.108s] byte-compiling /home/pacman/turtlebot3_ws/install/frame_changer/lib/python3.10/site-packages/frame_changer/frame_change.py to frame_change.cpython-310.pyc
[1.109s] running install_data
[1.109s] running install_egg_info
[1.110s] removing '/home/pacman/turtlebot3_ws/install/frame_changer/lib/python3.10/site-packages/frame_changer-0.0.0-py3.10.egg-info' (and everything under it)
[1.110s] Copying ../../build/frame_changer/frame_changer.egg-info to /home/pacman/turtlebot3_ws/install/frame_changer/lib/python3.10/site-packages/frame_changer-0.0.0-py3.10.egg-info
[1.111s] running install_scripts
[1.126s] Installing frame_changer script to /home/pacman/turtlebot3_ws/install/frame_changer/lib/frame_changer
[1.126s] writing list of installed files to '/home/pacman/turtlebot3_ws/build/frame_changer/install.log'
[1.209s] Invoked command in '/home/pacman/turtlebot3_ws/src/frame_changer' returned '0': PYTHONPATH=/home/pacman/turtlebot3_ws/build/frame_changer/prefix_override:/home/pacman/.local/lib/python3.10/site-packages/colcon_core/task/python/colcon_distutils_commands:/home/pacman/turtlebot3_ws/install/frame_changer/lib/python3.10/site-packages:${PYTHONPATH} /usr/bin/python3 -W ignore:setup.py install is deprecated setup.py egg_info --egg-base ../../build/frame_changer build --build-base /home/pacman/turtlebot3_ws/build/frame_changer/build install --record /home/pacman/turtlebot3_ws/build/frame_changer/install.log --single-version-externally-managed install_data
