[0.012s] Invoking command in '/home/pacman/tortoisebot_rb/build/turtlebot3_node': CMAKE_PREFIX_PATH=/home/pacman/tortoisebot_rb/install/turtlebot3_msgs:/home/pacman/tortoisebot_rb/install/tortoisebot_slam:/home/pacman/tortoisebot_rb/install/tortoisebot_navigation:/home/pacman/tortoisebot_rb/install/tortoisebot_imu:/home/pacman/tortoisebot_rb/install/turtlebot3_multi_robot:/home/pacman/tortoisebot_rb/install/turtlebot3_navigation2:/home/pacman/tortoisebot_rb/install/turtlebot3_description:/home/pacman/tortoisebot_rb/install/turtlebot3_cartographer:/home/pacman/tortoisebot_rb/install/tortoisebot_gazebo:/home/pacman/tortoisebot_rb/install/tortoisebot_firmware:/home/pacman/tortoisebot_rb/install/tortoisebot_description:/home/pacman/tortoisebot_rb/install/tortoisebot_bringup:/home/pacman/tortoisebot_rb/install/multiple_spawner:/home/pacman/tortoisebot_rb/install/turtlebot3_teleop:/home/pacman/tortoisebot_rb/install/tortoisebot_control:/opt/ros/humble LD_LIBRARY_PATH=/home/pacman/tortoisebot_rb/install/turtlebot3_msgs/lib:/usr/lib/x86_64-linux-gnu/gazebo-11/plugins:/opt/ros/humble/opt/rviz_ogre_vendor/lib:/opt/ros/humble/lib/x86_64-linux-gnu:/opt/ros/humble/lib:/usr/lib/x86_64-linux-gnu/gazebo-11/plugins:/usr/lib/x86_64-linux-gnu/gazebo-11/plugins:/usr/lib/x86_64-linux-gnu/gazebo-11/plugins:/home/pacman/turtlebot3_ws/src/plugins /usr/bin/cmake /home/pacman/tortoisebot_rb/tortoisebot/turtlebot3/turtlebot3/turtlebot3_node -DCMAKE_INSTALL_PREFIX=/home/pacman/tortoisebot_rb/install/turtlebot3_node
[0.202s] -- Found ament_cmake: 1.3.10 (/opt/ros/humble/share/ament_cmake/cmake)
[0.202s] -- Configuring incomplete, errors occurred!
[0.202s] See also "/home/pacman/tortoisebot_rb/build/turtlebot3_node/CMakeFiles/CMakeOutput.log".
[0.202s] [31mCMake Error at CMakeLists.txt:19 (find_package):
[0.202s]   By not providing "Finddynamixel_sdk.cmake" in CMAKE_MODULE_PATH this
[0.202s]   project has asked CMake to find a package configuration file provided by
[0.202s]   "dynamixel_sdk", but CMake did not find one.
[0.202s] 
[0.202s]   Could not find a package configuration file provided by "dynamixel_sdk"
[0.203s]   with any of the following names:
[0.203s] 
[0.203s]     dynamixel_sdkConfig.cmake
[0.203s]     dynamixel_sdk-config.cmake
[0.203s] 
[0.203s]   Add the installation prefix of "dynamixel_sdk" to CMAKE_PREFIX_PATH or set
[0.203s]   "dynamixel_sdk_DIR" to a directory containing one of the above files.  If
[0.203s]   "dynamixel_sdk" provides a separate development package or SDK, be sure it
[0.203s]   has been installed.
[0.203s] 
[0.203s] [0m
[0.213s] Invoked command in '/home/pacman/tortoisebot_rb/build/turtlebot3_node' returned '1': CMAKE_PREFIX_PATH=/home/pacman/tortoisebot_rb/install/turtlebot3_msgs:/home/pacman/tortoisebot_rb/install/tortoisebot_slam:/home/pacman/tortoisebot_rb/install/tortoisebot_navigation:/home/pacman/tortoisebot_rb/install/tortoisebot_imu:/home/pacman/tortoisebot_rb/install/turtlebot3_multi_robot:/home/pacman/tortoisebot_rb/install/turtlebot3_navigation2:/home/pacman/tortoisebot_rb/install/turtlebot3_description:/home/pacman/tortoisebot_rb/install/turtlebot3_cartographer:/home/pacman/tortoisebot_rb/install/tortoisebot_gazebo:/home/pacman/tortoisebot_rb/install/tortoisebot_firmware:/home/pacman/tortoisebot_rb/install/tortoisebot_description:/home/pacman/tortoisebot_rb/install/tortoisebot_bringup:/home/pacman/tortoisebot_rb/install/multiple_spawner:/home/pacman/tortoisebot_rb/install/turtlebot3_teleop:/home/pacman/tortoisebot_rb/install/tortoisebot_control:/opt/ros/humble LD_LIBRARY_PATH=/home/pacman/tortoisebot_rb/install/turtlebot3_msgs/lib:/usr/lib/x86_64-linux-gnu/gazebo-11/plugins:/opt/ros/humble/opt/rviz_ogre_vendor/lib:/opt/ros/humble/lib/x86_64-linux-gnu:/opt/ros/humble/lib:/usr/lib/x86_64-linux-gnu/gazebo-11/plugins:/usr/lib/x86_64-linux-gnu/gazebo-11/plugins:/usr/lib/x86_64-linux-gnu/gazebo-11/plugins:/home/pacman/turtlebot3_ws/src/plugins /usr/bin/cmake /home/pacman/tortoisebot_rb/tortoisebot/turtlebot3/turtlebot3/turtlebot3_node -DCMAKE_INSTALL_PREFIX=/home/pacman/tortoisebot_rb/install/turtlebot3_node
