[0.194s] Invoking command in '/home/pacman/turtlebot3_ws/build/turtlebot3_xacro': CMAKE_PREFIX_PATH=${CMAKE_PREFIX_PATH}:/home/pacman/turtlebot3_ws/install/turtlebot3_teleop:/home/pacman/turtlebot3_ws/install/turtlebot3_example:/home/pacman/turtlebot3_ws/install/frame_changer:/opt/ros/humble /usr/bin/cmake --build /home/pacman/turtlebot3_ws/build/turtlebot3_xacro -- -j12 -l12
[0.246s] Invoked command in '/home/pacman/turtlebot3_ws/build/turtlebot3_xacro' returned '0': CMAKE_PREFIX_PATH=${CMAKE_PREFIX_PATH}:/home/pacman/turtlebot3_ws/install/turtlebot3_teleop:/home/pacman/turtlebot3_ws/install/turtlebot3_example:/home/pacman/turtlebot3_ws/install/frame_changer:/opt/ros/humble /usr/bin/cmake --build /home/pacman/turtlebot3_ws/build/turtlebot3_xacro -- -j12 -l12
[0.416s] Invoking command in '/home/pacman/turtlebot3_ws/build/turtlebot3_xacro': CMAKE_PREFIX_PATH=${CMAKE_PREFIX_PATH}:/home/pacman/turtlebot3_ws/install/turtlebot3_teleop:/home/pacman/turtlebot3_ws/install/turtlebot3_example:/home/pacman/turtlebot3_ws/install/frame_changer:/opt/ros/humble /usr/bin/cmake --install /home/pacman/turtlebot3_ws/build/turtlebot3_xacro
[0.432s] -- Install configuration: ""
[0.432s] -- Up-to-date: /home/pacman/turtlebot3_ws/install/turtlebot3_xacro/share/turtlebot3_xacro/launch
[0.432s] -- Up-to-date: /home/pacman/turtlebot3_ws/install/turtlebot3_xacro/share/turtlebot3_xacro/launch/manual_launch.py
[0.432s] -- Up-to-date: /home/pacman/turtlebot3_ws/install/turtlebot3_xacro/share/turtlebot3_xacro/launch/cam_launch.py
[0.432s] -- Up-to-date: /home/pacman/turtlebot3_ws/install/turtlebot3_xacro/share/turtlebot3_xacro/launch/Twist.yaml
[0.433s] -- Up-to-date: /home/pacman/turtlebot3_ws/install/turtlebot3_xacro/share/turtlebot3_xacro/launch/upload_launch.py
[0.433s] -- Up-to-date: /home/pacman/turtlebot3_ws/install/turtlebot3_xacro/share/turtlebot3_xacro/launch/description_launch.py
[0.433s] -- Up-to-date: /home/pacman/turtlebot3_ws/install/turtlebot3_xacro/share/turtlebot3_xacro/launch/rviz_launch.py
[0.433s] -- Up-to-date: /home/pacman/turtlebot3_ws/install/turtlebot3_xacro/share/turtlebot3_xacro/launch/bringup_launch.py
[0.433s] -- Up-to-date: /home/pacman/turtlebot3_ws/install/turtlebot3_xacro/share/turtlebot3_xacro/launch/world_launch.py
[0.433s] -- Up-to-date: /home/pacman/turtlebot3_ws/install/turtlebot3_xacro/share/turtlebot3_xacro/config
[0.433s] -- Up-to-date: /home/pacman/turtlebot3_ws/install/turtlebot3_xacro/share/turtlebot3_xacro/config/ekf.yaml
[0.433s] -- Up-to-date: /home/pacman/turtlebot3_ws/install/turtlebot3_xacro/share/turtlebot3_xacro/config/pi_camera.yaml
[0.433s] -- Up-to-date: /home/pacman/turtlebot3_ws/install/turtlebot3_xacro/share/turtlebot3_xacro/config/model.rviz
[0.433s] -- Up-to-date: /home/pacman/turtlebot3_ws/install/turtlebot3_xacro/share/turtlebot3_xacro/meshes
[0.433s] -- Up-to-date: /home/pacman/turtlebot3_ws/install/turtlebot3_xacro/share/turtlebot3_xacro/meshes/markers
[0.433s] -- Up-to-date: /home/pacman/turtlebot3_ws/install/turtlebot3_xacro/share/turtlebot3_xacro/meshes/markers/april_4.dae
[0.433s] -- Up-to-date: /home/pacman/turtlebot3_ws/install/turtlebot3_xacro/share/turtlebot3_xacro/meshes/markers/april_1.dae
[0.433s] -- Up-to-date: /home/pacman/turtlebot3_ws/install/turtlebot3_xacro/share/turtlebot3_xacro/meshes/markers/april_2.png
[0.433s] -- Up-to-date: /home/pacman/turtlebot3_ws/install/turtlebot3_xacro/share/turtlebot3_xacro/meshes/markers/april_3.dae
[0.433s] -- Up-to-date: /home/pacman/turtlebot3_ws/install/turtlebot3_xacro/share/turtlebot3_xacro/meshes/markers/april_1.png
[0.433s] -- Up-to-date: /home/pacman/turtlebot3_ws/install/turtlebot3_xacro/share/turtlebot3_xacro/meshes/markers/april_4.png
[0.433s] -- Up-to-date: /home/pacman/turtlebot3_ws/install/turtlebot3_xacro/share/turtlebot3_xacro/meshes/markers/april_5.png
[0.433s] -- Up-to-date: /home/pacman/turtlebot3_ws/install/turtlebot3_xacro/share/turtlebot3_xacro/meshes/markers/april_2.dae
[0.433s] -- Up-to-date: /home/pacman/turtlebot3_ws/install/turtlebot3_xacro/share/turtlebot3_xacro/meshes/markers/og_aruco
[0.433s] -- Up-to-date: /home/pacman/turtlebot3_ws/install/turtlebot3_xacro/share/turtlebot3_xacro/meshes/markers/og_aruco/aruco_7.png
[0.433s] -- Up-to-date: /home/pacman/turtlebot3_ws/install/turtlebot3_xacro/share/turtlebot3_xacro/meshes/markers/og_aruco/aruco_6.png
[0.433s] -- Up-to-date: /home/pacman/turtlebot3_ws/install/turtlebot3_xacro/share/turtlebot3_xacro/meshes/markers/og_aruco/aruco_2.png
[0.433s] -- Up-to-date: /home/pacman/turtlebot3_ws/install/turtlebot3_xacro/share/turtlebot3_xacro/meshes/markers/og_aruco/aruco_1.png
[0.434s] -- Up-to-date: /home/pacman/turtlebot3_ws/install/turtlebot3_xacro/share/turtlebot3_xacro/meshes/markers/og_aruco/aruco_5.png
[0.434s] -- Up-to-date: /home/pacman/turtlebot3_ws/install/turtlebot3_xacro/share/turtlebot3_xacro/meshes/markers/og_aruco/aruco_8.png
[0.434s] -- Up-to-date: /home/pacman/turtlebot3_ws/install/turtlebot3_xacro/share/turtlebot3_xacro/meshes/markers/og_aruco/aruco_4.png
[0.434s] -- Up-to-date: /home/pacman/turtlebot3_ws/install/turtlebot3_xacro/share/turtlebot3_xacro/meshes/markers/og_aruco/aruco_3.png
[0.434s] -- Up-to-date: /home/pacman/turtlebot3_ws/install/turtlebot3_xacro/share/turtlebot3_xacro/meshes/markers/april_3.png
[0.434s] -- Up-to-date: /home/pacman/turtlebot3_ws/install/turtlebot3_xacro/share/turtlebot3_xacro/meshes/bases
[0.434s] -- Up-to-date: /home/pacman/turtlebot3_ws/install/turtlebot3_xacro/share/turtlebot3_xacro/meshes/bases/waffle_base.stl
[0.434s] -- Up-to-date: /home/pacman/turtlebot3_ws/install/turtlebot3_xacro/share/turtlebot3_xacro/meshes/bases/waffle_pi_base.stl
[0.434s] -- Up-to-date: /home/pacman/turtlebot3_ws/install/turtlebot3_xacro/share/turtlebot3_xacro/meshes/bases/burger_base.stl
[0.434s] -- Up-to-date: /home/pacman/turtlebot3_ws/install/turtlebot3_xacro/share/turtlebot3_xacro/meshes/sensors
[0.434s] -- Up-to-date: /home/pacman/turtlebot3_ws/install/turtlebot3_xacro/share/turtlebot3_xacro/meshes/sensors/astra.jpg
[0.434s] -- Up-to-date: /home/pacman/turtlebot3_ws/install/turtlebot3_xacro/share/turtlebot3_xacro/meshes/sensors/astra.dae
[0.434s] -- Up-to-date: /home/pacman/turtlebot3_ws/install/turtlebot3_xacro/share/turtlebot3_xacro/meshes/sensors/r200.jpg
[0.434s] -- Up-to-date: /home/pacman/turtlebot3_ws/install/turtlebot3_xacro/share/turtlebot3_xacro/meshes/sensors/lds.stl
[0.434s] -- Up-to-date: /home/pacman/turtlebot3_ws/install/turtlebot3_xacro/share/turtlebot3_xacro/meshes/sensors/r200.dae
[0.435s] -- Up-to-date: /home/pacman/turtlebot3_ws/install/turtlebot3_xacro/share/turtlebot3_xacro/meshes/wheels
[0.435s] -- Up-to-date: /home/pacman/turtlebot3_ws/install/turtlebot3_xacro/share/turtlebot3_xacro/meshes/wheels/left_tire.stl
[0.435s] -- Up-to-date: /home/pacman/turtlebot3_ws/install/turtlebot3_xacro/share/turtlebot3_xacro/meshes/wheels/right_tire.stl
[0.435s] -- Up-to-date: /home/pacman/turtlebot3_ws/install/turtlebot3_xacro/share/turtlebot3_xacro/urdf
[0.435s] -- Up-to-date: /home/pacman/turtlebot3_ws/install/turtlebot3_xacro/share/turtlebot3_xacro/urdf/turtlebot3_gazebo_mine.xacro
[0.435s] -- Up-to-date: /home/pacman/turtlebot3_ws/install/turtlebot3_xacro/share/turtlebot3_xacro/urdf/turtlebot3_burger.urdf.xacro
[0.435s] -- Up-to-date: /home/pacman/turtlebot3_ws/install/turtlebot3_xacro/share/turtlebot3_xacro/urdf/common_properties.xacro
[0.435s] -- Up-to-date: /home/pacman/turtlebot3_ws/install/turtlebot3_xacro/share/turtlebot3_xacro/urdf/turtlebot3_world.sdf
[0.435s] -- Up-to-date: /home/pacman/turtlebot3_ws/install/turtlebot3_xacro/share/turtlebot3_xacro/urdf/common_properties.urdf
[0.435s] -- Up-to-date: /home/pacman/turtlebot3_ws/install/turtlebot3_xacro/share/turtlebot3_xacro/urdf/turtlebot3_gazebo_orig.xacro
[0.436s] -- Up-to-date: /home/pacman/turtlebot3_ws/install/turtlebot3_xacro/share/turtlebot3_xacro/urdf/turtlebot3_waffle_pi_mine.urdf.xacro
[0.436s] -- Up-to-date: /home/pacman/turtlebot3_ws/install/turtlebot3_xacro/share/turtlebot3_xacro/urdf/turtlebot3_waffle_pi.urdf.xacro
[0.436s] -- Up-to-date: /home/pacman/turtlebot3_ws/install/turtlebot3_xacro/share/turtlebot3_xacro/urdf/turtlebot3_gazebo.xacro
[0.436s] -- Up-to-date: /home/pacman/turtlebot3_ws/install/turtlebot3_xacro/share/ament_index/resource_index/package_run_dependencies/turtlebot3_xacro
[0.436s] -- Up-to-date: /home/pacman/turtlebot3_ws/install/turtlebot3_xacro/share/ament_index/resource_index/parent_prefix_path/turtlebot3_xacro
[0.436s] -- Up-to-date: /home/pacman/turtlebot3_ws/install/turtlebot3_xacro/share/turtlebot3_xacro/environment/ament_prefix_path.sh
[0.436s] -- Up-to-date: /home/pacman/turtlebot3_ws/install/turtlebot3_xacro/share/turtlebot3_xacro/environment/ament_prefix_path.dsv
[0.436s] -- Up-to-date: /home/pacman/turtlebot3_ws/install/turtlebot3_xacro/share/turtlebot3_xacro/environment/path.sh
[0.436s] -- Up-to-date: /home/pacman/turtlebot3_ws/install/turtlebot3_xacro/share/turtlebot3_xacro/environment/path.dsv
[0.436s] -- Up-to-date: /home/pacman/turtlebot3_ws/install/turtlebot3_xacro/share/turtlebot3_xacro/local_setup.bash
[0.436s] -- Up-to-date: /home/pacman/turtlebot3_ws/install/turtlebot3_xacro/share/turtlebot3_xacro/local_setup.sh
[0.436s] -- Up-to-date: /home/pacman/turtlebot3_ws/install/turtlebot3_xacro/share/turtlebot3_xacro/local_setup.zsh
[0.436s] -- Up-to-date: /home/pacman/turtlebot3_ws/install/turtlebot3_xacro/share/turtlebot3_xacro/local_setup.dsv
[0.436s] -- Installing: /home/pacman/turtlebot3_ws/install/turtlebot3_xacro/share/turtlebot3_xacro/package.dsv
[0.437s] -- Up-to-date: /home/pacman/turtlebot3_ws/install/turtlebot3_xacro/share/ament_index/resource_index/packages/turtlebot3_xacro
[0.437s] -- Up-to-date: /home/pacman/turtlebot3_ws/install/turtlebot3_xacro/share/turtlebot3_xacro/cmake/turtlebot3_xacroConfig.cmake
[0.437s] -- Up-to-date: /home/pacman/turtlebot3_ws/install/turtlebot3_xacro/share/turtlebot3_xacro/cmake/turtlebot3_xacroConfig-version.cmake
[0.437s] -- Up-to-date: /home/pacman/turtlebot3_ws/install/turtlebot3_xacro/share/turtlebot3_xacro/package.xml
[0.442s] Invoked command in '/home/pacman/turtlebot3_ws/build/turtlebot3_xacro' returned '0': CMAKE_PREFIX_PATH=${CMAKE_PREFIX_PATH}:/home/pacman/turtlebot3_ws/install/turtlebot3_teleop:/home/pacman/turtlebot3_ws/install/turtlebot3_example:/home/pacman/turtlebot3_ws/install/frame_changer:/opt/ros/humble /usr/bin/cmake --install /home/pacman/turtlebot3_ws/build/turtlebot3_xacro
