[0.033s] Invoking command in '/home/duck_sh/Mobile-Swarm-Navigation/build/hls_lfcd_lds_driver': CMAKE_PREFIX_PATH=${CMAKE_PREFIX_PATH}:/home/duck_sh/Mobile-Swarm-Navigation/install/turtlebot3_teleop:/home/duck_sh/Mobile-Swarm-Navigation/install/turtlebot3_example:/home/duck_sh/ros2_ws/install/my_py_pkg:/home/duck_sh/turtlebot3_manipulation-humble-devel/install/ros2_controllers_test_nodes:/opt/ros/humble /usr/bin/cmake /home/duck_sh/Mobile-Swarm-Navigation/src/utils/hls_lfcd_lds_driver -DCMAKE_INSTALL_PREFIX=/home/duck_sh/Mobile-Swarm-Navigation/install/hls_lfcd_lds_driver
[0.245s] -- The C compiler identification is GNU 11.4.0
[0.245s] -- The CXX compiler identification is GNU 11.4.0
[0.246s] -- Detecting C compiler ABI info
[0.246s] -- Detecting C compiler ABI info - done
[0.246s] -- Check for working C compiler: /usr/bin/cc - skipped
[0.246s] -- Detecting C compile features
[0.246s] -- Detecting C compile features - done
[0.246s] -- Detecting CXX compiler ABI info
[0.246s] -- Detecting CXX compiler ABI info - done
[0.246s] -- Check for working CXX compiler: /usr/bin/c++ - skipped
[0.246s] -- Detecting CXX compile features
[0.246s] -- Detecting CXX compile features - done
[0.249s] -- Found ament_cmake: 1.3.10 (/opt/ros/humble/share/ament_cmake/cmake)
[0.373s] -- Found Python3: /usr/bin/python3 (found version "3.10.12") found components: Interpreter 
[0.453s] -- Found rclcpp: 16.0.10 (/opt/ros/humble/share/rclcpp/cmake)
[0.496s] -- Found rosidl_generator_c: 3.1.5 (/opt/ros/humble/share/rosidl_generator_c/cmake)
[0.502s] -- Found rosidl_adapter: 3.1.5 (/opt/ros/humble/share/rosidl_adapter/cmake)
[0.511s] -- Found rosidl_generator_cpp: 3.1.5 (/opt/ros/humble/share/rosidl_generator_cpp/cmake)
[0.523s] -- Using all available rosidl_typesupport_c: rosidl_typesupport_fastrtps_c;rosidl_typesupport_introspection_c
[0.539s] -- Using all available rosidl_typesupport_cpp: rosidl_typesupport_fastrtps_cpp;rosidl_typesupport_introspection_cpp
[0.589s] -- Found rmw_implementation_cmake: 6.1.2 (/opt/ros/humble/share/rmw_implementation_cmake/cmake)
[0.594s] -- Found rmw_fastrtps_cpp: 6.2.7 (/opt/ros/humble/share/rmw_fastrtps_cpp/cmake)
[0.689s] -- Found OpenSSL: /usr/lib/x86_64-linux-gnu/libcrypto.so (found version "3.0.2")  
[0.721s] -- Found FastRTPS: /opt/ros/humble/include  
[0.767s] -- Using RMW implementation 'rmw_fastrtps_cpp' as default
[0.786s] -- Looking for pthread.h
[0.848s] -- Looking for pthread.h - found
[0.848s] -- Performing Test CMAKE_HAVE_LIBC_PTHREAD
[0.914s] -- Performing Test CMAKE_HAVE_LIBC_PTHREAD - Success
[0.915s] -- Found Threads: TRUE  
[0.962s] -- Found sensor_msgs: 4.2.4 (/opt/ros/humble/share/sensor_msgs/cmake)
[0.990s] -- Found Boost: /usr/lib/x86_64-linux-gnu/cmake/Boost-1.74.0/BoostConfig.cmake (found version "1.74.0") found components: system 
[1.043s] -- Configuring done
[1.048s] -- Generating done
[1.048s] -- Build files have been written to: /home/duck_sh/Mobile-Swarm-Navigation/build/hls_lfcd_lds_driver
[1.055s] Invoked command in '/home/duck_sh/Mobile-Swarm-Navigation/build/hls_lfcd_lds_driver' returned '0': CMAKE_PREFIX_PATH=${CMAKE_PREFIX_PATH}:/home/duck_sh/Mobile-Swarm-Navigation/install/turtlebot3_teleop:/home/duck_sh/Mobile-Swarm-Navigation/install/turtlebot3_example:/home/duck_sh/ros2_ws/install/my_py_pkg:/home/duck_sh/turtlebot3_manipulation-humble-devel/install/ros2_controllers_test_nodes:/opt/ros/humble /usr/bin/cmake /home/duck_sh/Mobile-Swarm-Navigation/src/utils/hls_lfcd_lds_driver -DCMAKE_INSTALL_PREFIX=/home/duck_sh/Mobile-Swarm-Navigation/install/hls_lfcd_lds_driver
[1.058s] Invoking command in '/home/duck_sh/Mobile-Swarm-Navigation/build/hls_lfcd_lds_driver': CMAKE_PREFIX_PATH=${CMAKE_PREFIX_PATH}:/home/duck_sh/Mobile-Swarm-Navigation/install/turtlebot3_teleop:/home/duck_sh/Mobile-Swarm-Navigation/install/turtlebot3_example:/home/duck_sh/ros2_ws/install/my_py_pkg:/home/duck_sh/turtlebot3_manipulation-humble-devel/install/ros2_controllers_test_nodes:/opt/ros/humble /usr/bin/cmake --build /home/duck_sh/Mobile-Swarm-Navigation/build/hls_lfcd_lds_driver -- -j32 -l32
[1.117s] [ 50%] [32mBuilding CXX object CMakeFiles/hlds_laser_publisher.dir/src/hlds_laser_publisher.cpp.o[0m
[5.462s] [100%] [32m[1mLinking CXX executable hlds_laser_publisher[0m
[5.629s] [100%] Built target hlds_laser_publisher
[5.830s] Invoked command in '/home/duck_sh/Mobile-Swarm-Navigation/build/hls_lfcd_lds_driver' returned '0': CMAKE_PREFIX_PATH=${CMAKE_PREFIX_PATH}:/home/duck_sh/Mobile-Swarm-Navigation/install/turtlebot3_teleop:/home/duck_sh/Mobile-Swarm-Navigation/install/turtlebot3_example:/home/duck_sh/ros2_ws/install/my_py_pkg:/home/duck_sh/turtlebot3_manipulation-humble-devel/install/ros2_controllers_test_nodes:/opt/ros/humble /usr/bin/cmake --build /home/duck_sh/Mobile-Swarm-Navigation/build/hls_lfcd_lds_driver -- -j32 -l32
[5.856s] Invoking command in '/home/duck_sh/Mobile-Swarm-Navigation/build/hls_lfcd_lds_driver': CMAKE_PREFIX_PATH=${CMAKE_PREFIX_PATH}:/home/duck_sh/Mobile-Swarm-Navigation/install/turtlebot3_teleop:/home/duck_sh/Mobile-Swarm-Navigation/install/turtlebot3_example:/home/duck_sh/ros2_ws/install/my_py_pkg:/home/duck_sh/turtlebot3_manipulation-humble-devel/install/ros2_controllers_test_nodes:/opt/ros/humble /usr/bin/cmake --install /home/duck_sh/Mobile-Swarm-Navigation/build/hls_lfcd_lds_driver
[5.861s] -- Install configuration: ""
[5.861s] -- Installing: /home/duck_sh/Mobile-Swarm-Navigation/install/hls_lfcd_lds_driver/share/hls_lfcd_lds_driver/launch
[5.861s] -- Installing: /home/duck_sh/Mobile-Swarm-Navigation/install/hls_lfcd_lds_driver/share/hls_lfcd_lds_driver/launch/view_hlds_laser.launch.py
[5.861s] -- Installing: /home/duck_sh/Mobile-Swarm-Navigation/install/hls_lfcd_lds_driver/share/hls_lfcd_lds_driver/launch/hlds_laser.launch.py
[5.862s] -- Installing: /home/duck_sh/Mobile-Swarm-Navigation/install/hls_lfcd_lds_driver/share/hls_lfcd_lds_driver/rviz
[5.862s] -- Installing: /home/duck_sh/Mobile-Swarm-Navigation/install/hls_lfcd_lds_driver/share/hls_lfcd_lds_driver/rviz/hlds_laser.rviz
[5.862s] -- Installing: /home/duck_sh/Mobile-Swarm-Navigation/install/hls_lfcd_lds_driver/lib/hls_lfcd_lds_driver/hlds_laser_publisher
[5.864s] -- Set runtime path of "/home/duck_sh/Mobile-Swarm-Navigation/install/hls_lfcd_lds_driver/lib/hls_lfcd_lds_driver/hlds_laser_publisher" to ""
[5.864s] -- Installing: /home/duck_sh/Mobile-Swarm-Navigation/install/hls_lfcd_lds_driver/share/ament_index/resource_index/package_run_dependencies/hls_lfcd_lds_driver
[5.864s] -- Installing: /home/duck_sh/Mobile-Swarm-Navigation/install/hls_lfcd_lds_driver/share/ament_index/resource_index/parent_prefix_path/hls_lfcd_lds_driver
[5.864s] -- Installing: /home/duck_sh/Mobile-Swarm-Navigation/install/hls_lfcd_lds_driver/share/hls_lfcd_lds_driver/environment/ament_prefix_path.sh
[5.864s] -- Installing: /home/duck_sh/Mobile-Swarm-Navigation/install/hls_lfcd_lds_driver/share/hls_lfcd_lds_driver/environment/ament_prefix_path.dsv
[5.864s] -- Installing: /home/duck_sh/Mobile-Swarm-Navigation/install/hls_lfcd_lds_driver/share/hls_lfcd_lds_driver/environment/path.sh
[5.864s] -- Installing: /home/duck_sh/Mobile-Swarm-Navigation/install/hls_lfcd_lds_driver/share/hls_lfcd_lds_driver/environment/path.dsv
[5.864s] -- Installing: /home/duck_sh/Mobile-Swarm-Navigation/install/hls_lfcd_lds_driver/share/hls_lfcd_lds_driver/local_setup.bash
[5.865s] -- Installing: /home/duck_sh/Mobile-Swarm-Navigation/install/hls_lfcd_lds_driver/share/hls_lfcd_lds_driver/local_setup.sh
[5.865s] -- Installing: /home/duck_sh/Mobile-Swarm-Navigation/install/hls_lfcd_lds_driver/share/hls_lfcd_lds_driver/local_setup.zsh
[5.865s] -- Installing: /home/duck_sh/Mobile-Swarm-Navigation/install/hls_lfcd_lds_driver/share/hls_lfcd_lds_driver/local_setup.dsv
[5.865s] -- Installing: /home/duck_sh/Mobile-Swarm-Navigation/install/hls_lfcd_lds_driver/share/hls_lfcd_lds_driver/package.dsv
[5.865s] -- Installing: /home/duck_sh/Mobile-Swarm-Navigation/install/hls_lfcd_lds_driver/share/ament_index/resource_index/packages/hls_lfcd_lds_driver
[5.865s] -- Installing: /home/duck_sh/Mobile-Swarm-Navigation/install/hls_lfcd_lds_driver/share/hls_lfcd_lds_driver/cmake/ament_cmake_export_dependencies-extras.cmake
[5.865s] -- Installing: /home/duck_sh/Mobile-Swarm-Navigation/install/hls_lfcd_lds_driver/share/hls_lfcd_lds_driver/cmake/ament_cmake_export_include_directories-extras.cmake
[5.865s] -- Installing: /home/duck_sh/Mobile-Swarm-Navigation/install/hls_lfcd_lds_driver/share/hls_lfcd_lds_driver/cmake/hls_lfcd_lds_driverConfig.cmake
[5.866s] -- Installing: /home/duck_sh/Mobile-Swarm-Navigation/install/hls_lfcd_lds_driver/share/hls_lfcd_lds_driver/cmake/hls_lfcd_lds_driverConfig-version.cmake
[5.866s] -- Installing: /home/duck_sh/Mobile-Swarm-Navigation/install/hls_lfcd_lds_driver/share/hls_lfcd_lds_driver/package.xml
[5.868s] Invoked command in '/home/duck_sh/Mobile-Swarm-Navigation/build/hls_lfcd_lds_driver' returned '0': CMAKE_PREFIX_PATH=${CMAKE_PREFIX_PATH}:/home/duck_sh/Mobile-Swarm-Navigation/install/turtlebot3_teleop:/home/duck_sh/Mobile-Swarm-Navigation/install/turtlebot3_example:/home/duck_sh/ros2_ws/install/my_py_pkg:/home/duck_sh/turtlebot3_manipulation-humble-devel/install/ros2_controllers_test_nodes:/opt/ros/humble /usr/bin/cmake --install /home/duck_sh/Mobile-Swarm-Navigation/build/hls_lfcd_lds_driver
