[0.829s] Invoking command in '/home/pacman/turtlebot3_ws/src/scheduler': PYTHONPATH=/home/pacman/turtlebot3_ws/build/scheduler/prefix_override:/home/pacman/.local/lib/python3.10/site-packages/colcon_core/task/python/colcon_distutils_commands:/home/pacman/turtlebot3_ws/install/scheduler/lib/python3.10/site-packages:${PYTHONPATH} /usr/bin/python3 -W ignore:setup.py install is deprecated setup.py egg_info --egg-base ../../build/scheduler build --build-base /home/pacman/turtlebot3_ws/build/scheduler/build install --record /home/pacman/turtlebot3_ws/build/scheduler/install.log --single-version-externally-managed install_data
[0.996s] running egg_info
[0.996s] writing ../../build/scheduler/scheduler.egg-info/PKG-INFO
[0.996s] writing dependency_links to ../../build/scheduler/scheduler.egg-info/dependency_links.txt
[0.997s] writing entry points to ../../build/scheduler/scheduler.egg-info/entry_points.txt
[0.997s] writing requirements to ../../build/scheduler/scheduler.egg-info/requires.txt
[0.997s] writing top-level names to ../../build/scheduler/scheduler.egg-info/top_level.txt
[0.998s] reading manifest file '../../build/scheduler/scheduler.egg-info/SOURCES.txt'
[0.999s] writing manifest file '../../build/scheduler/scheduler.egg-info/SOURCES.txt'
[0.999s] running build
[0.999s] running build_py
[0.999s] copying scheduler/scheduler_3.py -> /home/pacman/turtlebot3_ws/build/scheduler/build/lib/scheduler
[0.999s] running install
[0.999s] running install_lib
[1.000s] copying /home/pacman/turtlebot3_ws/build/scheduler/build/lib/scheduler/scheduler_3.py -> /home/pacman/turtlebot3_ws/install/scheduler/lib/python3.10/site-packages/scheduler
[1.000s] byte-compiling /home/pacman/turtlebot3_ws/install/scheduler/lib/python3.10/site-packages/scheduler/scheduler_3.py to scheduler_3.cpython-310.pyc
[1.002s] running install_data
[1.002s] running install_egg_info
[1.004s] removing '/home/pacman/turtlebot3_ws/install/scheduler/lib/python3.10/site-packages/scheduler-0.0.0-py3.10.egg-info' (and everything under it)
[1.004s] Copying ../../build/scheduler/scheduler.egg-info to /home/pacman/turtlebot3_ws/install/scheduler/lib/python3.10/site-packages/scheduler-0.0.0-py3.10.egg-info
[1.004s] running install_scripts
[1.020s] Installing scheduler_2 script to /home/pacman/turtlebot3_ws/install/scheduler/lib/scheduler
[1.020s] Installing scheduler_3 script to /home/pacman/turtlebot3_ws/install/scheduler/lib/scheduler
[1.020s] Installing sub_scheduler script to /home/pacman/turtlebot3_ws/install/scheduler/lib/scheduler
[1.020s] writing list of installed files to '/home/pacman/turtlebot3_ws/build/scheduler/install.log'
[1.038s] Invoked command in '/home/pacman/turtlebot3_ws/src/scheduler' returned '0': PYTHONPATH=/home/pacman/turtlebot3_ws/build/scheduler/prefix_override:/home/pacman/.local/lib/python3.10/site-packages/colcon_core/task/python/colcon_distutils_commands:/home/pacman/turtlebot3_ws/install/scheduler/lib/python3.10/site-packages:${PYTHONPATH} /usr/bin/python3 -W ignore:setup.py install is deprecated setup.py egg_info --egg-base ../../build/scheduler build --build-base /home/pacman/turtlebot3_ws/build/scheduler/build install --record /home/pacman/turtlebot3_ws/build/scheduler/install.log --single-version-externally-managed install_data
