[0.051s] DEBUG:colcon:Command line arguments: ['/usr/bin/colcon', 'build', '--packages-select', 'turtlebot3_manipulation_description']
[0.051s] DEBUG:colcon:Parsed command line arguments: Namespace(log_base=None, log_level=None, verb_name='build', build_base='build', install_base='install', merge_install=False, symlink_install=False, test_result_base=None, continue_on_error=False, executor='parallel', parallel_workers=32, event_handlers=None, ignore_user_meta=False, metas=['./colcon.meta'], base_paths=['.'], packages_ignore=None, packages_ignore_regex=None, paths=None, packages_up_to=None, packages_up_to_regex=None, packages_above=None, packages_above_and_dependencies=None, packages_above_depth=None, packages_select_by_dep=None, packages_skip_by_dep=None, packages_skip_up_to=None, packages_select_build_failed=False, packages_skip_build_finished=False, packages_select_test_failures=False, packages_skip_test_passed=False, packages_select=['turtlebot3_manipulation_description'], packages_skip=None, packages_select_regex=None, packages_skip_regex=None, packages_start=None, packages_end=None, allow_overriding=[], cmake_args=None, cmake_target=None, cmake_target_skip_unavailable=False, cmake_clean_cache=False, cmake_clean_first=False, cmake_force_configure=False, ament_cmake_args=None, catkin_cmake_args=None, catkin_skip_building_tests=False, mixin_files=None, mixin=None, verb_parser=<colcon_mixin.mixin.mixin_argument.MixinArgumentDecorator object at 0x77cb35b3b3d0>, verb_extension=<colcon_core.verb.build.BuildVerb object at 0x77cb35b3ae00>, main=<bound method BuildVerb.main of <colcon_core.verb.build.BuildVerb object at 0x77cb35b3ae00>>, mixin_verb=('build',))
[0.130s] Level 1:colcon.colcon_core.package_discovery:discover_packages(colcon_meta) check parameters
[0.130s] Level 1:colcon.colcon_core.package_discovery:discover_packages(recursive) check parameters
[0.130s] Level 1:colcon.colcon_core.package_discovery:discover_packages(ignore) check parameters
[0.130s] Level 1:colcon.colcon_core.package_discovery:discover_packages(path) check parameters
[0.130s] Level 1:colcon.colcon_core.package_discovery:discover_packages(colcon_meta) discover
[0.130s] Level 1:colcon.colcon_core.package_discovery:discover_packages(recursive) discover
[0.130s] INFO:colcon.colcon_core.package_discovery:Crawling recursively for packages in '/home/duck_sh/turtlebot3_manipulation-humble-devel'
[0.130s] Level 1:colcon.colcon_core.package_identification:_identify(.) by extensions ['ignore', 'ignore_ament_install']
[0.131s] Level 1:colcon.colcon_core.package_identification:_identify(.) by extension 'ignore'
[0.131s] Level 1:colcon.colcon_core.package_identification:_identify(.) by extension 'ignore_ament_install'
[0.131s] Level 1:colcon.colcon_core.package_identification:_identify(.) by extensions ['colcon_pkg']
[0.131s] Level 1:colcon.colcon_core.package_identification:_identify(.) by extension 'colcon_pkg'
[0.131s] Level 1:colcon.colcon_core.package_identification:_identify(.) by extensions ['colcon_meta']
[0.131s] Level 1:colcon.colcon_core.package_identification:_identify(.) by extension 'colcon_meta'
[0.131s] Level 1:colcon.colcon_core.package_identification:_identify(.) by extensions ['ros']
[0.131s] Level 1:colcon.colcon_core.package_identification:_identify(.) by extension 'ros'
[0.136s] Level 1:colcon.colcon_core.package_identification:_identify(.) by extensions ['cmake', 'python']
[0.136s] Level 1:colcon.colcon_core.package_identification:_identify(.) by extension 'cmake'
[0.136s] Level 1:colcon.colcon_core.package_identification:_identify(.) by extension 'python'
[0.136s] Level 1:colcon.colcon_core.package_identification:_identify(.) by extensions ['python_setup_py']
[0.136s] Level 1:colcon.colcon_core.package_identification:_identify(.) by extension 'python_setup_py'
[0.136s] Level 1:colcon.colcon_core.package_identification:_identify(build) by extensions ['ignore', 'ignore_ament_install']
[0.137s] Level 1:colcon.colcon_core.package_identification:_identify(build) by extension 'ignore'
[0.137s] Level 1:colcon.colcon_core.package_identification:_identify(build) ignored
[0.137s] Level 1:colcon.colcon_core.package_identification:_identify(install) by extensions ['ignore', 'ignore_ament_install']
[0.137s] Level 1:colcon.colcon_core.package_identification:_identify(install) by extension 'ignore'
[0.137s] Level 1:colcon.colcon_core.package_identification:_identify(install) ignored
[0.137s] Level 1:colcon.colcon_core.package_identification:_identify(log) by extensions ['ignore', 'ignore_ament_install']
[0.137s] Level 1:colcon.colcon_core.package_identification:_identify(log) by extension 'ignore'
[0.137s] Level 1:colcon.colcon_core.package_identification:_identify(log) ignored
[0.137s] Level 1:colcon.colcon_core.package_identification:_identify(turtlebot3_manipulation) by extensions ['ignore', 'ignore_ament_install']
[0.137s] Level 1:colcon.colcon_core.package_identification:_identify(turtlebot3_manipulation) by extension 'ignore'
[0.137s] Level 1:colcon.colcon_core.package_identification:_identify(turtlebot3_manipulation) by extension 'ignore_ament_install'
[0.137s] Level 1:colcon.colcon_core.package_identification:_identify(turtlebot3_manipulation) by extensions ['colcon_pkg']
[0.137s] Level 1:colcon.colcon_core.package_identification:_identify(turtlebot3_manipulation) by extension 'colcon_pkg'
[0.137s] Level 1:colcon.colcon_core.package_identification:_identify(turtlebot3_manipulation) by extensions ['colcon_meta']
[0.137s] Level 1:colcon.colcon_core.package_identification:_identify(turtlebot3_manipulation) by extension 'colcon_meta'
[0.137s] Level 1:colcon.colcon_core.package_identification:_identify(turtlebot3_manipulation) by extensions ['ros']
[0.137s] Level 1:colcon.colcon_core.package_identification:_identify(turtlebot3_manipulation) by extension 'ros'
[0.138s] DEBUG:colcon.colcon_core.package_identification:Package 'turtlebot3_manipulation' with type 'ros.ament_cmake' and name 'turtlebot3_manipulation'
[0.138s] Level 1:colcon.colcon_core.package_identification:_identify(turtlebot3_manipulation_bringup) by extensions ['ignore', 'ignore_ament_install']
[0.138s] Level 1:colcon.colcon_core.package_identification:_identify(turtlebot3_manipulation_bringup) by extension 'ignore'
[0.138s] Level 1:colcon.colcon_core.package_identification:_identify(turtlebot3_manipulation_bringup) by extension 'ignore_ament_install'
[0.138s] Level 1:colcon.colcon_core.package_identification:_identify(turtlebot3_manipulation_bringup) by extensions ['colcon_pkg']
[0.138s] Level 1:colcon.colcon_core.package_identification:_identify(turtlebot3_manipulation_bringup) by extension 'colcon_pkg'
[0.138s] Level 1:colcon.colcon_core.package_identification:_identify(turtlebot3_manipulation_bringup) by extensions ['colcon_meta']
[0.138s] Level 1:colcon.colcon_core.package_identification:_identify(turtlebot3_manipulation_bringup) by extension 'colcon_meta'
[0.138s] Level 1:colcon.colcon_core.package_identification:_identify(turtlebot3_manipulation_bringup) by extensions ['ros']
[0.138s] Level 1:colcon.colcon_core.package_identification:_identify(turtlebot3_manipulation_bringup) by extension 'ros'
[0.139s] DEBUG:colcon.colcon_core.package_identification:Package 'turtlebot3_manipulation_bringup' with type 'ros.ament_cmake' and name 'turtlebot3_manipulation_bringup'
[0.139s] Level 1:colcon.colcon_core.package_identification:_identify(turtlebot3_manipulation_cartographer) by extensions ['ignore', 'ignore_ament_install']
[0.139s] Level 1:colcon.colcon_core.package_identification:_identify(turtlebot3_manipulation_cartographer) by extension 'ignore'
[0.139s] Level 1:colcon.colcon_core.package_identification:_identify(turtlebot3_manipulation_cartographer) by extension 'ignore_ament_install'
[0.139s] Level 1:colcon.colcon_core.package_identification:_identify(turtlebot3_manipulation_cartographer) by extensions ['colcon_pkg']
[0.139s] Level 1:colcon.colcon_core.package_identification:_identify(turtlebot3_manipulation_cartographer) by extension 'colcon_pkg'
[0.139s] Level 1:colcon.colcon_core.package_identification:_identify(turtlebot3_manipulation_cartographer) by extensions ['colcon_meta']
[0.139s] Level 1:colcon.colcon_core.package_identification:_identify(turtlebot3_manipulation_cartographer) by extension 'colcon_meta'
[0.139s] Level 1:colcon.colcon_core.package_identification:_identify(turtlebot3_manipulation_cartographer) by extensions ['ros']
[0.139s] Level 1:colcon.colcon_core.package_identification:_identify(turtlebot3_manipulation_cartographer) by extension 'ros'
[0.139s] DEBUG:colcon.colcon_core.package_identification:Package 'turtlebot3_manipulation_cartographer' with type 'ros.ament_cmake' and name 'turtlebot3_manipulation_cartographer'
[0.139s] Level 1:colcon.colcon_core.package_identification:_identify(turtlebot3_manipulation_description) by extensions ['ignore', 'ignore_ament_install']
[0.139s] Level 1:colcon.colcon_core.package_identification:_identify(turtlebot3_manipulation_description) by extension 'ignore'
[0.139s] Level 1:colcon.colcon_core.package_identification:_identify(turtlebot3_manipulation_description) by extension 'ignore_ament_install'
[0.139s] Level 1:colcon.colcon_core.package_identification:_identify(turtlebot3_manipulation_description) by extensions ['colcon_pkg']
[0.139s] Level 1:colcon.colcon_core.package_identification:_identify(turtlebot3_manipulation_description) by extension 'colcon_pkg'
[0.139s] Level 1:colcon.colcon_core.package_identification:_identify(turtlebot3_manipulation_description) by extensions ['colcon_meta']
[0.139s] Level 1:colcon.colcon_core.package_identification:_identify(turtlebot3_manipulation_description) by extension 'colcon_meta'
[0.139s] Level 1:colcon.colcon_core.package_identification:_identify(turtlebot3_manipulation_description) by extensions ['ros']
[0.139s] Level 1:colcon.colcon_core.package_identification:_identify(turtlebot3_manipulation_description) by extension 'ros'
[0.140s] DEBUG:colcon.colcon_core.package_identification:Package 'turtlebot3_manipulation_description' with type 'ros.ament_cmake' and name 'turtlebot3_manipulation_description'
[0.140s] Level 1:colcon.colcon_core.package_identification:_identify(turtlebot3_manipulation_hardware) by extensions ['ignore', 'ignore_ament_install']
[0.140s] Level 1:colcon.colcon_core.package_identification:_identify(turtlebot3_manipulation_hardware) by extension 'ignore'
[0.140s] Level 1:colcon.colcon_core.package_identification:_identify(turtlebot3_manipulation_hardware) by extension 'ignore_ament_install'
[0.140s] Level 1:colcon.colcon_core.package_identification:_identify(turtlebot3_manipulation_hardware) by extensions ['colcon_pkg']
[0.140s] Level 1:colcon.colcon_core.package_identification:_identify(turtlebot3_manipulation_hardware) by extension 'colcon_pkg'
[0.140s] Level 1:colcon.colcon_core.package_identification:_identify(turtlebot3_manipulation_hardware) by extensions ['colcon_meta']
[0.140s] Level 1:colcon.colcon_core.package_identification:_identify(turtlebot3_manipulation_hardware) by extension 'colcon_meta'
[0.140s] Level 1:colcon.colcon_core.package_identification:_identify(turtlebot3_manipulation_hardware) by extensions ['ros']
[0.140s] Level 1:colcon.colcon_core.package_identification:_identify(turtlebot3_manipulation_hardware) by extension 'ros'
[0.140s] DEBUG:colcon.colcon_core.package_identification:Package 'turtlebot3_manipulation_hardware' with type 'ros.ament_cmake' and name 'turtlebot3_manipulation_hardware'
[0.140s] Level 1:colcon.colcon_core.package_identification:_identify(turtlebot3_manipulation_moveit_config) by extensions ['ignore', 'ignore_ament_install']
[0.140s] Level 1:colcon.colcon_core.package_identification:_identify(turtlebot3_manipulation_moveit_config) by extension 'ignore'
[0.140s] Level 1:colcon.colcon_core.package_identification:_identify(turtlebot3_manipulation_moveit_config) by extension 'ignore_ament_install'
[0.140s] Level 1:colcon.colcon_core.package_identification:_identify(turtlebot3_manipulation_moveit_config) by extensions ['colcon_pkg']
[0.140s] Level 1:colcon.colcon_core.package_identification:_identify(turtlebot3_manipulation_moveit_config) by extension 'colcon_pkg'
[0.140s] Level 1:colcon.colcon_core.package_identification:_identify(turtlebot3_manipulation_moveit_config) by extensions ['colcon_meta']
[0.140s] Level 1:colcon.colcon_core.package_identification:_identify(turtlebot3_manipulation_moveit_config) by extension 'colcon_meta'
[0.140s] Level 1:colcon.colcon_core.package_identification:_identify(turtlebot3_manipulation_moveit_config) by extensions ['ros']
[0.140s] Level 1:colcon.colcon_core.package_identification:_identify(turtlebot3_manipulation_moveit_config) by extension 'ros'
[0.141s] DEBUG:colcon.colcon_core.package_identification:Package 'turtlebot3_manipulation_moveit_config' with type 'ros.ament_cmake' and name 'turtlebot3_manipulation_moveit_config'
[0.141s] Level 1:colcon.colcon_core.package_identification:_identify(turtlebot3_manipulation_navigation2) by extensions ['ignore', 'ignore_ament_install']
[0.141s] Level 1:colcon.colcon_core.package_identification:_identify(turtlebot3_manipulation_navigation2) by extension 'ignore'
[0.141s] Level 1:colcon.colcon_core.package_identification:_identify(turtlebot3_manipulation_navigation2) by extension 'ignore_ament_install'
[0.141s] Level 1:colcon.colcon_core.package_identification:_identify(turtlebot3_manipulation_navigation2) by extensions ['colcon_pkg']
[0.141s] Level 1:colcon.colcon_core.package_identification:_identify(turtlebot3_manipulation_navigation2) by extension 'colcon_pkg'
[0.141s] Level 1:colcon.colcon_core.package_identification:_identify(turtlebot3_manipulation_navigation2) by extensions ['colcon_meta']
[0.141s] Level 1:colcon.colcon_core.package_identification:_identify(turtlebot3_manipulation_navigation2) by extension 'colcon_meta'
[0.141s] Level 1:colcon.colcon_core.package_identification:_identify(turtlebot3_manipulation_navigation2) by extensions ['ros']
[0.141s] Level 1:colcon.colcon_core.package_identification:_identify(turtlebot3_manipulation_navigation2) by extension 'ros'
[0.141s] DEBUG:colcon.colcon_core.package_identification:Package 'turtlebot3_manipulation_navigation2' with type 'ros.ament_cmake' and name 'turtlebot3_manipulation_navigation2'
[0.141s] Level 1:colcon.colcon_core.package_identification:_identify(turtlebot3_manipulation_teleop) by extensions ['ignore', 'ignore_ament_install']
[0.141s] Level 1:colcon.colcon_core.package_identification:_identify(turtlebot3_manipulation_teleop) by extension 'ignore'
[0.141s] Level 1:colcon.colcon_core.package_identification:_identify(turtlebot3_manipulation_teleop) by extension 'ignore_ament_install'
[0.141s] Level 1:colcon.colcon_core.package_identification:_identify(turtlebot3_manipulation_teleop) by extensions ['colcon_pkg']
[0.141s] Level 1:colcon.colcon_core.package_identification:_identify(turtlebot3_manipulation_teleop) by extension 'colcon_pkg'
[0.141s] Level 1:colcon.colcon_core.package_identification:_identify(turtlebot3_manipulation_teleop) by extensions ['colcon_meta']
[0.141s] Level 1:colcon.colcon_core.package_identification:_identify(turtlebot3_manipulation_teleop) by extension 'colcon_meta'
[0.141s] Level 1:colcon.colcon_core.package_identification:_identify(turtlebot3_manipulation_teleop) by extensions ['ros']
[0.141s] Level 1:colcon.colcon_core.package_identification:_identify(turtlebot3_manipulation_teleop) by extension 'ros'
[0.142s] DEBUG:colcon.colcon_core.package_identification:Package 'turtlebot3_manipulation_teleop' with type 'ros.ament_cmake' and name 'turtlebot3_manipulation_teleop'
[0.142s] Level 1:colcon.colcon_core.package_discovery:discover_packages(recursive) using defaults
[0.142s] Level 1:colcon.colcon_core.package_discovery:discover_packages(ignore) discover
[0.142s] Level 1:colcon.colcon_core.package_discovery:discover_packages(ignore) using defaults
[0.142s] Level 1:colcon.colcon_core.package_discovery:discover_packages(path) discover
[0.142s] Level 1:colcon.colcon_core.package_discovery:discover_packages(path) using defaults
[0.157s] INFO:colcon.colcon_core.package_selection:Skipping not selected package 'turtlebot3_manipulation_cartographer' in 'turtlebot3_manipulation_cartographer'
[0.157s] INFO:colcon.colcon_core.package_selection:Skipping not selected package 'turtlebot3_manipulation_hardware' in 'turtlebot3_manipulation_hardware'
[0.158s] INFO:colcon.colcon_core.package_selection:Skipping not selected package 'turtlebot3_manipulation_navigation2' in 'turtlebot3_manipulation_navigation2'
[0.158s] INFO:colcon.colcon_core.package_selection:Skipping not selected package 'turtlebot3_manipulation_bringup' in 'turtlebot3_manipulation_bringup'
[0.158s] INFO:colcon.colcon_core.package_selection:Skipping not selected package 'turtlebot3_manipulation_moveit_config' in 'turtlebot3_manipulation_moveit_config'
[0.158s] INFO:colcon.colcon_core.package_selection:Skipping not selected package 'turtlebot3_manipulation_teleop' in 'turtlebot3_manipulation_teleop'
[0.158s] INFO:colcon.colcon_core.package_selection:Skipping not selected package 'turtlebot3_manipulation' in 'turtlebot3_manipulation'
[0.158s] Level 1:colcon.colcon_core.package_discovery:discover_packages(prefix_path) check parameters
[0.158s] Level 1:colcon.colcon_core.package_discovery:discover_packages(prefix_path) discover
[0.159s] DEBUG:colcon.colcon_installed_package_information.package_discovery:Found 4 installed packages in /home/duck_sh/ros2_ws/install
[0.159s] DEBUG:colcon.colcon_installed_package_information.package_discovery:Found 16 installed packages in /home/duck_sh/pico_ws/install
[0.160s] DEBUG:colcon.colcon_installed_package_information.package_discovery:Found 382 installed packages in /opt/ros/humble
[0.161s] Level 1:colcon.colcon_core.package_discovery:discover_packages(prefix_path) using defaults
[0.182s] Level 5:colcon.colcon_core.verb:set package 'turtlebot3_manipulation_description' build argument 'cmake_args' from command line to 'None'
[0.182s] Level 5:colcon.colcon_core.verb:set package 'turtlebot3_manipulation_description' build argument 'cmake_target' from command line to 'None'
[0.182s] Level 5:colcon.colcon_core.verb:set package 'turtlebot3_manipulation_description' build argument 'cmake_target_skip_unavailable' from command line to 'False'
[0.182s] Level 5:colcon.colcon_core.verb:set package 'turtlebot3_manipulation_description' build argument 'cmake_clean_cache' from command line to 'False'
[0.182s] Level 5:colcon.colcon_core.verb:set package 'turtlebot3_manipulation_description' build argument 'cmake_clean_first' from command line to 'False'
[0.182s] Level 5:colcon.colcon_core.verb:set package 'turtlebot3_manipulation_description' build argument 'cmake_force_configure' from command line to 'False'
[0.182s] Level 5:colcon.colcon_core.verb:set package 'turtlebot3_manipulation_description' build argument 'ament_cmake_args' from command line to 'None'
[0.182s] Level 5:colcon.colcon_core.verb:set package 'turtlebot3_manipulation_description' build argument 'catkin_cmake_args' from command line to 'None'
[0.182s] Level 5:colcon.colcon_core.verb:set package 'turtlebot3_manipulation_description' build argument 'catkin_skip_building_tests' from command line to 'False'
[0.182s] DEBUG:colcon.colcon_core.verb:Building package 'turtlebot3_manipulation_description' with the following arguments: {'ament_cmake_args': None, 'build_base': '/home/duck_sh/turtlebot3_manipulation-humble-devel/build/turtlebot3_manipulation_description', 'catkin_cmake_args': None, 'catkin_skip_building_tests': False, 'cmake_args': None, 'cmake_clean_cache': False, 'cmake_clean_first': False, 'cmake_force_configure': False, 'cmake_target': None, 'cmake_target_skip_unavailable': False, 'install_base': '/home/duck_sh/turtlebot3_manipulation-humble-devel/install/turtlebot3_manipulation_description', 'merge_install': False, 'path': '/home/duck_sh/turtlebot3_manipulation-humble-devel/turtlebot3_manipulation_description', 'symlink_install': False, 'test_result_base': None}
[0.182s] INFO:colcon.colcon_core.executor:Executing jobs using 'parallel' executor
[0.183s] DEBUG:colcon.colcon_parallel_executor.executor.parallel:run_until_complete
[0.183s] INFO:colcon.colcon_ros.task.ament_cmake.build:Building ROS package in '/home/duck_sh/turtlebot3_manipulation-humble-devel/turtlebot3_manipulation_description' with build type 'ament_cmake'
[0.183s] INFO:colcon.colcon_cmake.task.cmake.build:Building CMake package in '/home/duck_sh/turtlebot3_manipulation-humble-devel/turtlebot3_manipulation_description'
[0.184s] INFO:colcon.colcon_core.plugin_system:Skipping extension 'colcon_core.shell.bat': Not used on non-Windows systems
[0.184s] INFO:colcon.colcon_core.shell:Skip shell extension 'powershell' for command environment: Not usable outside of PowerShell
[0.184s] DEBUG:colcon.colcon_core.shell:Skip shell extension 'dsv' for command environment
[0.190s] DEBUG:colcon.colcon_core.event_handler.log_command:Invoking command in '/home/duck_sh/turtlebot3_manipulation-humble-devel/build/turtlebot3_manipulation_description': CMAKE_PREFIX_PATH=${CMAKE_PREFIX_PATH}:/home/duck_sh/ros2_ws/install/my_py_pkg:/opt/ros/humble /usr/bin/cmake --build /home/duck_sh/turtlebot3_manipulation-humble-devel/build/turtlebot3_manipulation_description -- -j32 -l32
[0.219s] DEBUG:colcon.colcon_core.event_handler.log_command:Invoked command in '/home/duck_sh/turtlebot3_manipulation-humble-devel/build/turtlebot3_manipulation_description' returned '0': CMAKE_PREFIX_PATH=${CMAKE_PREFIX_PATH}:/home/duck_sh/ros2_ws/install/my_py_pkg:/opt/ros/humble /usr/bin/cmake --build /home/duck_sh/turtlebot3_manipulation-humble-devel/build/turtlebot3_manipulation_description -- -j32 -l32
[0.273s] DEBUG:colcon.colcon_core.event_handler.log_command:Invoking command in '/home/duck_sh/turtlebot3_manipulation-humble-devel/build/turtlebot3_manipulation_description': CMAKE_PREFIX_PATH=${CMAKE_PREFIX_PATH}:/home/duck_sh/ros2_ws/install/my_py_pkg:/opt/ros/humble /usr/bin/cmake --install /home/duck_sh/turtlebot3_manipulation-humble-devel/build/turtlebot3_manipulation_description
[0.288s] Level 1:colcon.colcon_core.environment:create_environment_scripts_only(turtlebot3_manipulation_description)
[0.295s] DEBUG:colcon.colcon_core.event_handler.log_command:Invoked command in '/home/duck_sh/turtlebot3_manipulation-humble-devel/build/turtlebot3_manipulation_description' returned '0': CMAKE_PREFIX_PATH=${CMAKE_PREFIX_PATH}:/home/duck_sh/ros2_ws/install/my_py_pkg:/opt/ros/humble /usr/bin/cmake --install /home/duck_sh/turtlebot3_manipulation-humble-devel/build/turtlebot3_manipulation_description
[0.296s] Level 1:colcon.colcon_core.environment:checking '/home/duck_sh/turtlebot3_manipulation-humble-devel/install/turtlebot3_manipulation_description' for CMake module files
[0.297s] Level 1:colcon.colcon_core.environment:checking '/home/duck_sh/turtlebot3_manipulation-humble-devel/install/turtlebot3_manipulation_description' for CMake config files
[0.297s] Level 1:colcon.colcon_core.shell:create_environment_hook('turtlebot3_manipulation_description', 'cmake_prefix_path')
[0.297s] INFO:colcon.colcon_core.shell:Creating environment hook '/home/duck_sh/turtlebot3_manipulation-humble-devel/install/turtlebot3_manipulation_description/share/turtlebot3_manipulation_description/hook/cmake_prefix_path.ps1'
[0.298s] INFO:colcon.colcon_core.shell:Creating environment descriptor '/home/duck_sh/turtlebot3_manipulation-humble-devel/install/turtlebot3_manipulation_description/share/turtlebot3_manipulation_description/hook/cmake_prefix_path.dsv'
[0.298s] INFO:colcon.colcon_core.shell:Creating environment hook '/home/duck_sh/turtlebot3_manipulation-humble-devel/install/turtlebot3_manipulation_description/share/turtlebot3_manipulation_description/hook/cmake_prefix_path.sh'
[0.298s] Level 1:colcon.colcon_core.environment:checking '/home/duck_sh/turtlebot3_manipulation-humble-devel/install/turtlebot3_manipulation_description/bin'
[0.298s] Level 1:colcon.colcon_core.environment:checking '/home/duck_sh/turtlebot3_manipulation-humble-devel/install/turtlebot3_manipulation_description/lib/pkgconfig/turtlebot3_manipulation_description.pc'
[0.299s] Level 1:colcon.colcon_core.environment:checking '/home/duck_sh/turtlebot3_manipulation-humble-devel/install/turtlebot3_manipulation_description/lib/python3.10/site-packages'
[0.299s] Level 1:colcon.colcon_core.environment:checking '/home/duck_sh/turtlebot3_manipulation-humble-devel/install/turtlebot3_manipulation_description/bin'
[0.299s] INFO:colcon.colcon_core.shell:Creating package script '/home/duck_sh/turtlebot3_manipulation-humble-devel/install/turtlebot3_manipulation_description/share/turtlebot3_manipulation_description/package.ps1'
[0.299s] INFO:colcon.colcon_core.shell:Creating package descriptor '/home/duck_sh/turtlebot3_manipulation-humble-devel/install/turtlebot3_manipulation_description/share/turtlebot3_manipulation_description/package.dsv'
[0.299s] INFO:colcon.colcon_core.shell:Creating package script '/home/duck_sh/turtlebot3_manipulation-humble-devel/install/turtlebot3_manipulation_description/share/turtlebot3_manipulation_description/package.sh'
[0.300s] INFO:colcon.colcon_core.shell:Creating package script '/home/duck_sh/turtlebot3_manipulation-humble-devel/install/turtlebot3_manipulation_description/share/turtlebot3_manipulation_description/package.bash'
[0.300s] INFO:colcon.colcon_core.shell:Creating package script '/home/duck_sh/turtlebot3_manipulation-humble-devel/install/turtlebot3_manipulation_description/share/turtlebot3_manipulation_description/package.zsh'
[0.300s] Level 1:colcon.colcon_core.environment:create_file_with_runtime_dependencies(/home/duck_sh/turtlebot3_manipulation-humble-devel/install/turtlebot3_manipulation_description/share/colcon-core/packages/turtlebot3_manipulation_description)
[0.328s] Level 1:colcon.colcon_core.environment:create_environment_scripts_only(turtlebot3_manipulation_description)
[0.328s] Level 1:colcon.colcon_core.environment:checking '/home/duck_sh/turtlebot3_manipulation-humble-devel/install/turtlebot3_manipulation_description' for CMake module files
[0.329s] Level 1:colcon.colcon_core.environment:checking '/home/duck_sh/turtlebot3_manipulation-humble-devel/install/turtlebot3_manipulation_description' for CMake config files
[0.329s] Level 1:colcon.colcon_core.shell:create_environment_hook('turtlebot3_manipulation_description', 'cmake_prefix_path')
[0.329s] INFO:colcon.colcon_core.shell:Creating environment hook '/home/duck_sh/turtlebot3_manipulation-humble-devel/install/turtlebot3_manipulation_description/share/turtlebot3_manipulation_description/hook/cmake_prefix_path.ps1'
[0.329s] INFO:colcon.colcon_core.shell:Creating environment descriptor '/home/duck_sh/turtlebot3_manipulation-humble-devel/install/turtlebot3_manipulation_description/share/turtlebot3_manipulation_description/hook/cmake_prefix_path.dsv'
[0.330s] INFO:colcon.colcon_core.shell:Creating environment hook '/home/duck_sh/turtlebot3_manipulation-humble-devel/install/turtlebot3_manipulation_description/share/turtlebot3_manipulation_description/hook/cmake_prefix_path.sh'
[0.330s] Level 1:colcon.colcon_core.environment:checking '/home/duck_sh/turtlebot3_manipulation-humble-devel/install/turtlebot3_manipulation_description/bin'
[0.330s] Level 1:colcon.colcon_core.environment:checking '/home/duck_sh/turtlebot3_manipulation-humble-devel/install/turtlebot3_manipulation_description/lib/pkgconfig/turtlebot3_manipulation_description.pc'
[0.331s] Level 1:colcon.colcon_core.environment:checking '/home/duck_sh/turtlebot3_manipulation-humble-devel/install/turtlebot3_manipulation_description/lib/python3.10/site-packages'
[0.331s] Level 1:colcon.colcon_core.environment:checking '/home/duck_sh/turtlebot3_manipulation-humble-devel/install/turtlebot3_manipulation_description/bin'
[0.331s] INFO:colcon.colcon_core.shell:Creating package script '/home/duck_sh/turtlebot3_manipulation-humble-devel/install/turtlebot3_manipulation_description/share/turtlebot3_manipulation_description/package.ps1'
[0.332s] INFO:colcon.colcon_core.shell:Creating package descriptor '/home/duck_sh/turtlebot3_manipulation-humble-devel/install/turtlebot3_manipulation_description/share/turtlebot3_manipulation_description/package.dsv'
[0.332s] INFO:colcon.colcon_core.shell:Creating package script '/home/duck_sh/turtlebot3_manipulation-humble-devel/install/turtlebot3_manipulation_description/share/turtlebot3_manipulation_description/package.sh'
[0.333s] INFO:colcon.colcon_core.shell:Creating package script '/home/duck_sh/turtlebot3_manipulation-humble-devel/install/turtlebot3_manipulation_description/share/turtlebot3_manipulation_description/package.bash'
[0.333s] INFO:colcon.colcon_core.shell:Creating package script '/home/duck_sh/turtlebot3_manipulation-humble-devel/install/turtlebot3_manipulation_description/share/turtlebot3_manipulation_description/package.zsh'
[0.333s] Level 1:colcon.colcon_core.environment:create_file_with_runtime_dependencies(/home/duck_sh/turtlebot3_manipulation-humble-devel/install/turtlebot3_manipulation_description/share/colcon-core/packages/turtlebot3_manipulation_description)
[0.334s] DEBUG:colcon.colcon_parallel_executor.executor.parallel:closing loop
[0.334s] DEBUG:colcon.colcon_parallel_executor.executor.parallel:loop closed
[0.334s] DEBUG:colcon.colcon_parallel_executor.executor.parallel:run_until_complete finished with '0'
[0.334s] DEBUG:colcon.colcon_core.event_reactor:joining thread
[0.341s] INFO:colcon.colcon_core.plugin_system:Skipping extension 'colcon_notification.desktop_notification.terminal_notifier': Not used on non-Darwin systems
[0.341s] INFO:colcon.colcon_core.plugin_system:Skipping extension 'colcon_notification.desktop_notification.win32': Not used on non-Windows systems
[0.341s] INFO:colcon.colcon_notification.desktop_notification:Sending desktop notification using 'notify2'
[0.354s] DEBUG:colcon.colcon_core.event_reactor:joined thread
[0.354s] INFO:colcon.colcon_core.shell:Creating prefix script '/home/duck_sh/turtlebot3_manipulation-humble-devel/install/local_setup.ps1'
[0.355s] INFO:colcon.colcon_core.shell:Creating prefix util module '/home/duck_sh/turtlebot3_manipulation-humble-devel/install/_local_setup_util_ps1.py'
[0.356s] INFO:colcon.colcon_core.shell:Creating prefix chain script '/home/duck_sh/turtlebot3_manipulation-humble-devel/install/setup.ps1'
[0.358s] INFO:colcon.colcon_core.shell:Creating prefix script '/home/duck_sh/turtlebot3_manipulation-humble-devel/install/local_setup.sh'
[0.358s] INFO:colcon.colcon_core.shell:Creating prefix util module '/home/duck_sh/turtlebot3_manipulation-humble-devel/install/_local_setup_util_sh.py'
[0.358s] INFO:colcon.colcon_core.shell:Creating prefix chain script '/home/duck_sh/turtlebot3_manipulation-humble-devel/install/setup.sh'
[0.359s] INFO:colcon.colcon_core.shell:Creating prefix script '/home/duck_sh/turtlebot3_manipulation-humble-devel/install/local_setup.bash'
[0.359s] INFO:colcon.colcon_core.shell:Creating prefix chain script '/home/duck_sh/turtlebot3_manipulation-humble-devel/install/setup.bash'
[0.360s] INFO:colcon.colcon_core.shell:Creating prefix script '/home/duck_sh/turtlebot3_manipulation-humble-devel/install/local_setup.zsh'
[0.360s] INFO:colcon.colcon_core.shell:Creating prefix chain script '/home/duck_sh/turtlebot3_manipulation-humble-devel/install/setup.zsh'
