[0.068s] Invoking command in '/home/pacman/turtlebot3_ws/build/turtlebot3_multi_robot': CMAKE_PREFIX_PATH=/home/pacman/turtlebot3_ws/install/turtlebot3_navigation2:/home/pacman/turtlebot3_ws/install/turtlebot3_xacro:/home/pacman/turtlebot3_ws/install/turtlebot3:/home/pacman/turtlebot3_ws/install/turtlebot3_simulations:/home/pacman/turtlebot3_ws/install/turtlebot3_bringup:/home/pacman/turtlebot3_ws/install/turtlebot3_node:/home/pacman/turtlebot3_ws/install/turtlebot3_multi_robot:/home/pacman/turtlebot3_ws/install/turtlebot3_fake_node:/home/pacman/turtlebot3_ws/install/turtlebot3_msgs:/home/pacman/turtlebot3_ws/install/turtlebot3_manipulation:/home/pacman/turtlebot3_ws/install/turtlebot3_gazebo:/home/pacman/turtlebot3_ws/install/turtlebot3_description:/home/pacman/turtlebot3_ws/install/turtlebot3_cartographer:/home/pacman/turtlebot3_ws/install/explore:/home/pacman/turtlebot3_ws/install/my_world:/home/pacman/turtlebot3_ws/install/map_merge:/home/pacman/turtlebot3_ws/install/hls_lfcd_lds_driver:/home/pacman/turtlebot3_ws/install/dynamixel_sdk_examples:/home/pacman/turtlebot3_ws/install/dynamixel_sdk_custom_interfaces:/home/pacman/turtlebot3_ws/install/dynamixel_sdk:/home/pacman/slam_gmapping_ws/install/slam_gmapping:/home/pacman/slam_gmapping_ws/install/openslam_gmapping:/home/pacman/turtlebot3_ws/install/turtlebot3_teleop:/home/pacman/turtlebot3_ws/install/turtlebot3_example:/home/pacman/turtlebot3_ws/install/frame_changer:/opt/ros/humble /usr/bin/cmake --build /home/pacman/turtlebot3_ws/build/turtlebot3_multi_robot -- -j12 -l12
[0.106s] Invoked command in '/home/pacman/turtlebot3_ws/build/turtlebot3_multi_robot' returned '0': CMAKE_PREFIX_PATH=/home/pacman/turtlebot3_ws/install/turtlebot3_navigation2:/home/pacman/turtlebot3_ws/install/turtlebot3_xacro:/home/pacman/turtlebot3_ws/install/turtlebot3:/home/pacman/turtlebot3_ws/install/turtlebot3_simulations:/home/pacman/turtlebot3_ws/install/turtlebot3_bringup:/home/pacman/turtlebot3_ws/install/turtlebot3_node:/home/pacman/turtlebot3_ws/install/turtlebot3_multi_robot:/home/pacman/turtlebot3_ws/install/turtlebot3_fake_node:/home/pacman/turtlebot3_ws/install/turtlebot3_msgs:/home/pacman/turtlebot3_ws/install/turtlebot3_manipulation:/home/pacman/turtlebot3_ws/install/turtlebot3_gazebo:/home/pacman/turtlebot3_ws/install/turtlebot3_description:/home/pacman/turtlebot3_ws/install/turtlebot3_cartographer:/home/pacman/turtlebot3_ws/install/explore:/home/pacman/turtlebot3_ws/install/my_world:/home/pacman/turtlebot3_ws/install/map_merge:/home/pacman/turtlebot3_ws/install/hls_lfcd_lds_driver:/home/pacman/turtlebot3_ws/install/dynamixel_sdk_examples:/home/pacman/turtlebot3_ws/install/dynamixel_sdk_custom_interfaces:/home/pacman/turtlebot3_ws/install/dynamixel_sdk:/home/pacman/slam_gmapping_ws/install/slam_gmapping:/home/pacman/slam_gmapping_ws/install/openslam_gmapping:/home/pacman/turtlebot3_ws/install/turtlebot3_teleop:/home/pacman/turtlebot3_ws/install/turtlebot3_example:/home/pacman/turtlebot3_ws/install/frame_changer:/opt/ros/humble /usr/bin/cmake --build /home/pacman/turtlebot3_ws/build/turtlebot3_multi_robot -- -j12 -l12
[0.161s] Invoking command in '/home/pacman/turtlebot3_ws/build/turtlebot3_multi_robot': CMAKE_PREFIX_PATH=/home/pacman/turtlebot3_ws/install/turtlebot3_navigation2:/home/pacman/turtlebot3_ws/install/turtlebot3_xacro:/home/pacman/turtlebot3_ws/install/turtlebot3:/home/pacman/turtlebot3_ws/install/turtlebot3_simulations:/home/pacman/turtlebot3_ws/install/turtlebot3_bringup:/home/pacman/turtlebot3_ws/install/turtlebot3_node:/home/pacman/turtlebot3_ws/install/turtlebot3_multi_robot:/home/pacman/turtlebot3_ws/install/turtlebot3_fake_node:/home/pacman/turtlebot3_ws/install/turtlebot3_msgs:/home/pacman/turtlebot3_ws/install/turtlebot3_manipulation:/home/pacman/turtlebot3_ws/install/turtlebot3_gazebo:/home/pacman/turtlebot3_ws/install/turtlebot3_description:/home/pacman/turtlebot3_ws/install/turtlebot3_cartographer:/home/pacman/turtlebot3_ws/install/explore:/home/pacman/turtlebot3_ws/install/my_world:/home/pacman/turtlebot3_ws/install/map_merge:/home/pacman/turtlebot3_ws/install/hls_lfcd_lds_driver:/home/pacman/turtlebot3_ws/install/dynamixel_sdk_examples:/home/pacman/turtlebot3_ws/install/dynamixel_sdk_custom_interfaces:/home/pacman/turtlebot3_ws/install/dynamixel_sdk:/home/pacman/slam_gmapping_ws/install/slam_gmapping:/home/pacman/slam_gmapping_ws/install/openslam_gmapping:/home/pacman/turtlebot3_ws/install/turtlebot3_teleop:/home/pacman/turtlebot3_ws/install/turtlebot3_example:/home/pacman/turtlebot3_ws/install/frame_changer:/opt/ros/humble /usr/bin/cmake --install /home/pacman/turtlebot3_ws/build/turtlebot3_multi_robot
[0.190s] -- Install configuration: ""
[0.191s] -- Up-to-date: /home/pacman/turtlebot3_ws/install/turtlebot3_multi_robot/share/turtlebot3_multi_robot//launch
[0.191s] -- Up-to-date: /home/pacman/turtlebot3_ws/install/turtlebot3_multi_robot/share/turtlebot3_multi_robot//launch/frames_2024-12-01_17.01.13.pdf
[0.191s] -- Up-to-date: /home/pacman/turtlebot3_ws/install/turtlebot3_multi_robot/share/turtlebot3_multi_robot//launch/frames_2024-12-01_17.01.13.gv
[0.191s] -- Up-to-date: /home/pacman/turtlebot3_ws/install/turtlebot3_multi_robot/share/turtlebot3_multi_robot//launch/__pycache__
[0.191s] -- Up-to-date: /home/pacman/turtlebot3_ws/install/turtlebot3_multi_robot/share/turtlebot3_multi_robot//launch/__pycache__/gazebo_multi_nav2_world.launch.cpython-310.pyc
[0.191s] -- Up-to-date: /home/pacman/turtlebot3_ws/install/turtlebot3_multi_robot/share/turtlebot3_multi_robot//launch/nav2_bringup
[0.191s] -- Up-to-date: /home/pacman/turtlebot3_ws/install/turtlebot3_multi_robot/share/turtlebot3_multi_robot//launch/nav2_bringup/navigation_launch.py
[0.191s] -- Up-to-date: /home/pacman/turtlebot3_ws/install/turtlebot3_multi_robot/share/turtlebot3_multi_robot//launch/nav2_bringup/localization_launch.py
[0.191s] -- Up-to-date: /home/pacman/turtlebot3_ws/install/turtlebot3_multi_robot/share/turtlebot3_multi_robot//launch/nav2_bringup/rviz_launch.py
[0.191s] -- Up-to-date: /home/pacman/turtlebot3_ws/install/turtlebot3_multi_robot/share/turtlebot3_multi_robot//launch/nav2_bringup/bringup_launch.py
[0.191s] -- Up-to-date: /home/pacman/turtlebot3_ws/install/turtlebot3_multi_robot/share/turtlebot3_multi_robot//launch/nav2_bringup/slam_launch.py
[0.191s] -- Up-to-date: /home/pacman/turtlebot3_ws/install/turtlebot3_multi_robot/share/turtlebot3_multi_robot//launch/gazebo_multi_world.launch.py
[0.191s] -- Up-to-date: /home/pacman/turtlebot3_ws/install/turtlebot3_multi_robot/share/turtlebot3_multi_robot//launch/gazebo_multi_nav2_world.launch.py
[0.191s] -- Up-to-date: /home/pacman/turtlebot3_ws/install/turtlebot3_multi_robot/share/turtlebot3_multi_robot//models
[0.191s] -- Up-to-date: /home/pacman/turtlebot3_ws/install/turtlebot3_multi_robot/share/turtlebot3_multi_robot//models/turtlebot3_waffle
[0.191s] -- Up-to-date: /home/pacman/turtlebot3_ws/install/turtlebot3_multi_robot/share/turtlebot3_multi_robot//models/turtlebot3_waffle/model.sdf
[0.191s] -- Up-to-date: /home/pacman/turtlebot3_ws/install/turtlebot3_multi_robot/share/turtlebot3_multi_robot//models/turtlebot3_waffle/model.config
[0.191s] -- Up-to-date: /home/pacman/turtlebot3_ws/install/turtlebot3_multi_robot/share/turtlebot3_multi_robot//models/turtlebot3_waffle/meshes
[0.191s] -- Up-to-date: /home/pacman/turtlebot3_ws/install/turtlebot3_multi_robot/share/turtlebot3_multi_robot//models/turtlebot3_waffle/meshes/waffle_base.dae
[0.191s] -- Up-to-date: /home/pacman/turtlebot3_ws/install/turtlebot3_multi_robot/share/turtlebot3_multi_robot//models/turtlebot3_waffle/meshes/lds.dae
[0.191s] -- Up-to-date: /home/pacman/turtlebot3_ws/install/turtlebot3_multi_robot/share/turtlebot3_multi_robot//models/turtlebot3_waffle/meshes/tire.dae
[0.191s] -- Up-to-date: /home/pacman/turtlebot3_ws/install/turtlebot3_multi_robot/share/turtlebot3_multi_robot//models/turtlebot3_waffle/meshes/r200.dae
[0.191s] -- Up-to-date: /home/pacman/turtlebot3_ws/install/turtlebot3_multi_robot/share/turtlebot3_multi_robot//models/turtlebot3_waffle/model_nocamera.sdf
[0.191s] -- Up-to-date: /home/pacman/turtlebot3_ws/install/turtlebot3_multi_robot/share/turtlebot3_multi_robot//models/turtlebot3_waffle/model-1_4.sdf
[0.192s] -- Up-to-date: /home/pacman/turtlebot3_ws/install/turtlebot3_multi_robot/share/turtlebot3_multi_robot//models/turtlebot3_burger
[0.192s] -- Up-to-date: /home/pacman/turtlebot3_ws/install/turtlebot3_multi_robot/share/turtlebot3_multi_robot//models/turtlebot3_burger/model.sdf
[0.192s] -- Up-to-date: /home/pacman/turtlebot3_ws/install/turtlebot3_multi_robot/share/turtlebot3_multi_robot//models/turtlebot3_burger/model.config
[0.192s] -- Up-to-date: /home/pacman/turtlebot3_ws/install/turtlebot3_multi_robot/share/turtlebot3_multi_robot//models/turtlebot3_burger/meshes
[0.192s] -- Up-to-date: /home/pacman/turtlebot3_ws/install/turtlebot3_multi_robot/share/turtlebot3_multi_robot//models/turtlebot3_burger/meshes/burger_base.dae
[0.192s] -- Up-to-date: /home/pacman/turtlebot3_ws/install/turtlebot3_multi_robot/share/turtlebot3_multi_robot//models/turtlebot3_burger/meshes/lds.dae
[0.192s] -- Up-to-date: /home/pacman/turtlebot3_ws/install/turtlebot3_multi_robot/share/turtlebot3_multi_robot//models/turtlebot3_burger/meshes/tire.dae
[0.192s] -- Up-to-date: /home/pacman/turtlebot3_ws/install/turtlebot3_multi_robot/share/turtlebot3_multi_robot//models/turtlebot3_burger/model-1_4.sdf
[0.192s] -- Up-to-date: /home/pacman/turtlebot3_ws/install/turtlebot3_multi_robot/share/turtlebot3_multi_robot//rviz
[0.192s] -- Up-to-date: /home/pacman/turtlebot3_ws/install/turtlebot3_multi_robot/share/turtlebot3_multi_robot//rviz/multi_nav2_default_view.rviz
[0.192s] -- Up-to-date: /home/pacman/turtlebot3_ws/install/turtlebot3_multi_robot/share/turtlebot3_multi_robot//rviz/nav2_default_view.rviz
[0.192s] -- Up-to-date: /home/pacman/turtlebot3_ws/install/turtlebot3_multi_robot/share/turtlebot3_multi_robot//urdf
[0.192s] -- Up-to-date: /home/pacman/turtlebot3_ws/install/turtlebot3_multi_robot/share/turtlebot3_multi_robot//urdf/turtlebot3_burger.urdf
[0.192s] -- Up-to-date: /home/pacman/turtlebot3_ws/install/turtlebot3_multi_robot/share/turtlebot3_multi_robot//urdf/turtlebot3_waffle.urdf
[0.192s] -- Up-to-date: /home/pacman/turtlebot3_ws/install/turtlebot3_multi_robot/share/turtlebot3_multi_robot//urdf/common_properties.urdf
[0.192s] -- Up-to-date: /home/pacman/turtlebot3_ws/install/turtlebot3_multi_robot/share/turtlebot3_multi_robot//worlds
[0.192s] -- Up-to-date: /home/pacman/turtlebot3_ws/install/turtlebot3_multi_robot/share/turtlebot3_multi_robot//worlds/multi_empty_world.world
[0.192s] -- Up-to-date: /home/pacman/turtlebot3_ws/install/turtlebot3_multi_robot/share/turtlebot3_multi_robot//worlds/multi_robot_world.world
[0.192s] -- Up-to-date: /home/pacman/turtlebot3_ws/install/turtlebot3_multi_robot/share/turtlebot3_multi_robot//params
[0.192s] -- Up-to-date: /home/pacman/turtlebot3_ws/install/turtlebot3_multi_robot/share/turtlebot3_multi_robot//params/nav2_params.yaml
[0.192s] -- Up-to-date: /home/pacman/turtlebot3_ws/install/turtlebot3_multi_robot/share/turtlebot3_multi_robot/environment/multi_robot.dsv
[0.192s] -- Up-to-date: /home/pacman/turtlebot3_ws/install/turtlebot3_multi_robot/share/ament_index/resource_index/package_run_dependencies/turtlebot3_multi_robot
[0.192s] -- Up-to-date: /home/pacman/turtlebot3_ws/install/turtlebot3_multi_robot/share/ament_index/resource_index/parent_prefix_path/turtlebot3_multi_robot
[0.192s] -- Up-to-date: /home/pacman/turtlebot3_ws/install/turtlebot3_multi_robot/share/turtlebot3_multi_robot/environment/ament_prefix_path.sh
[0.192s] -- Up-to-date: /home/pacman/turtlebot3_ws/install/turtlebot3_multi_robot/share/turtlebot3_multi_robot/environment/ament_prefix_path.dsv
[0.192s] -- Up-to-date: /home/pacman/turtlebot3_ws/install/turtlebot3_multi_robot/share/turtlebot3_multi_robot/environment/path.sh
[0.192s] -- Up-to-date: /home/pacman/turtlebot3_ws/install/turtlebot3_multi_robot/share/turtlebot3_multi_robot/environment/path.dsv
[0.193s] -- Up-to-date: /home/pacman/turtlebot3_ws/install/turtlebot3_multi_robot/share/turtlebot3_multi_robot/local_setup.bash
[0.193s] -- Up-to-date: /home/pacman/turtlebot3_ws/install/turtlebot3_multi_robot/share/turtlebot3_multi_robot/local_setup.sh
[0.193s] -- Up-to-date: /home/pacman/turtlebot3_ws/install/turtlebot3_multi_robot/share/turtlebot3_multi_robot/local_setup.zsh
[0.193s] -- Up-to-date: /home/pacman/turtlebot3_ws/install/turtlebot3_multi_robot/share/turtlebot3_multi_robot/local_setup.dsv
[0.193s] -- Installing: /home/pacman/turtlebot3_ws/install/turtlebot3_multi_robot/share/turtlebot3_multi_robot/package.dsv
[0.193s] -- Up-to-date: /home/pacman/turtlebot3_ws/install/turtlebot3_multi_robot/share/ament_index/resource_index/packages/turtlebot3_multi_robot
[0.193s] -- Up-to-date: /home/pacman/turtlebot3_ws/install/turtlebot3_multi_robot/share/turtlebot3_multi_robot/cmake/turtlebot3_multi_robotConfig.cmake
[0.193s] -- Up-to-date: /home/pacman/turtlebot3_ws/install/turtlebot3_multi_robot/share/turtlebot3_multi_robot/cmake/turtlebot3_multi_robotConfig-version.cmake
[0.193s] -- Up-to-date: /home/pacman/turtlebot3_ws/install/turtlebot3_multi_robot/share/turtlebot3_multi_robot/package.xml
[0.200s] Invoked command in '/home/pacman/turtlebot3_ws/build/turtlebot3_multi_robot' returned '0': CMAKE_PREFIX_PATH=/home/pacman/turtlebot3_ws/install/turtlebot3_navigation2:/home/pacman/turtlebot3_ws/install/turtlebot3_xacro:/home/pacman/turtlebot3_ws/install/turtlebot3:/home/pacman/turtlebot3_ws/install/turtlebot3_simulations:/home/pacman/turtlebot3_ws/install/turtlebot3_bringup:/home/pacman/turtlebot3_ws/install/turtlebot3_node:/home/pacman/turtlebot3_ws/install/turtlebot3_multi_robot:/home/pacman/turtlebot3_ws/install/turtlebot3_fake_node:/home/pacman/turtlebot3_ws/install/turtlebot3_msgs:/home/pacman/turtlebot3_ws/install/turtlebot3_manipulation:/home/pacman/turtlebot3_ws/install/turtlebot3_gazebo:/home/pacman/turtlebot3_ws/install/turtlebot3_description:/home/pacman/turtlebot3_ws/install/turtlebot3_cartographer:/home/pacman/turtlebot3_ws/install/explore:/home/pacman/turtlebot3_ws/install/my_world:/home/pacman/turtlebot3_ws/install/map_merge:/home/pacman/turtlebot3_ws/install/hls_lfcd_lds_driver:/home/pacman/turtlebot3_ws/install/dynamixel_sdk_examples:/home/pacman/turtlebot3_ws/install/dynamixel_sdk_custom_interfaces:/home/pacman/turtlebot3_ws/install/dynamixel_sdk:/home/pacman/slam_gmapping_ws/install/slam_gmapping:/home/pacman/slam_gmapping_ws/install/openslam_gmapping:/home/pacman/turtlebot3_ws/install/turtlebot3_teleop:/home/pacman/turtlebot3_ws/install/turtlebot3_example:/home/pacman/turtlebot3_ws/install/frame_changer:/opt/ros/humble /usr/bin/cmake --install /home/pacman/turtlebot3_ws/build/turtlebot3_multi_robot
