[0.008s] Invoking command in '/home/duck_sh/turtlebot3_manipulation-humble-devel/build/turtlebot3_manipulation_navigation2': CMAKE_PREFIX_PATH=${CMAKE_PREFIX_PATH}:/home/duck_sh/turtlebot3_ws/install/turtlebot3_teleop:/home/duck_sh/turtlebot3_ws/install/turtlebot3_example:/home/duck_sh/ros2_ws/install/my_py_pkg:/opt/ros/humble /usr/bin/cmake /home/duck_sh/turtlebot3_manipulation-humble-devel/turtlebot3_manipulation_navigation2 -DCMAKE_INSTALL_PREFIX=/home/duck_sh/turtlebot3_manipulation-humble-devel/install/turtlebot3_manipulation_navigation2
[0.044s] -- The C compiler identification is GNU 11.4.0
[0.086s] -- The CXX compiler identification is GNU 11.4.0
[0.090s] -- Detecting C compiler ABI info
[0.134s] -- Detecting C compiler ABI info - done
[0.140s] -- Check for working C compiler: /usr/bin/cc - skipped
[0.140s] -- Detecting C compile features
[0.140s] -- Detecting C compile features - done
[0.142s] -- Detecting CXX compiler ABI info
[0.196s] -- Detecting CXX compiler ABI info - done
[0.200s] -- Check for working CXX compiler: /usr/bin/c++ - skipped
[0.200s] -- Detecting CXX compile features
[0.200s] -- Detecting CXX compile features - done
[0.202s] -- Found ament_cmake: 1.3.10 (/opt/ros/humble/share/ament_cmake/cmake)
[0.303s] -- Found Python3: /usr/bin/python3 (found version "3.10.12") found components: Interpreter 
[0.398s] -- Configuring done
[0.399s] -- Generating done
[0.399s] -- Build files have been written to: /home/duck_sh/turtlebot3_manipulation-humble-devel/build/turtlebot3_manipulation_navigation2
[0.403s] Invoked command in '/home/duck_sh/turtlebot3_manipulation-humble-devel/build/turtlebot3_manipulation_navigation2' returned '0': CMAKE_PREFIX_PATH=${CMAKE_PREFIX_PATH}:/home/duck_sh/turtlebot3_ws/install/turtlebot3_teleop:/home/duck_sh/turtlebot3_ws/install/turtlebot3_example:/home/duck_sh/ros2_ws/install/my_py_pkg:/opt/ros/humble /usr/bin/cmake /home/duck_sh/turtlebot3_manipulation-humble-devel/turtlebot3_manipulation_navigation2 -DCMAKE_INSTALL_PREFIX=/home/duck_sh/turtlebot3_manipulation-humble-devel/install/turtlebot3_manipulation_navigation2
[0.403s] Invoking command in '/home/duck_sh/turtlebot3_manipulation-humble-devel/build/turtlebot3_manipulation_navigation2': CMAKE_PREFIX_PATH=${CMAKE_PREFIX_PATH}:/home/duck_sh/turtlebot3_ws/install/turtlebot3_teleop:/home/duck_sh/turtlebot3_ws/install/turtlebot3_example:/home/duck_sh/ros2_ws/install/my_py_pkg:/opt/ros/humble /usr/bin/cmake --build /home/duck_sh/turtlebot3_manipulation-humble-devel/build/turtlebot3_manipulation_navigation2 -- -j32 -l32
[0.429s] Invoked command in '/home/duck_sh/turtlebot3_manipulation-humble-devel/build/turtlebot3_manipulation_navigation2' returned '0': CMAKE_PREFIX_PATH=${CMAKE_PREFIX_PATH}:/home/duck_sh/turtlebot3_ws/install/turtlebot3_teleop:/home/duck_sh/turtlebot3_ws/install/turtlebot3_example:/home/duck_sh/ros2_ws/install/my_py_pkg:/opt/ros/humble /usr/bin/cmake --build /home/duck_sh/turtlebot3_manipulation-humble-devel/build/turtlebot3_manipulation_navigation2 -- -j32 -l32
[0.452s] Invoking command in '/home/duck_sh/turtlebot3_manipulation-humble-devel/build/turtlebot3_manipulation_navigation2': CMAKE_PREFIX_PATH=${CMAKE_PREFIX_PATH}:/home/duck_sh/turtlebot3_ws/install/turtlebot3_teleop:/home/duck_sh/turtlebot3_ws/install/turtlebot3_example:/home/duck_sh/ros2_ws/install/my_py_pkg:/opt/ros/humble /usr/bin/cmake --install /home/duck_sh/turtlebot3_manipulation-humble-devel/build/turtlebot3_manipulation_navigation2
[0.457s] -- Install configuration: ""
[0.457s] -- Installing: /home/duck_sh/turtlebot3_manipulation-humble-devel/install/turtlebot3_manipulation_navigation2/share/turtlebot3_manipulation_navigation2/launch
[0.457s] -- Installing: /home/duck_sh/turtlebot3_manipulation-humble-devel/install/turtlebot3_manipulation_navigation2/share/turtlebot3_manipulation_navigation2/launch/navigation2.launch.py
[0.457s] -- Installing: /home/duck_sh/turtlebot3_manipulation-humble-devel/install/turtlebot3_manipulation_navigation2/share/turtlebot3_manipulation_navigation2/launch/navigation2_use_sim_time.launch.py
[0.457s] -- Installing: /home/duck_sh/turtlebot3_manipulation-humble-devel/install/turtlebot3_manipulation_navigation2/share/turtlebot3_manipulation_navigation2/map
[0.457s] -- Installing: /home/duck_sh/turtlebot3_manipulation-humble-devel/install/turtlebot3_manipulation_navigation2/share/turtlebot3_manipulation_navigation2/map/turtlebot3_world.yaml
[0.457s] -- Installing: /home/duck_sh/turtlebot3_manipulation-humble-devel/install/turtlebot3_manipulation_navigation2/share/turtlebot3_manipulation_navigation2/map/turtlebot3_world.pgm
[0.457s] -- Installing: /home/duck_sh/turtlebot3_manipulation-humble-devel/install/turtlebot3_manipulation_navigation2/share/turtlebot3_manipulation_navigation2/param
[0.457s] -- Installing: /home/duck_sh/turtlebot3_manipulation-humble-devel/install/turtlebot3_manipulation_navigation2/share/turtlebot3_manipulation_navigation2/param/turtlebot3_use_sim_time.yaml
[0.458s] -- Installing: /home/duck_sh/turtlebot3_manipulation-humble-devel/install/turtlebot3_manipulation_navigation2/share/turtlebot3_manipulation_navigation2/param/turtlebot3.yaml
[0.458s] -- Installing: /home/duck_sh/turtlebot3_manipulation-humble-devel/install/turtlebot3_manipulation_navigation2/share/turtlebot3_manipulation_navigation2/rviz
[0.458s] -- Installing: /home/duck_sh/turtlebot3_manipulation-humble-devel/install/turtlebot3_manipulation_navigation2/share/turtlebot3_manipulation_navigation2/rviz/navigation2.rviz
[0.458s] -- Installing: /home/duck_sh/turtlebot3_manipulation-humble-devel/install/turtlebot3_manipulation_navigation2/share/ament_index/resource_index/package_run_dependencies/turtlebot3_manipulation_navigation2
[0.458s] -- Installing: /home/duck_sh/turtlebot3_manipulation-humble-devel/install/turtlebot3_manipulation_navigation2/share/ament_index/resource_index/parent_prefix_path/turtlebot3_manipulation_navigation2
[0.458s] -- Installing: /home/duck_sh/turtlebot3_manipulation-humble-devel/install/turtlebot3_manipulation_navigation2/share/turtlebot3_manipulation_navigation2/environment/ament_prefix_path.sh
[0.458s] -- Installing: /home/duck_sh/turtlebot3_manipulation-humble-devel/install/turtlebot3_manipulation_navigation2/share/turtlebot3_manipulation_navigation2/environment/ament_prefix_path.dsv
[0.458s] -- Installing: /home/duck_sh/turtlebot3_manipulation-humble-devel/install/turtlebot3_manipulation_navigation2/share/turtlebot3_manipulation_navigation2/environment/path.sh
[0.458s] -- Installing: /home/duck_sh/turtlebot3_manipulation-humble-devel/install/turtlebot3_manipulation_navigation2/share/turtlebot3_manipulation_navigation2/environment/path.dsv
[0.458s] -- Installing: /home/duck_sh/turtlebot3_manipulation-humble-devel/install/turtlebot3_manipulation_navigation2/share/turtlebot3_manipulation_navigation2/local_setup.bash
[0.458s] -- Installing: /home/duck_sh/turtlebot3_manipulation-humble-devel/install/turtlebot3_manipulation_navigation2/share/turtlebot3_manipulation_navigation2/local_setup.sh
[0.458s] -- Installing: /home/duck_sh/turtlebot3_manipulation-humble-devel/install/turtlebot3_manipulation_navigation2/share/turtlebot3_manipulation_navigation2/local_setup.zsh
[0.458s] -- Installing: /home/duck_sh/turtlebot3_manipulation-humble-devel/install/turtlebot3_manipulation_navigation2/share/turtlebot3_manipulation_navigation2/local_setup.dsv
[0.458s] -- Installing: /home/duck_sh/turtlebot3_manipulation-humble-devel/install/turtlebot3_manipulation_navigation2/share/turtlebot3_manipulation_navigation2/package.dsv
[0.458s] -- Installing: /home/duck_sh/turtlebot3_manipulation-humble-devel/install/turtlebot3_manipulation_navigation2/share/ament_index/resource_index/packages/turtlebot3_manipulation_navigation2
[0.458s] -- Installing: /home/duck_sh/turtlebot3_manipulation-humble-devel/install/turtlebot3_manipulation_navigation2/share/turtlebot3_manipulation_navigation2/cmake/turtlebot3_manipulation_navigation2Config.cmake
[0.458s] -- Installing: /home/duck_sh/turtlebot3_manipulation-humble-devel/install/turtlebot3_manipulation_navigation2/share/turtlebot3_manipulation_navigation2/cmake/turtlebot3_manipulation_navigation2Config-version.cmake
[0.458s] -- Installing: /home/duck_sh/turtlebot3_manipulation-humble-devel/install/turtlebot3_manipulation_navigation2/share/turtlebot3_manipulation_navigation2/package.xml
[0.461s] Invoked command in '/home/duck_sh/turtlebot3_manipulation-humble-devel/build/turtlebot3_manipulation_navigation2' returned '0': CMAKE_PREFIX_PATH=${CMAKE_PREFIX_PATH}:/home/duck_sh/turtlebot3_ws/install/turtlebot3_teleop:/home/duck_sh/turtlebot3_ws/install/turtlebot3_example:/home/duck_sh/ros2_ws/install/my_py_pkg:/opt/ros/humble /usr/bin/cmake --install /home/duck_sh/turtlebot3_manipulation-humble-devel/build/turtlebot3_manipulation_navigation2
