[0.169s] Invoking command in '/home/pacman/tortoisebot_rb/build/tortoisebot_imu': CMAKE_PREFIX_PATH=${CMAKE_PREFIX_PATH}:/home/pacman/tortoisebot_rb/install/tortoisebot_control:/opt/ros/humble /usr/bin/cmake --build /home/pacman/tortoisebot_rb/build/tortoisebot_imu -- -j12 -l12
[0.192s] Invoked command in '/home/pacman/tortoisebot_rb/build/tortoisebot_imu' returned '0': CMAKE_PREFIX_PATH=${CMAKE_PREFIX_PATH}:/home/pacman/tortoisebot_rb/install/tortoisebot_control:/opt/ros/humble /usr/bin/cmake --build /home/pacman/tortoisebot_rb/build/tortoisebot_imu -- -j12 -l12
[0.221s] Invoking command in '/home/pacman/tortoisebot_rb/build/tortoisebot_imu': CMAKE_PREFIX_PATH=${CMAKE_PREFIX_PATH}:/home/pacman/tortoisebot_rb/install/tortoisebot_control:/opt/ros/humble /usr/bin/cmake --install /home/pacman/tortoisebot_rb/build/tortoisebot_imu
[0.226s] -- Install configuration: ""
[0.226s] -- Up-to-date: /home/pacman/tortoisebot_rb/install/tortoisebot_imu/lib/tortoisebot_imu/imu_node.py
[0.226s] -- Up-to-date: /home/pacman/tortoisebot_rb/install/tortoisebot_imu/share/ament_index/resource_index/package_run_dependencies/tortoisebot_imu
[0.226s] -- Up-to-date: /home/pacman/tortoisebot_rb/install/tortoisebot_imu/share/ament_index/resource_index/parent_prefix_path/tortoisebot_imu
[0.226s] -- Up-to-date: /home/pacman/tortoisebot_rb/install/tortoisebot_imu/share/tortoisebot_imu/environment/ament_prefix_path.sh
[0.226s] -- Up-to-date: /home/pacman/tortoisebot_rb/install/tortoisebot_imu/share/tortoisebot_imu/environment/ament_prefix_path.dsv
[0.227s] -- Up-to-date: /home/pacman/tortoisebot_rb/install/tortoisebot_imu/share/tortoisebot_imu/environment/path.sh
[0.227s] -- Up-to-date: /home/pacman/tortoisebot_rb/install/tortoisebot_imu/share/tortoisebot_imu/environment/path.dsv
[0.227s] -- Up-to-date: /home/pacman/tortoisebot_rb/install/tortoisebot_imu/share/tortoisebot_imu/local_setup.bash
[0.227s] -- Up-to-date: /home/pacman/tortoisebot_rb/install/tortoisebot_imu/share/tortoisebot_imu/local_setup.sh
[0.227s] -- Up-to-date: /home/pacman/tortoisebot_rb/install/tortoisebot_imu/share/tortoisebot_imu/local_setup.zsh
[0.227s] -- Up-to-date: /home/pacman/tortoisebot_rb/install/tortoisebot_imu/share/tortoisebot_imu/local_setup.dsv
[0.227s] -- Installing: /home/pacman/tortoisebot_rb/install/tortoisebot_imu/share/tortoisebot_imu/package.dsv
[0.227s] -- Up-to-date: /home/pacman/tortoisebot_rb/install/tortoisebot_imu/share/ament_index/resource_index/packages/tortoisebot_imu
[0.227s] -- Up-to-date: /home/pacman/tortoisebot_rb/install/tortoisebot_imu/share/tortoisebot_imu/cmake/tortoisebot_imuConfig.cmake
[0.227s] -- Up-to-date: /home/pacman/tortoisebot_rb/install/tortoisebot_imu/share/tortoisebot_imu/cmake/tortoisebot_imuConfig-version.cmake
[0.227s] -- Up-to-date: /home/pacman/tortoisebot_rb/install/tortoisebot_imu/share/tortoisebot_imu/package.xml
[0.241s] Invoked command in '/home/pacman/tortoisebot_rb/build/tortoisebot_imu' returned '0': CMAKE_PREFIX_PATH=${CMAKE_PREFIX_PATH}:/home/pacman/tortoisebot_rb/install/tortoisebot_control:/opt/ros/humble /usr/bin/cmake --install /home/pacman/tortoisebot_rb/build/tortoisebot_imu
