[0.752s] Invoking command in '/home/pacman/turtlebot3_ws/src/interpreter': PYTHONPATH=/home/pacman/turtlebot3_ws/build/interpreter/prefix_override:/home/pacman/.local/lib/python3.10/site-packages/colcon_core/task/python/colcon_distutils_commands:/home/pacman/turtlebot3_ws/install/interpreter/lib/python3.10/site-packages:${PYTHONPATH} /usr/bin/python3 -W ignore:setup.py install is deprecated setup.py egg_info --egg-base ../../build/interpreter build --build-base /home/pacman/turtlebot3_ws/build/interpreter/build install --record /home/pacman/turtlebot3_ws/build/interpreter/install.log --single-version-externally-managed install_data
[0.920s] running egg_info
[0.921s] writing ../../build/interpreter/interpreter.egg-info/PKG-INFO
[0.921s] writing dependency_links to ../../build/interpreter/interpreter.egg-info/dependency_links.txt
[0.921s] writing entry points to ../../build/interpreter/interpreter.egg-info/entry_points.txt
[0.921s] writing requirements to ../../build/interpreter/interpreter.egg-info/requires.txt
[0.921s] writing top-level names to ../../build/interpreter/interpreter.egg-info/top_level.txt
[0.922s] reading manifest file '../../build/interpreter/interpreter.egg-info/SOURCES.txt'
[0.923s] writing manifest file '../../build/interpreter/interpreter.egg-info/SOURCES.txt'
[0.923s] running build
[0.923s] running build_py
[0.923s] running install
[0.923s] running install_lib
[0.924s] running install_data
[0.924s] running install_egg_info
[0.925s] removing '/home/pacman/turtlebot3_ws/install/interpreter/lib/python3.10/site-packages/interpreter-0.0.0-py3.10.egg-info' (and everything under it)
[0.925s] Copying ../../build/interpreter/interpreter.egg-info to /home/pacman/turtlebot3_ws/install/interpreter/lib/python3.10/site-packages/interpreter-0.0.0-py3.10.egg-info
[0.926s] running install_scripts
[0.940s] Installing interpreter script to /home/pacman/turtlebot3_ws/install/interpreter/lib/interpreter
[0.940s] writing list of installed files to '/home/pacman/turtlebot3_ws/build/interpreter/install.log'
[1.005s] Invoked command in '/home/pacman/turtlebot3_ws/src/interpreter' returned '0': PYTHONPATH=/home/pacman/turtlebot3_ws/build/interpreter/prefix_override:/home/pacman/.local/lib/python3.10/site-packages/colcon_core/task/python/colcon_distutils_commands:/home/pacman/turtlebot3_ws/install/interpreter/lib/python3.10/site-packages:${PYTHONPATH} /usr/bin/python3 -W ignore:setup.py install is deprecated setup.py egg_info --egg-base ../../build/interpreter build --build-base /home/pacman/turtlebot3_ws/build/interpreter/build install --record /home/pacman/turtlebot3_ws/build/interpreter/install.log --single-version-externally-managed install_data
