[0.031s] Invoking command in '/home/duck_sh/turtlebot3_manipulation-humble-devel/build/realtime_tools': CMAKE_PREFIX_PATH=${CMAKE_PREFIX_PATH}:/home/duck_sh/ros2_ws/install/my_py_pkg:/opt/ros/humble /usr/bin/cmake /home/duck_sh/turtlebot3_manipulation-humble-devel/ros-controls/realtime_tools -DCMAKE_INSTALL_PREFIX=/home/duck_sh/turtlebot3_manipulation-humble-devel/install/realtime_tools
[0.186s] -- The CXX compiler identification is GNU 11.4.0
[0.187s] -- Detecting CXX compiler ABI info
[0.256s] -- Detecting CXX compiler ABI info - done
[0.263s] -- Check for working CXX compiler: /usr/bin/c++ - skipped
[0.267s] -- Detecting CXX compile features
[0.268s] -- Detecting CXX compile features - done
[0.271s] -- Found ament_cmake: 1.3.10 (/opt/ros/humble/share/ament_cmake/cmake)
[0.405s] -- Found Python3: /usr/bin/python3 (found version "3.10.12") found components: Interpreter 
[0.497s] -- Found rclcpp: 16.0.10 (/opt/ros/humble/share/rclcpp/cmake)
[0.551s] -- Found rosidl_generator_c: 3.1.5 (/opt/ros/humble/share/rosidl_generator_c/cmake)
[0.562s] -- Found rosidl_adapter: 3.1.5 (/opt/ros/humble/share/rosidl_adapter/cmake)
[0.578s] -- Found rosidl_generator_cpp: 3.1.5 (/opt/ros/humble/share/rosidl_generator_cpp/cmake)
[0.601s] -- Using all available rosidl_typesupport_c: rosidl_typesupport_fastrtps_c;rosidl_typesupport_introspection_c
[0.624s] -- Using all available rosidl_typesupport_cpp: rosidl_typesupport_fastrtps_cpp;rosidl_typesupport_introspection_cpp
[0.694s] -- Found rmw_implementation_cmake: 6.1.2 (/opt/ros/humble/share/rmw_implementation_cmake/cmake)
[0.699s] -- Found rmw_fastrtps_cpp: 6.2.7 (/opt/ros/humble/share/rmw_fastrtps_cpp/cmake)
[0.799s] -- Found OpenSSL: /usr/lib/x86_64-linux-gnu/libcrypto.so (found version "3.0.2")  
[0.818s] -- Found FastRTPS: /opt/ros/humble/include  
[0.847s] -- Using RMW implementation 'rmw_fastrtps_cpp' as default
[0.857s] -- Looking for C++ include pthread.h
[0.937s] -- Looking for C++ include pthread.h - found
[0.937s] -- Performing Test CMAKE_HAVE_LIBC_PTHREAD
[0.998s] -- Performing Test CMAKE_HAVE_LIBC_PTHREAD - Success
[0.999s] -- Found Threads: TRUE  
[1.055s] -- Found rclcpp_action: 16.0.10 (/opt/ros/humble/share/rclcpp_action/cmake)
[1.087s] -- Found ament_cmake_gmock: 1.3.10 (/opt/ros/humble/share/ament_cmake_gmock/cmake)
[1.089s] -- Found lifecycle_msgs: 1.2.1 (/opt/ros/humble/share/lifecycle_msgs/cmake)
[1.097s] -- Found rclcpp_lifecycle: 16.0.10 (/opt/ros/humble/share/rclcpp_lifecycle/cmake)
[1.111s] [31mCMake Error at CMakeLists.txt:54 (find_package):
[1.111s]   By not providing "Findtest_msgs.cmake" in CMAKE_MODULE_PATH this project
[1.111s]   has asked CMake to find a package configuration file provided by
[1.111s]   "test_msgs", but CMake did not find one.
[1.112s] 
[1.112s]   Could not find a package configuration file provided by "test_msgs" with
[1.112s]   any of the following names:
[1.112s] 
[1.112s]     test_msgsConfig.cmake
[1.112s]     test_msgs-config.cmake
[1.112s] 
[1.112s]   Add the installation prefix of "test_msgs" to CMAKE_PREFIX_PATH or set
[1.112s]   "test_msgs_DIR" to a directory containing one of the above files.  If
[1.112s]   "test_msgs" provides a separate development package or SDK, be sure it has
[1.112s]   been installed.
[1.112s] 
[1.112s] [0m
[1.112s] -- Configuring incomplete, errors occurred!
[1.112s] See also "/home/duck_sh/turtlebot3_manipulation-humble-devel/build/realtime_tools/CMakeFiles/CMakeOutput.log".
[1.118s] Invoked command in '/home/duck_sh/turtlebot3_manipulation-humble-devel/build/realtime_tools' returned '1': CMAKE_PREFIX_PATH=${CMAKE_PREFIX_PATH}:/home/duck_sh/ros2_ws/install/my_py_pkg:/opt/ros/humble /usr/bin/cmake /home/duck_sh/turtlebot3_manipulation-humble-devel/ros-controls/realtime_tools -DCMAKE_INSTALL_PREFIX=/home/duck_sh/turtlebot3_manipulation-humble-devel/install/realtime_tools
