[2.671s] Invoking command in '/home/pacman/turtlebot3_ws/src/interpreter': PYTHONPATH=/home/pacman/turtlebot3_ws/build/interpreter/prefix_override:/home/pacman/.local/lib/python3.10/site-packages/colcon_core/task/python/colcon_distutils_commands:/home/pacman/turtlebot3_ws/install/interpreter/lib/python3.10/site-packages:${PYTHONPATH} /usr/bin/python3 -W ignore:setup.py install is deprecated setup.py egg_info --egg-base ../../build/interpreter build --build-base /home/pacman/turtlebot3_ws/build/interpreter/build install --record /home/pacman/turtlebot3_ws/build/interpreter/install.log --single-version-externally-managed install_data
[3.839s] running egg_info
[3.839s] writing ../../build/interpreter/interpreter.egg-info/PKG-INFO
[3.839s] writing dependency_links to ../../build/interpreter/interpreter.egg-info/dependency_links.txt
[3.839s] writing entry points to ../../build/interpreter/interpreter.egg-info/entry_points.txt
[3.839s] writing requirements to ../../build/interpreter/interpreter.egg-info/requires.txt
[3.839s] writing top-level names to ../../build/interpreter/interpreter.egg-info/top_level.txt
[3.848s] reading manifest file '../../build/interpreter/interpreter.egg-info/SOURCES.txt'
[3.849s] writing manifest file '../../build/interpreter/interpreter.egg-info/SOURCES.txt'
[3.849s] running build
[3.849s] running build_py
[3.849s] running install
[3.849s] running install_lib
[3.849s] running install_data
[3.849s] running install_egg_info
[3.852s] removing '/home/pacman/turtlebot3_ws/install/interpreter/lib/python3.10/site-packages/interpreter-0.0.0-py3.10.egg-info' (and everything under it)
[3.859s] Copying ../../build/interpreter/interpreter.egg-info to /home/pacman/turtlebot3_ws/install/interpreter/lib/python3.10/site-packages/interpreter-0.0.0-py3.10.egg-info
[3.859s] running install_scripts
[3.907s] Installing interpreter script to /home/pacman/turtlebot3_ws/install/interpreter/lib/interpreter
[3.907s] writing list of installed files to '/home/pacman/turtlebot3_ws/build/interpreter/install.log'
[4.425s] Invoked command in '/home/pacman/turtlebot3_ws/src/interpreter' returned '0': PYTHONPATH=/home/pacman/turtlebot3_ws/build/interpreter/prefix_override:/home/pacman/.local/lib/python3.10/site-packages/colcon_core/task/python/colcon_distutils_commands:/home/pacman/turtlebot3_ws/install/interpreter/lib/python3.10/site-packages:${PYTHONPATH} /usr/bin/python3 -W ignore:setup.py install is deprecated setup.py egg_info --egg-base ../../build/interpreter build --build-base /home/pacman/turtlebot3_ws/build/interpreter/build install --record /home/pacman/turtlebot3_ws/build/interpreter/install.log --single-version-externally-managed install_data
