[0.026s] Invoking command in '/home/pacman/turtlebot3_ws/build/turtlebot3_gazebo': CMAKE_PREFIX_PATH=${CMAKE_PREFIX_PATH}:/home/pacman/turtlebot3_ws/install/turtlebot3_teleop:/home/pacman/turtlebot3_ws/install/turtlebot3_example:/opt/ros/humble /usr/bin/cmake /home/pacman/turtlebot3_ws/src/turtlebot3/turtlebot3_simulations/turtlebot3_gazebo -DAMENT_CMAKE_SYMLINK_INSTALL=1 -DCMAKE_INSTALL_PREFIX=/home/pacman/turtlebot3_ws/install/turtlebot3_gazebo
[0.044s] -- Found ament_cmake: 1.3.10 (/opt/ros/humble/share/ament_cmake/cmake)
[0.161s] -- Override CMake install command with custom implementation using symlinks instead of copying resources
[0.172s] [33mCMake Warning (dev) at /usr/share/cmake-3.22/Modules/FindPackageHandleStandardArgs.cmake:438 (message):
[0.172s]   The package name passed to `find_package_handle_standard_args` (PkgConfig)
[0.173s]   does not match the name of the calling package (gazebo).  This can lead to
[0.173s]   problems in calling code that expects `find_package` result variables
[0.173s]   (e.g., `_FOUND`) to follow a certain pattern.
[0.173s] Call Stack (most recent call first):
[0.173s]   /usr/share/cmake-3.22/Modules/FindPkgConfig.cmake:99 (find_package_handle_standard_args)
[0.173s]   /usr/lib/x86_64-linux-gnu/cmake/gazebo/gazebo-config.cmake:72 (include)
[0.173s]   CMakeLists.txt:23 (find_package)
[0.173s] This warning is for project developers.  Use -Wno-dev to suppress it.
[0.173s] [0m
[0.201s] -- Found DART: /usr/include (Required is at least version "6.6") found components: dart 
[0.233s] -- Found Protobuf: /usr/lib/x86_64-linux-gnu/libprotobuf.so (found version "3.12.4") 
[0.234s] -- Looking for ignition-math6 -- found version 6.15.1
[0.240s] -- Searching for dependencies of ignition-math6
[0.242s] -- Looking for OGRE...
[0.247s] -- Found Ogre Ghadamon (1.9.0)
[0.248s] -- Found OGRE: optimized;/usr/lib/x86_64-linux-gnu/libOgreMain.so;debug;/usr/lib/x86_64-linux-gnu/libOgreMain.so
[0.254s] -- Looking for OGRE_Paging...
[0.254s] -- Found OGRE_Paging: optimized;/usr/lib/x86_64-linux-gnu/libOgrePaging.so;debug;/usr/lib/x86_64-linux-gnu/libOgrePaging.so
[0.254s] -- Looking for OGRE_Terrain...
[0.254s] -- Found OGRE_Terrain: optimized;/usr/lib/x86_64-linux-gnu/libOgreTerrain.so;debug;/usr/lib/x86_64-linux-gnu/libOgreTerrain.so
[0.255s] -- Looking for OGRE_Property...
[0.255s] -- Found OGRE_Property: optimized;/usr/lib/x86_64-linux-gnu/libOgreProperty.so;debug;/usr/lib/x86_64-linux-gnu/libOgreProperty.so
[0.255s] -- Looking for OGRE_RTShaderSystem...
[0.255s] -- Found OGRE_RTShaderSystem: optimized;/usr/lib/x86_64-linux-gnu/libOgreRTShaderSystem.so;debug;/usr/lib/x86_64-linux-gnu/libOgreRTShaderSystem.so
[0.255s] -- Looking for OGRE_Volume...
[0.255s] -- Found OGRE_Volume: optimized;/usr/lib/x86_64-linux-gnu/libOgreVolume.so;debug;/usr/lib/x86_64-linux-gnu/libOgreVolume.so
[0.255s] -- Looking for OGRE_Overlay...
[0.255s] -- Found OGRE_Overlay: optimized;/usr/lib/x86_64-linux-gnu/libOgreOverlay.so;debug;/usr/lib/x86_64-linux-gnu/libOgreOverlay.so
[0.394s] -- Looking for ignition-math6 -- found version 6.15.1
[0.396s] -- Looking for ignition-transport8 -- found version 8.2.1
[0.396s] -- Searching for dependencies of ignition-transport8
[0.410s] -- Found Protobuf: /usr/lib/x86_64-linux-gnu/libprotobuf.so (found suitable version "3.12.4", minimum required is "3") 
[0.418s] -- Config-file not installed for ZeroMQ -- checking for pkg-config
[0.423s] -- Checking for module 'libzmq >= 4'
[0.437s] --   Found libzmq , version 4.3.4
[0.477s] -- Checking for module 'uuid'
[0.490s] --   Found uuid, version 2.37.2
[0.520s] -- Looking for ignition-msgs5 -- found version 5.8.1
[0.521s] -- Searching for dependencies of ignition-msgs5
[0.541s] -- Looking for ignition-math6 -- found version 6.15.1
[0.545s] -- Checking for module 'tinyxml2'
[0.555s] --   Found tinyxml2, version 9.0.0
[0.579s] -- Looking for ignition-msgs5 -- found version 5.8.1
[0.580s] -- Looking for ignition-common3 -- found version 3.14.0
[0.580s] -- Searching for dependencies of ignition-common3
[0.581s] -- Looking for dlfcn.h - found
[0.581s] -- Looking for libdl - found
[0.589s] -- Searching for <ignition-common3> component [graphics]
[0.591s] -- Looking for ignition-common3-graphics -- found version 3.14.0
[0.591s] -- Searching for dependencies of ignition-common3-graphics
[0.591s] -- Looking for ignition-math6 -- found version 6.15.1
[0.592s] -- Looking for ignition-fuel_tools4 -- found version 4.4.0
[0.592s] -- Searching for dependencies of ignition-fuel_tools4
[0.622s] -- Checking for module 'jsoncpp'
[0.634s] --   Found jsoncpp, version 1.9.5
[0.665s] -- Checking for module 'libzip'
[0.677s] --   Found libzip, version 1.7.3
[0.704s] -- Looking for ignition-common3 -- found version 3.14.0
[0.704s] -- Looking for ignition-math6 -- found version 6.15.1
[0.705s] -- Looking for ignition-msgs5 -- found version 5.8.1
[0.706s] -- Found gazebo_ros_pkgs: 3.7.0 (/opt/ros/humble/share/gazebo_ros_pkgs/cmake)
[0.706s] -- Found geometry_msgs: 4.2.4 (/opt/ros/humble/share/geometry_msgs/cmake)
[0.718s] -- Found rosidl_generator_c: 3.1.5 (/opt/ros/humble/share/rosidl_generator_c/cmake)
[0.720s] -- Found rosidl_adapter: 3.1.5 (/opt/ros/humble/share/rosidl_adapter/cmake)
[0.724s] -- Found rosidl_generator_cpp: 3.1.5 (/opt/ros/humble/share/rosidl_generator_cpp/cmake)
[0.730s] -- Using all available rosidl_typesupport_c: rosidl_typesupport_fastrtps_c;rosidl_typesupport_introspection_c
[0.744s] -- Using all available rosidl_typesupport_cpp: rosidl_typesupport_fastrtps_cpp;rosidl_typesupport_introspection_cpp
[0.769s] -- Found nav_msgs: 4.2.4 (/opt/ros/humble/share/nav_msgs/cmake)
[0.788s] -- Found rclcpp: 16.0.10 (/opt/ros/humble/share/rclcpp/cmake)
[0.805s] -- Found rmw_implementation_cmake: 6.1.2 (/opt/ros/humble/share/rmw_implementation_cmake/cmake)
[0.806s] -- Found rmw_fastrtps_cpp: 6.2.7 (/opt/ros/humble/share/rmw_fastrtps_cpp/cmake)
[0.885s] -- Using RMW implementation 'rmw_fastrtps_cpp' as default
[0.914s] -- Found sensor_msgs: 4.2.4 (/opt/ros/humble/share/sensor_msgs/cmake)
[0.926s] -- Found tf2: 0.25.8 (/opt/ros/humble/share/tf2/cmake)
[1.028s] -- Configuring done
[1.162s] -- Generating done
[1.164s] -- Build files have been written to: /home/pacman/turtlebot3_ws/build/turtlebot3_gazebo
[1.171s] Invoked command in '/home/pacman/turtlebot3_ws/build/turtlebot3_gazebo' returned '0': CMAKE_PREFIX_PATH=${CMAKE_PREFIX_PATH}:/home/pacman/turtlebot3_ws/install/turtlebot3_teleop:/home/pacman/turtlebot3_ws/install/turtlebot3_example:/opt/ros/humble /usr/bin/cmake /home/pacman/turtlebot3_ws/src/turtlebot3/turtlebot3_simulations/turtlebot3_gazebo -DAMENT_CMAKE_SYMLINK_INSTALL=1 -DCMAKE_INSTALL_PREFIX=/home/pacman/turtlebot3_ws/install/turtlebot3_gazebo
[1.172s] Invoking command in '/home/pacman/turtlebot3_ws/build/turtlebot3_gazebo': CMAKE_PREFIX_PATH=${CMAKE_PREFIX_PATH}:/home/pacman/turtlebot3_ws/install/turtlebot3_teleop:/home/pacman/turtlebot3_ws/install/turtlebot3_example:/opt/ros/humble /usr/bin/cmake --build /home/pacman/turtlebot3_ws/build/turtlebot3_gazebo -- -j12 -l12
[1.208s] [35m[1mConsolidate compiler generated dependencies of target turtlebot3_drive[0m
[1.209s] [35m[1mConsolidate compiler generated dependencies of target obstacle2[0m
[1.209s] [35m[1mConsolidate compiler generated dependencies of target obstacles[0m
[1.218s] [35m[1mConsolidate compiler generated dependencies of target obstacle1[0m
[1.258s] [ 12%] [32m[1mLinking CXX executable turtlebot3_drive[0m
[1.381s] [ 37%] Built target obstacle2
[1.383s] [ 62%] Built target obstacles
[1.383s] [ 87%] Built target obstacle1
[1.813s] [100%] Built target turtlebot3_drive
