-- Install configuration: ""
-- Up-to-date: /home/pacman/turtlebot3_ws/install/turtlebot3_xacro/share/turtlebot3_xacro/launch
-- Up-to-date: /home/pacman/turtlebot3_ws/install/turtlebot3_xacro/share/turtlebot3_xacro/launch/manual_launch.py
-- Up-to-date: /home/pacman/turtlebot3_ws/install/turtlebot3_xacro/share/turtlebot3_xacro/launch/cam_launch.py
-- Up-to-date: /home/pacman/turtlebot3_ws/install/turtlebot3_xacro/share/turtlebot3_xacro/launch/Twist.yaml
-- Up-to-date: /home/pacman/turtlebot3_ws/install/turtlebot3_xacro/share/turtlebot3_xacro/launch/upload_launch.py
-- Up-to-date: /home/pacman/turtlebot3_ws/install/turtlebot3_xacro/share/turtlebot3_xacro/launch/description_launch.py
-- Up-to-date: /home/pacman/turtlebot3_ws/install/turtlebot3_xacro/share/turtlebot3_xacro/launch/rviz_launch.py
-- Up-to-date: /home/pacman/turtlebot3_ws/install/turtlebot3_xacro/share/turtlebot3_xacro/launch/bringup_launch.py
-- Up-to-date: /home/pacman/turtlebot3_ws/install/turtlebot3_xacro/share/turtlebot3_xacro/launch/world_launch.py
-- Up-to-date: /home/pacman/turtlebot3_ws/install/turtlebot3_xacro/share/turtlebot3_xacro/config
-- Up-to-date: /home/pacman/turtlebot3_ws/install/turtlebot3_xacro/share/turtlebot3_xacro/config/ekf.yaml
-- Up-to-date: /home/pacman/turtlebot3_ws/install/turtlebot3_xacro/share/turtlebot3_xacro/config/pi_camera.yaml
-- Up-to-date: /home/pacman/turtlebot3_ws/install/turtlebot3_xacro/share/turtlebot3_xacro/config/model.rviz
-- Up-to-date: /home/pacman/turtlebot3_ws/install/turtlebot3_xacro/share/turtlebot3_xacro/meshes
-- Up-to-date: /home/pacman/turtlebot3_ws/install/turtlebot3_xacro/share/turtlebot3_xacro/meshes/markers
-- Up-to-date: /home/pacman/turtlebot3_ws/install/turtlebot3_xacro/share/turtlebot3_xacro/meshes/markers/april_4.dae
-- Up-to-date: /home/pacman/turtlebot3_ws/install/turtlebot3_xacro/share/turtlebot3_xacro/meshes/markers/april_1.dae
-- Up-to-date: /home/pacman/turtlebot3_ws/install/turtlebot3_xacro/share/turtlebot3_xacro/meshes/markers/april_2.png
-- Up-to-date: /home/pacman/turtlebot3_ws/install/turtlebot3_xacro/share/turtlebot3_xacro/meshes/markers/april_3.dae
-- Up-to-date: /home/pacman/turtlebot3_ws/install/turtlebot3_xacro/share/turtlebot3_xacro/meshes/markers/april_1.png
-- Up-to-date: /home/pacman/turtlebot3_ws/install/turtlebot3_xacro/share/turtlebot3_xacro/meshes/markers/april_4.png
-- Up-to-date: /home/pacman/turtlebot3_ws/install/turtlebot3_xacro/share/turtlebot3_xacro/meshes/markers/april_5.png
-- Up-to-date: /home/pacman/turtlebot3_ws/install/turtlebot3_xacro/share/turtlebot3_xacro/meshes/markers/april_2.dae
-- Up-to-date: /home/pacman/turtlebot3_ws/install/turtlebot3_xacro/share/turtlebot3_xacro/meshes/markers/og_aruco
-- Up-to-date: /home/pacman/turtlebot3_ws/install/turtlebot3_xacro/share/turtlebot3_xacro/meshes/markers/og_aruco/aruco_7.png
-- Up-to-date: /home/pacman/turtlebot3_ws/install/turtlebot3_xacro/share/turtlebot3_xacro/meshes/markers/og_aruco/aruco_6.png
-- Up-to-date: /home/pacman/turtlebot3_ws/install/turtlebot3_xacro/share/turtlebot3_xacro/meshes/markers/og_aruco/aruco_2.png
-- Up-to-date: /home/pacman/turtlebot3_ws/install/turtlebot3_xacro/share/turtlebot3_xacro/meshes/markers/og_aruco/aruco_1.png
-- Up-to-date: /home/pacman/turtlebot3_ws/install/turtlebot3_xacro/share/turtlebot3_xacro/meshes/markers/og_aruco/aruco_5.png
-- Up-to-date: /home/pacman/turtlebot3_ws/install/turtlebot3_xacro/share/turtlebot3_xacro/meshes/markers/og_aruco/aruco_8.png
-- Up-to-date: /home/pacman/turtlebot3_ws/install/turtlebot3_xacro/share/turtlebot3_xacro/meshes/markers/og_aruco/aruco_4.png
-- Up-to-date: /home/pacman/turtlebot3_ws/install/turtlebot3_xacro/share/turtlebot3_xacro/meshes/markers/og_aruco/aruco_3.png
-- Up-to-date: /home/pacman/turtlebot3_ws/install/turtlebot3_xacro/share/turtlebot3_xacro/meshes/markers/april_3.png
-- Up-to-date: /home/pacman/turtlebot3_ws/install/turtlebot3_xacro/share/turtlebot3_xacro/meshes/bases
-- Up-to-date: /home/pacman/turtlebot3_ws/install/turtlebot3_xacro/share/turtlebot3_xacro/meshes/bases/waffle_base.stl
-- Up-to-date: /home/pacman/turtlebot3_ws/install/turtlebot3_xacro/share/turtlebot3_xacro/meshes/bases/waffle_pi_base.stl
-- Up-to-date: /home/pacman/turtlebot3_ws/install/turtlebot3_xacro/share/turtlebot3_xacro/meshes/bases/burger_base.stl
-- Up-to-date: /home/pacman/turtlebot3_ws/install/turtlebot3_xacro/share/turtlebot3_xacro/meshes/sensors
-- Up-to-date: /home/pacman/turtlebot3_ws/install/turtlebot3_xacro/share/turtlebot3_xacro/meshes/sensors/astra.jpg
-- Up-to-date: /home/pacman/turtlebot3_ws/install/turtlebot3_xacro/share/turtlebot3_xacro/meshes/sensors/astra.dae
-- Up-to-date: /home/pacman/turtlebot3_ws/install/turtlebot3_xacro/share/turtlebot3_xacro/meshes/sensors/r200.jpg
-- Up-to-date: /home/pacman/turtlebot3_ws/install/turtlebot3_xacro/share/turtlebot3_xacro/meshes/sensors/lds.stl
-- Up-to-date: /home/pacman/turtlebot3_ws/install/turtlebot3_xacro/share/turtlebot3_xacro/meshes/sensors/r200.dae
-- Up-to-date: /home/pacman/turtlebot3_ws/install/turtlebot3_xacro/share/turtlebot3_xacro/meshes/wheels
-- Up-to-date: /home/pacman/turtlebot3_ws/install/turtlebot3_xacro/share/turtlebot3_xacro/meshes/wheels/left_tire.stl
-- Up-to-date: /home/pacman/turtlebot3_ws/install/turtlebot3_xacro/share/turtlebot3_xacro/meshes/wheels/right_tire.stl
-- Up-to-date: /home/pacman/turtlebot3_ws/install/turtlebot3_xacro/share/turtlebot3_xacro/urdf
-- Up-to-date: /home/pacman/turtlebot3_ws/install/turtlebot3_xacro/share/turtlebot3_xacro/urdf/turtlebot3_gazebo_mine.xacro
-- Up-to-date: /home/pacman/turtlebot3_ws/install/turtlebot3_xacro/share/turtlebot3_xacro/urdf/turtlebot3_burger.urdf.xacro
-- Up-to-date: /home/pacman/turtlebot3_ws/install/turtlebot3_xacro/share/turtlebot3_xacro/urdf/common_properties.xacro
-- Up-to-date: /home/pacman/turtlebot3_ws/install/turtlebot3_xacro/share/turtlebot3_xacro/urdf/turtlebot3_world.sdf
-- Up-to-date: /home/pacman/turtlebot3_ws/install/turtlebot3_xacro/share/turtlebot3_xacro/urdf/common_properties.urdf
-- Up-to-date: /home/pacman/turtlebot3_ws/install/turtlebot3_xacro/share/turtlebot3_xacro/urdf/turtlebot3_gazebo_orig.xacro
-- Up-to-date: /home/pacman/turtlebot3_ws/install/turtlebot3_xacro/share/turtlebot3_xacro/urdf/turtlebot3_waffle_pi_mine.urdf.xacro
-- Up-to-date: /home/pacman/turtlebot3_ws/install/turtlebot3_xacro/share/turtlebot3_xacro/urdf/turtlebot3_waffle_pi.urdf.xacro
-- Installing: /home/pacman/turtlebot3_ws/install/turtlebot3_xacro/share/turtlebot3_xacro/urdf/turtlebot3_gazebo.xacro
-- Up-to-date: /home/pacman/turtlebot3_ws/install/turtlebot3_xacro/share/ament_index/resource_index/package_run_dependencies/turtlebot3_xacro
-- Up-to-date: /home/pacman/turtlebot3_ws/install/turtlebot3_xacro/share/ament_index/resource_index/parent_prefix_path/turtlebot3_xacro
-- Up-to-date: /home/pacman/turtlebot3_ws/install/turtlebot3_xacro/share/turtlebot3_xacro/environment/ament_prefix_path.sh
-- Up-to-date: /home/pacman/turtlebot3_ws/install/turtlebot3_xacro/share/turtlebot3_xacro/environment/ament_prefix_path.dsv
-- Up-to-date: /home/pacman/turtlebot3_ws/install/turtlebot3_xacro/share/turtlebot3_xacro/environment/path.sh
-- Up-to-date: /home/pacman/turtlebot3_ws/install/turtlebot3_xacro/share/turtlebot3_xacro/environment/path.dsv
-- Up-to-date: /home/pacman/turtlebot3_ws/install/turtlebot3_xacro/share/turtlebot3_xacro/local_setup.bash
-- Up-to-date: /home/pacman/turtlebot3_ws/install/turtlebot3_xacro/share/turtlebot3_xacro/local_setup.sh
-- Up-to-date: /home/pacman/turtlebot3_ws/install/turtlebot3_xacro/share/turtlebot3_xacro/local_setup.zsh
-- Up-to-date: /home/pacman/turtlebot3_ws/install/turtlebot3_xacro/share/turtlebot3_xacro/local_setup.dsv
-- Installing: /home/pacman/turtlebot3_ws/install/turtlebot3_xacro/share/turtlebot3_xacro/package.dsv
-- Up-to-date: /home/pacman/turtlebot3_ws/install/turtlebot3_xacro/share/ament_index/resource_index/packages/turtlebot3_xacro
-- Up-to-date: /home/pacman/turtlebot3_ws/install/turtlebot3_xacro/share/turtlebot3_xacro/cmake/turtlebot3_xacroConfig.cmake
-- Up-to-date: /home/pacman/turtlebot3_ws/install/turtlebot3_xacro/share/turtlebot3_xacro/cmake/turtlebot3_xacroConfig-version.cmake
-- Up-to-date: /home/pacman/turtlebot3_ws/install/turtlebot3_xacro/share/turtlebot3_xacro/package.xml
