-- The C compiler identification is GNU 11.4.0
-- The CXX compiler identification is GNU 11.4.0
-- Detecting C compiler ABI info
-- Detecting C compiler ABI info - done
-- Check for working C compiler: /usr/bin/cc - skipped
-- Detecting C compile features
-- Detecting C compile features - done
-- Detecting CXX compiler ABI info
-- Detecting CXX compiler ABI info - done
-- Check for working CXX compiler: /usr/bin/c++ - skipped
-- Detecting CXX compile features
-- Detecting CXX compile features - done
-- Found ament_cmake: 1.3.10 (/opt/ros/humble/share/ament_cmake/cmake)
-- Found Python3: /usr/bin/python3 (found version "3.10.12") found components: Interpreter 
-- Found angles: 1.15.0 (/opt/ros/humble/share/angles/cmake)
-- Found geometry_msgs: 4.2.4 (/opt/ros/humble/share/geometry_msgs/cmake)
-- Found rosidl_generator_c: 3.1.5 (/opt/ros/humble/share/rosidl_generator_c/cmake)
-- Found rosidl_adapter: 3.1.5 (/opt/ros/humble/share/rosidl_adapter/cmake)
-- Found rosidl_generator_cpp: 3.1.5 (/opt/ros/humble/share/rosidl_generator_cpp/cmake)
-- Using all available rosidl_typesupport_c: rosidl_typesupport_fastrtps_c;rosidl_typesupport_introspection_c
-- Using all available rosidl_typesupport_cpp: rosidl_typesupport_fastrtps_cpp;rosidl_typesupport_introspection_cpp
-- Found laser_geometry: 2.4.0 (/opt/ros/humble/share/laser_geometry/cmake)
-- Found rmw_implementation_cmake: 6.1.2 (/opt/ros/humble/share/rmw_implementation_cmake/cmake)
-- Found rmw_fastrtps_cpp: 6.2.7 (/opt/ros/humble/share/rmw_fastrtps_cpp/cmake)
-- Found OpenSSL: /usr/lib/x86_64-linux-gnu/libcrypto.so (found version "3.0.2")  
-- Found FastRTPS: /opt/ros/humble/include  
-- Using RMW implementation 'rmw_fastrtps_cpp' as default
-- Looking for pthread.h
-- Looking for pthread.h - found
-- Performing Test CMAKE_HAVE_LIBC_PTHREAD
-- Performing Test CMAKE_HAVE_LIBC_PTHREAD - Success
-- Found Threads: TRUE  
-- Found map_msgs: 2.1.0 (/opt/ros/humble/share/map_msgs/cmake)
-- Found message_filters: 4.3.5 (/opt/ros/humble/share/message_filters/cmake)
-- Found nav2_common: 1.1.16 (/opt/ros/humble/share/nav2_common/cmake)
-- Found nav2_msgs: 1.1.16 (/opt/ros/humble/share/nav2_msgs/cmake)
-- Found nav2_util: 1.1.16 (/opt/ros/humble/share/nav2_util/cmake)
-- Found Eigen3: TRUE (found version "3.4.0") 
-- Ensuring Eigen3 include directory is part of orocos-kdl CMake target
-- Found nav2_voxel_grid: 1.1.16 (/opt/ros/humble/share/nav2_voxel_grid/cmake)
-- Found pluginlib: 5.1.0 (/opt/ros/humble/share/pluginlib/cmake)
-- Found std_srvs: 4.2.4 (/opt/ros/humble/share/std_srvs/cmake)
-- Found tf2_sensor_msgs: 0.25.8 (/opt/ros/humble/share/tf2_sensor_msgs/cmake)
-- Found visualization_msgs: 4.2.4 (/opt/ros/humble/share/visualization_msgs/cmake)
-- Setting build type to Release as none was specified.
-- Found ament_lint_auto: 0.12.11 (/opt/ros/humble/share/ament_lint_auto/cmake)
-- Found gtest sources under '/opt/ros/humble/src/gtest_vendor': C++ tests using 'Google Test' will be built
-- Added test 'cppcheck' to perform static code analysis on C / C++ code
-- Configured cppcheck include dirs: $<BUILD_INTERFACE:/home/pacman/turtlebot3_ws/src/nav2_costmap_2d/include>
-- Configured cppcheck exclude dirs and/or files: 
-- Added test 'flake8' to check Python code syntax and style conventions
-- Added test 'lint_cmake' to check CMake code style
-- Added test 'pep257' to check Python code against some of the docstring style conventions in PEP 257
-- Added test 'uncrustify' to check C / C++ code style
-- Configured uncrustify additional arguments: 
-- Added test 'xmllint' to check XML markup files
-- Configuring done
[31mCMake Error at CMakeLists.txt:30 (add_library):
  Target "nav2_costmap_2d_core" links to target "nav2_util::nav2_util_core"
  but the target was not found.  Perhaps a find_package() call is missing for
  an IMPORTED target, or an ALIAS target is missing?

[0m
[31mCMake Error at CMakeLists.txt:30 (add_library):
  Target "nav2_costmap_2d_core" links to target
  "tf2_sensor_msgs::tf2_sensor_msgs" but the target was not found.  Perhaps a
  find_package() call is missing for an IMPORTED target, or an ALIAS target
  is missing?

[0m
[31mCMake Error at CMakeLists.txt:62 (add_library):
  Target "layers" links to target "nav2_voxel_grid::voxel_grid" but the
  target was not found.  Perhaps a find_package() call is missing for an
  IMPORTED target, or an ALIAS target is missing?

[0m
[31mCMake Error at CMakeLists.txt:62 (add_library):
  Target "layers" links to target "nav2_util::nav2_util_core" but the target
  was not found.  Perhaps a find_package() call is missing for an IMPORTED
  target, or an ALIAS target is missing?

[0m
[31mCMake Error at CMakeLists.txt:62 (add_library):
  Target "layers" links to target "tf2_sensor_msgs::tf2_sensor_msgs" but the
  target was not found.  Perhaps a find_package() call is missing for an
  IMPORTED target, or an ALIAS target is missing?

[0m
[31mCMake Error at CMakeLists.txt:89 (add_library):
  Target "filters" links to target "nav2_util::nav2_util_core" but the target
  was not found.  Perhaps a find_package() call is missing for an IMPORTED
  target, or an ALIAS target is missing?

[0m
[31mCMake Error at CMakeLists.txt:89 (add_library):
  Target "filters" links to target "tf2_sensor_msgs::tf2_sensor_msgs" but the
  target was not found.  Perhaps a find_package() call is missing for an
  IMPORTED target, or an ALIAS target is missing?

[0m
[31mCMake Error at CMakeLists.txt:105 (add_library):
  Target "nav2_costmap_2d_client" links to target "nav2_util::nav2_util_core"
  but the target was not found.  Perhaps a find_package() call is missing for
  an IMPORTED target, or an ALIAS target is missing?

[0m
[31mCMake Error at CMakeLists.txt:105 (add_library):
  Target "nav2_costmap_2d_client" links to target
  "tf2_sensor_msgs::tf2_sensor_msgs" but the target was not found.  Perhaps a
  find_package() call is missing for an IMPORTED target, or an ALIAS target
  is missing?

[0m
[31mCMake Error at CMakeLists.txt:121 (add_executable):
  Target "nav2_costmap_2d_markers" links to target
  "nav2_voxel_grid::voxel_grid" but the target was not found.  Perhaps a
  find_package() call is missing for an IMPORTED target, or an ALIAS target
  is missing?

[0m
[31mCMake Error at CMakeLists.txt:121 (add_executable):
  Target "nav2_costmap_2d_markers" links to target
  "nav2_util::nav2_util_core" but the target was not found.  Perhaps a
  find_package() call is missing for an IMPORTED target, or an ALIAS target
  is missing?

[0m
[31mCMake Error at CMakeLists.txt:130 (add_executable):
  Target "nav2_costmap_2d_cloud" links to target
  "nav2_voxel_grid::voxel_grid" but the target was not found.  Perhaps a
  find_package() call is missing for an IMPORTED target, or an ALIAS target
  is missing?

[0m
[31mCMake Error at CMakeLists.txt:130 (add_executable):
  Target "nav2_costmap_2d_cloud" links to target "nav2_util::nav2_util_core"
  but the target was not found.  Perhaps a find_package() call is missing for
  an IMPORTED target, or an ALIAS target is missing?

[0m
[31mCMake Error at CMakeLists.txt:140 (add_executable):
  Target "nav2_costmap_2d" links to target "nav2_util::nav2_util_core" but
  the target was not found.  Perhaps a find_package() call is missing for an
  IMPORTED target, or an ALIAS target is missing?

[0m
[31mCMake Error at CMakeLists.txt:140 (add_executable):
  Target "nav2_costmap_2d" links to target "tf2_sensor_msgs::tf2_sensor_msgs"
  but the target was not found.  Perhaps a find_package() call is missing for
  an IMPORTED target, or an ALIAS target is missing?

[0m
[31mCMake Error at /opt/ros/humble/share/ament_cmake_gtest/cmake/ament_add_gtest_executable.cmake:50 (add_executable):
  Target "collision_footprint_test" links to target
  "nav2_util::nav2_util_core" but the target was not found.  Perhaps a
  find_package() call is missing for an IMPORTED target, or an ALIAS target
  is missing?
Call Stack (most recent call first):
  /opt/ros/humble/share/ament_cmake_gtest/cmake/ament_add_gtest_executable.cmake:37 (_ament_add_gtest_executable)
  /opt/ros/humble/share/ament_cmake_gtest/cmake/ament_add_gtest.cmake:68 (ament_add_gtest_executable)
  test/unit/CMakeLists.txt:1 (ament_add_gtest)

[0m
[31mCMake Error at /opt/ros/humble/share/ament_cmake_gtest/cmake/ament_add_gtest_executable.cmake:50 (add_executable):
  Target "collision_footprint_test" links to target
  "tf2_sensor_msgs::tf2_sensor_msgs" but the target was not found.  Perhaps a
  find_package() call is missing for an IMPORTED target, or an ALIAS target
  is missing?
Call Stack (most recent call first):
  /opt/ros/humble/share/ament_cmake_gtest/cmake/ament_add_gtest_executable.cmake:37 (_ament_add_gtest_executable)
  /opt/ros/humble/share/ament_cmake_gtest/cmake/ament_add_gtest.cmake:68 (ament_add_gtest_executable)
  test/unit/CMakeLists.txt:1 (ament_add_gtest)

[0m
[31mCMake Error at /opt/ros/humble/share/ament_cmake_gtest/cmake/ament_add_gtest_executable.cmake:50 (add_executable):
  Target "costmap_convesion_test" links to target "nav2_util::nav2_util_core"
  but the target was not found.  Perhaps a find_package() call is missing for
  an IMPORTED target, or an ALIAS target is missing?
Call Stack (most recent call first):
  /opt/ros/humble/share/ament_cmake_gtest/cmake/ament_add_gtest_executable.cmake:37 (_ament_add_gtest_executable)
  /opt/ros/humble/share/ament_cmake_gtest/cmake/ament_add_gtest.cmake:68 (ament_add_gtest_executable)
  test/unit/CMakeLists.txt:6 (ament_add_gtest)

[0m
[31mCMake Error at /opt/ros/humble/share/ament_cmake_gtest/cmake/ament_add_gtest_executable.cmake:50 (add_executable):
  Target "costmap_convesion_test" links to target
  "tf2_sensor_msgs::tf2_sensor_msgs" but the target was not found.  Perhaps a
  find_package() call is missing for an IMPORTED target, or an ALIAS target
  is missing?
Call Stack (most recent call first):
  /opt/ros/humble/share/ament_cmake_gtest/cmake/ament_add_gtest_executable.cmake:37 (_ament_add_gtest_executable)
  /opt/ros/humble/share/ament_cmake_gtest/cmake/ament_add_gtest.cmake:68 (ament_add_gtest_executable)
  test/unit/CMakeLists.txt:6 (ament_add_gtest)

[0m
[31mCMake Error at /opt/ros/humble/share/ament_cmake_gtest/cmake/ament_add_gtest_executable.cmake:50 (add_executable):
  Target "costmap_cost_service_test" links to target
  "nav2_util::nav2_util_core" but the target was not found.  Perhaps a
  find_package() call is missing for an IMPORTED target, or an ALIAS target
  is missing?
Call Stack (most recent call first):
  /opt/ros/humble/share/ament_cmake_gtest/cmake/ament_add_gtest_executable.cmake:37 (_ament_add_gtest_executable)
  /opt/ros/humble/share/ament_cmake_gtest/cmake/ament_add_gtest.cmake:68 (ament_add_gtest_executable)
  test/unit/CMakeLists.txt:11 (ament_add_gtest)

[0m
[31mCMake Error at /opt/ros/humble/share/ament_cmake_gtest/cmake/ament_add_gtest_executable.cmake:50 (add_executable):
  Target "costmap_cost_service_test" links to target
  "tf2_sensor_msgs::tf2_sensor_msgs" but the target was not found.  Perhaps a
  find_package() call is missing for an IMPORTED target, or an ALIAS target
  is missing?
Call Stack (most recent call first):
  /opt/ros/humble/share/ament_cmake_gtest/cmake/ament_add_gtest_executable.cmake:37 (_ament_add_gtest_executable)
  /opt/ros/humble/share/ament_cmake_gtest/cmake/ament_add_gtest.cmake:68 (ament_add_gtest_executable)
  test/unit/CMakeLists.txt:11 (ament_add_gtest)

[0m
[31mCMake Error at /opt/ros/humble/share/ament_cmake_gtest/cmake/ament_add_gtest_executable.cmake:50 (add_executable):
  Target "declare_parameter_test" links to target "nav2_util::nav2_util_core"
  but the target was not found.  Perhaps a find_package() call is missing for
  an IMPORTED target, or an ALIAS target is missing?
Call Stack (most recent call first):
  /opt/ros/humble/share/ament_cmake_gtest/cmake/ament_add_gtest_executable.cmake:37 (_ament_add_gtest_executable)
  /opt/ros/humble/share/ament_cmake_gtest/cmake/ament_add_gtest.cmake:68 (ament_add_gtest_executable)
  test/unit/CMakeLists.txt:16 (ament_add_gtest)

[0m
[31mCMake Error at /opt/ros/humble/share/ament_cmake_gtest/cmake/ament_add_gtest_executable.cmake:50 (add_executable):
  Target "declare_parameter_test" links to target
  "tf2_sensor_msgs::tf2_sensor_msgs" but the target was not found.  Perhaps a
  find_package() call is missing for an IMPORTED target, or an ALIAS target
  is missing?
Call Stack (most recent call first):
  /opt/ros/humble/share/ament_cmake_gtest/cmake/ament_add_gtest_executable.cmake:37 (_ament_add_gtest_executable)
  /opt/ros/humble/share/ament_cmake_gtest/cmake/ament_add_gtest.cmake:68 (ament_add_gtest_executable)
  test/unit/CMakeLists.txt:16 (ament_add_gtest)

[0m
[31mCMake Error at /opt/ros/humble/share/ament_cmake_gtest/cmake/ament_add_gtest_executable.cmake:50 (add_executable):
  Target "costmap_filter_test" links to target "nav2_util::nav2_util_core"
  but the target was not found.  Perhaps a find_package() call is missing for
  an IMPORTED target, or an ALIAS target is missing?
Call Stack (most recent call first):
  /opt/ros/humble/share/ament_cmake_gtest/cmake/ament_add_gtest_executable.cmake:37 (_ament_add_gtest_executable)
  /opt/ros/humble/share/ament_cmake_gtest/cmake/ament_add_gtest.cmake:68 (ament_add_gtest_executable)
  test/unit/CMakeLists.txt:21 (ament_add_gtest)

[0m
[31mCMake Error at /opt/ros/humble/share/ament_cmake_gtest/cmake/ament_add_gtest_executable.cmake:50 (add_executable):
  Target "costmap_filter_test" links to target
  "tf2_sensor_msgs::tf2_sensor_msgs" but the target was not found.  Perhaps a
  find_package() call is missing for an IMPORTED target, or an ALIAS target
  is missing?
Call Stack (most recent call first):
  /opt/ros/humble/share/ament_cmake_gtest/cmake/ament_add_gtest_executable.cmake:37 (_ament_add_gtest_executable)
  /opt/ros/humble/share/ament_cmake_gtest/cmake/ament_add_gtest.cmake:68 (ament_add_gtest_executable)
  test/unit/CMakeLists.txt:21 (ament_add_gtest)

[0m
[31mCMake Error at /opt/ros/humble/share/ament_cmake_gtest/cmake/ament_add_gtest_executable.cmake:50 (add_executable):
  Target "keepout_filter_test" links to target "nav2_util::nav2_util_core"
  but the target was not found.  Perhaps a find_package() call is missing for
  an IMPORTED target, or an ALIAS target is missing?
Call Stack (most recent call first):
  /opt/ros/humble/share/ament_cmake_gtest/cmake/ament_add_gtest_executable.cmake:37 (_ament_add_gtest_executable)
  /opt/ros/humble/share/ament_cmake_gtest/cmake/ament_add_gtest.cmake:68 (ament_add_gtest_executable)
  test/unit/CMakeLists.txt:26 (ament_add_gtest)

[0m
[31mCMake Error at /opt/ros/humble/share/ament_cmake_gtest/cmake/ament_add_gtest_executable.cmake:50 (add_executable):
  Target "keepout_filter_test" links to target
  "tf2_sensor_msgs::tf2_sensor_msgs" but the target was not found.  Perhaps a
  find_package() call is missing for an IMPORTED target, or an ALIAS target
  is missing?
Call Stack (most recent call first):
  /opt/ros/humble/share/ament_cmake_gtest/cmake/ament_add_gtest_executable.cmake:37 (_ament_add_gtest_executable)
  /opt/ros/humble/share/ament_cmake_gtest/cmake/ament_add_gtest.cmake:68 (ament_add_gtest_executable)
  test/unit/CMakeLists.txt:26 (ament_add_gtest)

[0m
[31mCMake Error at /opt/ros/humble/share/ament_cmake_gtest/cmake/ament_add_gtest_executable.cmake:50 (add_executable):
  Target "speed_filter_test" links to target "nav2_util::nav2_util_core" but
  the target was not found.  Perhaps a find_package() call is missing for an
  IMPORTED target, or an ALIAS target is missing?
Call Stack (most recent call first):
  /opt/ros/humble/share/ament_cmake_gtest/cmake/ament_add_gtest_executable.cmake:37 (_ament_add_gtest_executable)
  /opt/ros/humble/share/ament_cmake_gtest/cmake/ament_add_gtest.cmake:68 (ament_add_gtest_executable)
  test/unit/CMakeLists.txt:32 (ament_add_gtest)

[0m
[31mCMake Error at /opt/ros/humble/share/ament_cmake_gtest/cmake/ament_add_gtest_executable.cmake:50 (add_executable):
  Target "speed_filter_test" links to target
  "tf2_sensor_msgs::tf2_sensor_msgs" but the target was not found.  Perhaps a
  find_package() call is missing for an IMPORTED target, or an ALIAS target
  is missing?
Call Stack (most recent call first):
  /opt/ros/humble/share/ament_cmake_gtest/cmake/ament_add_gtest_executable.cmake:37 (_ament_add_gtest_executable)
  /opt/ros/humble/share/ament_cmake_gtest/cmake/ament_add_gtest.cmake:68 (ament_add_gtest_executable)
  test/unit/CMakeLists.txt:32 (ament_add_gtest)

[0m
[31mCMake Error at /opt/ros/humble/share/ament_cmake_gtest/cmake/ament_add_gtest_executable.cmake:50 (add_executable):
  Target "binary_filter_test" links to target "nav2_util::nav2_util_core" but
  the target was not found.  Perhaps a find_package() call is missing for an
  IMPORTED target, or an ALIAS target is missing?
Call Stack (most recent call first):
  /opt/ros/humble/share/ament_cmake_gtest/cmake/ament_add_gtest_executable.cmake:37 (_ament_add_gtest_executable)
  /opt/ros/humble/share/ament_cmake_gtest/cmake/ament_add_gtest.cmake:68 (ament_add_gtest_executable)
  test/unit/CMakeLists.txt:38 (ament_add_gtest)

[0m
[31mCMake Error at /opt/ros/humble/share/ament_cmake_gtest/cmake/ament_add_gtest_executable.cmake:50 (add_executable):
  Target "binary_filter_test" links to target
  "tf2_sensor_msgs::tf2_sensor_msgs" but the target was not found.  Perhaps a
  find_package() call is missing for an IMPORTED target, or an ALIAS target
  is missing?
Call Stack (most recent call first):
  /opt/ros/humble/share/ament_cmake_gtest/cmake/ament_add_gtest_executable.cmake:37 (_ament_add_gtest_executable)
  /opt/ros/humble/share/ament_cmake_gtest/cmake/ament_add_gtest.cmake:68 (ament_add_gtest_executable)
  test/unit/CMakeLists.txt:38 (ament_add_gtest)

[0m
[31mCMake Error at /opt/ros/humble/share/ament_cmake_gtest/cmake/ament_add_gtest_executable.cmake:50 (add_executable):
  Target "copy_window_test" links to target "nav2_util::nav2_util_core" but
  the target was not found.  Perhaps a find_package() call is missing for an
  IMPORTED target, or an ALIAS target is missing?
Call Stack (most recent call first):
  /opt/ros/humble/share/ament_cmake_gtest/cmake/ament_add_gtest_executable.cmake:37 (_ament_add_gtest_executable)
  /opt/ros/humble/share/ament_cmake_gtest/cmake/ament_add_gtest.cmake:68 (ament_add_gtest_executable)
  test/unit/CMakeLists.txt:45 (ament_add_gtest)

[0m
[31mCMake Error at /opt/ros/humble/share/ament_cmake_gtest/cmake/ament_add_gtest_executable.cmake:50 (add_executable):
  Target "copy_window_test" links to target
  "tf2_sensor_msgs::tf2_sensor_msgs" but the target was not found.  Perhaps a
  find_package() call is missing for an IMPORTED target, or an ALIAS target
  is missing?
Call Stack (most recent call first):
  /opt/ros/humble/share/ament_cmake_gtest/cmake/ament_add_gtest_executable.cmake:37 (_ament_add_gtest_executable)
  /opt/ros/humble/share/ament_cmake_gtest/cmake/ament_add_gtest.cmake:68 (ament_add_gtest_executable)
  test/unit/CMakeLists.txt:45 (ament_add_gtest)

[0m
[31mCMake Error at /opt/ros/humble/share/ament_cmake_gtest/cmake/ament_add_gtest_executable.cmake:50 (add_executable):
  Target "costmap_filter_service_test" links to target
  "nav2_util::nav2_util_core" but the target was not found.  Perhaps a
  find_package() call is missing for an IMPORTED target, or an ALIAS target
  is missing?
Call Stack (most recent call first):
  /opt/ros/humble/share/ament_cmake_gtest/cmake/ament_add_gtest_executable.cmake:37 (_ament_add_gtest_executable)
  /opt/ros/humble/share/ament_cmake_gtest/cmake/ament_add_gtest.cmake:68 (ament_add_gtest_executable)
  test/unit/CMakeLists.txt:50 (ament_add_gtest)

[0m
[31mCMake Error at /opt/ros/humble/share/ament_cmake_gtest/cmake/ament_add_gtest_executable.cmake:50 (add_executable):
  Target "costmap_filter_service_test" links to target
  "tf2_sensor_msgs::tf2_sensor_msgs" but the target was not found.  Perhaps a
  find_package() call is missing for an IMPORTED target, or an ALIAS target
  is missing?
Call Stack (most recent call first):
  /opt/ros/humble/share/ament_cmake_gtest/cmake/ament_add_gtest_executable.cmake:37 (_ament_add_gtest_executable)
  /opt/ros/humble/share/ament_cmake_gtest/cmake/ament_add_gtest.cmake:68 (ament_add_gtest_executable)
  test/unit/CMakeLists.txt:50 (ament_add_gtest)

[0m
[31mCMake Error at /opt/ros/humble/share/ament_cmake_gtest/cmake/ament_add_gtest_executable.cmake:50 (add_executable):
  Target "denoise_layer_test" links to target "nav2_util::nav2_util_core" but
  the target was not found.  Perhaps a find_package() call is missing for an
  IMPORTED target, or an ALIAS target is missing?
Call Stack (most recent call first):
  /opt/ros/humble/share/ament_cmake_gtest/cmake/ament_add_gtest_executable.cmake:37 (_ament_add_gtest_executable)
  /opt/ros/humble/share/ament_cmake_gtest/cmake/ament_add_gtest.cmake:68 (ament_add_gtest_executable)
  test/unit/CMakeLists.txt:55 (ament_add_gtest)

[0m
[31mCMake Error at /opt/ros/humble/share/ament_cmake_gtest/cmake/ament_add_gtest_executable.cmake:50 (add_executable):
  Target "denoise_layer_test" links to target
  "tf2_sensor_msgs::tf2_sensor_msgs" but the target was not found.  Perhaps a
  find_package() call is missing for an IMPORTED target, or an ALIAS target
  is missing?
Call Stack (most recent call first):
  /opt/ros/humble/share/ament_cmake_gtest/cmake/ament_add_gtest_executable.cmake:37 (_ament_add_gtest_executable)
  /opt/ros/humble/share/ament_cmake_gtest/cmake/ament_add_gtest.cmake:68 (ament_add_gtest_executable)
  test/unit/CMakeLists.txt:55 (ament_add_gtest)

[0m
[31mCMake Error at /opt/ros/humble/share/ament_cmake_gtest/cmake/ament_add_gtest_executable.cmake:50 (add_executable):
  Target "denoise_layer_test" links to target "nav2_voxel_grid::voxel_grid"
  but the target was not found.  Perhaps a find_package() call is missing for
  an IMPORTED target, or an ALIAS target is missing?
Call Stack (most recent call first):
  /opt/ros/humble/share/ament_cmake_gtest/cmake/ament_add_gtest_executable.cmake:37 (_ament_add_gtest_executable)
  /opt/ros/humble/share/ament_cmake_gtest/cmake/ament_add_gtest.cmake:68 (ament_add_gtest_executable)
  test/unit/CMakeLists.txt:55 (ament_add_gtest)

[0m
[31mCMake Error at /opt/ros/humble/share/ament_cmake_gtest/cmake/ament_add_gtest_executable.cmake:50 (add_executable):
  Target "lifecycle_test" links to target "nav2_util::nav2_util_core" but the
  target was not found.  Perhaps a find_package() call is missing for an
  IMPORTED target, or an ALIAS target is missing?
Call Stack (most recent call first):
  /opt/ros/humble/share/ament_cmake_gtest/cmake/ament_add_gtest_executable.cmake:37 (_ament_add_gtest_executable)
  /opt/ros/humble/share/ament_cmake_gtest/cmake/ament_add_gtest.cmake:68 (ament_add_gtest_executable)
  test/unit/CMakeLists.txt:61 (ament_add_gtest)

[0m
[31mCMake Error at /opt/ros/humble/share/ament_cmake_gtest/cmake/ament_add_gtest_executable.cmake:50 (add_executable):
  Target "lifecycle_test" links to target "tf2_sensor_msgs::tf2_sensor_msgs"
  but the target was not found.  Perhaps a find_package() call is missing for
  an IMPORTED target, or an ALIAS target is missing?
Call Stack (most recent call first):
  /opt/ros/humble/share/ament_cmake_gtest/cmake/ament_add_gtest_executable.cmake:37 (_ament_add_gtest_executable)
  /opt/ros/humble/share/ament_cmake_gtest/cmake/ament_add_gtest.cmake:68 (ament_add_gtest_executable)
  test/unit/CMakeLists.txt:61 (ament_add_gtest)

[0m
[31mCMake Error at /opt/ros/humble/share/ament_cmake_gtest/cmake/ament_add_gtest_executable.cmake:50 (add_executable):
  Target "footprint_tests_exec" links to target "nav2_util::nav2_util_core"
  but the target was not found.  Perhaps a find_package() call is missing for
  an IMPORTED target, or an ALIAS target is missing?
Call Stack (most recent call first):
  /opt/ros/humble/share/ament_cmake_gtest/cmake/ament_add_gtest_executable.cmake:37 (_ament_add_gtest_executable)
  test/integration/CMakeLists.txt:1 (ament_add_gtest_executable)

[0m
[31mCMake Error at /opt/ros/humble/share/ament_cmake_gtest/cmake/ament_add_gtest_executable.cmake:50 (add_executable):
  Target "footprint_tests_exec" links to target
  "tf2_sensor_msgs::tf2_sensor_msgs" but the target was not found.  Perhaps a
  find_package() call is missing for an IMPORTED target, or an ALIAS target
  is missing?
Call Stack (most recent call first):
  /opt/ros/humble/share/ament_cmake_gtest/cmake/ament_add_gtest_executable.cmake:37 (_ament_add_gtest_executable)
  test/integration/CMakeLists.txt:1 (ament_add_gtest_executable)

[0m
[31mCMake Error at /opt/ros/humble/share/ament_cmake_gtest/cmake/ament_add_gtest_executable.cmake:50 (add_executable):
  Target "footprint_tests_exec" links to target "nav2_voxel_grid::voxel_grid"
  but the target was not found.  Perhaps a find_package() call is missing for
  an IMPORTED target, or an ALIAS target is missing?
Call Stack (most recent call first):
  /opt/ros/humble/share/ament_cmake_gtest/cmake/ament_add_gtest_executable.cmake:37 (_ament_add_gtest_executable)
  test/integration/CMakeLists.txt:1 (ament_add_gtest_executable)

[0m
[31mCMake Error at /opt/ros/humble/share/ament_cmake_gtest/cmake/ament_add_gtest_executable.cmake:50 (add_executable):
  Target "test_collision_checker_exec" links to target
  "nav2_util::nav2_util_core" but the target was not found.  Perhaps a
  find_package() call is missing for an IMPORTED target, or an ALIAS target
  is missing?
Call Stack (most recent call first):
  /opt/ros/humble/share/ament_cmake_gtest/cmake/ament_add_gtest_executable.cmake:37 (_ament_add_gtest_executable)
  test/integration/CMakeLists.txt:9 (ament_add_gtest_executable)

[0m
[31mCMake Error at /opt/ros/humble/share/ament_cmake_gtest/cmake/ament_add_gtest_executable.cmake:50 (add_executable):
  Target "test_collision_checker_exec" links to target
  "tf2_sensor_msgs::tf2_sensor_msgs" but the target was not found.  Perhaps a
  find_package() call is missing for an IMPORTED target, or an ALIAS target
  is missing?
Call Stack (most recent call first):
  /opt/ros/humble/share/ament_cmake_gtest/cmake/ament_add_gtest_executable.cmake:37 (_ament_add_gtest_executable)
  test/integration/CMakeLists.txt:9 (ament_add_gtest_executable)

[0m
[31mCMake Error at /opt/ros/humble/share/ament_cmake_gtest/cmake/ament_add_gtest_executable.cmake:50 (add_executable):
  Target "test_collision_checker_exec" links to target
  "nav2_voxel_grid::voxel_grid" but the target was not found.  Perhaps a
  find_package() call is missing for an IMPORTED target, or an ALIAS target
  is missing?
Call Stack (most recent call first):
  /opt/ros/humble/share/ament_cmake_gtest/cmake/ament_add_gtest_executable.cmake:37 (_ament_add_gtest_executable)
  test/integration/CMakeLists.txt:9 (ament_add_gtest_executable)

[0m
[31mCMake Error at /opt/ros/humble/share/ament_cmake_gtest/cmake/ament_add_gtest_executable.cmake:50 (add_executable):
  Target "inflation_tests_exec" links to target "nav2_util::nav2_util_core"
  but the target was not found.  Perhaps a find_package() call is missing for
  an IMPORTED target, or an ALIAS target is missing?
Call Stack (most recent call first):
  /opt/ros/humble/share/ament_cmake_gtest/cmake/ament_add_gtest_executable.cmake:37 (_ament_add_gtest_executable)
  test/integration/CMakeLists.txt:18 (ament_add_gtest_executable)

[0m
[31mCMake Error at /opt/ros/humble/share/ament_cmake_gtest/cmake/ament_add_gtest_executable.cmake:50 (add_executable):
  Target "inflation_tests_exec" links to target
  "tf2_sensor_msgs::tf2_sensor_msgs" but the target was not found.  Perhaps a
  find_package() call is missing for an IMPORTED target, or an ALIAS target
  is missing?
Call Stack (most recent call first):
  /opt/ros/humble/share/ament_cmake_gtest/cmake/ament_add_gtest_executable.cmake:37 (_ament_add_gtest_executable)
  test/integration/CMakeLists.txt:18 (ament_add_gtest_executable)

[0m
[31mCMake Error at /opt/ros/humble/share/ament_cmake_gtest/cmake/ament_add_gtest_executable.cmake:50 (add_executable):
  Target "inflation_tests_exec" links to target "nav2_voxel_grid::voxel_grid"
  but the target was not found.  Perhaps a find_package() call is missing for
  an IMPORTED target, or an ALIAS target is missing?
Call Stack (most recent call first):
  /opt/ros/humble/share/ament_cmake_gtest/cmake/ament_add_gtest_executable.cmake:37 (_ament_add_gtest_executable)
  test/integration/CMakeLists.txt:18 (ament_add_gtest_executable)

[0m
[31mCMake Error at /opt/ros/humble/share/ament_cmake_gtest/cmake/ament_add_gtest_executable.cmake:50 (add_executable):
  Target "obstacle_tests_exec" links to target "nav2_util::nav2_util_core"
  but the target was not found.  Perhaps a find_package() call is missing for
  an IMPORTED target, or an ALIAS target is missing?
Call Stack (most recent call first):
  /opt/ros/humble/share/ament_cmake_gtest/cmake/ament_add_gtest_executable.cmake:37 (_ament_add_gtest_executable)
  test/integration/CMakeLists.txt:26 (ament_add_gtest_executable)

[0m
[31mCMake Error at /opt/ros/humble/share/ament_cmake_gtest/cmake/ament_add_gtest_executable.cmake:50 (add_executable):
  Target "obstacle_tests_exec" links to target
  "tf2_sensor_msgs::tf2_sensor_msgs" but the target was not found.  Perhaps a
  find_package() call is missing for an IMPORTED target, or an ALIAS target
  is missing?
Call Stack (most recent call first):
  /opt/ros/humble/share/ament_cmake_gtest/cmake/ament_add_gtest_executable.cmake:37 (_ament_add_gtest_executable)
  test/integration/CMakeLists.txt:26 (ament_add_gtest_executable)

[0m
[31mCMake Error at /opt/ros/humble/share/ament_cmake_gtest/cmake/ament_add_gtest_executable.cmake:50 (add_executable):
  Target "obstacle_tests_exec" links to target "nav2_voxel_grid::voxel_grid"
  but the target was not found.  Perhaps a find_package() call is missing for
  an IMPORTED target, or an ALIAS target is missing?
Call Stack (most recent call first):
  /opt/ros/humble/share/ament_cmake_gtest/cmake/ament_add_gtest_executable.cmake:37 (_ament_add_gtest_executable)
  test/integration/CMakeLists.txt:26 (ament_add_gtest_executable)

[0m
[31mCMake Error at /opt/ros/humble/share/ament_cmake_gtest/cmake/ament_add_gtest_executable.cmake:50 (add_executable):
  Target "range_tests_exec" links to target "nav2_util::nav2_util_core" but
  the target was not found.  Perhaps a find_package() call is missing for an
  IMPORTED target, or an ALIAS target is missing?
Call Stack (most recent call first):
  /opt/ros/humble/share/ament_cmake_gtest/cmake/ament_add_gtest_executable.cmake:37 (_ament_add_gtest_executable)
  test/integration/CMakeLists.txt:34 (ament_add_gtest_executable)

[0m
[31mCMake Error at /opt/ros/humble/share/ament_cmake_gtest/cmake/ament_add_gtest_executable.cmake:50 (add_executable):
  Target "range_tests_exec" links to target
  "tf2_sensor_msgs::tf2_sensor_msgs" but the target was not found.  Perhaps a
  find_package() call is missing for an IMPORTED target, or an ALIAS target
  is missing?
Call Stack (most recent call first):
  /opt/ros/humble/share/ament_cmake_gtest/cmake/ament_add_gtest_executable.cmake:37 (_ament_add_gtest_executable)
  test/integration/CMakeLists.txt:34 (ament_add_gtest_executable)

[0m
[31mCMake Error at /opt/ros/humble/share/ament_cmake_gtest/cmake/ament_add_gtest_executable.cmake:50 (add_executable):
  Target "range_tests_exec" links to target "nav2_voxel_grid::voxel_grid" but
  the target was not found.  Perhaps a find_package() call is missing for an
  IMPORTED target, or an ALIAS target is missing?
Call Stack (most recent call first):
  /opt/ros/humble/share/ament_cmake_gtest/cmake/ament_add_gtest_executable.cmake:37 (_ament_add_gtest_executable)
  test/integration/CMakeLists.txt:34 (ament_add_gtest_executable)

[0m
[31mCMake Error at /opt/ros/humble/share/ament_cmake_gtest/cmake/ament_add_gtest_executable.cmake:50 (add_executable):
  Target "dyn_params_tests" links to target "nav2_util::nav2_util_core" but
  the target was not found.  Perhaps a find_package() call is missing for an
  IMPORTED target, or an ALIAS target is missing?
Call Stack (most recent call first):
  /opt/ros/humble/share/ament_cmake_gtest/cmake/ament_add_gtest_executable.cmake:37 (_ament_add_gtest_executable)
  /opt/ros/humble/share/ament_cmake_gtest/cmake/ament_add_gtest.cmake:68 (ament_add_gtest_executable)
  test/integration/CMakeLists.txt:42 (ament_add_gtest)

[0m
[31mCMake Error at /opt/ros/humble/share/ament_cmake_gtest/cmake/ament_add_gtest_executable.cmake:50 (add_executable):
  Target "dyn_params_tests" links to target
  "tf2_sensor_msgs::tf2_sensor_msgs" but the target was not found.  Perhaps a
  find_package() call is missing for an IMPORTED target, or an ALIAS target
  is missing?
Call Stack (most recent call first):
  /opt/ros/humble/share/ament_cmake_gtest/cmake/ament_add_gtest_executable.cmake:37 (_ament_add_gtest_executable)
  /opt/ros/humble/share/ament_cmake_gtest/cmake/ament_add_gtest.cmake:68 (ament_add_gtest_executable)
  test/integration/CMakeLists.txt:42 (ament_add_gtest)

[0m
[31mCMake Error at /opt/ros/humble/share/ament_cmake_gtest/cmake/ament_add_gtest_executable.cmake:50 (add_executable):
  Target "test_costmap_publisher_exec" links to target
  "nav2_util::nav2_util_core" but the target was not found.  Perhaps a
  find_package() call is missing for an IMPORTED target, or an ALIAS target
  is missing?
Call Stack (most recent call first):
  /opt/ros/humble/share/ament_cmake_gtest/cmake/ament_add_gtest_executable.cmake:37 (_ament_add_gtest_executable)
  test/integration/CMakeLists.txt:49 (ament_add_gtest_executable)

[0m
[31mCMake Error at /opt/ros/humble/share/ament_cmake_gtest/cmake/ament_add_gtest_executable.cmake:50 (add_executable):
  Target "test_costmap_publisher_exec" links to target
  "tf2_sensor_msgs::tf2_sensor_msgs" but the target was not found.  Perhaps a
  find_package() call is missing for an IMPORTED target, or an ALIAS target
  is missing?
Call Stack (most recent call first):
  /opt/ros/humble/share/ament_cmake_gtest/cmake/ament_add_gtest_executable.cmake:37 (_ament_add_gtest_executable)
  test/integration/CMakeLists.txt:49 (ament_add_gtest_executable)

[0m
[31mCMake Error at /opt/ros/humble/share/ament_cmake_gtest/cmake/ament_add_gtest_executable.cmake:50 (add_executable):
  Target "test_costmap_publisher_exec" links to target
  "nav2_voxel_grid::voxel_grid" but the target was not found.  Perhaps a
  find_package() call is missing for an IMPORTED target, or an ALIAS target
  is missing?
Call Stack (most recent call first):
  /opt/ros/humble/share/ament_cmake_gtest/cmake/ament_add_gtest_executable.cmake:37 (_ament_add_gtest_executable)
  test/integration/CMakeLists.txt:49 (ament_add_gtest_executable)

[0m
[31mCMake Error at /opt/ros/humble/share/ament_cmake_gtest/cmake/ament_add_gtest_executable.cmake:50 (add_executable):
  Target "test_costmap_subscriber_exec" links to target
  "nav2_util::nav2_util_core" but the target was not found.  Perhaps a
  find_package() call is missing for an IMPORTED target, or an ALIAS target
  is missing?
Call Stack (most recent call first):
  /opt/ros/humble/share/ament_cmake_gtest/cmake/ament_add_gtest_executable.cmake:37 (_ament_add_gtest_executable)
  test/integration/CMakeLists.txt:58 (ament_add_gtest_executable)

[0m
[31mCMake Error at /opt/ros/humble/share/ament_cmake_gtest/cmake/ament_add_gtest_executable.cmake:50 (add_executable):
  Target "test_costmap_subscriber_exec" links to target
  "tf2_sensor_msgs::tf2_sensor_msgs" but the target was not found.  Perhaps a
  find_package() call is missing for an IMPORTED target, or an ALIAS target
  is missing?
Call Stack (most recent call first):
  /opt/ros/humble/share/ament_cmake_gtest/cmake/ament_add_gtest_executable.cmake:37 (_ament_add_gtest_executable)
  test/integration/CMakeLists.txt:58 (ament_add_gtest_executable)

[0m
[31mCMake Error at /opt/ros/humble/share/ament_cmake_gtest/cmake/ament_add_gtest_executable.cmake:50 (add_executable):
  Target "costmap_bresenham_2d" links to target "nav2_util::nav2_util_core"
  but the target was not found.  Perhaps a find_package() call is missing for
  an IMPORTED target, or an ALIAS target is missing?
Call Stack (most recent call first):
  /opt/ros/humble/share/ament_cmake_gtest/cmake/ament_add_gtest_executable.cmake:37 (_ament_add_gtest_executable)
  /opt/ros/humble/share/ament_cmake_gtest/cmake/ament_add_gtest.cmake:68 (ament_add_gtest_executable)
  test/regression/CMakeLists.txt:2 (ament_add_gtest)

[0m
[31mCMake Error at /opt/ros/humble/share/ament_cmake_gtest/cmake/ament_add_gtest_executable.cmake:50 (add_executable):
  Target "costmap_bresenham_2d" links to target
  "tf2_sensor_msgs::tf2_sensor_msgs" but the target was not found.  Perhaps a
  find_package() call is missing for an IMPORTED target, or an ALIAS target
  is missing?
Call Stack (most recent call first):
  /opt/ros/humble/share/ament_cmake_gtest/cmake/ament_add_gtest_executable.cmake:37 (_ament_add_gtest_executable)
  /opt/ros/humble/share/ament_cmake_gtest/cmake/ament_add_gtest.cmake:68 (ament_add_gtest_executable)
  test/regression/CMakeLists.txt:2 (ament_add_gtest)

[0m
[31mCMake Error at test/regression/CMakeLists.txt:8 (add_library):
  Target "order_layer" links to target "nav2_util::nav2_util_core" but the
  target was not found.  Perhaps a find_package() call is missing for an
  IMPORTED target, or an ALIAS target is missing?

[0m
[31mCMake Error at test/regression/CMakeLists.txt:8 (add_library):
  Target "order_layer" links to target "tf2_sensor_msgs::tf2_sensor_msgs" but
  the target was not found.  Perhaps a find_package() call is missing for an
  IMPORTED target, or an ALIAS target is missing?

[0m
[31mCMake Error at /opt/ros/humble/share/ament_cmake_gtest/cmake/ament_add_gtest_executable.cmake:50 (add_executable):
  Target "plugin_api_order" links to target "nav2_util::nav2_util_core" but
  the target was not found.  Perhaps a find_package() call is missing for an
  IMPORTED target, or an ALIAS target is missing?
Call Stack (most recent call first):
  /opt/ros/humble/share/ament_cmake_gtest/cmake/ament_add_gtest_executable.cmake:37 (_ament_add_gtest_executable)
  /opt/ros/humble/share/ament_cmake_gtest/cmake/ament_add_gtest.cmake:68 (ament_add_gtest_executable)
  test/regression/CMakeLists.txt:20 (ament_add_gtest)

[0m
[31mCMake Error at /opt/ros/humble/share/ament_cmake_gtest/cmake/ament_add_gtest_executable.cmake:50 (add_executable):
  Target "plugin_api_order" links to target
  "tf2_sensor_msgs::tf2_sensor_msgs" but the target was not found.  Perhaps a
  find_package() call is missing for an IMPORTED target, or an ALIAS target
  is missing?
Call Stack (most recent call first):
  /opt/ros/humble/share/ament_cmake_gtest/cmake/ament_add_gtest_executable.cmake:37 (_ament_add_gtest_executable)
  /opt/ros/humble/share/ament_cmake_gtest/cmake/ament_add_gtest.cmake:68 (ament_add_gtest_executable)
  test/regression/CMakeLists.txt:20 (ament_add_gtest)

[0m
-- Generating done
[0mCMake Generate step failed.  Build files cannot be regenerated correctly.[0m
