[0.235s] Invoking command in '/home/pacman/turtlebot3_ws/build/turtlebot3_xacro': CMAKE_PREFIX_PATH=${CMAKE_PREFIX_PATH}:/home/pacman/turtlebot3_ws/install/turtlebot3_teleop:/home/pacman/turtlebot3_ws/install/turtlebot3_example:/opt/ros/humble /usr/bin/cmake /home/pacman/turtlebot3_ws/src/turtlebot3_xacro -DCMAKE_INSTALL_PREFIX=/home/pacman/turtlebot3_ws/install/turtlebot3_xacro
[0.330s] -- The C compiler identification is GNU 11.4.0
[0.405s] -- The CXX compiler identification is GNU 11.4.0
[0.413s] -- Detecting C compiler ABI info
[0.468s] -- Detecting C compiler ABI info - done
[0.473s] -- Check for working C compiler: /usr/bin/cc - skipped
[0.474s] -- Detecting C compile features
[0.474s] -- Detecting C compile features - done
[0.476s] -- Detecting CXX compiler ABI info
[0.528s] -- Detecting CXX compiler ABI info - done
[0.533s] -- Check for working CXX compiler: /usr/bin/c++ - skipped
[0.533s] -- Detecting CXX compile features
[0.533s] -- Detecting CXX compile features - done
[0.536s] -- Found ament_cmake: 1.3.10 (/opt/ros/humble/share/ament_cmake/cmake)
[0.640s] -- Found Python3: /usr/bin/python3 (found version "3.10.12") found components: Interpreter 
[0.713s] -- Found ament_lint_auto: 0.12.11 (/opt/ros/humble/share/ament_lint_auto/cmake)
[0.775s] -- Added test 'flake8' to check Python code syntax and style conventions
[0.776s] -- Added test 'lint_cmake' to check CMake code style
[0.776s] -- Added test 'pep257' to check Python code against some of the docstring style conventions in PEP 257
[0.778s] -- Added test 'xmllint' to check XML markup files
[0.779s] -- Configuring done
[0.780s] -- Generating done
[0.780s] -- Build files have been written to: /home/pacman/turtlebot3_ws/build/turtlebot3_xacro
[0.797s] Invoked command in '/home/pacman/turtlebot3_ws/build/turtlebot3_xacro' returned '0': CMAKE_PREFIX_PATH=${CMAKE_PREFIX_PATH}:/home/pacman/turtlebot3_ws/install/turtlebot3_teleop:/home/pacman/turtlebot3_ws/install/turtlebot3_example:/opt/ros/humble /usr/bin/cmake /home/pacman/turtlebot3_ws/src/turtlebot3_xacro -DCMAKE_INSTALL_PREFIX=/home/pacman/turtlebot3_ws/install/turtlebot3_xacro
[0.797s] Invoking command in '/home/pacman/turtlebot3_ws/build/turtlebot3_xacro': CMAKE_PREFIX_PATH=${CMAKE_PREFIX_PATH}:/home/pacman/turtlebot3_ws/install/turtlebot3_teleop:/home/pacman/turtlebot3_ws/install/turtlebot3_example:/opt/ros/humble /usr/bin/cmake --build /home/pacman/turtlebot3_ws/build/turtlebot3_xacro -- -j12 -l12
[0.821s] Invoked command in '/home/pacman/turtlebot3_ws/build/turtlebot3_xacro' returned '0': CMAKE_PREFIX_PATH=${CMAKE_PREFIX_PATH}:/home/pacman/turtlebot3_ws/install/turtlebot3_teleop:/home/pacman/turtlebot3_ws/install/turtlebot3_example:/opt/ros/humble /usr/bin/cmake --build /home/pacman/turtlebot3_ws/build/turtlebot3_xacro -- -j12 -l12
[0.840s] Invoking command in '/home/pacman/turtlebot3_ws/build/turtlebot3_xacro': CMAKE_PREFIX_PATH=${CMAKE_PREFIX_PATH}:/home/pacman/turtlebot3_ws/install/turtlebot3_teleop:/home/pacman/turtlebot3_ws/install/turtlebot3_example:/opt/ros/humble /usr/bin/cmake --install /home/pacman/turtlebot3_ws/build/turtlebot3_xacro
[0.846s] -- Install configuration: ""
[0.846s] -- Installing: /home/pacman/turtlebot3_ws/install/turtlebot3_xacro/share/turtlebot3_xacro/launch
[0.846s] -- Installing: /home/pacman/turtlebot3_ws/install/turtlebot3_xacro/share/turtlebot3_xacro/launch/manual_launch.py
[0.846s] -- Installing: /home/pacman/turtlebot3_ws/install/turtlebot3_xacro/share/turtlebot3_xacro/launch/cam_launch.py
[0.846s] -- Installing: /home/pacman/turtlebot3_ws/install/turtlebot3_xacro/share/turtlebot3_xacro/launch/Twist.yaml
[0.846s] -- Installing: /home/pacman/turtlebot3_ws/install/turtlebot3_xacro/share/turtlebot3_xacro/launch/upload_launch.py
[0.846s] -- Installing: /home/pacman/turtlebot3_ws/install/turtlebot3_xacro/share/turtlebot3_xacro/launch/description_launch.py
[0.846s] -- Installing: /home/pacman/turtlebot3_ws/install/turtlebot3_xacro/share/turtlebot3_xacro/launch/rviz_launch.py
[0.846s] -- Installing: /home/pacman/turtlebot3_ws/install/turtlebot3_xacro/share/turtlebot3_xacro/launch/bringup_launch.py
[0.847s] -- Installing: /home/pacman/turtlebot3_ws/install/turtlebot3_xacro/share/turtlebot3_xacro/launch/world_launch.py
[0.847s] -- Installing: /home/pacman/turtlebot3_ws/install/turtlebot3_xacro/share/turtlebot3_xacro/config
[0.847s] -- Installing: /home/pacman/turtlebot3_ws/install/turtlebot3_xacro/share/turtlebot3_xacro/config/ekf.yaml
[0.847s] -- Installing: /home/pacman/turtlebot3_ws/install/turtlebot3_xacro/share/turtlebot3_xacro/config/pi_camera.yaml
[0.847s] -- Installing: /home/pacman/turtlebot3_ws/install/turtlebot3_xacro/share/turtlebot3_xacro/config/model.rviz
[0.847s] -- Installing: /home/pacman/turtlebot3_ws/install/turtlebot3_xacro/share/turtlebot3_xacro/meshes
[0.847s] -- Installing: /home/pacman/turtlebot3_ws/install/turtlebot3_xacro/share/turtlebot3_xacro/meshes/bases
[0.847s] -- Installing: /home/pacman/turtlebot3_ws/install/turtlebot3_xacro/share/turtlebot3_xacro/meshes/bases/waffle_base.stl
[0.854s] -- Installing: /home/pacman/turtlebot3_ws/install/turtlebot3_xacro/share/turtlebot3_xacro/meshes/bases/waffle_pi_base.stl
[0.858s] -- Installing: /home/pacman/turtlebot3_ws/install/turtlebot3_xacro/share/turtlebot3_xacro/meshes/bases/burger_base.stl
[0.860s] -- Installing: /home/pacman/turtlebot3_ws/install/turtlebot3_xacro/share/turtlebot3_xacro/meshes/sensors
[0.860s] -- Installing: /home/pacman/turtlebot3_ws/install/turtlebot3_xacro/share/turtlebot3_xacro/meshes/sensors/astra.jpg
[0.861s] -- Installing: /home/pacman/turtlebot3_ws/install/turtlebot3_xacro/share/turtlebot3_xacro/meshes/sensors/astra.dae
[0.865s] -- Installing: /home/pacman/turtlebot3_ws/install/turtlebot3_xacro/share/turtlebot3_xacro/meshes/sensors/r200.jpg
[0.865s] -- Installing: /home/pacman/turtlebot3_ws/install/turtlebot3_xacro/share/turtlebot3_xacro/meshes/sensors/lds.stl
[0.865s] -- Installing: /home/pacman/turtlebot3_ws/install/turtlebot3_xacro/share/turtlebot3_xacro/meshes/sensors/r200.dae
[0.865s] -- Installing: /home/pacman/turtlebot3_ws/install/turtlebot3_xacro/share/turtlebot3_xacro/meshes/wheels
[0.865s] -- Installing: /home/pacman/turtlebot3_ws/install/turtlebot3_xacro/share/turtlebot3_xacro/meshes/wheels/left_tire.stl
[0.866s] -- Installing: /home/pacman/turtlebot3_ws/install/turtlebot3_xacro/share/turtlebot3_xacro/meshes/wheels/right_tire.stl
[0.866s] -- Installing: /home/pacman/turtlebot3_ws/install/turtlebot3_xacro/share/turtlebot3_xacro/urdf
[0.866s] -- Installing: /home/pacman/turtlebot3_ws/install/turtlebot3_xacro/share/turtlebot3_xacro/urdf/turtlebot3_burger.urdf.xacro
[0.867s] -- Installing: /home/pacman/turtlebot3_ws/install/turtlebot3_xacro/share/turtlebot3_xacro/urdf/common_properties.xacro
[0.867s] -- Installing: /home/pacman/turtlebot3_ws/install/turtlebot3_xacro/share/turtlebot3_xacro/urdf/turtlebot3_world.sdf
[0.867s] -- Installing: /home/pacman/turtlebot3_ws/install/turtlebot3_xacro/share/turtlebot3_xacro/urdf/common_properties.urdf
[0.867s] -- Installing: /home/pacman/turtlebot3_ws/install/turtlebot3_xacro/share/turtlebot3_xacro/urdf/turtlebot3_waffle_pi.urdf.xacro
[0.867s] -- Installing: /home/pacman/turtlebot3_ws/install/turtlebot3_xacro/share/turtlebot3_xacro/urdf/turtlebot3_gazebo.xacro
[0.867s] -- Installing: /home/pacman/turtlebot3_ws/install/turtlebot3_xacro/share/ament_index/resource_index/package_run_dependencies/turtlebot3_xacro
[0.867s] -- Installing: /home/pacman/turtlebot3_ws/install/turtlebot3_xacro/share/ament_index/resource_index/parent_prefix_path/turtlebot3_xacro
[0.867s] -- Installing: /home/pacman/turtlebot3_ws/install/turtlebot3_xacro/share/turtlebot3_xacro/environment/ament_prefix_path.sh
[0.867s] -- Installing: /home/pacman/turtlebot3_ws/install/turtlebot3_xacro/share/turtlebot3_xacro/environment/ament_prefix_path.dsv
[0.868s] -- Installing: /home/pacman/turtlebot3_ws/install/turtlebot3_xacro/share/turtlebot3_xacro/environment/path.sh
[0.868s] -- Installing: /home/pacman/turtlebot3_ws/install/turtlebot3_xacro/share/turtlebot3_xacro/environment/path.dsv
[0.868s] -- Installing: /home/pacman/turtlebot3_ws/install/turtlebot3_xacro/share/turtlebot3_xacro/local_setup.bash
[0.868s] -- Installing: /home/pacman/turtlebot3_ws/install/turtlebot3_xacro/share/turtlebot3_xacro/local_setup.sh
[0.868s] -- Installing: /home/pacman/turtlebot3_ws/install/turtlebot3_xacro/share/turtlebot3_xacro/local_setup.zsh
[0.868s] -- Installing: /home/pacman/turtlebot3_ws/install/turtlebot3_xacro/share/turtlebot3_xacro/local_setup.dsv
[0.868s] -- Installing: /home/pacman/turtlebot3_ws/install/turtlebot3_xacro/share/turtlebot3_xacro/package.dsv
[0.868s] -- Installing: /home/pacman/turtlebot3_ws/install/turtlebot3_xacro/share/ament_index/resource_index/packages/turtlebot3_xacro
[0.868s] -- Installing: /home/pacman/turtlebot3_ws/install/turtlebot3_xacro/share/turtlebot3_xacro/cmake/turtlebot3_xacroConfig.cmake
[0.868s] -- Installing: /home/pacman/turtlebot3_ws/install/turtlebot3_xacro/share/turtlebot3_xacro/cmake/turtlebot3_xacroConfig-version.cmake
[0.868s] -- Installing: /home/pacman/turtlebot3_ws/install/turtlebot3_xacro/share/turtlebot3_xacro/package.xml
[0.869s] Invoked command in '/home/pacman/turtlebot3_ws/build/turtlebot3_xacro' returned '0': CMAKE_PREFIX_PATH=${CMAKE_PREFIX_PATH}:/home/pacman/turtlebot3_ws/install/turtlebot3_teleop:/home/pacman/turtlebot3_ws/install/turtlebot3_example:/opt/ros/humble /usr/bin/cmake --install /home/pacman/turtlebot3_ws/build/turtlebot3_xacro
