[0.028s] Invoking command in '/home/pacman/turtlebot3_ws/build/turtlebot3_cartographer': CMAKE_PREFIX_PATH=/opt/ros/humble /usr/bin/cmake /home/pacman/turtlebot3_ws/src/turtlebot3/turtlebot3/turtlebot3_cartographer -DAMENT_CMAKE_SYMLINK_INSTALL=1 -DCMAKE_INSTALL_PREFIX=/home/pacman/turtlebot3_ws/install/turtlebot3_cartographer
[0.244s] -- Found ament_cmake: 1.3.10 (/opt/ros/humble/share/ament_cmake/cmake)
[0.244s] -- Override CMake install command with custom implementation using symlinks instead of copying resources
[0.244s] -- Configuring done
[0.244s] -- Generating done
[0.244s] -- Build files have been written to: /home/pacman/turtlebot3_ws/build/turtlebot3_cartographer
[0.251s] Invoked command in '/home/pacman/turtlebot3_ws/build/turtlebot3_cartographer' returned '0': CMAKE_PREFIX_PATH=/opt/ros/humble /usr/bin/cmake /home/pacman/turtlebot3_ws/src/turtlebot3/turtlebot3/turtlebot3_cartographer -DAMENT_CMAKE_SYMLINK_INSTALL=1 -DCMAKE_INSTALL_PREFIX=/home/pacman/turtlebot3_ws/install/turtlebot3_cartographer
[0.251s] Invoking command in '/home/pacman/turtlebot3_ws/build/turtlebot3_cartographer': CMAKE_PREFIX_PATH=/opt/ros/humble /usr/bin/cmake --build /home/pacman/turtlebot3_ws/build/turtlebot3_cartographer -- -j12 -l12
[0.281s] Invoked command in '/home/pacman/turtlebot3_ws/build/turtlebot3_cartographer' returned '0': CMAKE_PREFIX_PATH=/opt/ros/humble /usr/bin/cmake --build /home/pacman/turtlebot3_ws/build/turtlebot3_cartographer -- -j12 -l12
[0.314s] Invoking command in '/home/pacman/turtlebot3_ws/build/turtlebot3_cartographer': CMAKE_PREFIX_PATH=/opt/ros/humble /usr/bin/cmake --install /home/pacman/turtlebot3_ws/build/turtlebot3_cartographer
[0.324s] -- Install configuration: ""
[0.324s] -- Execute custom install script
[0.324s] -- Up-to-date symlink: /home/pacman/turtlebot3_ws/install/turtlebot3_cartographer/share/turtlebot3_cartographer/config/turtlebot3_lds_2d.lua
[0.324s] -- Up-to-date symlink: /home/pacman/turtlebot3_ws/install/turtlebot3_cartographer/share/turtlebot3_cartographer/launch/cartographer.launch.py
[0.324s] -- Up-to-date symlink: /home/pacman/turtlebot3_ws/install/turtlebot3_cartographer/share/turtlebot3_cartographer/launch/occupancy_grid.launch.py
[0.326s] -- Up-to-date symlink: /home/pacman/turtlebot3_ws/install/turtlebot3_cartographer/share/turtlebot3_cartographer/rviz/tb3_cartographer.rviz
[0.326s] -- Up-to-date symlink: /home/pacman/turtlebot3_ws/install/turtlebot3_cartographer/share/ament_index/resource_index/package_run_dependencies/turtlebot3_cartographer
[0.326s] -- Up-to-date symlink: /home/pacman/turtlebot3_ws/install/turtlebot3_cartographer/share/ament_index/resource_index/parent_prefix_path/turtlebot3_cartographer
[0.326s] -- Up-to-date symlink: /home/pacman/turtlebot3_ws/install/turtlebot3_cartographer/share/turtlebot3_cartographer/environment/ament_prefix_path.sh
[0.326s] -- Up-to-date symlink: /home/pacman/turtlebot3_ws/install/turtlebot3_cartographer/share/turtlebot3_cartographer/environment/ament_prefix_path.dsv
[0.327s] -- Up-to-date symlink: /home/pacman/turtlebot3_ws/install/turtlebot3_cartographer/share/turtlebot3_cartographer/environment/path.sh
[0.328s] -- Up-to-date symlink: /home/pacman/turtlebot3_ws/install/turtlebot3_cartographer/share/turtlebot3_cartographer/environment/path.dsv
[0.328s] -- Up-to-date symlink: /home/pacman/turtlebot3_ws/install/turtlebot3_cartographer/share/turtlebot3_cartographer/local_setup.bash
[0.329s] -- Up-to-date symlink: /home/pacman/turtlebot3_ws/install/turtlebot3_cartographer/share/turtlebot3_cartographer/local_setup.sh
[0.329s] -- Up-to-date symlink: /home/pacman/turtlebot3_ws/install/turtlebot3_cartographer/share/turtlebot3_cartographer/local_setup.zsh
[0.329s] -- Up-to-date symlink: /home/pacman/turtlebot3_ws/install/turtlebot3_cartographer/share/turtlebot3_cartographer/local_setup.dsv
[0.329s] -- Symlinking: /home/pacman/turtlebot3_ws/install/turtlebot3_cartographer/share/turtlebot3_cartographer/package.dsv
[0.338s] -- Up-to-date symlink: /home/pacman/turtlebot3_ws/install/turtlebot3_cartographer/share/ament_index/resource_index/packages/turtlebot3_cartographer
[0.340s] -- Up-to-date symlink: /home/pacman/turtlebot3_ws/install/turtlebot3_cartographer/share/turtlebot3_cartographer/cmake/turtlebot3_cartographerConfig.cmake
[0.340s] -- Up-to-date symlink: /home/pacman/turtlebot3_ws/install/turtlebot3_cartographer/share/turtlebot3_cartographer/cmake/turtlebot3_cartographerConfig-version.cmake
[0.340s] -- Up-to-date symlink: /home/pacman/turtlebot3_ws/install/turtlebot3_cartographer/share/turtlebot3_cartographer/package.xml
[0.352s] Invoked command in '/home/pacman/turtlebot3_ws/build/turtlebot3_cartographer' returned '0': CMAKE_PREFIX_PATH=/opt/ros/humble /usr/bin/cmake --install /home/pacman/turtlebot3_ws/build/turtlebot3_cartographer
