[0.625s] Invoking command in '/home/pacman/turtlebot3_ws/build/turtlebot3_teleop': PYTHONPATH=/home/pacman/turtlebot3_ws/build/turtlebot3_teleop/prefix_override:/home/pacman/.local/lib/python3.10/site-packages/colcon_core/task/python/colcon_distutils_commands:/home/pacman/turtlebot3_ws/install/turtlebot3_teleop/lib/python3.10/site-packages:${PYTHONPATH} /usr/bin/python3 -W ignore:setup.py install is deprecated setup.py develop --uninstall --editable --build-directory /home/pacman/turtlebot3_ws/build/turtlebot3_teleop/build
[0.779s] running develop
[0.780s] /usr/lib/python3/dist-packages/setuptools/command/easy_install.py:158: EasyInstallDeprecationWarning: easy_install command is deprecated. Use build and pip and other standards-based tools.
[0.780s]   warnings.warn(
[0.871s] Removing /home/pacman/turtlebot3_ws/install/turtlebot3_teleop/lib/python3.10/site-packages/turtlebot3-teleop.egg-link (link to .)
[0.892s] Invoked command in '/home/pacman/turtlebot3_ws/build/turtlebot3_teleop' returned '0': PYTHONPATH=/home/pacman/turtlebot3_ws/build/turtlebot3_teleop/prefix_override:/home/pacman/.local/lib/python3.10/site-packages/colcon_core/task/python/colcon_distutils_commands:/home/pacman/turtlebot3_ws/install/turtlebot3_teleop/lib/python3.10/site-packages:${PYTHONPATH} /usr/bin/python3 -W ignore:setup.py install is deprecated setup.py develop --uninstall --editable --build-directory /home/pacman/turtlebot3_ws/build/turtlebot3_teleop/build
[0.893s] Invoking command in '/home/pacman/turtlebot3_ws/src/turtlebot3/turtlebot3/turtlebot3_teleop': PYTHONPATH=/home/pacman/turtlebot3_ws/build/turtlebot3_teleop/prefix_override:/home/pacman/.local/lib/python3.10/site-packages/colcon_core/task/python/colcon_distutils_commands:/home/pacman/turtlebot3_ws/install/turtlebot3_teleop/lib/python3.10/site-packages:${PYTHONPATH} /usr/bin/python3 -W ignore:setup.py install is deprecated setup.py egg_info --egg-base ../../../../build/turtlebot3_teleop build --build-base /home/pacman/turtlebot3_ws/build/turtlebot3_teleop/build install --record /home/pacman/turtlebot3_ws/build/turtlebot3_teleop/install.log --single-version-externally-managed install_data --force
[1.090s] running egg_info
[1.091s] writing ../../../../build/turtlebot3_teleop/turtlebot3_teleop.egg-info/PKG-INFO
[1.091s] writing dependency_links to ../../../../build/turtlebot3_teleop/turtlebot3_teleop.egg-info/dependency_links.txt
[1.091s] writing entry points to ../../../../build/turtlebot3_teleop/turtlebot3_teleop.egg-info/entry_points.txt
[1.091s] writing requirements to ../../../../build/turtlebot3_teleop/turtlebot3_teleop.egg-info/requires.txt
[1.091s] writing top-level names to ../../../../build/turtlebot3_teleop/turtlebot3_teleop.egg-info/top_level.txt
[1.093s] reading manifest file '../../../../build/turtlebot3_teleop/turtlebot3_teleop.egg-info/SOURCES.txt'
[1.093s] writing manifest file '../../../../build/turtlebot3_teleop/turtlebot3_teleop.egg-info/SOURCES.txt'
[1.093s] running build
[1.093s] running build_py
[1.093s] creating /home/pacman/turtlebot3_ws/build/turtlebot3_teleop/build
[1.093s] creating /home/pacman/turtlebot3_ws/build/turtlebot3_teleop/build/lib
[1.093s] creating /home/pacman/turtlebot3_ws/build/turtlebot3_teleop/build/lib/turtlebot3_teleop
[1.093s] copying turtlebot3_teleop/__init__.py -> /home/pacman/turtlebot3_ws/build/turtlebot3_teleop/build/lib/turtlebot3_teleop
[1.093s] creating /home/pacman/turtlebot3_ws/build/turtlebot3_teleop/build/lib/turtlebot3_teleop/script
[1.094s] copying turtlebot3_teleop/script/teleop_keyboard.py -> /home/pacman/turtlebot3_ws/build/turtlebot3_teleop/build/lib/turtlebot3_teleop/script
[1.094s] copying turtlebot3_teleop/script/__init__.py -> /home/pacman/turtlebot3_ws/build/turtlebot3_teleop/build/lib/turtlebot3_teleop/script
[1.094s] running install
[1.094s] running install_lib
[1.094s] creating /home/pacman/turtlebot3_ws/install/turtlebot3_teleop/lib/python3.10/site-packages/turtlebot3_teleop
[1.095s] creating /home/pacman/turtlebot3_ws/install/turtlebot3_teleop/lib/python3.10/site-packages/turtlebot3_teleop/script
[1.095s] copying /home/pacman/turtlebot3_ws/build/turtlebot3_teleop/build/lib/turtlebot3_teleop/script/teleop_keyboard.py -> /home/pacman/turtlebot3_ws/install/turtlebot3_teleop/lib/python3.10/site-packages/turtlebot3_teleop/script
[1.095s] copying /home/pacman/turtlebot3_ws/build/turtlebot3_teleop/build/lib/turtlebot3_teleop/script/__init__.py -> /home/pacman/turtlebot3_ws/install/turtlebot3_teleop/lib/python3.10/site-packages/turtlebot3_teleop/script
[1.095s] copying /home/pacman/turtlebot3_ws/build/turtlebot3_teleop/build/lib/turtlebot3_teleop/__init__.py -> /home/pacman/turtlebot3_ws/install/turtlebot3_teleop/lib/python3.10/site-packages/turtlebot3_teleop
[1.095s] byte-compiling /home/pacman/turtlebot3_ws/install/turtlebot3_teleop/lib/python3.10/site-packages/turtlebot3_teleop/script/teleop_keyboard.py to teleop_keyboard.cpython-310.pyc
[1.096s] byte-compiling /home/pacman/turtlebot3_ws/install/turtlebot3_teleop/lib/python3.10/site-packages/turtlebot3_teleop/script/__init__.py to __init__.cpython-310.pyc
[1.096s] byte-compiling /home/pacman/turtlebot3_ws/install/turtlebot3_teleop/lib/python3.10/site-packages/turtlebot3_teleop/__init__.py to __init__.cpython-310.pyc
[1.096s] running install_data
[1.096s] copying resource/turtlebot3_teleop -> /home/pacman/turtlebot3_ws/install/turtlebot3_teleop/share/ament_index/resource_index/packages
[1.096s] copying package.xml -> /home/pacman/turtlebot3_ws/install/turtlebot3_teleop/share/turtlebot3_teleop
[1.096s] running install_egg_info
[1.097s] Copying ../../../../build/turtlebot3_teleop/turtlebot3_teleop.egg-info to /home/pacman/turtlebot3_ws/install/turtlebot3_teleop/lib/python3.10/site-packages/turtlebot3_teleop-2.1.5-py3.10.egg-info
[1.098s] running install_scripts
[1.113s] Installing teleop_keyboard script to /home/pacman/turtlebot3_ws/install/turtlebot3_teleop/lib/turtlebot3_teleop
[1.113s] writing list of installed files to '/home/pacman/turtlebot3_ws/build/turtlebot3_teleop/install.log'
[1.135s] Invoked command in '/home/pacman/turtlebot3_ws/src/turtlebot3/turtlebot3/turtlebot3_teleop' returned '0': PYTHONPATH=/home/pacman/turtlebot3_ws/build/turtlebot3_teleop/prefix_override:/home/pacman/.local/lib/python3.10/site-packages/colcon_core/task/python/colcon_distutils_commands:/home/pacman/turtlebot3_ws/install/turtlebot3_teleop/lib/python3.10/site-packages:${PYTHONPATH} /usr/bin/python3 -W ignore:setup.py install is deprecated setup.py egg_info --egg-base ../../../../build/turtlebot3_teleop build --build-base /home/pacman/turtlebot3_ws/build/turtlebot3_teleop/build install --record /home/pacman/turtlebot3_ws/build/turtlebot3_teleop/install.log --single-version-externally-managed install_data --force
