[0.354s] Invoking command in '/home/pacman/turtlebot3_ws/build/explore_lite': CMAKE_PREFIX_PATH=${CMAKE_PREFIX_PATH}:/home/pacman/turtlebot3_ws/install/turtlebot3_teleop:/home/pacman/turtlebot3_ws/install/turtlebot3_example:/home/pacman/turtlebot3_ws/install/semantic_mapper:/home/pacman/turtlebot3_ws/install/scheduler:/home/pacman/turtlebot3_ws/install/interpreter:/home/pacman/turtlebot3_ws/install/frame_changer:/home/pacman/turtlebot3_ws/install/dbms:/opt/ros/humble /usr/bin/cmake /home/pacman/turtlebot3_ws/src/explore_lite -DCMAKE_INSTALL_PREFIX=/home/pacman/turtlebot3_ws/install/explore_lite
[0.569s] -- The C compiler identification is GNU 11.4.0
[0.659s] -- The CXX compiler identification is GNU 11.4.0
[0.684s] -- Detecting C compiler ABI info
[0.855s] -- Detecting C compiler ABI info - done
[0.863s] -- Check for working C compiler: /usr/bin/cc - skipped
[0.863s] -- Detecting C compile features
[0.864s] -- Detecting C compile features - done
[0.868s] -- Detecting CXX compiler ABI info
[1.096s] -- Detecting CXX compiler ABI info - done
[1.127s] -- Check for working CXX compiler: /usr/bin/c++ - skipped
[1.127s] -- Detecting CXX compile features
[1.128s] -- Detecting CXX compile features - done
[1.129s] -- BuilD for ROS2: humble
[1.149s] -- Found ament_cmake: 1.3.10 (/opt/ros/humble/share/ament_cmake/cmake)
[1.575s] -- Found Python3: /usr/bin/python3 (found version "3.10.12") found components: Interpreter 
[1.748s] -- Found rclcpp: 16.0.10 (/opt/ros/humble/share/rclcpp/cmake)
[1.837s] -- Found rosidl_generator_c: 3.1.5 (/opt/ros/humble/share/rosidl_generator_c/cmake)
[1.848s] -- Found rosidl_adapter: 3.1.5 (/opt/ros/humble/share/rosidl_adapter/cmake)
[1.866s] -- Found rosidl_generator_cpp: 3.1.5 (/opt/ros/humble/share/rosidl_generator_cpp/cmake)
[1.894s] -- Using all available rosidl_typesupport_c: rosidl_typesupport_fastrtps_c;rosidl_typesupport_introspection_c
[1.929s] -- Using all available rosidl_typesupport_cpp: rosidl_typesupport_fastrtps_cpp;rosidl_typesupport_introspection_cpp
[2.071s] -- Found rmw_implementation_cmake: 6.1.2 (/opt/ros/humble/share/rmw_implementation_cmake/cmake)
[2.083s] -- Found rmw_fastrtps_cpp: 6.2.7 (/opt/ros/humble/share/rmw_fastrtps_cpp/cmake)
[2.501s] -- Found OpenSSL: /usr/lib/x86_64-linux-gnu/libcrypto.so (found version "3.0.2")  
[2.676s] -- Found FastRTPS: /opt/ros/humble/include  
[2.896s] -- Using RMW implementation 'rmw_fastrtps_cpp' as default
[2.966s] -- Looking for pthread.h
[3.235s] -- Looking for pthread.h - found
[3.235s] -- Performing Test CMAKE_HAVE_LIBC_PTHREAD
[3.535s] -- Performing Test CMAKE_HAVE_LIBC_PTHREAD - Success
[3.535s] -- Found Threads: TRUE  
[3.716s] -- Found sensor_msgs: 4.2.4 (/opt/ros/humble/share/sensor_msgs/cmake)
[3.851s] -- Found tf2_ros: 0.25.8 (/opt/ros/humble/share/tf2_ros/cmake)
[4.591s] -- Found tf2_geometry_msgs: 0.25.8 (/opt/ros/humble/share/tf2_geometry_msgs/cmake)
[4.682s] -- Found eigen3_cmake_module: 0.1.1 (/opt/ros/humble/share/eigen3_cmake_module/cmake)
[4.682s] -- Found Eigen3: TRUE (found version "3.4.0") 
[4.682s] -- Ensuring Eigen3 include directory is part of orocos-kdl CMake target
[4.706s] -- Found nav2_msgs: 1.1.16 (/opt/ros/humble/share/nav2_msgs/cmake)
[5.053s] -- Found map_msgs: 2.1.0 (/opt/ros/humble/share/map_msgs/cmake)
[5.169s] -- Found visualization_msgs: 4.2.4 (/opt/ros/humble/share/visualization_msgs/cmake)
[5.389s] -- Found nav2_costmap_2d: 1.1.16 (/opt/ros/humble/share/nav2_costmap_2d/cmake)
[6.027s] -- Found ament_lint_auto: 0.12.11 (/opt/ros/humble/share/ament_lint_auto/cmake)
[6.537s] -- Found ament_cmake_gtest: 1.3.10 (/opt/ros/humble/share/ament_cmake_gtest/cmake)
[6.568s] -- Found gtest sources under '/opt/ros/humble/src/gtest_vendor': C++ tests using 'Google Test' will be built
[6.666s] -- Added test 'cppcheck' to perform static code analysis on C / C++ code
[6.668s] -- Configured cppcheck include dirs: /home/pacman/turtlebot3_ws/src/explore_lite/include;$<BUILD_INTERFACE:/home/pacman/turtlebot3_ws/src/explore_lite/include>
[6.669s] -- Configured cppcheck exclude dirs and/or files: 
[6.678s] -- Added test 'flake8' to check Python code syntax and style conventions
[6.679s] -- Added test 'lint_cmake' to check CMake code style
[6.680s] -- Added test 'pep257' to check Python code against some of the docstring style conventions in PEP 257
[6.693s] -- Added test 'uncrustify' to check C / C++ code style
[6.693s] -- Configured uncrustify additional arguments: 
[6.694s] -- Added test 'xmllint' to check XML markup files
[6.705s] -- Configuring done
[7.053s] -- Generating done
[7.063s] -- Build files have been written to: /home/pacman/turtlebot3_ws/build/explore_lite
[7.183s] Invoked command in '/home/pacman/turtlebot3_ws/build/explore_lite' returned '0': CMAKE_PREFIX_PATH=${CMAKE_PREFIX_PATH}:/home/pacman/turtlebot3_ws/install/turtlebot3_teleop:/home/pacman/turtlebot3_ws/install/turtlebot3_example:/home/pacman/turtlebot3_ws/install/semantic_mapper:/home/pacman/turtlebot3_ws/install/scheduler:/home/pacman/turtlebot3_ws/install/interpreter:/home/pacman/turtlebot3_ws/install/frame_changer:/home/pacman/turtlebot3_ws/install/dbms:/opt/ros/humble /usr/bin/cmake /home/pacman/turtlebot3_ws/src/explore_lite -DCMAKE_INSTALL_PREFIX=/home/pacman/turtlebot3_ws/install/explore_lite
[7.184s] Invoking command in '/home/pacman/turtlebot3_ws/build/explore_lite': CMAKE_PREFIX_PATH=${CMAKE_PREFIX_PATH}:/home/pacman/turtlebot3_ws/install/turtlebot3_teleop:/home/pacman/turtlebot3_ws/install/turtlebot3_example:/home/pacman/turtlebot3_ws/install/semantic_mapper:/home/pacman/turtlebot3_ws/install/scheduler:/home/pacman/turtlebot3_ws/install/interpreter:/home/pacman/turtlebot3_ws/install/frame_changer:/home/pacman/turtlebot3_ws/install/dbms:/opt/ros/humble /usr/bin/cmake --build /home/pacman/turtlebot3_ws/build/explore_lite -- -j12 -l12
[7.392s] [ 10%] [32mBuilding CXX object CMakeFiles/explore.dir/src/costmap_client.cpp.o[0m
[23.954s] [ 20%] [32mBuilding CXX object CMakeFiles/explore.dir/src/frontier_search.cpp.o[0m
[30.157s] [ 30%] [32mBuilding CXX object CMakeFiles/explore.dir/src/explore.cpp.o[0m
[45.390s] [ 40%] [32m[1mLinking CXX executable explore[0m
[48.908s] [ 40%] Built target explore
[48.936s] [ 50%] [32mBuilding CXX object gtest/CMakeFiles/gtest.dir/src/gtest-all.cc.o[0m
[52.380s] [ 60%] [32m[1mLinking CXX static library libgtest.a[0m
[52.453s] [ 60%] Built target gtest
[52.482s] [ 70%] [32mBuilding CXX object gtest/CMakeFiles/gtest_main.dir/src/gtest_main.cc.o[0m
[53.195s] [ 80%] [32m[1mLinking CXX static library libgtest_main.a[0m
[53.237s] [ 80%] Built target gtest_main
[53.275s] [ 90%] [32mBuilding CXX object CMakeFiles/test_explore.dir/test/test_explore.cpp.o[0m
[54.712s] [100%] [32m[1mLinking CXX executable test_explore[0m
[55.918s] [100%] Built target test_explore
[55.949s] Invoked command in '/home/pacman/turtlebot3_ws/build/explore_lite' returned '0': CMAKE_PREFIX_PATH=${CMAKE_PREFIX_PATH}:/home/pacman/turtlebot3_ws/install/turtlebot3_teleop:/home/pacman/turtlebot3_ws/install/turtlebot3_example:/home/pacman/turtlebot3_ws/install/semantic_mapper:/home/pacman/turtlebot3_ws/install/scheduler:/home/pacman/turtlebot3_ws/install/interpreter:/home/pacman/turtlebot3_ws/install/frame_changer:/home/pacman/turtlebot3_ws/install/dbms:/opt/ros/humble /usr/bin/cmake --build /home/pacman/turtlebot3_ws/build/explore_lite -- -j12 -l12
[56.017s] Invoking command in '/home/pacman/turtlebot3_ws/build/explore_lite': CMAKE_PREFIX_PATH=${CMAKE_PREFIX_PATH}:/home/pacman/turtlebot3_ws/install/turtlebot3_teleop:/home/pacman/turtlebot3_ws/install/turtlebot3_example:/home/pacman/turtlebot3_ws/install/semantic_mapper:/home/pacman/turtlebot3_ws/install/scheduler:/home/pacman/turtlebot3_ws/install/interpreter:/home/pacman/turtlebot3_ws/install/frame_changer:/home/pacman/turtlebot3_ws/install/dbms:/opt/ros/humble /usr/bin/cmake --install /home/pacman/turtlebot3_ws/build/explore_lite
[56.028s] -- Install configuration: ""
[56.029s] -- Installing: /home/pacman/turtlebot3_ws/install/explore_lite/include/explore/
[56.029s] -- Installing: /home/pacman/turtlebot3_ws/install/explore_lite/include/explore//frontier_search.h
[56.029s] -- Installing: /home/pacman/turtlebot3_ws/install/explore_lite/include/explore//costmap_client.h
[56.029s] -- Installing: /home/pacman/turtlebot3_ws/install/explore_lite/include/explore//costmap_tools.h
[56.029s] -- Installing: /home/pacman/turtlebot3_ws/install/explore_lite/include/explore//explore.h
[56.030s] -- Installing: /home/pacman/turtlebot3_ws/install/explore_lite/share/explore_lite/config
[56.030s] -- Installing: /home/pacman/turtlebot3_ws/install/explore_lite/share/explore_lite/config/params.yaml
[56.030s] -- Installing: /home/pacman/turtlebot3_ws/install/explore_lite/share/explore_lite/config/params_costmap.yaml
[56.030s] -- Installing: /home/pacman/turtlebot3_ws/install/explore_lite/share/explore_lite/launch
[56.031s] -- Installing: /home/pacman/turtlebot3_ws/install/explore_lite/share/explore_lite/launch/explore.launch.py
[56.031s] -- Installing: /home/pacman/turtlebot3_ws/install/explore_lite/lib/explore_lite/explore
[56.038s] -- Set runtime path of "/home/pacman/turtlebot3_ws/install/explore_lite/lib/explore_lite/explore" to ""
[56.038s] -- Installing: /home/pacman/turtlebot3_ws/install/explore_lite/share/ament_index/resource_index/package_run_dependencies/explore_lite
[56.039s] -- Installing: /home/pacman/turtlebot3_ws/install/explore_lite/share/ament_index/resource_index/parent_prefix_path/explore_lite
[56.039s] -- Installing: /home/pacman/turtlebot3_ws/install/explore_lite/share/explore_lite/environment/ament_prefix_path.sh
[56.039s] -- Installing: /home/pacman/turtlebot3_ws/install/explore_lite/share/explore_lite/environment/ament_prefix_path.dsv
[56.039s] -- Installing: /home/pacman/turtlebot3_ws/install/explore_lite/share/explore_lite/environment/path.sh
[56.040s] -- Installing: /home/pacman/turtlebot3_ws/install/explore_lite/share/explore_lite/environment/path.dsv
[56.040s] -- Installing: /home/pacman/turtlebot3_ws/install/explore_lite/share/explore_lite/local_setup.bash
[56.040s] -- Installing: /home/pacman/turtlebot3_ws/install/explore_lite/share/explore_lite/local_setup.sh
[56.040s] -- Installing: /home/pacman/turtlebot3_ws/install/explore_lite/share/explore_lite/local_setup.zsh
[56.041s] -- Installing: /home/pacman/turtlebot3_ws/install/explore_lite/share/explore_lite/local_setup.dsv
[56.041s] -- Installing: /home/pacman/turtlebot3_ws/install/explore_lite/share/explore_lite/package.dsv
[56.041s] -- Installing: /home/pacman/turtlebot3_ws/install/explore_lite/share/ament_index/resource_index/packages/explore_lite
[56.044s] -- Installing: /home/pacman/turtlebot3_ws/install/explore_lite/share/explore_lite/cmake/ament_cmake_export_include_directories-extras.cmake
[56.044s] -- Installing: /home/pacman/turtlebot3_ws/install/explore_lite/share/explore_lite/cmake/explore_liteConfig.cmake
[56.044s] -- Installing: /home/pacman/turtlebot3_ws/install/explore_lite/share/explore_lite/cmake/explore_liteConfig-version.cmake
[56.044s] -- Installing: /home/pacman/turtlebot3_ws/install/explore_lite/share/explore_lite/package.xml
[56.052s] Invoked command in '/home/pacman/turtlebot3_ws/build/explore_lite' returned '0': CMAKE_PREFIX_PATH=${CMAKE_PREFIX_PATH}:/home/pacman/turtlebot3_ws/install/turtlebot3_teleop:/home/pacman/turtlebot3_ws/install/turtlebot3_example:/home/pacman/turtlebot3_ws/install/semantic_mapper:/home/pacman/turtlebot3_ws/install/scheduler:/home/pacman/turtlebot3_ws/install/interpreter:/home/pacman/turtlebot3_ws/install/frame_changer:/home/pacman/turtlebot3_ws/install/dbms:/opt/ros/humble /usr/bin/cmake --install /home/pacman/turtlebot3_ws/build/explore_lite
