[0.031s] Invoking command in '/home/pacman/tortoisebot_rb/build/turtlebot3_cartographer': CMAKE_PREFIX_PATH=${CMAKE_PREFIX_PATH}:/home/pacman/tortoisebot_rb/install/turtlebot3_teleop:/home/pacman/tortoisebot_rb/install/tortoisebot_slam:/home/pacman/tortoisebot_rb/install/tortoisebot_navigation:/home/pacman/tortoisebot_rb/install/tortoisebot_imu:/home/pacman/tortoisebot_rb/install/tortoisebot_control:/opt/ros/humble /usr/bin/cmake /home/pacman/tortoisebot_rb/tortoisebot/turtlebot3/turtlebot3/turtlebot3_cartographer -DCMAKE_INSTALL_PREFIX=/home/pacman/tortoisebot_rb/install/turtlebot3_cartographer
[0.521s] -- The C compiler identification is GNU 11.4.0
[0.521s] -- The CXX compiler identification is GNU 11.4.0
[0.521s] -- Detecting C compiler ABI info
[0.521s] -- Detecting C compiler ABI info - done
[0.522s] -- Check for working C compiler: /usr/bin/cc - skipped
[0.522s] -- Detecting C compile features
[0.522s] -- Detecting C compile features - done
[0.522s] -- Detecting CXX compiler ABI info
[0.522s] -- Detecting CXX compiler ABI info - done
[0.522s] -- Check for working CXX compiler: /usr/bin/c++ - skipped
[0.522s] -- Detecting CXX compile features
[0.522s] -- Detecting CXX compile features - done
[0.522s] -- Found ament_cmake: 1.3.10 (/opt/ros/humble/share/ament_cmake/cmake)
[0.522s] -- Found Python3: /usr/bin/python3 (found version "3.10.12") found components: Interpreter 
[0.530s] -- Configuring done
[0.530s] -- Generating done
[0.530s] -- Build files have been written to: /home/pacman/tortoisebot_rb/build/turtlebot3_cartographer
[0.538s] Invoked command in '/home/pacman/tortoisebot_rb/build/turtlebot3_cartographer' returned '0': CMAKE_PREFIX_PATH=${CMAKE_PREFIX_PATH}:/home/pacman/tortoisebot_rb/install/turtlebot3_teleop:/home/pacman/tortoisebot_rb/install/tortoisebot_slam:/home/pacman/tortoisebot_rb/install/tortoisebot_navigation:/home/pacman/tortoisebot_rb/install/tortoisebot_imu:/home/pacman/tortoisebot_rb/install/tortoisebot_control:/opt/ros/humble /usr/bin/cmake /home/pacman/tortoisebot_rb/tortoisebot/turtlebot3/turtlebot3/turtlebot3_cartographer -DCMAKE_INSTALL_PREFIX=/home/pacman/tortoisebot_rb/install/turtlebot3_cartographer
[0.546s] Invoking command in '/home/pacman/tortoisebot_rb/build/turtlebot3_cartographer': CMAKE_PREFIX_PATH=${CMAKE_PREFIX_PATH}:/home/pacman/tortoisebot_rb/install/turtlebot3_teleop:/home/pacman/tortoisebot_rb/install/tortoisebot_slam:/home/pacman/tortoisebot_rb/install/tortoisebot_navigation:/home/pacman/tortoisebot_rb/install/tortoisebot_imu:/home/pacman/tortoisebot_rb/install/tortoisebot_control:/opt/ros/humble /usr/bin/cmake --build /home/pacman/tortoisebot_rb/build/turtlebot3_cartographer -- -j12 -l12
[0.583s] Invoked command in '/home/pacman/tortoisebot_rb/build/turtlebot3_cartographer' returned '0': CMAKE_PREFIX_PATH=${CMAKE_PREFIX_PATH}:/home/pacman/tortoisebot_rb/install/turtlebot3_teleop:/home/pacman/tortoisebot_rb/install/tortoisebot_slam:/home/pacman/tortoisebot_rb/install/tortoisebot_navigation:/home/pacman/tortoisebot_rb/install/tortoisebot_imu:/home/pacman/tortoisebot_rb/install/tortoisebot_control:/opt/ros/humble /usr/bin/cmake --build /home/pacman/tortoisebot_rb/build/turtlebot3_cartographer -- -j12 -l12
[0.616s] Invoking command in '/home/pacman/tortoisebot_rb/build/turtlebot3_cartographer': CMAKE_PREFIX_PATH=${CMAKE_PREFIX_PATH}:/home/pacman/tortoisebot_rb/install/turtlebot3_teleop:/home/pacman/tortoisebot_rb/install/tortoisebot_slam:/home/pacman/tortoisebot_rb/install/tortoisebot_navigation:/home/pacman/tortoisebot_rb/install/tortoisebot_imu:/home/pacman/tortoisebot_rb/install/tortoisebot_control:/opt/ros/humble /usr/bin/cmake --install /home/pacman/tortoisebot_rb/build/turtlebot3_cartographer
[0.627s] -- Install configuration: ""
[0.627s] -- Installing: /home/pacman/tortoisebot_rb/install/turtlebot3_cartographer/share/turtlebot3_cartographer/config
[0.628s] -- Installing: /home/pacman/tortoisebot_rb/install/turtlebot3_cartographer/share/turtlebot3_cartographer/config/turtlebot3_lds_2d.lua
[0.628s] -- Installing: /home/pacman/tortoisebot_rb/install/turtlebot3_cartographer/share/turtlebot3_cartographer/launch
[0.628s] -- Installing: /home/pacman/tortoisebot_rb/install/turtlebot3_cartographer/share/turtlebot3_cartographer/launch/cartographer.launch.py
[0.628s] -- Installing: /home/pacman/tortoisebot_rb/install/turtlebot3_cartographer/share/turtlebot3_cartographer/launch/occupancy_grid.launch.py
[0.628s] -- Installing: /home/pacman/tortoisebot_rb/install/turtlebot3_cartographer/share/turtlebot3_cartographer/rviz
[0.628s] -- Installing: /home/pacman/tortoisebot_rb/install/turtlebot3_cartographer/share/turtlebot3_cartographer/rviz/tb3_cartographer.rviz
[0.628s] -- Installing: /home/pacman/tortoisebot_rb/install/turtlebot3_cartographer/share/ament_index/resource_index/package_run_dependencies/turtlebot3_cartographer
[0.628s] -- Installing: /home/pacman/tortoisebot_rb/install/turtlebot3_cartographer/share/ament_index/resource_index/parent_prefix_path/turtlebot3_cartographer
[0.628s] -- Installing: /home/pacman/tortoisebot_rb/install/turtlebot3_cartographer/share/turtlebot3_cartographer/environment/ament_prefix_path.sh
[0.628s] -- Installing: /home/pacman/tortoisebot_rb/install/turtlebot3_cartographer/share/turtlebot3_cartographer/environment/ament_prefix_path.dsv
[0.628s] -- Installing: /home/pacman/tortoisebot_rb/install/turtlebot3_cartographer/share/turtlebot3_cartographer/environment/path.sh
[0.629s] -- Installing: /home/pacman/tortoisebot_rb/install/turtlebot3_cartographer/share/turtlebot3_cartographer/environment/path.dsv
[0.629s] -- Installing: /home/pacman/tortoisebot_rb/install/turtlebot3_cartographer/share/turtlebot3_cartographer/local_setup.bash
[0.629s] -- Installing: /home/pacman/tortoisebot_rb/install/turtlebot3_cartographer/share/turtlebot3_cartographer/local_setup.sh
[0.629s] -- Installing: /home/pacman/tortoisebot_rb/install/turtlebot3_cartographer/share/turtlebot3_cartographer/local_setup.zsh
[0.629s] -- Installing: /home/pacman/tortoisebot_rb/install/turtlebot3_cartographer/share/turtlebot3_cartographer/local_setup.dsv
[0.629s] -- Installing: /home/pacman/tortoisebot_rb/install/turtlebot3_cartographer/share/turtlebot3_cartographer/package.dsv
[0.629s] -- Installing: /home/pacman/tortoisebot_rb/install/turtlebot3_cartographer/share/ament_index/resource_index/packages/turtlebot3_cartographer
[0.629s] -- Installing: /home/pacman/tortoisebot_rb/install/turtlebot3_cartographer/share/turtlebot3_cartographer/cmake/turtlebot3_cartographerConfig.cmake
[0.638s] -- Installing: /home/pacman/tortoisebot_rb/install/turtlebot3_cartographer/share/turtlebot3_cartographer/cmake/turtlebot3_cartographerConfig-version.cmake
[0.639s] -- Installing: /home/pacman/tortoisebot_rb/install/turtlebot3_cartographer/share/turtlebot3_cartographer/package.xml
[0.639s] Invoked command in '/home/pacman/tortoisebot_rb/build/turtlebot3_cartographer' returned '0': CMAKE_PREFIX_PATH=${CMAKE_PREFIX_PATH}:/home/pacman/tortoisebot_rb/install/turtlebot3_teleop:/home/pacman/tortoisebot_rb/install/tortoisebot_slam:/home/pacman/tortoisebot_rb/install/tortoisebot_navigation:/home/pacman/tortoisebot_rb/install/tortoisebot_imu:/home/pacman/tortoisebot_rb/install/tortoisebot_control:/opt/ros/humble /usr/bin/cmake --install /home/pacman/tortoisebot_rb/build/turtlebot3_cartographer
