[0.011s] Invoking command in '/home/duck_sh/turtlebot3_manipulation-humble-devel/build/turtlebot3_manipulation_cartographer': CMAKE_PREFIX_PATH=${CMAKE_PREFIX_PATH}:/home/duck_sh/ros2_ws/install/my_py_pkg:/opt/ros/humble /usr/bin/cmake --build /home/duck_sh/turtlebot3_manipulation-humble-devel/build/turtlebot3_manipulation_cartographer -- -j32 -l32
[0.036s] Invoked command in '/home/duck_sh/turtlebot3_manipulation-humble-devel/build/turtlebot3_manipulation_cartographer' returned '0': CMAKE_PREFIX_PATH=${CMAKE_PREFIX_PATH}:/home/duck_sh/ros2_ws/install/my_py_pkg:/opt/ros/humble /usr/bin/cmake --build /home/duck_sh/turtlebot3_manipulation-humble-devel/build/turtlebot3_manipulation_cartographer -- -j32 -l32
[0.066s] Invoking command in '/home/duck_sh/turtlebot3_manipulation-humble-devel/build/turtlebot3_manipulation_cartographer': CMAKE_PREFIX_PATH=${CMAKE_PREFIX_PATH}:/home/duck_sh/ros2_ws/install/my_py_pkg:/opt/ros/humble /usr/bin/cmake --install /home/duck_sh/turtlebot3_manipulation-humble-devel/build/turtlebot3_manipulation_cartographer
[0.078s] -- Install configuration: ""
[0.078s] -- Up-to-date: /home/duck_sh/turtlebot3_manipulation-humble-devel/install/turtlebot3_manipulation_cartographer/share/turtlebot3_manipulation_cartographer/config
[0.078s] -- Up-to-date: /home/duck_sh/turtlebot3_manipulation-humble-devel/install/turtlebot3_manipulation_cartographer/share/turtlebot3_manipulation_cartographer/config/turtlebot3_2d.lua
[0.078s] -- Up-to-date: /home/duck_sh/turtlebot3_manipulation-humble-devel/install/turtlebot3_manipulation_cartographer/share/turtlebot3_manipulation_cartographer/launch
[0.078s] -- Up-to-date: /home/duck_sh/turtlebot3_manipulation-humble-devel/install/turtlebot3_manipulation_cartographer/share/turtlebot3_manipulation_cartographer/launch/cartographer.launch.py
[0.078s] -- Up-to-date: /home/duck_sh/turtlebot3_manipulation-humble-devel/install/turtlebot3_manipulation_cartographer/share/turtlebot3_manipulation_cartographer/rviz
[0.079s] -- Up-to-date: /home/duck_sh/turtlebot3_manipulation-humble-devel/install/turtlebot3_manipulation_cartographer/share/turtlebot3_manipulation_cartographer/rviz/cartographer.rviz
[0.079s] -- Up-to-date: /home/duck_sh/turtlebot3_manipulation-humble-devel/install/turtlebot3_manipulation_cartographer/share/ament_index/resource_index/package_run_dependencies/turtlebot3_manipulation_cartographer
[0.079s] -- Up-to-date: /home/duck_sh/turtlebot3_manipulation-humble-devel/install/turtlebot3_manipulation_cartographer/share/ament_index/resource_index/parent_prefix_path/turtlebot3_manipulation_cartographer
[0.079s] -- Up-to-date: /home/duck_sh/turtlebot3_manipulation-humble-devel/install/turtlebot3_manipulation_cartographer/share/turtlebot3_manipulation_cartographer/environment/ament_prefix_path.sh
[0.079s] -- Up-to-date: /home/duck_sh/turtlebot3_manipulation-humble-devel/install/turtlebot3_manipulation_cartographer/share/turtlebot3_manipulation_cartographer/environment/ament_prefix_path.dsv
[0.079s] -- Up-to-date: /home/duck_sh/turtlebot3_manipulation-humble-devel/install/turtlebot3_manipulation_cartographer/share/turtlebot3_manipulation_cartographer/environment/path.sh
[0.079s] -- Up-to-date: /home/duck_sh/turtlebot3_manipulation-humble-devel/install/turtlebot3_manipulation_cartographer/share/turtlebot3_manipulation_cartographer/environment/path.dsv
[0.079s] -- Up-to-date: /home/duck_sh/turtlebot3_manipulation-humble-devel/install/turtlebot3_manipulation_cartographer/share/turtlebot3_manipulation_cartographer/local_setup.bash
[0.079s] -- Up-to-date: /home/duck_sh/turtlebot3_manipulation-humble-devel/install/turtlebot3_manipulation_cartographer/share/turtlebot3_manipulation_cartographer/local_setup.sh
[0.079s] -- Up-to-date: /home/duck_sh/turtlebot3_manipulation-humble-devel/install/turtlebot3_manipulation_cartographer/share/turtlebot3_manipulation_cartographer/local_setup.zsh
[0.079s] -- Up-to-date: /home/duck_sh/turtlebot3_manipulation-humble-devel/install/turtlebot3_manipulation_cartographer/share/turtlebot3_manipulation_cartographer/local_setup.dsv
[0.079s] -- Installing: /home/duck_sh/turtlebot3_manipulation-humble-devel/install/turtlebot3_manipulation_cartographer/share/turtlebot3_manipulation_cartographer/package.dsv
[0.080s] -- Up-to-date: /home/duck_sh/turtlebot3_manipulation-humble-devel/install/turtlebot3_manipulation_cartographer/share/ament_index/resource_index/packages/turtlebot3_manipulation_cartographer
[0.080s] -- Up-to-date: /home/duck_sh/turtlebot3_manipulation-humble-devel/install/turtlebot3_manipulation_cartographer/share/turtlebot3_manipulation_cartographer/cmake/turtlebot3_manipulation_cartographerConfig.cmake
[0.080s] -- Up-to-date: /home/duck_sh/turtlebot3_manipulation-humble-devel/install/turtlebot3_manipulation_cartographer/share/turtlebot3_manipulation_cartographer/cmake/turtlebot3_manipulation_cartographerConfig-version.cmake
[0.080s] -- Up-to-date: /home/duck_sh/turtlebot3_manipulation-humble-devel/install/turtlebot3_manipulation_cartographer/share/turtlebot3_manipulation_cartographer/package.xml
[0.093s] Invoked command in '/home/duck_sh/turtlebot3_manipulation-humble-devel/build/turtlebot3_manipulation_cartographer' returned '0': CMAKE_PREFIX_PATH=${CMAKE_PREFIX_PATH}:/home/duck_sh/ros2_ws/install/my_py_pkg:/opt/ros/humble /usr/bin/cmake --install /home/duck_sh/turtlebot3_manipulation-humble-devel/build/turtlebot3_manipulation_cartographer
