-- Install configuration: ""
-- Up-to-date: /home/pacman/turtlebot3_ws/install/turtlebot3_multi_robot/share/turtlebot3_multi_robot//launch
-- Installing: /home/pacman/turtlebot3_ws/install/turtlebot3_multi_robot/share/turtlebot3_multi_robot//launch/frames_2024-12-01_17.01.13.pdf
-- Installing: /home/pacman/turtlebot3_ws/install/turtlebot3_multi_robot/share/turtlebot3_multi_robot//launch/frames_2024-12-01_17.01.13.gv
-- Up-to-date: /home/pacman/turtlebot3_ws/install/turtlebot3_multi_robot/share/turtlebot3_multi_robot//launch/__pycache__
-- Installing: /home/pacman/turtlebot3_ws/install/turtlebot3_multi_robot/share/turtlebot3_multi_robot//launch/__pycache__/gazebo_multi_nav2_world.launch.cpython-310.pyc
-- Up-to-date: /home/pacman/turtlebot3_ws/install/turtlebot3_multi_robot/share/turtlebot3_multi_robot//launch/nav2_bringup
-- Installing: /home/pacman/turtlebot3_ws/install/turtlebot3_multi_robot/share/turtlebot3_multi_robot//launch/nav2_bringup/navigation_launch.py
-- Installing: /home/pacman/turtlebot3_ws/install/turtlebot3_multi_robot/share/turtlebot3_multi_robot//launch/nav2_bringup/localization_launch.py
-- Installing: /home/pacman/turtlebot3_ws/install/turtlebot3_multi_robot/share/turtlebot3_multi_robot//launch/nav2_bringup/rviz_launch.py
-- Installing: /home/pacman/turtlebot3_ws/install/turtlebot3_multi_robot/share/turtlebot3_multi_robot//launch/nav2_bringup/bringup_launch.py
-- Installing: /home/pacman/turtlebot3_ws/install/turtlebot3_multi_robot/share/turtlebot3_multi_robot//launch/nav2_bringup/slam_launch.py
-- Installing: /home/pacman/turtlebot3_ws/install/turtlebot3_multi_robot/share/turtlebot3_multi_robot//launch/gazebo_multi_world.launch.py
-- Installing: /home/pacman/turtlebot3_ws/install/turtlebot3_multi_robot/share/turtlebot3_multi_robot//launch/gazebo_multi_nav2_world.launch.py
-- Up-to-date: /home/pacman/turtlebot3_ws/install/turtlebot3_multi_robot/share/turtlebot3_multi_robot//models
-- Up-to-date: /home/pacman/turtlebot3_ws/install/turtlebot3_multi_robot/share/turtlebot3_multi_robot//models/turtlebot3_waffle
-- Installing: /home/pacman/turtlebot3_ws/install/turtlebot3_multi_robot/share/turtlebot3_multi_robot//models/turtlebot3_waffle/model.sdf
-- Installing: /home/pacman/turtlebot3_ws/install/turtlebot3_multi_robot/share/turtlebot3_multi_robot//models/turtlebot3_waffle/model.config
-- Up-to-date: /home/pacman/turtlebot3_ws/install/turtlebot3_multi_robot/share/turtlebot3_multi_robot//models/turtlebot3_waffle/meshes
-- Installing: /home/pacman/turtlebot3_ws/install/turtlebot3_multi_robot/share/turtlebot3_multi_robot//models/turtlebot3_waffle/meshes/waffle_base.dae
-- Installing: /home/pacman/turtlebot3_ws/install/turtlebot3_multi_robot/share/turtlebot3_multi_robot//models/turtlebot3_waffle/meshes/lds.dae
-- Installing: /home/pacman/turtlebot3_ws/install/turtlebot3_multi_robot/share/turtlebot3_multi_robot//models/turtlebot3_waffle/meshes/tire.dae
-- Installing: /home/pacman/turtlebot3_ws/install/turtlebot3_multi_robot/share/turtlebot3_multi_robot//models/turtlebot3_waffle/meshes/r200.dae
-- Installing: /home/pacman/turtlebot3_ws/install/turtlebot3_multi_robot/share/turtlebot3_multi_robot//models/turtlebot3_waffle/model_nocamera.sdf
-- Installing: /home/pacman/turtlebot3_ws/install/turtlebot3_multi_robot/share/turtlebot3_multi_robot//models/turtlebot3_waffle/model-1_4.sdf
-- Up-to-date: /home/pacman/turtlebot3_ws/install/turtlebot3_multi_robot/share/turtlebot3_multi_robot//models/turtlebot3_burger
-- Installing: /home/pacman/turtlebot3_ws/install/turtlebot3_multi_robot/share/turtlebot3_multi_robot//models/turtlebot3_burger/model.sdf
-- Installing: /home/pacman/turtlebot3_ws/install/turtlebot3_multi_robot/share/turtlebot3_multi_robot//models/turtlebot3_burger/model.config
-- Up-to-date: /home/pacman/turtlebot3_ws/install/turtlebot3_multi_robot/share/turtlebot3_multi_robot//models/turtlebot3_burger/meshes
-- Installing: /home/pacman/turtlebot3_ws/install/turtlebot3_multi_robot/share/turtlebot3_multi_robot//models/turtlebot3_burger/meshes/burger_base.dae
-- Installing: /home/pacman/turtlebot3_ws/install/turtlebot3_multi_robot/share/turtlebot3_multi_robot//models/turtlebot3_burger/meshes/lds.dae
-- Installing: /home/pacman/turtlebot3_ws/install/turtlebot3_multi_robot/share/turtlebot3_multi_robot//models/turtlebot3_burger/meshes/tire.dae
-- Installing: /home/pacman/turtlebot3_ws/install/turtlebot3_multi_robot/share/turtlebot3_multi_robot//models/turtlebot3_burger/model-1_4.sdf
-- Up-to-date: /home/pacman/turtlebot3_ws/install/turtlebot3_multi_robot/share/turtlebot3_multi_robot//rviz
-- Installing: /home/pacman/turtlebot3_ws/install/turtlebot3_multi_robot/share/turtlebot3_multi_robot//rviz/multi_nav2_default_view.rviz
-- Installing: /home/pacman/turtlebot3_ws/install/turtlebot3_multi_robot/share/turtlebot3_multi_robot//rviz/nav2_default_view.rviz
-- Up-to-date: /home/pacman/turtlebot3_ws/install/turtlebot3_multi_robot/share/turtlebot3_multi_robot//urdf
-- Installing: /home/pacman/turtlebot3_ws/install/turtlebot3_multi_robot/share/turtlebot3_multi_robot//urdf/turtlebot3_burger.urdf
-- Installing: /home/pacman/turtlebot3_ws/install/turtlebot3_multi_robot/share/turtlebot3_multi_robot//urdf/turtlebot3_waffle.urdf
-- Installing: /home/pacman/turtlebot3_ws/install/turtlebot3_multi_robot/share/turtlebot3_multi_robot//urdf/common_properties.urdf
-- Up-to-date: /home/pacman/turtlebot3_ws/install/turtlebot3_multi_robot/share/turtlebot3_multi_robot//worlds
-- Installing: /home/pacman/turtlebot3_ws/install/turtlebot3_multi_robot/share/turtlebot3_multi_robot//worlds/multi_empty_world.world
-- Installing: /home/pacman/turtlebot3_ws/install/turtlebot3_multi_robot/share/turtlebot3_multi_robot//worlds/multi_robot_world.world
-- Up-to-date: /home/pacman/turtlebot3_ws/install/turtlebot3_multi_robot/share/turtlebot3_multi_robot//params
-- Installing: /home/pacman/turtlebot3_ws/install/turtlebot3_multi_robot/share/turtlebot3_multi_robot//params/nav2_params.yaml
-- Up-to-date: /home/pacman/turtlebot3_ws/install/turtlebot3_multi_robot/share/turtlebot3_multi_robot/environment/multi_robot.dsv
-- Up-to-date: /home/pacman/turtlebot3_ws/install/turtlebot3_multi_robot/share/ament_index/resource_index/package_run_dependencies/turtlebot3_multi_robot
-- Up-to-date: /home/pacman/turtlebot3_ws/install/turtlebot3_multi_robot/share/ament_index/resource_index/parent_prefix_path/turtlebot3_multi_robot
-- Up-to-date: /home/pacman/turtlebot3_ws/install/turtlebot3_multi_robot/share/turtlebot3_multi_robot/environment/ament_prefix_path.sh
-- Up-to-date: /home/pacman/turtlebot3_ws/install/turtlebot3_multi_robot/share/turtlebot3_multi_robot/environment/ament_prefix_path.dsv
-- Up-to-date: /home/pacman/turtlebot3_ws/install/turtlebot3_multi_robot/share/turtlebot3_multi_robot/environment/path.sh
-- Up-to-date: /home/pacman/turtlebot3_ws/install/turtlebot3_multi_robot/share/turtlebot3_multi_robot/environment/path.dsv
-- Up-to-date: /home/pacman/turtlebot3_ws/install/turtlebot3_multi_robot/share/turtlebot3_multi_robot/local_setup.bash
-- Up-to-date: /home/pacman/turtlebot3_ws/install/turtlebot3_multi_robot/share/turtlebot3_multi_robot/local_setup.sh
-- Up-to-date: /home/pacman/turtlebot3_ws/install/turtlebot3_multi_robot/share/turtlebot3_multi_robot/local_setup.zsh
-- Up-to-date: /home/pacman/turtlebot3_ws/install/turtlebot3_multi_robot/share/turtlebot3_multi_robot/local_setup.dsv
-- Installing: /home/pacman/turtlebot3_ws/install/turtlebot3_multi_robot/share/turtlebot3_multi_robot/package.dsv
-- Up-to-date: /home/pacman/turtlebot3_ws/install/turtlebot3_multi_robot/share/ament_index/resource_index/packages/turtlebot3_multi_robot
-- Up-to-date: /home/pacman/turtlebot3_ws/install/turtlebot3_multi_robot/share/turtlebot3_multi_robot/cmake/turtlebot3_multi_robotConfig.cmake
-- Up-to-date: /home/pacman/turtlebot3_ws/install/turtlebot3_multi_robot/share/turtlebot3_multi_robot/cmake/turtlebot3_multi_robotConfig-version.cmake
-- Installing: /home/pacman/turtlebot3_ws/install/turtlebot3_multi_robot/share/turtlebot3_multi_robot/package.xml
