[3.549s] Invoking command in '/home/pacman/turtlebot3_ws/src/interpreter': PYTHONPATH=/home/pacman/turtlebot3_ws/build/interpreter/prefix_override:/home/pacman/.local/lib/python3.10/site-packages/colcon_core/task/python/colcon_distutils_commands:/home/pacman/turtlebot3_ws/install/interpreter/lib/python3.10/site-packages:${PYTHONPATH} /usr/bin/python3 -W ignore:setup.py install is deprecated setup.py egg_info --egg-base ../../build/interpreter build --build-base /home/pacman/turtlebot3_ws/build/interpreter/build install --record /home/pacman/turtlebot3_ws/build/interpreter/install.log --single-version-externally-managed install_data
[4.834s] running egg_info
[4.836s] writing ../../build/interpreter/interpreter.egg-info/PKG-INFO
[4.837s] writing dependency_links to ../../build/interpreter/interpreter.egg-info/dependency_links.txt
[4.839s] writing entry points to ../../build/interpreter/interpreter.egg-info/entry_points.txt
[4.843s] writing requirements to ../../build/interpreter/interpreter.egg-info/requires.txt
[4.852s] writing top-level names to ../../build/interpreter/interpreter.egg-info/top_level.txt
[4.855s] reading manifest file '../../build/interpreter/interpreter.egg-info/SOURCES.txt'
[4.858s] writing manifest file '../../build/interpreter/interpreter.egg-info/SOURCES.txt'
[4.859s] running build
[4.859s] running build_py
[4.882s] running install
[4.882s] running install_lib
[4.882s] running install_data
[4.882s] running install_egg_info
[4.909s] removing '/home/pacman/turtlebot3_ws/install/interpreter/lib/python3.10/site-packages/interpreter-0.0.0-py3.10.egg-info' (and everything under it)
[4.909s] Copying ../../build/interpreter/interpreter.egg-info to /home/pacman/turtlebot3_ws/install/interpreter/lib/python3.10/site-packages/interpreter-0.0.0-py3.10.egg-info
[4.909s] running install_scripts
[5.009s] Installing interpreter script to /home/pacman/turtlebot3_ws/install/interpreter/lib/interpreter
[5.009s] writing list of installed files to '/home/pacman/turtlebot3_ws/build/interpreter/install.log'
[5.240s] Invoked command in '/home/pacman/turtlebot3_ws/src/interpreter' returned '0': PYTHONPATH=/home/pacman/turtlebot3_ws/build/interpreter/prefix_override:/home/pacman/.local/lib/python3.10/site-packages/colcon_core/task/python/colcon_distutils_commands:/home/pacman/turtlebot3_ws/install/interpreter/lib/python3.10/site-packages:${PYTHONPATH} /usr/bin/python3 -W ignore:setup.py install is deprecated setup.py egg_info --egg-base ../../build/interpreter build --build-base /home/pacman/turtlebot3_ws/build/interpreter/build install --record /home/pacman/turtlebot3_ws/build/interpreter/install.log --single-version-externally-managed install_data
