[0.612s] Invoking command in '/home/duck_sh/Mobile-Swarm-Navigation/src/turtlebot3/turtlebot3/turtlebot3_example': AMENT_PREFIX_PATH=/home/duck_sh/Mobile-Swarm-Navigation/install/turtlebot3_msgs:${AMENT_PREFIX_PATH} CMAKE_PREFIX_PATH=/home/duck_sh/Mobile-Swarm-Navigation/install/turtlebot3_msgs:${CMAKE_PREFIX_PATH} LD_LIBRARY_PATH=/home/duck_sh/Mobile-Swarm-Navigation/install/turtlebot3_msgs/lib:${LD_LIBRARY_PATH} PYTHONPATH=/home/duck_sh/Mobile-Swarm-Navigation/build/turtlebot3_example/prefix_override:/usr/lib/python3/dist-packages/colcon_core/task/python/colcon_distutils_commands:/home/duck_sh/Mobile-Swarm-Navigation/install/turtlebot3_example/lib/python3.10/site-packages:/home/duck_sh/Mobile-Swarm-Navigation/install/turtlebot3_msgs/local/lib/python3.10/dist-packages:${PYTHONPATH} /usr/bin/python3 -W ignore:setup.py install is deprecated setup.py egg_info --egg-base ../../../../build/turtlebot3_example build --build-base /home/duck_sh/Mobile-Swarm-Navigation/build/turtlebot3_example/build install --record /home/duck_sh/Mobile-Swarm-Navigation/build/turtlebot3_example/install.log --single-version-externally-managed install_data
[0.793s] running egg_info
[0.793s] writing ../../../../build/turtlebot3_example/turtlebot3_example.egg-info/PKG-INFO
[0.794s] writing dependency_links to ../../../../build/turtlebot3_example/turtlebot3_example.egg-info/dependency_links.txt
[0.794s] writing entry points to ../../../../build/turtlebot3_example/turtlebot3_example.egg-info/entry_points.txt
[0.794s] writing requirements to ../../../../build/turtlebot3_example/turtlebot3_example.egg-info/requires.txt
[0.794s] writing top-level names to ../../../../build/turtlebot3_example/turtlebot3_example.egg-info/top_level.txt
[0.796s] reading manifest file '../../../../build/turtlebot3_example/turtlebot3_example.egg-info/SOURCES.txt'
[0.797s] writing manifest file '../../../../build/turtlebot3_example/turtlebot3_example.egg-info/SOURCES.txt'
[0.797s] running build
[0.797s] running build_py
[0.799s] running install
[0.800s] running install_lib
[0.804s] running install_data
[0.804s] running install_egg_info
[0.807s] removing '/home/duck_sh/Mobile-Swarm-Navigation/install/turtlebot3_example/lib/python3.10/site-packages/turtlebot3_example-2.1.5-py3.10.egg-info' (and everything under it)
[0.807s] Copying ../../../../build/turtlebot3_example/turtlebot3_example.egg-info to /home/duck_sh/Mobile-Swarm-Navigation/install/turtlebot3_example/lib/python3.10/site-packages/turtlebot3_example-2.1.5-py3.10.egg-info
[0.809s] running install_scripts
[0.836s] Installing turtlebot3_obstacle_detection script to /home/duck_sh/Mobile-Swarm-Navigation/install/turtlebot3_example/lib/turtlebot3_example
[0.836s] Installing turtlebot3_patrol_client script to /home/duck_sh/Mobile-Swarm-Navigation/install/turtlebot3_example/lib/turtlebot3_example
[0.836s] Installing turtlebot3_patrol_server script to /home/duck_sh/Mobile-Swarm-Navigation/install/turtlebot3_example/lib/turtlebot3_example
[0.836s] Installing turtlebot3_position_control script to /home/duck_sh/Mobile-Swarm-Navigation/install/turtlebot3_example/lib/turtlebot3_example
[0.837s] writing list of installed files to '/home/duck_sh/Mobile-Swarm-Navigation/build/turtlebot3_example/install.log'
[0.874s] Invoked command in '/home/duck_sh/Mobile-Swarm-Navigation/src/turtlebot3/turtlebot3/turtlebot3_example' returned '0': AMENT_PREFIX_PATH=/home/duck_sh/Mobile-Swarm-Navigation/install/turtlebot3_msgs:${AMENT_PREFIX_PATH} CMAKE_PREFIX_PATH=/home/duck_sh/Mobile-Swarm-Navigation/install/turtlebot3_msgs:${CMAKE_PREFIX_PATH} LD_LIBRARY_PATH=/home/duck_sh/Mobile-Swarm-Navigation/install/turtlebot3_msgs/lib:${LD_LIBRARY_PATH} PYTHONPATH=/home/duck_sh/Mobile-Swarm-Navigation/build/turtlebot3_example/prefix_override:/usr/lib/python3/dist-packages/colcon_core/task/python/colcon_distutils_commands:/home/duck_sh/Mobile-Swarm-Navigation/install/turtlebot3_example/lib/python3.10/site-packages:/home/duck_sh/Mobile-Swarm-Navigation/install/turtlebot3_msgs/local/lib/python3.10/dist-packages:${PYTHONPATH} /usr/bin/python3 -W ignore:setup.py install is deprecated setup.py egg_info --egg-base ../../../../build/turtlebot3_example build --build-base /home/duck_sh/Mobile-Swarm-Navigation/build/turtlebot3_example/build install --record /home/duck_sh/Mobile-Swarm-Navigation/build/turtlebot3_example/install.log --single-version-externally-managed install_data
