[0.485s] Invoking command in '/home/pacman/turtlebot3_ws/src/scheduler': PYTHONPATH=/home/pacman/turtlebot3_ws/build/scheduler/prefix_override:/home/pacman/.local/lib/python3.10/site-packages/colcon_core/task/python/colcon_distutils_commands:/home/pacman/turtlebot3_ws/install/scheduler/lib/python3.10/site-packages:${PYTHONPATH} /usr/bin/python3 -W ignore:setup.py install is deprecated setup.py egg_info --egg-base ../../build/scheduler build --build-base /home/pacman/turtlebot3_ws/build/scheduler/build install --record /home/pacman/turtlebot3_ws/build/scheduler/install.log --single-version-externally-managed install_data
[0.615s] running egg_info
[0.615s] writing ../../build/scheduler/scheduler.egg-info/PKG-INFO
[0.615s] writing dependency_links to ../../build/scheduler/scheduler.egg-info/dependency_links.txt
[0.615s] writing entry points to ../../build/scheduler/scheduler.egg-info/entry_points.txt
[0.615s] writing requirements to ../../build/scheduler/scheduler.egg-info/requires.txt
[0.616s] writing top-level names to ../../build/scheduler/scheduler.egg-info/top_level.txt
[0.617s] reading manifest file '../../build/scheduler/scheduler.egg-info/SOURCES.txt'
[0.617s] writing manifest file '../../build/scheduler/scheduler.egg-info/SOURCES.txt'
[0.617s] running build
[0.617s] running build_py
[0.617s] running install
[0.618s] running install_lib
[0.619s] running install_data
[0.619s] running install_egg_info
[0.620s] removing '/home/pacman/turtlebot3_ws/install/scheduler/lib/python3.10/site-packages/scheduler-0.0.0-py3.10.egg-info' (and everything under it)
[0.620s] Copying ../../build/scheduler/scheduler.egg-info to /home/pacman/turtlebot3_ws/install/scheduler/lib/python3.10/site-packages/scheduler-0.0.0-py3.10.egg-info
[0.620s] running install_scripts
[0.634s] Installing scheduler_2 script to /home/pacman/turtlebot3_ws/install/scheduler/lib/scheduler
[0.634s] writing list of installed files to '/home/pacman/turtlebot3_ws/build/scheduler/install.log'
[0.657s] Invoked command in '/home/pacman/turtlebot3_ws/src/scheduler' returned '0': PYTHONPATH=/home/pacman/turtlebot3_ws/build/scheduler/prefix_override:/home/pacman/.local/lib/python3.10/site-packages/colcon_core/task/python/colcon_distutils_commands:/home/pacman/turtlebot3_ws/install/scheduler/lib/python3.10/site-packages:${PYTHONPATH} /usr/bin/python3 -W ignore:setup.py install is deprecated setup.py egg_info --egg-base ../../build/scheduler build --build-base /home/pacman/turtlebot3_ws/build/scheduler/build install --record /home/pacman/turtlebot3_ws/build/scheduler/install.log --single-version-externally-managed install_data
