[0.038s] Invoking command in '/home/duck_sh/Mobile-Swarm-Navigation/build/turtlebot3_msgs': CMAKE_PREFIX_PATH=${CMAKE_PREFIX_PATH}:/home/duck_sh/Mobile-Swarm-Navigation/install/turtlebot3_teleop:/home/duck_sh/Mobile-Swarm-Navigation/install/turtlebot3_example:/home/duck_sh/ros2_ws/install/my_py_pkg:/home/duck_sh/turtlebot3_manipulation-humble-devel/install/ros2_controllers_test_nodes:/opt/ros/humble /usr/bin/cmake /home/duck_sh/Mobile-Swarm-Navigation/src/turtlebot3/turtlebot3_msgs -DCMAKE_INSTALL_PREFIX=/home/duck_sh/Mobile-Swarm-Navigation/install/turtlebot3_msgs
[0.251s] -- The C compiler identification is GNU 11.4.0
[0.251s] -- The CXX compiler identification is GNU 11.4.0
[0.252s] -- Detecting C compiler ABI info
[0.252s] -- Detecting C compiler ABI info - done
[0.252s] -- Check for working C compiler: /usr/bin/cc - skipped
[0.252s] -- Detecting C compile features
[0.252s] -- Detecting C compile features - done
[0.252s] -- Detecting CXX compiler ABI info
[0.252s] -- Detecting CXX compiler ABI info - done
[0.259s] -- Check for working CXX compiler: /usr/bin/c++ - skipped
[0.259s] -- Detecting CXX compile features
[0.260s] -- Detecting CXX compile features - done
[0.263s] -- Found action_msgs: 1.2.1 (/opt/ros/humble/share/action_msgs/cmake)
[0.382s] -- Found Python3: /usr/bin/python3 (found version "3.10.12") found components: Interpreter 
[0.546s] -- Found rosidl_generator_c: 3.1.5 (/opt/ros/humble/share/rosidl_generator_c/cmake)
[0.558s] -- Found rosidl_adapter: 3.1.5 (/opt/ros/humble/share/rosidl_adapter/cmake)
[0.574s] -- Found rosidl_generator_cpp: 3.1.5 (/opt/ros/humble/share/rosidl_generator_cpp/cmake)
[0.596s] -- Using all available rosidl_typesupport_c: rosidl_typesupport_fastrtps_c;rosidl_typesupport_introspection_c
[0.626s] -- Using all available rosidl_typesupport_cpp: rosidl_typesupport_fastrtps_cpp;rosidl_typesupport_introspection_cpp
[0.679s] -- Found rosidl_default_generators: 1.2.0 (/opt/ros/humble/share/rosidl_default_generators/cmake)
[0.702s] -- Found std_msgs: 4.2.4 (/opt/ros/humble/share/std_msgs/cmake)
[1.002s] -- Found ament_cmake_cppcheck: 0.12.11 (/opt/ros/humble/share/ament_cmake_cppcheck/cmake)
[1.009s] -- Found ament_cmake_cpplint: 0.12.11 (/opt/ros/humble/share/ament_cmake_cpplint/cmake)
[1.013s] -- Found ament_cmake_uncrustify: 0.12.11 (/opt/ros/humble/share/ament_cmake_uncrustify/cmake)
[1.019s] -- Found ament_cmake_ros: 0.10.0 (/opt/ros/humble/share/ament_cmake_ros/cmake)
[1.321s] -- Using all available rosidl_typesupport_c: rosidl_typesupport_fastrtps_c;rosidl_typesupport_introspection_c
[1.429s] -- Using all available rosidl_typesupport_cpp: rosidl_typesupport_fastrtps_cpp;rosidl_typesupport_introspection_cpp
[1.450s] -- Found PythonInterp: /usr/bin/python3 (found suitable version "3.10.12", minimum required is "3.6") 
[1.453s] -- Found python_cmake_module: 0.10.0 (/opt/ros/humble/share/python_cmake_module/cmake)
[1.481s] -- Found PythonLibs: /usr/lib/x86_64-linux-gnu/libpython3.10.so (found suitable version "3.10.12", minimum required is "3.5") 
[1.481s] -- Using PYTHON_EXECUTABLE: /usr/bin/python3
[1.481s] -- Using PYTHON_INCLUDE_DIRS: /usr/include/python3.10
[1.481s] -- Using PYTHON_LIBRARIES: /usr/lib/x86_64-linux-gnu/libpython3.10.so
[1.497s] -- Found PythonExtra: .so  
[1.597s] -- Found ament_cmake_flake8: 0.12.11 (/opt/ros/humble/share/ament_cmake_flake8/cmake)
[1.603s] -- Found ament_cmake_pep257: 0.12.11 (/opt/ros/humble/share/ament_cmake_pep257/cmake)
[1.609s] -- Configuring done
[1.632s] -- Generating done
[1.634s] -- Build files have been written to: /home/duck_sh/Mobile-Swarm-Navigation/build/turtlebot3_msgs
[1.643s] Invoked command in '/home/duck_sh/Mobile-Swarm-Navigation/build/turtlebot3_msgs' returned '0': CMAKE_PREFIX_PATH=${CMAKE_PREFIX_PATH}:/home/duck_sh/Mobile-Swarm-Navigation/install/turtlebot3_teleop:/home/duck_sh/Mobile-Swarm-Navigation/install/turtlebot3_example:/home/duck_sh/ros2_ws/install/my_py_pkg:/home/duck_sh/turtlebot3_manipulation-humble-devel/install/ros2_controllers_test_nodes:/opt/ros/humble /usr/bin/cmake /home/duck_sh/Mobile-Swarm-Navigation/src/turtlebot3/turtlebot3_msgs -DCMAKE_INSTALL_PREFIX=/home/duck_sh/Mobile-Swarm-Navigation/install/turtlebot3_msgs
[1.644s] Invoking command in '/home/duck_sh/Mobile-Swarm-Navigation/build/turtlebot3_msgs': CMAKE_PREFIX_PATH=${CMAKE_PREFIX_PATH}:/home/duck_sh/Mobile-Swarm-Navigation/install/turtlebot3_teleop:/home/duck_sh/Mobile-Swarm-Navigation/install/turtlebot3_example:/home/duck_sh/ros2_ws/install/my_py_pkg:/home/duck_sh/turtlebot3_manipulation-humble-devel/install/ros2_controllers_test_nodes:/opt/ros/humble /usr/bin/cmake --build /home/duck_sh/Mobile-Swarm-Navigation/build/turtlebot3_msgs -- -j32 -l32
[1.677s] [  1%] [34m[1mGenerating C code for ROS interfaces[0m
[1.682s] [  2%] [34m[1mGenerating C++ code for ROS interfaces[0m
[1.691s] [  2%] Built target ament_cmake_python_copy_turtlebot3_msgs
[1.875s] running egg_info
[1.875s] creating turtlebot3_msgs.egg-info
[1.875s] writing turtlebot3_msgs.egg-info/PKG-INFO
[1.875s] writing dependency_links to turtlebot3_msgs.egg-info/dependency_links.txt
[1.875s] writing top-level names to turtlebot3_msgs.egg-info/top_level.txt
[1.875s] writing manifest file 'turtlebot3_msgs.egg-info/SOURCES.txt'
[1.876s] reading manifest file 'turtlebot3_msgs.egg-info/SOURCES.txt'
[1.877s] writing manifest file 'turtlebot3_msgs.egg-info/SOURCES.txt'
[1.895s] [  2%] Built target ament_cmake_python_build_turtlebot3_msgs_egg
[2.295s] [  2%] Built target turtlebot3_msgs__cpp
[2.305s] [  5%] [34m[1mGenerating C++ type support for eProsima Fast-RTPS[0m
[2.305s] [  5%] [34m[1mGenerating C++ introspection for ROS interfaces[0m
[2.308s] [  7%] [34m[1mGenerating C++ type support dispatch for ROS interfaces[0m
[2.316s] [  8%] [32mBuilding C object CMakeFiles/turtlebot3_msgs__rosidl_generator_c.dir/rosidl_generator_c/turtlebot3_msgs/action/detail/patrol__functions.c.o[0m
[2.316s] [  9%] [32mBuilding C object CMakeFiles/turtlebot3_msgs__rosidl_generator_c.dir/rosidl_generator_c/turtlebot3_msgs/msg/detail/sensor_state__functions.c.o[0m
[2.316s] [ 12%] [32mBuilding C object CMakeFiles/turtlebot3_msgs__rosidl_generator_c.dir/rosidl_generator_c/turtlebot3_msgs/msg/detail/sound__functions.c.o[0m
[2.316s] [ 12%] [32mBuilding C object CMakeFiles/turtlebot3_msgs__rosidl_generator_c.dir/rosidl_generator_c/turtlebot3_msgs/msg/detail/version_info__functions.c.o[0m
[2.317s] [ 14%] [32mBuilding C object CMakeFiles/turtlebot3_msgs__rosidl_generator_c.dir/rosidl_generator_c/turtlebot3_msgs/srv/detail/dqn__functions.c.o[0m
[2.317s] [ 15%] [32mBuilding C object CMakeFiles/turtlebot3_msgs__rosidl_generator_c.dir/rosidl_generator_c/turtlebot3_msgs/srv/detail/sound__functions.c.o[0m
[2.419s] [ 16%] [32m[1mLinking C shared library libturtlebot3_msgs__rosidl_generator_c.so[0m
[2.462s] [ 16%] Built target turtlebot3_msgs__rosidl_generator_c
[2.472s] [ 18%] [34m[1mGenerating C type support for eProsima Fast-RTPS[0m
[2.472s] [ 19%] [34m[1mGenerating C type support dispatch for ROS interfaces[0m
[2.474s] [ 21%] [34m[1mGenerating C introspection for ROS interfaces[0m
[2.773s] [ 28%] [32mBuilding CXX object CMakeFiles/turtlebot3_msgs__rosidl_typesupport_cpp.dir/rosidl_typesupport_cpp/turtlebot3_msgs/srv/sound__type_support.cpp.o[0m
[2.773s] [ 28%] [32mBuilding CXX object CMakeFiles/turtlebot3_msgs__rosidl_typesupport_cpp.dir/rosidl_typesupport_cpp/turtlebot3_msgs/srv/dqn__type_support.cpp.o[0m
[2.773s] [ 28%] [32mBuilding CXX object CMakeFiles/turtlebot3_msgs__rosidl_typesupport_cpp.dir/rosidl_typesupport_cpp/turtlebot3_msgs/msg/sound__type_support.cpp.o[0m
[2.773s] [ 28%] [32mBuilding CXX object CMakeFiles/turtlebot3_msgs__rosidl_typesupport_cpp.dir/rosidl_typesupport_cpp/turtlebot3_msgs/msg/sensor_state__type_support.cpp.o[0m
[2.773s] [ 28%] [32mBuilding CXX object CMakeFiles/turtlebot3_msgs__rosidl_typesupport_cpp.dir/rosidl_typesupport_cpp/turtlebot3_msgs/msg/version_info__type_support.cpp.o[0m
[2.773s] [ 29%] [32mBuilding CXX object CMakeFiles/turtlebot3_msgs__rosidl_typesupport_cpp.dir/rosidl_typesupport_cpp/turtlebot3_msgs/action/patrol__type_support.cpp.o[0m
[2.832s] [ 30%] [32mBuilding CXX object CMakeFiles/turtlebot3_msgs__rosidl_typesupport_introspection_cpp.dir/rosidl_typesupport_introspection_cpp/turtlebot3_msgs/msg/detail/sound__type_support.cpp.o[0m
[2.834s] [ 32%] [32mBuilding CXX object CMakeFiles/turtlebot3_msgs__rosidl_typesupport_introspection_cpp.dir/rosidl_typesupport_introspection_cpp/turtlebot3_msgs/srv/detail/sound__type_support.cpp.o[0m
[2.834s] [ 33%] [32mBuilding CXX object CMakeFiles/turtlebot3_msgs__rosidl_typesupport_introspection_cpp.dir/rosidl_typesupport_introspection_cpp/turtlebot3_msgs/msg/detail/version_info__type_support.cpp.o[0m
[2.834s] [ 35%] [32mBuilding CXX object CMakeFiles/turtlebot3_msgs__rosidl_typesupport_introspection_cpp.dir/rosidl_typesupport_introspection_cpp/turtlebot3_msgs/msg/detail/sensor_state__type_support.cpp.o[0m
[2.836s] [ 38%] [32mBuilding CXX object CMakeFiles/turtlebot3_msgs__rosidl_typesupport_introspection_cpp.dir/rosidl_typesupport_introspection_cpp/turtlebot3_msgs/srv/detail/dqn__type_support.cpp.o[0m
[2.836s] [ 38%] [32mBuilding CXX object CMakeFiles/turtlebot3_msgs__rosidl_typesupport_introspection_cpp.dir/rosidl_typesupport_introspection_cpp/turtlebot3_msgs/action/detail/patrol__type_support.cpp.o[0m
[2.916s] [ 39%] [32mBuilding CXX object CMakeFiles/turtlebot3_msgs__rosidl_typesupport_fastrtps_cpp.dir/rosidl_typesupport_fastrtps_cpp/turtlebot3_msgs/srv/detail/dds_fastrtps/dqn__type_support.cpp.o[0m
[2.916s] [ 43%] [32mBuilding CXX object CMakeFiles/turtlebot3_msgs__rosidl_typesupport_fastrtps_cpp.dir/rosidl_typesupport_fastrtps_cpp/turtlebot3_msgs/msg/detail/dds_fastrtps/sound__type_support.cpp.o[0m
[2.916s] [ 43%] [32mBuilding CXX object CMakeFiles/turtlebot3_msgs__rosidl_typesupport_fastrtps_cpp.dir/rosidl_typesupport_fastrtps_cpp/turtlebot3_msgs/srv/detail/dds_fastrtps/sound__type_support.cpp.o[0m
[2.917s] [ 43%] [32mBuilding CXX object CMakeFiles/turtlebot3_msgs__rosidl_typesupport_fastrtps_cpp.dir/rosidl_typesupport_fastrtps_cpp/turtlebot3_msgs/msg/detail/dds_fastrtps/sensor_state__type_support.cpp.o[0m
[2.917s] [ 45%] [32mBuilding CXX object CMakeFiles/turtlebot3_msgs__rosidl_typesupport_fastrtps_cpp.dir/rosidl_typesupport_fastrtps_cpp/turtlebot3_msgs/action/detail/dds_fastrtps/patrol__type_support.cpp.o[0m
[2.917s] [ 46%] [32mBuilding CXX object CMakeFiles/turtlebot3_msgs__rosidl_typesupport_fastrtps_cpp.dir/rosidl_typesupport_fastrtps_cpp/turtlebot3_msgs/msg/detail/dds_fastrtps/version_info__type_support.cpp.o[0m
[2.969s] [ 50%] [32mBuilding CXX object CMakeFiles/turtlebot3_msgs__rosidl_typesupport_c.dir/rosidl_typesupport_c/turtlebot3_msgs/srv/sound__type_support.cpp.o[0m
[2.969s] [ 50%] [32mBuilding CXX object CMakeFiles/turtlebot3_msgs__rosidl_typesupport_c.dir/rosidl_typesupport_c/turtlebot3_msgs/msg/sensor_state__type_support.cpp.o[0m
[2.969s] [ 50%] [32mBuilding CXX object CMakeFiles/turtlebot3_msgs__rosidl_typesupport_c.dir/rosidl_typesupport_c/turtlebot3_msgs/action/patrol__type_support.cpp.o[0m
[2.969s] [ 52%] [32mBuilding CXX object CMakeFiles/turtlebot3_msgs__rosidl_typesupport_c.dir/rosidl_typesupport_c/turtlebot3_msgs/srv/dqn__type_support.cpp.o[0m
[2.969s] [ 53%] [32mBuilding CXX object CMakeFiles/turtlebot3_msgs__rosidl_typesupport_c.dir/rosidl_typesupport_c/turtlebot3_msgs/msg/sound__type_support.cpp.o[0m
[2.970s] [ 54%] [32mBuilding CXX object CMakeFiles/turtlebot3_msgs__rosidl_typesupport_c.dir/rosidl_typesupport_c/turtlebot3_msgs/msg/version_info__type_support.cpp.o[0m
[3.027s] [ 56%] [32m[1mLinking CXX shared library libturtlebot3_msgs__rosidl_typesupport_c.so[0m
[3.086s] [ 56%] Built target turtlebot3_msgs__rosidl_typesupport_c
[3.242s] [ 59%] [32mBuilding CXX object CMakeFiles/turtlebot3_msgs__rosidl_typesupport_fastrtps_c.dir/rosidl_typesupport_fastrtps_c/turtlebot3_msgs/msg/detail/version_info__type_support_c.cpp.o[0m
[3.242s] [ 59%] [32mBuilding CXX object CMakeFiles/turtlebot3_msgs__rosidl_typesupport_fastrtps_c.dir/rosidl_typesupport_fastrtps_c/turtlebot3_msgs/msg/detail/sound__type_support_c.cpp.o[0m
[3.243s] [ 60%] [32mBuilding CXX object CMakeFiles/turtlebot3_msgs__rosidl_typesupport_fastrtps_c.dir/rosidl_typesupport_fastrtps_c/turtlebot3_msgs/msg/detail/sensor_state__type_support_c.cpp.o[0m
[3.244s] [ 63%] [32mBuilding CXX object CMakeFiles/turtlebot3_msgs__rosidl_typesupport_fastrtps_c.dir/rosidl_typesupport_fastrtps_c/turtlebot3_msgs/srv/detail/sound__type_support_c.cpp.o[0m
[3.244s] [ 63%] [32mBuilding CXX object CMakeFiles/turtlebot3_msgs__rosidl_typesupport_fastrtps_c.dir/rosidl_typesupport_fastrtps_c/turtlebot3_msgs/srv/detail/dqn__type_support_c.cpp.o[0m
[3.244s] [ 64%] [32mBuilding CXX object CMakeFiles/turtlebot3_msgs__rosidl_typesupport_fastrtps_c.dir/rosidl_typesupport_fastrtps_c/turtlebot3_msgs/action/detail/patrol__type_support_c.cpp.o[0m
[3.258s] [ 66%] [32m[1mLinking CXX shared library libturtlebot3_msgs__rosidl_typesupport_cpp.so[0m
[3.312s] [ 66%] Built target turtlebot3_msgs__rosidl_typesupport_cpp
[3.364s] [ 67%] [32mBuilding C object CMakeFiles/turtlebot3_msgs__rosidl_typesupport_introspection_c.dir/rosidl_typesupport_introspection_c/turtlebot3_msgs/srv/detail/dqn__type_support.c.o[0m
[3.365s] [ 69%] [32mBuilding C object CMakeFiles/turtlebot3_msgs__rosidl_typesupport_introspection_c.dir/rosidl_typesupport_introspection_c/turtlebot3_msgs/action/detail/patrol__type_support.c.o[0m
[3.366s] [ 74%] [32mBuilding C object CMakeFiles/turtlebot3_msgs__rosidl_typesupport_introspection_c.dir/rosidl_typesupport_introspection_c/turtlebot3_msgs/msg/detail/version_info__type_support.c.o[0m
[3.366s] [ 74%] [32mBuilding C object CMakeFiles/turtlebot3_msgs__rosidl_typesupport_introspection_c.dir/rosidl_typesupport_introspection_c/turtlebot3_msgs/srv/detail/sound__type_support.c.o[0m
[3.366s] [ 74%] [32mBuilding C object CMakeFiles/turtlebot3_msgs__rosidl_typesupport_introspection_c.dir/rosidl_typesupport_introspection_c/turtlebot3_msgs/msg/detail/sound__type_support.c.o[0m
[3.366s] [ 74%] [32mBuilding C object CMakeFiles/turtlebot3_msgs__rosidl_typesupport_introspection_c.dir/rosidl_typesupport_introspection_c/turtlebot3_msgs/msg/detail/sensor_state__type_support.c.o[0m
[3.394s] [ 76%] [32m[1mLinking CXX shared library libturtlebot3_msgs__rosidl_typesupport_introspection_cpp.so[0m
[3.408s] [ 77%] [32m[1mLinking C shared library libturtlebot3_msgs__rosidl_typesupport_introspection_c.so[0m
[3.444s] [ 77%] Built target turtlebot3_msgs__rosidl_typesupport_introspection_c
[3.453s] [ 77%] Built target turtlebot3_msgs__rosidl_typesupport_introspection_cpp
[3.509s] [ 78%] [32m[1mLinking CXX shared library libturtlebot3_msgs__rosidl_typesupport_fastrtps_cpp.so[0m
[3.530s] [ 80%] [32m[1mLinking CXX shared library libturtlebot3_msgs__rosidl_typesupport_fastrtps_c.so[0m
[3.561s] [ 80%] Built target turtlebot3_msgs__rosidl_typesupport_fastrtps_cpp
[3.583s] [ 80%] Built target turtlebot3_msgs__rosidl_typesupport_fastrtps_c
[3.605s] [ 80%] Built target turtlebot3_msgs
[3.631s] [ 81%] [34m[1mGenerating Python code for ROS interfaces[0m
[4.730s] [ 81%] Built target turtlebot3_msgs__py
[4.755s] [ 90%] [32mBuilding C object CMakeFiles/turtlebot3_msgs__rosidl_generator_py.dir/rosidl_generator_py/turtlebot3_msgs/msg/_sound_s.c.o[0m
[4.755s] [ 90%] [32mBuilding C object CMakeFiles/turtlebot3_msgs__rosidl_generator_py.dir/rosidl_generator_py/turtlebot3_msgs/msg/_sensor_state_s.c.o[0m
[4.755s] [ 90%] [32mBuilding C object CMakeFiles/turtlebot3_msgs__rosidl_generator_py.dir/rosidl_generator_py/turtlebot3_msgs/srv/_dqn_s.c.o[0m
[4.755s] [ 90%] [32mBuilding C object CMakeFiles/turtlebot3_msgs__rosidl_generator_py.dir/rosidl_generator_py/turtlebot3_msgs/msg/_version_info_s.c.o[0m
[4.755s] [ 90%] [32mBuilding C object CMakeFiles/turtlebot3_msgs__rosidl_generator_py.dir/rosidl_generator_py/turtlebot3_msgs/action/_patrol_s.c.o[0m
[4.755s] [ 90%] [32mBuilding C object CMakeFiles/turtlebot3_msgs__rosidl_generator_py.dir/rosidl_generator_py/turtlebot3_msgs/srv/_sound_s.c.o[0m
[4.875s] [ 91%] [32m[1mLinking C shared library rosidl_generator_py/turtlebot3_msgs/libturtlebot3_msgs__rosidl_generator_py.so[0m
[4.917s] [ 91%] Built target turtlebot3_msgs__rosidl_generator_py
[4.940s] [ 92%] [32mBuilding C object CMakeFiles/turtlebot3_msgs__rosidl_typesupport_c__pyext.dir/rosidl_generator_py/turtlebot3_msgs/_turtlebot3_msgs_s.ep.rosidl_typesupport_c.c.o[0m
[4.942s] [ 94%] [32mBuilding C object CMakeFiles/turtlebot3_msgs__rosidl_typesupport_introspection_c__pyext.dir/rosidl_generator_py/turtlebot3_msgs/_turtlebot3_msgs_s.ep.rosidl_typesupport_introspection_c.c.o[0m
[4.942s] [ 95%] [32mBuilding C object CMakeFiles/turtlebot3_msgs__rosidl_typesupport_fastrtps_c__pyext.dir/rosidl_generator_py/turtlebot3_msgs/_turtlebot3_msgs_s.ep.rosidl_typesupport_fastrtps_c.c.o[0m
[5.036s] [ 97%] [32m[1mLinking C shared library rosidl_generator_py/turtlebot3_msgs/turtlebot3_msgs_s__rosidl_typesupport_introspection_c.cpython-310-x86_64-linux-gnu.so[0m
[5.052s] [ 98%] [32m[1mLinking C shared library rosidl_generator_py/turtlebot3_msgs/turtlebot3_msgs_s__rosidl_typesupport_c.cpython-310-x86_64-linux-gnu.so[0m
[5.052s] [100%] [32m[1mLinking C shared library rosidl_generator_py/turtlebot3_msgs/turtlebot3_msgs_s__rosidl_typesupport_fastrtps_c.cpython-310-x86_64-linux-gnu.so[0m
[5.081s] [100%] Built target turtlebot3_msgs__rosidl_typesupport_introspection_c__pyext
[5.085s] [100%] Built target turtlebot3_msgs__rosidl_typesupport_fastrtps_c__pyext
[5.090s] [100%] Built target turtlebot3_msgs__rosidl_typesupport_c__pyext
[5.100s] Invoked command in '/home/duck_sh/Mobile-Swarm-Navigation/build/turtlebot3_msgs' returned '0': CMAKE_PREFIX_PATH=${CMAKE_PREFIX_PATH}:/home/duck_sh/Mobile-Swarm-Navigation/install/turtlebot3_teleop:/home/duck_sh/Mobile-Swarm-Navigation/install/turtlebot3_example:/home/duck_sh/ros2_ws/install/my_py_pkg:/home/duck_sh/turtlebot3_manipulation-humble-devel/install/ros2_controllers_test_nodes:/opt/ros/humble /usr/bin/cmake --build /home/duck_sh/Mobile-Swarm-Navigation/build/turtlebot3_msgs -- -j32 -l32
[5.316s] Invoking command in '/home/duck_sh/Mobile-Swarm-Navigation/build/turtlebot3_msgs': CMAKE_PREFIX_PATH=${CMAKE_PREFIX_PATH}:/home/duck_sh/Mobile-Swarm-Navigation/install/turtlebot3_teleop:/home/duck_sh/Mobile-Swarm-Navigation/install/turtlebot3_example:/home/duck_sh/ros2_ws/install/my_py_pkg:/home/duck_sh/turtlebot3_manipulation-humble-devel/install/ros2_controllers_test_nodes:/opt/ros/humble /usr/bin/cmake --install /home/duck_sh/Mobile-Swarm-Navigation/build/turtlebot3_msgs
[5.327s] -- Install configuration: ""
[5.327s] -- Installing: /home/duck_sh/Mobile-Swarm-Navigation/install/turtlebot3_msgs/share/ament_index/resource_index/rosidl_interfaces/turtlebot3_msgs
[5.327s] -- Installing: /home/duck_sh/Mobile-Swarm-Navigation/install/turtlebot3_msgs/include/turtlebot3_msgs/turtlebot3_msgs
[5.327s] -- Installing: /home/duck_sh/Mobile-Swarm-Navigation/install/turtlebot3_msgs/include/turtlebot3_msgs/turtlebot3_msgs/srv
[5.327s] -- Installing: /home/duck_sh/Mobile-Swarm-Navigation/install/turtlebot3_msgs/include/turtlebot3_msgs/turtlebot3_msgs/srv/sound.h
[5.327s] -- Installing: /home/duck_sh/Mobile-Swarm-Navigation/install/turtlebot3_msgs/include/turtlebot3_msgs/turtlebot3_msgs/srv/dqn.h
[5.327s] -- Installing: /home/duck_sh/Mobile-Swarm-Navigation/install/turtlebot3_msgs/include/turtlebot3_msgs/turtlebot3_msgs/srv/detail
[5.327s] -- Installing: /home/duck_sh/Mobile-Swarm-Navigation/install/turtlebot3_msgs/include/turtlebot3_msgs/turtlebot3_msgs/srv/detail/sound__struct.h
[5.327s] -- Installing: /home/duck_sh/Mobile-Swarm-Navigation/install/turtlebot3_msgs/include/turtlebot3_msgs/turtlebot3_msgs/srv/detail/sound__type_support.h
[5.327s] -- Installing: /home/duck_sh/Mobile-Swarm-Navigation/install/turtlebot3_msgs/include/turtlebot3_msgs/turtlebot3_msgs/srv/detail/sound__functions.c
[5.327s] -- Installing: /home/duck_sh/Mobile-Swarm-Navigation/install/turtlebot3_msgs/include/turtlebot3_msgs/turtlebot3_msgs/srv/detail/sound__functions.h
[5.327s] -- Installing: /home/duck_sh/Mobile-Swarm-Navigation/install/turtlebot3_msgs/include/turtlebot3_msgs/turtlebot3_msgs/srv/detail/dqn__functions.h
[5.327s] -- Installing: /home/duck_sh/Mobile-Swarm-Navigation/install/turtlebot3_msgs/include/turtlebot3_msgs/turtlebot3_msgs/srv/detail/dqn__struct.h
[5.328s] -- Installing: /home/duck_sh/Mobile-Swarm-Navigation/install/turtlebot3_msgs/include/turtlebot3_msgs/turtlebot3_msgs/srv/detail/dqn__type_support.h
[5.328s] -- Installing: /home/duck_sh/Mobile-Swarm-Navigation/install/turtlebot3_msgs/include/turtlebot3_msgs/turtlebot3_msgs/srv/detail/dqn__functions.c
[5.328s] -- Installing: /home/duck_sh/Mobile-Swarm-Navigation/install/turtlebot3_msgs/include/turtlebot3_msgs/turtlebot3_msgs/action
[5.328s] -- Installing: /home/duck_sh/Mobile-Swarm-Navigation/install/turtlebot3_msgs/include/turtlebot3_msgs/turtlebot3_msgs/action/detail
[5.328s] -- Installing: /home/duck_sh/Mobile-Swarm-Navigation/install/turtlebot3_msgs/include/turtlebot3_msgs/turtlebot3_msgs/action/detail/patrol__functions.c
[5.328s] -- Installing: /home/duck_sh/Mobile-Swarm-Navigation/install/turtlebot3_msgs/include/turtlebot3_msgs/turtlebot3_msgs/action/detail/patrol__functions.h
[5.328s] -- Installing: /home/duck_sh/Mobile-Swarm-Navigation/install/turtlebot3_msgs/include/turtlebot3_msgs/turtlebot3_msgs/action/detail/patrol__struct.h
[5.328s] -- Installing: /home/duck_sh/Mobile-Swarm-Navigation/install/turtlebot3_msgs/include/turtlebot3_msgs/turtlebot3_msgs/action/detail/patrol__type_support.h
[5.328s] -- Installing: /home/duck_sh/Mobile-Swarm-Navigation/install/turtlebot3_msgs/include/turtlebot3_msgs/turtlebot3_msgs/action/patrol.h
[5.329s] -- Installing: /home/duck_sh/Mobile-Swarm-Navigation/install/turtlebot3_msgs/include/turtlebot3_msgs/turtlebot3_msgs/msg
[5.329s] -- Installing: /home/duck_sh/Mobile-Swarm-Navigation/install/turtlebot3_msgs/include/turtlebot3_msgs/turtlebot3_msgs/msg/version_info.h
[5.329s] -- Installing: /home/duck_sh/Mobile-Swarm-Navigation/install/turtlebot3_msgs/include/turtlebot3_msgs/turtlebot3_msgs/msg/sound.h
[5.329s] -- Installing: /home/duck_sh/Mobile-Swarm-Navigation/install/turtlebot3_msgs/include/turtlebot3_msgs/turtlebot3_msgs/msg/detail
[5.329s] -- Installing: /home/duck_sh/Mobile-Swarm-Navigation/install/turtlebot3_msgs/include/turtlebot3_msgs/turtlebot3_msgs/msg/detail/sound__struct.h
[5.329s] -- Installing: /home/duck_sh/Mobile-Swarm-Navigation/install/turtlebot3_msgs/include/turtlebot3_msgs/turtlebot3_msgs/msg/detail/version_info__functions.h
[5.329s] -- Installing: /home/duck_sh/Mobile-Swarm-Navigation/install/turtlebot3_msgs/include/turtlebot3_msgs/turtlebot3_msgs/msg/detail/version_info__struct.h
[5.329s] -- Installing: /home/duck_sh/Mobile-Swarm-Navigation/install/turtlebot3_msgs/include/turtlebot3_msgs/turtlebot3_msgs/msg/detail/version_info__type_support.h
[5.329s] -- Installing: /home/duck_sh/Mobile-Swarm-Navigation/install/turtlebot3_msgs/include/turtlebot3_msgs/turtlebot3_msgs/msg/detail/sound__type_support.h
[5.329s] -- Installing: /home/duck_sh/Mobile-Swarm-Navigation/install/turtlebot3_msgs/include/turtlebot3_msgs/turtlebot3_msgs/msg/detail/sensor_state__functions.c
[5.329s] -- Installing: /home/duck_sh/Mobile-Swarm-Navigation/install/turtlebot3_msgs/include/turtlebot3_msgs/turtlebot3_msgs/msg/detail/sound__functions.c
[5.330s] -- Installing: /home/duck_sh/Mobile-Swarm-Navigation/install/turtlebot3_msgs/include/turtlebot3_msgs/turtlebot3_msgs/msg/detail/sensor_state__type_support.h
[5.330s] -- Installing: /home/duck_sh/Mobile-Swarm-Navigation/install/turtlebot3_msgs/include/turtlebot3_msgs/turtlebot3_msgs/msg/detail/version_info__functions.c
[5.330s] -- Installing: /home/duck_sh/Mobile-Swarm-Navigation/install/turtlebot3_msgs/include/turtlebot3_msgs/turtlebot3_msgs/msg/detail/sound__functions.h
[5.330s] -- Installing: /home/duck_sh/Mobile-Swarm-Navigation/install/turtlebot3_msgs/include/turtlebot3_msgs/turtlebot3_msgs/msg/detail/sensor_state__struct.h
[5.330s] -- Installing: /home/duck_sh/Mobile-Swarm-Navigation/install/turtlebot3_msgs/include/turtlebot3_msgs/turtlebot3_msgs/msg/detail/sensor_state__functions.h
[5.330s] -- Installing: /home/duck_sh/Mobile-Swarm-Navigation/install/turtlebot3_msgs/include/turtlebot3_msgs/turtlebot3_msgs/msg/sensor_state.h
[5.330s] -- Installing: /home/duck_sh/Mobile-Swarm-Navigation/install/turtlebot3_msgs/include/turtlebot3_msgs/turtlebot3_msgs/msg/rosidl_generator_c__visibility_control.h
[5.330s] -- Installing: /home/duck_sh/Mobile-Swarm-Navigation/install/turtlebot3_msgs/share/turtlebot3_msgs/environment/library_path.sh
[5.330s] -- Installing: /home/duck_sh/Mobile-Swarm-Navigation/install/turtlebot3_msgs/share/turtlebot3_msgs/environment/library_path.dsv
[5.330s] -- Installing: /home/duck_sh/Mobile-Swarm-Navigation/install/turtlebot3_msgs/lib/libturtlebot3_msgs__rosidl_generator_c.so
[5.330s] -- Set runtime path of "/home/duck_sh/Mobile-Swarm-Navigation/install/turtlebot3_msgs/lib/libturtlebot3_msgs__rosidl_generator_c.so" to ""
[5.330s] -- Up-to-date: /home/duck_sh/Mobile-Swarm-Navigation/install/turtlebot3_msgs/include/turtlebot3_msgs/turtlebot3_msgs
[5.330s] -- Up-to-date: /home/duck_sh/Mobile-Swarm-Navigation/install/turtlebot3_msgs/include/turtlebot3_msgs/turtlebot3_msgs/srv
[5.331s] -- Up-to-date: /home/duck_sh/Mobile-Swarm-Navigation/install/turtlebot3_msgs/include/turtlebot3_msgs/turtlebot3_msgs/srv/detail
[5.331s] -- Installing: /home/duck_sh/Mobile-Swarm-Navigation/install/turtlebot3_msgs/include/turtlebot3_msgs/turtlebot3_msgs/srv/detail/dqn__rosidl_typesupport_fastrtps_c.h
[5.331s] -- Installing: /home/duck_sh/Mobile-Swarm-Navigation/install/turtlebot3_msgs/include/turtlebot3_msgs/turtlebot3_msgs/srv/detail/sound__rosidl_typesupport_fastrtps_c.h
[5.331s] -- Up-to-date: /home/duck_sh/Mobile-Swarm-Navigation/install/turtlebot3_msgs/include/turtlebot3_msgs/turtlebot3_msgs/action
[5.331s] -- Up-to-date: /home/duck_sh/Mobile-Swarm-Navigation/install/turtlebot3_msgs/include/turtlebot3_msgs/turtlebot3_msgs/action/detail
[5.331s] -- Installing: /home/duck_sh/Mobile-Swarm-Navigation/install/turtlebot3_msgs/include/turtlebot3_msgs/turtlebot3_msgs/action/detail/patrol__rosidl_typesupport_fastrtps_c.h
[5.331s] -- Up-to-date: /home/duck_sh/Mobile-Swarm-Navigation/install/turtlebot3_msgs/include/turtlebot3_msgs/turtlebot3_msgs/msg
[5.331s] -- Up-to-date: /home/duck_sh/Mobile-Swarm-Navigation/install/turtlebot3_msgs/include/turtlebot3_msgs/turtlebot3_msgs/msg/detail
[5.331s] -- Installing: /home/duck_sh/Mobile-Swarm-Navigation/install/turtlebot3_msgs/include/turtlebot3_msgs/turtlebot3_msgs/msg/detail/version_info__rosidl_typesupport_fastrtps_c.h
[5.331s] -- Installing: /home/duck_sh/Mobile-Swarm-Navigation/install/turtlebot3_msgs/include/turtlebot3_msgs/turtlebot3_msgs/msg/detail/sensor_state__rosidl_typesupport_fastrtps_c.h
[5.331s] -- Installing: /home/duck_sh/Mobile-Swarm-Navigation/install/turtlebot3_msgs/include/turtlebot3_msgs/turtlebot3_msgs/msg/detail/sound__rosidl_typesupport_fastrtps_c.h
[5.331s] -- Installing: /home/duck_sh/Mobile-Swarm-Navigation/install/turtlebot3_msgs/include/turtlebot3_msgs/turtlebot3_msgs/msg/rosidl_typesupport_fastrtps_c__visibility_control.h
[5.331s] -- Installing: /home/duck_sh/Mobile-Swarm-Navigation/install/turtlebot3_msgs/lib/libturtlebot3_msgs__rosidl_typesupport_fastrtps_c.so
[5.332s] -- Set runtime path of "/home/duck_sh/Mobile-Swarm-Navigation/install/turtlebot3_msgs/lib/libturtlebot3_msgs__rosidl_typesupport_fastrtps_c.so" to ""
[5.332s] -- Up-to-date: /home/duck_sh/Mobile-Swarm-Navigation/install/turtlebot3_msgs/include/turtlebot3_msgs/turtlebot3_msgs
[5.332s] -- Up-to-date: /home/duck_sh/Mobile-Swarm-Navigation/install/turtlebot3_msgs/include/turtlebot3_msgs/turtlebot3_msgs/srv
[5.332s] -- Up-to-date: /home/duck_sh/Mobile-Swarm-Navigation/install/turtlebot3_msgs/include/turtlebot3_msgs/turtlebot3_msgs/srv/detail
[5.332s] -- Installing: /home/duck_sh/Mobile-Swarm-Navigation/install/turtlebot3_msgs/include/turtlebot3_msgs/turtlebot3_msgs/srv/detail/sound__struct.hpp
[5.332s] -- Installing: /home/duck_sh/Mobile-Swarm-Navigation/install/turtlebot3_msgs/include/turtlebot3_msgs/turtlebot3_msgs/srv/detail/dqn__struct.hpp
[5.332s] -- Installing: /home/duck_sh/Mobile-Swarm-Navigation/install/turtlebot3_msgs/include/turtlebot3_msgs/turtlebot3_msgs/srv/detail/dqn__builder.hpp
[5.332s] -- Installing: /home/duck_sh/Mobile-Swarm-Navigation/install/turtlebot3_msgs/include/turtlebot3_msgs/turtlebot3_msgs/srv/detail/dqn__traits.hpp
[5.332s] -- Installing: /home/duck_sh/Mobile-Swarm-Navigation/install/turtlebot3_msgs/include/turtlebot3_msgs/turtlebot3_msgs/srv/detail/sound__traits.hpp
[5.332s] -- Installing: /home/duck_sh/Mobile-Swarm-Navigation/install/turtlebot3_msgs/include/turtlebot3_msgs/turtlebot3_msgs/srv/detail/sound__builder.hpp
[5.332s] -- Installing: /home/duck_sh/Mobile-Swarm-Navigation/install/turtlebot3_msgs/include/turtlebot3_msgs/turtlebot3_msgs/srv/dqn.hpp
[5.332s] -- Installing: /home/duck_sh/Mobile-Swarm-Navigation/install/turtlebot3_msgs/include/turtlebot3_msgs/turtlebot3_msgs/srv/sound.hpp
[5.333s] -- Up-to-date: /home/duck_sh/Mobile-Swarm-Navigation/install/turtlebot3_msgs/include/turtlebot3_msgs/turtlebot3_msgs/action
[5.333s] -- Installing: /home/duck_sh/Mobile-Swarm-Navigation/install/turtlebot3_msgs/include/turtlebot3_msgs/turtlebot3_msgs/action/patrol.hpp
[5.333s] -- Up-to-date: /home/duck_sh/Mobile-Swarm-Navigation/install/turtlebot3_msgs/include/turtlebot3_msgs/turtlebot3_msgs/action/detail
[5.333s] -- Installing: /home/duck_sh/Mobile-Swarm-Navigation/install/turtlebot3_msgs/include/turtlebot3_msgs/turtlebot3_msgs/action/detail/patrol__traits.hpp
[5.333s] -- Installing: /home/duck_sh/Mobile-Swarm-Navigation/install/turtlebot3_msgs/include/turtlebot3_msgs/turtlebot3_msgs/action/detail/patrol__builder.hpp
[5.333s] -- Installing: /home/duck_sh/Mobile-Swarm-Navigation/install/turtlebot3_msgs/include/turtlebot3_msgs/turtlebot3_msgs/action/detail/patrol__struct.hpp
[5.333s] -- Up-to-date: /home/duck_sh/Mobile-Swarm-Navigation/install/turtlebot3_msgs/include/turtlebot3_msgs/turtlebot3_msgs/msg
[5.333s] -- Installing: /home/duck_sh/Mobile-Swarm-Navigation/install/turtlebot3_msgs/include/turtlebot3_msgs/turtlebot3_msgs/msg/version_info.hpp
[5.333s] -- Installing: /home/duck_sh/Mobile-Swarm-Navigation/install/turtlebot3_msgs/include/turtlebot3_msgs/turtlebot3_msgs/msg/sensor_state.hpp
[5.333s] -- Up-to-date: /home/duck_sh/Mobile-Swarm-Navigation/install/turtlebot3_msgs/include/turtlebot3_msgs/turtlebot3_msgs/msg/detail
[5.333s] -- Installing: /home/duck_sh/Mobile-Swarm-Navigation/install/turtlebot3_msgs/include/turtlebot3_msgs/turtlebot3_msgs/msg/detail/sensor_state__builder.hpp
[5.333s] -- Installing: /home/duck_sh/Mobile-Swarm-Navigation/install/turtlebot3_msgs/include/turtlebot3_msgs/turtlebot3_msgs/msg/detail/sensor_state__struct.hpp
[5.334s] -- Installing: /home/duck_sh/Mobile-Swarm-Navigation/install/turtlebot3_msgs/include/turtlebot3_msgs/turtlebot3_msgs/msg/detail/sound__struct.hpp
[5.334s] -- Installing: /home/duck_sh/Mobile-Swarm-Navigation/install/turtlebot3_msgs/include/turtlebot3_msgs/turtlebot3_msgs/msg/detail/sound__traits.hpp
[5.334s] -- Installing: /home/duck_sh/Mobile-Swarm-Navigation/install/turtlebot3_msgs/include/turtlebot3_msgs/turtlebot3_msgs/msg/detail/version_info__builder.hpp
[5.334s] -- Installing: /home/duck_sh/Mobile-Swarm-Navigation/install/turtlebot3_msgs/include/turtlebot3_msgs/turtlebot3_msgs/msg/detail/sound__builder.hpp
[5.334s] -- Installing: /home/duck_sh/Mobile-Swarm-Navigation/install/turtlebot3_msgs/include/turtlebot3_msgs/turtlebot3_msgs/msg/detail/version_info__traits.hpp
[5.334s] -- Installing: /home/duck_sh/Mobile-Swarm-Navigation/install/turtlebot3_msgs/include/turtlebot3_msgs/turtlebot3_msgs/msg/detail/version_info__struct.hpp
[5.334s] -- Installing: /home/duck_sh/Mobile-Swarm-Navigation/install/turtlebot3_msgs/include/turtlebot3_msgs/turtlebot3_msgs/msg/detail/sensor_state__traits.hpp
[5.334s] -- Installing: /home/duck_sh/Mobile-Swarm-Navigation/install/turtlebot3_msgs/include/turtlebot3_msgs/turtlebot3_msgs/msg/sound.hpp
[5.334s] -- Up-to-date: /home/duck_sh/Mobile-Swarm-Navigation/install/turtlebot3_msgs/include/turtlebot3_msgs/turtlebot3_msgs
[5.334s] -- Up-to-date: /home/duck_sh/Mobile-Swarm-Navigation/install/turtlebot3_msgs/include/turtlebot3_msgs/turtlebot3_msgs/srv
[5.334s] -- Up-to-date: /home/duck_sh/Mobile-Swarm-Navigation/install/turtlebot3_msgs/include/turtlebot3_msgs/turtlebot3_msgs/srv/detail
[5.334s] -- Installing: /home/duck_sh/Mobile-Swarm-Navigation/install/turtlebot3_msgs/include/turtlebot3_msgs/turtlebot3_msgs/srv/detail/dds_fastrtps
[5.334s] -- Installing: /home/duck_sh/Mobile-Swarm-Navigation/install/turtlebot3_msgs/include/turtlebot3_msgs/turtlebot3_msgs/srv/detail/sound__rosidl_typesupport_fastrtps_cpp.hpp
[5.335s] -- Installing: /home/duck_sh/Mobile-Swarm-Navigation/install/turtlebot3_msgs/include/turtlebot3_msgs/turtlebot3_msgs/srv/detail/dqn__rosidl_typesupport_fastrtps_cpp.hpp
[5.335s] -- Up-to-date: /home/duck_sh/Mobile-Swarm-Navigation/install/turtlebot3_msgs/include/turtlebot3_msgs/turtlebot3_msgs/action
[5.335s] -- Up-to-date: /home/duck_sh/Mobile-Swarm-Navigation/install/turtlebot3_msgs/include/turtlebot3_msgs/turtlebot3_msgs/action/detail
[5.335s] -- Installing: /home/duck_sh/Mobile-Swarm-Navigation/install/turtlebot3_msgs/include/turtlebot3_msgs/turtlebot3_msgs/action/detail/dds_fastrtps
[5.335s] -- Installing: /home/duck_sh/Mobile-Swarm-Navigation/install/turtlebot3_msgs/include/turtlebot3_msgs/turtlebot3_msgs/action/detail/patrol__rosidl_typesupport_fastrtps_cpp.hpp
[5.335s] -- Up-to-date: /home/duck_sh/Mobile-Swarm-Navigation/install/turtlebot3_msgs/include/turtlebot3_msgs/turtlebot3_msgs/msg
[5.335s] -- Up-to-date: /home/duck_sh/Mobile-Swarm-Navigation/install/turtlebot3_msgs/include/turtlebot3_msgs/turtlebot3_msgs/msg/detail
[5.335s] -- Installing: /home/duck_sh/Mobile-Swarm-Navigation/install/turtlebot3_msgs/include/turtlebot3_msgs/turtlebot3_msgs/msg/detail/version_info__rosidl_typesupport_fastrtps_cpp.hpp
[5.335s] -- Installing: /home/duck_sh/Mobile-Swarm-Navigation/install/turtlebot3_msgs/include/turtlebot3_msgs/turtlebot3_msgs/msg/detail/dds_fastrtps
[5.335s] -- Installing: /home/duck_sh/Mobile-Swarm-Navigation/install/turtlebot3_msgs/include/turtlebot3_msgs/turtlebot3_msgs/msg/detail/sound__rosidl_typesupport_fastrtps_cpp.hpp
[5.335s] -- Installing: /home/duck_sh/Mobile-Swarm-Navigation/install/turtlebot3_msgs/include/turtlebot3_msgs/turtlebot3_msgs/msg/detail/sensor_state__rosidl_typesupport_fastrtps_cpp.hpp
[5.335s] -- Installing: /home/duck_sh/Mobile-Swarm-Navigation/install/turtlebot3_msgs/include/turtlebot3_msgs/turtlebot3_msgs/msg/rosidl_typesupport_fastrtps_cpp__visibility_control.h
[5.335s] -- Installing: /home/duck_sh/Mobile-Swarm-Navigation/install/turtlebot3_msgs/lib/libturtlebot3_msgs__rosidl_typesupport_fastrtps_cpp.so
[5.336s] -- Set runtime path of "/home/duck_sh/Mobile-Swarm-Navigation/install/turtlebot3_msgs/lib/libturtlebot3_msgs__rosidl_typesupport_fastrtps_cpp.so" to ""
[5.336s] -- Up-to-date: /home/duck_sh/Mobile-Swarm-Navigation/install/turtlebot3_msgs/include/turtlebot3_msgs/turtlebot3_msgs
[5.336s] -- Up-to-date: /home/duck_sh/Mobile-Swarm-Navigation/install/turtlebot3_msgs/include/turtlebot3_msgs/turtlebot3_msgs/srv
[5.336s] -- Up-to-date: /home/duck_sh/Mobile-Swarm-Navigation/install/turtlebot3_msgs/include/turtlebot3_msgs/turtlebot3_msgs/srv/detail
[5.336s] -- Installing: /home/duck_sh/Mobile-Swarm-Navigation/install/turtlebot3_msgs/include/turtlebot3_msgs/turtlebot3_msgs/srv/detail/dqn__rosidl_typesupport_introspection_c.h
[5.336s] -- Installing: /home/duck_sh/Mobile-Swarm-Navigation/install/turtlebot3_msgs/include/turtlebot3_msgs/turtlebot3_msgs/srv/detail/sound__rosidl_typesupport_introspection_c.h
[5.336s] -- Installing: /home/duck_sh/Mobile-Swarm-Navigation/install/turtlebot3_msgs/include/turtlebot3_msgs/turtlebot3_msgs/srv/detail/dqn__type_support.c
[5.336s] -- Installing: /home/duck_sh/Mobile-Swarm-Navigation/install/turtlebot3_msgs/include/turtlebot3_msgs/turtlebot3_msgs/srv/detail/sound__type_support.c
[5.336s] -- Up-to-date: /home/duck_sh/Mobile-Swarm-Navigation/install/turtlebot3_msgs/include/turtlebot3_msgs/turtlebot3_msgs/action
[5.336s] -- Up-to-date: /home/duck_sh/Mobile-Swarm-Navigation/install/turtlebot3_msgs/include/turtlebot3_msgs/turtlebot3_msgs/action/detail
[5.336s] -- Installing: /home/duck_sh/Mobile-Swarm-Navigation/install/turtlebot3_msgs/include/turtlebot3_msgs/turtlebot3_msgs/action/detail/patrol__rosidl_typesupport_introspection_c.h
[5.336s] -- Installing: /home/duck_sh/Mobile-Swarm-Navigation/install/turtlebot3_msgs/include/turtlebot3_msgs/turtlebot3_msgs/action/detail/patrol__type_support.c
[5.336s] -- Up-to-date: /home/duck_sh/Mobile-Swarm-Navigation/install/turtlebot3_msgs/include/turtlebot3_msgs/turtlebot3_msgs/msg
[5.337s] -- Installing: /home/duck_sh/Mobile-Swarm-Navigation/install/turtlebot3_msgs/include/turtlebot3_msgs/turtlebot3_msgs/msg/rosidl_typesupport_introspection_c__visibility_control.h
[5.337s] -- Up-to-date: /home/duck_sh/Mobile-Swarm-Navigation/install/turtlebot3_msgs/include/turtlebot3_msgs/turtlebot3_msgs/msg/detail
[5.337s] -- Installing: /home/duck_sh/Mobile-Swarm-Navigation/install/turtlebot3_msgs/include/turtlebot3_msgs/turtlebot3_msgs/msg/detail/version_info__rosidl_typesupport_introspection_c.h
[5.337s] -- Installing: /home/duck_sh/Mobile-Swarm-Navigation/install/turtlebot3_msgs/include/turtlebot3_msgs/turtlebot3_msgs/msg/detail/sensor_state__type_support.c
[5.337s] -- Installing: /home/duck_sh/Mobile-Swarm-Navigation/install/turtlebot3_msgs/include/turtlebot3_msgs/turtlebot3_msgs/msg/detail/version_info__type_support.c
[5.337s] -- Installing: /home/duck_sh/Mobile-Swarm-Navigation/install/turtlebot3_msgs/include/turtlebot3_msgs/turtlebot3_msgs/msg/detail/sound__rosidl_typesupport_introspection_c.h
[5.337s] -- Installing: /home/duck_sh/Mobile-Swarm-Navigation/install/turtlebot3_msgs/include/turtlebot3_msgs/turtlebot3_msgs/msg/detail/sound__type_support.c
[5.337s] -- Installing: /home/duck_sh/Mobile-Swarm-Navigation/install/turtlebot3_msgs/include/turtlebot3_msgs/turtlebot3_msgs/msg/detail/sensor_state__rosidl_typesupport_introspection_c.h
[5.337s] -- Installing: /home/duck_sh/Mobile-Swarm-Navigation/install/turtlebot3_msgs/lib/libturtlebot3_msgs__rosidl_typesupport_introspection_c.so
[5.337s] -- Set runtime path of "/home/duck_sh/Mobile-Swarm-Navigation/install/turtlebot3_msgs/lib/libturtlebot3_msgs__rosidl_typesupport_introspection_c.so" to ""
[5.337s] -- Installing: /home/duck_sh/Mobile-Swarm-Navigation/install/turtlebot3_msgs/lib/libturtlebot3_msgs__rosidl_typesupport_c.so
[5.337s] -- Set runtime path of "/home/duck_sh/Mobile-Swarm-Navigation/install/turtlebot3_msgs/lib/libturtlebot3_msgs__rosidl_typesupport_c.so" to ""
[5.337s] -- Up-to-date: /home/duck_sh/Mobile-Swarm-Navigation/install/turtlebot3_msgs/include/turtlebot3_msgs/turtlebot3_msgs
[5.338s] -- Up-to-date: /home/duck_sh/Mobile-Swarm-Navigation/install/turtlebot3_msgs/include/turtlebot3_msgs/turtlebot3_msgs/srv
[5.338s] -- Up-to-date: /home/duck_sh/Mobile-Swarm-Navigation/install/turtlebot3_msgs/include/turtlebot3_msgs/turtlebot3_msgs/srv/detail
[5.338s] -- Installing: /home/duck_sh/Mobile-Swarm-Navigation/install/turtlebot3_msgs/include/turtlebot3_msgs/turtlebot3_msgs/srv/detail/dqn__type_support.cpp
[5.338s] -- Installing: /home/duck_sh/Mobile-Swarm-Navigation/install/turtlebot3_msgs/include/turtlebot3_msgs/turtlebot3_msgs/srv/detail/sound__rosidl_typesupport_introspection_cpp.hpp
[5.338s] -- Installing: /home/duck_sh/Mobile-Swarm-Navigation/install/turtlebot3_msgs/include/turtlebot3_msgs/turtlebot3_msgs/srv/detail/dqn__rosidl_typesupport_introspection_cpp.hpp
[5.338s] -- Installing: /home/duck_sh/Mobile-Swarm-Navigation/install/turtlebot3_msgs/include/turtlebot3_msgs/turtlebot3_msgs/srv/detail/sound__type_support.cpp
[5.338s] -- Up-to-date: /home/duck_sh/Mobile-Swarm-Navigation/install/turtlebot3_msgs/include/turtlebot3_msgs/turtlebot3_msgs/action
[5.338s] -- Up-to-date: /home/duck_sh/Mobile-Swarm-Navigation/install/turtlebot3_msgs/include/turtlebot3_msgs/turtlebot3_msgs/action/detail
[5.338s] -- Installing: /home/duck_sh/Mobile-Swarm-Navigation/install/turtlebot3_msgs/include/turtlebot3_msgs/turtlebot3_msgs/action/detail/patrol__type_support.cpp
[5.338s] -- Installing: /home/duck_sh/Mobile-Swarm-Navigation/install/turtlebot3_msgs/include/turtlebot3_msgs/turtlebot3_msgs/action/detail/patrol__rosidl_typesupport_introspection_cpp.hpp
[5.338s] -- Up-to-date: /home/duck_sh/Mobile-Swarm-Navigation/install/turtlebot3_msgs/include/turtlebot3_msgs/turtlebot3_msgs/msg
[5.338s] -- Up-to-date: /home/duck_sh/Mobile-Swarm-Navigation/install/turtlebot3_msgs/include/turtlebot3_msgs/turtlebot3_msgs/msg/detail
[5.338s] -- Installing: /home/duck_sh/Mobile-Swarm-Navigation/install/turtlebot3_msgs/include/turtlebot3_msgs/turtlebot3_msgs/msg/detail/version_info__rosidl_typesupport_introspection_cpp.hpp
[5.338s] -- Installing: /home/duck_sh/Mobile-Swarm-Navigation/install/turtlebot3_msgs/include/turtlebot3_msgs/turtlebot3_msgs/msg/detail/sound__rosidl_typesupport_introspection_cpp.hpp
[5.338s] -- Installing: /home/duck_sh/Mobile-Swarm-Navigation/install/turtlebot3_msgs/include/turtlebot3_msgs/turtlebot3_msgs/msg/detail/version_info__type_support.cpp
[5.338s] -- Installing: /home/duck_sh/Mobile-Swarm-Navigation/install/turtlebot3_msgs/include/turtlebot3_msgs/turtlebot3_msgs/msg/detail/sensor_state__type_support.cpp
[5.339s] -- Installing: /home/duck_sh/Mobile-Swarm-Navigation/install/turtlebot3_msgs/include/turtlebot3_msgs/turtlebot3_msgs/msg/detail/sensor_state__rosidl_typesupport_introspection_cpp.hpp
[5.339s] -- Installing: /home/duck_sh/Mobile-Swarm-Navigation/install/turtlebot3_msgs/include/turtlebot3_msgs/turtlebot3_msgs/msg/detail/sound__type_support.cpp
[5.339s] -- Installing: /home/duck_sh/Mobile-Swarm-Navigation/install/turtlebot3_msgs/lib/libturtlebot3_msgs__rosidl_typesupport_introspection_cpp.so
[5.339s] -- Set runtime path of "/home/duck_sh/Mobile-Swarm-Navigation/install/turtlebot3_msgs/lib/libturtlebot3_msgs__rosidl_typesupport_introspection_cpp.so" to ""
[5.339s] -- Installing: /home/duck_sh/Mobile-Swarm-Navigation/install/turtlebot3_msgs/lib/libturtlebot3_msgs__rosidl_typesupport_cpp.so
[5.339s] -- Set runtime path of "/home/duck_sh/Mobile-Swarm-Navigation/install/turtlebot3_msgs/lib/libturtlebot3_msgs__rosidl_typesupport_cpp.so" to ""
[5.339s] -- Installing: /home/duck_sh/Mobile-Swarm-Navigation/install/turtlebot3_msgs/share/turtlebot3_msgs/environment/pythonpath.sh
[5.339s] -- Installing: /home/duck_sh/Mobile-Swarm-Navigation/install/turtlebot3_msgs/share/turtlebot3_msgs/environment/pythonpath.dsv
[5.339s] -- Installing: /home/duck_sh/Mobile-Swarm-Navigation/install/turtlebot3_msgs/local/lib/python3.10/dist-packages/turtlebot3_msgs-2.2.3-py3.10.egg-info
[5.339s] -- Installing: /home/duck_sh/Mobile-Swarm-Navigation/install/turtlebot3_msgs/local/lib/python3.10/dist-packages/turtlebot3_msgs-2.2.3-py3.10.egg-info/top_level.txt
[5.339s] -- Installing: /home/duck_sh/Mobile-Swarm-Navigation/install/turtlebot3_msgs/local/lib/python3.10/dist-packages/turtlebot3_msgs-2.2.3-py3.10.egg-info/SOURCES.txt
[5.339s] -- Installing: /home/duck_sh/Mobile-Swarm-Navigation/install/turtlebot3_msgs/local/lib/python3.10/dist-packages/turtlebot3_msgs-2.2.3-py3.10.egg-info/dependency_links.txt
[5.339s] -- Installing: /home/duck_sh/Mobile-Swarm-Navigation/install/turtlebot3_msgs/local/lib/python3.10/dist-packages/turtlebot3_msgs-2.2.3-py3.10.egg-info/PKG-INFO
[5.339s] -- Installing: /home/duck_sh/Mobile-Swarm-Navigation/install/turtlebot3_msgs/local/lib/python3.10/dist-packages/turtlebot3_msgs
[5.339s] -- Installing: /home/duck_sh/Mobile-Swarm-Navigation/install/turtlebot3_msgs/local/lib/python3.10/dist-packages/turtlebot3_msgs/turtlebot3_msgs_s__rosidl_typesupport_c.cpython-310-x86_64-linux-gnu.so
[5.340s] -- Installing: /home/duck_sh/Mobile-Swarm-Navigation/install/turtlebot3_msgs/local/lib/python3.10/dist-packages/turtlebot3_msgs/turtlebot3_msgs_s__rosidl_typesupport_fastrtps_c.cpython-310-x86_64-linux-gnu.so
[5.340s] -- Installing: /home/duck_sh/Mobile-Swarm-Navigation/install/turtlebot3_msgs/local/lib/python3.10/dist-packages/turtlebot3_msgs/turtlebot3_msgs_s__rosidl_typesupport_introspection_c.cpython-310-x86_64-linux-gnu.so
[5.340s] -- Installing: /home/duck_sh/Mobile-Swarm-Navigation/install/turtlebot3_msgs/local/lib/python3.10/dist-packages/turtlebot3_msgs/_turtlebot3_msgs_s.ep.rosidl_typesupport_introspection_c.c
[5.340s] -- Installing: /home/duck_sh/Mobile-Swarm-Navigation/install/turtlebot3_msgs/local/lib/python3.10/dist-packages/turtlebot3_msgs/__init__.py
[5.340s] -- Installing: /home/duck_sh/Mobile-Swarm-Navigation/install/turtlebot3_msgs/local/lib/python3.10/dist-packages/turtlebot3_msgs/_turtlebot3_msgs_s.ep.rosidl_typesupport_fastrtps_c.c
[5.340s] -- Installing: /home/duck_sh/Mobile-Swarm-Navigation/install/turtlebot3_msgs/local/lib/python3.10/dist-packages/turtlebot3_msgs/srv
[5.340s] -- Installing: /home/duck_sh/Mobile-Swarm-Navigation/install/turtlebot3_msgs/local/lib/python3.10/dist-packages/turtlebot3_msgs/srv/_dqn_s.c
[5.340s] -- Installing: /home/duck_sh/Mobile-Swarm-Navigation/install/turtlebot3_msgs/local/lib/python3.10/dist-packages/turtlebot3_msgs/srv/_dqn.py
[5.340s] -- Installing: /home/duck_sh/Mobile-Swarm-Navigation/install/turtlebot3_msgs/local/lib/python3.10/dist-packages/turtlebot3_msgs/srv/_sound.py
[5.340s] -- Installing: /home/duck_sh/Mobile-Swarm-Navigation/install/turtlebot3_msgs/local/lib/python3.10/dist-packages/turtlebot3_msgs/srv/__init__.py
[5.340s] -- Installing: /home/duck_sh/Mobile-Swarm-Navigation/install/turtlebot3_msgs/local/lib/python3.10/dist-packages/turtlebot3_msgs/srv/_sound_s.c
[5.340s] -- Installing: /home/duck_sh/Mobile-Swarm-Navigation/install/turtlebot3_msgs/local/lib/python3.10/dist-packages/turtlebot3_msgs/action
[5.340s] -- Installing: /home/duck_sh/Mobile-Swarm-Navigation/install/turtlebot3_msgs/local/lib/python3.10/dist-packages/turtlebot3_msgs/action/_patrol_s.c
[5.340s] -- Installing: /home/duck_sh/Mobile-Swarm-Navigation/install/turtlebot3_msgs/local/lib/python3.10/dist-packages/turtlebot3_msgs/action/_patrol.py
[5.340s] -- Installing: /home/duck_sh/Mobile-Swarm-Navigation/install/turtlebot3_msgs/local/lib/python3.10/dist-packages/turtlebot3_msgs/action/__init__.py
[5.341s] -- Installing: /home/duck_sh/Mobile-Swarm-Navigation/install/turtlebot3_msgs/local/lib/python3.10/dist-packages/turtlebot3_msgs/msg
[5.341s] -- Installing: /home/duck_sh/Mobile-Swarm-Navigation/install/turtlebot3_msgs/local/lib/python3.10/dist-packages/turtlebot3_msgs/msg/_sensor_state.py
[5.341s] -- Installing: /home/duck_sh/Mobile-Swarm-Navigation/install/turtlebot3_msgs/local/lib/python3.10/dist-packages/turtlebot3_msgs/msg/_sound.py
[5.341s] -- Installing: /home/duck_sh/Mobile-Swarm-Navigation/install/turtlebot3_msgs/local/lib/python3.10/dist-packages/turtlebot3_msgs/msg/_version_info_s.c
[5.341s] -- Installing: /home/duck_sh/Mobile-Swarm-Navigation/install/turtlebot3_msgs/local/lib/python3.10/dist-packages/turtlebot3_msgs/msg/_sensor_state_s.c
[5.341s] -- Installing: /home/duck_sh/Mobile-Swarm-Navigation/install/turtlebot3_msgs/local/lib/python3.10/dist-packages/turtlebot3_msgs/msg/_version_info.py
[5.341s] -- Installing: /home/duck_sh/Mobile-Swarm-Navigation/install/turtlebot3_msgs/local/lib/python3.10/dist-packages/turtlebot3_msgs/msg/__init__.py
[5.341s] -- Installing: /home/duck_sh/Mobile-Swarm-Navigation/install/turtlebot3_msgs/local/lib/python3.10/dist-packages/turtlebot3_msgs/msg/_sound_s.c
[5.341s] -- Installing: /home/duck_sh/Mobile-Swarm-Navigation/install/turtlebot3_msgs/local/lib/python3.10/dist-packages/turtlebot3_msgs/libturtlebot3_msgs__rosidl_generator_py.so
[5.341s] -- Installing: /home/duck_sh/Mobile-Swarm-Navigation/install/turtlebot3_msgs/local/lib/python3.10/dist-packages/turtlebot3_msgs/_turtlebot3_msgs_s.ep.rosidl_typesupport_c.c
[5.376s] Listing '/home/duck_sh/Mobile-Swarm-Navigation/install/turtlebot3_msgs/local/lib/python3.10/dist-packages/turtlebot3_msgs'...
[5.376s] Compiling '/home/duck_sh/Mobile-Swarm-Navigation/install/turtlebot3_msgs/local/lib/python3.10/dist-packages/turtlebot3_msgs/__init__.py'...
[5.376s] Listing '/home/duck_sh/Mobile-Swarm-Navigation/install/turtlebot3_msgs/local/lib/python3.10/dist-packages/turtlebot3_msgs/action'...
[5.376s] Compiling '/home/duck_sh/Mobile-Swarm-Navigation/install/turtlebot3_msgs/local/lib/python3.10/dist-packages/turtlebot3_msgs/action/__init__.py'...
[5.376s] Compiling '/home/duck_sh/Mobile-Swarm-Navigation/install/turtlebot3_msgs/local/lib/python3.10/dist-packages/turtlebot3_msgs/action/_patrol.py'...
[5.376s] Listing '/home/duck_sh/Mobile-Swarm-Navigation/install/turtlebot3_msgs/local/lib/python3.10/dist-packages/turtlebot3_msgs/msg'...
[5.376s] Compiling '/home/duck_sh/Mobile-Swarm-Navigation/install/turtlebot3_msgs/local/lib/python3.10/dist-packages/turtlebot3_msgs/msg/__init__.py'...
[5.377s] Compiling '/home/duck_sh/Mobile-Swarm-Navigation/install/turtlebot3_msgs/local/lib/python3.10/dist-packages/turtlebot3_msgs/msg/_sensor_state.py'...
[5.377s] Compiling '/home/duck_sh/Mobile-Swarm-Navigation/install/turtlebot3_msgs/local/lib/python3.10/dist-packages/turtlebot3_msgs/msg/_sound.py'...
[5.377s] Compiling '/home/duck_sh/Mobile-Swarm-Navigation/install/turtlebot3_msgs/local/lib/python3.10/dist-packages/turtlebot3_msgs/msg/_version_info.py'...
[5.377s] Listing '/home/duck_sh/Mobile-Swarm-Navigation/install/turtlebot3_msgs/local/lib/python3.10/dist-packages/turtlebot3_msgs/srv'...
[5.377s] Compiling '/home/duck_sh/Mobile-Swarm-Navigation/install/turtlebot3_msgs/local/lib/python3.10/dist-packages/turtlebot3_msgs/srv/__init__.py'...
[5.377s] Compiling '/home/duck_sh/Mobile-Swarm-Navigation/install/turtlebot3_msgs/local/lib/python3.10/dist-packages/turtlebot3_msgs/srv/_dqn.py'...
[5.377s] Compiling '/home/duck_sh/Mobile-Swarm-Navigation/install/turtlebot3_msgs/local/lib/python3.10/dist-packages/turtlebot3_msgs/srv/_sound.py'...
[5.380s] -- Installing: /home/duck_sh/Mobile-Swarm-Navigation/install/turtlebot3_msgs/local/lib/python3.10/dist-packages/turtlebot3_msgs/turtlebot3_msgs_s__rosidl_typesupport_fastrtps_c.cpython-310-x86_64-linux-gnu.so
[5.380s] -- Set runtime path of "/home/duck_sh/Mobile-Swarm-Navigation/install/turtlebot3_msgs/local/lib/python3.10/dist-packages/turtlebot3_msgs/turtlebot3_msgs_s__rosidl_typesupport_fastrtps_c.cpython-310-x86_64-linux-gnu.so" to ""
[5.380s] -- Installing: /home/duck_sh/Mobile-Swarm-Navigation/install/turtlebot3_msgs/local/lib/python3.10/dist-packages/turtlebot3_msgs/turtlebot3_msgs_s__rosidl_typesupport_introspection_c.cpython-310-x86_64-linux-gnu.so
[5.380s] -- Set runtime path of "/home/duck_sh/Mobile-Swarm-Navigation/install/turtlebot3_msgs/local/lib/python3.10/dist-packages/turtlebot3_msgs/turtlebot3_msgs_s__rosidl_typesupport_introspection_c.cpython-310-x86_64-linux-gnu.so" to ""
[5.380s] -- Installing: /home/duck_sh/Mobile-Swarm-Navigation/install/turtlebot3_msgs/local/lib/python3.10/dist-packages/turtlebot3_msgs/turtlebot3_msgs_s__rosidl_typesupport_c.cpython-310-x86_64-linux-gnu.so
[5.380s] -- Set runtime path of "/home/duck_sh/Mobile-Swarm-Navigation/install/turtlebot3_msgs/local/lib/python3.10/dist-packages/turtlebot3_msgs/turtlebot3_msgs_s__rosidl_typesupport_c.cpython-310-x86_64-linux-gnu.so" to ""
[5.381s] -- Installing: /home/duck_sh/Mobile-Swarm-Navigation/install/turtlebot3_msgs/lib/libturtlebot3_msgs__rosidl_generator_py.so
[5.381s] -- Set runtime path of "/home/duck_sh/Mobile-Swarm-Navigation/install/turtlebot3_msgs/lib/libturtlebot3_msgs__rosidl_generator_py.so" to ""
[5.381s] -- Installing: /home/duck_sh/Mobile-Swarm-Navigation/install/turtlebot3_msgs/share/turtlebot3_msgs/msg/SensorState.idl
[5.381s] -- Installing: /home/duck_sh/Mobile-Swarm-Navigation/install/turtlebot3_msgs/share/turtlebot3_msgs/msg/Sound.idl
[5.381s] -- Installing: /home/duck_sh/Mobile-Swarm-Navigation/install/turtlebot3_msgs/share/turtlebot3_msgs/msg/VersionInfo.idl
[5.381s] -- Installing: /home/duck_sh/Mobile-Swarm-Navigation/install/turtlebot3_msgs/share/turtlebot3_msgs/srv/Sound.idl
[5.381s] -- Installing: /home/duck_sh/Mobile-Swarm-Navigation/install/turtlebot3_msgs/share/turtlebot3_msgs/srv/Dqn.idl
[5.381s] -- Installing: /home/duck_sh/Mobile-Swarm-Navigation/install/turtlebot3_msgs/share/turtlebot3_msgs/action/Patrol.idl
[5.381s] -- Installing: /home/duck_sh/Mobile-Swarm-Navigation/install/turtlebot3_msgs/share/turtlebot3_msgs/msg/SensorState.msg
[5.381s] -- Installing: /home/duck_sh/Mobile-Swarm-Navigation/install/turtlebot3_msgs/share/turtlebot3_msgs/msg/Sound.msg
[5.381s] -- Installing: /home/duck_sh/Mobile-Swarm-Navigation/install/turtlebot3_msgs/share/turtlebot3_msgs/msg/VersionInfo.msg
[5.381s] -- Installing: /home/duck_sh/Mobile-Swarm-Navigation/install/turtlebot3_msgs/share/turtlebot3_msgs/srv/Sound.srv
[5.381s] -- Installing: /home/duck_sh/Mobile-Swarm-Navigation/install/turtlebot3_msgs/share/turtlebot3_msgs/srv/Sound_Request.msg
[5.382s] -- Installing: /home/duck_sh/Mobile-Swarm-Navigation/install/turtlebot3_msgs/share/turtlebot3_msgs/srv/Sound_Response.msg
[5.382s] -- Installing: /home/duck_sh/Mobile-Swarm-Navigation/install/turtlebot3_msgs/share/turtlebot3_msgs/srv/Dqn.srv
[5.382s] -- Installing: /home/duck_sh/Mobile-Swarm-Navigation/install/turtlebot3_msgs/share/turtlebot3_msgs/srv/Dqn_Request.msg
[5.382s] -- Installing: /home/duck_sh/Mobile-Swarm-Navigation/install/turtlebot3_msgs/share/turtlebot3_msgs/srv/Dqn_Response.msg
[5.382s] -- Installing: /home/duck_sh/Mobile-Swarm-Navigation/install/turtlebot3_msgs/share/turtlebot3_msgs/action/Patrol.action
[5.382s] -- Installing: /home/duck_sh/Mobile-Swarm-Navigation/install/turtlebot3_msgs/share/ament_index/resource_index/package_run_dependencies/turtlebot3_msgs
[5.382s] -- Installing: /home/duck_sh/Mobile-Swarm-Navigation/install/turtlebot3_msgs/share/ament_index/resource_index/parent_prefix_path/turtlebot3_msgs
[5.382s] -- Installing: /home/duck_sh/Mobile-Swarm-Navigation/install/turtlebot3_msgs/share/turtlebot3_msgs/environment/ament_prefix_path.sh
[5.382s] -- Installing: /home/duck_sh/Mobile-Swarm-Navigation/install/turtlebot3_msgs/share/turtlebot3_msgs/environment/ament_prefix_path.dsv
[5.382s] -- Installing: /home/duck_sh/Mobile-Swarm-Navigation/install/turtlebot3_msgs/share/turtlebot3_msgs/environment/path.sh
[5.382s] -- Installing: /home/duck_sh/Mobile-Swarm-Navigation/install/turtlebot3_msgs/share/turtlebot3_msgs/environment/path.dsv
[5.382s] -- Installing: /home/duck_sh/Mobile-Swarm-Navigation/install/turtlebot3_msgs/share/turtlebot3_msgs/local_setup.bash
[5.382s] -- Installing: /home/duck_sh/Mobile-Swarm-Navigation/install/turtlebot3_msgs/share/turtlebot3_msgs/local_setup.sh
[5.382s] -- Installing: /home/duck_sh/Mobile-Swarm-Navigation/install/turtlebot3_msgs/share/turtlebot3_msgs/local_setup.zsh
[5.383s] -- Installing: /home/duck_sh/Mobile-Swarm-Navigation/install/turtlebot3_msgs/share/turtlebot3_msgs/local_setup.dsv
[5.383s] -- Installing: /home/duck_sh/Mobile-Swarm-Navigation/install/turtlebot3_msgs/share/turtlebot3_msgs/package.dsv
[5.383s] -- Installing: /home/duck_sh/Mobile-Swarm-Navigation/install/turtlebot3_msgs/share/ament_index/resource_index/packages/turtlebot3_msgs
[5.383s] -- Installing: /home/duck_sh/Mobile-Swarm-Navigation/install/turtlebot3_msgs/share/turtlebot3_msgs/cmake/export_turtlebot3_msgs__rosidl_generator_cExport.cmake
[5.383s] -- Installing: /home/duck_sh/Mobile-Swarm-Navigation/install/turtlebot3_msgs/share/turtlebot3_msgs/cmake/export_turtlebot3_msgs__rosidl_generator_cExport-noconfig.cmake
[5.383s] -- Installing: /home/duck_sh/Mobile-Swarm-Navigation/install/turtlebot3_msgs/share/turtlebot3_msgs/cmake/export_turtlebot3_msgs__rosidl_typesupport_fastrtps_cExport.cmake
[5.383s] -- Installing: /home/duck_sh/Mobile-Swarm-Navigation/install/turtlebot3_msgs/share/turtlebot3_msgs/cmake/export_turtlebot3_msgs__rosidl_typesupport_fastrtps_cExport-noconfig.cmake
[5.383s] -- Installing: /home/duck_sh/Mobile-Swarm-Navigation/install/turtlebot3_msgs/share/turtlebot3_msgs/cmake/export_turtlebot3_msgs__rosidl_generator_cppExport.cmake
[5.383s] -- Installing: /home/duck_sh/Mobile-Swarm-Navigation/install/turtlebot3_msgs/share/turtlebot3_msgs/cmake/export_turtlebot3_msgs__rosidl_typesupport_fastrtps_cppExport.cmake
[5.383s] -- Installing: /home/duck_sh/Mobile-Swarm-Navigation/install/turtlebot3_msgs/share/turtlebot3_msgs/cmake/export_turtlebot3_msgs__rosidl_typesupport_fastrtps_cppExport-noconfig.cmake
[5.383s] -- Installing: /home/duck_sh/Mobile-Swarm-Navigation/install/turtlebot3_msgs/share/turtlebot3_msgs/cmake/turtlebot3_msgs__rosidl_typesupport_introspection_cExport.cmake
[5.383s] -- Installing: /home/duck_sh/Mobile-Swarm-Navigation/install/turtlebot3_msgs/share/turtlebot3_msgs/cmake/turtlebot3_msgs__rosidl_typesupport_introspection_cExport-noconfig.cmake
[5.383s] -- Installing: /home/duck_sh/Mobile-Swarm-Navigation/install/turtlebot3_msgs/share/turtlebot3_msgs/cmake/turtlebot3_msgs__rosidl_typesupport_cExport.cmake
[5.383s] -- Installing: /home/duck_sh/Mobile-Swarm-Navigation/install/turtlebot3_msgs/share/turtlebot3_msgs/cmake/turtlebot3_msgs__rosidl_typesupport_cExport-noconfig.cmake
[5.383s] -- Installing: /home/duck_sh/Mobile-Swarm-Navigation/install/turtlebot3_msgs/share/turtlebot3_msgs/cmake/turtlebot3_msgs__rosidl_typesupport_introspection_cppExport.cmake
[5.384s] -- Installing: /home/duck_sh/Mobile-Swarm-Navigation/install/turtlebot3_msgs/share/turtlebot3_msgs/cmake/turtlebot3_msgs__rosidl_typesupport_introspection_cppExport-noconfig.cmake
[5.384s] -- Installing: /home/duck_sh/Mobile-Swarm-Navigation/install/turtlebot3_msgs/share/turtlebot3_msgs/cmake/turtlebot3_msgs__rosidl_typesupport_cppExport.cmake
[5.384s] -- Installing: /home/duck_sh/Mobile-Swarm-Navigation/install/turtlebot3_msgs/share/turtlebot3_msgs/cmake/turtlebot3_msgs__rosidl_typesupport_cppExport-noconfig.cmake
[5.384s] -- Installing: /home/duck_sh/Mobile-Swarm-Navigation/install/turtlebot3_msgs/share/turtlebot3_msgs/cmake/export_turtlebot3_msgs__rosidl_generator_pyExport.cmake
[5.384s] -- Installing: /home/duck_sh/Mobile-Swarm-Navigation/install/turtlebot3_msgs/share/turtlebot3_msgs/cmake/export_turtlebot3_msgs__rosidl_generator_pyExport-noconfig.cmake
[5.384s] -- Installing: /home/duck_sh/Mobile-Swarm-Navigation/install/turtlebot3_msgs/share/turtlebot3_msgs/cmake/rosidl_cmake-extras.cmake
[5.384s] -- Installing: /home/duck_sh/Mobile-Swarm-Navigation/install/turtlebot3_msgs/share/turtlebot3_msgs/cmake/ament_cmake_export_dependencies-extras.cmake
[5.384s] -- Installing: /home/duck_sh/Mobile-Swarm-Navigation/install/turtlebot3_msgs/share/turtlebot3_msgs/cmake/ament_cmake_export_include_directories-extras.cmake
[5.384s] -- Installing: /home/duck_sh/Mobile-Swarm-Navigation/install/turtlebot3_msgs/share/turtlebot3_msgs/cmake/ament_cmake_export_libraries-extras.cmake
[5.384s] -- Installing: /home/duck_sh/Mobile-Swarm-Navigation/install/turtlebot3_msgs/share/turtlebot3_msgs/cmake/ament_cmake_export_targets-extras.cmake
[5.384s] -- Installing: /home/duck_sh/Mobile-Swarm-Navigation/install/turtlebot3_msgs/share/turtlebot3_msgs/cmake/rosidl_cmake_export_typesupport_targets-extras.cmake
[5.384s] -- Installing: /home/duck_sh/Mobile-Swarm-Navigation/install/turtlebot3_msgs/share/turtlebot3_msgs/cmake/rosidl_cmake_export_typesupport_libraries-extras.cmake
[5.384s] -- Installing: /home/duck_sh/Mobile-Swarm-Navigation/install/turtlebot3_msgs/share/turtlebot3_msgs/cmake/turtlebot3_msgsConfig.cmake
[5.384s] -- Installing: /home/duck_sh/Mobile-Swarm-Navigation/install/turtlebot3_msgs/share/turtlebot3_msgs/cmake/turtlebot3_msgsConfig-version.cmake
[5.384s] -- Installing: /home/duck_sh/Mobile-Swarm-Navigation/install/turtlebot3_msgs/share/turtlebot3_msgs/package.xml
[5.385s] Invoked command in '/home/duck_sh/Mobile-Swarm-Navigation/build/turtlebot3_msgs' returned '0': CMAKE_PREFIX_PATH=${CMAKE_PREFIX_PATH}:/home/duck_sh/Mobile-Swarm-Navigation/install/turtlebot3_teleop:/home/duck_sh/Mobile-Swarm-Navigation/install/turtlebot3_example:/home/duck_sh/ros2_ws/install/my_py_pkg:/home/duck_sh/turtlebot3_manipulation-humble-devel/install/ros2_controllers_test_nodes:/opt/ros/humble /usr/bin/cmake --install /home/duck_sh/Mobile-Swarm-Navigation/build/turtlebot3_msgs
