[0.207s] Invoking command in '/home/duck_sh/Mobile-Swarm-Navigation/build/turtlebot3_fake_node': AMENT_PREFIX_PATH=/home/duck_sh/Mobile-Swarm-Navigation/install/turtlebot3_msgs:${AMENT_PREFIX_PATH} CMAKE_PREFIX_PATH=/home/duck_sh/Mobile-Swarm-Navigation/install/turtlebot3_msgs:/home/duck_sh/pico_ws/install/whycon:/home/duck_sh/pico_ws/install/swift_pico:/home/duck_sh/pico_ws/install/waypoint_navigation:/home/duck_sh/pico_ws/install/swift_pico_description:/home/duck_sh/pico_ws/install/rotors_swift_interface:/home/duck_sh/pico_ws/install/swift_msgs:/home/duck_sh/pico_ws/install/rotors_swift_gazebo:/home/duck_sh/pico_ws/install/rotors_swift_description:/home/duck_sh/pico_ws/install/rotors_control:/home/duck_sh/pico_ws/install/pid_tune:/home/duck_sh/pico_ws/install/pid_msg:/home/duck_sh/pico_ws/install/mav_comm:/home/duck_sh/pico_ws/install/mav_system_msgs:/home/duck_sh/pico_ws/install/mav_state_machine_msgs:/home/duck_sh/pico_ws/install/mav_planning_msgs:/home/duck_sh/pico_ws/install/mav_msgs:/home/duck_sh/ros2_ws/install/my_cpp_pkg:/home/duck_sh/ros2_ws/install/my_ament_cmake_pkg:/home/duck_sh/turtlebot3_manipulation-humble-devel/install/turtlebot3_manipulation:/home/duck_sh/turtlebot3_manipulation-humble-devel/install/turtlebot3_manipulation_teleop:/home/duck_sh/turtlebot3_manipulation-humble-devel/install/turtlebot3_manipulation_navigation2:/home/duck_sh/turtlebot3_manipulation-humble-devel/install/turtlebot3_manipulation_moveit_config:/home/duck_sh/turtlebot3_manipulation-humble-devel/install/turtlebot3_manipulation_hardware:/home/duck_sh/turtlebot3_manipulation-humble-devel/install/turtlebot3_manipulation_bringup:/home/duck_sh/turtlebot3_manipulation-humble-devel/install/turtlebot3_manipulation_description:/home/duck_sh/turtlebot3_manipulation-humble-devel/install/turtlebot3_manipulation_cartographer:/home/duck_sh/turtlebot3_manipulation-humble-devel/install/ros2_control_test_assets:/home/duck_sh/turtlebot3_manipulation-humble-devel/install/ros2_control_demo_description:/home/duck_sh/turtlebot3_manipulation-humble-devel/install/kinematics_interface_kdl:/home/duck_sh/turtlebot3_manipulation-humble-devel/install/kinematics_interface:/home/duck_sh/turtlebot3_manipulation-humble-devel/install/joint_limits:/home/duck_sh/ros2_ws/install/my_py_pkg:/home/duck_sh/turtlebot3_manipulation-humble-devel/install/ros2_controllers_test_nodes:/opt/ros/humble LD_LIBRARY_PATH=/home/duck_sh/Mobile-Swarm-Navigation/install/turtlebot3_msgs/lib:${LD_LIBRARY_PATH} PYTHONPATH=/home/duck_sh/Mobile-Swarm-Navigation/install/turtlebot3_msgs/local/lib/python3.10/dist-packages:${PYTHONPATH} /usr/bin/cmake /home/duck_sh/Mobile-Swarm-Navigation/src/turtlebot3/turtlebot3_simulations/turtlebot3_fake_node -DCMAKE_INSTALL_PREFIX=/home/duck_sh/Mobile-Swarm-Navigation/install/turtlebot3_fake_node
[0.269s] -- The C compiler identification is GNU 11.4.0
[0.329s] -- The CXX compiler identification is GNU 11.4.0
[0.337s] -- Detecting C compiler ABI info
[0.411s] -- Detecting C compiler ABI info - done
[0.419s] -- Check for working C compiler: /usr/bin/cc - skipped
[0.419s] -- Detecting C compile features
[0.420s] -- Detecting C compile features - done
[0.423s] -- Detecting CXX compiler ABI info
[0.505s] -- Detecting CXX compiler ABI info - done
[0.513s] -- Check for working CXX compiler: /usr/bin/c++ - skipped
[0.513s] -- Detecting CXX compile features
[0.513s] -- Detecting CXX compile features - done
[0.517s] -- Found ament_cmake: 1.3.10 (/opt/ros/humble/share/ament_cmake/cmake)
[0.682s] -- Found Python3: /usr/bin/python3 (found version "3.10.12") found components: Interpreter 
[0.810s] -- Found geometry_msgs: 4.2.4 (/opt/ros/humble/share/geometry_msgs/cmake)
[0.855s] -- Found rosidl_generator_c: 3.1.5 (/opt/ros/humble/share/rosidl_generator_c/cmake)
[0.861s] -- Found rosidl_adapter: 3.1.5 (/opt/ros/humble/share/rosidl_adapter/cmake)
[0.870s] -- Found rosidl_generator_cpp: 3.1.5 (/opt/ros/humble/share/rosidl_generator_cpp/cmake)
[0.883s] -- Using all available rosidl_typesupport_c: rosidl_typesupport_fastrtps_c;rosidl_typesupport_introspection_c
[0.901s] -- Using all available rosidl_typesupport_cpp: rosidl_typesupport_fastrtps_cpp;rosidl_typesupport_introspection_cpp
[0.933s] -- Found nav_msgs: 4.2.4 (/opt/ros/humble/share/nav_msgs/cmake)
[0.946s] -- Found rclcpp: 16.0.10 (/opt/ros/humble/share/rclcpp/cmake)
[0.987s] -- Found rmw_implementation_cmake: 6.1.2 (/opt/ros/humble/share/rmw_implementation_cmake/cmake)
[0.990s] -- Found rmw_fastrtps_cpp: 6.2.7 (/opt/ros/humble/share/rmw_fastrtps_cpp/cmake)
[1.087s] -- Found OpenSSL: /usr/lib/x86_64-linux-gnu/libcrypto.so (found version "3.0.2")  
[1.119s] -- Found FastRTPS: /opt/ros/humble/include  
[1.165s] -- Using RMW implementation 'rmw_fastrtps_cpp' as default
[1.176s] -- Looking for pthread.h
[1.247s] -- Looking for pthread.h - found
[1.247s] -- Performing Test CMAKE_HAVE_LIBC_PTHREAD
[1.317s] -- Performing Test CMAKE_HAVE_LIBC_PTHREAD - Success
[1.318s] -- Found Threads: TRUE  
[1.349s] -- Found sensor_msgs: 4.2.4 (/opt/ros/humble/share/sensor_msgs/cmake)
[1.363s] -- Found tf2: 0.25.8 (/opt/ros/humble/share/tf2/cmake)
[1.375s] -- Found tf2_msgs: 0.25.8 (/opt/ros/humble/share/tf2_msgs/cmake)
[1.409s] -- Found turtlebot3_msgs: 2.2.3 (/home/duck_sh/Mobile-Swarm-Navigation/install/turtlebot3_msgs/share/turtlebot3_msgs/cmake)
[1.498s] -- Configuring done
[1.509s] -- Generating done
[1.511s] -- Build files have been written to: /home/duck_sh/Mobile-Swarm-Navigation/build/turtlebot3_fake_node
[1.523s] Invoked command in '/home/duck_sh/Mobile-Swarm-Navigation/build/turtlebot3_fake_node' returned '0': AMENT_PREFIX_PATH=/home/duck_sh/Mobile-Swarm-Navigation/install/turtlebot3_msgs:${AMENT_PREFIX_PATH} CMAKE_PREFIX_PATH=/home/duck_sh/Mobile-Swarm-Navigation/install/turtlebot3_msgs:/home/duck_sh/pico_ws/install/whycon:/home/duck_sh/pico_ws/install/swift_pico:/home/duck_sh/pico_ws/install/waypoint_navigation:/home/duck_sh/pico_ws/install/swift_pico_description:/home/duck_sh/pico_ws/install/rotors_swift_interface:/home/duck_sh/pico_ws/install/swift_msgs:/home/duck_sh/pico_ws/install/rotors_swift_gazebo:/home/duck_sh/pico_ws/install/rotors_swift_description:/home/duck_sh/pico_ws/install/rotors_control:/home/duck_sh/pico_ws/install/pid_tune:/home/duck_sh/pico_ws/install/pid_msg:/home/duck_sh/pico_ws/install/mav_comm:/home/duck_sh/pico_ws/install/mav_system_msgs:/home/duck_sh/pico_ws/install/mav_state_machine_msgs:/home/duck_sh/pico_ws/install/mav_planning_msgs:/home/duck_sh/pico_ws/install/mav_msgs:/home/duck_sh/ros2_ws/install/my_cpp_pkg:/home/duck_sh/ros2_ws/install/my_ament_cmake_pkg:/home/duck_sh/turtlebot3_manipulation-humble-devel/install/turtlebot3_manipulation:/home/duck_sh/turtlebot3_manipulation-humble-devel/install/turtlebot3_manipulation_teleop:/home/duck_sh/turtlebot3_manipulation-humble-devel/install/turtlebot3_manipulation_navigation2:/home/duck_sh/turtlebot3_manipulation-humble-devel/install/turtlebot3_manipulation_moveit_config:/home/duck_sh/turtlebot3_manipulation-humble-devel/install/turtlebot3_manipulation_hardware:/home/duck_sh/turtlebot3_manipulation-humble-devel/install/turtlebot3_manipulation_bringup:/home/duck_sh/turtlebot3_manipulation-humble-devel/install/turtlebot3_manipulation_description:/home/duck_sh/turtlebot3_manipulation-humble-devel/install/turtlebot3_manipulation_cartographer:/home/duck_sh/turtlebot3_manipulation-humble-devel/install/ros2_control_test_assets:/home/duck_sh/turtlebot3_manipulation-humble-devel/install/ros2_control_demo_description:/home/duck_sh/turtlebot3_manipulation-humble-devel/install/kinematics_interface_kdl:/home/duck_sh/turtlebot3_manipulation-humble-devel/install/kinematics_interface:/home/duck_sh/turtlebot3_manipulation-humble-devel/install/joint_limits:/home/duck_sh/ros2_ws/install/my_py_pkg:/home/duck_sh/turtlebot3_manipulation-humble-devel/install/ros2_controllers_test_nodes:/opt/ros/humble LD_LIBRARY_PATH=/home/duck_sh/Mobile-Swarm-Navigation/install/turtlebot3_msgs/lib:${LD_LIBRARY_PATH} PYTHONPATH=/home/duck_sh/Mobile-Swarm-Navigation/install/turtlebot3_msgs/local/lib/python3.10/dist-packages:${PYTHONPATH} /usr/bin/cmake /home/duck_sh/Mobile-Swarm-Navigation/src/turtlebot3/turtlebot3_simulations/turtlebot3_fake_node -DCMAKE_INSTALL_PREFIX=/home/duck_sh/Mobile-Swarm-Navigation/install/turtlebot3_fake_node
[1.523s] Invoking command in '/home/duck_sh/Mobile-Swarm-Navigation/build/turtlebot3_fake_node': AMENT_PREFIX_PATH=/home/duck_sh/Mobile-Swarm-Navigation/install/turtlebot3_msgs:${AMENT_PREFIX_PATH} CMAKE_PREFIX_PATH=/home/duck_sh/Mobile-Swarm-Navigation/install/turtlebot3_msgs:/home/duck_sh/pico_ws/install/whycon:/home/duck_sh/pico_ws/install/swift_pico:/home/duck_sh/pico_ws/install/waypoint_navigation:/home/duck_sh/pico_ws/install/swift_pico_description:/home/duck_sh/pico_ws/install/rotors_swift_interface:/home/duck_sh/pico_ws/install/swift_msgs:/home/duck_sh/pico_ws/install/rotors_swift_gazebo:/home/duck_sh/pico_ws/install/rotors_swift_description:/home/duck_sh/pico_ws/install/rotors_control:/home/duck_sh/pico_ws/install/pid_tune:/home/duck_sh/pico_ws/install/pid_msg:/home/duck_sh/pico_ws/install/mav_comm:/home/duck_sh/pico_ws/install/mav_system_msgs:/home/duck_sh/pico_ws/install/mav_state_machine_msgs:/home/duck_sh/pico_ws/install/mav_planning_msgs:/home/duck_sh/pico_ws/install/mav_msgs:/home/duck_sh/ros2_ws/install/my_cpp_pkg:/home/duck_sh/ros2_ws/install/my_ament_cmake_pkg:/home/duck_sh/turtlebot3_manipulation-humble-devel/install/turtlebot3_manipulation:/home/duck_sh/turtlebot3_manipulation-humble-devel/install/turtlebot3_manipulation_teleop:/home/duck_sh/turtlebot3_manipulation-humble-devel/install/turtlebot3_manipulation_navigation2:/home/duck_sh/turtlebot3_manipulation-humble-devel/install/turtlebot3_manipulation_moveit_config:/home/duck_sh/turtlebot3_manipulation-humble-devel/install/turtlebot3_manipulation_hardware:/home/duck_sh/turtlebot3_manipulation-humble-devel/install/turtlebot3_manipulation_bringup:/home/duck_sh/turtlebot3_manipulation-humble-devel/install/turtlebot3_manipulation_description:/home/duck_sh/turtlebot3_manipulation-humble-devel/install/turtlebot3_manipulation_cartographer:/home/duck_sh/turtlebot3_manipulation-humble-devel/install/ros2_control_test_assets:/home/duck_sh/turtlebot3_manipulation-humble-devel/install/ros2_control_demo_description:/home/duck_sh/turtlebot3_manipulation-humble-devel/install/kinematics_interface_kdl:/home/duck_sh/turtlebot3_manipulation-humble-devel/install/kinematics_interface:/home/duck_sh/turtlebot3_manipulation-humble-devel/install/joint_limits:/home/duck_sh/ros2_ws/install/my_py_pkg:/home/duck_sh/turtlebot3_manipulation-humble-devel/install/ros2_controllers_test_nodes:/opt/ros/humble LD_LIBRARY_PATH=/home/duck_sh/Mobile-Swarm-Navigation/install/turtlebot3_msgs/lib:${LD_LIBRARY_PATH} PYTHONPATH=/home/duck_sh/Mobile-Swarm-Navigation/install/turtlebot3_msgs/local/lib/python3.10/dist-packages:${PYTHONPATH} /usr/bin/cmake --build /home/duck_sh/Mobile-Swarm-Navigation/build/turtlebot3_fake_node -- -j32 -l32
[1.584s] [ 50%] [32mBuilding CXX object CMakeFiles/turtlebot3_fake_node.dir/src/turtlebot3_fake_node.cpp.o[0m
