[0.019s] Invoking command in '/home/duck_sh/turtlebot3_manipulation-humble-devel/build/kinematics_interface_kdl': CMAKE_PREFIX_PATH=/home/duck_sh/turtlebot3_manipulation-humble-devel/install/ros2_control_test_assets:/home/duck_sh/turtlebot3_manipulation-humble-devel/install/kinematics_interface:/home/duck_sh/pico_ws/install/whycon:/home/duck_sh/pico_ws/install/swift_pico:/home/duck_sh/pico_ws/install/waypoint_navigation:/home/duck_sh/pico_ws/install/swift_pico_description:/home/duck_sh/pico_ws/install/rotors_swift_interface:/home/duck_sh/pico_ws/install/swift_msgs:/home/duck_sh/pico_ws/install/rotors_swift_gazebo:/home/duck_sh/pico_ws/install/rotors_swift_description:/home/duck_sh/pico_ws/install/rotors_control:/home/duck_sh/pico_ws/install/pid_tune:/home/duck_sh/pico_ws/install/pid_msg:/home/duck_sh/pico_ws/install/mav_comm:/home/duck_sh/pico_ws/install/mav_system_msgs:/home/duck_sh/pico_ws/install/mav_state_machine_msgs:/home/duck_sh/pico_ws/install/mav_planning_msgs:/home/duck_sh/pico_ws/install/mav_msgs:/home/duck_sh/ros2_ws/install/my_cpp_pkg:/home/duck_sh/ros2_ws/install/my_ament_cmake_pkg:/home/duck_sh/turtlebot3_manipulation-humble-devel/install/turtlebot3_manipulation:/home/duck_sh/turtlebot3_manipulation-humble-devel/install/turtlebot3_manipulation_teleop:/home/duck_sh/turtlebot3_manipulation-humble-devel/install/turtlebot3_manipulation_navigation2:/home/duck_sh/turtlebot3_manipulation-humble-devel/install/turtlebot3_manipulation_moveit_config:/home/duck_sh/turtlebot3_manipulation-humble-devel/install/turtlebot3_manipulation_hardware:/home/duck_sh/turtlebot3_manipulation-humble-devel/install/turtlebot3_manipulation_bringup:/home/duck_sh/turtlebot3_manipulation-humble-devel/install/turtlebot3_manipulation_description:/home/duck_sh/turtlebot3_manipulation-humble-devel/install/turtlebot3_manipulation_cartographer:/home/duck_sh/turtlebot3_manipulation-humble-devel/install/ros2_control_demo_description:/home/duck_sh/ros2_ws/install/my_py_pkg:/home/duck_sh/turtlebot3_manipulation-humble-devel/install/ros2_controllers_test_nodes:/opt/ros/humble LD_LIBRARY_PATH=/home/duck_sh/turtlebot3_manipulation-humble-devel/install/kinematics_interface/lib:/home/duck_sh/pico_ws/install/whycon/lib:/home/duck_sh/pico_ws/install/waypoint_navigation/lib:/home/duck_sh/pico_ws/install/swift_msgs/lib:/home/duck_sh/pico_ws/install/rotors_control/lib:/home/duck_sh/pico_ws/install/pid_msg/lib:/home/duck_sh/pico_ws/install/mav_system_msgs/lib:/home/duck_sh/pico_ws/install/mav_state_machine_msgs/lib:/home/duck_sh/pico_ws/install/mav_planning_msgs/lib:/home/duck_sh/pico_ws/install/mav_msgs/lib:/home/duck_sh/turtlebot3_manipulation-humble-devel/install/turtlebot3_manipulation_hardware/lib:/usr/lib/x86_64-linux-gnu/gazebo-11/plugins:/opt/ros/humble/opt/rviz_ogre_vendor/lib:/opt/ros/humble/lib/x86_64-linux-gnu:/opt/ros/humble/lib:/usr/local/cuda-12.6/lib64 /usr/bin/cmake /home/duck_sh/turtlebot3_manipulation-humble-devel/ros-controls/kinematics_interface/kinematics_interface_kdl -DCMAKE_INSTALL_PREFIX=/home/duck_sh/turtlebot3_manipulation-humble-devel/install/kinematics_interface_kdl
[0.130s] -- The CXX compiler identification is GNU 11.4.0
[0.137s] -- Detecting CXX compiler ABI info
[0.202s] -- Detecting CXX compiler ABI info - done
[0.206s] -- Check for working CXX compiler: /usr/bin/c++ - skipped
[0.207s] -- Detecting CXX compile features
[0.208s] -- Detecting CXX compile features - done
[0.210s] -- Found ament_cmake: 1.3.10 (/opt/ros/humble/share/ament_cmake/cmake)
[0.334s] -- Found Python3: /usr/bin/python3 (found version "3.10.12") found components: Interpreter 
[0.405s] -- Found kdl_parser: 2.6.4 (/opt/ros/humble/share/kdl_parser/cmake)
[0.422s] -- Found eigen3_cmake_module: 0.1.1 (/opt/ros/humble/share/eigen3_cmake_module/cmake)
[0.423s] -- Found Eigen3: TRUE (found version "3.4.0") 
[0.423s] -- Ensuring Eigen3 include directory is part of orocos-kdl CMake target
[0.430s] -- Found kinematics_interface: 0.3.0 (/home/duck_sh/turtlebot3_manipulation-humble-devel/install/kinematics_interface/share/kinematics_interface/cmake)
[0.463s] -- Found rosidl_generator_c: 3.1.5 (/opt/ros/humble/share/rosidl_generator_c/cmake)
[0.469s] -- Found rosidl_adapter: 3.1.5 (/opt/ros/humble/share/rosidl_adapter/cmake)
[0.476s] -- Found rosidl_generator_cpp: 3.1.5 (/opt/ros/humble/share/rosidl_generator_cpp/cmake)
[0.486s] -- Using all available rosidl_typesupport_c: rosidl_typesupport_fastrtps_c;rosidl_typesupport_introspection_c
[0.500s] -- Using all available rosidl_typesupport_cpp: rosidl_typesupport_fastrtps_cpp;rosidl_typesupport_introspection_cpp
[0.541s] -- Found rmw_implementation_cmake: 6.1.2 (/opt/ros/humble/share/rmw_implementation_cmake/cmake)
[0.545s] -- Found rmw_fastrtps_cpp: 6.2.7 (/opt/ros/humble/share/rmw_fastrtps_cpp/cmake)
[0.625s] -- Found OpenSSL: /usr/lib/x86_64-linux-gnu/libcrypto.so (found version "3.0.2")  
[0.646s] -- Found FastRTPS: /opt/ros/humble/include  
[0.680s] -- Using RMW implementation 'rmw_fastrtps_cpp' as default
[0.688s] -- Looking for C++ include pthread.h
[0.764s] -- Looking for C++ include pthread.h - found
[0.764s] -- Performing Test CMAKE_HAVE_LIBC_PTHREAD
[0.828s] -- Performing Test CMAKE_HAVE_LIBC_PTHREAD - Success
[0.829s] -- Found Threads: TRUE  
[0.880s] -- Found pluginlib: 5.1.0 (/opt/ros/humble/share/pluginlib/cmake)
[0.905s] -- Found tf2_eigen_kdl: 0.25.8 (/opt/ros/humble/share/tf2_eigen_kdl/cmake)
[0.926s] -- Found ament_cmake_gmock: 1.3.10 (/opt/ros/humble/share/ament_cmake_gmock/cmake)
[0.926s] -- Found ros2_control_test_assets: 2.44.0 (/home/duck_sh/turtlebot3_manipulation-humble-devel/install/ros2_control_test_assets/share/ros2_control_test_assets/cmake)
[0.929s] -- Found gmock sources under '/opt/ros/humble/src/gmock_vendor': C++ tests using 'Google Mock' will be built
[1.010s] -- The C compiler identification is GNU 11.4.0
[1.016s] -- Detecting C compiler ABI info
[1.094s] -- Detecting C compiler ABI info - done
[1.104s] -- Check for working C compiler: /usr/bin/cc - skipped
[1.104s] -- Detecting C compile features
[1.105s] -- Detecting C compile features - done
[1.113s] -- Found ament_cmake_gtest: 1.3.10 (/opt/ros/humble/share/ament_cmake_gtest/cmake)
[1.114s] -- Found gtest sources under '/opt/ros/humble/src/gtest_vendor': C++ tests using 'Google Test' will be built
[1.162s] -- Configuring done
[1.176s] -- Generating done
[1.177s] -- Build files have been written to: /home/duck_sh/turtlebot3_manipulation-humble-devel/build/kinematics_interface_kdl
