[0.175s] Invoking command in '/home/duck_sh/Mobile-Swarm-Navigation/build/my_world': CMAKE_PREFIX_PATH=${CMAKE_PREFIX_PATH}:/home/duck_sh/Mobile-Swarm-Navigation/install/turtlebot3_teleop:/home/duck_sh/Mobile-Swarm-Navigation/install/turtlebot3_example:/home/duck_sh/ros2_ws/install/my_py_pkg:/home/duck_sh/turtlebot3_manipulation-humble-devel/install/ros2_controllers_test_nodes:/opt/ros/humble /usr/bin/cmake --build /home/duck_sh/Mobile-Swarm-Navigation/build/my_world -- -j32 -l32
[0.212s] Invoked command in '/home/duck_sh/Mobile-Swarm-Navigation/build/my_world' returned '0': CMAKE_PREFIX_PATH=${CMAKE_PREFIX_PATH}:/home/duck_sh/Mobile-Swarm-Navigation/install/turtlebot3_teleop:/home/duck_sh/Mobile-Swarm-Navigation/install/turtlebot3_example:/home/duck_sh/ros2_ws/install/my_py_pkg:/home/duck_sh/turtlebot3_manipulation-humble-devel/install/ros2_controllers_test_nodes:/opt/ros/humble /usr/bin/cmake --build /home/duck_sh/Mobile-Swarm-Navigation/build/my_world -- -j32 -l32
[0.254s] Invoking command in '/home/duck_sh/Mobile-Swarm-Navigation/build/my_world': CMAKE_PREFIX_PATH=${CMAKE_PREFIX_PATH}:/home/duck_sh/Mobile-Swarm-Navigation/install/turtlebot3_teleop:/home/duck_sh/Mobile-Swarm-Navigation/install/turtlebot3_example:/home/duck_sh/ros2_ws/install/my_py_pkg:/home/duck_sh/turtlebot3_manipulation-humble-devel/install/ros2_controllers_test_nodes:/opt/ros/humble /usr/bin/cmake --install /home/duck_sh/Mobile-Swarm-Navigation/build/my_world
[0.261s] -- Install configuration: ""
[0.261s] -- Up-to-date: /home/duck_sh/Mobile-Swarm-Navigation/install/my_world/share/my_world/launch
[0.262s] -- Up-to-date: /home/duck_sh/Mobile-Swarm-Navigation/install/my_world/share/my_world/launch/bf_world.launch.py
[0.262s] -- Up-to-date: /home/duck_sh/Mobile-Swarm-Navigation/install/my_world/share/my_world/launch/logistics_warehouse.launch
[0.262s] -- Up-to-date: /home/duck_sh/Mobile-Swarm-Navigation/install/my_world/share/my_world/maps
[0.262s] -- Up-to-date: /home/duck_sh/Mobile-Swarm-Navigation/install/my_world/share/my_world/maps/005
[0.262s] -- Up-to-date: /home/duck_sh/Mobile-Swarm-Navigation/install/my_world/share/my_world/maps/005/map_rotated.png
[0.262s] -- Up-to-date: /home/duck_sh/Mobile-Swarm-Navigation/install/my_world/share/my_world/maps/005/map.yaml
[0.262s] -- Up-to-date: /home/duck_sh/Mobile-Swarm-Navigation/install/my_world/share/my_world/maps/005/map_rotated.pgm
[0.262s] -- Up-to-date: /home/duck_sh/Mobile-Swarm-Navigation/install/my_world/share/my_world/maps/005/map.pgm
[0.262s] -- Up-to-date: /home/duck_sh/Mobile-Swarm-Navigation/install/my_world/share/my_world/maps/002
[0.262s] -- Up-to-date: /home/duck_sh/Mobile-Swarm-Navigation/install/my_world/share/my_world/maps/002/map.yaml
[0.262s] -- Up-to-date: /home/duck_sh/Mobile-Swarm-Navigation/install/my_world/share/my_world/maps/002/map.pgm
[0.262s] -- Up-to-date: /home/duck_sh/Mobile-Swarm-Navigation/install/my_world/share/my_world/models
[0.262s] -- Up-to-date: /home/duck_sh/Mobile-Swarm-Navigation/install/my_world/share/my_world/models/aws_robomaker_warehouse_Bucket_01
[0.263s] -- Up-to-date: /home/duck_sh/Mobile-Swarm-Navigation/install/my_world/share/my_world/models/aws_robomaker_warehouse_Bucket_01/model.config
[0.263s] -- Up-to-date: /home/duck_sh/Mobile-Swarm-Navigation/install/my_world/share/my_world/models/aws_robomaker_warehouse_Bucket_01/materials
[0.263s] -- Up-to-date: /home/duck_sh/Mobile-Swarm-Navigation/install/my_world/share/my_world/models/aws_robomaker_warehouse_Bucket_01/materials/.DS_Store
[0.263s] -- Up-to-date: /home/duck_sh/Mobile-Swarm-Navigation/install/my_world/share/my_world/models/aws_robomaker_warehouse_Bucket_01/materials/textures
[0.263s] -- Up-to-date: /home/duck_sh/Mobile-Swarm-Navigation/install/my_world/share/my_world/models/aws_robomaker_warehouse_Bucket_01/materials/textures/aws_robomaker_warehouse_Bucket_01.png
[0.263s] -- Up-to-date: /home/duck_sh/Mobile-Swarm-Navigation/install/my_world/share/my_world/models/aws_robomaker_warehouse_Bucket_01/.DS_Store
[0.263s] -- Up-to-date: /home/duck_sh/Mobile-Swarm-Navigation/install/my_world/share/my_world/models/aws_robomaker_warehouse_Bucket_01/meshes
[0.263s] -- Up-to-date: /home/duck_sh/Mobile-Swarm-Navigation/install/my_world/share/my_world/models/aws_robomaker_warehouse_Bucket_01/meshes/aws_robomaker_warehouse_Bucket_01_collision.DAE
[0.264s] -- Up-to-date: /home/duck_sh/Mobile-Swarm-Navigation/install/my_world/share/my_world/models/aws_robomaker_warehouse_Bucket_01/meshes/aws_robomaker_warehouse_Bucket_01_visual.DAE
[0.264s] -- Up-to-date: /home/duck_sh/Mobile-Swarm-Navigation/install/my_world/share/my_world/models/aws_robomaker_warehouse_Bucket_01/model.sdf
[0.264s] -- Up-to-date: /home/duck_sh/Mobile-Swarm-Navigation/install/my_world/share/my_world/models/aws_robomaker_warehouse_ClutteringC_01
[0.264s] -- Up-to-date: /home/duck_sh/Mobile-Swarm-Navigation/install/my_world/share/my_world/models/aws_robomaker_warehouse_ClutteringC_01/model.config
[0.265s] -- Up-to-date: /home/duck_sh/Mobile-Swarm-Navigation/install/my_world/share/my_world/models/aws_robomaker_warehouse_ClutteringC_01/materials
[0.265s] -- Up-to-date: /home/duck_sh/Mobile-Swarm-Navigation/install/my_world/share/my_world/models/aws_robomaker_warehouse_ClutteringC_01/materials/textures
[0.265s] -- Up-to-date: /home/duck_sh/Mobile-Swarm-Navigation/install/my_world/share/my_world/models/aws_robomaker_warehouse_ClutteringC_01/materials/textures/aws_robomaker_warehouse_ClutteringC_02.png
[0.265s] -- Up-to-date: /home/duck_sh/Mobile-Swarm-Navigation/install/my_world/share/my_world/models/aws_robomaker_warehouse_ClutteringC_01/materials/textures/aws_robomaker_warehouse_ClutteringC_01.png
[0.265s] -- Up-to-date: /home/duck_sh/Mobile-Swarm-Navigation/install/my_world/share/my_world/models/aws_robomaker_warehouse_ClutteringC_01/meshes
[0.265s] -- Up-to-date: /home/duck_sh/Mobile-Swarm-Navigation/install/my_world/share/my_world/models/aws_robomaker_warehouse_ClutteringC_01/meshes/aws_robomaker_warehouse_ClutteringC_01_collision.DAE
[0.265s] -- Up-to-date: /home/duck_sh/Mobile-Swarm-Navigation/install/my_world/share/my_world/models/aws_robomaker_warehouse_ClutteringC_01/meshes/aws_robomaker_warehouse_ClutteringC_01_visual.DAE
[0.265s] -- Up-to-date: /home/duck_sh/Mobile-Swarm-Navigation/install/my_world/share/my_world/models/aws_robomaker_warehouse_ClutteringC_01/model.sdf
[0.265s] -- Up-to-date: /home/duck_sh/Mobile-Swarm-Navigation/install/my_world/share/my_world/models/aws_robomaker_warehouse_ShelfE_01
[0.265s] -- Up-to-date: /home/duck_sh/Mobile-Swarm-Navigation/install/my_world/share/my_world/models/aws_robomaker_warehouse_ShelfE_01/model.config
[0.265s] -- Up-to-date: /home/duck_sh/Mobile-Swarm-Navigation/install/my_world/share/my_world/models/aws_robomaker_warehouse_ShelfE_01/materials
[0.265s] -- Up-to-date: /home/duck_sh/Mobile-Swarm-Navigation/install/my_world/share/my_world/models/aws_robomaker_warehouse_ShelfE_01/materials/textures
[0.265s] -- Up-to-date: /home/duck_sh/Mobile-Swarm-Navigation/install/my_world/share/my_world/models/aws_robomaker_warehouse_ShelfE_01/materials/textures/aws_robomaker_warehouse_ShelfE_02.png
[0.266s] -- Up-to-date: /home/duck_sh/Mobile-Swarm-Navigation/install/my_world/share/my_world/models/aws_robomaker_warehouse_ShelfE_01/materials/textures/aws_robomaker_warehouse_ShelfE_03.png
[0.266s] -- Up-to-date: /home/duck_sh/Mobile-Swarm-Navigation/install/my_world/share/my_world/models/aws_robomaker_warehouse_ShelfE_01/materials/textures/aws_robomaker_warehouse_ShelfE_01.png
[0.266s] -- Up-to-date: /home/duck_sh/Mobile-Swarm-Navigation/install/my_world/share/my_world/models/aws_robomaker_warehouse_ShelfE_01/materials/textures/aws_robomaker_warehouse_ShelfE_04.png
[0.266s] -- Up-to-date: /home/duck_sh/Mobile-Swarm-Navigation/install/my_world/share/my_world/models/aws_robomaker_warehouse_ShelfE_01/meshes
[0.266s] -- Up-to-date: /home/duck_sh/Mobile-Swarm-Navigation/install/my_world/share/my_world/models/aws_robomaker_warehouse_ShelfE_01/meshes/aws_robomaker_warehouse_ShelfE_01_collision.DAE
[0.266s] -- Up-to-date: /home/duck_sh/Mobile-Swarm-Navigation/install/my_world/share/my_world/models/aws_robomaker_warehouse_ShelfE_01/meshes/aws_robomaker_warehouse_ShelfE_01_visual.DAE
[0.266s] -- Up-to-date: /home/duck_sh/Mobile-Swarm-Navigation/install/my_world/share/my_world/models/aws_robomaker_warehouse_ShelfE_01/model.sdf
[0.266s] -- Up-to-date: /home/duck_sh/Mobile-Swarm-Navigation/install/my_world/share/my_world/models/aws_robomaker_warehouse_Lamp_01
[0.266s] -- Up-to-date: /home/duck_sh/Mobile-Swarm-Navigation/install/my_world/share/my_world/models/aws_robomaker_warehouse_Lamp_01/model.config
[0.266s] -- Up-to-date: /home/duck_sh/Mobile-Swarm-Navigation/install/my_world/share/my_world/models/aws_robomaker_warehouse_Lamp_01/materials
[0.266s] -- Up-to-date: /home/duck_sh/Mobile-Swarm-Navigation/install/my_world/share/my_world/models/aws_robomaker_warehouse_Lamp_01/materials/textures
[0.266s] -- Up-to-date: /home/duck_sh/Mobile-Swarm-Navigation/install/my_world/share/my_world/models/aws_robomaker_warehouse_Lamp_01/materials/textures/aws_robomaker_warehouse_Lamp_01.png
[0.266s] -- Up-to-date: /home/duck_sh/Mobile-Swarm-Navigation/install/my_world/share/my_world/models/aws_robomaker_warehouse_Lamp_01/meshes
[0.266s] -- Up-to-date: /home/duck_sh/Mobile-Swarm-Navigation/install/my_world/share/my_world/models/aws_robomaker_warehouse_Lamp_01/meshes/aws_robomaker_warehouse_Lamp_01_visual.DAE
[0.266s] -- Up-to-date: /home/duck_sh/Mobile-Swarm-Navigation/install/my_world/share/my_world/models/aws_robomaker_warehouse_Lamp_01/meshes/aws_robomaker_warehouse_Lamp_01_collision.DAE
[0.267s] -- Up-to-date: /home/duck_sh/Mobile-Swarm-Navigation/install/my_world/share/my_world/models/aws_robomaker_warehouse_Lamp_01/model.sdf
[0.267s] -- Up-to-date: /home/duck_sh/Mobile-Swarm-Navigation/install/my_world/share/my_world/models/aws_robomaker_warehouse_ClutteringD_01
[0.267s] -- Up-to-date: /home/duck_sh/Mobile-Swarm-Navigation/install/my_world/share/my_world/models/aws_robomaker_warehouse_ClutteringD_01/model.config
[0.267s] -- Up-to-date: /home/duck_sh/Mobile-Swarm-Navigation/install/my_world/share/my_world/models/aws_robomaker_warehouse_ClutteringD_01/materials
[0.267s] -- Up-to-date: /home/duck_sh/Mobile-Swarm-Navigation/install/my_world/share/my_world/models/aws_robomaker_warehouse_ClutteringD_01/materials/textures
[0.267s] -- Up-to-date: /home/duck_sh/Mobile-Swarm-Navigation/install/my_world/share/my_world/models/aws_robomaker_warehouse_ClutteringD_01/materials/textures/aws_robomaker_warehouse_ClutteringD_01.png
[0.267s] -- Up-to-date: /home/duck_sh/Mobile-Swarm-Navigation/install/my_world/share/my_world/models/aws_robomaker_warehouse_ClutteringD_01/materials/textures/aws_robomaker_warehouse_ClutteringD_02.png
[0.267s] -- Up-to-date: /home/duck_sh/Mobile-Swarm-Navigation/install/my_world/share/my_world/models/aws_robomaker_warehouse_ClutteringD_01/meshes
[0.267s] -- Up-to-date: /home/duck_sh/Mobile-Swarm-Navigation/install/my_world/share/my_world/models/aws_robomaker_warehouse_ClutteringD_01/meshes/aws_robomaker_warehouse_ClutteringD_01_collision.DAE
[0.267s] -- Up-to-date: /home/duck_sh/Mobile-Swarm-Navigation/install/my_world/share/my_world/models/aws_robomaker_warehouse_ClutteringD_01/meshes/aws_robomaker_warehouse_ClutteringD_01_visual.DAE
[0.267s] -- Up-to-date: /home/duck_sh/Mobile-Swarm-Navigation/install/my_world/share/my_world/models/aws_robomaker_warehouse_ClutteringD_01/model.sdf
[0.267s] -- Up-to-date: /home/duck_sh/Mobile-Swarm-Navigation/install/my_world/share/my_world/models/aws_robomaker_warehouse_GroundB_01
[0.267s] -- Up-to-date: /home/duck_sh/Mobile-Swarm-Navigation/install/my_world/share/my_world/models/aws_robomaker_warehouse_GroundB_01/model.config
[0.267s] -- Up-to-date: /home/duck_sh/Mobile-Swarm-Navigation/install/my_world/share/my_world/models/aws_robomaker_warehouse_GroundB_01/materials
[0.268s] -- Up-to-date: /home/duck_sh/Mobile-Swarm-Navigation/install/my_world/share/my_world/models/aws_robomaker_warehouse_GroundB_01/materials/textures
[0.268s] -- Up-to-date: /home/duck_sh/Mobile-Swarm-Navigation/install/my_world/share/my_world/models/aws_robomaker_warehouse_GroundB_01/materials/textures/aws_robomaker_warehouse_GroundB_01.png
[0.268s] -- Up-to-date: /home/duck_sh/Mobile-Swarm-Navigation/install/my_world/share/my_world/models/aws_robomaker_warehouse_GroundB_01/materials/textures/aws_robomaker_warehouse_GroundB_02.png
[0.268s] -- Up-to-date: /home/duck_sh/Mobile-Swarm-Navigation/install/my_world/share/my_world/models/aws_robomaker_warehouse_GroundB_01/meshes
[0.268s] -- Up-to-date: /home/duck_sh/Mobile-Swarm-Navigation/install/my_world/share/my_world/models/aws_robomaker_warehouse_GroundB_01/meshes/aws_robomaker_warehouse_GroundB_01_visual.DAE
[0.268s] -- Up-to-date: /home/duck_sh/Mobile-Swarm-Navigation/install/my_world/share/my_world/models/aws_robomaker_warehouse_GroundB_01/meshes/aws_robomaker_warehouse_GroundB_01_collision.DAE
[0.268s] -- Up-to-date: /home/duck_sh/Mobile-Swarm-Navigation/install/my_world/share/my_world/models/aws_robomaker_warehouse_GroundB_01/model.sdf
[0.268s] -- Up-to-date: /home/duck_sh/Mobile-Swarm-Navigation/install/my_world/share/my_world/models/aws_robomaker_warehouse_TrashCanC_01
[0.268s] -- Up-to-date: /home/duck_sh/Mobile-Swarm-Navigation/install/my_world/share/my_world/models/aws_robomaker_warehouse_TrashCanC_01/model.config
[0.268s] -- Up-to-date: /home/duck_sh/Mobile-Swarm-Navigation/install/my_world/share/my_world/models/aws_robomaker_warehouse_TrashCanC_01/materials
[0.268s] -- Up-to-date: /home/duck_sh/Mobile-Swarm-Navigation/install/my_world/share/my_world/models/aws_robomaker_warehouse_TrashCanC_01/materials/textures
[0.268s] -- Up-to-date: /home/duck_sh/Mobile-Swarm-Navigation/install/my_world/share/my_world/models/aws_robomaker_warehouse_TrashCanC_01/materials/textures/aws_robomaker_warehouse_TrashCanC_01.png
[0.269s] -- Up-to-date: /home/duck_sh/Mobile-Swarm-Navigation/install/my_world/share/my_world/models/aws_robomaker_warehouse_TrashCanC_01/meshes
[0.269s] -- Up-to-date: /home/duck_sh/Mobile-Swarm-Navigation/install/my_world/share/my_world/models/aws_robomaker_warehouse_TrashCanC_01/meshes/aws_robomaker_warehouse_TrashCanC_01_visual.DAE
[0.269s] -- Up-to-date: /home/duck_sh/Mobile-Swarm-Navigation/install/my_world/share/my_world/models/aws_robomaker_warehouse_TrashCanC_01/meshes/aws_robomaker_warehouse_TrashCanC_01_collision.DAE
[0.269s] -- Up-to-date: /home/duck_sh/Mobile-Swarm-Navigation/install/my_world/share/my_world/models/aws_robomaker_warehouse_TrashCanC_01/model.sdf
[0.269s] -- Up-to-date: /home/duck_sh/Mobile-Swarm-Navigation/install/my_world/share/my_world/models/aws_robomaker_warehouse_DeskC_01
[0.269s] -- Up-to-date: /home/duck_sh/Mobile-Swarm-Navigation/install/my_world/share/my_world/models/aws_robomaker_warehouse_DeskC_01/model.config
[0.269s] -- Up-to-date: /home/duck_sh/Mobile-Swarm-Navigation/install/my_world/share/my_world/models/aws_robomaker_warehouse_DeskC_01/materials
[0.269s] -- Up-to-date: /home/duck_sh/Mobile-Swarm-Navigation/install/my_world/share/my_world/models/aws_robomaker_warehouse_DeskC_01/materials/textures
[0.269s] -- Up-to-date: /home/duck_sh/Mobile-Swarm-Navigation/install/my_world/share/my_world/models/aws_robomaker_warehouse_DeskC_01/materials/textures/aws_robomaker_warehouse_DeskC_03.psd
[0.269s] -- Up-to-date: /home/duck_sh/Mobile-Swarm-Navigation/install/my_world/share/my_world/models/aws_robomaker_warehouse_DeskC_01/materials/textures/aws_robomaker_warehouse_DeskC_03.png
[0.269s] -- Up-to-date: /home/duck_sh/Mobile-Swarm-Navigation/install/my_world/share/my_world/models/aws_robomaker_warehouse_DeskC_01/materials/textures/aws_robomaker_warehouse_DeskC_02.png
[0.269s] -- Up-to-date: /home/duck_sh/Mobile-Swarm-Navigation/install/my_world/share/my_world/models/aws_robomaker_warehouse_DeskC_01/materials/textures/aws_robomaker_warehouse_DeskC_01.png
[0.269s] -- Up-to-date: /home/duck_sh/Mobile-Swarm-Navigation/install/my_world/share/my_world/models/aws_robomaker_warehouse_DeskC_01/materials/textures/aws_robomaker_warehouse_DeskC_04.png
[0.269s] -- Up-to-date: /home/duck_sh/Mobile-Swarm-Navigation/install/my_world/share/my_world/models/aws_robomaker_warehouse_DeskC_01/meshes
[0.269s] -- Up-to-date: /home/duck_sh/Mobile-Swarm-Navigation/install/my_world/share/my_world/models/aws_robomaker_warehouse_DeskC_01/meshes/aws_robomaker_warehouse_DeskC_01_collision.DAE
[0.270s] -- Up-to-date: /home/duck_sh/Mobile-Swarm-Navigation/install/my_world/share/my_world/models/aws_robomaker_warehouse_DeskC_01/meshes/aws_robomaker_warehouse_DeskC_01_visual.DAE
[0.270s] -- Up-to-date: /home/duck_sh/Mobile-Swarm-Navigation/install/my_world/share/my_world/models/aws_robomaker_warehouse_DeskC_01/model.sdf
[0.270s] -- Up-to-date: /home/duck_sh/Mobile-Swarm-Navigation/install/my_world/share/my_world/models/aws_robomaker_warehouse_WallB_01
[0.270s] -- Up-to-date: /home/duck_sh/Mobile-Swarm-Navigation/install/my_world/share/my_world/models/aws_robomaker_warehouse_WallB_01/model.config
[0.270s] -- Up-to-date: /home/duck_sh/Mobile-Swarm-Navigation/install/my_world/share/my_world/models/aws_robomaker_warehouse_WallB_01/materials
[0.270s] -- Up-to-date: /home/duck_sh/Mobile-Swarm-Navigation/install/my_world/share/my_world/models/aws_robomaker_warehouse_WallB_01/materials/textures
[0.270s] -- Up-to-date: /home/duck_sh/Mobile-Swarm-Navigation/install/my_world/share/my_world/models/aws_robomaker_warehouse_WallB_01/materials/textures/aws_robomaker_warehouse_WallB_01.png
[0.270s] -- Up-to-date: /home/duck_sh/Mobile-Swarm-Navigation/install/my_world/share/my_world/models/aws_robomaker_warehouse_WallB_01/meshes
[0.270s] -- Up-to-date: /home/duck_sh/Mobile-Swarm-Navigation/install/my_world/share/my_world/models/aws_robomaker_warehouse_WallB_01/meshes/aws_robomaker_warehouse_WallB_01_visual.DAE
[0.270s] -- Up-to-date: /home/duck_sh/Mobile-Swarm-Navigation/install/my_world/share/my_world/models/aws_robomaker_warehouse_WallB_01/meshes/aws_robomaker_warehouse_WallB_01_collision.DAE
[0.270s] -- Up-to-date: /home/duck_sh/Mobile-Swarm-Navigation/install/my_world/share/my_world/models/aws_robomaker_warehouse_WallB_01/model.sdf
[0.270s] -- Up-to-date: /home/duck_sh/Mobile-Swarm-Navigation/install/my_world/share/my_world/models/aws_robomaker_warehouse_ShelfD_01
[0.270s] -- Up-to-date: /home/duck_sh/Mobile-Swarm-Navigation/install/my_world/share/my_world/models/aws_robomaker_warehouse_ShelfD_01/model.config
[0.270s] -- Up-to-date: /home/duck_sh/Mobile-Swarm-Navigation/install/my_world/share/my_world/models/aws_robomaker_warehouse_ShelfD_01/materials
[0.270s] -- Up-to-date: /home/duck_sh/Mobile-Swarm-Navigation/install/my_world/share/my_world/models/aws_robomaker_warehouse_ShelfD_01/materials/textures
[0.271s] -- Up-to-date: /home/duck_sh/Mobile-Swarm-Navigation/install/my_world/share/my_world/models/aws_robomaker_warehouse_ShelfD_01/materials/textures/aws_robomaker_warehouse_ShelfD_01.png
[0.271s] -- Up-to-date: /home/duck_sh/Mobile-Swarm-Navigation/install/my_world/share/my_world/models/aws_robomaker_warehouse_ShelfD_01/materials/textures/aws_robomaker_warehouse_ShelfD_04.png
[0.271s] -- Up-to-date: /home/duck_sh/Mobile-Swarm-Navigation/install/my_world/share/my_world/models/aws_robomaker_warehouse_ShelfD_01/materials/textures/aws_robomaker_warehouse_ShelfD_02.png
[0.271s] -- Up-to-date: /home/duck_sh/Mobile-Swarm-Navigation/install/my_world/share/my_world/models/aws_robomaker_warehouse_ShelfD_01/materials/textures/aws_robomaker_warehouse_ShelfD_03.png
[0.271s] -- Up-to-date: /home/duck_sh/Mobile-Swarm-Navigation/install/my_world/share/my_world/models/aws_robomaker_warehouse_ShelfD_01/meshes
[0.271s] -- Up-to-date: /home/duck_sh/Mobile-Swarm-Navigation/install/my_world/share/my_world/models/aws_robomaker_warehouse_ShelfD_01/meshes/aws_robomaker_warehouse_ShelfD_01_visual.DAE
[0.271s] -- Up-to-date: /home/duck_sh/Mobile-Swarm-Navigation/install/my_world/share/my_world/models/aws_robomaker_warehouse_ShelfD_01/meshes/aws_robomaker_warehouse_ShelfD_01_collision.DAE
[0.271s] -- Up-to-date: /home/duck_sh/Mobile-Swarm-Navigation/install/my_world/share/my_world/models/aws_robomaker_warehouse_ShelfD_01/model.sdf
[0.272s] -- Up-to-date: /home/duck_sh/Mobile-Swarm-Navigation/install/my_world/share/my_world/models/aws_robomaker_warehouse_RoofB_01
[0.272s] -- Up-to-date: /home/duck_sh/Mobile-Swarm-Navigation/install/my_world/share/my_world/models/aws_robomaker_warehouse_RoofB_01/model.config
[0.272s] -- Up-to-date: /home/duck_sh/Mobile-Swarm-Navigation/install/my_world/share/my_world/models/aws_robomaker_warehouse_RoofB_01/materials
[0.272s] -- Up-to-date: /home/duck_sh/Mobile-Swarm-Navigation/install/my_world/share/my_world/models/aws_robomaker_warehouse_RoofB_01/materials/textures
[0.272s] -- Up-to-date: /home/duck_sh/Mobile-Swarm-Navigation/install/my_world/share/my_world/models/aws_robomaker_warehouse_RoofB_01/materials/textures/aws_robomaker_warehouse_RoofB_01.png
[0.272s] -- Up-to-date: /home/duck_sh/Mobile-Swarm-Navigation/install/my_world/share/my_world/models/aws_robomaker_warehouse_RoofB_01/meshes
[0.272s] -- Up-to-date: /home/duck_sh/Mobile-Swarm-Navigation/install/my_world/share/my_world/models/aws_robomaker_warehouse_RoofB_01/meshes/aws_robomaker_warehouse_RoofB_01_visual.DAE
[0.272s] -- Up-to-date: /home/duck_sh/Mobile-Swarm-Navigation/install/my_world/share/my_world/models/aws_robomaker_warehouse_RoofB_01/meshes/aws_robomaker_warehouse_RoofB_01_collision.DAE
[0.272s] -- Up-to-date: /home/duck_sh/Mobile-Swarm-Navigation/install/my_world/share/my_world/models/aws_robomaker_warehouse_RoofB_01/model.sdf
[0.272s] -- Up-to-date: /home/duck_sh/Mobile-Swarm-Navigation/install/my_world/share/my_world/models/aws_robomaker_warehouse_ClutteringA_01
[0.272s] -- Up-to-date: /home/duck_sh/Mobile-Swarm-Navigation/install/my_world/share/my_world/models/aws_robomaker_warehouse_ClutteringA_01/model.config
[0.273s] -- Up-to-date: /home/duck_sh/Mobile-Swarm-Navigation/install/my_world/share/my_world/models/aws_robomaker_warehouse_ClutteringA_01/materials
[0.273s] -- Up-to-date: /home/duck_sh/Mobile-Swarm-Navigation/install/my_world/share/my_world/models/aws_robomaker_warehouse_ClutteringA_01/materials/textures
[0.273s] -- Up-to-date: /home/duck_sh/Mobile-Swarm-Navigation/install/my_world/share/my_world/models/aws_robomaker_warehouse_ClutteringA_01/materials/textures/aws_robomaker_warehouse_ClutteringA_03.png
[0.273s] -- Up-to-date: /home/duck_sh/Mobile-Swarm-Navigation/install/my_world/share/my_world/models/aws_robomaker_warehouse_ClutteringA_01/materials/textures/aws_robomaker_warehouse_ClutteringA_02.png
[0.273s] -- Up-to-date: /home/duck_sh/Mobile-Swarm-Navigation/install/my_world/share/my_world/models/aws_robomaker_warehouse_ClutteringA_01/materials/textures/aws_robomaker_warehouse_ClutteringA_01.png
[0.273s] -- Up-to-date: /home/duck_sh/Mobile-Swarm-Navigation/install/my_world/share/my_world/models/aws_robomaker_warehouse_ClutteringA_01/meshes
[0.273s] -- Up-to-date: /home/duck_sh/Mobile-Swarm-Navigation/install/my_world/share/my_world/models/aws_robomaker_warehouse_ClutteringA_01/meshes/aws_robomaker_warehouse_ClutteringA_01_collision.DAE
[0.273s] -- Up-to-date: /home/duck_sh/Mobile-Swarm-Navigation/install/my_world/share/my_world/models/aws_robomaker_warehouse_ClutteringA_01/meshes/aws_robomaker_warehouse_ClutteringA_01_visual.DAE
[0.273s] -- Up-to-date: /home/duck_sh/Mobile-Swarm-Navigation/install/my_world/share/my_world/models/aws_robomaker_warehouse_ClutteringA_01/model.sdf
[0.273s] -- Up-to-date: /home/duck_sh/Mobile-Swarm-Navigation/install/my_world/share/my_world/models/aws_robomaker_warehouse_ShelfF_01
[0.273s] -- Up-to-date: /home/duck_sh/Mobile-Swarm-Navigation/install/my_world/share/my_world/models/aws_robomaker_warehouse_ShelfF_01/model.config
[0.273s] -- Up-to-date: /home/duck_sh/Mobile-Swarm-Navigation/install/my_world/share/my_world/models/aws_robomaker_warehouse_ShelfF_01/materials
[0.273s] -- Up-to-date: /home/duck_sh/Mobile-Swarm-Navigation/install/my_world/share/my_world/models/aws_robomaker_warehouse_ShelfF_01/materials/textures
[0.273s] -- Up-to-date: /home/duck_sh/Mobile-Swarm-Navigation/install/my_world/share/my_world/models/aws_robomaker_warehouse_ShelfF_01/materials/textures/aws_robomaker_warehouse_ShelfF_02.png
[0.274s] -- Up-to-date: /home/duck_sh/Mobile-Swarm-Navigation/install/my_world/share/my_world/models/aws_robomaker_warehouse_ShelfF_01/materials/textures/aws_robomaker_warehouse_ShelfF_01.png
[0.274s] -- Up-to-date: /home/duck_sh/Mobile-Swarm-Navigation/install/my_world/share/my_world/models/aws_robomaker_warehouse_ShelfF_01/materials/textures/aws_robomaker_warehouse_ShelfF_03.png
[0.274s] -- Up-to-date: /home/duck_sh/Mobile-Swarm-Navigation/install/my_world/share/my_world/models/aws_robomaker_warehouse_ShelfF_01/meshes
[0.274s] -- Up-to-date: /home/duck_sh/Mobile-Swarm-Navigation/install/my_world/share/my_world/models/aws_robomaker_warehouse_ShelfF_01/meshes/aws_robomaker_warehouse_ShelfF_01_visual.DAE
[0.274s] -- Up-to-date: /home/duck_sh/Mobile-Swarm-Navigation/install/my_world/share/my_world/models/aws_robomaker_warehouse_ShelfF_01/meshes/aws_robomaker_warehouse_ShelfF_01_collision.DAE
[0.274s] -- Up-to-date: /home/duck_sh/Mobile-Swarm-Navigation/install/my_world/share/my_world/models/aws_robomaker_warehouse_ShelfF_01/model.sdf
[0.274s] -- Up-to-date: /home/duck_sh/Mobile-Swarm-Navigation/install/my_world/share/my_world/models/aws_robomaker_warehouse_PalletJackB_01
[0.274s] -- Up-to-date: /home/duck_sh/Mobile-Swarm-Navigation/install/my_world/share/my_world/models/aws_robomaker_warehouse_PalletJackB_01/model.config
[0.274s] -- Up-to-date: /home/duck_sh/Mobile-Swarm-Navigation/install/my_world/share/my_world/models/aws_robomaker_warehouse_PalletJackB_01/materials
[0.274s] -- Up-to-date: /home/duck_sh/Mobile-Swarm-Navigation/install/my_world/share/my_world/models/aws_robomaker_warehouse_PalletJackB_01/materials/textures
[0.274s] -- Up-to-date: /home/duck_sh/Mobile-Swarm-Navigation/install/my_world/share/my_world/models/aws_robomaker_warehouse_PalletJackB_01/materials/textures/aws_robomaker_warehouse_PalletJackB_01.png
[0.274s] -- Up-to-date: /home/duck_sh/Mobile-Swarm-Navigation/install/my_world/share/my_world/models/aws_robomaker_warehouse_PalletJackB_01/materials/textures/aws_robomaker_warehouse_PalletJackB_02.png
[0.274s] -- Up-to-date: /home/duck_sh/Mobile-Swarm-Navigation/install/my_world/share/my_world/models/aws_robomaker_warehouse_PalletJackB_01/meshes
[0.274s] -- Up-to-date: /home/duck_sh/Mobile-Swarm-Navigation/install/my_world/share/my_world/models/aws_robomaker_warehouse_PalletJackB_01/meshes/aws_robomaker_warehouse_PalletJackB_01_visual.DAE
[0.274s] -- Up-to-date: /home/duck_sh/Mobile-Swarm-Navigation/install/my_world/share/my_world/models/aws_robomaker_warehouse_PalletJackB_01/meshes/aws_robomaker_warehouse_PalletJackB_01_collision.DAE
[0.274s] -- Up-to-date: /home/duck_sh/Mobile-Swarm-Navigation/install/my_world/share/my_world/models/aws_robomaker_warehouse_PalletJackB_01/model.sdf
[0.274s] -- Up-to-date: /home/duck_sh/Mobile-Swarm-Navigation/install/my_world/share/my_world/rviz
[0.275s] -- Up-to-date: /home/duck_sh/Mobile-Swarm-Navigation/install/my_world/share/my_world/rviz/basic_data.rviz
[0.275s] -- Up-to-date: /home/duck_sh/Mobile-Swarm-Navigation/install/my_world/share/my_world/worlds
[0.275s] -- Up-to-date: /home/duck_sh/Mobile-Swarm-Navigation/install/my_world/share/my_world/worlds/warehouse.world
[0.275s] -- Up-to-date: /home/duck_sh/Mobile-Swarm-Navigation/install/my_world/share/ament_index/resource_index/package_run_dependencies/my_world
[0.275s] -- Up-to-date: /home/duck_sh/Mobile-Swarm-Navigation/install/my_world/share/ament_index/resource_index/parent_prefix_path/my_world
[0.275s] -- Up-to-date: /home/duck_sh/Mobile-Swarm-Navigation/install/my_world/share/my_world/environment/ament_prefix_path.sh
[0.275s] -- Up-to-date: /home/duck_sh/Mobile-Swarm-Navigation/install/my_world/share/my_world/environment/ament_prefix_path.dsv
[0.275s] -- Up-to-date: /home/duck_sh/Mobile-Swarm-Navigation/install/my_world/share/my_world/environment/path.sh
[0.275s] -- Up-to-date: /home/duck_sh/Mobile-Swarm-Navigation/install/my_world/share/my_world/environment/path.dsv
[0.275s] -- Up-to-date: /home/duck_sh/Mobile-Swarm-Navigation/install/my_world/share/my_world/local_setup.bash
[0.275s] -- Up-to-date: /home/duck_sh/Mobile-Swarm-Navigation/install/my_world/share/my_world/local_setup.sh
[0.275s] -- Up-to-date: /home/duck_sh/Mobile-Swarm-Navigation/install/my_world/share/my_world/local_setup.zsh
[0.275s] -- Up-to-date: /home/duck_sh/Mobile-Swarm-Navigation/install/my_world/share/my_world/local_setup.dsv
[0.275s] -- Installing: /home/duck_sh/Mobile-Swarm-Navigation/install/my_world/share/my_world/package.dsv
[0.275s] -- Up-to-date: /home/duck_sh/Mobile-Swarm-Navigation/install/my_world/share/ament_index/resource_index/packages/my_world
[0.276s] -- Up-to-date: /home/duck_sh/Mobile-Swarm-Navigation/install/my_world/share/my_world/cmake/my_worldConfig.cmake
[0.276s] -- Up-to-date: /home/duck_sh/Mobile-Swarm-Navigation/install/my_world/share/my_world/cmake/my_worldConfig-version.cmake
[0.276s] -- Up-to-date: /home/duck_sh/Mobile-Swarm-Navigation/install/my_world/share/my_world/package.xml
[0.292s] Invoked command in '/home/duck_sh/Mobile-Swarm-Navigation/build/my_world' returned '0': CMAKE_PREFIX_PATH=${CMAKE_PREFIX_PATH}:/home/duck_sh/Mobile-Swarm-Navigation/install/turtlebot3_teleop:/home/duck_sh/Mobile-Swarm-Navigation/install/turtlebot3_example:/home/duck_sh/ros2_ws/install/my_py_pkg:/home/duck_sh/turtlebot3_manipulation-humble-devel/install/ros2_controllers_test_nodes:/opt/ros/humble /usr/bin/cmake --install /home/duck_sh/Mobile-Swarm-Navigation/build/my_world
