[35m[1mConsolidate compiler generated dependencies of target turtlebot3_drive[0m
[35m[1mConsolidate compiler generated dependencies of target obstacles[0m
[35m[1mConsolidate compiler generated dependencies of target obstacle1[0m
[35m[1mConsolidate compiler generated dependencies of target obstacle2[0m
[ 25%] Built target turtlebot3_drive
[ 50%] Built target obstacles
[100%] Built target obstacle2
[100%] Built target obstacle1
-- Install configuration: ""
-- Installing: /home/pacman/tortoisebot_rb/install/turtlebot3_gazebo/lib/turtlebot3_gazebo/turtlebot3_drive
-- Set runtime path of "/home/pacman/tortoisebot_rb/install/turtlebot3_gazebo/lib/turtlebot3_gazebo/turtlebot3_drive" to ""
-- Installing: /home/pacman/tortoisebot_rb/install/turtlebot3_gazebo/share/turtlebot3_gazebo//launch
-- Installing: /home/pacman/tortoisebot_rb/install/turtlebot3_gazebo/share/turtlebot3_gazebo//launch/empty_world.launch.py
-- Installing: /home/pacman/tortoisebot_rb/install/turtlebot3_gazebo/share/turtlebot3_gazebo//launch/map_maker_final_launch.py
-- Installing: /home/pacman/tortoisebot_rb/install/turtlebot3_gazebo/share/turtlebot3_gazebo//launch/xacro_robot_state_publisher.launch.py
-- Installing: /home/pacman/tortoisebot_rb/install/turtlebot3_gazebo/share/turtlebot3_gazebo//launch/.posegraph
-- Installing: /home/pacman/tortoisebot_rb/install/turtlebot3_gazebo/share/turtlebot3_gazebo//launch/frames_2024-12-03_19.45.25.gv
-- Installing: /home/pacman/tortoisebot_rb/install/turtlebot3_gazebo/share/turtlebot3_gazebo//launch/map_explorer.py
-- Installing: /home/pacman/tortoisebot_rb/install/turtlebot3_gazebo/share/turtlebot3_gazebo//launch/map_1732617810.yaml
-- Installing: /home/pacman/tortoisebot_rb/install/turtlebot3_gazebo/share/turtlebot3_gazebo//launch/rsp.launch.py
-- Installing: /home/pacman/tortoisebot_rb/install/turtlebot3_gazebo/share/turtlebot3_gazebo//launch/my_map.yaml
-- Installing: /home/pacman/tortoisebot_rb/install/turtlebot3_gazebo/share/turtlebot3_gazebo//launch/frames_2024-12-03_19.47.00.pdf
-- Installing: /home/pacman/tortoisebot_rb/install/turtlebot3_gazebo/share/turtlebot3_gazebo//launch/my_car_sim.launch.py
-- Installing: /home/pacman/tortoisebot_rb/install/turtlebot3_gazebo/share/turtlebot3_gazebo//launch/__pycache__
-- Installing: /home/pacman/tortoisebot_rb/install/turtlebot3_gazebo/share/turtlebot3_gazebo//launch/__pycache__/nav2_costmap.launch.cpython-310.pyc
-- Installing: /home/pacman/tortoisebot_rb/install/turtlebot3_gazebo/share/turtlebot3_gazebo//launch/__pycache__/gazebo_multi_nav2_world.launch.cpython-310.pyc
-- Installing: /home/pacman/tortoisebot_rb/install/turtlebot3_gazebo/share/turtlebot3_gazebo//launch/__pycache__/navigation_launch.cpython-310.pyc
-- Installing: /home/pacman/tortoisebot_rb/install/turtlebot3_gazebo/share/turtlebot3_gazebo//launch/map_and_nav2_trial_1.py
-- Installing: /home/pacman/tortoisebot_rb/install/turtlebot3_gazebo/share/turtlebot3_gazebo//launch/turtlebot3_dqn_stage1.launch.py
-- Installing: /home/pacman/tortoisebot_rb/install/turtlebot3_gazebo/share/turtlebot3_gazebo//launch/hospital_map_final.yaml
-- Installing: /home/pacman/tortoisebot_rb/install/turtlebot3_gazebo/share/turtlebot3_gazebo//launch/frames_2024-12-03_19.38.14.pdf
-- Installing: /home/pacman/tortoisebot_rb/install/turtlebot3_gazebo/share/turtlebot3_gazebo//launch/my_map_2.pgm
-- Installing: /home/pacman/tortoisebot_rb/install/turtlebot3_gazebo/share/turtlebot3_gazebo//launch/navigation_launch.py
-- Installing: /home/pacman/tortoisebot_rb/install/turtlebot3_gazebo/share/turtlebot3_gazebo//launch/turtleworld.pgm
-- Installing: /home/pacman/tortoisebot_rb/install/turtlebot3_gazebo/share/turtlebot3_gazebo//launch/localization_launch.py
-- Installing: /home/pacman/tortoisebot_rb/install/turtlebot3_gazebo/share/turtlebot3_gazebo//launch/xacro_spawn.launch.py
-- Installing: /home/pacman/tortoisebot_rb/install/turtlebot3_gazebo/share/turtlebot3_gazebo//launch/xacro_launch.py
-- Installing: /home/pacman/tortoisebot_rb/install/turtlebot3_gazebo/share/turtlebot3_gazebo//launch/map_and_nav2_final_launch.py
-- Installing: /home/pacman/tortoisebot_rb/install/turtlebot3_gazebo/share/turtlebot3_gazebo//launch/map_and_nav2_launch.py
-- Installing: /home/pacman/tortoisebot_rb/install/turtlebot3_gazebo/share/turtlebot3_gazebo//launch/nav2_bringup
-- Installing: /home/pacman/tortoisebot_rb/install/turtlebot3_gazebo/share/turtlebot3_gazebo//launch/nav2_bringup/navigation_launch.py
-- Installing: /home/pacman/tortoisebot_rb/install/turtlebot3_gazebo/share/turtlebot3_gazebo//launch/nav2_bringup/localization_launch.py
-- Installing: /home/pacman/tortoisebot_rb/install/turtlebot3_gazebo/share/turtlebot3_gazebo//launch/nav2_bringup/rviz_launch.py
-- Installing: /home/pacman/tortoisebot_rb/install/turtlebot3_gazebo/share/turtlebot3_gazebo//launch/nav2_bringup/bringup_launch.py
-- Installing: /home/pacman/tortoisebot_rb/install/turtlebot3_gazebo/share/turtlebot3_gazebo//launch/nav2_bringup/slam_launch.py
-- Installing: /home/pacman/tortoisebot_rb/install/turtlebot3_gazebo/share/turtlebot3_gazebo//launch/turtlebot3_dqn_stage4.launch.py
-- Installing: /home/pacman/tortoisebot_rb/install/turtlebot3_gazebo/share/turtlebot3_gazebo//launch/my_launch_para.launch.py
-- Installing: /home/pacman/tortoisebot_rb/install/turtlebot3_gazebo/share/turtlebot3_gazebo//launch/turtlebot3_house.launch.py
-- Installing: /home/pacman/tortoisebot_rb/install/turtlebot3_gazebo/share/turtlebot3_gazebo//launch/xacro_spawn_1.launch.py
-- Installing: /home/pacman/tortoisebot_rb/install/turtlebot3_gazebo/share/turtlebot3_gazebo//launch/spawn_turtlebot3.launch.py
-- Installing: /home/pacman/tortoisebot_rb/install/turtlebot3_gazebo/share/turtlebot3_gazebo//launch/turtlebot3_dqn_stage2.launch.py
-- Installing: /home/pacman/tortoisebot_rb/install/turtlebot3_gazebo/share/turtlebot3_gazebo//launch/my_launch_file.py
-- Installing: /home/pacman/tortoisebot_rb/install/turtlebot3_gazebo/share/turtlebot3_gazebo//launch/turtleworld.yaml
-- Installing: /home/pacman/tortoisebot_rb/install/turtlebot3_gazebo/share/turtlebot3_gazebo//launch/turtlebot3_dqn_stage3.launch.py
-- Installing: /home/pacman/tortoisebot_rb/install/turtlebot3_gazebo/share/turtlebot3_gazebo//launch/my_map_1.yaml
-- Installing: /home/pacman/tortoisebot_rb/install/turtlebot3_gazebo/share/turtlebot3_gazebo//launch/turtlebot3_world.launch.py
-- Installing: /home/pacman/tortoisebot_rb/install/turtlebot3_gazebo/share/turtlebot3_gazebo//launch/robot_state_publisher.launch.py
-- Installing: /home/pacman/tortoisebot_rb/install/turtlebot3_gazebo/share/turtlebot3_gazebo//launch/rviz_launch.py
-- Installing: /home/pacman/tortoisebot_rb/install/turtlebot3_gazebo/share/turtlebot3_gazebo//launch/my_launch.launch.py
-- Installing: /home/pacman/tortoisebot_rb/install/turtlebot3_gazebo/share/turtlebot3_gazebo//launch/my_map_2.yaml
-- Installing: /home/pacman/tortoisebot_rb/install/turtlebot3_gazebo/share/turtlebot3_gazebo//launch/map_and_nav2_trial_2.py
-- Installing: /home/pacman/tortoisebot_rb/install/turtlebot3_gazebo/share/turtlebot3_gazebo//launch/bringup_launch.py
-- Installing: /home/pacman/tortoisebot_rb/install/turtlebot3_gazebo/share/turtlebot3_gazebo//launch/nav2_costmap.launch.py
-- Installing: /home/pacman/tortoisebot_rb/install/turtlebot3_gazebo/share/turtlebot3_gazebo//launch/my_spawner.launch.py
-- Installing: /home/pacman/tortoisebot_rb/install/turtlebot3_gazebo/share/turtlebot3_gazebo//launch/simple_launch.py
-- Installing: /home/pacman/tortoisebot_rb/install/turtlebot3_gazebo/share/turtlebot3_gazebo//launch/frames_2024-12-03_19.36.53.pdf
-- Installing: /home/pacman/tortoisebot_rb/install/turtlebot3_gazebo/share/turtlebot3_gazebo//launch/cloned_multi_tb3_simulation_launch.py
-- Installing: /home/pacman/tortoisebot_rb/install/turtlebot3_gazebo/share/turtlebot3_gazebo//launch/my_map_1.pgm
-- Installing: /home/pacman/tortoisebot_rb/install/turtlebot3_gazebo/share/turtlebot3_gazebo//launch/my_robot_state_publisher.launch.py
-- Installing: /home/pacman/tortoisebot_rb/install/turtlebot3_gazebo/share/turtlebot3_gazebo//launch/map_1732617810.pgm
-- Installing: /home/pacman/tortoisebot_rb/install/turtlebot3_gazebo/share/turtlebot3_gazebo//launch/frames_2024-12-03_19.38.14.gv
-- Installing: /home/pacman/tortoisebot_rb/install/turtlebot3_gazebo/share/turtlebot3_gazebo//launch/map_merger_launch.py
-- Installing: /home/pacman/tortoisebot_rb/install/turtlebot3_gazebo/share/turtlebot3_gazebo//launch/frames_2024-12-03_19.43.33.pdf
-- Installing: /home/pacman/tortoisebot_rb/install/turtlebot3_gazebo/share/turtlebot3_gazebo//launch/unique_multi_tb3_simulation_launch.py
-- Installing: /home/pacman/tortoisebot_rb/install/turtlebot3_gazebo/share/turtlebot3_gazebo//launch/small-warehouse-map.pgm
-- Installing: /home/pacman/tortoisebot_rb/install/turtlebot3_gazebo/share/turtlebot3_gazebo//launch/frames_2024-12-03_19.47.00.gv
-- Installing: /home/pacman/tortoisebot_rb/install/turtlebot3_gazebo/share/turtlebot3_gazebo//launch/mygazebo.launch.py
-- Installing: /home/pacman/tortoisebot_rb/install/turtlebot3_gazebo/share/turtlebot3_gazebo//launch/small-warehouse-map.yaml
-- Installing: /home/pacman/tortoisebot_rb/install/turtlebot3_gazebo/share/turtlebot3_gazebo//launch/meta_data
-- Installing: /home/pacman/tortoisebot_rb/install/turtlebot3_gazebo/share/turtlebot3_gazebo//launch/map_maker_final_new_launch.py
-- Installing: /home/pacman/tortoisebot_rb/install/turtlebot3_gazebo/share/turtlebot3_gazebo//launch/.data
-- Installing: /home/pacman/tortoisebot_rb/install/turtlebot3_gazebo/share/turtlebot3_gazebo//launch/frames_2024-12-03_19.43.33.gv
-- Installing: /home/pacman/tortoisebot_rb/install/turtlebot3_gazebo/share/turtlebot3_gazebo//launch/map_maker_launch_1.py
-- Installing: /home/pacman/tortoisebot_rb/install/turtlebot3_gazebo/share/turtlebot3_gazebo//launch/frames_2024-12-03_19.45.25.pdf
-- Installing: /home/pacman/tortoisebot_rb/install/turtlebot3_gazebo/share/turtlebot3_gazebo//launch/frames_2024-12-03_19.36.53.gv
-- Installing: /home/pacman/tortoisebot_rb/install/turtlebot3_gazebo/share/turtlebot3_gazebo//launch/gazebo_multi_nav2_world.launch.py
-- Installing: /home/pacman/tortoisebot_rb/install/turtlebot3_gazebo/share/turtlebot3_gazebo//launch/turtlebotworld.posegraph
-- Installing: /home/pacman/tortoisebot_rb/install/turtlebot3_gazebo/share/turtlebot3_gazebo//launch/slam_launch.py
-- Installing: /home/pacman/tortoisebot_rb/install/turtlebot3_gazebo/share/turtlebot3_gazebo//launch/my_map.pgm
-- Installing: /home/pacman/tortoisebot_rb/install/turtlebot3_gazebo/share/turtlebot3_gazebo//launch/hospital_map_final.pgm
-- Installing: /home/pacman/tortoisebot_rb/install/turtlebot3_gazebo/share/turtlebot3_gazebo//launch/my_world_launch.py
-- Installing: /home/pacman/tortoisebot_rb/install/turtlebot3_gazebo/share/turtlebot3_gazebo//launch/map_and_nav_launch.py
-- Installing: /home/pacman/tortoisebot_rb/install/turtlebot3_gazebo/share/turtlebot3_gazebo//launch/tb3_simulation_launch.py
-- Installing: /home/pacman/tortoisebot_rb/install/turtlebot3_gazebo/share/turtlebot3_gazebo//launch/turtlebotworld.data
-- Installing: /home/pacman/tortoisebot_rb/install/turtlebot3_gazebo/share/turtlebot3_gazebo//models
-- Installing: /home/pacman/tortoisebot_rb/install/turtlebot3_gazebo/share/turtlebot3_gazebo//models/turtlebot3_house
-- Installing: /home/pacman/tortoisebot_rb/install/turtlebot3_gazebo/share/turtlebot3_gazebo//models/turtlebot3_house/model.sdf
-- Installing: /home/pacman/tortoisebot_rb/install/turtlebot3_gazebo/share/turtlebot3_gazebo//models/turtlebot3_house/model.config
-- Installing: /home/pacman/tortoisebot_rb/install/turtlebot3_gazebo/share/turtlebot3_gazebo//models/turtlebot3_waffle
-- Installing: /home/pacman/tortoisebot_rb/install/turtlebot3_gazebo/share/turtlebot3_gazebo//models/turtlebot3_waffle/model.sdf
-- Installing: /home/pacman/tortoisebot_rb/install/turtlebot3_gazebo/share/turtlebot3_gazebo//models/turtlebot3_waffle/model.config
-- Installing: /home/pacman/tortoisebot_rb/install/turtlebot3_gazebo/share/turtlebot3_gazebo//models/turtlebot3_waffle/model-1_4.sdf
-- Installing: /home/pacman/tortoisebot_rb/install/turtlebot3_gazebo/share/turtlebot3_gazebo//models/turtlebot3_world
-- Installing: /home/pacman/tortoisebot_rb/install/turtlebot3_gazebo/share/turtlebot3_gazebo//models/turtlebot3_world/model.sdf
-- Installing: /home/pacman/tortoisebot_rb/install/turtlebot3_gazebo/share/turtlebot3_gazebo//models/turtlebot3_world/model.config
-- Installing: /home/pacman/tortoisebot_rb/install/turtlebot3_gazebo/share/turtlebot3_gazebo//models/turtlebot3_world/meshes
-- Installing: /home/pacman/tortoisebot_rb/install/turtlebot3_gazebo/share/turtlebot3_gazebo//models/turtlebot3_world/meshes/wall.dae
-- Installing: /home/pacman/tortoisebot_rb/install/turtlebot3_gazebo/share/turtlebot3_gazebo//models/turtlebot3_world/meshes/hexagon.dae
-- Installing: /home/pacman/tortoisebot_rb/install/turtlebot3_gazebo/share/turtlebot3_gazebo//models/turtlebot3_world/model-1_4.sdf
-- Installing: /home/pacman/tortoisebot_rb/install/turtlebot3_gazebo/share/turtlebot3_gazebo//models/turtlebot3_common
-- Installing: /home/pacman/tortoisebot_rb/install/turtlebot3_gazebo/share/turtlebot3_gazebo//models/turtlebot3_common/model.config
-- Installing: /home/pacman/tortoisebot_rb/install/turtlebot3_gazebo/share/turtlebot3_gazebo//models/turtlebot3_common/meshes
-- Installing: /home/pacman/tortoisebot_rb/install/turtlebot3_gazebo/share/turtlebot3_gazebo//models/turtlebot3_common/meshes/burger_base.dae
-- Installing: /home/pacman/tortoisebot_rb/install/turtlebot3_gazebo/share/turtlebot3_gazebo//models/turtlebot3_common/meshes/waffle_pi_base.dae
-- Installing: /home/pacman/tortoisebot_rb/install/turtlebot3_gazebo/share/turtlebot3_gazebo//models/turtlebot3_common/meshes/waffle_base.dae
-- Installing: /home/pacman/tortoisebot_rb/install/turtlebot3_gazebo/share/turtlebot3_gazebo//models/turtlebot3_common/meshes/lds.dae
-- Installing: /home/pacman/tortoisebot_rb/install/turtlebot3_gazebo/share/turtlebot3_gazebo//models/turtlebot3_common/meshes/tire.dae
-- Installing: /home/pacman/tortoisebot_rb/install/turtlebot3_gazebo/share/turtlebot3_gazebo//models/turtlebot3_common/meshes/r200.dae
-- Installing: /home/pacman/tortoisebot_rb/install/turtlebot3_gazebo/share/turtlebot3_gazebo//models/turtlebot3_dqn_world
-- Installing: /home/pacman/tortoisebot_rb/install/turtlebot3_gazebo/share/turtlebot3_gazebo//models/turtlebot3_dqn_world/model.sdf
-- Installing: /home/pacman/tortoisebot_rb/install/turtlebot3_gazebo/share/turtlebot3_gazebo//models/turtlebot3_dqn_world/model.config
-- Installing: /home/pacman/tortoisebot_rb/install/turtlebot3_gazebo/share/turtlebot3_gazebo//models/turtlebot3_dqn_world/obstacle_plugin
-- Installing: /home/pacman/tortoisebot_rb/install/turtlebot3_gazebo/share/turtlebot3_gazebo//models/turtlebot3_dqn_world/obstacle_plugin/obstacle2.cc
-- Installing: /home/pacman/tortoisebot_rb/install/turtlebot3_gazebo/share/turtlebot3_gazebo//models/turtlebot3_dqn_world/obstacle_plugin/obstacles.cc
-- Installing: /home/pacman/tortoisebot_rb/install/turtlebot3_gazebo/share/turtlebot3_gazebo//models/turtlebot3_dqn_world/obstacle_plugin/CMakeLists.txt
-- Installing: /home/pacman/tortoisebot_rb/install/turtlebot3_gazebo/share/turtlebot3_gazebo//models/turtlebot3_dqn_world/obstacle_plugin/obstacle1.cc
-- Installing: /home/pacman/tortoisebot_rb/install/turtlebot3_gazebo/share/turtlebot3_gazebo//models/turtlebot3_dqn_world/obstacle2
-- Installing: /home/pacman/tortoisebot_rb/install/turtlebot3_gazebo/share/turtlebot3_gazebo//models/turtlebot3_dqn_world/obstacle2/model.sdf
-- Installing: /home/pacman/tortoisebot_rb/install/turtlebot3_gazebo/share/turtlebot3_gazebo//models/turtlebot3_dqn_world/obstacle2/model.config
-- Installing: /home/pacman/tortoisebot_rb/install/turtlebot3_gazebo/share/turtlebot3_gazebo//models/turtlebot3_dqn_world/obstacle1
-- Installing: /home/pacman/tortoisebot_rb/install/turtlebot3_gazebo/share/turtlebot3_gazebo//models/turtlebot3_dqn_world/obstacle1/model.sdf
-- Installing: /home/pacman/tortoisebot_rb/install/turtlebot3_gazebo/share/turtlebot3_gazebo//models/turtlebot3_dqn_world/obstacle1/model.config
-- Installing: /home/pacman/tortoisebot_rb/install/turtlebot3_gazebo/share/turtlebot3_gazebo//models/turtlebot3_dqn_world/obstacles
-- Installing: /home/pacman/tortoisebot_rb/install/turtlebot3_gazebo/share/turtlebot3_gazebo//models/turtlebot3_dqn_world/obstacles/model.sdf
-- Installing: /home/pacman/tortoisebot_rb/install/turtlebot3_gazebo/share/turtlebot3_gazebo//models/turtlebot3_dqn_world/obstacles/model.config
-- Installing: /home/pacman/tortoisebot_rb/install/turtlebot3_gazebo/share/turtlebot3_gazebo//models/turtlebot3_dqn_world/goal_box
-- Installing: /home/pacman/tortoisebot_rb/install/turtlebot3_gazebo/share/turtlebot3_gazebo//models/turtlebot3_dqn_world/goal_box/model.sdf
-- Installing: /home/pacman/tortoisebot_rb/install/turtlebot3_gazebo/share/turtlebot3_gazebo//models/turtlebot3_dqn_world/goal_box/model.config
-- Installing: /home/pacman/tortoisebot_rb/install/turtlebot3_gazebo/share/turtlebot3_gazebo//models/turtlebot3_dqn_world/inner_walls
-- Installing: /home/pacman/tortoisebot_rb/install/turtlebot3_gazebo/share/turtlebot3_gazebo//models/turtlebot3_dqn_world/inner_walls/model.sdf
-- Installing: /home/pacman/tortoisebot_rb/install/turtlebot3_gazebo/share/turtlebot3_gazebo//models/turtlebot3_dqn_world/inner_walls/model.config
-- Installing: /home/pacman/tortoisebot_rb/install/turtlebot3_gazebo/share/turtlebot3_gazebo//models/turtlebot3_burger
-- Installing: /home/pacman/tortoisebot_rb/install/turtlebot3_gazebo/share/turtlebot3_gazebo//models/turtlebot3_burger/model.sdf
-- Installing: /home/pacman/tortoisebot_rb/install/turtlebot3_gazebo/share/turtlebot3_gazebo//models/turtlebot3_burger/model.config
-- Installing: /home/pacman/tortoisebot_rb/install/turtlebot3_gazebo/share/turtlebot3_gazebo//models/turtlebot3_burger/model-1_4.sdf
-- Installing: /home/pacman/tortoisebot_rb/install/turtlebot3_gazebo/share/turtlebot3_gazebo//models/turtlebot3_waffle_pi
-- Installing: /home/pacman/tortoisebot_rb/install/turtlebot3_gazebo/share/turtlebot3_gazebo//models/turtlebot3_waffle_pi/model.sdf
-- Installing: /home/pacman/tortoisebot_rb/install/turtlebot3_gazebo/share/turtlebot3_gazebo//models/turtlebot3_waffle_pi/model.config
-- Installing: /home/pacman/tortoisebot_rb/install/turtlebot3_gazebo/share/turtlebot3_gazebo//models/turtlebot3_waffle_pi/model-1_4_.sdf
-- Installing: /home/pacman/tortoisebot_rb/install/turtlebot3_gazebo/share/turtlebot3_gazebo//rviz
-- Installing: /home/pacman/tortoisebot_rb/install/turtlebot3_gazebo/share/turtlebot3_gazebo//rviz/tb3_gazebo.rviz
-- Installing: /home/pacman/tortoisebot_rb/install/turtlebot3_gazebo/share/turtlebot3_gazebo//urdf
-- Installing: /home/pacman/tortoisebot_rb/install/turtlebot3_gazebo/share/turtlebot3_gazebo//urdf/turtlebot3_waffle_pi.xacro
-- Installing: /home/pacman/tortoisebot_rb/install/turtlebot3_gazebo/share/turtlebot3_gazebo//urdf/turtlebot3_burger.urdf
-- Installing: /home/pacman/tortoisebot_rb/install/turtlebot3_gazebo/share/turtlebot3_gazebo//urdf/turtlebot3_waffle.urdf
-- Installing: /home/pacman/tortoisebot_rb/install/turtlebot3_gazebo/share/turtlebot3_gazebo//urdf/common_properties.urdf
-- Installing: /home/pacman/tortoisebot_rb/install/turtlebot3_gazebo/share/turtlebot3_gazebo//urdf/turtlebot3_waffle_pi_world.xacro
-- Installing: /home/pacman/tortoisebot_rb/install/turtlebot3_gazebo/share/turtlebot3_gazebo//urdf/turtlebot3_waffle_pi.urdf
-- Installing: /home/pacman/tortoisebot_rb/install/turtlebot3_gazebo/share/turtlebot3_gazebo//worlds
-- Installing: /home/pacman/tortoisebot_rb/install/turtlebot3_gazebo/share/turtlebot3_gazebo//worlds/turtlebot3_dqn_stage1.world
-- Installing: /home/pacman/tortoisebot_rb/install/turtlebot3_gazebo/share/turtlebot3_gazebo//worlds/empty_world.world
-- Installing: /home/pacman/tortoisebot_rb/install/turtlebot3_gazebo/share/turtlebot3_gazebo//worlds/turtlebot3_house.world
-- Installing: /home/pacman/tortoisebot_rb/install/turtlebot3_gazebo/share/turtlebot3_gazebo//worlds/turtlebot3_dqn_stage2.world
-- Installing: /home/pacman/tortoisebot_rb/install/turtlebot3_gazebo/share/turtlebot3_gazebo//worlds/turtlebot3_dqn_stage3.world
-- Installing: /home/pacman/tortoisebot_rb/install/turtlebot3_gazebo/share/turtlebot3_gazebo//worlds/turtlebot3_world.world
-- Installing: /home/pacman/tortoisebot_rb/install/turtlebot3_gazebo/share/turtlebot3_gazebo//worlds/turtlebot3_dqn_stage4.world
-- Installing: /home/pacman/tortoisebot_rb/install/turtlebot3_gazebo/share/turtlebot3_gazebo//config
-- Installing: /home/pacman/tortoisebot_rb/install/turtlebot3_gazebo/share/turtlebot3_gazebo//config/params.yaml
-- Installing: /home/pacman/tortoisebot_rb/install/turtlebot3_gazebo/share/turtlebot3_gazebo//config/mapper_params_online_async_mine_fast.yaml
-- Installing: /home/pacman/tortoisebot_rb/install/turtlebot3_gazebo/share/turtlebot3_gazebo//config/planner_server_params.yaml
-- Installing: /home/pacman/tortoisebot_rb/install/turtlebot3_gazebo/share/turtlebot3_gazebo//config/nav2_params_1.yaml
-- Installing: /home/pacman/tortoisebot_rb/install/turtlebot3_gazebo/share/turtlebot3_gazebo//config/online_async_params_trial.yaml
-- Installing: /home/pacman/tortoisebot_rb/install/turtlebot3_gazebo/share/turtlebot3_gazebo//config/config.rviz
-- Installing: /home/pacman/tortoisebot_rb/install/turtlebot3_gazebo/share/turtlebot3_gazebo//config/local_costmap_params.yaml
-- Installing: /home/pacman/tortoisebot_rb/install/turtlebot3_gazebo/share/turtlebot3_gazebo//config/multirobot_mapper_params_trial.yaml
-- Installing: /home/pacman/tortoisebot_rb/install/turtlebot3_gazebo/share/turtlebot3_gazebo//config/nav2_multirobot_params_all.yaml
-- Installing: /home/pacman/tortoisebot_rb/install/turtlebot3_gazebo/share/turtlebot3_gazebo//config/config_map_merger.rviz
-- Installing: /home/pacman/tortoisebot_rb/install/turtlebot3_gazebo/share/turtlebot3_gazebo//config/mapper_params_online_async.yaml
-- Installing: /home/pacman/tortoisebot_rb/install/turtlebot3_gazebo/share/turtlebot3_gazebo//config/turtlebot3_world.yaml
-- Installing: /home/pacman/tortoisebot_rb/install/turtlebot3_gazebo/share/turtlebot3_gazebo//config/multirobot_mapper_params.yaml
-- Installing: /home/pacman/tortoisebot_rb/install/turtlebot3_gazebo/share/turtlebot3_gazebo//config/params_costmap.yaml
-- Installing: /home/pacman/tortoisebot_rb/install/turtlebot3_gazebo/share/turtlebot3_gazebo//config/mapper_params_online_async_mine.yaml
-- Installing: /home/pacman/tortoisebot_rb/install/turtlebot3_gazebo/share/turtlebot3_gazebo//config/nav2_params.yaml
-- Installing: /home/pacman/tortoisebot_rb/install/turtlebot3_gazebo/share/turtlebot3_gazebo//config/global_costmap_params.yaml
-- Installing: /home/pacman/tortoisebot_rb/install/turtlebot3_gazebo/include/
-- Installing: /home/pacman/tortoisebot_rb/install/turtlebot3_gazebo/include//turtlebot3_gazebo
-- Installing: /home/pacman/tortoisebot_rb/install/turtlebot3_gazebo/include//turtlebot3_gazebo/turtlebot3_drive.hpp
-- Installing: /home/pacman/tortoisebot_rb/install/turtlebot3_gazebo/share/ament_index/resource_index/package_run_dependencies/turtlebot3_gazebo
-- Installing: /home/pacman/tortoisebot_rb/install/turtlebot3_gazebo/share/ament_index/resource_index/parent_prefix_path/turtlebot3_gazebo
-- Installing: /home/pacman/tortoisebot_rb/install/turtlebot3_gazebo/share/turtlebot3_gazebo/environment/ament_prefix_path.sh
-- Installing: /home/pacman/tortoisebot_rb/install/turtlebot3_gazebo/share/turtlebot3_gazebo/environment/ament_prefix_path.dsv
-- Installing: /home/pacman/tortoisebot_rb/install/turtlebot3_gazebo/share/turtlebot3_gazebo/environment/path.sh
-- Installing: /home/pacman/tortoisebot_rb/install/turtlebot3_gazebo/share/turtlebot3_gazebo/environment/path.dsv
-- Installing: /home/pacman/tortoisebot_rb/install/turtlebot3_gazebo/share/turtlebot3_gazebo/local_setup.bash
-- Installing: /home/pacman/tortoisebot_rb/install/turtlebot3_gazebo/share/turtlebot3_gazebo/local_setup.sh
-- Installing: /home/pacman/tortoisebot_rb/install/turtlebot3_gazebo/share/turtlebot3_gazebo/local_setup.zsh
-- Installing: /home/pacman/tortoisebot_rb/install/turtlebot3_gazebo/share/turtlebot3_gazebo/local_setup.dsv
-- Installing: /home/pacman/tortoisebot_rb/install/turtlebot3_gazebo/share/turtlebot3_gazebo/package.dsv
-- Installing: /home/pacman/tortoisebot_rb/install/turtlebot3_gazebo/share/ament_index/resource_index/packages/turtlebot3_gazebo
-- Installing: /home/pacman/tortoisebot_rb/install/turtlebot3_gazebo/share/turtlebot3_gazebo/cmake/ament_cmake_export_include_directories-extras.cmake
-- Installing: /home/pacman/tortoisebot_rb/install/turtlebot3_gazebo/share/turtlebot3_gazebo/cmake/ament_cmake_export_dependencies-extras.cmake
-- Installing: /home/pacman/tortoisebot_rb/install/turtlebot3_gazebo/share/turtlebot3_gazebo/cmake/turtlebot3_gazeboConfig.cmake
-- Installing: /home/pacman/tortoisebot_rb/install/turtlebot3_gazebo/share/turtlebot3_gazebo/cmake/turtlebot3_gazeboConfig-version.cmake
-- Installing: /home/pacman/tortoisebot_rb/install/turtlebot3_gazebo/share/turtlebot3_gazebo/package.xml
