[0.577s] Invoking command in '/home/pacman/tortoisebot_rb/tortoisebot/tortoisebot_control': PYTHONPATH=/home/pacman/tortoisebot_rb/build/tortoisebot_control/prefix_override:/home/pacman/.local/lib/python3.10/site-packages/colcon_core/task/python/colcon_distutils_commands:/home/pacman/tortoisebot_rb/install/tortoisebot_control/lib/python3.10/site-packages:${PYTHONPATH} /usr/bin/python3 -W ignore:setup.py install is deprecated setup.py egg_info --egg-base ../../build/tortoisebot_control build --build-base /home/pacman/tortoisebot_rb/build/tortoisebot_control/build install --record /home/pacman/tortoisebot_rb/build/tortoisebot_control/install.log --single-version-externally-managed install_data
[0.721s] running egg_info
[0.721s] writing ../../build/tortoisebot_control/tortoisebot_control.egg-info/PKG-INFO
[0.721s] writing dependency_links to ../../build/tortoisebot_control/tortoisebot_control.egg-info/dependency_links.txt
[0.721s] writing entry points to ../../build/tortoisebot_control/tortoisebot_control.egg-info/entry_points.txt
[0.721s] writing requirements to ../../build/tortoisebot_control/tortoisebot_control.egg-info/requires.txt
[0.721s] writing top-level names to ../../build/tortoisebot_control/tortoisebot_control.egg-info/top_level.txt
[0.722s] reading manifest file '../../build/tortoisebot_control/tortoisebot_control.egg-info/SOURCES.txt'
[0.723s] writing manifest file '../../build/tortoisebot_control/tortoisebot_control.egg-info/SOURCES.txt'
[0.723s] running build
[0.723s] running build_py
[0.723s] running install
[0.723s] running install_lib
[0.724s] running install_data
[0.724s] running install_egg_info
[0.725s] removing '/home/pacman/tortoisebot_rb/install/tortoisebot_control/lib/python3.10/site-packages/tortoisebot_control-0.0.0-py3.10.egg-info' (and everything under it)
[0.726s] Copying ../../build/tortoisebot_control/tortoisebot_control.egg-info to /home/pacman/tortoisebot_rb/install/tortoisebot_control/lib/python3.10/site-packages/tortoisebot_control-0.0.0-py3.10.egg-info
[0.726s] running install_scripts
[0.738s] Installing teleop_twist_keyboard script to /home/pacman/tortoisebot_rb/install/tortoisebot_control/lib/tortoisebot_control
[0.738s] writing list of installed files to '/home/pacman/tortoisebot_rb/build/tortoisebot_control/install.log'
[0.755s] Invoked command in '/home/pacman/tortoisebot_rb/tortoisebot/tortoisebot_control' returned '0': PYTHONPATH=/home/pacman/tortoisebot_rb/build/tortoisebot_control/prefix_override:/home/pacman/.local/lib/python3.10/site-packages/colcon_core/task/python/colcon_distutils_commands:/home/pacman/tortoisebot_rb/install/tortoisebot_control/lib/python3.10/site-packages:${PYTHONPATH} /usr/bin/python3 -W ignore:setup.py install is deprecated setup.py egg_info --egg-base ../../build/tortoisebot_control build --build-base /home/pacman/tortoisebot_rb/build/tortoisebot_control/build install --record /home/pacman/tortoisebot_rb/build/tortoisebot_control/install.log --single-version-externally-managed install_data
