[0.000000] (-) TimerEvent: {}
[0.000317] (-) JobUnselected: {'identifier': 'aws_robomaker_hospital_world'}
[0.000415] (-) JobUnselected: {'identifier': 'dynamixel_sdk'}
[0.000435] (-) JobUnselected: {'identifier': 'dynamixel_sdk_custom_interfaces'}
[0.000452] (-) JobUnselected: {'identifier': 'dynamixel_sdk_examples'}
[0.000469] (-) JobUnselected: {'identifier': 'explore'}
[0.000485] (-) JobUnselected: {'identifier': 'frame_changer'}
[0.000500] (-) JobUnselected: {'identifier': 'hls_lfcd_lds_driver'}
[0.000516] (-) JobUnselected: {'identifier': 'map_merge'}
[0.000531] (-) JobUnselected: {'identifier': 'my_world'}
[0.000545] (-) JobUnselected: {'identifier': 'turtlebot3'}
[0.000560] (-) JobUnselected: {'identifier': 'turtlebot3_bringup'}
[0.000575] (-) JobUnselected: {'identifier': 'turtlebot3_cartographer'}
[0.000590] (-) JobUnselected: {'identifier': 'turtlebot3_description'}
[0.000605] (-) JobUnselected: {'identifier': 'turtlebot3_example'}
[0.000620] (-) JobUnselected: {'identifier': 'turtlebot3_fake_node'}
[0.000635] (-) JobUnselected: {'identifier': 'turtlebot3_gazebo'}
[0.000650] (-) JobUnselected: {'identifier': 'turtlebot3_manipulation'}
[0.000665] (-) JobUnselected: {'identifier': 'turtlebot3_msgs'}
[0.000679] (-) JobUnselected: {'identifier': 'turtlebot3_multi_robot'}
[0.000695] (-) JobUnselected: {'identifier': 'turtlebot3_navigation2'}
[0.000710] (-) JobUnselected: {'identifier': 'turtlebot3_node'}
[0.000724] (-) JobUnselected: {'identifier': 'turtlebot3_simulations'}
[0.000739] (-) JobUnselected: {'identifier': 'turtlebot3_teleop'}
[0.000754] (-) JobUnselected: {'identifier': 'turtlebot3_xacro'}
[0.000770] (-) EventReactorShutdown: {}
