[0.199s] Invoking command in '/home/duck_sh/turtlebot3_manipulation-humble-devel/build/joint_limits': CMAKE_PREFIX_PATH=${CMAKE_PREFIX_PATH}:/home/duck_sh/ros2_ws/install/my_py_pkg:/home/duck_sh/turtlebot3_manipulation-humble-devel/install/ros2_controllers_test_nodes:/opt/ros/humble /usr/bin/cmake --build /home/duck_sh/turtlebot3_manipulation-humble-devel/build/joint_limits -- -j32 -l32
[0.250s] [ 33%] Built target gtest
[0.250s] [ 66%] Built target gtest_main
[0.268s] [100%] Built target joint_limits_rosparam_test
[0.293s] Invoked command in '/home/duck_sh/turtlebot3_manipulation-humble-devel/build/joint_limits' returned '0': CMAKE_PREFIX_PATH=${CMAKE_PREFIX_PATH}:/home/duck_sh/ros2_ws/install/my_py_pkg:/home/duck_sh/turtlebot3_manipulation-humble-devel/install/ros2_controllers_test_nodes:/opt/ros/humble /usr/bin/cmake --build /home/duck_sh/turtlebot3_manipulation-humble-devel/build/joint_limits -- -j32 -l32
[0.344s] Invoking command in '/home/duck_sh/turtlebot3_manipulation-humble-devel/build/joint_limits': CMAKE_PREFIX_PATH=${CMAKE_PREFIX_PATH}:/home/duck_sh/ros2_ws/install/my_py_pkg:/home/duck_sh/turtlebot3_manipulation-humble-devel/install/ros2_controllers_test_nodes:/opt/ros/humble /usr/bin/cmake --install /home/duck_sh/turtlebot3_manipulation-humble-devel/build/joint_limits
[0.350s] -- Install configuration: ""
[0.350s] -- Up-to-date: /home/duck_sh/turtlebot3_manipulation-humble-devel/install/joint_limits/include
[0.350s] -- Up-to-date: /home/duck_sh/turtlebot3_manipulation-humble-devel/install/joint_limits/include/joint_limits
[0.350s] -- Up-to-date: /home/duck_sh/turtlebot3_manipulation-humble-devel/install/joint_limits/include/joint_limits/joint_limits_rosparam.hpp
[0.350s] -- Up-to-date: /home/duck_sh/turtlebot3_manipulation-humble-devel/install/joint_limits/include/joint_limits/joint_limits.hpp
[0.350s] -- Up-to-date: /home/duck_sh/turtlebot3_manipulation-humble-devel/install/joint_limits/lib/joint_limits/joint_limits_rosparam_test
[0.350s] -- Up-to-date: /home/duck_sh/turtlebot3_manipulation-humble-devel/install/joint_limits/share/joint_limits/test/joint_limits_rosparam.yaml
[0.350s] -- Up-to-date: /home/duck_sh/turtlebot3_manipulation-humble-devel/install/joint_limits/share/ament_index/resource_index/package_run_dependencies/joint_limits
[0.350s] -- Up-to-date: /home/duck_sh/turtlebot3_manipulation-humble-devel/install/joint_limits/share/ament_index/resource_index/parent_prefix_path/joint_limits
[0.350s] -- Up-to-date: /home/duck_sh/turtlebot3_manipulation-humble-devel/install/joint_limits/share/joint_limits/environment/ament_prefix_path.sh
[0.350s] -- Up-to-date: /home/duck_sh/turtlebot3_manipulation-humble-devel/install/joint_limits/share/joint_limits/environment/ament_prefix_path.dsv
[0.351s] -- Up-to-date: /home/duck_sh/turtlebot3_manipulation-humble-devel/install/joint_limits/share/joint_limits/environment/path.sh
[0.351s] -- Up-to-date: /home/duck_sh/turtlebot3_manipulation-humble-devel/install/joint_limits/share/joint_limits/environment/path.dsv
[0.351s] -- Up-to-date: /home/duck_sh/turtlebot3_manipulation-humble-devel/install/joint_limits/share/joint_limits/local_setup.bash
[0.351s] -- Up-to-date: /home/duck_sh/turtlebot3_manipulation-humble-devel/install/joint_limits/share/joint_limits/local_setup.sh
[0.351s] -- Up-to-date: /home/duck_sh/turtlebot3_manipulation-humble-devel/install/joint_limits/share/joint_limits/local_setup.zsh
[0.351s] -- Up-to-date: /home/duck_sh/turtlebot3_manipulation-humble-devel/install/joint_limits/share/joint_limits/local_setup.dsv
[0.352s] -- Installing: /home/duck_sh/turtlebot3_manipulation-humble-devel/install/joint_limits/share/joint_limits/package.dsv
[0.352s] -- Up-to-date: /home/duck_sh/turtlebot3_manipulation-humble-devel/install/joint_limits/share/ament_index/resource_index/packages/joint_limits
[0.352s] -- Up-to-date: /home/duck_sh/turtlebot3_manipulation-humble-devel/install/joint_limits/share/joint_limits/cmake/ament_cmake_export_dependencies-extras.cmake
[0.352s] -- Up-to-date: /home/duck_sh/turtlebot3_manipulation-humble-devel/install/joint_limits/share/joint_limits/cmake/ament_cmake_export_include_directories-extras.cmake
[0.352s] -- Up-to-date: /home/duck_sh/turtlebot3_manipulation-humble-devel/install/joint_limits/share/joint_limits/cmake/joint_limitsConfig.cmake
[0.352s] -- Up-to-date: /home/duck_sh/turtlebot3_manipulation-humble-devel/install/joint_limits/share/joint_limits/cmake/joint_limitsConfig-version.cmake
[0.352s] -- Up-to-date: /home/duck_sh/turtlebot3_manipulation-humble-devel/install/joint_limits/share/joint_limits/package.xml
[0.376s] Invoked command in '/home/duck_sh/turtlebot3_manipulation-humble-devel/build/joint_limits' returned '0': CMAKE_PREFIX_PATH=${CMAKE_PREFIX_PATH}:/home/duck_sh/ros2_ws/install/my_py_pkg:/home/duck_sh/turtlebot3_manipulation-humble-devel/install/ros2_controllers_test_nodes:/opt/ros/humble /usr/bin/cmake --install /home/duck_sh/turtlebot3_manipulation-humble-devel/build/joint_limits
