[0.009s] Invoking command in '/home/pacman/tortoisebot_rb/build/tortoisebot_imu': CMAKE_PREFIX_PATH=${CMAKE_PREFIX_PATH}:/home/pacman/tortoisebot_rb/install/turtlebot3_teleop:/home/pacman/tortoisebot_rb/install/tortoisebot_slam:/home/pacman/tortoisebot_rb/install/tortoisebot_navigation:/home/pacman/tortoisebot_rb/install/tortoisebot_imu:/home/pacman/tortoisebot_rb/install/tortoisebot_control:/opt/ros/humble /usr/bin/cmake /home/pacman/tortoisebot_rb/tortoisebot/tortoisebot_imu -DCMAKE_INSTALL_PREFIX=/home/pacman/tortoisebot_rb/install/tortoisebot_imu
[0.061s] -- The C compiler identification is GNU 11.4.0
[0.120s] -- The CXX compiler identification is GNU 11.4.0
[0.130s] -- Detecting C compiler ABI info
[0.208s] -- Detecting C compiler ABI info - done
[0.220s] -- Check for working C compiler: /usr/bin/cc - skipped
[0.220s] -- Detecting C compile features
[0.220s] -- Detecting C compile features - done
[0.224s] -- Detecting CXX compiler ABI info
[0.302s] -- Detecting CXX compiler ABI info - done
[0.310s] -- Check for working CXX compiler: /usr/bin/c++ - skipped
[0.311s] -- Detecting CXX compile features
[0.311s] -- Detecting CXX compile features - done
[0.314s] -- Found ament_cmake: 1.3.10 (/opt/ros/humble/share/ament_cmake/cmake)
[0.488s] -- Found Python3: /usr/bin/python3 (found version "3.10.12") found components: Interpreter 
[0.577s] -- Found ament_lint_auto: 0.12.11 (/opt/ros/humble/share/ament_lint_auto/cmake)
[0.653s] -- Added test 'flake8' to check Python code syntax and style conventions
[0.653s] -- Added test 'lint_cmake' to check CMake code style
[0.653s] -- Added test 'pep257' to check Python code against some of the docstring style conventions in PEP 257
[0.653s] -- Added test 'xmllint' to check XML markup files
[0.655s] -- Configuring done
[0.657s] -- Generating done
[0.657s] -- Build files have been written to: /home/pacman/tortoisebot_rb/build/tortoisebot_imu
[0.674s] Invoked command in '/home/pacman/tortoisebot_rb/build/tortoisebot_imu' returned '0': CMAKE_PREFIX_PATH=${CMAKE_PREFIX_PATH}:/home/pacman/tortoisebot_rb/install/turtlebot3_teleop:/home/pacman/tortoisebot_rb/install/tortoisebot_slam:/home/pacman/tortoisebot_rb/install/tortoisebot_navigation:/home/pacman/tortoisebot_rb/install/tortoisebot_imu:/home/pacman/tortoisebot_rb/install/tortoisebot_control:/opt/ros/humble /usr/bin/cmake /home/pacman/tortoisebot_rb/tortoisebot/tortoisebot_imu -DCMAKE_INSTALL_PREFIX=/home/pacman/tortoisebot_rb/install/tortoisebot_imu
[0.676s] Invoking command in '/home/pacman/tortoisebot_rb/build/tortoisebot_imu': CMAKE_PREFIX_PATH=${CMAKE_PREFIX_PATH}:/home/pacman/tortoisebot_rb/install/turtlebot3_teleop:/home/pacman/tortoisebot_rb/install/tortoisebot_slam:/home/pacman/tortoisebot_rb/install/tortoisebot_navigation:/home/pacman/tortoisebot_rb/install/tortoisebot_imu:/home/pacman/tortoisebot_rb/install/tortoisebot_control:/opt/ros/humble /usr/bin/cmake --build /home/pacman/tortoisebot_rb/build/tortoisebot_imu -- -j12 -l12
[0.709s] Invoked command in '/home/pacman/tortoisebot_rb/build/tortoisebot_imu' returned '0': CMAKE_PREFIX_PATH=${CMAKE_PREFIX_PATH}:/home/pacman/tortoisebot_rb/install/turtlebot3_teleop:/home/pacman/tortoisebot_rb/install/tortoisebot_slam:/home/pacman/tortoisebot_rb/install/tortoisebot_navigation:/home/pacman/tortoisebot_rb/install/tortoisebot_imu:/home/pacman/tortoisebot_rb/install/tortoisebot_control:/opt/ros/humble /usr/bin/cmake --build /home/pacman/tortoisebot_rb/build/tortoisebot_imu -- -j12 -l12
[0.728s] Invoking command in '/home/pacman/tortoisebot_rb/build/tortoisebot_imu': CMAKE_PREFIX_PATH=${CMAKE_PREFIX_PATH}:/home/pacman/tortoisebot_rb/install/turtlebot3_teleop:/home/pacman/tortoisebot_rb/install/tortoisebot_slam:/home/pacman/tortoisebot_rb/install/tortoisebot_navigation:/home/pacman/tortoisebot_rb/install/tortoisebot_imu:/home/pacman/tortoisebot_rb/install/tortoisebot_control:/opt/ros/humble /usr/bin/cmake --install /home/pacman/tortoisebot_rb/build/tortoisebot_imu
[0.734s] -- Install configuration: ""
[0.734s] -- Installing: /home/pacman/tortoisebot_rb/install/tortoisebot_imu/lib/tortoisebot_imu/imu_node.py
[0.734s] -- Installing: /home/pacman/tortoisebot_rb/install/tortoisebot_imu/share/ament_index/resource_index/package_run_dependencies/tortoisebot_imu
[0.734s] -- Installing: /home/pacman/tortoisebot_rb/install/tortoisebot_imu/share/ament_index/resource_index/parent_prefix_path/tortoisebot_imu
[0.734s] -- Installing: /home/pacman/tortoisebot_rb/install/tortoisebot_imu/share/tortoisebot_imu/environment/ament_prefix_path.sh
[0.734s] -- Installing: /home/pacman/tortoisebot_rb/install/tortoisebot_imu/share/tortoisebot_imu/environment/ament_prefix_path.dsv
[0.734s] -- Installing: /home/pacman/tortoisebot_rb/install/tortoisebot_imu/share/tortoisebot_imu/environment/path.sh
[0.735s] -- Installing: /home/pacman/tortoisebot_rb/install/tortoisebot_imu/share/tortoisebot_imu/environment/path.dsv
[0.735s] -- Installing: /home/pacman/tortoisebot_rb/install/tortoisebot_imu/share/tortoisebot_imu/local_setup.bash
[0.735s] -- Installing: /home/pacman/tortoisebot_rb/install/tortoisebot_imu/share/tortoisebot_imu/local_setup.sh
[0.735s] -- Installing: /home/pacman/tortoisebot_rb/install/tortoisebot_imu/share/tortoisebot_imu/local_setup.zsh
[0.735s] -- Installing: /home/pacman/tortoisebot_rb/install/tortoisebot_imu/share/tortoisebot_imu/local_setup.dsv
[0.735s] -- Installing: /home/pacman/tortoisebot_rb/install/tortoisebot_imu/share/tortoisebot_imu/package.dsv
[0.735s] -- Installing: /home/pacman/tortoisebot_rb/install/tortoisebot_imu/share/ament_index/resource_index/packages/tortoisebot_imu
[0.735s] -- Installing: /home/pacman/tortoisebot_rb/install/tortoisebot_imu/share/tortoisebot_imu/cmake/tortoisebot_imuConfig.cmake
[0.735s] -- Installing: /home/pacman/tortoisebot_rb/install/tortoisebot_imu/share/tortoisebot_imu/cmake/tortoisebot_imuConfig-version.cmake
[0.736s] -- Installing: /home/pacman/tortoisebot_rb/install/tortoisebot_imu/share/tortoisebot_imu/package.xml
[0.745s] Invoked command in '/home/pacman/tortoisebot_rb/build/tortoisebot_imu' returned '0': CMAKE_PREFIX_PATH=${CMAKE_PREFIX_PATH}:/home/pacman/tortoisebot_rb/install/turtlebot3_teleop:/home/pacman/tortoisebot_rb/install/tortoisebot_slam:/home/pacman/tortoisebot_rb/install/tortoisebot_navigation:/home/pacman/tortoisebot_rb/install/tortoisebot_imu:/home/pacman/tortoisebot_rb/install/tortoisebot_control:/opt/ros/humble /usr/bin/cmake --install /home/pacman/tortoisebot_rb/build/tortoisebot_imu
