[0.207s] Invoking command in '/home/pacman/turtlebot3_ws/build/turtlebot3_manipulation': CMAKE_PREFIX_PATH=/opt/ros/humble /usr/bin/cmake /home/pacman/turtlebot3_ws/src/turtlebot3_manipulation -DCMAKE_INSTALL_PREFIX=/home/pacman/turtlebot3_ws/install/turtlebot3_manipulation
[0.261s] -- The C compiler identification is GNU 11.4.0
[0.291s] -- The CXX compiler identification is GNU 11.4.0
[0.295s] -- Detecting C compiler ABI info
[0.340s] -- Detecting C compiler ABI info - done
[0.345s] -- Check for working C compiler: /usr/bin/cc - skipped
[0.345s] -- Detecting C compile features
[0.345s] -- Detecting C compile features - done
[0.347s] -- Detecting CXX compiler ABI info
[0.401s] -- Detecting CXX compiler ABI info - done
[0.406s] -- Check for working CXX compiler: /usr/bin/c++ - skipped
[0.406s] -- Detecting CXX compile features
[0.407s] -- Detecting CXX compile features - done
[0.408s] -- Found ament_cmake: 1.3.10 (/opt/ros/humble/share/ament_cmake/cmake)
[0.527s] -- Found Python3: /usr/bin/python3 (found version "3.10.12") found components: Interpreter 
[0.587s] -- Found ament_lint_auto: 0.12.11 (/opt/ros/humble/share/ament_lint_auto/cmake)
[0.646s] -- Added test 'lint_cmake' to check CMake code style
[0.646s] -- Added test 'xmllint' to check XML markup files
[0.647s] -- Configuring done
[0.648s] -- Generating done
[0.649s] -- Build files have been written to: /home/pacman/turtlebot3_ws/build/turtlebot3_manipulation
[0.734s] Invoked command in '/home/pacman/turtlebot3_ws/build/turtlebot3_manipulation' returned '0': CMAKE_PREFIX_PATH=/opt/ros/humble /usr/bin/cmake /home/pacman/turtlebot3_ws/src/turtlebot3_manipulation -DCMAKE_INSTALL_PREFIX=/home/pacman/turtlebot3_ws/install/turtlebot3_manipulation
[0.735s] Invoking command in '/home/pacman/turtlebot3_ws/build/turtlebot3_manipulation': CMAKE_PREFIX_PATH=/opt/ros/humble /usr/bin/cmake --build /home/pacman/turtlebot3_ws/build/turtlebot3_manipulation -- -j12 -l12
[0.762s] Invoked command in '/home/pacman/turtlebot3_ws/build/turtlebot3_manipulation' returned '0': CMAKE_PREFIX_PATH=/opt/ros/humble /usr/bin/cmake --build /home/pacman/turtlebot3_ws/build/turtlebot3_manipulation -- -j12 -l12
[0.778s] Invoking command in '/home/pacman/turtlebot3_ws/build/turtlebot3_manipulation': CMAKE_PREFIX_PATH=/opt/ros/humble /usr/bin/cmake --install /home/pacman/turtlebot3_ws/build/turtlebot3_manipulation
[0.785s] -- Install configuration: ""
[0.785s] -- Installing: /home/pacman/turtlebot3_ws/install/turtlebot3_manipulation/share/turtlebot3_manipulation//launch
[0.785s] -- Installing: /home/pacman/turtlebot3_ws/install/turtlebot3_manipulation/share/turtlebot3_manipulation//launch/turtlebot3_manipulation_view.launch
[0.785s] -- Installing: /home/pacman/turtlebot3_ws/install/turtlebot3_manipulation/share/turtlebot3_manipulation//launch/turtlebot3_manipulation_upload.launch
[0.785s] -- Installing: /home/pacman/turtlebot3_ws/install/turtlebot3_manipulation/share/turtlebot3_manipulation//meshes
[0.785s] -- Installing: /home/pacman/turtlebot3_ws/install/turtlebot3_manipulation/share/turtlebot3_manipulation//meshes/chain_link_grip_l.stl
[0.785s] -- Installing: /home/pacman/turtlebot3_ws/install/turtlebot3_manipulation/share/turtlebot3_manipulation//meshes/chain_link5.stl
[0.785s] -- Installing: /home/pacman/turtlebot3_ws/install/turtlebot3_manipulation/share/turtlebot3_manipulation//meshes/chain_link_grip_r.stl
[0.786s] -- Installing: /home/pacman/turtlebot3_ws/install/turtlebot3_manipulation/share/turtlebot3_manipulation//meshes/chain_link4.stl
[0.786s] -- Installing: /home/pacman/turtlebot3_ws/install/turtlebot3_manipulation/share/turtlebot3_manipulation//meshes/chain_link3.stl
[0.787s] -- Installing: /home/pacman/turtlebot3_ws/install/turtlebot3_manipulation/share/turtlebot3_manipulation//meshes/chain_link1.stl
[0.787s] -- Installing: /home/pacman/turtlebot3_ws/install/turtlebot3_manipulation/share/turtlebot3_manipulation//meshes/chain_link2.stl
[0.787s] -- Installing: /home/pacman/turtlebot3_ws/install/turtlebot3_manipulation/share/turtlebot3_manipulation//rviz
[0.787s] -- Installing: /home/pacman/turtlebot3_ws/install/turtlebot3_manipulation/share/turtlebot3_manipulation//rviz/turtlebot3_manipulation_view.rviz
[0.788s] -- Installing: /home/pacman/turtlebot3_ws/install/turtlebot3_manipulation/share/turtlebot3_manipulation//urdf
[0.788s] -- Installing: /home/pacman/turtlebot3_ws/install/turtlebot3_manipulation/share/turtlebot3_manipulation//urdf/turtlebot3_manipulation_robot.urdf.xacro
[0.788s] -- Installing: /home/pacman/turtlebot3_ws/install/turtlebot3_manipulation/share/turtlebot3_manipulation//urdf/open_manipulator_x.urdf.xacro
[0.788s] -- Installing: /home/pacman/turtlebot3_ws/install/turtlebot3_manipulation/share/turtlebot3_manipulation//urdf/open_manipulator_x.gazebo.xacro
[0.788s] -- Installing: /home/pacman/turtlebot3_ws/install/turtlebot3_manipulation/share/turtlebot3_manipulation//urdf/open_manipulator_x.transmission.xacro
[0.788s] -- Installing: /home/pacman/turtlebot3_ws/install/turtlebot3_manipulation/share/ament_index/resource_index/package_run_dependencies/turtlebot3_manipulation
[0.788s] -- Installing: /home/pacman/turtlebot3_ws/install/turtlebot3_manipulation/share/ament_index/resource_index/parent_prefix_path/turtlebot3_manipulation
[0.788s] -- Installing: /home/pacman/turtlebot3_ws/install/turtlebot3_manipulation/share/turtlebot3_manipulation/environment/ament_prefix_path.sh
[0.788s] -- Installing: /home/pacman/turtlebot3_ws/install/turtlebot3_manipulation/share/turtlebot3_manipulation/environment/ament_prefix_path.dsv
[0.788s] -- Installing: /home/pacman/turtlebot3_ws/install/turtlebot3_manipulation/share/turtlebot3_manipulation/environment/path.sh
[0.788s] -- Installing: /home/pacman/turtlebot3_ws/install/turtlebot3_manipulation/share/turtlebot3_manipulation/environment/path.dsv
[0.788s] -- Installing: /home/pacman/turtlebot3_ws/install/turtlebot3_manipulation/share/turtlebot3_manipulation/local_setup.bash
[0.788s] -- Installing: /home/pacman/turtlebot3_ws/install/turtlebot3_manipulation/share/turtlebot3_manipulation/local_setup.sh
[0.788s] -- Installing: /home/pacman/turtlebot3_ws/install/turtlebot3_manipulation/share/turtlebot3_manipulation/local_setup.zsh
[0.788s] -- Installing: /home/pacman/turtlebot3_ws/install/turtlebot3_manipulation/share/turtlebot3_manipulation/local_setup.dsv
[0.788s] -- Installing: /home/pacman/turtlebot3_ws/install/turtlebot3_manipulation/share/turtlebot3_manipulation/package.dsv
[0.789s] -- Installing: /home/pacman/turtlebot3_ws/install/turtlebot3_manipulation/share/ament_index/resource_index/packages/turtlebot3_manipulation
[0.789s] -- Installing: /home/pacman/turtlebot3_ws/install/turtlebot3_manipulation/share/turtlebot3_manipulation/cmake/turtlebot3_manipulationConfig.cmake
[0.789s] -- Installing: /home/pacman/turtlebot3_ws/install/turtlebot3_manipulation/share/turtlebot3_manipulation/cmake/turtlebot3_manipulationConfig-version.cmake
[0.789s] -- Installing: /home/pacman/turtlebot3_ws/install/turtlebot3_manipulation/share/turtlebot3_manipulation/package.xml
[0.794s] Invoked command in '/home/pacman/turtlebot3_ws/build/turtlebot3_manipulation' returned '0': CMAKE_PREFIX_PATH=/opt/ros/humble /usr/bin/cmake --install /home/pacman/turtlebot3_ws/build/turtlebot3_manipulation
