[0.008s] Invoking command in '/home/pacman/turtlebot3_ws/build/turtlebot3_xacro': CMAKE_PREFIX_PATH=${CMAKE_PREFIX_PATH}:/opt/ros/humble /usr/bin/cmake /home/pacman/turtlebot3_ws/src/turtlebot3_xacro -DCMAKE_INSTALL_PREFIX=/home/pacman/turtlebot3_ws/install/turtlebot3_xacro
[0.329s] -- The C compiler identification is GNU 11.4.0
[0.329s] -- The CXX compiler identification is GNU 11.4.0
[0.330s] -- Detecting C compiler ABI info
[0.330s] -- Detecting C compiler ABI info - done
[0.330s] -- Check for working C compiler: /usr/bin/cc - skipped
[0.330s] -- Detecting C compile features
[0.330s] -- Detecting C compile features - done
[0.330s] -- Detecting CXX compiler ABI info
[0.331s] -- Detecting CXX compiler ABI info - done
[0.331s] -- Check for working CXX compiler: /usr/bin/c++ - skipped
[0.331s] -- Detecting CXX compile features
[0.331s] -- Detecting CXX compile features - done
[0.331s] -- Found ament_cmake: 1.3.10 (/opt/ros/humble/share/ament_cmake/cmake)
[0.434s] -- Found Python3: /usr/bin/python3 (found version "3.10.12") found components: Interpreter 
[0.516s] -- Found ament_lint_auto: 0.12.11 (/opt/ros/humble/share/ament_lint_auto/cmake)
[0.594s] -- Added test 'flake8' to check Python code syntax and style conventions
[0.595s] -- Added test 'lint_cmake' to check CMake code style
[0.595s] -- Added test 'pep257' to check Python code against some of the docstring style conventions in PEP 257
[0.597s] -- Added test 'xmllint' to check XML markup files
[0.598s] -- Configuring done
[0.600s] -- Generating done
[0.601s] -- Build files have been written to: /home/pacman/turtlebot3_ws/build/turtlebot3_xacro
[0.605s] Invoked command in '/home/pacman/turtlebot3_ws/build/turtlebot3_xacro' returned '0': CMAKE_PREFIX_PATH=${CMAKE_PREFIX_PATH}:/opt/ros/humble /usr/bin/cmake /home/pacman/turtlebot3_ws/src/turtlebot3_xacro -DCMAKE_INSTALL_PREFIX=/home/pacman/turtlebot3_ws/install/turtlebot3_xacro
[0.606s] Invoking command in '/home/pacman/turtlebot3_ws/build/turtlebot3_xacro': CMAKE_PREFIX_PATH=${CMAKE_PREFIX_PATH}:/opt/ros/humble /usr/bin/cmake --build /home/pacman/turtlebot3_ws/build/turtlebot3_xacro -- -j12 -l12
[0.636s] Invoked command in '/home/pacman/turtlebot3_ws/build/turtlebot3_xacro' returned '0': CMAKE_PREFIX_PATH=${CMAKE_PREFIX_PATH}:/opt/ros/humble /usr/bin/cmake --build /home/pacman/turtlebot3_ws/build/turtlebot3_xacro -- -j12 -l12
[0.656s] Invoking command in '/home/pacman/turtlebot3_ws/build/turtlebot3_xacro': CMAKE_PREFIX_PATH=${CMAKE_PREFIX_PATH}:/opt/ros/humble /usr/bin/cmake --install /home/pacman/turtlebot3_ws/build/turtlebot3_xacro
[0.668s] -- Install configuration: ""
[0.668s] -- Installing: /home/pacman/turtlebot3_ws/install/turtlebot3_xacro/share/turtlebot3_xacro/launch
[0.668s] -- Installing: /home/pacman/turtlebot3_ws/install/turtlebot3_xacro/share/turtlebot3_xacro/launch/manual_launch.py
[0.668s] -- Installing: /home/pacman/turtlebot3_ws/install/turtlebot3_xacro/share/turtlebot3_xacro/launch/cam_launch.py
[0.668s] -- Installing: /home/pacman/turtlebot3_ws/install/turtlebot3_xacro/share/turtlebot3_xacro/launch/Twist.yaml
[0.668s] -- Installing: /home/pacman/turtlebot3_ws/install/turtlebot3_xacro/share/turtlebot3_xacro/launch/upload_launch.py
[0.668s] -- Installing: /home/pacman/turtlebot3_ws/install/turtlebot3_xacro/share/turtlebot3_xacro/launch/description_launch.py
[0.668s] -- Installing: /home/pacman/turtlebot3_ws/install/turtlebot3_xacro/share/turtlebot3_xacro/launch/rviz_launch.py
[0.668s] -- Installing: /home/pacman/turtlebot3_ws/install/turtlebot3_xacro/share/turtlebot3_xacro/launch/bringup_launch.py
[0.669s] -- Installing: /home/pacman/turtlebot3_ws/install/turtlebot3_xacro/share/turtlebot3_xacro/launch/world_launch.py
[0.670s] -- Installing: /home/pacman/turtlebot3_ws/install/turtlebot3_xacro/share/turtlebot3_xacro/config
[0.670s] -- Installing: /home/pacman/turtlebot3_ws/install/turtlebot3_xacro/share/turtlebot3_xacro/config/ekf.yaml
[0.670s] -- Installing: /home/pacman/turtlebot3_ws/install/turtlebot3_xacro/share/turtlebot3_xacro/config/pi_camera.yaml
[0.670s] -- Installing: /home/pacman/turtlebot3_ws/install/turtlebot3_xacro/share/turtlebot3_xacro/config/model.rviz
[0.670s] -- Installing: /home/pacman/turtlebot3_ws/install/turtlebot3_xacro/share/turtlebot3_xacro/meshes
[0.670s] -- Installing: /home/pacman/turtlebot3_ws/install/turtlebot3_xacro/share/turtlebot3_xacro/meshes/bases
[0.671s] -- Installing: /home/pacman/turtlebot3_ws/install/turtlebot3_xacro/share/turtlebot3_xacro/meshes/bases/waffle_base.stl
[0.702s] -- Installing: /home/pacman/turtlebot3_ws/install/turtlebot3_xacro/share/turtlebot3_xacro/meshes/bases/waffle_pi_base.stl
[0.716s] -- Installing: /home/pacman/turtlebot3_ws/install/turtlebot3_xacro/share/turtlebot3_xacro/meshes/bases/burger_base.stl
[0.725s] -- Installing: /home/pacman/turtlebot3_ws/install/turtlebot3_xacro/share/turtlebot3_xacro/meshes/sensors
[0.725s] -- Installing: /home/pacman/turtlebot3_ws/install/turtlebot3_xacro/share/turtlebot3_xacro/meshes/sensors/astra.jpg
[0.725s] -- Installing: /home/pacman/turtlebot3_ws/install/turtlebot3_xacro/share/turtlebot3_xacro/meshes/sensors/astra.dae
[0.742s] -- Installing: /home/pacman/turtlebot3_ws/install/turtlebot3_xacro/share/turtlebot3_xacro/meshes/sensors/r200.jpg
[0.742s] -- Installing: /home/pacman/turtlebot3_ws/install/turtlebot3_xacro/share/turtlebot3_xacro/meshes/sensors/lds.stl
[0.744s] -- Installing: /home/pacman/turtlebot3_ws/install/turtlebot3_xacro/share/turtlebot3_xacro/meshes/sensors/r200.dae
[0.745s] -- Installing: /home/pacman/turtlebot3_ws/install/turtlebot3_xacro/share/turtlebot3_xacro/meshes/wheels
[0.745s] -- Installing: /home/pacman/turtlebot3_ws/install/turtlebot3_xacro/share/turtlebot3_xacro/meshes/wheels/left_tire.stl
[0.747s] -- Installing: /home/pacman/turtlebot3_ws/install/turtlebot3_xacro/share/turtlebot3_xacro/meshes/wheels/right_tire.stl
[0.750s] -- Installing: /home/pacman/turtlebot3_ws/install/turtlebot3_xacro/share/turtlebot3_xacro/urdf
[0.750s] -- Installing: /home/pacman/turtlebot3_ws/install/turtlebot3_xacro/share/turtlebot3_xacro/urdf/turtlebot3_burger.urdf.xacro
[0.750s] -- Installing: /home/pacman/turtlebot3_ws/install/turtlebot3_xacro/share/turtlebot3_xacro/urdf/common_properties.xacro
[0.750s] -- Installing: /home/pacman/turtlebot3_ws/install/turtlebot3_xacro/share/turtlebot3_xacro/urdf/turtlebot3_world.sdf
[0.750s] -- Installing: /home/pacman/turtlebot3_ws/install/turtlebot3_xacro/share/turtlebot3_xacro/urdf/common_properties.urdf
[0.750s] -- Installing: /home/pacman/turtlebot3_ws/install/turtlebot3_xacro/share/turtlebot3_xacro/urdf/turtlebot3_gazebo_orig.xacro
[0.750s] -- Installing: /home/pacman/turtlebot3_ws/install/turtlebot3_xacro/share/turtlebot3_xacro/urdf/turtlebot3_waffle_pi.urdf.xacro
[0.750s] -- Installing: /home/pacman/turtlebot3_ws/install/turtlebot3_xacro/share/turtlebot3_xacro/urdf/turtlebot3_gazebo.xacro
[0.751s] -- Installing: /home/pacman/turtlebot3_ws/install/turtlebot3_xacro/share/ament_index/resource_index/package_run_dependencies/turtlebot3_xacro
[0.751s] -- Installing: /home/pacman/turtlebot3_ws/install/turtlebot3_xacro/share/ament_index/resource_index/parent_prefix_path/turtlebot3_xacro
[0.751s] -- Installing: /home/pacman/turtlebot3_ws/install/turtlebot3_xacro/share/turtlebot3_xacro/environment/ament_prefix_path.sh
[0.751s] -- Installing: /home/pacman/turtlebot3_ws/install/turtlebot3_xacro/share/turtlebot3_xacro/environment/ament_prefix_path.dsv
[0.751s] -- Installing: /home/pacman/turtlebot3_ws/install/turtlebot3_xacro/share/turtlebot3_xacro/environment/path.sh
[0.751s] -- Installing: /home/pacman/turtlebot3_ws/install/turtlebot3_xacro/share/turtlebot3_xacro/environment/path.dsv
[0.752s] -- Installing: /home/pacman/turtlebot3_ws/install/turtlebot3_xacro/share/turtlebot3_xacro/local_setup.bash
[0.752s] -- Installing: /home/pacman/turtlebot3_ws/install/turtlebot3_xacro/share/turtlebot3_xacro/local_setup.sh
[0.752s] -- Installing: /home/pacman/turtlebot3_ws/install/turtlebot3_xacro/share/turtlebot3_xacro/local_setup.zsh
[0.752s] -- Installing: /home/pacman/turtlebot3_ws/install/turtlebot3_xacro/share/turtlebot3_xacro/local_setup.dsv
[0.752s] -- Installing: /home/pacman/turtlebot3_ws/install/turtlebot3_xacro/share/turtlebot3_xacro/package.dsv
[0.752s] -- Installing: /home/pacman/turtlebot3_ws/install/turtlebot3_xacro/share/ament_index/resource_index/packages/turtlebot3_xacro
[0.753s] -- Installing: /home/pacman/turtlebot3_ws/install/turtlebot3_xacro/share/turtlebot3_xacro/cmake/turtlebot3_xacroConfig.cmake
[0.753s] -- Installing: /home/pacman/turtlebot3_ws/install/turtlebot3_xacro/share/turtlebot3_xacro/cmake/turtlebot3_xacroConfig-version.cmake
[0.753s] -- Installing: /home/pacman/turtlebot3_ws/install/turtlebot3_xacro/share/turtlebot3_xacro/package.xml
[0.755s] Invoked command in '/home/pacman/turtlebot3_ws/build/turtlebot3_xacro' returned '0': CMAKE_PREFIX_PATH=${CMAKE_PREFIX_PATH}:/opt/ros/humble /usr/bin/cmake --install /home/pacman/turtlebot3_ws/build/turtlebot3_xacro
