[0.631s] Invoking command in '/home/duck_sh/Mobile-Swarm-Navigation/src/turtlebot3/turtlebot3/turtlebot3_example': AMENT_PREFIX_PATH=/home/duck_sh/Mobile-Swarm-Navigation/install/turtlebot3_msgs:${AMENT_PREFIX_PATH} CMAKE_PREFIX_PATH=/home/duck_sh/Mobile-Swarm-Navigation/install/turtlebot3_msgs:${CMAKE_PREFIX_PATH} LD_LIBRARY_PATH=/home/duck_sh/Mobile-Swarm-Navigation/install/turtlebot3_msgs/lib:${LD_LIBRARY_PATH} PYTHONPATH=/home/duck_sh/Mobile-Swarm-Navigation/build/turtlebot3_example/prefix_override:/usr/lib/python3/dist-packages/colcon_core/task/python/colcon_distutils_commands:/home/duck_sh/Mobile-Swarm-Navigation/install/turtlebot3_example/lib/python3.10/site-packages:/home/duck_sh/Mobile-Swarm-Navigation/install/turtlebot3_msgs/local/lib/python3.10/dist-packages:${PYTHONPATH} /usr/bin/python3 -W ignore:setup.py install is deprecated setup.py egg_info --egg-base ../../../../build/turtlebot3_example build --build-base /home/duck_sh/Mobile-Swarm-Navigation/build/turtlebot3_example/build install --record /home/duck_sh/Mobile-Swarm-Navigation/build/turtlebot3_example/install.log --single-version-externally-managed install_data
[0.803s] running egg_info
[0.804s] creating ../../../../build/turtlebot3_example/turtlebot3_example.egg-info
[0.804s] writing ../../../../build/turtlebot3_example/turtlebot3_example.egg-info/PKG-INFO
[0.804s] writing dependency_links to ../../../../build/turtlebot3_example/turtlebot3_example.egg-info/dependency_links.txt
[0.804s] writing entry points to ../../../../build/turtlebot3_example/turtlebot3_example.egg-info/entry_points.txt
[0.804s] writing requirements to ../../../../build/turtlebot3_example/turtlebot3_example.egg-info/requires.txt
[0.804s] writing top-level names to ../../../../build/turtlebot3_example/turtlebot3_example.egg-info/top_level.txt
[0.805s] writing manifest file '../../../../build/turtlebot3_example/turtlebot3_example.egg-info/SOURCES.txt'
[0.807s] reading manifest file '../../../../build/turtlebot3_example/turtlebot3_example.egg-info/SOURCES.txt'
[0.807s] writing manifest file '../../../../build/turtlebot3_example/turtlebot3_example.egg-info/SOURCES.txt'
[0.808s] running build
[0.808s] running build_py
[0.808s] creating /home/duck_sh/Mobile-Swarm-Navigation/build/turtlebot3_example/build
[0.808s] creating /home/duck_sh/Mobile-Swarm-Navigation/build/turtlebot3_example/build/lib
[0.808s] creating /home/duck_sh/Mobile-Swarm-Navigation/build/turtlebot3_example/build/lib/turtlebot3_example
[0.808s] copying turtlebot3_example/__init__.py -> /home/duck_sh/Mobile-Swarm-Navigation/build/turtlebot3_example/build/lib/turtlebot3_example
[0.808s] creating /home/duck_sh/Mobile-Swarm-Navigation/build/turtlebot3_example/build/lib/turtlebot3_example/turtlebot3_position_control
[0.808s] copying turtlebot3_example/turtlebot3_position_control/turtlebot3_position_control.py -> /home/duck_sh/Mobile-Swarm-Navigation/build/turtlebot3_example/build/lib/turtlebot3_example/turtlebot3_position_control
[0.808s] copying turtlebot3_example/turtlebot3_position_control/__init__.py -> /home/duck_sh/Mobile-Swarm-Navigation/build/turtlebot3_example/build/lib/turtlebot3_example/turtlebot3_position_control
[0.808s] copying turtlebot3_example/turtlebot3_position_control/main.py -> /home/duck_sh/Mobile-Swarm-Navigation/build/turtlebot3_example/build/lib/turtlebot3_example/turtlebot3_position_control
[0.808s] copying turtlebot3_example/turtlebot3_position_control/turtlebot3_path.py -> /home/duck_sh/Mobile-Swarm-Navigation/build/turtlebot3_example/build/lib/turtlebot3_example/turtlebot3_position_control
[0.809s] creating /home/duck_sh/Mobile-Swarm-Navigation/build/turtlebot3_example/build/lib/turtlebot3_example/turtlebot3_obstacle_detection
[0.809s] copying turtlebot3_example/turtlebot3_obstacle_detection/turtlebot3_obstacle_detection.py -> /home/duck_sh/Mobile-Swarm-Navigation/build/turtlebot3_example/build/lib/turtlebot3_example/turtlebot3_obstacle_detection
[0.809s] copying turtlebot3_example/turtlebot3_obstacle_detection/__init__.py -> /home/duck_sh/Mobile-Swarm-Navigation/build/turtlebot3_example/build/lib/turtlebot3_example/turtlebot3_obstacle_detection
[0.809s] copying turtlebot3_example/turtlebot3_obstacle_detection/main.py -> /home/duck_sh/Mobile-Swarm-Navigation/build/turtlebot3_example/build/lib/turtlebot3_example/turtlebot3_obstacle_detection
[0.809s] creating /home/duck_sh/Mobile-Swarm-Navigation/build/turtlebot3_example/build/lib/turtlebot3_example/turtlebot3_patrol_client
[0.809s] copying turtlebot3_example/turtlebot3_patrol_client/__init__.py -> /home/duck_sh/Mobile-Swarm-Navigation/build/turtlebot3_example/build/lib/turtlebot3_example/turtlebot3_patrol_client
[0.809s] copying turtlebot3_example/turtlebot3_patrol_client/main.py -> /home/duck_sh/Mobile-Swarm-Navigation/build/turtlebot3_example/build/lib/turtlebot3_example/turtlebot3_patrol_client
[0.810s] copying turtlebot3_example/turtlebot3_patrol_client/turtlebot3_patrol_client.py -> /home/duck_sh/Mobile-Swarm-Navigation/build/turtlebot3_example/build/lib/turtlebot3_example/turtlebot3_patrol_client
[0.810s] creating /home/duck_sh/Mobile-Swarm-Navigation/build/turtlebot3_example/build/lib/turtlebot3_example/turtlebot3_patrol_server
[0.810s] copying turtlebot3_example/turtlebot3_patrol_server/turtlebot3_patrol_server.py -> /home/duck_sh/Mobile-Swarm-Navigation/build/turtlebot3_example/build/lib/turtlebot3_example/turtlebot3_patrol_server
[0.810s] copying turtlebot3_example/turtlebot3_patrol_server/__init__.py -> /home/duck_sh/Mobile-Swarm-Navigation/build/turtlebot3_example/build/lib/turtlebot3_example/turtlebot3_patrol_server
[0.810s] copying turtlebot3_example/turtlebot3_patrol_server/main.py -> /home/duck_sh/Mobile-Swarm-Navigation/build/turtlebot3_example/build/lib/turtlebot3_example/turtlebot3_patrol_server
[0.810s] copying turtlebot3_example/turtlebot3_patrol_server/turtlebot3_path.py -> /home/duck_sh/Mobile-Swarm-Navigation/build/turtlebot3_example/build/lib/turtlebot3_example/turtlebot3_patrol_server
[0.810s] running install
[0.811s] running install_lib
[0.811s] creating /home/duck_sh/Mobile-Swarm-Navigation/install/turtlebot3_example/lib/python3.10/site-packages/turtlebot3_example
[0.811s] creating /home/duck_sh/Mobile-Swarm-Navigation/install/turtlebot3_example/lib/python3.10/site-packages/turtlebot3_example/turtlebot3_position_control
[0.811s] copying /home/duck_sh/Mobile-Swarm-Navigation/build/turtlebot3_example/build/lib/turtlebot3_example/turtlebot3_position_control/turtlebot3_position_control.py -> /home/duck_sh/Mobile-Swarm-Navigation/install/turtlebot3_example/lib/python3.10/site-packages/turtlebot3_example/turtlebot3_position_control
[0.811s] copying /home/duck_sh/Mobile-Swarm-Navigation/build/turtlebot3_example/build/lib/turtlebot3_example/turtlebot3_position_control/__init__.py -> /home/duck_sh/Mobile-Swarm-Navigation/install/turtlebot3_example/lib/python3.10/site-packages/turtlebot3_example/turtlebot3_position_control
[0.811s] copying /home/duck_sh/Mobile-Swarm-Navigation/build/turtlebot3_example/build/lib/turtlebot3_example/turtlebot3_position_control/main.py -> /home/duck_sh/Mobile-Swarm-Navigation/install/turtlebot3_example/lib/python3.10/site-packages/turtlebot3_example/turtlebot3_position_control
[0.812s] copying /home/duck_sh/Mobile-Swarm-Navigation/build/turtlebot3_example/build/lib/turtlebot3_example/turtlebot3_position_control/turtlebot3_path.py -> /home/duck_sh/Mobile-Swarm-Navigation/install/turtlebot3_example/lib/python3.10/site-packages/turtlebot3_example/turtlebot3_position_control
[0.812s] creating /home/duck_sh/Mobile-Swarm-Navigation/install/turtlebot3_example/lib/python3.10/site-packages/turtlebot3_example/turtlebot3_obstacle_detection
[0.812s] copying /home/duck_sh/Mobile-Swarm-Navigation/build/turtlebot3_example/build/lib/turtlebot3_example/turtlebot3_obstacle_detection/turtlebot3_obstacle_detection.py -> /home/duck_sh/Mobile-Swarm-Navigation/install/turtlebot3_example/lib/python3.10/site-packages/turtlebot3_example/turtlebot3_obstacle_detection
[0.812s] copying /home/duck_sh/Mobile-Swarm-Navigation/build/turtlebot3_example/build/lib/turtlebot3_example/turtlebot3_obstacle_detection/__init__.py -> /home/duck_sh/Mobile-Swarm-Navigation/install/turtlebot3_example/lib/python3.10/site-packages/turtlebot3_example/turtlebot3_obstacle_detection
[0.812s] copying /home/duck_sh/Mobile-Swarm-Navigation/build/turtlebot3_example/build/lib/turtlebot3_example/turtlebot3_obstacle_detection/main.py -> /home/duck_sh/Mobile-Swarm-Navigation/install/turtlebot3_example/lib/python3.10/site-packages/turtlebot3_example/turtlebot3_obstacle_detection
[0.812s] copying /home/duck_sh/Mobile-Swarm-Navigation/build/turtlebot3_example/build/lib/turtlebot3_example/__init__.py -> /home/duck_sh/Mobile-Swarm-Navigation/install/turtlebot3_example/lib/python3.10/site-packages/turtlebot3_example
[0.812s] creating /home/duck_sh/Mobile-Swarm-Navigation/install/turtlebot3_example/lib/python3.10/site-packages/turtlebot3_example/turtlebot3_patrol_client
[0.812s] copying /home/duck_sh/Mobile-Swarm-Navigation/build/turtlebot3_example/build/lib/turtlebot3_example/turtlebot3_patrol_client/__init__.py -> /home/duck_sh/Mobile-Swarm-Navigation/install/turtlebot3_example/lib/python3.10/site-packages/turtlebot3_example/turtlebot3_patrol_client
[0.812s] copying /home/duck_sh/Mobile-Swarm-Navigation/build/turtlebot3_example/build/lib/turtlebot3_example/turtlebot3_patrol_client/main.py -> /home/duck_sh/Mobile-Swarm-Navigation/install/turtlebot3_example/lib/python3.10/site-packages/turtlebot3_example/turtlebot3_patrol_client
[0.812s] copying /home/duck_sh/Mobile-Swarm-Navigation/build/turtlebot3_example/build/lib/turtlebot3_example/turtlebot3_patrol_client/turtlebot3_patrol_client.py -> /home/duck_sh/Mobile-Swarm-Navigation/install/turtlebot3_example/lib/python3.10/site-packages/turtlebot3_example/turtlebot3_patrol_client
[0.813s] creating /home/duck_sh/Mobile-Swarm-Navigation/install/turtlebot3_example/lib/python3.10/site-packages/turtlebot3_example/turtlebot3_patrol_server
[0.813s] copying /home/duck_sh/Mobile-Swarm-Navigation/build/turtlebot3_example/build/lib/turtlebot3_example/turtlebot3_patrol_server/turtlebot3_patrol_server.py -> /home/duck_sh/Mobile-Swarm-Navigation/install/turtlebot3_example/lib/python3.10/site-packages/turtlebot3_example/turtlebot3_patrol_server
[0.813s] copying /home/duck_sh/Mobile-Swarm-Navigation/build/turtlebot3_example/build/lib/turtlebot3_example/turtlebot3_patrol_server/__init__.py -> /home/duck_sh/Mobile-Swarm-Navigation/install/turtlebot3_example/lib/python3.10/site-packages/turtlebot3_example/turtlebot3_patrol_server
[0.813s] copying /home/duck_sh/Mobile-Swarm-Navigation/build/turtlebot3_example/build/lib/turtlebot3_example/turtlebot3_patrol_server/main.py -> /home/duck_sh/Mobile-Swarm-Navigation/install/turtlebot3_example/lib/python3.10/site-packages/turtlebot3_example/turtlebot3_patrol_server
[0.813s] copying /home/duck_sh/Mobile-Swarm-Navigation/build/turtlebot3_example/build/lib/turtlebot3_example/turtlebot3_patrol_server/turtlebot3_path.py -> /home/duck_sh/Mobile-Swarm-Navigation/install/turtlebot3_example/lib/python3.10/site-packages/turtlebot3_example/turtlebot3_patrol_server
[0.813s] byte-compiling /home/duck_sh/Mobile-Swarm-Navigation/install/turtlebot3_example/lib/python3.10/site-packages/turtlebot3_example/turtlebot3_position_control/turtlebot3_position_control.py to turtlebot3_position_control.cpython-310.pyc
[0.814s] byte-compiling /home/duck_sh/Mobile-Swarm-Navigation/install/turtlebot3_example/lib/python3.10/site-packages/turtlebot3_example/turtlebot3_position_control/__init__.py to __init__.cpython-310.pyc
[0.814s] byte-compiling /home/duck_sh/Mobile-Swarm-Navigation/install/turtlebot3_example/lib/python3.10/site-packages/turtlebot3_example/turtlebot3_position_control/main.py to main.cpython-310.pyc
[0.814s] byte-compiling /home/duck_sh/Mobile-Swarm-Navigation/install/turtlebot3_example/lib/python3.10/site-packages/turtlebot3_example/turtlebot3_position_control/turtlebot3_path.py to turtlebot3_path.cpython-310.pyc
[0.814s] byte-compiling /home/duck_sh/Mobile-Swarm-Navigation/install/turtlebot3_example/lib/python3.10/site-packages/turtlebot3_example/turtlebot3_obstacle_detection/turtlebot3_obstacle_detection.py to turtlebot3_obstacle_detection.cpython-310.pyc
[0.814s] byte-compiling /home/duck_sh/Mobile-Swarm-Navigation/install/turtlebot3_example/lib/python3.10/site-packages/turtlebot3_example/turtlebot3_obstacle_detection/__init__.py to __init__.cpython-310.pyc
[0.815s] byte-compiling /home/duck_sh/Mobile-Swarm-Navigation/install/turtlebot3_example/lib/python3.10/site-packages/turtlebot3_example/turtlebot3_obstacle_detection/main.py to main.cpython-310.pyc
[0.815s] byte-compiling /home/duck_sh/Mobile-Swarm-Navigation/install/turtlebot3_example/lib/python3.10/site-packages/turtlebot3_example/__init__.py to __init__.cpython-310.pyc
[0.815s] byte-compiling /home/duck_sh/Mobile-Swarm-Navigation/install/turtlebot3_example/lib/python3.10/site-packages/turtlebot3_example/turtlebot3_patrol_client/__init__.py to __init__.cpython-310.pyc
[0.816s] byte-compiling /home/duck_sh/Mobile-Swarm-Navigation/install/turtlebot3_example/lib/python3.10/site-packages/turtlebot3_example/turtlebot3_patrol_client/main.py to main.cpython-310.pyc
[0.816s] byte-compiling /home/duck_sh/Mobile-Swarm-Navigation/install/turtlebot3_example/lib/python3.10/site-packages/turtlebot3_example/turtlebot3_patrol_client/turtlebot3_patrol_client.py to turtlebot3_patrol_client.cpython-310.pyc
[0.816s] byte-compiling /home/duck_sh/Mobile-Swarm-Navigation/install/turtlebot3_example/lib/python3.10/site-packages/turtlebot3_example/turtlebot3_patrol_server/turtlebot3_patrol_server.py to turtlebot3_patrol_server.cpython-310.pyc
[0.816s] byte-compiling /home/duck_sh/Mobile-Swarm-Navigation/install/turtlebot3_example/lib/python3.10/site-packages/turtlebot3_example/turtlebot3_patrol_server/__init__.py to __init__.cpython-310.pyc
[0.817s] byte-compiling /home/duck_sh/Mobile-Swarm-Navigation/install/turtlebot3_example/lib/python3.10/site-packages/turtlebot3_example/turtlebot3_patrol_server/main.py to main.cpython-310.pyc
[0.817s] byte-compiling /home/duck_sh/Mobile-Swarm-Navigation/install/turtlebot3_example/lib/python3.10/site-packages/turtlebot3_example/turtlebot3_patrol_server/turtlebot3_path.py to turtlebot3_path.cpython-310.pyc
[0.817s] running install_data
[0.817s] creating /home/duck_sh/Mobile-Swarm-Navigation/install/turtlebot3_example/share/ament_index
[0.817s] creating /home/duck_sh/Mobile-Swarm-Navigation/install/turtlebot3_example/share/ament_index/resource_index
[0.817s] creating /home/duck_sh/Mobile-Swarm-Navigation/install/turtlebot3_example/share/ament_index/resource_index/packages
[0.817s] copying resource/turtlebot3_example -> /home/duck_sh/Mobile-Swarm-Navigation/install/turtlebot3_example/share/ament_index/resource_index/packages
[0.817s] copying package.xml -> /home/duck_sh/Mobile-Swarm-Navigation/install/turtlebot3_example/share/turtlebot3_example
[0.817s] running install_egg_info
[0.817s] Copying ../../../../build/turtlebot3_example/turtlebot3_example.egg-info to /home/duck_sh/Mobile-Swarm-Navigation/install/turtlebot3_example/lib/python3.10/site-packages/turtlebot3_example-2.1.5-py3.10.egg-info
[0.818s] running install_scripts
[0.834s] Installing turtlebot3_obstacle_detection script to /home/duck_sh/Mobile-Swarm-Navigation/install/turtlebot3_example/lib/turtlebot3_example
[0.834s] Installing turtlebot3_patrol_client script to /home/duck_sh/Mobile-Swarm-Navigation/install/turtlebot3_example/lib/turtlebot3_example
[0.834s] Installing turtlebot3_patrol_server script to /home/duck_sh/Mobile-Swarm-Navigation/install/turtlebot3_example/lib/turtlebot3_example
[0.834s] Installing turtlebot3_position_control script to /home/duck_sh/Mobile-Swarm-Navigation/install/turtlebot3_example/lib/turtlebot3_example
[0.835s] writing list of installed files to '/home/duck_sh/Mobile-Swarm-Navigation/build/turtlebot3_example/install.log'
[0.852s] Invoked command in '/home/duck_sh/Mobile-Swarm-Navigation/src/turtlebot3/turtlebot3/turtlebot3_example' returned '0': AMENT_PREFIX_PATH=/home/duck_sh/Mobile-Swarm-Navigation/install/turtlebot3_msgs:${AMENT_PREFIX_PATH} CMAKE_PREFIX_PATH=/home/duck_sh/Mobile-Swarm-Navigation/install/turtlebot3_msgs:${CMAKE_PREFIX_PATH} LD_LIBRARY_PATH=/home/duck_sh/Mobile-Swarm-Navigation/install/turtlebot3_msgs/lib:${LD_LIBRARY_PATH} PYTHONPATH=/home/duck_sh/Mobile-Swarm-Navigation/build/turtlebot3_example/prefix_override:/usr/lib/python3/dist-packages/colcon_core/task/python/colcon_distutils_commands:/home/duck_sh/Mobile-Swarm-Navigation/install/turtlebot3_example/lib/python3.10/site-packages:/home/duck_sh/Mobile-Swarm-Navigation/install/turtlebot3_msgs/local/lib/python3.10/dist-packages:${PYTHONPATH} /usr/bin/python3 -W ignore:setup.py install is deprecated setup.py egg_info --egg-base ../../../../build/turtlebot3_example build --build-base /home/duck_sh/Mobile-Swarm-Navigation/build/turtlebot3_example/build install --record /home/duck_sh/Mobile-Swarm-Navigation/build/turtlebot3_example/install.log --single-version-externally-managed install_data
