[0.078s] Invoking command in '/home/pacman/turtlebot3_ws/build/explore_lite': CMAKE_PREFIX_PATH=${CMAKE_PREFIX_PATH}:/home/pacman/turtlebot3_ws/install/turtlebot3_teleop:/home/pacman/turtlebot3_ws/install/turtlebot3_example:/home/pacman/turtlebot3_ws/install/semantic_mapper:/home/pacman/turtlebot3_ws/install/scheduler:/home/pacman/turtlebot3_ws/install/interpreter:/home/pacman/turtlebot3_ws/install/frame_changer:/home/pacman/turtlebot3_ws/install/dbms:/opt/ros/humble /usr/bin/cmake --build /home/pacman/turtlebot3_ws/build/explore_lite -- -j12 -l12
[0.121s] [ 20%] Built target gtest
[0.123s] [ 40%] Built target gtest_main
[0.129s] [ 80%] Built target explore
[0.142s] [100%] Built target test_explore
[0.670s] Invoked command in '/home/pacman/turtlebot3_ws/build/explore_lite' returned '0': CMAKE_PREFIX_PATH=${CMAKE_PREFIX_PATH}:/home/pacman/turtlebot3_ws/install/turtlebot3_teleop:/home/pacman/turtlebot3_ws/install/turtlebot3_example:/home/pacman/turtlebot3_ws/install/semantic_mapper:/home/pacman/turtlebot3_ws/install/scheduler:/home/pacman/turtlebot3_ws/install/interpreter:/home/pacman/turtlebot3_ws/install/frame_changer:/home/pacman/turtlebot3_ws/install/dbms:/opt/ros/humble /usr/bin/cmake --build /home/pacman/turtlebot3_ws/build/explore_lite -- -j12 -l12
[1.010s] Invoking command in '/home/pacman/turtlebot3_ws/build/explore_lite': CMAKE_PREFIX_PATH=${CMAKE_PREFIX_PATH}:/home/pacman/turtlebot3_ws/install/turtlebot3_teleop:/home/pacman/turtlebot3_ws/install/turtlebot3_example:/home/pacman/turtlebot3_ws/install/semantic_mapper:/home/pacman/turtlebot3_ws/install/scheduler:/home/pacman/turtlebot3_ws/install/interpreter:/home/pacman/turtlebot3_ws/install/frame_changer:/home/pacman/turtlebot3_ws/install/dbms:/opt/ros/humble /usr/bin/cmake --install /home/pacman/turtlebot3_ws/build/explore_lite
[1.040s] -- Install configuration: ""
[1.040s] -- Up-to-date: /home/pacman/turtlebot3_ws/install/explore_lite/include/explore/
[1.040s] -- Up-to-date: /home/pacman/turtlebot3_ws/install/explore_lite/include/explore//frontier_search.h
[1.040s] -- Up-to-date: /home/pacman/turtlebot3_ws/install/explore_lite/include/explore//costmap_client.h
[1.040s] -- Up-to-date: /home/pacman/turtlebot3_ws/install/explore_lite/include/explore//costmap_tools.h
[1.040s] -- Up-to-date: /home/pacman/turtlebot3_ws/install/explore_lite/include/explore//explore.h
[1.040s] -- Up-to-date: /home/pacman/turtlebot3_ws/install/explore_lite/share/explore_lite/config
[1.041s] -- Up-to-date: /home/pacman/turtlebot3_ws/install/explore_lite/share/explore_lite/config/params.yaml
[1.041s] -- Up-to-date: /home/pacman/turtlebot3_ws/install/explore_lite/share/explore_lite/config/params_costmap.yaml
[1.041s] -- Up-to-date: /home/pacman/turtlebot3_ws/install/explore_lite/share/explore_lite/launch
[1.041s] -- Up-to-date: /home/pacman/turtlebot3_ws/install/explore_lite/share/explore_lite/launch/explore.launch.py
[1.041s] -- Up-to-date: /home/pacman/turtlebot3_ws/install/explore_lite/lib/explore_lite/explore
[1.041s] -- Up-to-date: /home/pacman/turtlebot3_ws/install/explore_lite/share/ament_index/resource_index/package_run_dependencies/explore_lite
[1.041s] -- Up-to-date: /home/pacman/turtlebot3_ws/install/explore_lite/share/ament_index/resource_index/parent_prefix_path/explore_lite
[1.041s] -- Up-to-date: /home/pacman/turtlebot3_ws/install/explore_lite/share/explore_lite/environment/ament_prefix_path.sh
[1.041s] -- Up-to-date: /home/pacman/turtlebot3_ws/install/explore_lite/share/explore_lite/environment/ament_prefix_path.dsv
[1.041s] -- Up-to-date: /home/pacman/turtlebot3_ws/install/explore_lite/share/explore_lite/environment/path.sh
[1.041s] -- Up-to-date: /home/pacman/turtlebot3_ws/install/explore_lite/share/explore_lite/environment/path.dsv
[1.041s] -- Up-to-date: /home/pacman/turtlebot3_ws/install/explore_lite/share/explore_lite/local_setup.bash
[1.041s] -- Up-to-date: /home/pacman/turtlebot3_ws/install/explore_lite/share/explore_lite/local_setup.sh
[1.041s] -- Up-to-date: /home/pacman/turtlebot3_ws/install/explore_lite/share/explore_lite/local_setup.zsh
[1.041s] -- Up-to-date: /home/pacman/turtlebot3_ws/install/explore_lite/share/explore_lite/local_setup.dsv
[1.041s] -- Installing: /home/pacman/turtlebot3_ws/install/explore_lite/share/explore_lite/package.dsv
[1.041s] -- Up-to-date: /home/pacman/turtlebot3_ws/install/explore_lite/share/ament_index/resource_index/packages/explore_lite
[1.041s] -- Up-to-date: /home/pacman/turtlebot3_ws/install/explore_lite/share/explore_lite/cmake/ament_cmake_export_include_directories-extras.cmake
[1.041s] -- Up-to-date: /home/pacman/turtlebot3_ws/install/explore_lite/share/explore_lite/cmake/explore_liteConfig.cmake
[1.041s] -- Up-to-date: /home/pacman/turtlebot3_ws/install/explore_lite/share/explore_lite/cmake/explore_liteConfig-version.cmake
[1.041s] -- Up-to-date: /home/pacman/turtlebot3_ws/install/explore_lite/share/explore_lite/package.xml
[1.070s] Invoked command in '/home/pacman/turtlebot3_ws/build/explore_lite' returned '0': CMAKE_PREFIX_PATH=${CMAKE_PREFIX_PATH}:/home/pacman/turtlebot3_ws/install/turtlebot3_teleop:/home/pacman/turtlebot3_ws/install/turtlebot3_example:/home/pacman/turtlebot3_ws/install/semantic_mapper:/home/pacman/turtlebot3_ws/install/scheduler:/home/pacman/turtlebot3_ws/install/interpreter:/home/pacman/turtlebot3_ws/install/frame_changer:/home/pacman/turtlebot3_ws/install/dbms:/opt/ros/humble /usr/bin/cmake --install /home/pacman/turtlebot3_ws/build/explore_lite
