[0.360s] Invoking command in '/home/pacman/turtlebot3_ws/src/turtlebot3/turtlebot3/turtlebot3_example': AMENT_PREFIX_PATH=/home/pacman/turtlebot3_ws/install/turtlebot3_msgs:${AMENT_PREFIX_PATH} CMAKE_PREFIX_PATH=/home/pacman/turtlebot3_ws/install/turtlebot3_msgs LD_LIBRARY_PATH=/home/pacman/turtlebot3_ws/install/turtlebot3_msgs/lib:/usr/lib/x86_64-linux-gnu/gazebo-11/plugins:/opt/ros/humble/opt/rviz_ogre_vendor/lib:/opt/ros/humble/lib/x86_64-linux-gnu:/opt/ros/humble/lib:/usr/lib/x86_64-linux-gnu/gazebo-11/plugins PYTHONPATH=/home/pacman/turtlebot3_ws/build/turtlebot3_example/prefix_override:/home/pacman/.local/lib/python3.10/site-packages/colcon_core/task/python/colcon_distutils_commands:/home/pacman/turtlebot3_ws/install/turtlebot3_example/lib/python3.10/site-packages:/home/pacman/turtlebot3_ws/install/turtlebot3_msgs/local/lib/python3.10/dist-packages:${PYTHONPATH} /usr/bin/python3 -W ignore:setup.py install is deprecated setup.py egg_info --egg-base ../../../../build/turtlebot3_example build --build-base /home/pacman/turtlebot3_ws/build/turtlebot3_example/build install --record /home/pacman/turtlebot3_ws/build/turtlebot3_example/install.log --single-version-externally-managed install_data
[0.478s] running egg_info
[0.478s] writing ../../../../build/turtlebot3_example/turtlebot3_example.egg-info/PKG-INFO
[0.481s] writing dependency_links to ../../../../build/turtlebot3_example/turtlebot3_example.egg-info/dependency_links.txt
[0.481s] writing entry points to ../../../../build/turtlebot3_example/turtlebot3_example.egg-info/entry_points.txt
[0.481s] writing requirements to ../../../../build/turtlebot3_example/turtlebot3_example.egg-info/requires.txt
[0.481s] writing top-level names to ../../../../build/turtlebot3_example/turtlebot3_example.egg-info/top_level.txt
[0.483s] reading manifest file '../../../../build/turtlebot3_example/turtlebot3_example.egg-info/SOURCES.txt'
[0.483s] writing manifest file '../../../../build/turtlebot3_example/turtlebot3_example.egg-info/SOURCES.txt'
[0.483s] running build
[0.483s] running build_py
[0.484s] running install
[0.485s] running install_lib
[0.487s] running install_data
[0.488s] running install_egg_info
[0.489s] removing '/home/pacman/turtlebot3_ws/install/turtlebot3_example/lib/python3.10/site-packages/turtlebot3_example-2.1.5-py3.10.egg-info' (and everything under it)
[0.489s] Copying ../../../../build/turtlebot3_example/turtlebot3_example.egg-info to /home/pacman/turtlebot3_ws/install/turtlebot3_example/lib/python3.10/site-packages/turtlebot3_example-2.1.5-py3.10.egg-info
[0.489s] running install_scripts
[0.501s] Installing turtlebot3_obstacle_detection script to /home/pacman/turtlebot3_ws/install/turtlebot3_example/lib/turtlebot3_example
[0.501s] Installing turtlebot3_patrol_client script to /home/pacman/turtlebot3_ws/install/turtlebot3_example/lib/turtlebot3_example
[0.501s] Installing turtlebot3_patrol_server script to /home/pacman/turtlebot3_ws/install/turtlebot3_example/lib/turtlebot3_example
[0.502s] Installing turtlebot3_position_control script to /home/pacman/turtlebot3_ws/install/turtlebot3_example/lib/turtlebot3_example
[0.502s] writing list of installed files to '/home/pacman/turtlebot3_ws/build/turtlebot3_example/install.log'
[0.516s] Invoked command in '/home/pacman/turtlebot3_ws/src/turtlebot3/turtlebot3/turtlebot3_example' returned '0': AMENT_PREFIX_PATH=/home/pacman/turtlebot3_ws/install/turtlebot3_msgs:${AMENT_PREFIX_PATH} CMAKE_PREFIX_PATH=/home/pacman/turtlebot3_ws/install/turtlebot3_msgs LD_LIBRARY_PATH=/home/pacman/turtlebot3_ws/install/turtlebot3_msgs/lib:/usr/lib/x86_64-linux-gnu/gazebo-11/plugins:/opt/ros/humble/opt/rviz_ogre_vendor/lib:/opt/ros/humble/lib/x86_64-linux-gnu:/opt/ros/humble/lib:/usr/lib/x86_64-linux-gnu/gazebo-11/plugins PYTHONPATH=/home/pacman/turtlebot3_ws/build/turtlebot3_example/prefix_override:/home/pacman/.local/lib/python3.10/site-packages/colcon_core/task/python/colcon_distutils_commands:/home/pacman/turtlebot3_ws/install/turtlebot3_example/lib/python3.10/site-packages:/home/pacman/turtlebot3_ws/install/turtlebot3_msgs/local/lib/python3.10/dist-packages:${PYTHONPATH} /usr/bin/python3 -W ignore:setup.py install is deprecated setup.py egg_info --egg-base ../../../../build/turtlebot3_example build --build-base /home/pacman/turtlebot3_ws/build/turtlebot3_example/build install --record /home/pacman/turtlebot3_ws/build/turtlebot3_example/install.log --single-version-externally-managed install_data
