[0.637s] Invoking command in '/home/pacman/turtlebot3_ws/src/frame_changer': PYTHONPATH=/home/pacman/turtlebot3_ws/build/frame_changer/prefix_override:/home/pacman/.local/lib/python3.10/site-packages/colcon_core/task/python/colcon_distutils_commands:/home/pacman/turtlebot3_ws/install/frame_changer/lib/python3.10/site-packages:${PYTHONPATH} /usr/bin/python3 -W ignore:setup.py install is deprecated setup.py egg_info --egg-base ../../build/frame_changer build --build-base /home/pacman/turtlebot3_ws/build/frame_changer/build install --record /home/pacman/turtlebot3_ws/build/frame_changer/install.log --single-version-externally-managed install_data
[0.783s] running egg_info
[0.783s] creating ../../build/frame_changer/frame_changer.egg-info
[0.783s] writing ../../build/frame_changer/frame_changer.egg-info/PKG-INFO
[0.783s] writing dependency_links to ../../build/frame_changer/frame_changer.egg-info/dependency_links.txt
[0.783s] writing entry points to ../../build/frame_changer/frame_changer.egg-info/entry_points.txt
[0.784s] writing requirements to ../../build/frame_changer/frame_changer.egg-info/requires.txt
[0.784s] writing top-level names to ../../build/frame_changer/frame_changer.egg-info/top_level.txt
[0.784s] writing manifest file '../../build/frame_changer/frame_changer.egg-info/SOURCES.txt'
[0.785s] reading manifest file '../../build/frame_changer/frame_changer.egg-info/SOURCES.txt'
[0.785s] writing manifest file '../../build/frame_changer/frame_changer.egg-info/SOURCES.txt'
[0.785s] running build
[0.785s] running build_py
[0.785s] creating /home/pacman/turtlebot3_ws/build/frame_changer/build
[0.785s] creating /home/pacman/turtlebot3_ws/build/frame_changer/build/lib
[0.786s] creating /home/pacman/turtlebot3_ws/build/frame_changer/build/lib/frame_changer
[0.786s] copying frame_changer/frame_change.py -> /home/pacman/turtlebot3_ws/build/frame_changer/build/lib/frame_changer
[0.786s] copying frame_changer/__init__.py -> /home/pacman/turtlebot3_ws/build/frame_changer/build/lib/frame_changer
[0.786s] running install
[0.786s] running install_lib
[0.786s] creating /home/pacman/turtlebot3_ws/install/frame_changer/lib/python3.10/site-packages/frame_changer
[0.786s] copying /home/pacman/turtlebot3_ws/build/frame_changer/build/lib/frame_changer/frame_change.py -> /home/pacman/turtlebot3_ws/install/frame_changer/lib/python3.10/site-packages/frame_changer
[0.786s] copying /home/pacman/turtlebot3_ws/build/frame_changer/build/lib/frame_changer/__init__.py -> /home/pacman/turtlebot3_ws/install/frame_changer/lib/python3.10/site-packages/frame_changer
[0.787s] byte-compiling /home/pacman/turtlebot3_ws/install/frame_changer/lib/python3.10/site-packages/frame_changer/frame_change.py to frame_change.cpython-310.pyc
[0.787s] byte-compiling /home/pacman/turtlebot3_ws/install/frame_changer/lib/python3.10/site-packages/frame_changer/__init__.py to __init__.cpython-310.pyc
[0.787s] running install_data
[0.787s] creating /home/pacman/turtlebot3_ws/install/frame_changer/share/ament_index
[0.787s] creating /home/pacman/turtlebot3_ws/install/frame_changer/share/ament_index/resource_index
[0.787s] creating /home/pacman/turtlebot3_ws/install/frame_changer/share/ament_index/resource_index/packages
[0.787s] copying resource/frame_changer -> /home/pacman/turtlebot3_ws/install/frame_changer/share/ament_index/resource_index/packages
[0.788s] copying package.xml -> /home/pacman/turtlebot3_ws/install/frame_changer/share/frame_changer
[0.788s] running install_egg_info
[0.789s] Copying ../../build/frame_changer/frame_changer.egg-info to /home/pacman/turtlebot3_ws/install/frame_changer/lib/python3.10/site-packages/frame_changer-0.0.0-py3.10.egg-info
[0.789s] running install_scripts
[0.803s] Installing frame_changer script to /home/pacman/turtlebot3_ws/install/frame_changer/lib/frame_changer
[0.803s] writing list of installed files to '/home/pacman/turtlebot3_ws/build/frame_changer/install.log'
[0.926s] Invoked command in '/home/pacman/turtlebot3_ws/src/frame_changer' returned '0': PYTHONPATH=/home/pacman/turtlebot3_ws/build/frame_changer/prefix_override:/home/pacman/.local/lib/python3.10/site-packages/colcon_core/task/python/colcon_distutils_commands:/home/pacman/turtlebot3_ws/install/frame_changer/lib/python3.10/site-packages:${PYTHONPATH} /usr/bin/python3 -W ignore:setup.py install is deprecated setup.py egg_info --egg-base ../../build/frame_changer build --build-base /home/pacman/turtlebot3_ws/build/frame_changer/build install --record /home/pacman/turtlebot3_ws/build/frame_changer/install.log --single-version-externally-managed install_data
