[0.029s] Invoking command in '/home/duck_sh/Mobile-Swarm-Navigation/build/dynamixel_sdk_custom_interfaces': CMAKE_PREFIX_PATH=${CMAKE_PREFIX_PATH}:/home/duck_sh/ros2_ws/install/my_py_pkg:/home/duck_sh/turtlebot3_manipulation-humble-devel/install/ros2_controllers_test_nodes:/opt/ros/humble /usr/bin/cmake /home/duck_sh/Mobile-Swarm-Navigation/src/utils/DynamixelSDK/dynamixel_sdk_custom_interfaces -DCMAKE_INSTALL_PREFIX=/home/duck_sh/Mobile-Swarm-Navigation/install/dynamixel_sdk_custom_interfaces
[0.175s] -- The C compiler identification is GNU 11.4.0
[0.185s] -- The CXX compiler identification is GNU 11.4.0
[0.191s] -- Detecting C compiler ABI info
[0.249s] -- Detecting C compiler ABI info - done
[0.255s] -- Check for working C compiler: /usr/bin/cc - skipped
[0.255s] -- Detecting C compile features
[0.255s] -- Detecting C compile features - done
[0.258s] -- Detecting CXX compiler ABI info
[0.324s] -- Detecting CXX compiler ABI info - done
[0.332s] -- Check for working CXX compiler: /usr/bin/c++ - skipped
[0.332s] -- Detecting CXX compile features
[0.333s] -- Detecting CXX compile features - done
[0.338s] -- Found ament_cmake: 1.3.10 (/opt/ros/humble/share/ament_cmake/cmake)
[0.462s] -- Found Python3: /usr/bin/python3 (found version "3.10.12") found components: Interpreter 
[0.552s] -- Found builtin_interfaces: 1.2.1 (/opt/ros/humble/share/builtin_interfaces/cmake)
[0.584s] -- Found rosidl_generator_c: 3.1.5 (/opt/ros/humble/share/rosidl_generator_c/cmake)
[0.591s] -- Found rosidl_adapter: 3.1.5 (/opt/ros/humble/share/rosidl_adapter/cmake)
[0.603s] -- Found rosidl_generator_cpp: 3.1.5 (/opt/ros/humble/share/rosidl_generator_cpp/cmake)
[0.615s] -- Using all available rosidl_typesupport_c: rosidl_typesupport_fastrtps_c;rosidl_typesupport_introspection_c
[0.630s] -- Using all available rosidl_typesupport_cpp: rosidl_typesupport_fastrtps_cpp;rosidl_typesupport_introspection_cpp
[0.645s] -- Found rosidl_default_generators: 1.2.0 (/opt/ros/humble/share/rosidl_default_generators/cmake)
[0.848s] -- Found ament_cmake_ros: 0.10.0 (/opt/ros/humble/share/ament_cmake_ros/cmake)
[1.089s] -- Using all available rosidl_typesupport_c: rosidl_typesupport_fastrtps_c;rosidl_typesupport_introspection_c
[1.164s] -- Using all available rosidl_typesupport_cpp: rosidl_typesupport_fastrtps_cpp;rosidl_typesupport_introspection_cpp
[1.180s] -- Found PythonInterp: /usr/bin/python3 (found suitable version "3.10.12", minimum required is "3.6") 
[1.183s] -- Found python_cmake_module: 0.10.0 (/opt/ros/humble/share/python_cmake_module/cmake)
[1.203s] -- Found PythonLibs: /usr/lib/x86_64-linux-gnu/libpython3.10.so (found suitable version "3.10.12", minimum required is "3.5") 
[1.203s] -- Using PYTHON_EXECUTABLE: /usr/bin/python3
[1.203s] -- Using PYTHON_INCLUDE_DIRS: /usr/include/python3.10
[1.203s] -- Using PYTHON_LIBRARIES: /usr/lib/x86_64-linux-gnu/libpython3.10.so
[1.219s] -- Found PythonExtra: .so  
[1.266s] -- Configuring done
[1.281s] -- Generating done
[1.282s] -- Build files have been written to: /home/duck_sh/Mobile-Swarm-Navigation/build/dynamixel_sdk_custom_interfaces
[1.287s] Invoked command in '/home/duck_sh/Mobile-Swarm-Navigation/build/dynamixel_sdk_custom_interfaces' returned '0': CMAKE_PREFIX_PATH=${CMAKE_PREFIX_PATH}:/home/duck_sh/ros2_ws/install/my_py_pkg:/home/duck_sh/turtlebot3_manipulation-humble-devel/install/ros2_controllers_test_nodes:/opt/ros/humble /usr/bin/cmake /home/duck_sh/Mobile-Swarm-Navigation/src/utils/DynamixelSDK/dynamixel_sdk_custom_interfaces -DCMAKE_INSTALL_PREFIX=/home/duck_sh/Mobile-Swarm-Navigation/install/dynamixel_sdk_custom_interfaces
[1.287s] Invoking command in '/home/duck_sh/Mobile-Swarm-Navigation/build/dynamixel_sdk_custom_interfaces': CMAKE_PREFIX_PATH=${CMAKE_PREFIX_PATH}:/home/duck_sh/ros2_ws/install/my_py_pkg:/home/duck_sh/turtlebot3_manipulation-humble-devel/install/ros2_controllers_test_nodes:/opt/ros/humble /usr/bin/cmake --build /home/duck_sh/Mobile-Swarm-Navigation/build/dynamixel_sdk_custom_interfaces -- -j32 -l32
[1.319s] [  2%] [34m[1mGenerating C code for ROS interfaces[0m
[1.327s] [  5%] [34m[1mGenerating C++ code for ROS interfaces[0m
[1.335s] [  5%] Built target ament_cmake_python_copy_dynamixel_sdk_custom_interfaces
[1.481s] running egg_info
[1.481s] creating dynamixel_sdk_custom_interfaces.egg-info
[1.481s] writing dynamixel_sdk_custom_interfaces.egg-info/PKG-INFO
[1.481s] writing dependency_links to dynamixel_sdk_custom_interfaces.egg-info/dependency_links.txt
[1.482s] writing top-level names to dynamixel_sdk_custom_interfaces.egg-info/top_level.txt
[1.482s] writing manifest file 'dynamixel_sdk_custom_interfaces.egg-info/SOURCES.txt'
[1.483s] reading manifest file 'dynamixel_sdk_custom_interfaces.egg-info/SOURCES.txt'
[1.483s] writing manifest file 'dynamixel_sdk_custom_interfaces.egg-info/SOURCES.txt'
[1.498s] [  5%] Built target ament_cmake_python_build_dynamixel_sdk_custom_interfaces_egg
[1.519s] [  7%] [32mBuilding C object CMakeFiles/dynamixel_sdk_custom_interfaces__rosidl_generator_c.dir/rosidl_generator_c/dynamixel_sdk_custom_interfaces/srv/detail/get_position__functions.c.o[0m
[1.519s] [ 10%] [32mBuilding C object CMakeFiles/dynamixel_sdk_custom_interfaces__rosidl_generator_c.dir/rosidl_generator_c/dynamixel_sdk_custom_interfaces/msg/detail/set_position__functions.c.o[0m
[1.519s] [ 10%] Built target dynamixel_sdk_custom_interfaces__cpp
[1.529s] [ 12%] [34m[1mGenerating C++ type support dispatch for ROS interfaces[0m
[1.529s] [ 15%] [34m[1mGenerating C++ introspection for ROS interfaces[0m
[1.530s] [ 17%] [34m[1mGenerating C++ type support for eProsima Fast-RTPS[0m
[1.566s] [ 20%] [32m[1mLinking C shared library libdynamixel_sdk_custom_interfaces__rosidl_generator_c.so[0m
[1.605s] [ 20%] Built target dynamixel_sdk_custom_interfaces__rosidl_generator_c
[1.616s] [ 25%] [34m[1mGenerating C type support dispatch for ROS interfaces[0m
[1.616s] [ 25%] [34m[1mGenerating C type support for eProsima Fast-RTPS[0m
[1.617s] [ 28%] [34m[1mGenerating C introspection for ROS interfaces[0m
[1.738s] [ 30%] [32mBuilding CXX object CMakeFiles/dynamixel_sdk_custom_interfaces__rosidl_typesupport_cpp.dir/rosidl_typesupport_cpp/dynamixel_sdk_custom_interfaces/srv/get_position__type_support.cpp.o[0m
[1.738s] [ 33%] [32mBuilding CXX object CMakeFiles/dynamixel_sdk_custom_interfaces__rosidl_typesupport_cpp.dir/rosidl_typesupport_cpp/dynamixel_sdk_custom_interfaces/msg/set_position__type_support.cpp.o[0m
[1.753s] [ 35%] [32mBuilding CXX object CMakeFiles/dynamixel_sdk_custom_interfaces__rosidl_typesupport_introspection_cpp.dir/rosidl_typesupport_introspection_cpp/dynamixel_sdk_custom_interfaces/srv/detail/get_position__type_support.cpp.o[0m
[1.754s] [ 38%] [32mBuilding CXX object CMakeFiles/dynamixel_sdk_custom_interfaces__rosidl_typesupport_introspection_cpp.dir/rosidl_typesupport_introspection_cpp/dynamixel_sdk_custom_interfaces/msg/detail/set_position__type_support.cpp.o[0m
[1.822s] [ 41%] [32mBuilding CXX object CMakeFiles/dynamixel_sdk_custom_interfaces__rosidl_typesupport_c.dir/rosidl_typesupport_c/dynamixel_sdk_custom_interfaces/srv/get_position__type_support.cpp.o[0m
[1.823s] [ 43%] [32mBuilding CXX object CMakeFiles/dynamixel_sdk_custom_interfaces__rosidl_typesupport_fastrtps_cpp.dir/rosidl_typesupport_fastrtps_cpp/dynamixel_sdk_custom_interfaces/msg/detail/dds_fastrtps/set_position__type_support.cpp.o[0m
[1.823s] [ 46%] [32mBuilding CXX object CMakeFiles/dynamixel_sdk_custom_interfaces__rosidl_typesupport_c.dir/rosidl_typesupport_c/dynamixel_sdk_custom_interfaces/msg/set_position__type_support.cpp.o[0m
[1.824s] [ 48%] [32mBuilding CXX object CMakeFiles/dynamixel_sdk_custom_interfaces__rosidl_typesupport_fastrtps_cpp.dir/rosidl_typesupport_fastrtps_cpp/dynamixel_sdk_custom_interfaces/srv/detail/dds_fastrtps/get_position__type_support.cpp.o[0m
[1.842s] [ 51%] [32mBuilding CXX object CMakeFiles/dynamixel_sdk_custom_interfaces__rosidl_typesupport_fastrtps_c.dir/rosidl_typesupport_fastrtps_c/dynamixel_sdk_custom_interfaces/srv/detail/get_position__type_support_c.cpp.o[0m
[1.843s] [ 53%] [32mBuilding CXX object CMakeFiles/dynamixel_sdk_custom_interfaces__rosidl_typesupport_fastrtps_c.dir/rosidl_typesupport_fastrtps_c/dynamixel_sdk_custom_interfaces/msg/detail/set_position__type_support_c.cpp.o[0m
[1.848s] [ 56%] [32m[1mLinking CXX shared library libdynamixel_sdk_custom_interfaces__rosidl_typesupport_c.so[0m
[1.853s] [ 58%] [32mBuilding C object CMakeFiles/dynamixel_sdk_custom_interfaces__rosidl_typesupport_introspection_c.dir/rosidl_typesupport_introspection_c/dynamixel_sdk_custom_interfaces/srv/detail/get_position__type_support.c.o[0m
[1.855s] [ 61%] [32mBuilding C object CMakeFiles/dynamixel_sdk_custom_interfaces__rosidl_typesupport_introspection_c.dir/rosidl_typesupport_introspection_c/dynamixel_sdk_custom_interfaces/msg/detail/set_position__type_support.c.o[0m
[1.883s] [ 61%] Built target dynamixel_sdk_custom_interfaces__rosidl_typesupport_c
[1.888s] [ 64%] [32m[1mLinking C shared library libdynamixel_sdk_custom_interfaces__rosidl_typesupport_introspection_c.so[0m
[1.922s] [ 64%] Built target dynamixel_sdk_custom_interfaces__rosidl_typesupport_introspection_c
[1.995s] [ 66%] [32m[1mLinking CXX shared library libdynamixel_sdk_custom_interfaces__rosidl_typesupport_introspection_cpp.so[0m
[2.031s] [ 69%] [32m[1mLinking CXX shared library libdynamixel_sdk_custom_interfaces__rosidl_typesupport_cpp.so[0m
[2.041s] [ 69%] Built target dynamixel_sdk_custom_interfaces__rosidl_typesupport_introspection_cpp
[2.070s] [ 69%] Built target dynamixel_sdk_custom_interfaces__rosidl_typesupport_cpp
[2.117s] [ 71%] [32m[1mLinking CXX shared library libdynamixel_sdk_custom_interfaces__rosidl_typesupport_fastrtps_cpp.so[0m
[2.118s] [ 74%] [32m[1mLinking CXX shared library libdynamixel_sdk_custom_interfaces__rosidl_typesupport_fastrtps_c.so[0m
[2.173s] [ 74%] Built target dynamixel_sdk_custom_interfaces__rosidl_typesupport_fastrtps_c
[2.173s] [ 74%] Built target dynamixel_sdk_custom_interfaces__rosidl_typesupport_fastrtps_cpp
[2.195s] [ 74%] Built target dynamixel_sdk_custom_interfaces
[2.213s] [ 76%] [34m[1mGenerating Python code for ROS interfaces[0m
[2.671s] [ 76%] Built target dynamixel_sdk_custom_interfaces__py
[2.690s] [ 79%] [32mBuilding C object CMakeFiles/dynamixel_sdk_custom_interfaces__rosidl_generator_py.dir/rosidl_generator_py/dynamixel_sdk_custom_interfaces/msg/_set_position_s.c.o[0m
[2.694s] [ 82%] [32mBuilding C object CMakeFiles/dynamixel_sdk_custom_interfaces__rosidl_generator_py.dir/rosidl_generator_py/dynamixel_sdk_custom_interfaces/srv/_get_position_s.c.o[0m
[2.831s] [ 84%] [32m[1mLinking C shared library rosidl_generator_py/dynamixel_sdk_custom_interfaces/libdynamixel_sdk_custom_interfaces__rosidl_generator_py.so[0m
[2.879s] [ 84%] Built target dynamixel_sdk_custom_interfaces__rosidl_generator_py
[2.897s] [ 87%] [32mBuilding C object CMakeFiles/dynamixel_sdk_custom_interfaces__rosidl_typesupport_fastrtps_c__pyext.dir/rosidl_generator_py/dynamixel_sdk_custom_interfaces/_dynamixel_sdk_custom_interfaces_s.ep.rosidl_typesupport_fastrtps_c.c.o[0m
[2.899s] [ 89%] [32mBuilding C object CMakeFiles/dynamixel_sdk_custom_interfaces__rosidl_typesupport_c__pyext.dir/rosidl_generator_py/dynamixel_sdk_custom_interfaces/_dynamixel_sdk_custom_interfaces_s.ep.rosidl_typesupport_c.c.o[0m
[2.899s] [ 92%] [32mBuilding C object CMakeFiles/dynamixel_sdk_custom_interfaces__rosidl_typesupport_introspection_c__pyext.dir/rosidl_generator_py/dynamixel_sdk_custom_interfaces/_dynamixel_sdk_custom_interfaces_s.ep.rosidl_typesupport_introspection_c.c.o[0m
[2.976s] [ 94%] [32m[1mLinking C shared library rosidl_generator_py/dynamixel_sdk_custom_interfaces/dynamixel_sdk_custom_interfaces_s__rosidl_typesupport_introspection_c.cpython-310-x86_64-linux-gnu.so[0m
[2.976s] [ 97%] [32m[1mLinking C shared library rosidl_generator_py/dynamixel_sdk_custom_interfaces/dynamixel_sdk_custom_interfaces_s__rosidl_typesupport_fastrtps_c.cpython-310-x86_64-linux-gnu.so[0m
[2.977s] [100%] [32m[1mLinking C shared library rosidl_generator_py/dynamixel_sdk_custom_interfaces/dynamixel_sdk_custom_interfaces_s__rosidl_typesupport_c.cpython-310-x86_64-linux-gnu.so[0m
[3.015s] [100%] Built target dynamixel_sdk_custom_interfaces__rosidl_typesupport_fastrtps_c__pyext
[3.016s] [100%] Built target dynamixel_sdk_custom_interfaces__rosidl_typesupport_c__pyext
[3.022s] [100%] Built target dynamixel_sdk_custom_interfaces__rosidl_typesupport_introspection_c__pyext
[3.032s] Invoked command in '/home/duck_sh/Mobile-Swarm-Navigation/build/dynamixel_sdk_custom_interfaces' returned '0': CMAKE_PREFIX_PATH=${CMAKE_PREFIX_PATH}:/home/duck_sh/ros2_ws/install/my_py_pkg:/home/duck_sh/turtlebot3_manipulation-humble-devel/install/ros2_controllers_test_nodes:/opt/ros/humble /usr/bin/cmake --build /home/duck_sh/Mobile-Swarm-Navigation/build/dynamixel_sdk_custom_interfaces -- -j32 -l32
[3.119s] Invoking command in '/home/duck_sh/Mobile-Swarm-Navigation/build/dynamixel_sdk_custom_interfaces': CMAKE_PREFIX_PATH=${CMAKE_PREFIX_PATH}:/home/duck_sh/ros2_ws/install/my_py_pkg:/home/duck_sh/turtlebot3_manipulation-humble-devel/install/ros2_controllers_test_nodes:/opt/ros/humble /usr/bin/cmake --install /home/duck_sh/Mobile-Swarm-Navigation/build/dynamixel_sdk_custom_interfaces
[3.126s] -- Install configuration: ""
[3.127s] -- Installing: /home/duck_sh/Mobile-Swarm-Navigation/install/dynamixel_sdk_custom_interfaces/share/ament_index/resource_index/rosidl_interfaces/dynamixel_sdk_custom_interfaces
[3.127s] -- Installing: /home/duck_sh/Mobile-Swarm-Navigation/install/dynamixel_sdk_custom_interfaces/include/dynamixel_sdk_custom_interfaces/dynamixel_sdk_custom_interfaces
[3.127s] -- Installing: /home/duck_sh/Mobile-Swarm-Navigation/install/dynamixel_sdk_custom_interfaces/include/dynamixel_sdk_custom_interfaces/dynamixel_sdk_custom_interfaces/srv
[3.127s] -- Installing: /home/duck_sh/Mobile-Swarm-Navigation/install/dynamixel_sdk_custom_interfaces/include/dynamixel_sdk_custom_interfaces/dynamixel_sdk_custom_interfaces/srv/get_position.h
[3.127s] -- Installing: /home/duck_sh/Mobile-Swarm-Navigation/install/dynamixel_sdk_custom_interfaces/include/dynamixel_sdk_custom_interfaces/dynamixel_sdk_custom_interfaces/srv/detail
[3.127s] -- Installing: /home/duck_sh/Mobile-Swarm-Navigation/install/dynamixel_sdk_custom_interfaces/include/dynamixel_sdk_custom_interfaces/dynamixel_sdk_custom_interfaces/srv/detail/get_position__functions.h
[3.127s] -- Installing: /home/duck_sh/Mobile-Swarm-Navigation/install/dynamixel_sdk_custom_interfaces/include/dynamixel_sdk_custom_interfaces/dynamixel_sdk_custom_interfaces/srv/detail/get_position__struct.h
[3.127s] -- Installing: /home/duck_sh/Mobile-Swarm-Navigation/install/dynamixel_sdk_custom_interfaces/include/dynamixel_sdk_custom_interfaces/dynamixel_sdk_custom_interfaces/srv/detail/get_position__type_support.h
[3.127s] -- Installing: /home/duck_sh/Mobile-Swarm-Navigation/install/dynamixel_sdk_custom_interfaces/include/dynamixel_sdk_custom_interfaces/dynamixel_sdk_custom_interfaces/srv/detail/get_position__functions.c
[3.127s] -- Installing: /home/duck_sh/Mobile-Swarm-Navigation/install/dynamixel_sdk_custom_interfaces/include/dynamixel_sdk_custom_interfaces/dynamixel_sdk_custom_interfaces/msg
[3.128s] -- Installing: /home/duck_sh/Mobile-Swarm-Navigation/install/dynamixel_sdk_custom_interfaces/include/dynamixel_sdk_custom_interfaces/dynamixel_sdk_custom_interfaces/msg/set_position.h
[3.128s] -- Installing: /home/duck_sh/Mobile-Swarm-Navigation/install/dynamixel_sdk_custom_interfaces/include/dynamixel_sdk_custom_interfaces/dynamixel_sdk_custom_interfaces/msg/detail
[3.128s] -- Installing: /home/duck_sh/Mobile-Swarm-Navigation/install/dynamixel_sdk_custom_interfaces/include/dynamixel_sdk_custom_interfaces/dynamixel_sdk_custom_interfaces/msg/detail/set_position__functions.c
[3.128s] -- Installing: /home/duck_sh/Mobile-Swarm-Navigation/install/dynamixel_sdk_custom_interfaces/include/dynamixel_sdk_custom_interfaces/dynamixel_sdk_custom_interfaces/msg/detail/set_position__functions.h
[3.128s] -- Installing: /home/duck_sh/Mobile-Swarm-Navigation/install/dynamixel_sdk_custom_interfaces/include/dynamixel_sdk_custom_interfaces/dynamixel_sdk_custom_interfaces/msg/detail/set_position__type_support.h
[3.128s] -- Installing: /home/duck_sh/Mobile-Swarm-Navigation/install/dynamixel_sdk_custom_interfaces/include/dynamixel_sdk_custom_interfaces/dynamixel_sdk_custom_interfaces/msg/detail/set_position__struct.h
[3.128s] -- Installing: /home/duck_sh/Mobile-Swarm-Navigation/install/dynamixel_sdk_custom_interfaces/include/dynamixel_sdk_custom_interfaces/dynamixel_sdk_custom_interfaces/msg/rosidl_generator_c__visibility_control.h
[3.128s] -- Installing: /home/duck_sh/Mobile-Swarm-Navigation/install/dynamixel_sdk_custom_interfaces/share/dynamixel_sdk_custom_interfaces/environment/library_path.sh
[3.128s] -- Installing: /home/duck_sh/Mobile-Swarm-Navigation/install/dynamixel_sdk_custom_interfaces/share/dynamixel_sdk_custom_interfaces/environment/library_path.dsv
[3.128s] -- Installing: /home/duck_sh/Mobile-Swarm-Navigation/install/dynamixel_sdk_custom_interfaces/lib/libdynamixel_sdk_custom_interfaces__rosidl_generator_c.so
[3.128s] -- Set runtime path of "/home/duck_sh/Mobile-Swarm-Navigation/install/dynamixel_sdk_custom_interfaces/lib/libdynamixel_sdk_custom_interfaces__rosidl_generator_c.so" to ""
[3.129s] -- Up-to-date: /home/duck_sh/Mobile-Swarm-Navigation/install/dynamixel_sdk_custom_interfaces/include/dynamixel_sdk_custom_interfaces/dynamixel_sdk_custom_interfaces
[3.129s] -- Up-to-date: /home/duck_sh/Mobile-Swarm-Navigation/install/dynamixel_sdk_custom_interfaces/include/dynamixel_sdk_custom_interfaces/dynamixel_sdk_custom_interfaces/srv
[3.129s] -- Up-to-date: /home/duck_sh/Mobile-Swarm-Navigation/install/dynamixel_sdk_custom_interfaces/include/dynamixel_sdk_custom_interfaces/dynamixel_sdk_custom_interfaces/srv/detail
[3.129s] -- Installing: /home/duck_sh/Mobile-Swarm-Navigation/install/dynamixel_sdk_custom_interfaces/include/dynamixel_sdk_custom_interfaces/dynamixel_sdk_custom_interfaces/srv/detail/get_position__rosidl_typesupport_fastrtps_c.h
[3.129s] -- Up-to-date: /home/duck_sh/Mobile-Swarm-Navigation/install/dynamixel_sdk_custom_interfaces/include/dynamixel_sdk_custom_interfaces/dynamixel_sdk_custom_interfaces/msg
[3.129s] -- Up-to-date: /home/duck_sh/Mobile-Swarm-Navigation/install/dynamixel_sdk_custom_interfaces/include/dynamixel_sdk_custom_interfaces/dynamixel_sdk_custom_interfaces/msg/detail
[3.129s] -- Installing: /home/duck_sh/Mobile-Swarm-Navigation/install/dynamixel_sdk_custom_interfaces/include/dynamixel_sdk_custom_interfaces/dynamixel_sdk_custom_interfaces/msg/detail/set_position__rosidl_typesupport_fastrtps_c.h
[3.129s] -- Installing: /home/duck_sh/Mobile-Swarm-Navigation/install/dynamixel_sdk_custom_interfaces/include/dynamixel_sdk_custom_interfaces/dynamixel_sdk_custom_interfaces/msg/rosidl_typesupport_fastrtps_c__visibility_control.h
[3.129s] -- Installing: /home/duck_sh/Mobile-Swarm-Navigation/install/dynamixel_sdk_custom_interfaces/lib/libdynamixel_sdk_custom_interfaces__rosidl_typesupport_fastrtps_c.so
[3.129s] -- Set runtime path of "/home/duck_sh/Mobile-Swarm-Navigation/install/dynamixel_sdk_custom_interfaces/lib/libdynamixel_sdk_custom_interfaces__rosidl_typesupport_fastrtps_c.so" to ""
[3.129s] -- Up-to-date: /home/duck_sh/Mobile-Swarm-Navigation/install/dynamixel_sdk_custom_interfaces/include/dynamixel_sdk_custom_interfaces/dynamixel_sdk_custom_interfaces
[3.129s] -- Up-to-date: /home/duck_sh/Mobile-Swarm-Navigation/install/dynamixel_sdk_custom_interfaces/include/dynamixel_sdk_custom_interfaces/dynamixel_sdk_custom_interfaces/srv
[3.130s] -- Up-to-date: /home/duck_sh/Mobile-Swarm-Navigation/install/dynamixel_sdk_custom_interfaces/include/dynamixel_sdk_custom_interfaces/dynamixel_sdk_custom_interfaces/srv/detail
[3.130s] -- Installing: /home/duck_sh/Mobile-Swarm-Navigation/install/dynamixel_sdk_custom_interfaces/include/dynamixel_sdk_custom_interfaces/dynamixel_sdk_custom_interfaces/srv/detail/get_position__builder.hpp
[3.130s] -- Installing: /home/duck_sh/Mobile-Swarm-Navigation/install/dynamixel_sdk_custom_interfaces/include/dynamixel_sdk_custom_interfaces/dynamixel_sdk_custom_interfaces/srv/detail/get_position__traits.hpp
[3.130s] -- Installing: /home/duck_sh/Mobile-Swarm-Navigation/install/dynamixel_sdk_custom_interfaces/include/dynamixel_sdk_custom_interfaces/dynamixel_sdk_custom_interfaces/srv/detail/get_position__struct.hpp
[3.130s] -- Installing: /home/duck_sh/Mobile-Swarm-Navigation/install/dynamixel_sdk_custom_interfaces/include/dynamixel_sdk_custom_interfaces/dynamixel_sdk_custom_interfaces/srv/get_position.hpp
[3.130s] -- Up-to-date: /home/duck_sh/Mobile-Swarm-Navigation/install/dynamixel_sdk_custom_interfaces/include/dynamixel_sdk_custom_interfaces/dynamixel_sdk_custom_interfaces/msg
[3.130s] -- Up-to-date: /home/duck_sh/Mobile-Swarm-Navigation/install/dynamixel_sdk_custom_interfaces/include/dynamixel_sdk_custom_interfaces/dynamixel_sdk_custom_interfaces/msg/detail
[3.130s] -- Installing: /home/duck_sh/Mobile-Swarm-Navigation/install/dynamixel_sdk_custom_interfaces/include/dynamixel_sdk_custom_interfaces/dynamixel_sdk_custom_interfaces/msg/detail/set_position__builder.hpp
[3.130s] -- Installing: /home/duck_sh/Mobile-Swarm-Navigation/install/dynamixel_sdk_custom_interfaces/include/dynamixel_sdk_custom_interfaces/dynamixel_sdk_custom_interfaces/msg/detail/set_position__traits.hpp
[3.130s] -- Installing: /home/duck_sh/Mobile-Swarm-Navigation/install/dynamixel_sdk_custom_interfaces/include/dynamixel_sdk_custom_interfaces/dynamixel_sdk_custom_interfaces/msg/detail/set_position__struct.hpp
[3.130s] -- Installing: /home/duck_sh/Mobile-Swarm-Navigation/install/dynamixel_sdk_custom_interfaces/include/dynamixel_sdk_custom_interfaces/dynamixel_sdk_custom_interfaces/msg/set_position.hpp
[3.131s] -- Up-to-date: /home/duck_sh/Mobile-Swarm-Navigation/install/dynamixel_sdk_custom_interfaces/include/dynamixel_sdk_custom_interfaces/dynamixel_sdk_custom_interfaces
[3.131s] -- Up-to-date: /home/duck_sh/Mobile-Swarm-Navigation/install/dynamixel_sdk_custom_interfaces/include/dynamixel_sdk_custom_interfaces/dynamixel_sdk_custom_interfaces/srv
[3.131s] -- Up-to-date: /home/duck_sh/Mobile-Swarm-Navigation/install/dynamixel_sdk_custom_interfaces/include/dynamixel_sdk_custom_interfaces/dynamixel_sdk_custom_interfaces/srv/detail
[3.131s] -- Installing: /home/duck_sh/Mobile-Swarm-Navigation/install/dynamixel_sdk_custom_interfaces/include/dynamixel_sdk_custom_interfaces/dynamixel_sdk_custom_interfaces/srv/detail/get_position__rosidl_typesupport_fastrtps_cpp.hpp
[3.131s] -- Installing: /home/duck_sh/Mobile-Swarm-Navigation/install/dynamixel_sdk_custom_interfaces/include/dynamixel_sdk_custom_interfaces/dynamixel_sdk_custom_interfaces/srv/detail/dds_fastrtps
[3.131s] -- Up-to-date: /home/duck_sh/Mobile-Swarm-Navigation/install/dynamixel_sdk_custom_interfaces/include/dynamixel_sdk_custom_interfaces/dynamixel_sdk_custom_interfaces/msg
[3.131s] -- Up-to-date: /home/duck_sh/Mobile-Swarm-Navigation/install/dynamixel_sdk_custom_interfaces/include/dynamixel_sdk_custom_interfaces/dynamixel_sdk_custom_interfaces/msg/detail
[3.131s] -- Installing: /home/duck_sh/Mobile-Swarm-Navigation/install/dynamixel_sdk_custom_interfaces/include/dynamixel_sdk_custom_interfaces/dynamixel_sdk_custom_interfaces/msg/detail/dds_fastrtps
[3.131s] -- Installing: /home/duck_sh/Mobile-Swarm-Navigation/install/dynamixel_sdk_custom_interfaces/include/dynamixel_sdk_custom_interfaces/dynamixel_sdk_custom_interfaces/msg/detail/set_position__rosidl_typesupport_fastrtps_cpp.hpp
[3.131s] -- Installing: /home/duck_sh/Mobile-Swarm-Navigation/install/dynamixel_sdk_custom_interfaces/include/dynamixel_sdk_custom_interfaces/dynamixel_sdk_custom_interfaces/msg/rosidl_typesupport_fastrtps_cpp__visibility_control.h
[3.131s] -- Installing: /home/duck_sh/Mobile-Swarm-Navigation/install/dynamixel_sdk_custom_interfaces/lib/libdynamixel_sdk_custom_interfaces__rosidl_typesupport_fastrtps_cpp.so
[3.132s] -- Set runtime path of "/home/duck_sh/Mobile-Swarm-Navigation/install/dynamixel_sdk_custom_interfaces/lib/libdynamixel_sdk_custom_interfaces__rosidl_typesupport_fastrtps_cpp.so" to ""
[3.132s] -- Up-to-date: /home/duck_sh/Mobile-Swarm-Navigation/install/dynamixel_sdk_custom_interfaces/include/dynamixel_sdk_custom_interfaces/dynamixel_sdk_custom_interfaces
[3.132s] -- Up-to-date: /home/duck_sh/Mobile-Swarm-Navigation/install/dynamixel_sdk_custom_interfaces/include/dynamixel_sdk_custom_interfaces/dynamixel_sdk_custom_interfaces/srv
[3.132s] -- Up-to-date: /home/duck_sh/Mobile-Swarm-Navigation/install/dynamixel_sdk_custom_interfaces/include/dynamixel_sdk_custom_interfaces/dynamixel_sdk_custom_interfaces/srv/detail
[3.132s] -- Installing: /home/duck_sh/Mobile-Swarm-Navigation/install/dynamixel_sdk_custom_interfaces/include/dynamixel_sdk_custom_interfaces/dynamixel_sdk_custom_interfaces/srv/detail/get_position__rosidl_typesupport_introspection_c.h
[3.132s] -- Installing: /home/duck_sh/Mobile-Swarm-Navigation/install/dynamixel_sdk_custom_interfaces/include/dynamixel_sdk_custom_interfaces/dynamixel_sdk_custom_interfaces/srv/detail/get_position__type_support.c
[3.132s] -- Up-to-date: /home/duck_sh/Mobile-Swarm-Navigation/install/dynamixel_sdk_custom_interfaces/include/dynamixel_sdk_custom_interfaces/dynamixel_sdk_custom_interfaces/msg
[3.132s] -- Installing: /home/duck_sh/Mobile-Swarm-Navigation/install/dynamixel_sdk_custom_interfaces/include/dynamixel_sdk_custom_interfaces/dynamixel_sdk_custom_interfaces/msg/rosidl_typesupport_introspection_c__visibility_control.h
[3.132s] -- Up-to-date: /home/duck_sh/Mobile-Swarm-Navigation/install/dynamixel_sdk_custom_interfaces/include/dynamixel_sdk_custom_interfaces/dynamixel_sdk_custom_interfaces/msg/detail
[3.132s] -- Installing: /home/duck_sh/Mobile-Swarm-Navigation/install/dynamixel_sdk_custom_interfaces/include/dynamixel_sdk_custom_interfaces/dynamixel_sdk_custom_interfaces/msg/detail/set_position__type_support.c
[3.132s] -- Installing: /home/duck_sh/Mobile-Swarm-Navigation/install/dynamixel_sdk_custom_interfaces/include/dynamixel_sdk_custom_interfaces/dynamixel_sdk_custom_interfaces/msg/detail/set_position__rosidl_typesupport_introspection_c.h
[3.132s] -- Installing: /home/duck_sh/Mobile-Swarm-Navigation/install/dynamixel_sdk_custom_interfaces/lib/libdynamixel_sdk_custom_interfaces__rosidl_typesupport_introspection_c.so
[3.132s] -- Set runtime path of "/home/duck_sh/Mobile-Swarm-Navigation/install/dynamixel_sdk_custom_interfaces/lib/libdynamixel_sdk_custom_interfaces__rosidl_typesupport_introspection_c.so" to ""
[3.133s] -- Installing: /home/duck_sh/Mobile-Swarm-Navigation/install/dynamixel_sdk_custom_interfaces/lib/libdynamixel_sdk_custom_interfaces__rosidl_typesupport_c.so
[3.133s] -- Set runtime path of "/home/duck_sh/Mobile-Swarm-Navigation/install/dynamixel_sdk_custom_interfaces/lib/libdynamixel_sdk_custom_interfaces__rosidl_typesupport_c.so" to ""
[3.133s] -- Up-to-date: /home/duck_sh/Mobile-Swarm-Navigation/install/dynamixel_sdk_custom_interfaces/include/dynamixel_sdk_custom_interfaces/dynamixel_sdk_custom_interfaces
[3.133s] -- Up-to-date: /home/duck_sh/Mobile-Swarm-Navigation/install/dynamixel_sdk_custom_interfaces/include/dynamixel_sdk_custom_interfaces/dynamixel_sdk_custom_interfaces/srv
[3.133s] -- Up-to-date: /home/duck_sh/Mobile-Swarm-Navigation/install/dynamixel_sdk_custom_interfaces/include/dynamixel_sdk_custom_interfaces/dynamixel_sdk_custom_interfaces/srv/detail
[3.133s] -- Installing: /home/duck_sh/Mobile-Swarm-Navigation/install/dynamixel_sdk_custom_interfaces/include/dynamixel_sdk_custom_interfaces/dynamixel_sdk_custom_interfaces/srv/detail/get_position__rosidl_typesupport_introspection_cpp.hpp
[3.133s] -- Installing: /home/duck_sh/Mobile-Swarm-Navigation/install/dynamixel_sdk_custom_interfaces/include/dynamixel_sdk_custom_interfaces/dynamixel_sdk_custom_interfaces/srv/detail/get_position__type_support.cpp
[3.133s] -- Up-to-date: /home/duck_sh/Mobile-Swarm-Navigation/install/dynamixel_sdk_custom_interfaces/include/dynamixel_sdk_custom_interfaces/dynamixel_sdk_custom_interfaces/msg
[3.133s] -- Up-to-date: /home/duck_sh/Mobile-Swarm-Navigation/install/dynamixel_sdk_custom_interfaces/include/dynamixel_sdk_custom_interfaces/dynamixel_sdk_custom_interfaces/msg/detail
[3.133s] -- Installing: /home/duck_sh/Mobile-Swarm-Navigation/install/dynamixel_sdk_custom_interfaces/include/dynamixel_sdk_custom_interfaces/dynamixel_sdk_custom_interfaces/msg/detail/set_position__type_support.cpp
[3.133s] -- Installing: /home/duck_sh/Mobile-Swarm-Navigation/install/dynamixel_sdk_custom_interfaces/include/dynamixel_sdk_custom_interfaces/dynamixel_sdk_custom_interfaces/msg/detail/set_position__rosidl_typesupport_introspection_cpp.hpp
[3.133s] -- Installing: /home/duck_sh/Mobile-Swarm-Navigation/install/dynamixel_sdk_custom_interfaces/lib/libdynamixel_sdk_custom_interfaces__rosidl_typesupport_introspection_cpp.so
[3.133s] -- Set runtime path of "/home/duck_sh/Mobile-Swarm-Navigation/install/dynamixel_sdk_custom_interfaces/lib/libdynamixel_sdk_custom_interfaces__rosidl_typesupport_introspection_cpp.so" to ""
[3.134s] -- Installing: /home/duck_sh/Mobile-Swarm-Navigation/install/dynamixel_sdk_custom_interfaces/lib/libdynamixel_sdk_custom_interfaces__rosidl_typesupport_cpp.so
[3.134s] -- Set runtime path of "/home/duck_sh/Mobile-Swarm-Navigation/install/dynamixel_sdk_custom_interfaces/lib/libdynamixel_sdk_custom_interfaces__rosidl_typesupport_cpp.so" to ""
[3.134s] -- Installing: /home/duck_sh/Mobile-Swarm-Navigation/install/dynamixel_sdk_custom_interfaces/share/dynamixel_sdk_custom_interfaces/environment/pythonpath.sh
[3.134s] -- Installing: /home/duck_sh/Mobile-Swarm-Navigation/install/dynamixel_sdk_custom_interfaces/share/dynamixel_sdk_custom_interfaces/environment/pythonpath.dsv
[3.134s] -- Installing: /home/duck_sh/Mobile-Swarm-Navigation/install/dynamixel_sdk_custom_interfaces/local/lib/python3.10/dist-packages/dynamixel_sdk_custom_interfaces-3.7.60-py3.10.egg-info
[3.134s] -- Installing: /home/duck_sh/Mobile-Swarm-Navigation/install/dynamixel_sdk_custom_interfaces/local/lib/python3.10/dist-packages/dynamixel_sdk_custom_interfaces-3.7.60-py3.10.egg-info/top_level.txt
[3.134s] -- Installing: /home/duck_sh/Mobile-Swarm-Navigation/install/dynamixel_sdk_custom_interfaces/local/lib/python3.10/dist-packages/dynamixel_sdk_custom_interfaces-3.7.60-py3.10.egg-info/SOURCES.txt
[3.134s] -- Installing: /home/duck_sh/Mobile-Swarm-Navigation/install/dynamixel_sdk_custom_interfaces/local/lib/python3.10/dist-packages/dynamixel_sdk_custom_interfaces-3.7.60-py3.10.egg-info/dependency_links.txt
[3.134s] -- Installing: /home/duck_sh/Mobile-Swarm-Navigation/install/dynamixel_sdk_custom_interfaces/local/lib/python3.10/dist-packages/dynamixel_sdk_custom_interfaces-3.7.60-py3.10.egg-info/PKG-INFO
[3.134s] -- Installing: /home/duck_sh/Mobile-Swarm-Navigation/install/dynamixel_sdk_custom_interfaces/local/lib/python3.10/dist-packages/dynamixel_sdk_custom_interfaces
[3.134s] -- Installing: /home/duck_sh/Mobile-Swarm-Navigation/install/dynamixel_sdk_custom_interfaces/local/lib/python3.10/dist-packages/dynamixel_sdk_custom_interfaces/dynamixel_sdk_custom_interfaces_s__rosidl_typesupport_introspection_c.cpython-310-x86_64-linux-gnu.so
[3.134s] -- Installing: /home/duck_sh/Mobile-Swarm-Navigation/install/dynamixel_sdk_custom_interfaces/local/lib/python3.10/dist-packages/dynamixel_sdk_custom_interfaces/_dynamixel_sdk_custom_interfaces_s.ep.rosidl_typesupport_introspection_c.c
[3.134s] -- Installing: /home/duck_sh/Mobile-Swarm-Navigation/install/dynamixel_sdk_custom_interfaces/local/lib/python3.10/dist-packages/dynamixel_sdk_custom_interfaces/libdynamixel_sdk_custom_interfaces__rosidl_generator_py.so
[3.134s] -- Installing: /home/duck_sh/Mobile-Swarm-Navigation/install/dynamixel_sdk_custom_interfaces/local/lib/python3.10/dist-packages/dynamixel_sdk_custom_interfaces/dynamixel_sdk_custom_interfaces_s__rosidl_typesupport_c.cpython-310-x86_64-linux-gnu.so
[3.135s] -- Installing: /home/duck_sh/Mobile-Swarm-Navigation/install/dynamixel_sdk_custom_interfaces/local/lib/python3.10/dist-packages/dynamixel_sdk_custom_interfaces/_dynamixel_sdk_custom_interfaces_s.ep.rosidl_typesupport_fastrtps_c.c
[3.135s] -- Installing: /home/duck_sh/Mobile-Swarm-Navigation/install/dynamixel_sdk_custom_interfaces/local/lib/python3.10/dist-packages/dynamixel_sdk_custom_interfaces/__init__.py
[3.135s] -- Installing: /home/duck_sh/Mobile-Swarm-Navigation/install/dynamixel_sdk_custom_interfaces/local/lib/python3.10/dist-packages/dynamixel_sdk_custom_interfaces/_dynamixel_sdk_custom_interfaces_s.ep.rosidl_typesupport_c.c
[3.135s] -- Installing: /home/duck_sh/Mobile-Swarm-Navigation/install/dynamixel_sdk_custom_interfaces/local/lib/python3.10/dist-packages/dynamixel_sdk_custom_interfaces/srv
[3.135s] -- Installing: /home/duck_sh/Mobile-Swarm-Navigation/install/dynamixel_sdk_custom_interfaces/local/lib/python3.10/dist-packages/dynamixel_sdk_custom_interfaces/srv/_get_position.py
[3.135s] -- Installing: /home/duck_sh/Mobile-Swarm-Navigation/install/dynamixel_sdk_custom_interfaces/local/lib/python3.10/dist-packages/dynamixel_sdk_custom_interfaces/srv/_get_position_s.c
[3.135s] -- Installing: /home/duck_sh/Mobile-Swarm-Navigation/install/dynamixel_sdk_custom_interfaces/local/lib/python3.10/dist-packages/dynamixel_sdk_custom_interfaces/srv/__init__.py
[3.135s] -- Installing: /home/duck_sh/Mobile-Swarm-Navigation/install/dynamixel_sdk_custom_interfaces/local/lib/python3.10/dist-packages/dynamixel_sdk_custom_interfaces/dynamixel_sdk_custom_interfaces_s__rosidl_typesupport_fastrtps_c.cpython-310-x86_64-linux-gnu.so
[3.135s] -- Installing: /home/duck_sh/Mobile-Swarm-Navigation/install/dynamixel_sdk_custom_interfaces/local/lib/python3.10/dist-packages/dynamixel_sdk_custom_interfaces/msg
[3.135s] -- Installing: /home/duck_sh/Mobile-Swarm-Navigation/install/dynamixel_sdk_custom_interfaces/local/lib/python3.10/dist-packages/dynamixel_sdk_custom_interfaces/msg/_set_position.py
[3.135s] -- Installing: /home/duck_sh/Mobile-Swarm-Navigation/install/dynamixel_sdk_custom_interfaces/local/lib/python3.10/dist-packages/dynamixel_sdk_custom_interfaces/msg/__init__.py
[3.135s] -- Installing: /home/duck_sh/Mobile-Swarm-Navigation/install/dynamixel_sdk_custom_interfaces/local/lib/python3.10/dist-packages/dynamixel_sdk_custom_interfaces/msg/_set_position_s.c
[3.166s] Listing '/home/duck_sh/Mobile-Swarm-Navigation/install/dynamixel_sdk_custom_interfaces/local/lib/python3.10/dist-packages/dynamixel_sdk_custom_interfaces'...
[3.166s] Compiling '/home/duck_sh/Mobile-Swarm-Navigation/install/dynamixel_sdk_custom_interfaces/local/lib/python3.10/dist-packages/dynamixel_sdk_custom_interfaces/__init__.py'...
[3.166s] Listing '/home/duck_sh/Mobile-Swarm-Navigation/install/dynamixel_sdk_custom_interfaces/local/lib/python3.10/dist-packages/dynamixel_sdk_custom_interfaces/msg'...
[3.166s] Compiling '/home/duck_sh/Mobile-Swarm-Navigation/install/dynamixel_sdk_custom_interfaces/local/lib/python3.10/dist-packages/dynamixel_sdk_custom_interfaces/msg/__init__.py'...
[3.166s] Compiling '/home/duck_sh/Mobile-Swarm-Navigation/install/dynamixel_sdk_custom_interfaces/local/lib/python3.10/dist-packages/dynamixel_sdk_custom_interfaces/msg/_set_position.py'...
[3.166s] Listing '/home/duck_sh/Mobile-Swarm-Navigation/install/dynamixel_sdk_custom_interfaces/local/lib/python3.10/dist-packages/dynamixel_sdk_custom_interfaces/srv'...
[3.166s] Compiling '/home/duck_sh/Mobile-Swarm-Navigation/install/dynamixel_sdk_custom_interfaces/local/lib/python3.10/dist-packages/dynamixel_sdk_custom_interfaces/srv/__init__.py'...
[3.166s] Compiling '/home/duck_sh/Mobile-Swarm-Navigation/install/dynamixel_sdk_custom_interfaces/local/lib/python3.10/dist-packages/dynamixel_sdk_custom_interfaces/srv/_get_position.py'...
[3.169s] -- Installing: /home/duck_sh/Mobile-Swarm-Navigation/install/dynamixel_sdk_custom_interfaces/local/lib/python3.10/dist-packages/dynamixel_sdk_custom_interfaces/dynamixel_sdk_custom_interfaces_s__rosidl_typesupport_fastrtps_c.cpython-310-x86_64-linux-gnu.so
[3.169s] -- Set runtime path of "/home/duck_sh/Mobile-Swarm-Navigation/install/dynamixel_sdk_custom_interfaces/local/lib/python3.10/dist-packages/dynamixel_sdk_custom_interfaces/dynamixel_sdk_custom_interfaces_s__rosidl_typesupport_fastrtps_c.cpython-310-x86_64-linux-gnu.so" to ""
[3.169s] -- Installing: /home/duck_sh/Mobile-Swarm-Navigation/install/dynamixel_sdk_custom_interfaces/local/lib/python3.10/dist-packages/dynamixel_sdk_custom_interfaces/dynamixel_sdk_custom_interfaces_s__rosidl_typesupport_introspection_c.cpython-310-x86_64-linux-gnu.so
[3.170s] -- Set runtime path of "/home/duck_sh/Mobile-Swarm-Navigation/install/dynamixel_sdk_custom_interfaces/local/lib/python3.10/dist-packages/dynamixel_sdk_custom_interfaces/dynamixel_sdk_custom_interfaces_s__rosidl_typesupport_introspection_c.cpython-310-x86_64-linux-gnu.so" to ""
[3.170s] -- Installing: /home/duck_sh/Mobile-Swarm-Navigation/install/dynamixel_sdk_custom_interfaces/local/lib/python3.10/dist-packages/dynamixel_sdk_custom_interfaces/dynamixel_sdk_custom_interfaces_s__rosidl_typesupport_c.cpython-310-x86_64-linux-gnu.so
[3.170s] -- Set runtime path of "/home/duck_sh/Mobile-Swarm-Navigation/install/dynamixel_sdk_custom_interfaces/local/lib/python3.10/dist-packages/dynamixel_sdk_custom_interfaces/dynamixel_sdk_custom_interfaces_s__rosidl_typesupport_c.cpython-310-x86_64-linux-gnu.so" to ""
[3.170s] -- Installing: /home/duck_sh/Mobile-Swarm-Navigation/install/dynamixel_sdk_custom_interfaces/lib/libdynamixel_sdk_custom_interfaces__rosidl_generator_py.so
[3.170s] -- Set runtime path of "/home/duck_sh/Mobile-Swarm-Navigation/install/dynamixel_sdk_custom_interfaces/lib/libdynamixel_sdk_custom_interfaces__rosidl_generator_py.so" to ""
[3.170s] -- Installing: /home/duck_sh/Mobile-Swarm-Navigation/install/dynamixel_sdk_custom_interfaces/share/dynamixel_sdk_custom_interfaces/msg/SetPosition.idl
[3.170s] -- Installing: /home/duck_sh/Mobile-Swarm-Navigation/install/dynamixel_sdk_custom_interfaces/share/dynamixel_sdk_custom_interfaces/srv/GetPosition.idl
[3.170s] -- Installing: /home/duck_sh/Mobile-Swarm-Navigation/install/dynamixel_sdk_custom_interfaces/share/dynamixel_sdk_custom_interfaces/msg/SetPosition.msg
[3.171s] -- Installing: /home/duck_sh/Mobile-Swarm-Navigation/install/dynamixel_sdk_custom_interfaces/share/dynamixel_sdk_custom_interfaces/srv/GetPosition.srv
[3.171s] -- Installing: /home/duck_sh/Mobile-Swarm-Navigation/install/dynamixel_sdk_custom_interfaces/share/dynamixel_sdk_custom_interfaces/srv/GetPosition_Request.msg
[3.171s] -- Installing: /home/duck_sh/Mobile-Swarm-Navigation/install/dynamixel_sdk_custom_interfaces/share/dynamixel_sdk_custom_interfaces/srv/GetPosition_Response.msg
[3.171s] -- Installing: /home/duck_sh/Mobile-Swarm-Navigation/install/dynamixel_sdk_custom_interfaces/share/ament_index/resource_index/package_run_dependencies/dynamixel_sdk_custom_interfaces
[3.171s] -- Installing: /home/duck_sh/Mobile-Swarm-Navigation/install/dynamixel_sdk_custom_interfaces/share/ament_index/resource_index/parent_prefix_path/dynamixel_sdk_custom_interfaces
[3.171s] -- Installing: /home/duck_sh/Mobile-Swarm-Navigation/install/dynamixel_sdk_custom_interfaces/share/dynamixel_sdk_custom_interfaces/environment/ament_prefix_path.sh
[3.171s] -- Installing: /home/duck_sh/Mobile-Swarm-Navigation/install/dynamixel_sdk_custom_interfaces/share/dynamixel_sdk_custom_interfaces/environment/ament_prefix_path.dsv
[3.171s] -- Installing: /home/duck_sh/Mobile-Swarm-Navigation/install/dynamixel_sdk_custom_interfaces/share/dynamixel_sdk_custom_interfaces/environment/path.sh
[3.171s] -- Installing: /home/duck_sh/Mobile-Swarm-Navigation/install/dynamixel_sdk_custom_interfaces/share/dynamixel_sdk_custom_interfaces/environment/path.dsv
[3.171s] -- Installing: /home/duck_sh/Mobile-Swarm-Navigation/install/dynamixel_sdk_custom_interfaces/share/dynamixel_sdk_custom_interfaces/local_setup.bash
[3.171s] -- Installing: /home/duck_sh/Mobile-Swarm-Navigation/install/dynamixel_sdk_custom_interfaces/share/dynamixel_sdk_custom_interfaces/local_setup.sh
[3.171s] -- Installing: /home/duck_sh/Mobile-Swarm-Navigation/install/dynamixel_sdk_custom_interfaces/share/dynamixel_sdk_custom_interfaces/local_setup.zsh
[3.171s] -- Installing: /home/duck_sh/Mobile-Swarm-Navigation/install/dynamixel_sdk_custom_interfaces/share/dynamixel_sdk_custom_interfaces/local_setup.dsv
[3.172s] -- Installing: /home/duck_sh/Mobile-Swarm-Navigation/install/dynamixel_sdk_custom_interfaces/share/dynamixel_sdk_custom_interfaces/package.dsv
[3.172s] -- Installing: /home/duck_sh/Mobile-Swarm-Navigation/install/dynamixel_sdk_custom_interfaces/share/ament_index/resource_index/packages/dynamixel_sdk_custom_interfaces
[3.172s] -- Installing: /home/duck_sh/Mobile-Swarm-Navigation/install/dynamixel_sdk_custom_interfaces/share/dynamixel_sdk_custom_interfaces/cmake/export_dynamixel_sdk_custom_interfaces__rosidl_generator_cExport.cmake
[3.172s] -- Installing: /home/duck_sh/Mobile-Swarm-Navigation/install/dynamixel_sdk_custom_interfaces/share/dynamixel_sdk_custom_interfaces/cmake/export_dynamixel_sdk_custom_interfaces__rosidl_generator_cExport-noconfig.cmake
[3.172s] -- Installing: /home/duck_sh/Mobile-Swarm-Navigation/install/dynamixel_sdk_custom_interfaces/share/dynamixel_sdk_custom_interfaces/cmake/export_dynamixel_sdk_custom_interfaces__rosidl_typesupport_fastrtps_cExport.cmake
[3.172s] -- Installing: /home/duck_sh/Mobile-Swarm-Navigation/install/dynamixel_sdk_custom_interfaces/share/dynamixel_sdk_custom_interfaces/cmake/export_dynamixel_sdk_custom_interfaces__rosidl_typesupport_fastrtps_cExport-noconfig.cmake
[3.172s] -- Installing: /home/duck_sh/Mobile-Swarm-Navigation/install/dynamixel_sdk_custom_interfaces/share/dynamixel_sdk_custom_interfaces/cmake/export_dynamixel_sdk_custom_interfaces__rosidl_generator_cppExport.cmake
[3.172s] -- Installing: /home/duck_sh/Mobile-Swarm-Navigation/install/dynamixel_sdk_custom_interfaces/share/dynamixel_sdk_custom_interfaces/cmake/export_dynamixel_sdk_custom_interfaces__rosidl_typesupport_fastrtps_cppExport.cmake
[3.172s] -- Installing: /home/duck_sh/Mobile-Swarm-Navigation/install/dynamixel_sdk_custom_interfaces/share/dynamixel_sdk_custom_interfaces/cmake/export_dynamixel_sdk_custom_interfaces__rosidl_typesupport_fastrtps_cppExport-noconfig.cmake
[3.172s] -- Installing: /home/duck_sh/Mobile-Swarm-Navigation/install/dynamixel_sdk_custom_interfaces/share/dynamixel_sdk_custom_interfaces/cmake/dynamixel_sdk_custom_interfaces__rosidl_typesupport_introspection_cExport.cmake
[3.172s] -- Installing: /home/duck_sh/Mobile-Swarm-Navigation/install/dynamixel_sdk_custom_interfaces/share/dynamixel_sdk_custom_interfaces/cmake/dynamixel_sdk_custom_interfaces__rosidl_typesupport_introspection_cExport-noconfig.cmake
[3.172s] -- Installing: /home/duck_sh/Mobile-Swarm-Navigation/install/dynamixel_sdk_custom_interfaces/share/dynamixel_sdk_custom_interfaces/cmake/dynamixel_sdk_custom_interfaces__rosidl_typesupport_cExport.cmake
[3.172s] -- Installing: /home/duck_sh/Mobile-Swarm-Navigation/install/dynamixel_sdk_custom_interfaces/share/dynamixel_sdk_custom_interfaces/cmake/dynamixel_sdk_custom_interfaces__rosidl_typesupport_cExport-noconfig.cmake
[3.172s] -- Installing: /home/duck_sh/Mobile-Swarm-Navigation/install/dynamixel_sdk_custom_interfaces/share/dynamixel_sdk_custom_interfaces/cmake/dynamixel_sdk_custom_interfaces__rosidl_typesupport_introspection_cppExport.cmake
[3.173s] -- Installing: /home/duck_sh/Mobile-Swarm-Navigation/install/dynamixel_sdk_custom_interfaces/share/dynamixel_sdk_custom_interfaces/cmake/dynamixel_sdk_custom_interfaces__rosidl_typesupport_introspection_cppExport-noconfig.cmake
[3.173s] -- Installing: /home/duck_sh/Mobile-Swarm-Navigation/install/dynamixel_sdk_custom_interfaces/share/dynamixel_sdk_custom_interfaces/cmake/dynamixel_sdk_custom_interfaces__rosidl_typesupport_cppExport.cmake
[3.173s] -- Installing: /home/duck_sh/Mobile-Swarm-Navigation/install/dynamixel_sdk_custom_interfaces/share/dynamixel_sdk_custom_interfaces/cmake/dynamixel_sdk_custom_interfaces__rosidl_typesupport_cppExport-noconfig.cmake
[3.173s] -- Installing: /home/duck_sh/Mobile-Swarm-Navigation/install/dynamixel_sdk_custom_interfaces/share/dynamixel_sdk_custom_interfaces/cmake/export_dynamixel_sdk_custom_interfaces__rosidl_generator_pyExport.cmake
[3.173s] -- Installing: /home/duck_sh/Mobile-Swarm-Navigation/install/dynamixel_sdk_custom_interfaces/share/dynamixel_sdk_custom_interfaces/cmake/export_dynamixel_sdk_custom_interfaces__rosidl_generator_pyExport-noconfig.cmake
[3.173s] -- Installing: /home/duck_sh/Mobile-Swarm-Navigation/install/dynamixel_sdk_custom_interfaces/share/dynamixel_sdk_custom_interfaces/cmake/rosidl_cmake-extras.cmake
[3.173s] -- Installing: /home/duck_sh/Mobile-Swarm-Navigation/install/dynamixel_sdk_custom_interfaces/share/dynamixel_sdk_custom_interfaces/cmake/ament_cmake_export_dependencies-extras.cmake
[3.173s] -- Installing: /home/duck_sh/Mobile-Swarm-Navigation/install/dynamixel_sdk_custom_interfaces/share/dynamixel_sdk_custom_interfaces/cmake/ament_cmake_export_include_directories-extras.cmake
[3.173s] -- Installing: /home/duck_sh/Mobile-Swarm-Navigation/install/dynamixel_sdk_custom_interfaces/share/dynamixel_sdk_custom_interfaces/cmake/ament_cmake_export_libraries-extras.cmake
[3.173s] -- Installing: /home/duck_sh/Mobile-Swarm-Navigation/install/dynamixel_sdk_custom_interfaces/share/dynamixel_sdk_custom_interfaces/cmake/ament_cmake_export_targets-extras.cmake
[3.173s] -- Installing: /home/duck_sh/Mobile-Swarm-Navigation/install/dynamixel_sdk_custom_interfaces/share/dynamixel_sdk_custom_interfaces/cmake/rosidl_cmake_export_typesupport_targets-extras.cmake
[3.173s] -- Installing: /home/duck_sh/Mobile-Swarm-Navigation/install/dynamixel_sdk_custom_interfaces/share/dynamixel_sdk_custom_interfaces/cmake/rosidl_cmake_export_typesupport_libraries-extras.cmake
[3.173s] -- Installing: /home/duck_sh/Mobile-Swarm-Navigation/install/dynamixel_sdk_custom_interfaces/share/dynamixel_sdk_custom_interfaces/cmake/dynamixel_sdk_custom_interfacesConfig.cmake
[3.173s] -- Installing: /home/duck_sh/Mobile-Swarm-Navigation/install/dynamixel_sdk_custom_interfaces/share/dynamixel_sdk_custom_interfaces/cmake/dynamixel_sdk_custom_interfacesConfig-version.cmake
[3.173s] -- Installing: /home/duck_sh/Mobile-Swarm-Navigation/install/dynamixel_sdk_custom_interfaces/share/dynamixel_sdk_custom_interfaces/package.xml
[3.175s] Invoked command in '/home/duck_sh/Mobile-Swarm-Navigation/build/dynamixel_sdk_custom_interfaces' returned '0': CMAKE_PREFIX_PATH=${CMAKE_PREFIX_PATH}:/home/duck_sh/ros2_ws/install/my_py_pkg:/home/duck_sh/turtlebot3_manipulation-humble-devel/install/ros2_controllers_test_nodes:/opt/ros/humble /usr/bin/cmake --install /home/duck_sh/Mobile-Swarm-Navigation/build/dynamixel_sdk_custom_interfaces
