[0.926s] Invoking command in '/home/pacman/turtlebot3_ws/src/dbms': PYTHONPATH=/home/pacman/turtlebot3_ws/build/dbms/prefix_override:/home/pacman/.local/lib/python3.10/site-packages/colcon_core/task/python/colcon_distutils_commands:/home/pacman/turtlebot3_ws/install/dbms/lib/python3.10/site-packages:${PYTHONPATH} /usr/bin/python3 -W ignore:setup.py install is deprecated setup.py egg_info --egg-base ../../build/dbms build --build-base /home/pacman/turtlebot3_ws/build/dbms/build install --record /home/pacman/turtlebot3_ws/build/dbms/install.log --single-version-externally-managed install_data
[1.096s] running egg_info
[1.096s] creating ../../build/dbms/dbms.egg-info
[1.096s] writing ../../build/dbms/dbms.egg-info/PKG-INFO
[1.096s] writing dependency_links to ../../build/dbms/dbms.egg-info/dependency_links.txt
[1.096s] writing entry points to ../../build/dbms/dbms.egg-info/entry_points.txt
[1.096s] writing requirements to ../../build/dbms/dbms.egg-info/requires.txt
[1.097s] writing top-level names to ../../build/dbms/dbms.egg-info/top_level.txt
[1.097s] writing manifest file '../../build/dbms/dbms.egg-info/SOURCES.txt'
[1.098s] reading manifest file '../../build/dbms/dbms.egg-info/SOURCES.txt'
[1.098s] writing manifest file '../../build/dbms/dbms.egg-info/SOURCES.txt'
[1.098s] running build
[1.098s] running build_py
[1.098s] creating /home/pacman/turtlebot3_ws/build/dbms/build
[1.098s] creating /home/pacman/turtlebot3_ws/build/dbms/build/lib
[1.098s] creating /home/pacman/turtlebot3_ws/build/dbms/build/lib/dbms
[1.099s] copying dbms/__init__.py -> /home/pacman/turtlebot3_ws/build/dbms/build/lib/dbms
[1.099s] copying dbms/dbms_processor.py -> /home/pacman/turtlebot3_ws/build/dbms/build/lib/dbms
[1.099s] copying dbms/dbms1.py -> /home/pacman/turtlebot3_ws/build/dbms/build/lib/dbms
[1.099s] running install
[1.099s] running install_lib
[1.099s] creating /home/pacman/turtlebot3_ws/install/dbms/lib/python3.10/site-packages/dbms
[1.099s] copying /home/pacman/turtlebot3_ws/build/dbms/build/lib/dbms/__init__.py -> /home/pacman/turtlebot3_ws/install/dbms/lib/python3.10/site-packages/dbms
[1.099s] copying /home/pacman/turtlebot3_ws/build/dbms/build/lib/dbms/dbms_processor.py -> /home/pacman/turtlebot3_ws/install/dbms/lib/python3.10/site-packages/dbms
[1.100s] copying /home/pacman/turtlebot3_ws/build/dbms/build/lib/dbms/dbms1.py -> /home/pacman/turtlebot3_ws/install/dbms/lib/python3.10/site-packages/dbms
[1.100s] byte-compiling /home/pacman/turtlebot3_ws/install/dbms/lib/python3.10/site-packages/dbms/__init__.py to __init__.cpython-310.pyc
[1.100s] byte-compiling /home/pacman/turtlebot3_ws/install/dbms/lib/python3.10/site-packages/dbms/dbms_processor.py to dbms_processor.cpython-310.pyc
[1.100s] byte-compiling /home/pacman/turtlebot3_ws/install/dbms/lib/python3.10/site-packages/dbms/dbms1.py to dbms1.cpython-310.pyc
[1.100s] running install_data
[1.101s] creating /home/pacman/turtlebot3_ws/install/dbms/share/ament_index
[1.101s] creating /home/pacman/turtlebot3_ws/install/dbms/share/ament_index/resource_index
[1.101s] creating /home/pacman/turtlebot3_ws/install/dbms/share/ament_index/resource_index/packages
[1.101s] copying resource/dbms -> /home/pacman/turtlebot3_ws/install/dbms/share/ament_index/resource_index/packages
[1.101s] copying package.xml -> /home/pacman/turtlebot3_ws/install/dbms/share/dbms
[1.101s] running install_egg_info
[1.102s] Copying ../../build/dbms/dbms.egg-info to /home/pacman/turtlebot3_ws/install/dbms/lib/python3.10/site-packages/dbms-0.0.0-py3.10.egg-info
[1.102s] running install_scripts
[1.117s] writing list of installed files to '/home/pacman/turtlebot3_ws/build/dbms/install.log'
[1.219s] Invoked command in '/home/pacman/turtlebot3_ws/src/dbms' returned '0': PYTHONPATH=/home/pacman/turtlebot3_ws/build/dbms/prefix_override:/home/pacman/.local/lib/python3.10/site-packages/colcon_core/task/python/colcon_distutils_commands:/home/pacman/turtlebot3_ws/install/dbms/lib/python3.10/site-packages:${PYTHONPATH} /usr/bin/python3 -W ignore:setup.py install is deprecated setup.py egg_info --egg-base ../../build/dbms build --build-base /home/pacman/turtlebot3_ws/build/dbms/build install --record /home/pacman/turtlebot3_ws/build/dbms/install.log --single-version-externally-managed install_data
