[0.044s] Invoking command in '/home/duck_sh/Mobile-Swarm-Navigation/build/dynamixel_sdk': CMAKE_PREFIX_PATH=${CMAKE_PREFIX_PATH}:/home/duck_sh/Mobile-Swarm-Navigation/install/turtlebot3_teleop:/home/duck_sh/Mobile-Swarm-Navigation/install/turtlebot3_example:/home/duck_sh/ros2_ws/install/my_py_pkg:/home/duck_sh/turtlebot3_manipulation-humble-devel/install/ros2_controllers_test_nodes:/opt/ros/humble /usr/bin/cmake --build /home/duck_sh/Mobile-Swarm-Navigation/build/dynamixel_sdk -- -j32 -l32
[0.263s] [100%] Built target dynamixel_sdk
[0.269s] Invoked command in '/home/duck_sh/Mobile-Swarm-Navigation/build/dynamixel_sdk' returned '0': CMAKE_PREFIX_PATH=${CMAKE_PREFIX_PATH}:/home/duck_sh/Mobile-Swarm-Navigation/install/turtlebot3_teleop:/home/duck_sh/Mobile-Swarm-Navigation/install/turtlebot3_example:/home/duck_sh/ros2_ws/install/my_py_pkg:/home/duck_sh/turtlebot3_manipulation-humble-devel/install/ros2_controllers_test_nodes:/opt/ros/humble /usr/bin/cmake --build /home/duck_sh/Mobile-Swarm-Navigation/build/dynamixel_sdk -- -j32 -l32
[0.398s] Invoking command in '/home/duck_sh/Mobile-Swarm-Navigation/build/dynamixel_sdk': CMAKE_PREFIX_PATH=${CMAKE_PREFIX_PATH}:/home/duck_sh/Mobile-Swarm-Navigation/install/turtlebot3_teleop:/home/duck_sh/Mobile-Swarm-Navigation/install/turtlebot3_example:/home/duck_sh/ros2_ws/install/my_py_pkg:/home/duck_sh/turtlebot3_manipulation-humble-devel/install/ros2_controllers_test_nodes:/opt/ros/humble /usr/bin/cmake --install /home/duck_sh/Mobile-Swarm-Navigation/build/dynamixel_sdk
[0.404s] -- Install configuration: ""
[0.406s] -- Up-to-date: /home/duck_sh/Mobile-Swarm-Navigation/install/dynamixel_sdk/include/
[0.406s] -- Up-to-date: /home/duck_sh/Mobile-Swarm-Navigation/install/dynamixel_sdk/include//dynamixel_sdk
[0.407s] -- Up-to-date: /home/duck_sh/Mobile-Swarm-Navigation/install/dynamixel_sdk/include//dynamixel_sdk/group_bulk_read.h
[0.407s] -- Up-to-date: /home/duck_sh/Mobile-Swarm-Navigation/install/dynamixel_sdk/include//dynamixel_sdk/group_sync_write.h
[0.407s] -- Up-to-date: /home/duck_sh/Mobile-Swarm-Navigation/install/dynamixel_sdk/include//dynamixel_sdk/port_handler_arduino.h
[0.407s] -- Up-to-date: /home/duck_sh/Mobile-Swarm-Navigation/install/dynamixel_sdk/include//dynamixel_sdk/port_handler_mac.h
[0.407s] -- Up-to-date: /home/duck_sh/Mobile-Swarm-Navigation/install/dynamixel_sdk/include//dynamixel_sdk/dynamixel_sdk.h
[0.407s] -- Up-to-date: /home/duck_sh/Mobile-Swarm-Navigation/install/dynamixel_sdk/include//dynamixel_sdk/port_handler_windows.h
[0.407s] -- Up-to-date: /home/duck_sh/Mobile-Swarm-Navigation/install/dynamixel_sdk/include//dynamixel_sdk/port_handler.h
[0.407s] -- Up-to-date: /home/duck_sh/Mobile-Swarm-Navigation/install/dynamixel_sdk/include//dynamixel_sdk/packet_handler.h
[0.407s] -- Up-to-date: /home/duck_sh/Mobile-Swarm-Navigation/install/dynamixel_sdk/include//dynamixel_sdk/protocol1_packet_handler.h
[0.407s] -- Up-to-date: /home/duck_sh/Mobile-Swarm-Navigation/install/dynamixel_sdk/include//dynamixel_sdk/protocol2_packet_handler.h
[0.407s] -- Up-to-date: /home/duck_sh/Mobile-Swarm-Navigation/install/dynamixel_sdk/include//dynamixel_sdk/group_sync_read.h
[0.407s] -- Up-to-date: /home/duck_sh/Mobile-Swarm-Navigation/install/dynamixel_sdk/include//dynamixel_sdk/port_handler_linux.h
[0.407s] -- Up-to-date: /home/duck_sh/Mobile-Swarm-Navigation/install/dynamixel_sdk/include//dynamixel_sdk/group_bulk_write.h
[0.407s] -- Up-to-date: /home/duck_sh/Mobile-Swarm-Navigation/install/dynamixel_sdk/lib/libdynamixel_sdk.so
[0.407s] -- Up-to-date: /home/duck_sh/Mobile-Swarm-Navigation/install/dynamixel_sdk/share/dynamixel_sdk/environment/library_path.sh
[0.407s] -- Up-to-date: /home/duck_sh/Mobile-Swarm-Navigation/install/dynamixel_sdk/share/dynamixel_sdk/environment/library_path.dsv
[0.407s] -- Up-to-date: /home/duck_sh/Mobile-Swarm-Navigation/install/dynamixel_sdk/share/ament_index/resource_index/package_run_dependencies/dynamixel_sdk
[0.407s] -- Up-to-date: /home/duck_sh/Mobile-Swarm-Navigation/install/dynamixel_sdk/share/ament_index/resource_index/parent_prefix_path/dynamixel_sdk
[0.408s] -- Up-to-date: /home/duck_sh/Mobile-Swarm-Navigation/install/dynamixel_sdk/share/dynamixel_sdk/environment/ament_prefix_path.sh
[0.408s] -- Up-to-date: /home/duck_sh/Mobile-Swarm-Navigation/install/dynamixel_sdk/share/dynamixel_sdk/environment/ament_prefix_path.dsv
[0.409s] -- Up-to-date: /home/duck_sh/Mobile-Swarm-Navigation/install/dynamixel_sdk/share/dynamixel_sdk/environment/path.sh
[0.409s] -- Up-to-date: /home/duck_sh/Mobile-Swarm-Navigation/install/dynamixel_sdk/share/dynamixel_sdk/environment/path.dsv
[0.409s] -- Up-to-date: /home/duck_sh/Mobile-Swarm-Navigation/install/dynamixel_sdk/share/dynamixel_sdk/local_setup.bash
[0.409s] -- Up-to-date: /home/duck_sh/Mobile-Swarm-Navigation/install/dynamixel_sdk/share/dynamixel_sdk/local_setup.sh
[0.409s] -- Up-to-date: /home/duck_sh/Mobile-Swarm-Navigation/install/dynamixel_sdk/share/dynamixel_sdk/local_setup.zsh
[0.409s] -- Up-to-date: /home/duck_sh/Mobile-Swarm-Navigation/install/dynamixel_sdk/share/dynamixel_sdk/local_setup.dsv
[0.409s] -- Installing: /home/duck_sh/Mobile-Swarm-Navigation/install/dynamixel_sdk/share/dynamixel_sdk/package.dsv
[0.409s] -- Up-to-date: /home/duck_sh/Mobile-Swarm-Navigation/install/dynamixel_sdk/share/ament_index/resource_index/packages/dynamixel_sdk
[0.409s] -- Up-to-date: /home/duck_sh/Mobile-Swarm-Navigation/install/dynamixel_sdk/share/dynamixel_sdk/cmake/ament_cmake_export_include_directories-extras.cmake
[0.409s] -- Up-to-date: /home/duck_sh/Mobile-Swarm-Navigation/install/dynamixel_sdk/share/dynamixel_sdk/cmake/ament_cmake_export_libraries-extras.cmake
[0.409s] -- Up-to-date: /home/duck_sh/Mobile-Swarm-Navigation/install/dynamixel_sdk/share/dynamixel_sdk/cmake/dynamixel_sdkConfig.cmake
[0.409s] -- Up-to-date: /home/duck_sh/Mobile-Swarm-Navigation/install/dynamixel_sdk/share/dynamixel_sdk/cmake/dynamixel_sdkConfig-version.cmake
[0.409s] -- Up-to-date: /home/duck_sh/Mobile-Swarm-Navigation/install/dynamixel_sdk/share/dynamixel_sdk/package.xml
[0.433s] Invoked command in '/home/duck_sh/Mobile-Swarm-Navigation/build/dynamixel_sdk' returned '0': CMAKE_PREFIX_PATH=${CMAKE_PREFIX_PATH}:/home/duck_sh/Mobile-Swarm-Navigation/install/turtlebot3_teleop:/home/duck_sh/Mobile-Swarm-Navigation/install/turtlebot3_example:/home/duck_sh/ros2_ws/install/my_py_pkg:/home/duck_sh/turtlebot3_manipulation-humble-devel/install/ros2_controllers_test_nodes:/opt/ros/humble /usr/bin/cmake --install /home/duck_sh/Mobile-Swarm-Navigation/build/dynamixel_sdk
