[0.031s] Invoking command in '/home/pacman/tortoisebot_rb/build/turtlebot3_description': CMAKE_PREFIX_PATH=${CMAKE_PREFIX_PATH}:/home/pacman/tortoisebot_rb/install/turtlebot3_teleop:/home/pacman/tortoisebot_rb/install/tortoisebot_slam:/home/pacman/tortoisebot_rb/install/tortoisebot_navigation:/home/pacman/tortoisebot_rb/install/tortoisebot_imu:/home/pacman/tortoisebot_rb/install/tortoisebot_control:/opt/ros/humble /usr/bin/cmake /home/pacman/tortoisebot_rb/tortoisebot/turtlebot3/turtlebot3/turtlebot3_description -DCMAKE_INSTALL_PREFIX=/home/pacman/tortoisebot_rb/install/turtlebot3_description
[0.518s] -- The C compiler identification is GNU 11.4.0
[0.518s] -- The CXX compiler identification is GNU 11.4.0
[0.518s] -- Detecting C compiler ABI info
[0.518s] -- Detecting C compiler ABI info - done
[0.518s] -- Check for working C compiler: /usr/bin/cc - skipped
[0.519s] -- Detecting C compile features
[0.519s] -- Detecting C compile features - done
[0.519s] -- Detecting CXX compiler ABI info
[0.520s] -- Detecting CXX compiler ABI info - done
[0.520s] -- Check for working CXX compiler: /usr/bin/c++ - skipped
[0.520s] -- Detecting CXX compile features
[0.520s] -- Detecting CXX compile features - done
[0.520s] -- Found ament_cmake: 1.3.10 (/opt/ros/humble/share/ament_cmake/cmake)
[0.522s] -- Found Python3: /usr/bin/python3 (found version "3.10.12") found components: Interpreter 
[0.522s] -- Found urdf: 2.6.1 (/opt/ros/humble/share/urdf/cmake)
[0.559s] -- Configuring done
[0.560s] -- Generating done
[0.561s] -- Build files have been written to: /home/pacman/tortoisebot_rb/build/turtlebot3_description
[0.567s] Invoked command in '/home/pacman/tortoisebot_rb/build/turtlebot3_description' returned '0': CMAKE_PREFIX_PATH=${CMAKE_PREFIX_PATH}:/home/pacman/tortoisebot_rb/install/turtlebot3_teleop:/home/pacman/tortoisebot_rb/install/tortoisebot_slam:/home/pacman/tortoisebot_rb/install/tortoisebot_navigation:/home/pacman/tortoisebot_rb/install/tortoisebot_imu:/home/pacman/tortoisebot_rb/install/tortoisebot_control:/opt/ros/humble /usr/bin/cmake /home/pacman/tortoisebot_rb/tortoisebot/turtlebot3/turtlebot3/turtlebot3_description -DCMAKE_INSTALL_PREFIX=/home/pacman/tortoisebot_rb/install/turtlebot3_description
[0.568s] Invoking command in '/home/pacman/tortoisebot_rb/build/turtlebot3_description': CMAKE_PREFIX_PATH=${CMAKE_PREFIX_PATH}:/home/pacman/tortoisebot_rb/install/turtlebot3_teleop:/home/pacman/tortoisebot_rb/install/tortoisebot_slam:/home/pacman/tortoisebot_rb/install/tortoisebot_navigation:/home/pacman/tortoisebot_rb/install/tortoisebot_imu:/home/pacman/tortoisebot_rb/install/tortoisebot_control:/opt/ros/humble /usr/bin/cmake --build /home/pacman/tortoisebot_rb/build/turtlebot3_description -- -j12 -l12
[0.623s] Invoked command in '/home/pacman/tortoisebot_rb/build/turtlebot3_description' returned '0': CMAKE_PREFIX_PATH=${CMAKE_PREFIX_PATH}:/home/pacman/tortoisebot_rb/install/turtlebot3_teleop:/home/pacman/tortoisebot_rb/install/tortoisebot_slam:/home/pacman/tortoisebot_rb/install/tortoisebot_navigation:/home/pacman/tortoisebot_rb/install/tortoisebot_imu:/home/pacman/tortoisebot_rb/install/tortoisebot_control:/opt/ros/humble /usr/bin/cmake --build /home/pacman/tortoisebot_rb/build/turtlebot3_description -- -j12 -l12
[0.653s] Invoking command in '/home/pacman/tortoisebot_rb/build/turtlebot3_description': CMAKE_PREFIX_PATH=${CMAKE_PREFIX_PATH}:/home/pacman/tortoisebot_rb/install/turtlebot3_teleop:/home/pacman/tortoisebot_rb/install/tortoisebot_slam:/home/pacman/tortoisebot_rb/install/tortoisebot_navigation:/home/pacman/tortoisebot_rb/install/tortoisebot_imu:/home/pacman/tortoisebot_rb/install/tortoisebot_control:/opt/ros/humble /usr/bin/cmake --install /home/pacman/tortoisebot_rb/build/turtlebot3_description
[0.659s] -- Install configuration: ""
[0.659s] -- Installing: /home/pacman/tortoisebot_rb/install/turtlebot3_description/share/turtlebot3_description/meshes
[0.659s] -- Installing: /home/pacman/tortoisebot_rb/install/turtlebot3_description/share/turtlebot3_description/meshes/bases
[0.659s] -- Installing: /home/pacman/tortoisebot_rb/install/turtlebot3_description/share/turtlebot3_description/meshes/bases/waffle_base.stl
[0.676s] -- Installing: /home/pacman/tortoisebot_rb/install/turtlebot3_description/share/turtlebot3_description/meshes/bases/waffle_pi_base.stl
[0.685s] -- Installing: /home/pacman/tortoisebot_rb/install/turtlebot3_description/share/turtlebot3_description/meshes/bases/burger_base.stl
[0.691s] -- Installing: /home/pacman/tortoisebot_rb/install/turtlebot3_description/share/turtlebot3_description/meshes/sensors
[0.691s] -- Installing: /home/pacman/tortoisebot_rb/install/turtlebot3_description/share/turtlebot3_description/meshes/sensors/astra.jpg
[0.691s] -- Installing: /home/pacman/tortoisebot_rb/install/turtlebot3_description/share/turtlebot3_description/meshes/sensors/astra.dae
[0.715s] -- Installing: /home/pacman/tortoisebot_rb/install/turtlebot3_description/share/turtlebot3_description/meshes/sensors/r200.jpg
[0.715s] -- Installing: /home/pacman/tortoisebot_rb/install/turtlebot3_description/share/turtlebot3_description/meshes/sensors/lds.stl
[0.715s] -- Installing: /home/pacman/tortoisebot_rb/install/turtlebot3_description/share/turtlebot3_description/meshes/sensors/r200.dae
[0.715s] -- Installing: /home/pacman/tortoisebot_rb/install/turtlebot3_description/share/turtlebot3_description/meshes/wheels
[0.715s] -- Installing: /home/pacman/tortoisebot_rb/install/turtlebot3_description/share/turtlebot3_description/meshes/wheels/left_tire.stl
[0.715s] -- Installing: /home/pacman/tortoisebot_rb/install/turtlebot3_description/share/turtlebot3_description/meshes/wheels/right_tire.stl
[0.718s] -- Installing: /home/pacman/tortoisebot_rb/install/turtlebot3_description/share/turtlebot3_description/rviz
[0.718s] -- Installing: /home/pacman/tortoisebot_rb/install/turtlebot3_description/share/turtlebot3_description/rviz/model.rviz
[0.719s] -- Installing: /home/pacman/tortoisebot_rb/install/turtlebot3_description/share/turtlebot3_description/urdf
[0.721s] -- Installing: /home/pacman/tortoisebot_rb/install/turtlebot3_description/share/turtlebot3_description/urdf/turtlebot3_burger.urdf
[0.721s] -- Installing: /home/pacman/tortoisebot_rb/install/turtlebot3_description/share/turtlebot3_description/urdf/turtlebot3_waffle.urdf
[0.722s] -- Installing: /home/pacman/tortoisebot_rb/install/turtlebot3_description/share/turtlebot3_description/urdf/common_properties.urdf
[0.722s] -- Installing: /home/pacman/tortoisebot_rb/install/turtlebot3_description/share/turtlebot3_description/urdf/turtlebot3_waffle_pi.urdf
[0.722s] -- Installing: /home/pacman/tortoisebot_rb/install/turtlebot3_description/share/ament_index/resource_index/package_run_dependencies/turtlebot3_description
[0.722s] -- Installing: /home/pacman/tortoisebot_rb/install/turtlebot3_description/share/ament_index/resource_index/parent_prefix_path/turtlebot3_description
[0.724s] -- Installing: /home/pacman/tortoisebot_rb/install/turtlebot3_description/share/turtlebot3_description/environment/ament_prefix_path.sh
[0.724s] -- Installing: /home/pacman/tortoisebot_rb/install/turtlebot3_description/share/turtlebot3_description/environment/ament_prefix_path.dsv
[0.724s] -- Installing: /home/pacman/tortoisebot_rb/install/turtlebot3_description/share/turtlebot3_description/environment/path.sh
[0.724s] -- Installing: /home/pacman/tortoisebot_rb/install/turtlebot3_description/share/turtlebot3_description/environment/path.dsv
[0.724s] -- Installing: /home/pacman/tortoisebot_rb/install/turtlebot3_description/share/turtlebot3_description/local_setup.bash
[0.724s] -- Installing: /home/pacman/tortoisebot_rb/install/turtlebot3_description/share/turtlebot3_description/local_setup.sh
[0.725s] -- Installing: /home/pacman/tortoisebot_rb/install/turtlebot3_description/share/turtlebot3_description/local_setup.zsh
[0.725s] -- Installing: /home/pacman/tortoisebot_rb/install/turtlebot3_description/share/turtlebot3_description/local_setup.dsv
[0.725s] -- Installing: /home/pacman/tortoisebot_rb/install/turtlebot3_description/share/turtlebot3_description/package.dsv
[0.725s] -- Installing: /home/pacman/tortoisebot_rb/install/turtlebot3_description/share/ament_index/resource_index/packages/turtlebot3_description
[0.725s] -- Installing: /home/pacman/tortoisebot_rb/install/turtlebot3_description/share/turtlebot3_description/cmake/turtlebot3_descriptionConfig.cmake
[0.725s] -- Installing: /home/pacman/tortoisebot_rb/install/turtlebot3_description/share/turtlebot3_description/cmake/turtlebot3_descriptionConfig-version.cmake
[0.725s] -- Installing: /home/pacman/tortoisebot_rb/install/turtlebot3_description/share/turtlebot3_description/package.xml
[0.726s] Invoked command in '/home/pacman/tortoisebot_rb/build/turtlebot3_description' returned '0': CMAKE_PREFIX_PATH=${CMAKE_PREFIX_PATH}:/home/pacman/tortoisebot_rb/install/turtlebot3_teleop:/home/pacman/tortoisebot_rb/install/tortoisebot_slam:/home/pacman/tortoisebot_rb/install/tortoisebot_navigation:/home/pacman/tortoisebot_rb/install/tortoisebot_imu:/home/pacman/tortoisebot_rb/install/tortoisebot_control:/opt/ros/humble /usr/bin/cmake --install /home/pacman/tortoisebot_rb/build/turtlebot3_description
