[0.008s] Invoking command in '/home/pacman/turtlebot3_ws/build/aws_robomaker_hospital_world': CMAKE_PREFIX_PATH=${CMAKE_PREFIX_PATH}:/home/pacman/turtlebot3_ws/install/turtlebot3_teleop:/home/pacman/turtlebot3_ws/install/turtlebot3_example:/home/pacman/turtlebot3_ws/install/frame_changer:/opt/ros/humble /usr/bin/cmake /home/pacman/turtlebot3_ws/src/aws-robomaker-hospital-world -DCMAKE_INSTALL_PREFIX=/home/pacman/turtlebot3_ws/install/aws_robomaker_hospital_world
[0.050s] -- The C compiler identification is GNU 11.4.0
[0.089s] -- The CXX compiler identification is GNU 11.4.0
[0.094s] -- Detecting C compiler ABI info
[0.145s] -- Detecting C compiler ABI info - done
[0.150s] -- Check for working C compiler: /usr/bin/cc - skipped
[0.150s] -- Detecting C compile features
[0.150s] -- Detecting C compile features - done
[0.152s] -- Detecting CXX compiler ABI info
[0.206s] -- Detecting CXX compiler ABI info - done
[0.214s] -- Check for working CXX compiler: /usr/bin/c++ - skipped
[0.214s] -- Detecting CXX compile features
[0.215s] -- Detecting CXX compile features - done
[0.217s] -- Found ament_cmake: 1.3.10 (/opt/ros/humble/share/ament_cmake/cmake)
[0.319s] -- Found Python3: /usr/bin/python3 (found version "3.10.12") found components: Interpreter 
[0.383s] -- Found gazebo_ros: 3.7.0 (/opt/ros/humble/share/gazebo_ros/cmake)
[0.418s] -- Found rosidl_generator_c: 3.1.5 (/opt/ros/humble/share/rosidl_generator_c/cmake)
[0.422s] -- Found rosidl_adapter: 3.1.5 (/opt/ros/humble/share/rosidl_adapter/cmake)
[0.428s] -- Found rosidl_generator_cpp: 3.1.5 (/opt/ros/humble/share/rosidl_generator_cpp/cmake)
[0.437s] -- Using all available rosidl_typesupport_c: rosidl_typesupport_fastrtps_c;rosidl_typesupport_introspection_c
[0.449s] -- Using all available rosidl_typesupport_cpp: rosidl_typesupport_fastrtps_cpp;rosidl_typesupport_introspection_cpp
[0.482s] -- Found rmw_implementation_cmake: 6.1.2 (/opt/ros/humble/share/rmw_implementation_cmake/cmake)
[0.484s] -- Found rmw_fastrtps_cpp: 6.2.7 (/opt/ros/humble/share/rmw_fastrtps_cpp/cmake)
[0.552s] -- Found OpenSSL: /usr/lib/x86_64-linux-gnu/libcrypto.so (found version "3.0.2")  
[0.574s] -- Found FastRTPS: /opt/ros/humble/include  
[0.602s] -- Using RMW implementation 'rmw_fastrtps_cpp' as default
[0.609s] -- Looking for pthread.h
[0.663s] -- Looking for pthread.h - found
[0.663s] -- Performing Test CMAKE_HAVE_LIBC_PTHREAD
[0.715s] -- Performing Test CMAKE_HAVE_LIBC_PTHREAD - Success
[0.716s] -- Found Threads: TRUE  
[0.755s] -- Found PkgConfig: /usr/bin/pkg-config (found version "0.29.2") 
[0.756s] -- Checking for module 'bullet>=2.82'
[0.767s] --   Found bullet, version 3.05
[0.852s] -- Found fcl: /usr/include (found suitable version "0.7.0", minimum required is "0.5.0") 
[0.894s] -- Found assimp: /usr/include (found version "5.2.0") 
[0.909s] -- Found DART: /usr/include (Required is at least version "6.6") found components: dart 
[0.931s] -- Found Boost: /usr/lib/x86_64-linux-gnu/cmake/Boost-1.74.0/BoostConfig.cmake (found suitable version "1.74.0", minimum required is "1.40.0") found components: thread system filesystem program_options regex iostreams date_time 
[0.941s] -- Found Protobuf: /usr/lib/x86_64-linux-gnu/libprotobuf.so (found version "3.12.4") 
[0.946s] -- Looking for ignition-math6 -- found version 6.15.1
[0.950s] -- Searching for dependencies of ignition-math6
[0.951s] -- Looking for OGRE...
[0.951s] -- OGRE_PREFIX_WATCH changed.
[0.956s] -- Checking for module 'OGRE'
[0.968s] --   Found OGRE, version 1.9.0
[0.995s] -- Found Ogre Ghadamon (1.9.0)
[1.000s] -- Found OGRE: optimized;/usr/lib/x86_64-linux-gnu/libOgreMain.so;debug;/usr/lib/x86_64-linux-gnu/libOgreMain.so
[1.007s] -- Looking for OGRE_Paging...
[1.010s] -- Found OGRE_Paging: optimized;/usr/lib/x86_64-linux-gnu/libOgrePaging.so;debug;/usr/lib/x86_64-linux-gnu/libOgrePaging.so
[1.010s] -- Looking for OGRE_Terrain...
[1.014s] -- Found OGRE_Terrain: optimized;/usr/lib/x86_64-linux-gnu/libOgreTerrain.so;debug;/usr/lib/x86_64-linux-gnu/libOgreTerrain.so
[1.014s] -- Looking for OGRE_Property...
[1.018s] -- Found OGRE_Property: optimized;/usr/lib/x86_64-linux-gnu/libOgreProperty.so;debug;/usr/lib/x86_64-linux-gnu/libOgreProperty.so
[1.018s] -- Looking for OGRE_RTShaderSystem...
[1.022s] -- Found OGRE_RTShaderSystem: optimized;/usr/lib/x86_64-linux-gnu/libOgreRTShaderSystem.so;debug;/usr/lib/x86_64-linux-gnu/libOgreRTShaderSystem.so
[1.022s] -- Looking for OGRE_Volume...
[1.025s] -- Found OGRE_Volume: optimized;/usr/lib/x86_64-linux-gnu/libOgreVolume.so;debug;/usr/lib/x86_64-linux-gnu/libOgreVolume.so
[1.025s] -- Looking for OGRE_Overlay...
[1.029s] -- Found OGRE_Overlay: optimized;/usr/lib/x86_64-linux-gnu/libOgreOverlay.so;debug;/usr/lib/x86_64-linux-gnu/libOgreOverlay.so
[1.109s] -- Looking for ignition-math6 -- found version 6.15.1
[1.112s] -- Looking for ignition-transport8 -- found version 8.2.1
[1.112s] -- Searching for dependencies of ignition-transport8
[1.124s] -- Found Protobuf: /usr/lib/x86_64-linux-gnu/libprotobuf.so (found suitable version "3.12.4", minimum required is "3") 
[1.131s] -- Config-file not installed for ZeroMQ -- checking for pkg-config
[1.134s] -- Checking for module 'libzmq >= 4'
[1.146s] --   Found libzmq , version 4.3.4
[1.176s] -- Found ZeroMQ: TRUE (Required is at least version "4") 
[1.181s] -- Checking for module 'uuid'
[1.193s] --   Found uuid, version 2.37.2
[1.218s] -- Found UUID: TRUE  
[1.220s] -- Looking for ignition-msgs5 -- found version 5.8.1
[1.221s] -- Searching for dependencies of ignition-msgs5
[1.235s] -- Looking for ignition-math6 -- found version 6.15.1
[1.239s] -- Checking for module 'tinyxml2'
[1.251s] --   Found tinyxml2, version 9.0.0
[1.278s] -- Looking for ignition-msgs5 -- found version 5.8.1
[1.280s] -- Looking for ignition-common3 -- found version 3.14.0
[1.280s] -- Searching for dependencies of ignition-common3
[1.281s] -- Looking for dlfcn.h - found
[1.281s] -- Looking for libdl - found
[1.282s] -- Found DL: TRUE  
[1.291s] -- Found tinyobjloader: /usr/lib/x86_64-linux-gnu/cmake/tinyobjloader/tinyobjloader-config.cmake (found version "2.0.0") 
[1.291s] -- Searching for <ignition-common3> component [graphics]
[1.293s] -- Looking for ignition-common3-graphics -- found version 3.14.0
[1.293s] -- Searching for dependencies of ignition-common3-graphics
[1.294s] -- Looking for ignition-math6 -- found version 6.15.1
[1.296s] -- Looking for ignition-fuel_tools4 -- found version 4.4.0
[1.296s] -- Searching for dependencies of ignition-fuel_tools4
[1.359s] -- Found CURL: /usr/lib/x86_64-linux-gnu/libcurl.so (found version "7.81.0")  
[1.366s] -- Checking for module 'jsoncpp'
[1.379s] --   Found jsoncpp, version 1.9.5
[1.406s] -- Found JSONCPP: TRUE  
[1.410s] -- Checking for module 'libzip'
[1.421s] --   Found libzip, version 1.7.3
[1.449s] -- Found ZIP: TRUE  
[1.449s] -- Looking for ignition-common3 -- found version 3.14.0
[1.449s] -- Looking for ignition-math6 -- found version 6.15.1
[1.449s] -- Looking for ignition-msgs5 -- found version 5.8.1
[1.452s] -- Gazebo version: 11.10
[1.452s] -- Checking for module 'tbb'
[1.463s] --   Found tbb, version 2021.5.0
[1.489s] running python3 -m pip install -r /home/pacman/turtlebot3_ws/src/aws-robomaker-hospital-world/requirements.txt 2>&1
[1.662s] Defaulting to user installation because normal site-packages is not writeable
[1.791s] Requirement already satisfied: docopt>=0.6.2 in /home/pacman/.local/lib/python3.10/site-packages (from -r /home/pacman/turtlebot3_ws/src/aws-robomaker-hospital-world/requirements.txt (line 1)) (0.6.2)
[1.791s] Requirement already satisfied: requests in /usr/lib/python3/dist-packages (from -r /home/pacman/turtlebot3_ws/src/aws-robomaker-hospital-world/requirements.txt (line 2)) (2.25.1)
[1.791s] Requirement already satisfied: lxml in /usr/lib/python3/dist-packages (from -r /home/pacman/turtlebot3_ws/src/aws-robomaker-hospital-world/requirements.txt (line 3)) (4.8.0)
[1.918s] running python3 /home/pacman/turtlebot3_ws/src/aws-robomaker-hospital-world/fuel_utility.py download -m XRayMachine -m IVStand -m BloodPressureMonitor -m BPCart -m BMWCart -m CGMClassic -m StorageRack -m Chair -m InstrumentCart1 -m Scrubs -m PatientWheelChair -m WhiteChipChair -m TrolleyBed -m SurgicalTrolley -m PotatoChipChair -m VisitorKidSit -m FemaleVisitorSit -m AdjTable -m MopCart3 -m MaleVisitorSit -m Drawer -m OfficeChairBlack -m ElderLadyPatient -m ElderMalePatient -m InstrumentCart2 -m MetalCabinet -m BedTable -m BedsideTable -m AnesthesiaMachine -m TrolleyBedPatient -m Shower -m SurgicalTrolleyMed -m StorageRackCovered -m KitchenSink -m Toilet -m VendingMachine -m ParkingTrolleyMin -m PatientFSit -m MaleVisitorOnPhone -m FemaleVisitor -m MalePatientBed -m StorageRackCoverOpen -m ParkingTrolleyMax -d /home/pacman/turtlebot3_ws/src/aws-robomaker-hospital-world/fuel_models --verbose 2>&1
[1.987s] DEBUG:root:Arguments provided: {"download": true, "--query": null, "--model": ["XRayMachine", "IVStand", "BloodPressureMonitor", "BPCart", "BMWCart", "CGMClassic", "StorageRack", "Chair", "InstrumentCart1", "Scrubs", "PatientWheelChair", "WhiteChipChair", "TrolleyBed", "SurgicalTrolley", "PotatoChipChair", "VisitorKidSit", "FemaleVisitorSit", "AdjTable", "MopCart3", "MaleVisitorSit", "Drawer", "OfficeChairBlack", "ElderLadyPatient", "ElderMalePatient", "InstrumentCart2", "MetalCabinet", "BedTable", "BedsideTable", "AnesthesiaMachine", "TrolleyBedPatient", "Shower", "SurgicalTrolleyMed", "StorageRackCovered", "KitchenSink", "Toilet", "VendingMachine", "ParkingTrolleyMin", "PatientFSit", "MaleVisitorOnPhone", "FemaleVisitor", "MalePatientBed", "StorageRackCoverOpen", "ParkingTrolleyMax"], "--version": 0, "-,": false, "--verbose": true, "--destination": "/home/pacman/turtlebot3_ws/src/aws-robomaker-hospital-world/fuel_models"}
[1.987s] INFO:root:Starting fuel models..
[1.987s] INFO:root:Fetching model XRayMachine.
[1.988s] DEBUG:urllib3.connectionpool:Starting new HTTPS connection (1): fuel.ignitionrobotics.org:443
[4.707s] DEBUG:urllib3.connectionpool:https://fuel.ignitionrobotics.org:443 "GET /1.0/OpenRobotics/models/XRayMachine HTTP/1.1" 200 406
[4.708s] INFO:root:Fetching model IVStand.
[4.708s] DEBUG:urllib3.connectionpool:Starting new HTTPS connection (1): fuel.ignitionrobotics.org:443
[6.552s] DEBUG:urllib3.connectionpool:https://fuel.ignitionrobotics.org:443 "GET /1.0/OpenRobotics/models/IVStand HTTP/1.1" 200 408
[6.553s] INFO:root:Fetching model BloodPressureMonitor.
[6.553s] DEBUG:urllib3.connectionpool:Starting new HTTPS connection (1): fuel.ignitionrobotics.org:443
[8.195s] DEBUG:urllib3.connectionpool:https://fuel.ignitionrobotics.org:443 "GET /1.0/OpenRobotics/models/BloodPressureMonitor HTTP/1.1" 200 401
[8.196s] INFO:root:Fetching model BPCart.
[8.196s] DEBUG:urllib3.connectionpool:Starting new HTTPS connection (1): fuel.ignitionrobotics.org:443
[10.441s] DEBUG:urllib3.connectionpool:https://fuel.ignitionrobotics.org:443 "GET /1.0/OpenRobotics/models/BPCart HTTP/1.1" 200 402
[10.442s] INFO:root:Fetching model BMWCart.
[10.442s] DEBUG:urllib3.connectionpool:Starting new HTTPS connection (1): fuel.ignitionrobotics.org:443
[13.002s] DEBUG:urllib3.connectionpool:https://fuel.ignitionrobotics.org:443 "GET /1.0/OpenRobotics/models/BMWCart HTTP/1.1" 200 391
[13.002s] INFO:root:Fetching model CGMClassic.
[13.003s] DEBUG:urllib3.connectionpool:Starting new HTTPS connection (1): fuel.ignitionrobotics.org:443
[15.768s] DEBUG:urllib3.connectionpool:https://fuel.ignitionrobotics.org:443 "GET /1.0/OpenRobotics/models/CGMClassic HTTP/1.1" 200 386
[15.768s] INFO:root:Fetching model StorageRack.
[15.769s] DEBUG:urllib3.connectionpool:Starting new HTTPS connection (1): fuel.ignitionrobotics.org:443
[18.020s] DEBUG:urllib3.connectionpool:https://fuel.ignitionrobotics.org:443 "GET /1.0/OpenRobotics/models/StorageRack HTTP/1.1" 200 385
[18.021s] INFO:root:Fetching model Chair.
[18.021s] DEBUG:urllib3.connectionpool:Starting new HTTPS connection (1): fuel.ignitionrobotics.org:443
[20.684s] DEBUG:urllib3.connectionpool:https://fuel.ignitionrobotics.org:443 "GET /1.0/OpenRobotics/models/Chair HTTP/1.1" 200 391
[20.685s] INFO:root:Fetching model InstrumentCart1.
[20.686s] DEBUG:urllib3.connectionpool:Starting new HTTPS connection (1): fuel.ignitionrobotics.org:443
[22.629s] DEBUG:urllib3.connectionpool:https://fuel.ignitionrobotics.org:443 "GET /1.0/OpenRobotics/models/InstrumentCart1 HTTP/1.1" 200 387
[22.630s] INFO:root:Fetching model Scrubs.
[22.630s] DEBUG:urllib3.connectionpool:Starting new HTTPS connection (1): fuel.ignitionrobotics.org:443
[24.267s] DEBUG:urllib3.connectionpool:https://fuel.ignitionrobotics.org:443 "GET /1.0/OpenRobotics/models/Scrubs HTTP/1.1" 200 382
[24.267s] INFO:root:Fetching model PatientWheelChair.
[24.268s] DEBUG:urllib3.connectionpool:Starting new HTTPS connection (1): fuel.ignitionrobotics.org:443
[26.117s] DEBUG:urllib3.connectionpool:https://fuel.ignitionrobotics.org:443 "GET /1.0/OpenRobotics/models/PatientWheelChair HTTP/1.1" 200 402
[26.117s] INFO:root:Fetching model WhiteChipChair.
[26.118s] DEBUG:urllib3.connectionpool:Starting new HTTPS connection (1): fuel.ignitionrobotics.org:443
[27.748s] DEBUG:urllib3.connectionpool:https://fuel.ignitionrobotics.org:443 "GET /1.0/OpenRobotics/models/WhiteChipChair HTTP/1.1" 200 394
[27.749s] INFO:root:Fetching model TrolleyBed.
[27.749s] DEBUG:urllib3.connectionpool:Starting new HTTPS connection (1): fuel.ignitionrobotics.org:443
[29.692s] DEBUG:urllib3.connectionpool:https://fuel.ignitionrobotics.org:443 "GET /1.0/OpenRobotics/models/TrolleyBed HTTP/1.1" 200 397
[29.693s] INFO:root:Fetching model SurgicalTrolley.
[29.693s] DEBUG:urllib3.connectionpool:Starting new HTTPS connection (1): fuel.ignitionrobotics.org:443
[31.335s] DEBUG:urllib3.connectionpool:https://fuel.ignitionrobotics.org:443 "GET /1.0/OpenRobotics/models/SurgicalTrolley HTTP/1.1" 200 383
[31.336s] INFO:root:Fetching model PotatoChipChair.
[31.336s] DEBUG:urllib3.connectionpool:Starting new HTTPS connection (1): fuel.ignitionrobotics.org:443
[33.956s] DEBUG:urllib3.connectionpool:https://fuel.ignitionrobotics.org:443 "GET /1.0/OpenRobotics/models/PotatoChipChair HTTP/1.1" 200 411
[33.957s] INFO:root:Fetching model VisitorKidSit.
[33.957s] DEBUG:urllib3.connectionpool:Starting new HTTPS connection (1): fuel.ignitionrobotics.org:443
[36.553s] DEBUG:urllib3.connectionpool:https://fuel.ignitionrobotics.org:443 "GET /1.0/OpenRobotics/models/VisitorKidSit HTTP/1.1" 200 396
[36.554s] INFO:root:Fetching model FemaleVisitorSit.
[36.554s] DEBUG:urllib3.connectionpool:Starting new HTTPS connection (1): fuel.ignitionrobotics.org:443
[38.294s] DEBUG:urllib3.connectionpool:https://fuel.ignitionrobotics.org:443 "GET /1.0/OpenRobotics/models/FemaleVisitorSit HTTP/1.1" 200 379
[38.295s] INFO:root:Fetching model AdjTable.
[38.295s] DEBUG:urllib3.connectionpool:Starting new HTTPS connection (1): fuel.ignitionrobotics.org:443
[40.345s] DEBUG:urllib3.connectionpool:https://fuel.ignitionrobotics.org:443 "GET /1.0/OpenRobotics/models/AdjTable HTTP/1.1" 200 391
[40.346s] INFO:root:Fetching model MopCart3.
[40.346s] DEBUG:urllib3.connectionpool:Starting new HTTPS connection (1): fuel.ignitionrobotics.org:443
[42.903s] DEBUG:urllib3.connectionpool:https://fuel.ignitionrobotics.org:443 "GET /1.0/OpenRobotics/models/MopCart3 HTTP/1.1" 200 395
[42.904s] INFO:root:Fetching model MaleVisitorSit.
[42.905s] DEBUG:urllib3.connectionpool:Starting new HTTPS connection (1): fuel.ignitionrobotics.org:443
[45.564s] DEBUG:urllib3.connectionpool:https://fuel.ignitionrobotics.org:443 "GET /1.0/OpenRobotics/models/MaleVisitorSit HTTP/1.1" 200 376
[45.565s] INFO:root:Fetching model Drawer.
[45.566s] DEBUG:urllib3.connectionpool:Starting new HTTPS connection (1): fuel.ignitionrobotics.org:443
[47.212s] DEBUG:urllib3.connectionpool:https://fuel.ignitionrobotics.org:443 "GET /1.0/OpenRobotics/models/Drawer HTTP/1.1" 200 377
[47.213s] INFO:root:Fetching model OfficeChairBlack.
[47.214s] DEBUG:urllib3.connectionpool:Starting new HTTPS connection (1): fuel.ignitionrobotics.org:443
[51.609s] DEBUG:urllib3.connectionpool:https://fuel.ignitionrobotics.org:443 "GET /1.0/OpenRobotics/models/OfficeChairBlack HTTP/1.1" 200 402
[51.609s] INFO:root:Fetching model ElderLadyPatient.
[51.610s] DEBUG:urllib3.connectionpool:Starting new HTTPS connection (1): fuel.ignitionrobotics.org:443
[54.376s] DEBUG:urllib3.connectionpool:https://fuel.ignitionrobotics.org:443 "GET /1.0/OpenRobotics/models/ElderLadyPatient HTTP/1.1" 200 460
[54.377s] INFO:root:Fetching model ElderMalePatient.
[54.378s] DEBUG:urllib3.connectionpool:Starting new HTTPS connection (1): fuel.ignitionrobotics.org:443
[57.443s] DEBUG:urllib3.connectionpool:https://fuel.ignitionrobotics.org:443 "GET /1.0/OpenRobotics/models/ElderMalePatient HTTP/1.1" 200 467
[57.444s] INFO:root:Fetching model InstrumentCart2.
[57.444s] DEBUG:urllib3.connectionpool:Starting new HTTPS connection (1): fuel.ignitionrobotics.org:443
[60.208s] DEBUG:urllib3.connectionpool:https://fuel.ignitionrobotics.org:443 "GET /1.0/OpenRobotics/models/InstrumentCart2 HTTP/1.1" 200 388
[60.209s] INFO:root:Fetching model MetalCabinet.
[60.209s] DEBUG:urllib3.connectionpool:Starting new HTTPS connection (1): fuel.ignitionrobotics.org:443
[62.874s] DEBUG:urllib3.connectionpool:https://fuel.ignitionrobotics.org:443 "GET /1.0/OpenRobotics/models/MetalCabinet HTTP/1.1" 200 382
[62.874s] INFO:root:Fetching model BedTable.
[62.875s] DEBUG:urllib3.connectionpool:Starting new HTTPS connection (1): fuel.ignitionrobotics.org:443
[64.508s] DEBUG:urllib3.connectionpool:https://fuel.ignitionrobotics.org:443 "GET /1.0/OpenRobotics/models/BedTable HTTP/1.1" 200 399
[64.509s] INFO:root:Fetching model BedsideTable.
[64.509s] DEBUG:urllib3.connectionpool:Starting new HTTPS connection (1): fuel.ignitionrobotics.org:443
[66.756s] DEBUG:urllib3.connectionpool:https://fuel.ignitionrobotics.org:443 "GET /1.0/OpenRobotics/models/BedsideTable HTTP/1.1" 200 401
[66.757s] INFO:root:Fetching model AnesthesiaMachine.
[66.757s] DEBUG:urllib3.connectionpool:Starting new HTTPS connection (1): fuel.ignitionrobotics.org:443
[69.425s] DEBUG:urllib3.connectionpool:https://fuel.ignitionrobotics.org:443 "GET /1.0/OpenRobotics/models/AnesthesiaMachine HTTP/1.1" 200 377
[69.426s] INFO:root:Fetching model TrolleyBedPatient.
[69.427s] DEBUG:urllib3.connectionpool:Starting new HTTPS connection (1): fuel.ignitionrobotics.org:443
[71.155s] DEBUG:urllib3.connectionpool:https://fuel.ignitionrobotics.org:443 "GET /1.0/OpenRobotics/models/TrolleyBedPatient HTTP/1.1" 200 395
[71.156s] INFO:root:Fetching model Shower.
[71.156s] DEBUG:urllib3.connectionpool:Starting new HTTPS connection (1): fuel.ignitionrobotics.org:443
[74.037s] DEBUG:urllib3.connectionpool:https://fuel.ignitionrobotics.org:443 "GET /1.0/OpenRobotics/models/Shower HTTP/1.1" 200 385
[74.038s] INFO:root:Fetching model SurgicalTrolleyMed.
[74.039s] DEBUG:urllib3.connectionpool:Starting new HTTPS connection (1): fuel.ignitionrobotics.org:443
[75.567s] DEBUG:urllib3.connectionpool:https://fuel.ignitionrobotics.org:443 "GET /1.0/OpenRobotics/models/SurgicalTrolleyMed HTTP/1.1" 200 400
[75.568s] INFO:root:Fetching model StorageRackCovered.
[75.568s] DEBUG:urllib3.connectionpool:Starting new HTTPS connection (1): fuel.ignitionrobotics.org:443
[78.333s] DEBUG:urllib3.connectionpool:https://fuel.ignitionrobotics.org:443 "GET /1.0/OpenRobotics/models/StorageRackCovered HTTP/1.1" 200 381
[78.333s] INFO:root:Fetching model KitchenSink.
[78.334s] DEBUG:urllib3.connectionpool:Starting new HTTPS connection (1): fuel.ignitionrobotics.org:443
[80.073s] DEBUG:urllib3.connectionpool:https://fuel.ignitionrobotics.org:443 "GET /1.0/OpenRobotics/models/KitchenSink HTTP/1.1" 200 407
[80.074s] INFO:root:Fetching model Toilet.
[80.074s] DEBUG:urllib3.connectionpool:Starting new HTTPS connection (1): fuel.ignitionrobotics.org:443
[81.608s] DEBUG:urllib3.connectionpool:https://fuel.ignitionrobotics.org:443 "GET /1.0/OpenRobotics/models/Toilet HTTP/1.1" 200 383
[81.609s] INFO:root:Fetching model VendingMachine.
[81.609s] DEBUG:urllib3.connectionpool:Starting new HTTPS connection (1): fuel.ignitionrobotics.org:443
[84.173s] DEBUG:urllib3.connectionpool:https://fuel.ignitionrobotics.org:443 "GET /1.0/OpenRobotics/models/VendingMachine HTTP/1.1" 200 424
[84.174s] INFO:root:Fetching model ParkingTrolleyMin.
[84.174s] DEBUG:urllib3.connectionpool:Starting new HTTPS connection (1): fuel.ignitionrobotics.org:443
[85.712s] DEBUG:urllib3.connectionpool:https://fuel.ignitionrobotics.org:443 "GET /1.0/OpenRobotics/models/ParkingTrolleyMin HTTP/1.1" 200 417
[85.713s] INFO:root:Fetching model PatientFSit.
[85.714s] DEBUG:urllib3.connectionpool:Starting new HTTPS connection (1): fuel.ignitionrobotics.org:443
[88.748s] DEBUG:urllib3.connectionpool:https://fuel.ignitionrobotics.org:443 "GET /1.0/OpenRobotics/models/PatientFSit HTTP/1.1" 200 371
[88.749s] INFO:root:Fetching model MaleVisitorOnPhone.
[88.749s] DEBUG:urllib3.connectionpool:Starting new HTTPS connection (1): fuel.ignitionrobotics.org:443
[90.769s] DEBUG:urllib3.connectionpool:https://fuel.ignitionrobotics.org:443 "GET /1.0/OpenRobotics/models/MaleVisitorOnPhone HTTP/1.1" 200 428
[90.770s] INFO:root:Fetching model FemaleVisitor.
[90.770s] DEBUG:urllib3.connectionpool:Starting new HTTPS connection (1): fuel.ignitionrobotics.org:443
[92.134s] DEBUG:urllib3.connectionpool:https://fuel.ignitionrobotics.org:443 "GET /1.0/OpenRobotics/models/FemaleVisitor HTTP/1.1" 200 377
[92.134s] INFO:root:Fetching model MalePatientBed.
[92.135s] DEBUG:urllib3.connectionpool:Starting new HTTPS connection (1): fuel.ignitionrobotics.org:443
[93.494s] DEBUG:urllib3.connectionpool:https://fuel.ignitionrobotics.org:443 "GET /1.0/OpenRobotics/models/MalePatientBed HTTP/1.1" 200 481
[93.495s] INFO:root:Fetching model StorageRackCoverOpen.
[93.495s] DEBUG:urllib3.connectionpool:Starting new HTTPS connection (1): fuel.ignitionrobotics.org:443
[95.948s] DEBUG:urllib3.connectionpool:https://fuel.ignitionrobotics.org:443 "GET /1.0/OpenRobotics/models/StorageRackCoverOpen HTTP/1.1" 200 394
[95.948s] INFO:root:Fetching model ParkingTrolleyMax.
[95.949s] DEBUG:urllib3.connectionpool:Starting new HTTPS connection (1): fuel.ignitionrobotics.org:443
[97.891s] DEBUG:urllib3.connectionpool:https://fuel.ignitionrobotics.org:443 "GET /1.0/OpenRobotics/models/ParkingTrolleyMax HTTP/1.1" 200 418
[97.893s] DEBUG:root:Complete model list: [{'createdAt': '2020-08-06T11:41:57Z', 'updatedAt': '2024-12-03T17:45:49Z', 'name': 'XRayMachine', 'owner': 'OpenRobotics', 'description': '', 'likes': 0, 'downloads': 5129, 'filesize': 345665, 'upload_date': '2020-08-06T11:41:56Z', 'modify_date': '2023-09-27T15:22:20Z', 'license_id': 2, 'license_name': 'Creative Commons Attribution 4.0 International', 'license_url': 'http://creativecommons.org/licenses/by/4.0/', 'license_image': 'https://i.creativecommons.org/l/by/4.0/88x31.png', 'permission': 0, 'url_name': '', 'thumbnail_url': '/OpenRobotics/models/XRayMachine/tip/files/thumbnails/1.png', 'version': 2, 'private': False, 'tags': ['xray', 'machine', 'xraymachine'], 'categories': ['Electronics', 'Appliance']}, {'createdAt': '2020-08-06T11:26:29Z', 'updatedAt': '2024-12-03T17:46:02Z', 'name': 'IVStand', 'owner': 'OpenRobotics', 'description': 'A generic hospital IV stand', 'likes': 0, 'downloads': 23603, 'filesize': 774855, 'upload_date': '2020-08-06T11:26:28Z', 'modify_date': '2023-09-27T15:23:16Z', 'license_id': 2, 'license_name': 'Creative Commons Attribution 4.0 International', 'license_url': 'http://creativecommons.org/licenses/by/4.0/', 'license_image': 'https://i.creativecommons.org/l/by/4.0/88x31.png', 'permission': 0, 'url_name': '', 'thumbnail_url': '/OpenRobotics/models/IVStand/tip/files/thumbnails/1.png', 'version': 2, 'private': False, 'tags': ['stand', 'IV', 'IVStand'], 'categories': ['Appliance']}, {'createdAt': '2020-08-06T11:21:27Z', 'updatedAt': '2024-12-03T17:46:36Z', 'name': 'BloodPressureMonitor', 'owner': 'OpenRobotics', 'description': '', 'likes': 0, 'downloads': 5276, 'filesize': 237020, 'upload_date': '2020-08-06T11:21:26Z', 'modify_date': '2023-09-27T15:23:44Z', 'license_id': 2, 'license_name': 'Creative Commons Attribution 4.0 International', 'license_url': 'http://creativecommons.org/licenses/by/4.0/', 'license_image': 'https://i.creativecommons.org/l/by/4.0/88x31.png', 'permission': 0, 'url_name': '', 'thumbnail_url': '/OpenRobotics/models/BloodPressureMonitor/tip/files/thumbnails/1.png', 'version': 2, 'private': False, 'tags': ['monitor', 'bloodpressure', 'blood', 'bloodpressuremonitor'], 'categories': ['Appliance']}, {'createdAt': '2020-08-06T11:22:38Z', 'updatedAt': '2024-12-03T17:46:45Z', 'name': 'BPCart', 'owner': 'OpenRobotics', 'description': 'A generic hospital cart', 'likes': 0, 'downloads': 5284, 'filesize': 1659990, 'upload_date': '2020-08-06T11:22:35Z', 'modify_date': '2023-09-27T15:23:37Z', 'license_id': 2, 'license_name': 'Creative Commons Attribution 4.0 International', 'license_url': 'http://creativecommons.org/licenses/by/4.0/', 'license_image': 'https://i.creativecommons.org/l/by/4.0/88x31.png', 'permission': 0, 'url_name': '', 'thumbnail_url': '/OpenRobotics/models/BPCart/tip/files/thumbnails/1.png', 'version': 2, 'private': False, 'tags': ['bp', 'cart', 'bpcart'], 'categories': ['Appliance']}, {'createdAt': '2020-06-26T09:36:40Z', 'updatedAt': '2024-12-03T17:47:47Z', 'name': 'BMWCart', 'owner': 'OpenRobotics', 'description': 'A generic hospital cart', 'likes': 0, 'downloads': 5407, 'filesize': 1607574, 'upload_date': '2020-06-26T09:36:38Z', 'modify_date': '2023-09-27T15:26:53Z', 'license_id': 2, 'license_name': 'Creative Commons Attribution 4.0 International', 'license_url': 'http://creativecommons.org/licenses/by/4.0/', 'license_image': 'https://i.creativecommons.org/l/by/4.0/88x31.png', 'permission': 0, 'url_name': '', 'thumbnail_url': '/OpenRobotics/models/BMWCart/tip/files/thumbnails/1.png', 'version': 2, 'private': False, 'categories': ['Appliance']}, {'createdAt': '2019-10-28T05:53:59Z', 'updatedAt': '2024-12-03T17:48:20Z', 'name': 'CGMClassic', 'owner': 'OpenRobotics', 'description': 'A CGMClassic hospital bed', 'likes': 0, 'downloads': 5323, 'filesize': 1597545, 'upload_date': '2019-10-28T05:53:56Z', 'modify_date': '2023-09-27T16:22:35Z', 'license_id': 2, 'license_name': 'Creative Commons Attribution 4.0 International', 'license_url': 'http://creativecommons.org/licenses/by/4.0/', 'license_image': 'https://i.creativecommons.org/l/by/4.0/88x31.png', 'permission': 0, 'url_name': '', 'thumbnail_url': '/OpenRobotics/models/CGMClassic/tip/files/thumbnails/1.png', 'version': 4, 'private': False, 'tags': ['hospital', 'bed']}, {'createdAt': '2019-10-28T06:40:47Z', 'updatedAt': '2024-12-03T17:48:54Z', 'name': 'StorageRack', 'owner': 'OpenRobotics', 'description': 'Empty Grilled Storage Rack', 'likes': 1, 'downloads': 63704, 'filesize': 70905, 'upload_date': '2019-10-28T06:40:44Z', 'modify_date': '2023-09-27T16:19:50Z', 'license_id': 2, 'license_name': 'Creative Commons Attribution 4.0 International', 'license_url': 'http://creativecommons.org/licenses/by/4.0/', 'license_image': 'https://i.creativecommons.org/l/by/4.0/88x31.png', 'permission': 0, 'url_name': '', 'thumbnail_url': '/OpenRobotics/models/StorageRack/tip/files/thumbnails/1.png', 'version': 2, 'private': False, 'tags': ['hospital']}, {'createdAt': '2020-05-20T19:30:13Z', 'updatedAt': '2024-12-03T17:49:03Z', 'name': 'Chair', 'owner': 'OpenRobotics', 'description': 'A generic hospital chair', 'likes': 0, 'downloads': 86171, 'filesize': 2741574, 'upload_date': '2020-05-20T19:30:11Z', 'modify_date': '2023-09-27T15:40:33Z', 'license_id': 2, 'license_name': 'Creative Commons Attribution 4.0 International', 'license_url': 'http://creativecommons.org/licenses/by/4.0/', 'license_image': 'https://i.creativecommons.org/l/by/4.0/88x31.png', 'permission': 0, 'url_name': '', 'thumbnail_url': '/OpenRobotics/models/Chair/tip/files/thumbnails/1.png', 'version': 3, 'private': False, 'categories': ['Furniture and Home']}, {'createdAt': '2019-10-28T06:19:00Z', 'updatedAt': '2024-12-03T17:51:06Z', 'name': 'InstrumentCart1', 'owner': 'OpenRobotics', 'description': 'Description of the model', 'likes': 0, 'downloads': 5330, 'filesize': 135677, 'upload_date': '2019-10-28T06:18:57Z', 'modify_date': '2023-09-27T16:21:22Z', 'license_id': 2, 'license_name': 'Creative Commons Attribution 4.0 International', 'license_url': 'http://creativecommons.org/licenses/by/4.0/', 'license_image': 'https://i.creativecommons.org/l/by/4.0/88x31.png', 'permission': 0, 'url_name': '', 'thumbnail_url': '/OpenRobotics/models/InstrumentCart1/tip/files/thumbnails/1.png', 'version': 2, 'private': False, 'tags': ['hospital']}, {'createdAt': '2020-07-06T10:19:54Z', 'updatedAt': '2024-12-03T17:51:15Z', 'name': 'Scrubs', 'owner': 'OpenRobotics', 'description': 'A person in scrubs.', 'likes': 0, 'downloads': 24909, 'filesize': 1028421, 'upload_date': '2020-07-06T10:19:52Z', 'modify_date': '2023-09-27T15:26:25Z', 'license_id': 2, 'license_name': 'Creative Commons Attribution 4.0 International', 'license_url': 'http://creativecommons.org/licenses/by/4.0/', 'license_image': 'https://i.creativecommons.org/l/by/4.0/88x31.png', 'permission': 0, 'url_name': '', 'thumbnail_url': '/OpenRobotics/models/Scrubs/tip/files/thumbnails/1.png', 'version': 2, 'private': False, 'categories': ['People']}, {'createdAt': '2019-10-28T06:33:50Z', 'updatedAt': '2024-12-03T17:51:58Z', 'name': 'PatientWheelChair', 'owner': 'OpenRobotics', 'description': 'Elderly patient on a wheelchair', 'likes': 0, 'downloads': 23622, 'filesize': 1175273, 'upload_date': '2019-10-28T06:33:46Z', 'modify_date': '2023-09-27T16:20:17Z', 'license_id': 2, 'license_name': 'Creative Commons Attribution 4.0 International', 'license_url': 'http://creativecommons.org/licenses/by/4.0/', 'license_image': 'https://i.creativecommons.org/l/by/4.0/88x31.png', 'permission': 0, 'url_name': '', 'thumbnail_url': '/OpenRobotics/models/PatientWheelChair/tip/files/thumbnails/1.png', 'version': 4, 'private': False, 'tags': ['person', 'hospital']}, {'createdAt': '2019-10-28T06:48:13Z', 'updatedAt': '2024-12-03T17:52:37Z', 'name': 'WhiteChipChair', 'owner': 'OpenRobotics', 'description': 'White row of seats', 'likes': 0, 'downloads': 42747, 'filesize': 792333, 'upload_date': '2019-10-28T06:48:10Z', 'modify_date': '2023-09-27T16:18:41Z', 'license_id': 2, 'license_name': 'Creative Commons Attribution 4.0 International', 'license_url': 'http://creativecommons.org/licenses/by/4.0/', 'license_image': 'https://i.creativecommons.org/l/by/4.0/88x31.png', 'permission': 0, 'url_name': '', 'thumbnail_url': '/OpenRobotics/models/WhiteChipChair/tip/files/thumbnails/1.png', 'version': 3, 'private': False, 'tags': ['hospital', 'furniture']}, {'createdAt': '2019-10-25T09:22:08Z', 'updatedAt': '2024-12-03T17:53:07Z', 'name': 'TrolleyBed', 'owner': 'OpenRobotics', 'description': 'Bed to transport patients.', 'likes': 0, 'downloads': 5361, 'filesize': 1015682, 'upload_date': '2019-10-25T09:22:04Z', 'modify_date': '2023-09-27T16:23:11Z', 'license_id': 2, 'license_name': 'Creative Commons Attribution 4.0 International', 'license_url': 'http://creativecommons.org/licenses/by/4.0/', 'license_image': 'https://i.creativecommons.org/l/by/4.0/88x31.png', 'permission': 0, 'url_name': '', 'thumbnail_url': '/OpenRobotics/models/TrolleyBed/tip/files/thumbnails/1.png', 'version': 3, 'private': False, 'tags': ['static', 'hospital', 'bed']}, {'createdAt': '2019-10-28T06:43:28Z', 'updatedAt': '2024-12-03T17:53:39Z', 'name': 'SurgicalTrolley', 'owner': 'OpenRobotics', 'description': 'Surgical supply trolley', 'likes': 0, 'downloads': 4635, 'filesize': 849805, 'upload_date': '2019-10-28T06:43:25Z', 'modify_date': '2023-09-27T16:19:23Z', 'license_id': 2, 'license_name': 'Creative Commons Attribution 4.0 International', 'license_url': 'http://creativecommons.org/licenses/by/4.0/', 'license_image': 'https://i.creativecommons.org/l/by/4.0/88x31.png', 'permission': 0, 'url_name': '', 'thumbnail_url': '/OpenRobotics/models/SurgicalTrolley/tip/files/thumbnails/1.png', 'version': 2, 'private': False, 'tags': ['hospital']}, {'createdAt': '2019-10-28T06:34:44Z', 'updatedAt': '2024-12-03T17:54:17Z', 'name': 'PotatoChipChair', 'owner': 'OpenRobotics', 'description': 'Three-seater bench for waiting outpatients', 'likes': 0, 'downloads': 51304, 'filesize': 824743, 'upload_date': '2019-10-28T06:34:41Z', 'modify_date': '2023-09-27T16:20:10Z', 'license_id': 2, 'license_name': 'Creative Commons Attribution 4.0 International', 'license_url': 'http://creativecommons.org/licenses/by/4.0/', 'license_image': 'https://i.creativecommons.org/l/by/4.0/88x31.png', 'permission': 0, 'url_name': '', 'thumbnail_url': '/OpenRobotics/models/PotatoChipChair/tip/files/thumbnails/1.png', 'version': 3, 'private': False, 'tags': ['hospital', 'furniture']}, {'createdAt': '2020-05-20T19:38:37Z', 'updatedAt': '2024-12-03T17:54:47Z', 'name': 'VisitorKidSit', 'owner': 'OpenRobotics', 'description': 'Kid sitting down reading a book.', 'likes': 0, 'downloads': 40150, 'filesize': 744956, 'upload_date': '2020-05-20T19:38:35Z', 'modify_date': '2023-09-27T15:39:59Z', 'license_id': 2, 'license_name': 'Creative Commons Attribution 4.0 International', 'license_url': 'http://creativecommons.org/licenses/by/4.0/', 'license_image': 'https://i.creativecommons.org/l/by/4.0/88x31.png', 'permission': 0, 'url_name': '', 'thumbnail_url': '/OpenRobotics/models/VisitorKidSit/tip/files/thumbnails/1.png', 'version': 2, 'private': False, 'categories': ['People']}, {'createdAt': '2020-05-20T19:34:41Z', 'updatedAt': '2024-12-03T17:55:06Z', 'name': 'FemaleVisitorSit', 'owner': 'OpenRobotics', 'description': '', 'likes': 0, 'downloads': 41287, 'filesize': 669884, 'upload_date': '2020-05-20T19:34:39Z', 'modify_date': '2023-09-27T15:40:21Z', 'license_id': 2, 'license_name': 'Creative Commons Attribution 4.0 International', 'license_url': 'http://creativecommons.org/licenses/by/4.0/', 'license_image': 'https://i.creativecommons.org/l/by/4.0/88x31.png', 'permission': 0, 'url_name': '', 'thumbnail_url': '/OpenRobotics/models/FemaleVisitorSit/tip/files/thumbnails/1.png', 'version': 2, 'private': False, 'categories': ['People']}, {'createdAt': '2020-06-09T12:06:50Z', 'updatedAt': '2024-12-03T17:55:32Z', 'name': 'AdjTable', 'owner': 'OpenRobotics', 'description': 'Description of the model', 'likes': 1, 'downloads': 83601, 'filesize': 4100585, 'upload_date': '2020-06-09T12:06:48Z', 'modify_date': '2023-09-27T15:33:59Z', 'license_id': 2, 'license_name': 'Creative Commons Attribution 4.0 International', 'license_url': 'http://creativecommons.org/licenses/by/4.0/', 'license_image': 'https://i.creativecommons.org/l/by/4.0/88x31.png', 'permission': 0, 'url_name': '', 'thumbnail_url': '/OpenRobotics/models/AdjTable/tip/files/thumbnails/1.png', 'version': 4, 'private': False, 'categories': ['Furniture and Home']}, {'createdAt': '2020-06-22T08:41:13Z', 'updatedAt': '2024-12-03T17:58:03Z', 'name': 'MopCart3', 'owner': 'OpenRobotics', 'description': 'Last version of another mop cart', 'likes': 0, 'downloads': 30457, 'filesize': 5787981, 'upload_date': '2020-06-22T08:41:10Z', 'modify_date': '2023-09-27T15:29:40Z', 'license_id': 2, 'license_name': 'Creative Commons Attribution 4.0 International', 'license_url': 'http://creativecommons.org/licenses/by/4.0/', 'license_image': 'https://i.creativecommons.org/l/by/4.0/88x31.png', 'permission': 0, 'url_name': '', 'thumbnail_url': '/OpenRobotics/models/MopCart3/tip/files/thumbnails/1.png', 'version': 2, 'private': False, 'categories': ['Appliance']}, {'createdAt': '2020-05-20T19:36:36Z', 'updatedAt': '2024-12-03T18:01:40Z', 'name': 'MaleVisitorSit', 'owner': 'OpenRobotics', 'description': '', 'likes': 0, 'downloads': 40377, 'filesize': 596416, 'upload_date': '2020-05-20T19:36:34Z', 'modify_date': '2023-09-27T15:40:10Z', 'license_id': 2, 'license_name': 'Creative Commons Attribution 4.0 International', 'license_url': 'http://creativecommons.org/licenses/by/4.0/', 'license_image': 'https://i.creativecommons.org/l/by/4.0/88x31.png', 'permission': 0, 'url_name': '', 'thumbnail_url': '/OpenRobotics/models/MaleVisitorSit/tip/files/thumbnails/1.png', 'version': 2, 'private': False, 'categories': ['People']}, {'createdAt': '2020-06-09T12:11:18Z', 'updatedAt': '2024-12-03T18:01:54Z', 'name': 'Drawer', 'owner': 'OpenRobotics', 'description': '', 'likes': 1, 'downloads': 50293, 'filesize': 135520, 'upload_date': '2020-06-09T12:11:16Z', 'modify_date': '2023-09-27T15:33:39Z', 'license_id': 2, 'license_name': 'Creative Commons Attribution 4.0 International', 'license_url': 'http://creativecommons.org/licenses/by/4.0/', 'license_image': 'https://i.creativecommons.org/l/by/4.0/88x31.png', 'permission': 0, 'url_name': '', 'thumbnail_url': '/OpenRobotics/models/Drawer/tip/files/thumbnails/1.png', 'version': 2, 'private': False, 'categories': ['Furniture and Home']}, {'createdAt': '2020-06-09T12:12:56Z', 'updatedAt': '2024-12-03T18:02:04Z', 'name': 'OfficeChairBlack', 'owner': 'OpenRobotics', 'description': 'Chair from meeting room.', 'likes': 0, 'downloads': 70426, 'filesize': 793096, 'upload_date': '2020-06-09T12:12:54Z', 'modify_date': '2023-09-27T15:33:27Z', 'license_id': 2, 'license_name': 'Creative Commons Attribution 4.0 International', 'license_url': 'http://creativecommons.org/licenses/by/4.0/', 'license_image': 'https://i.creativecommons.org/l/by/4.0/88x31.png', 'permission': 0, 'url_name': '', 'thumbnail_url': '/OpenRobotics/models/OfficeChairBlack/tip/files/thumbnails/1.png', 'version': 2, 'private': False, 'categories': ['Furniture and Home']}, {'createdAt': '2020-05-21T06:09:55Z', 'updatedAt': '2024-12-03T18:06:07Z', 'name': 'ElderLadyPatient', 'owner': 'OpenRobotics', 'description': 'An elder lady patient\nCharacter generated from Autodesk Character Generator - https://charactergenerator.autodesk.com/\nPose from Mixamo - https://www.mixamo.com/', 'likes': 0, 'downloads': 23695, 'filesize': 2731549, 'upload_date': '2020-05-21T06:09:52Z', 'modify_date': '2023-09-27T15:39:19Z', 'license_id': 2, 'license_name': 'Creative Commons Attribution 4.0 International', 'license_url': 'http://creativecommons.org/licenses/by/4.0/', 'license_image': 'https://i.creativecommons.org/l/by/4.0/88x31.png', 'permission': 0, 'url_name': '', 'thumbnail_url': '/OpenRobotics/models/ElderLadyPatient/tip/files/thumbnails/1.png', 'version': 2, 'private': False, 'categories': ['People']}, {'createdAt': '2020-05-21T06:13:26Z', 'updatedAt': '2024-12-03T18:07:41Z', 'name': 'ElderMalePatient', 'owner': 'OpenRobotics', 'description': 'An elder male patient lying down.\nCharacter generated from Autodesk Character Generator - https://charactergenerator.autodesk.com/\nPose from Mixamo - https://www.mixamo.com/', 'likes': 0, 'downloads': 23460, 'filesize': 2918271, 'upload_date': '2020-05-21T06:13:24Z', 'modify_date': '2023-09-27T15:39:11Z', 'license_id': 2, 'license_name': 'Creative Commons Attribution 4.0 International', 'license_url': 'http://creativecommons.org/licenses/by/4.0/', 'license_image': 'https://i.creativecommons.org/l/by/4.0/88x31.png', 'permission': 0, 'url_name': '', 'thumbnail_url': '/OpenRobotics/models/ElderMalePatient/tip/files/thumbnails/1.png', 'version': 2, 'private': False, 'categories': ['People']}, {'createdAt': '2019-10-28T06:19:44Z', 'updatedAt': '2024-12-03T18:08:42Z', 'name': 'InstrumentCart2', 'owner': 'OpenRobotics', 'description': 'Description of the model', 'likes': 0, 'downloads': 4565, 'filesize': 702606, 'upload_date': '2019-10-28T06:19:41Z', 'modify_date': '2023-09-27T16:21:17Z', 'license_id': 2, 'license_name': 'Creative Commons Attribution 4.0 International', 'license_url': 'http://creativecommons.org/licenses/by/4.0/', 'license_image': 'https://i.creativecommons.org/l/by/4.0/88x31.png', 'permission': 0, 'url_name': '', 'thumbnail_url': '/OpenRobotics/models/InstrumentCart2/tip/files/thumbnails/1.png', 'version': 2, 'private': False, 'tags': ['hospital']}, {'createdAt': '2019-10-28T06:23:41Z', 'updatedAt': '2024-12-03T18:09:16Z', 'name': 'MetalCabinet', 'owner': 'OpenRobotics', 'description': 'Tall grey metal cabinet', 'likes': 0, 'downloads': 32043, 'filesize': 29065, 'upload_date': '2019-10-28T06:23:37Z', 'modify_date': '2023-09-27T16:20:57Z', 'license_id': 2, 'license_name': 'Creative Commons Attribution 4.0 International', 'license_url': 'http://creativecommons.org/licenses/by/4.0/', 'license_image': 'https://i.creativecommons.org/l/by/4.0/88x31.png', 'permission': 0, 'url_name': '', 'thumbnail_url': '/OpenRobotics/models/MetalCabinet/tip/files/thumbnails/1.png', 'version': 2, 'private': False, 'tags': ['hospital']}, {'createdAt': '2020-05-21T05:53:52Z', 'updatedAt': '2024-12-03T18:09:28Z', 'name': 'BedTable', 'owner': 'OpenRobotics', 'description': 'A generic hospital bed table', 'likes': 0, 'downloads': 8771, 'filesize': 1088303, 'upload_date': '2020-05-21T05:53:49Z', 'modify_date': '2023-09-27T15:39:31Z', 'license_id': 2, 'license_name': 'Creative Commons Attribution 4.0 International', 'license_url': 'http://creativecommons.org/licenses/by/4.0/', 'license_image': 'https://i.creativecommons.org/l/by/4.0/88x31.png', 'permission': 0, 'url_name': '', 'thumbnail_url': '/OpenRobotics/models/BedTable/tip/files/thumbnails/1.png', 'version': 2, 'private': False, 'categories': ['Furniture and Home']}, {'createdAt': '2020-05-21T05:27:18Z', 'updatedAt': '2024-12-03T18:09:53Z', 'name': 'BedsideTable', 'owner': 'OpenRobotics', 'description': 'A generic hospital bedside table', 'likes': 0, 'downloads': 23701, 'filesize': 691910, 'upload_date': '2020-05-21T05:27:16Z', 'modify_date': '2023-09-27T15:39:43Z', 'license_id': 2, 'license_name': 'Creative Commons Attribution 4.0 International', 'license_url': 'http://creativecommons.org/licenses/by/4.0/', 'license_image': 'https://i.creativecommons.org/l/by/4.0/88x31.png', 'permission': 0, 'url_name': '', 'thumbnail_url': '/OpenRobotics/models/BedsideTable/tip/files/thumbnails/1.png', 'version': 2, 'private': False, 'categories': ['Furniture and Home']}, {'createdAt': '2020-06-26T09:35:49Z', 'updatedAt': '2024-12-03T18:10:25Z', 'name': 'AnesthesiaMachine', 'owner': 'OpenRobotics', 'description': '', 'likes': 0, 'downloads': 5312, 'filesize': 541299, 'upload_date': '2020-06-26T09:35:47Z', 'modify_date': '2023-09-27T15:27:00Z', 'license_id': 2, 'license_name': 'Creative Commons Attribution 4.0 International', 'license_url': 'http://creativecommons.org/licenses/by/4.0/', 'license_image': 'https://i.creativecommons.org/l/by/4.0/88x31.png', 'permission': 0, 'url_name': '', 'thumbnail_url': '/OpenRobotics/models/AnesthesiaMachine/tip/files/thumbnails/1.png', 'version': 2, 'private': False, 'categories': ['Appliance']}, {'createdAt': '2019-10-28T06:45:05Z', 'updatedAt': '2024-12-03T18:10:44Z', 'name': 'TrolleyBedPatient', 'owner': 'OpenRobotics', 'description': 'Trolley Bed with patient', 'likes': 0, 'downloads': 4784, 'filesize': 1479205, 'upload_date': '2019-10-28T06:45:01Z', 'modify_date': '2023-09-27T16:19:05Z', 'license_id': 2, 'license_name': 'Creative Commons Attribution 4.0 International', 'license_url': 'http://creativecommons.org/licenses/by/4.0/', 'license_image': 'https://i.creativecommons.org/l/by/4.0/88x31.png', 'permission': 0, 'url_name': '', 'thumbnail_url': '/OpenRobotics/models/TrolleyBedPatient/tip/files/thumbnails/1.png', 'version': 3, 'private': False, 'tags': ['person', 'hospital', 'furniture']}, {'createdAt': '2020-06-25T10:18:19Z', 'updatedAt': '2024-12-03T18:11:28Z', 'name': 'Shower', 'owner': 'OpenRobotics', 'description': 'A generic shower', 'likes': 1, 'downloads': 29406, 'filesize': 568856, 'upload_date': '2020-06-25T10:18:17Z', 'modify_date': '2023-09-27T15:27:42Z', 'license_id': 2, 'license_name': 'Creative Commons Attribution 4.0 International', 'license_url': 'http://creativecommons.org/licenses/by/4.0/', 'license_image': 'https://i.creativecommons.org/l/by/4.0/88x31.png', 'permission': 0, 'url_name': '', 'thumbnail_url': '/OpenRobotics/models/Shower/tip/files/thumbnails/1.png', 'version': 2, 'private': False, 'categories': ['Furniture and Home']}, {'createdAt': '2020-06-26T09:39:00Z', 'updatedAt': '2024-12-03T18:11:43Z', 'name': 'SurgicalTrolleyMed', 'owner': 'OpenRobotics', 'description': 'Medium sized surgical trolley.', 'likes': 1, 'downloads': 23230, 'filesize': 860176, 'upload_date': '2020-06-26T09:38:58Z', 'modify_date': '2023-09-27T15:26:41Z', 'license_id': 2, 'license_name': 'Creative Commons Attribution 4.0 International', 'license_url': 'http://creativecommons.org/licenses/by/4.0/', 'license_image': 'https://i.creativecommons.org/l/by/4.0/88x31.png', 'permission': 0, 'url_name': '', 'thumbnail_url': '/OpenRobotics/models/SurgicalTrolleyMed/tip/files/thumbnails/1.png', 'version': 2, 'private': False, 'categories': ['Appliance']}, {'createdAt': '2019-10-28T06:42:26Z', 'updatedAt': '2024-12-03T18:12:28Z', 'name': 'StorageRackCovered', 'owner': 'OpenRobotics', 'description': 'Storage rack covered.', 'likes': 0, 'downloads': 22437, 'filesize': 536807, 'upload_date': '2019-10-28T06:42:22Z', 'modify_date': '2023-09-27T16:19:32Z', 'license_id': 2, 'license_name': 'Creative Commons Attribution 4.0 International', 'license_url': 'http://creativecommons.org/licenses/by/4.0/', 'license_image': 'https://i.creativecommons.org/l/by/4.0/88x31.png', 'permission': 0, 'url_name': '', 'thumbnail_url': '/OpenRobotics/models/StorageRackCovered/tip/files/thumbnails/1.png', 'version': 2, 'private': False, 'tags': ['hospital']}, {'createdAt': '2020-06-22T08:38:48Z', 'updatedAt': '2024-12-03T18:12:53Z', 'name': 'KitchenSink', 'owner': 'OpenRobotics', 'description': 'A countertop with a kitchen sink', 'likes': 0, 'downloads': 31115, 'filesize': 41731, 'upload_date': '2020-06-22T08:38:47Z', 'modify_date': '2023-09-27T15:30:05Z', 'license_id': 2, 'license_name': 'Creative Commons Attribution 4.0 International', 'license_url': 'http://creativecommons.org/licenses/by/4.0/', 'license_image': 'https://i.creativecommons.org/l/by/4.0/88x31.png', 'permission': 0, 'url_name': '', 'thumbnail_url': '/OpenRobotics/models/KitchenSink/tip/files/thumbnails/1.png', 'version': 2, 'private': False, 'categories': ['Furniture and Home', 'Kitchen']}, {'createdAt': '2020-06-25T10:18:48Z', 'updatedAt': '2024-12-03T18:13:02Z', 'name': 'Toilet', 'owner': 'OpenRobotics', 'description': 'A generic toilet', 'likes': 0, 'downloads': 65590, 'filesize': 205503, 'upload_date': '2020-06-25T10:18:46Z', 'modify_date': '2023-09-27T15:27:37Z', 'license_id': 2, 'license_name': 'Creative Commons Attribution 4.0 International', 'license_url': 'http://creativecommons.org/licenses/by/4.0/', 'license_image': 'https://i.creativecommons.org/l/by/4.0/88x31.png', 'permission': 0, 'url_name': '', 'thumbnail_url': '/OpenRobotics/models/Toilet/tip/files/thumbnails/1.png', 'version': 2, 'private': False, 'categories': ['Furniture and Home']}, {'createdAt': '2020-06-25T10:20:57Z', 'updatedAt': '2024-12-03T18:13:14Z', 'name': 'VendingMachine', 'owner': 'OpenRobotics', 'description': 'Beverage vending device mostly seen across singapore, including hospitals', 'likes': 0, 'downloads': 66671, 'filesize': 619550, 'upload_date': '2020-06-25T10:20:53Z', 'modify_date': '2023-09-27T15:27:16Z', 'license_id': 2, 'license_name': 'Creative Commons Attribution 4.0 International', 'license_url': 'http://creativecommons.org/licenses/by/4.0/', 'license_image': 'https://i.creativecommons.org/l/by/4.0/88x31.png', 'permission': 0, 'url_name': '', 'thumbnail_url': '/OpenRobotics/models/VendingMachine/tip/files/thumbnails/1.png', 'version': 3, 'private': False, 'categories': ['Appliance']}, {'createdAt': '2019-10-28T06:31:59Z', 'updatedAt': '2024-12-03T18:13:34Z', 'name': 'ParkingTrolleyMin', 'owner': 'OpenRobotics', 'description': 'Trolley and carts parking area with bags, this one has less bags', 'likes': 0, 'downloads': 4403, 'filesize': 1946726, 'upload_date': '2019-10-28T06:31:55Z', 'modify_date': '2023-09-27T16:20:24Z', 'license_id': 2, 'license_name': 'Creative Commons Attribution 4.0 International', 'license_url': 'http://creativecommons.org/licenses/by/4.0/', 'license_image': 'https://i.creativecommons.org/l/by/4.0/88x31.png', 'permission': 0, 'url_name': '', 'thumbnail_url': '/OpenRobotics/models/ParkingTrolleyMin/tip/files/thumbnails/1.png', 'version': 3, 'private': False, 'tags': ['hospital']}, {'createdAt': '2020-06-25T10:17:29Z', 'updatedAt': '2024-12-03T13:37:23Z', 'name': 'PatientFSit', 'owner': 'OpenRobotics', 'description': '', 'likes': 0, 'downloads': 23717, 'filesize': 657045, 'upload_date': '2020-06-25T10:17:27Z', 'modify_date': '2023-09-27T15:27:47Z', 'license_id': 2, 'license_name': 'Creative Commons Attribution 4.0 International', 'license_url': 'http://creativecommons.org/licenses/by/4.0/', 'license_image': 'https://i.creativecommons.org/l/by/4.0/88x31.png', 'permission': 0, 'url_name': '', 'thumbnail_url': '/OpenRobotics/models/PatientFSit/tip/files/thumbnails/1.png', 'version': 2, 'private': False, 'categories': ['People']}, {'createdAt': '2020-06-25T10:13:35Z', 'updatedAt': '2024-12-03T17:20:53Z', 'name': 'MaleVisitorOnPhone', 'owner': 'OpenRobotics', 'description': 'A man wearing purple shirt, looking at his phone', 'likes': 0, 'downloads': 31406, 'filesize': 1394258, 'upload_date': '2020-06-25T10:13:33Z', 'modify_date': '2023-09-27T15:28:15Z', 'license_id': 2, 'license_name': 'Creative Commons Attribution 4.0 International', 'license_url': 'http://creativecommons.org/licenses/by/4.0/', 'license_image': 'https://i.creativecommons.org/l/by/4.0/88x31.png', 'permission': 0, 'url_name': '', 'thumbnail_url': '/OpenRobotics/models/MaleVisitorOnPhone/tip/files/thumbnails/1.png', 'version': 2, 'private': False, 'categories': ['People', 'Tablet and Smartphone']}, {'createdAt': '2020-05-20T19:33:13Z', 'updatedAt': '2024-12-03T13:35:52Z', 'name': 'FemaleVisitor', 'owner': 'OpenRobotics', 'description': 'Female visitor', 'likes': 0, 'downloads': 48554, 'filesize': 685516, 'upload_date': '2020-05-20T19:33:11Z', 'modify_date': '2023-09-27T15:40:27Z', 'license_id': 2, 'license_name': 'Creative Commons Attribution 4.0 International', 'license_url': 'http://creativecommons.org/licenses/by/4.0/', 'license_image': 'https://i.creativecommons.org/l/by/4.0/88x31.png', 'permission': 0, 'url_name': '', 'thumbnail_url': '/OpenRobotics/models/FemaleVisitor/tip/files/thumbnails/1.png', 'version': 2, 'private': False, 'categories': ['People']}, {'createdAt': '2020-06-25T10:12:27Z', 'updatedAt': '2024-12-03T10:12:43Z', 'name': 'MalePatientBed', 'owner': 'OpenRobotics', 'description': 'A male patient lying down on a hospital bed.\nCharacter generated from Autodesk Character Generator - https://charactergenerator.autodesk.com/\nPose from Mixamo - https://www.mixamo.com/\nBed from Cole Biesemeyer.', 'likes': 0, 'downloads': 5311, 'filesize': 2087725, 'upload_date': '2020-06-25T10:12:25Z', 'modify_date': '2023-09-27T15:28:21Z', 'license_id': 2, 'license_name': 'Creative Commons Attribution 4.0 International', 'license_url': 'http://creativecommons.org/licenses/by/4.0/', 'license_image': 'https://i.creativecommons.org/l/by/4.0/88x31.png', 'permission': 0, 'url_name': '', 'thumbnail_url': '/OpenRobotics/models/MalePatientBed/tip/files/thumbnails/1.png', 'version': 2, 'private': False, 'categories': ['People']}, {'createdAt': '2019-10-28T06:41:39Z', 'updatedAt': '2024-12-03T10:12:53Z', 'name': 'StorageRackCoverOpen', 'owner': 'OpenRobotics', 'description': 'Storage rack with blue cover, open.', 'likes': 1, 'downloads': 20803, 'filesize': 635216, 'upload_date': '2019-10-28T06:41:36Z', 'modify_date': '2023-09-27T16:19:41Z', 'license_id': 2, 'license_name': 'Creative Commons Attribution 4.0 International', 'license_url': 'http://creativecommons.org/licenses/by/4.0/', 'license_image': 'https://i.creativecommons.org/l/by/4.0/88x31.png', 'permission': 0, 'url_name': '', 'thumbnail_url': '/OpenRobotics/models/StorageRackCoverOpen/tip/files/thumbnails/1.png', 'version': 2, 'private': False, 'tags': ['hospital']}, {'createdAt': '2019-10-28T06:30:59Z', 'updatedAt': '2024-12-03T13:34:43Z', 'name': 'ParkingTrolleyMax', 'owner': 'OpenRobotics', 'description': 'Trolley and carts parking area with bags, this one has more bags', 'likes': 0, 'downloads': 30477, 'filesize': 778398, 'upload_date': '2019-10-28T06:30:55Z', 'modify_date': '2023-09-27T16:20:32Z', 'license_id': 2, 'license_name': 'Creative Commons Attribution 4.0 International', 'license_url': 'http://creativecommons.org/licenses/by/4.0/', 'license_image': 'https://i.creativecommons.org/l/by/4.0/88x31.png', 'permission': 0, 'url_name': '', 'thumbnail_url': '/OpenRobotics/models/ParkingTrolleyMax/tip/files/thumbnails/1.png', 'version': 3, 'private': False, 'tags': ['hospital']}]
[97.893s] INFO:root:Downloading zip files and extracting them into /home/pacman/turtlebot3_ws/src/aws-robomaker-hospital-world/fuel_models directory
[97.893s] INFO:root:Model XRayMachine already downloaded.
[97.893s] INFO:root:Model IVStand already downloaded.
[97.893s] INFO:root:Model BloodPressureMonitor already downloaded.
[97.893s] INFO:root:Model BPCart already downloaded.
[97.893s] INFO:root:Model BMWCart already downloaded.
[97.893s] INFO:root:Model CGMClassic already downloaded.
[97.893s] INFO:root:Model StorageRack already downloaded.
[97.893s] INFO:root:Model Chair already downloaded.
[97.893s] INFO:root:Model InstrumentCart1 already downloaded.
[97.893s] INFO:root:Model Scrubs already downloaded.
[97.893s] INFO:root:Model PatientWheelChair already downloaded.
[97.893s] INFO:root:Model WhiteChipChair already downloaded.
[97.893s] INFO:root:Model TrolleyBed already downloaded.
[97.893s] INFO:root:Model SurgicalTrolley already downloaded.
[97.893s] INFO:root:Model PotatoChipChair already downloaded.
[97.893s] INFO:root:Model VisitorKidSit already downloaded.
[97.893s] INFO:root:Model FemaleVisitorSit already downloaded.
[97.893s] INFO:root:Model AdjTable already downloaded.
[97.893s] INFO:root:Model MopCart3 already downloaded.
[97.893s] INFO:root:Model MaleVisitorSit already downloaded.
[97.893s] INFO:root:Model Drawer already downloaded.
[97.893s] INFO:root:Model OfficeChairBlack already downloaded.
[97.893s] INFO:root:Model ElderLadyPatient already downloaded.
[97.893s] INFO:root:Model ElderMalePatient already downloaded.
[97.894s] INFO:root:Model InstrumentCart2 already downloaded.
[97.894s] INFO:root:Model MetalCabinet already downloaded.
[97.894s] INFO:root:Model BedTable already downloaded.
[97.894s] INFO:root:Model BedsideTable already downloaded.
[97.894s] INFO:root:Model AnesthesiaMachine already downloaded.
[97.894s] INFO:root:Model TrolleyBedPatient already downloaded.
[97.894s] INFO:root:Model Shower already downloaded.
[97.894s] INFO:root:Model SurgicalTrolleyMed already downloaded.
[97.894s] INFO:root:Model StorageRackCovered already downloaded.
[97.894s] INFO:root:Model KitchenSink already downloaded.
[97.894s] INFO:root:Model Toilet already downloaded.
[97.894s] INFO:root:Model VendingMachine already downloaded.
[97.894s] INFO:root:Downloading ParkingTrolleyMin
[97.894s] DEBUG:urllib3.connectionpool:Starting new HTTPS connection (1): fuel.ignitionrobotics.org:443
[99.427s] DEBUG:urllib3.connectionpool:https://fuel.ignitionrobotics.org:443 "GET /1.0/OpenRobotics/models/ParkingTrolleyMin/3/ParkingTrolleyMin.zip HTTP/1.1" 200 1946726
[152.898s] Invoked command in '/home/pacman/turtlebot3_ws/build/aws_robomaker_hospital_world' returned '-2': CMAKE_PREFIX_PATH=${CMAKE_PREFIX_PATH}:/home/pacman/turtlebot3_ws/install/turtlebot3_teleop:/home/pacman/turtlebot3_ws/install/turtlebot3_example:/home/pacman/turtlebot3_ws/install/frame_changer:/opt/ros/humble /usr/bin/cmake /home/pacman/turtlebot3_ws/src/aws-robomaker-hospital-world -DCMAKE_INSTALL_PREFIX=/home/pacman/turtlebot3_ws/install/aws_robomaker_hospital_world
[152.898s] Traceback (most recent call last):
  File "/home/pacman/.local/lib/python3.10/site-packages/colcon_parallel_executor/executor/parallel.py", line 75, in execute
    loop.run_until_complete(future)
  File "/usr/lib/python3.10/asyncio/base_events.py", line 636, in run_until_complete
    self.run_forever()
  File "/usr/lib/python3.10/asyncio/base_events.py", line 603, in run_forever
    self._run_once()
  File "/usr/lib/python3.10/asyncio/base_events.py", line 1871, in _run_once
    event_list = self._selector.select(timeout)
  File "/usr/lib/python3.10/selectors.py", line 469, in select
    fd_event_list = self._selector.poll(timeout, max_ev)
KeyboardInterrupt

During handling of the above exception, another exception occurred:

Traceback (most recent call last):
  File "/home/pacman/.local/lib/python3.10/site-packages/colcon_core/executor/__init__.py", line 91, in __call__
    rc = await self.task(*args, **kwargs)
  File "/home/pacman/.local/lib/python3.10/site-packages/colcon_core/task/__init__.py", line 93, in __call__
    return await task_method(*args, **kwargs)
  File "/home/pacman/.local/lib/python3.10/site-packages/colcon_ros/task/ament_cmake/build.py", line 59, in build
    rc = await extension.build(
  File "/home/pacman/.local/lib/python3.10/site-packages/colcon_cmake/task/cmake/build.py", line 87, in build
    rc = await self._reconfigure(args, env)
  File "/home/pacman/.local/lib/python3.10/site-packages/colcon_cmake/task/cmake/build.py", line 182, in _reconfigure
    buildfile = get_buildfile(cmake_cache)
  File "/home/pacman/.local/lib/python3.10/site-packages/colcon_cmake/task/cmake/__init__.py", line 114, in get_buildfile
    if 'Visual Studio' in generator:
TypeError: argument of type 'NoneType' is not iterable
