[0.744s] Invoking command in '/home/pacman/turtlebot3_ws/build/explore': CMAKE_PREFIX_PATH=${CMAKE_PREFIX_PATH}:/home/pacman/turtlebot3_ws/install/turtlebot3_teleop:/home/pacman/turtlebot3_ws/install/turtlebot3_example:/home/pacman/turtlebot3_ws/install/semantic_mapper:/home/pacman/turtlebot3_ws/install/scheduler:/home/pacman/turtlebot3_ws/install/interpreter:/home/pacman/turtlebot3_ws/install/frame_changer:/home/pacman/turtlebot3_ws/install/dbms:/opt/ros/humble /usr/bin/cmake --build /home/pacman/turtlebot3_ws/build/explore -- -j12 -l12
[1.129s] [100%] Built target explore
[1.285s] Invoked command in '/home/pacman/turtlebot3_ws/build/explore' returned '0': CMAKE_PREFIX_PATH=${CMAKE_PREFIX_PATH}:/home/pacman/turtlebot3_ws/install/turtlebot3_teleop:/home/pacman/turtlebot3_ws/install/turtlebot3_example:/home/pacman/turtlebot3_ws/install/semantic_mapper:/home/pacman/turtlebot3_ws/install/scheduler:/home/pacman/turtlebot3_ws/install/interpreter:/home/pacman/turtlebot3_ws/install/frame_changer:/home/pacman/turtlebot3_ws/install/dbms:/opt/ros/humble /usr/bin/cmake --build /home/pacman/turtlebot3_ws/build/explore -- -j12 -l12
[1.620s] Invoking command in '/home/pacman/turtlebot3_ws/build/explore': CMAKE_PREFIX_PATH=${CMAKE_PREFIX_PATH}:/home/pacman/turtlebot3_ws/install/turtlebot3_teleop:/home/pacman/turtlebot3_ws/install/turtlebot3_example:/home/pacman/turtlebot3_ws/install/semantic_mapper:/home/pacman/turtlebot3_ws/install/scheduler:/home/pacman/turtlebot3_ws/install/interpreter:/home/pacman/turtlebot3_ws/install/frame_changer:/home/pacman/turtlebot3_ws/install/dbms:/opt/ros/humble /usr/bin/cmake --install /home/pacman/turtlebot3_ws/build/explore
[1.777s] -- Install configuration: ""
[1.777s] -- Up-to-date: /home/pacman/turtlebot3_ws/install/explore/include/explore/
[1.777s] -- Up-to-date: /home/pacman/turtlebot3_ws/install/explore/include/explore//frontier_search.h
[1.777s] -- Up-to-date: /home/pacman/turtlebot3_ws/install/explore/include/explore//costmap_client.h
[1.777s] -- Up-to-date: /home/pacman/turtlebot3_ws/install/explore/include/explore//costmap_tools.h
[1.778s] -- Up-to-date: /home/pacman/turtlebot3_ws/install/explore/include/explore//explore.h
[1.778s] -- Up-to-date: /home/pacman/turtlebot3_ws/install/explore/share/explore/config
[1.778s] -- Up-to-date: /home/pacman/turtlebot3_ws/install/explore/share/explore/config/params.yaml
[1.778s] -- Up-to-date: /home/pacman/turtlebot3_ws/install/explore/share/explore/config/params_costmap.yaml
[1.778s] -- Up-to-date: /home/pacman/turtlebot3_ws/install/explore/share/explore/launch
[1.778s] -- Up-to-date: /home/pacman/turtlebot3_ws/install/explore/share/explore/launch/explore.launch.py
[1.778s] -- Up-to-date: /home/pacman/turtlebot3_ws/install/explore/lib/explore/explore
[1.778s] -- Up-to-date: /home/pacman/turtlebot3_ws/install/explore/share/ament_index/resource_index/package_run_dependencies/explore
[1.778s] -- Up-to-date: /home/pacman/turtlebot3_ws/install/explore/share/ament_index/resource_index/parent_prefix_path/explore
[1.778s] -- Up-to-date: /home/pacman/turtlebot3_ws/install/explore/share/explore/environment/ament_prefix_path.sh
[1.778s] -- Up-to-date: /home/pacman/turtlebot3_ws/install/explore/share/explore/environment/ament_prefix_path.dsv
[1.778s] -- Up-to-date: /home/pacman/turtlebot3_ws/install/explore/share/explore/environment/path.sh
[1.778s] -- Up-to-date: /home/pacman/turtlebot3_ws/install/explore/share/explore/environment/path.dsv
[1.778s] -- Up-to-date: /home/pacman/turtlebot3_ws/install/explore/share/explore/local_setup.bash
[1.779s] -- Up-to-date: /home/pacman/turtlebot3_ws/install/explore/share/explore/local_setup.sh
[1.779s] -- Up-to-date: /home/pacman/turtlebot3_ws/install/explore/share/explore/local_setup.zsh
[1.779s] -- Up-to-date: /home/pacman/turtlebot3_ws/install/explore/share/explore/local_setup.dsv
[1.779s] -- Installing: /home/pacman/turtlebot3_ws/install/explore/share/explore/package.dsv
[1.779s] -- Up-to-date: /home/pacman/turtlebot3_ws/install/explore/share/ament_index/resource_index/packages/explore
[1.779s] -- Up-to-date: /home/pacman/turtlebot3_ws/install/explore/share/explore/cmake/ament_cmake_export_include_directories-extras.cmake
[1.779s] -- Up-to-date: /home/pacman/turtlebot3_ws/install/explore/share/explore/cmake/exploreConfig.cmake
[1.779s] -- Up-to-date: /home/pacman/turtlebot3_ws/install/explore/share/explore/cmake/exploreConfig-version.cmake
[1.779s] -- Up-to-date: /home/pacman/turtlebot3_ws/install/explore/share/explore/package.xml
[2.714s] Invoked command in '/home/pacman/turtlebot3_ws/build/explore' returned '0': CMAKE_PREFIX_PATH=${CMAKE_PREFIX_PATH}:/home/pacman/turtlebot3_ws/install/turtlebot3_teleop:/home/pacman/turtlebot3_ws/install/turtlebot3_example:/home/pacman/turtlebot3_ws/install/semantic_mapper:/home/pacman/turtlebot3_ws/install/scheduler:/home/pacman/turtlebot3_ws/install/interpreter:/home/pacman/turtlebot3_ws/install/frame_changer:/home/pacman/turtlebot3_ws/install/dbms:/opt/ros/humble /usr/bin/cmake --install /home/pacman/turtlebot3_ws/build/explore
