[0.035s] Invoking command in '/home/duck_sh/Mobile-Swarm-Navigation/build/turtlebot3_description': CMAKE_PREFIX_PATH=${CMAKE_PREFIX_PATH}:/home/duck_sh/Mobile-Swarm-Navigation/install/turtlebot3_teleop:/home/duck_sh/Mobile-Swarm-Navigation/install/turtlebot3_example:/home/duck_sh/ros2_ws/install/my_py_pkg:/home/duck_sh/turtlebot3_manipulation-humble-devel/install/ros2_controllers_test_nodes:/opt/ros/humble /usr/bin/cmake --build /home/duck_sh/Mobile-Swarm-Navigation/build/turtlebot3_description -- -j32 -l32
[0.222s] Invoked command in '/home/duck_sh/Mobile-Swarm-Navigation/build/turtlebot3_description' returned '0': CMAKE_PREFIX_PATH=${CMAKE_PREFIX_PATH}:/home/duck_sh/Mobile-Swarm-Navigation/install/turtlebot3_teleop:/home/duck_sh/Mobile-Swarm-Navigation/install/turtlebot3_example:/home/duck_sh/ros2_ws/install/my_py_pkg:/home/duck_sh/turtlebot3_manipulation-humble-devel/install/ros2_controllers_test_nodes:/opt/ros/humble /usr/bin/cmake --build /home/duck_sh/Mobile-Swarm-Navigation/build/turtlebot3_description -- -j32 -l32
[0.249s] Invoking command in '/home/duck_sh/Mobile-Swarm-Navigation/build/turtlebot3_description': CMAKE_PREFIX_PATH=${CMAKE_PREFIX_PATH}:/home/duck_sh/Mobile-Swarm-Navigation/install/turtlebot3_teleop:/home/duck_sh/Mobile-Swarm-Navigation/install/turtlebot3_example:/home/duck_sh/ros2_ws/install/my_py_pkg:/home/duck_sh/turtlebot3_manipulation-humble-devel/install/ros2_controllers_test_nodes:/opt/ros/humble /usr/bin/cmake --install /home/duck_sh/Mobile-Swarm-Navigation/build/turtlebot3_description
[0.256s] -- Install configuration: ""
[0.257s] -- Up-to-date: /home/duck_sh/Mobile-Swarm-Navigation/install/turtlebot3_description/share/turtlebot3_description/meshes
[0.259s] -- Up-to-date: /home/duck_sh/Mobile-Swarm-Navigation/install/turtlebot3_description/share/turtlebot3_description/meshes/sensors
[0.259s] -- Up-to-date: /home/duck_sh/Mobile-Swarm-Navigation/install/turtlebot3_description/share/turtlebot3_description/meshes/sensors/astra.jpg
[0.259s] -- Up-to-date: /home/duck_sh/Mobile-Swarm-Navigation/install/turtlebot3_description/share/turtlebot3_description/meshes/sensors/r200.jpg
[0.259s] -- Up-to-date: /home/duck_sh/Mobile-Swarm-Navigation/install/turtlebot3_description/share/turtlebot3_description/meshes/sensors/astra.dae
[0.260s] -- Up-to-date: /home/duck_sh/Mobile-Swarm-Navigation/install/turtlebot3_description/share/turtlebot3_description/meshes/sensors/r200.dae
[0.260s] -- Up-to-date: /home/duck_sh/Mobile-Swarm-Navigation/install/turtlebot3_description/share/turtlebot3_description/meshes/sensors/lds.stl
[0.260s] -- Up-to-date: /home/duck_sh/Mobile-Swarm-Navigation/install/turtlebot3_description/share/turtlebot3_description/meshes/wheels
[0.260s] -- Up-to-date: /home/duck_sh/Mobile-Swarm-Navigation/install/turtlebot3_description/share/turtlebot3_description/meshes/wheels/right_tire.stl
[0.260s] -- Up-to-date: /home/duck_sh/Mobile-Swarm-Navigation/install/turtlebot3_description/share/turtlebot3_description/meshes/wheels/left_tire.stl
[0.261s] -- Up-to-date: /home/duck_sh/Mobile-Swarm-Navigation/install/turtlebot3_description/share/turtlebot3_description/meshes/bases
[0.262s] -- Up-to-date: /home/duck_sh/Mobile-Swarm-Navigation/install/turtlebot3_description/share/turtlebot3_description/meshes/bases/waffle_pi_base.stl
[0.262s] -- Up-to-date: /home/duck_sh/Mobile-Swarm-Navigation/install/turtlebot3_description/share/turtlebot3_description/meshes/bases/waffle_base.stl
[0.262s] -- Up-to-date: /home/duck_sh/Mobile-Swarm-Navigation/install/turtlebot3_description/share/turtlebot3_description/meshes/bases/burger_base.stl
[0.262s] -- Up-to-date: /home/duck_sh/Mobile-Swarm-Navigation/install/turtlebot3_description/share/turtlebot3_description/rviz
[0.262s] -- Up-to-date: /home/duck_sh/Mobile-Swarm-Navigation/install/turtlebot3_description/share/turtlebot3_description/rviz/model.rviz
[0.262s] -- Up-to-date: /home/duck_sh/Mobile-Swarm-Navigation/install/turtlebot3_description/share/turtlebot3_description/urdf
[0.262s] -- Up-to-date: /home/duck_sh/Mobile-Swarm-Navigation/install/turtlebot3_description/share/turtlebot3_description/urdf/turtlebot3_waffle_pi.urdf
[0.262s] -- Up-to-date: /home/duck_sh/Mobile-Swarm-Navigation/install/turtlebot3_description/share/turtlebot3_description/urdf/turtlebot3_burger.urdf
[0.262s] -- Up-to-date: /home/duck_sh/Mobile-Swarm-Navigation/install/turtlebot3_description/share/turtlebot3_description/urdf/common_properties.urdf
[0.262s] -- Up-to-date: /home/duck_sh/Mobile-Swarm-Navigation/install/turtlebot3_description/share/turtlebot3_description/urdf/turtlebot3_waffle.urdf
[0.262s] -- Up-to-date: /home/duck_sh/Mobile-Swarm-Navigation/install/turtlebot3_description/share/ament_index/resource_index/package_run_dependencies/turtlebot3_description
[0.262s] -- Up-to-date: /home/duck_sh/Mobile-Swarm-Navigation/install/turtlebot3_description/share/ament_index/resource_index/parent_prefix_path/turtlebot3_description
[0.262s] -- Up-to-date: /home/duck_sh/Mobile-Swarm-Navigation/install/turtlebot3_description/share/turtlebot3_description/environment/ament_prefix_path.sh
[0.262s] -- Up-to-date: /home/duck_sh/Mobile-Swarm-Navigation/install/turtlebot3_description/share/turtlebot3_description/environment/ament_prefix_path.dsv
[0.263s] -- Up-to-date: /home/duck_sh/Mobile-Swarm-Navigation/install/turtlebot3_description/share/turtlebot3_description/environment/path.sh
[0.263s] -- Up-to-date: /home/duck_sh/Mobile-Swarm-Navigation/install/turtlebot3_description/share/turtlebot3_description/environment/path.dsv
[0.263s] -- Up-to-date: /home/duck_sh/Mobile-Swarm-Navigation/install/turtlebot3_description/share/turtlebot3_description/local_setup.bash
[0.263s] -- Up-to-date: /home/duck_sh/Mobile-Swarm-Navigation/install/turtlebot3_description/share/turtlebot3_description/local_setup.sh
[0.263s] -- Up-to-date: /home/duck_sh/Mobile-Swarm-Navigation/install/turtlebot3_description/share/turtlebot3_description/local_setup.zsh
[0.264s] -- Up-to-date: /home/duck_sh/Mobile-Swarm-Navigation/install/turtlebot3_description/share/turtlebot3_description/local_setup.dsv
[0.264s] -- Installing: /home/duck_sh/Mobile-Swarm-Navigation/install/turtlebot3_description/share/turtlebot3_description/package.dsv
[0.265s] -- Up-to-date: /home/duck_sh/Mobile-Swarm-Navigation/install/turtlebot3_description/share/ament_index/resource_index/packages/turtlebot3_description
[0.268s] -- Up-to-date: /home/duck_sh/Mobile-Swarm-Navigation/install/turtlebot3_description/share/turtlebot3_description/cmake/turtlebot3_descriptionConfig.cmake
[0.268s] -- Up-to-date: /home/duck_sh/Mobile-Swarm-Navigation/install/turtlebot3_description/share/turtlebot3_description/cmake/turtlebot3_descriptionConfig-version.cmake
[0.268s] -- Up-to-date: /home/duck_sh/Mobile-Swarm-Navigation/install/turtlebot3_description/share/turtlebot3_description/package.xml
[0.273s] Invoked command in '/home/duck_sh/Mobile-Swarm-Navigation/build/turtlebot3_description' returned '0': CMAKE_PREFIX_PATH=${CMAKE_PREFIX_PATH}:/home/duck_sh/Mobile-Swarm-Navigation/install/turtlebot3_teleop:/home/duck_sh/Mobile-Swarm-Navigation/install/turtlebot3_example:/home/duck_sh/ros2_ws/install/my_py_pkg:/home/duck_sh/turtlebot3_manipulation-humble-devel/install/ros2_controllers_test_nodes:/opt/ros/humble /usr/bin/cmake --install /home/duck_sh/Mobile-Swarm-Navigation/build/turtlebot3_description
