[2.226s] Invoking command in '/home/pacman/turtlebot3_ws/src/scheduler': PYTHONPATH=/home/pacman/turtlebot3_ws/build/scheduler/prefix_override:/home/pacman/.local/lib/python3.10/site-packages/colcon_core/task/python/colcon_distutils_commands:/home/pacman/turtlebot3_ws/install/scheduler/lib/python3.10/site-packages:${PYTHONPATH} /usr/bin/python3 -W ignore:setup.py install is deprecated setup.py egg_info --egg-base ../../build/scheduler build --build-base /home/pacman/turtlebot3_ws/build/scheduler/build install --record /home/pacman/turtlebot3_ws/build/scheduler/install.log --single-version-externally-managed install_data
[2.707s] running egg_info
[2.708s] writing ../../build/scheduler/scheduler.egg-info/PKG-INFO
[2.711s] writing dependency_links to ../../build/scheduler/scheduler.egg-info/dependency_links.txt
[2.711s] writing entry points to ../../build/scheduler/scheduler.egg-info/entry_points.txt
[2.711s] writing requirements to ../../build/scheduler/scheduler.egg-info/requires.txt
[2.711s] writing top-level names to ../../build/scheduler/scheduler.egg-info/top_level.txt
[2.714s] reading manifest file '../../build/scheduler/scheduler.egg-info/SOURCES.txt'
[2.720s] writing manifest file '../../build/scheduler/scheduler.egg-info/SOURCES.txt'
[2.721s] running build
[2.721s] running build_py
[2.721s] running install
[2.721s] running install_lib
[2.724s] running install_data
[2.725s] running install_egg_info
[2.732s] removing '/home/pacman/turtlebot3_ws/install/scheduler/lib/python3.10/site-packages/scheduler-0.0.0-py3.10.egg-info' (and everything under it)
[2.735s] Copying ../../build/scheduler/scheduler.egg-info to /home/pacman/turtlebot3_ws/install/scheduler/lib/python3.10/site-packages/scheduler-0.0.0-py3.10.egg-info
[2.741s] running install_scripts
[2.782s] Installing scheduler_2 script to /home/pacman/turtlebot3_ws/install/scheduler/lib/scheduler
[2.785s] Installing scheduler_3 script to /home/pacman/turtlebot3_ws/install/scheduler/lib/scheduler
[2.785s] Installing sub_scheduler script to /home/pacman/turtlebot3_ws/install/scheduler/lib/scheduler
[2.785s] writing list of installed files to '/home/pacman/turtlebot3_ws/build/scheduler/install.log'
[2.947s] Invoked command in '/home/pacman/turtlebot3_ws/src/scheduler' returned '0': PYTHONPATH=/home/pacman/turtlebot3_ws/build/scheduler/prefix_override:/home/pacman/.local/lib/python3.10/site-packages/colcon_core/task/python/colcon_distutils_commands:/home/pacman/turtlebot3_ws/install/scheduler/lib/python3.10/site-packages:${PYTHONPATH} /usr/bin/python3 -W ignore:setup.py install is deprecated setup.py egg_info --egg-base ../../build/scheduler build --build-base /home/pacman/turtlebot3_ws/build/scheduler/build install --record /home/pacman/turtlebot3_ws/build/scheduler/install.log --single-version-externally-managed install_data
