[0.030s] Invoking command in '/home/duck_sh/Mobile-Swarm-Navigation/build/turtlebot3_description': CMAKE_PREFIX_PATH=${CMAKE_PREFIX_PATH}:/home/duck_sh/ros2_ws/install/my_py_pkg:/home/duck_sh/turtlebot3_manipulation-humble-devel/install/ros2_controllers_test_nodes:/opt/ros/humble /usr/bin/cmake /home/duck_sh/Mobile-Swarm-Navigation/src/turtlebot3/turtlebot3/turtlebot3_description -DCMAKE_INSTALL_PREFIX=/home/duck_sh/Mobile-Swarm-Navigation/install/turtlebot3_description
[0.177s] -- The C compiler identification is GNU 11.4.0
[0.185s] -- The CXX compiler identification is GNU 11.4.0
[0.192s] -- Detecting C compiler ABI info
[0.253s] -- Detecting C compiler ABI info - done
[0.259s] -- Check for working C compiler: /usr/bin/cc - skipped
[0.259s] -- Detecting C compile features
[0.259s] -- Detecting C compile features - done
[0.261s] -- Detecting CXX compiler ABI info
[0.329s] -- Detecting CXX compiler ABI info - done
[0.334s] -- Check for working CXX compiler: /usr/bin/c++ - skipped
[0.334s] -- Detecting CXX compile features
[0.335s] -- Detecting CXX compile features - done
[0.337s] -- Found ament_cmake: 1.3.10 (/opt/ros/humble/share/ament_cmake/cmake)
[0.447s] -- Found Python3: /usr/bin/python3 (found version "3.10.12") found components: Interpreter 
[0.557s] -- Found urdf: 2.6.1 (/opt/ros/humble/share/urdf/cmake)
[0.678s] -- Configuring done
[0.679s] -- Generating done
[0.680s] -- Build files have been written to: /home/duck_sh/Mobile-Swarm-Navigation/build/turtlebot3_description
[0.695s] Invoked command in '/home/duck_sh/Mobile-Swarm-Navigation/build/turtlebot3_description' returned '0': CMAKE_PREFIX_PATH=${CMAKE_PREFIX_PATH}:/home/duck_sh/ros2_ws/install/my_py_pkg:/home/duck_sh/turtlebot3_manipulation-humble-devel/install/ros2_controllers_test_nodes:/opt/ros/humble /usr/bin/cmake /home/duck_sh/Mobile-Swarm-Navigation/src/turtlebot3/turtlebot3/turtlebot3_description -DCMAKE_INSTALL_PREFIX=/home/duck_sh/Mobile-Swarm-Navigation/install/turtlebot3_description
[0.696s] Invoking command in '/home/duck_sh/Mobile-Swarm-Navigation/build/turtlebot3_description': CMAKE_PREFIX_PATH=${CMAKE_PREFIX_PATH}:/home/duck_sh/ros2_ws/install/my_py_pkg:/home/duck_sh/turtlebot3_manipulation-humble-devel/install/ros2_controllers_test_nodes:/opt/ros/humble /usr/bin/cmake --build /home/duck_sh/Mobile-Swarm-Navigation/build/turtlebot3_description -- -j32 -l32
[0.729s] Invoked command in '/home/duck_sh/Mobile-Swarm-Navigation/build/turtlebot3_description' returned '0': CMAKE_PREFIX_PATH=${CMAKE_PREFIX_PATH}:/home/duck_sh/ros2_ws/install/my_py_pkg:/home/duck_sh/turtlebot3_manipulation-humble-devel/install/ros2_controllers_test_nodes:/opt/ros/humble /usr/bin/cmake --build /home/duck_sh/Mobile-Swarm-Navigation/build/turtlebot3_description -- -j32 -l32
[0.750s] Invoking command in '/home/duck_sh/Mobile-Swarm-Navigation/build/turtlebot3_description': CMAKE_PREFIX_PATH=${CMAKE_PREFIX_PATH}:/home/duck_sh/ros2_ws/install/my_py_pkg:/home/duck_sh/turtlebot3_manipulation-humble-devel/install/ros2_controllers_test_nodes:/opt/ros/humble /usr/bin/cmake --install /home/duck_sh/Mobile-Swarm-Navigation/build/turtlebot3_description
[0.755s] -- Install configuration: ""
[0.755s] -- Installing: /home/duck_sh/Mobile-Swarm-Navigation/install/turtlebot3_description/share/turtlebot3_description/meshes
[0.755s] -- Installing: /home/duck_sh/Mobile-Swarm-Navigation/install/turtlebot3_description/share/turtlebot3_description/meshes/sensors
[0.756s] -- Installing: /home/duck_sh/Mobile-Swarm-Navigation/install/turtlebot3_description/share/turtlebot3_description/meshes/sensors/astra.jpg
[0.756s] -- Installing: /home/duck_sh/Mobile-Swarm-Navigation/install/turtlebot3_description/share/turtlebot3_description/meshes/sensors/r200.jpg
[0.756s] -- Installing: /home/duck_sh/Mobile-Swarm-Navigation/install/turtlebot3_description/share/turtlebot3_description/meshes/sensors/astra.dae
[0.770s] -- Installing: /home/duck_sh/Mobile-Swarm-Navigation/install/turtlebot3_description/share/turtlebot3_description/meshes/sensors/r200.dae
[0.771s] -- Installing: /home/duck_sh/Mobile-Swarm-Navigation/install/turtlebot3_description/share/turtlebot3_description/meshes/sensors/lds.stl
[0.773s] -- Installing: /home/duck_sh/Mobile-Swarm-Navigation/install/turtlebot3_description/share/turtlebot3_description/meshes/wheels
[0.773s] -- Installing: /home/duck_sh/Mobile-Swarm-Navigation/install/turtlebot3_description/share/turtlebot3_description/meshes/wheels/right_tire.stl
[0.775s] -- Installing: /home/duck_sh/Mobile-Swarm-Navigation/install/turtlebot3_description/share/turtlebot3_description/meshes/wheels/left_tire.stl
[0.777s] -- Installing: /home/duck_sh/Mobile-Swarm-Navigation/install/turtlebot3_description/share/turtlebot3_description/meshes/bases
[0.777s] -- Installing: /home/duck_sh/Mobile-Swarm-Navigation/install/turtlebot3_description/share/turtlebot3_description/meshes/bases/waffle_pi_base.stl
[0.790s] -- Installing: /home/duck_sh/Mobile-Swarm-Navigation/install/turtlebot3_description/share/turtlebot3_description/meshes/bases/waffle_base.stl
[0.813s] -- Installing: /home/duck_sh/Mobile-Swarm-Navigation/install/turtlebot3_description/share/turtlebot3_description/meshes/bases/burger_base.stl
[0.820s] -- Installing: /home/duck_sh/Mobile-Swarm-Navigation/install/turtlebot3_description/share/turtlebot3_description/rviz
[0.821s] -- Installing: /home/duck_sh/Mobile-Swarm-Navigation/install/turtlebot3_description/share/turtlebot3_description/rviz/model.rviz
[0.821s] -- Installing: /home/duck_sh/Mobile-Swarm-Navigation/install/turtlebot3_description/share/turtlebot3_description/urdf
[0.821s] -- Installing: /home/duck_sh/Mobile-Swarm-Navigation/install/turtlebot3_description/share/turtlebot3_description/urdf/turtlebot3_waffle_pi.urdf
[0.821s] -- Installing: /home/duck_sh/Mobile-Swarm-Navigation/install/turtlebot3_description/share/turtlebot3_description/urdf/turtlebot3_burger.urdf
[0.821s] -- Installing: /home/duck_sh/Mobile-Swarm-Navigation/install/turtlebot3_description/share/turtlebot3_description/urdf/common_properties.urdf
[0.821s] -- Installing: /home/duck_sh/Mobile-Swarm-Navigation/install/turtlebot3_description/share/turtlebot3_description/urdf/turtlebot3_waffle.urdf
[0.822s] -- Installing: /home/duck_sh/Mobile-Swarm-Navigation/install/turtlebot3_description/share/ament_index/resource_index/package_run_dependencies/turtlebot3_description
[0.822s] -- Installing: /home/duck_sh/Mobile-Swarm-Navigation/install/turtlebot3_description/share/ament_index/resource_index/parent_prefix_path/turtlebot3_description
[0.822s] -- Installing: /home/duck_sh/Mobile-Swarm-Navigation/install/turtlebot3_description/share/turtlebot3_description/environment/ament_prefix_path.sh
[0.822s] -- Installing: /home/duck_sh/Mobile-Swarm-Navigation/install/turtlebot3_description/share/turtlebot3_description/environment/ament_prefix_path.dsv
[0.822s] -- Installing: /home/duck_sh/Mobile-Swarm-Navigation/install/turtlebot3_description/share/turtlebot3_description/environment/path.sh
[0.822s] -- Installing: /home/duck_sh/Mobile-Swarm-Navigation/install/turtlebot3_description/share/turtlebot3_description/environment/path.dsv
[0.822s] -- Installing: /home/duck_sh/Mobile-Swarm-Navigation/install/turtlebot3_description/share/turtlebot3_description/local_setup.bash
[0.822s] -- Installing: /home/duck_sh/Mobile-Swarm-Navigation/install/turtlebot3_description/share/turtlebot3_description/local_setup.sh
[0.822s] -- Installing: /home/duck_sh/Mobile-Swarm-Navigation/install/turtlebot3_description/share/turtlebot3_description/local_setup.zsh
[0.822s] -- Installing: /home/duck_sh/Mobile-Swarm-Navigation/install/turtlebot3_description/share/turtlebot3_description/local_setup.dsv
[0.822s] -- Installing: /home/duck_sh/Mobile-Swarm-Navigation/install/turtlebot3_description/share/turtlebot3_description/package.dsv
[0.823s] -- Installing: /home/duck_sh/Mobile-Swarm-Navigation/install/turtlebot3_description/share/ament_index/resource_index/packages/turtlebot3_description
[0.823s] -- Installing: /home/duck_sh/Mobile-Swarm-Navigation/install/turtlebot3_description/share/turtlebot3_description/cmake/turtlebot3_descriptionConfig.cmake
[0.823s] -- Installing: /home/duck_sh/Mobile-Swarm-Navigation/install/turtlebot3_description/share/turtlebot3_description/cmake/turtlebot3_descriptionConfig-version.cmake
[0.823s] -- Installing: /home/duck_sh/Mobile-Swarm-Navigation/install/turtlebot3_description/share/turtlebot3_description/package.xml
[0.825s] Invoked command in '/home/duck_sh/Mobile-Swarm-Navigation/build/turtlebot3_description' returned '0': CMAKE_PREFIX_PATH=${CMAKE_PREFIX_PATH}:/home/duck_sh/ros2_ws/install/my_py_pkg:/home/duck_sh/turtlebot3_manipulation-humble-devel/install/ros2_controllers_test_nodes:/opt/ros/humble /usr/bin/cmake --install /home/duck_sh/Mobile-Swarm-Navigation/build/turtlebot3_description
