[0.586s] Invoking command in '/home/pacman/turtlebot3_ws/src/scheduler': PYTHONPATH=/home/pacman/turtlebot3_ws/build/scheduler/prefix_override:/home/pacman/.local/lib/python3.10/site-packages/colcon_core/task/python/colcon_distutils_commands:/home/pacman/turtlebot3_ws/install/scheduler/lib/python3.10/site-packages:${PYTHONPATH} /usr/bin/python3 -W ignore:setup.py install is deprecated setup.py egg_info --egg-base ../../build/scheduler build --build-base /home/pacman/turtlebot3_ws/build/scheduler/build install --record /home/pacman/turtlebot3_ws/build/scheduler/install.log --single-version-externally-managed install_data
[0.766s] running egg_info
[0.766s] writing ../../build/scheduler/scheduler.egg-info/PKG-INFO
[0.767s] writing dependency_links to ../../build/scheduler/scheduler.egg-info/dependency_links.txt
[0.767s] writing entry points to ../../build/scheduler/scheduler.egg-info/entry_points.txt
[0.767s] writing requirements to ../../build/scheduler/scheduler.egg-info/requires.txt
[0.767s] writing top-level names to ../../build/scheduler/scheduler.egg-info/top_level.txt
[0.770s] reading manifest file '../../build/scheduler/scheduler.egg-info/SOURCES.txt'
[0.770s] writing manifest file '../../build/scheduler/scheduler.egg-info/SOURCES.txt'
[0.770s] running build
[0.770s] running build_py
[0.770s] copying scheduler/scheduler_2.py -> /home/pacman/turtlebot3_ws/build/scheduler/build/lib/scheduler
[0.771s] running install
[0.771s] running install_lib
[0.772s] copying /home/pacman/turtlebot3_ws/build/scheduler/build/lib/scheduler/scheduler_2.py -> /home/pacman/turtlebot3_ws/install/scheduler/lib/python3.10/site-packages/scheduler
[0.772s] byte-compiling /home/pacman/turtlebot3_ws/install/scheduler/lib/python3.10/site-packages/scheduler/scheduler_2.py to scheduler_2.cpython-310.pyc
[0.773s] running install_data
[0.773s] running install_egg_info
[0.777s] removing '/home/pacman/turtlebot3_ws/install/scheduler/lib/python3.10/site-packages/scheduler-0.0.0-py3.10.egg-info' (and everything under it)
[0.778s] Copying ../../build/scheduler/scheduler.egg-info to /home/pacman/turtlebot3_ws/install/scheduler/lib/python3.10/site-packages/scheduler-0.0.0-py3.10.egg-info
[0.778s] running install_scripts
[0.792s] Installing scheduler_2 script to /home/pacman/turtlebot3_ws/install/scheduler/lib/scheduler
[0.792s] writing list of installed files to '/home/pacman/turtlebot3_ws/build/scheduler/install.log'
[0.818s] Invoked command in '/home/pacman/turtlebot3_ws/src/scheduler' returned '0': PYTHONPATH=/home/pacman/turtlebot3_ws/build/scheduler/prefix_override:/home/pacman/.local/lib/python3.10/site-packages/colcon_core/task/python/colcon_distutils_commands:/home/pacman/turtlebot3_ws/install/scheduler/lib/python3.10/site-packages:${PYTHONPATH} /usr/bin/python3 -W ignore:setup.py install is deprecated setup.py egg_info --egg-base ../../build/scheduler build --build-base /home/pacman/turtlebot3_ws/build/scheduler/build install --record /home/pacman/turtlebot3_ws/build/scheduler/install.log --single-version-externally-managed install_data
