[0.670s] Invoking command in '/home/pacman/turtlebot3_ws/build/turtlebot3_teleop': PYTHONPATH=/home/pacman/turtlebot3_ws/build/turtlebot3_teleop/prefix_override:/home/pacman/.local/lib/python3.10/site-packages/colcon_core/task/python/colcon_distutils_commands:/home/pacman/turtlebot3_ws/install/turtlebot3_teleop/lib/python3.10/site-packages:${PYTHONPATH} /usr/bin/python3 -W ignore:setup.py install is deprecated setup.py develop --editable --build-directory /home/pacman/turtlebot3_ws/build/turtlebot3_teleop/build --no-deps symlink_data --force
[0.851s] running develop
[0.852s] /usr/lib/python3/dist-packages/setuptools/command/easy_install.py:158: EasyInstallDeprecationWarning: easy_install command is deprecated. Use build and pip and other standards-based tools.
[0.852s]   warnings.warn(
[0.937s] running egg_info
[0.937s] writing turtlebot3_teleop.egg-info/PKG-INFO
[0.937s] writing dependency_links to turtlebot3_teleop.egg-info/dependency_links.txt
[0.937s] writing entry points to turtlebot3_teleop.egg-info/entry_points.txt
[0.937s] writing requirements to turtlebot3_teleop.egg-info/requires.txt
[0.937s] writing top-level names to turtlebot3_teleop.egg-info/top_level.txt
[0.939s] reading manifest file 'turtlebot3_teleop.egg-info/SOURCES.txt'
[0.940s] writing manifest file 'turtlebot3_teleop.egg-info/SOURCES.txt'
[0.941s] running build_ext
[0.942s] Creating /home/pacman/turtlebot3_ws/install/turtlebot3_teleop/lib/python3.10/site-packages/turtlebot3-teleop.egg-link (link to .)
[0.942s] Installing teleop_keyboard script to /home/pacman/turtlebot3_ws/install/turtlebot3_teleop/lib/turtlebot3_teleop
[0.943s] 
[0.943s] Installed /home/pacman/turtlebot3_ws/build/turtlebot3_teleop
[0.943s] running symlink_data
[0.943s] symbolically linking /home/pacman/turtlebot3_ws/build/turtlebot3_teleop/resource/turtlebot3_teleop -> /home/pacman/turtlebot3_ws/install/turtlebot3_teleop/share/ament_index/resource_index/packages
[0.943s] symbolically linking /home/pacman/turtlebot3_ws/build/turtlebot3_teleop/package.xml -> /home/pacman/turtlebot3_ws/install/turtlebot3_teleop/share/turtlebot3_teleop
[0.965s] Invoked command in '/home/pacman/turtlebot3_ws/build/turtlebot3_teleop' returned '0': PYTHONPATH=/home/pacman/turtlebot3_ws/build/turtlebot3_teleop/prefix_override:/home/pacman/.local/lib/python3.10/site-packages/colcon_core/task/python/colcon_distutils_commands:/home/pacman/turtlebot3_ws/install/turtlebot3_teleop/lib/python3.10/site-packages:${PYTHONPATH} /usr/bin/python3 -W ignore:setup.py install is deprecated setup.py develop --editable --build-directory /home/pacman/turtlebot3_ws/build/turtlebot3_teleop/build --no-deps symlink_data --force
