[0.483s] Invoking command in '/home/pacman/tortoisebot_rb/build/tortoisebot_description': CMAKE_PREFIX_PATH=${CMAKE_PREFIX_PATH}:/home/pacman/tortoisebot_rb/install/turtlebot3_teleop:/home/pacman/tortoisebot_rb/install/tortoisebot_slam:/home/pacman/tortoisebot_rb/install/tortoisebot_navigation:/home/pacman/tortoisebot_rb/install/tortoisebot_imu:/home/pacman/tortoisebot_rb/install/tortoisebot_control:/opt/ros/humble /usr/bin/cmake /home/pacman/tortoisebot_rb/tortoisebot/tortoisebot_description -DCMAKE_INSTALL_PREFIX=/home/pacman/tortoisebot_rb/install/tortoisebot_description
[0.544s] -- The C compiler identification is GNU 11.4.0
[0.600s] -- The CXX compiler identification is GNU 11.4.0
[0.609s] -- Detecting C compiler ABI info
[0.671s] -- Detecting C compiler ABI info - done
[0.681s] -- Check for working C compiler: /usr/bin/cc - skipped
[0.681s] -- Detecting C compile features
[0.683s] -- Detecting C compile features - done
[0.689s] -- Detecting CXX compiler ABI info
[0.775s] -- Detecting CXX compiler ABI info - done
[0.784s] -- Check for working CXX compiler: /usr/bin/c++ - skipped
[0.785s] -- Detecting CXX compile features
[0.785s] -- Detecting CXX compile features - done
[0.788s] -- Found ament_cmake: 1.3.10 (/opt/ros/humble/share/ament_cmake/cmake)
[0.963s] -- Found Python3: /usr/bin/python3 (found version "3.10.12") found components: Interpreter 
[1.058s] -- Found ament_lint_auto: 0.12.11 (/opt/ros/humble/share/ament_lint_auto/cmake)
[1.141s] -- Added test 'flake8' to check Python code syntax and style conventions
[1.142s] -- Added test 'lint_cmake' to check CMake code style
[1.142s] -- Added test 'pep257' to check Python code against some of the docstring style conventions in PEP 257
[1.143s] -- Added test 'xmllint' to check XML markup files
[1.147s] -- Configuring done
[1.147s] -- Generating done
[1.147s] -- Build files have been written to: /home/pacman/tortoisebot_rb/build/tortoisebot_description
[1.154s] Invoked command in '/home/pacman/tortoisebot_rb/build/tortoisebot_description' returned '0': CMAKE_PREFIX_PATH=${CMAKE_PREFIX_PATH}:/home/pacman/tortoisebot_rb/install/turtlebot3_teleop:/home/pacman/tortoisebot_rb/install/tortoisebot_slam:/home/pacman/tortoisebot_rb/install/tortoisebot_navigation:/home/pacman/tortoisebot_rb/install/tortoisebot_imu:/home/pacman/tortoisebot_rb/install/tortoisebot_control:/opt/ros/humble /usr/bin/cmake /home/pacman/tortoisebot_rb/tortoisebot/tortoisebot_description -DCMAKE_INSTALL_PREFIX=/home/pacman/tortoisebot_rb/install/tortoisebot_description
[1.156s] Invoking command in '/home/pacman/tortoisebot_rb/build/tortoisebot_description': CMAKE_PREFIX_PATH=${CMAKE_PREFIX_PATH}:/home/pacman/tortoisebot_rb/install/turtlebot3_teleop:/home/pacman/tortoisebot_rb/install/tortoisebot_slam:/home/pacman/tortoisebot_rb/install/tortoisebot_navigation:/home/pacman/tortoisebot_rb/install/tortoisebot_imu:/home/pacman/tortoisebot_rb/install/tortoisebot_control:/opt/ros/humble /usr/bin/cmake --build /home/pacman/tortoisebot_rb/build/tortoisebot_description -- -j12 -l12
[1.308s] Invoked command in '/home/pacman/tortoisebot_rb/build/tortoisebot_description' returned '0': CMAKE_PREFIX_PATH=${CMAKE_PREFIX_PATH}:/home/pacman/tortoisebot_rb/install/turtlebot3_teleop:/home/pacman/tortoisebot_rb/install/tortoisebot_slam:/home/pacman/tortoisebot_rb/install/tortoisebot_navigation:/home/pacman/tortoisebot_rb/install/tortoisebot_imu:/home/pacman/tortoisebot_rb/install/tortoisebot_control:/opt/ros/humble /usr/bin/cmake --build /home/pacman/tortoisebot_rb/build/tortoisebot_description -- -j12 -l12
[1.337s] Invoking command in '/home/pacman/tortoisebot_rb/build/tortoisebot_description': CMAKE_PREFIX_PATH=${CMAKE_PREFIX_PATH}:/home/pacman/tortoisebot_rb/install/turtlebot3_teleop:/home/pacman/tortoisebot_rb/install/tortoisebot_slam:/home/pacman/tortoisebot_rb/install/tortoisebot_navigation:/home/pacman/tortoisebot_rb/install/tortoisebot_imu:/home/pacman/tortoisebot_rb/install/tortoisebot_control:/opt/ros/humble /usr/bin/cmake --install /home/pacman/tortoisebot_rb/build/tortoisebot_description
[1.350s] -- Install configuration: ""
[1.350s] -- Installing: /home/pacman/tortoisebot_rb/install/tortoisebot_description/share/tortoisebot_description/launch
[1.350s] -- Installing: /home/pacman/tortoisebot_rb/install/tortoisebot_description/share/tortoisebot_description/launch/state_publisher.launch.py
[1.350s] -- Installing: /home/pacman/tortoisebot_rb/install/tortoisebot_description/share/tortoisebot_description/launch/display.launch.py
[1.350s] -- Installing: /home/pacman/tortoisebot_rb/install/tortoisebot_description/share/tortoisebot_description/models
[1.350s] -- Installing: /home/pacman/tortoisebot_rb/install/tortoisebot_description/share/tortoisebot_description/models/.DS_Store
[1.350s] -- Installing: /home/pacman/tortoisebot_rb/install/tortoisebot_description/share/tortoisebot_description/models/urdf
[1.350s] -- Installing: /home/pacman/tortoisebot_rb/install/tortoisebot_description/share/tortoisebot_description/models/urdf/tortoisebot_simple.gazebo
[1.350s] -- Installing: /home/pacman/tortoisebot_rb/install/tortoisebot_description/share/tortoisebot_description/models/urdf/tortoisebot_simple.xacro
[1.350s] -- Installing: /home/pacman/tortoisebot_rb/install/tortoisebot_description/share/tortoisebot_description/models/meshes
[1.350s] -- Installing: /home/pacman/tortoisebot_rb/install/tortoisebot_description/share/tortoisebot_description/models/meshes/camera_link.dae
[1.350s] -- Installing: /home/pacman/tortoisebot_rb/install/tortoisebot_description/share/tortoisebot_description/models/meshes/castor_wheel.dae
[1.350s] -- Installing: /home/pacman/tortoisebot_rb/install/tortoisebot_description/share/tortoisebot_description/models/meshes/lidar.dae
[1.351s] -- Installing: /home/pacman/tortoisebot_rb/install/tortoisebot_description/share/tortoisebot_description/models/meshes/camera_holder.dae
[1.351s] -- Installing: /home/pacman/tortoisebot_rb/install/tortoisebot_description/share/tortoisebot_description/models/meshes/wheel_right.dae
[1.351s] -- Installing: /home/pacman/tortoisebot_rb/install/tortoisebot_description/share/tortoisebot_description/models/meshes/wheel_left.dae
[1.351s] -- Installing: /home/pacman/tortoisebot_rb/install/tortoisebot_description/share/tortoisebot_description/models/meshes/base_link.dae
[1.351s] -- Installing: /home/pacman/tortoisebot_rb/install/tortoisebot_description/share/tortoisebot_description/rviz
[1.351s] -- Installing: /home/pacman/tortoisebot_rb/install/tortoisebot_description/share/tortoisebot_description/rviz/tortoisebot_sensor_display.rviz
[1.351s] -- Installing: /home/pacman/tortoisebot_rb/install/tortoisebot_description/share/ament_index/resource_index/package_run_dependencies/tortoisebot_description
[1.351s] -- Installing: /home/pacman/tortoisebot_rb/install/tortoisebot_description/share/ament_index/resource_index/parent_prefix_path/tortoisebot_description
[1.351s] -- Installing: /home/pacman/tortoisebot_rb/install/tortoisebot_description/share/tortoisebot_description/environment/ament_prefix_path.sh
[1.351s] -- Installing: /home/pacman/tortoisebot_rb/install/tortoisebot_description/share/tortoisebot_description/environment/ament_prefix_path.dsv
[1.351s] -- Installing: /home/pacman/tortoisebot_rb/install/tortoisebot_description/share/tortoisebot_description/environment/path.sh
[1.351s] -- Installing: /home/pacman/tortoisebot_rb/install/tortoisebot_description/share/tortoisebot_description/environment/path.dsv
[1.351s] -- Installing: /home/pacman/tortoisebot_rb/install/tortoisebot_description/share/tortoisebot_description/local_setup.bash
[1.351s] -- Installing: /home/pacman/tortoisebot_rb/install/tortoisebot_description/share/tortoisebot_description/local_setup.sh
[1.351s] -- Installing: /home/pacman/tortoisebot_rb/install/tortoisebot_description/share/tortoisebot_description/local_setup.zsh
[1.351s] -- Installing: /home/pacman/tortoisebot_rb/install/tortoisebot_description/share/tortoisebot_description/local_setup.dsv
[1.351s] -- Installing: /home/pacman/tortoisebot_rb/install/tortoisebot_description/share/tortoisebot_description/package.dsv
[1.351s] -- Installing: /home/pacman/tortoisebot_rb/install/tortoisebot_description/share/ament_index/resource_index/packages/tortoisebot_description
[1.351s] -- Installing: /home/pacman/tortoisebot_rb/install/tortoisebot_description/share/tortoisebot_description/cmake/tortoisebot_descriptionConfig.cmake
[1.351s] -- Installing: /home/pacman/tortoisebot_rb/install/tortoisebot_description/share/tortoisebot_description/cmake/tortoisebot_descriptionConfig-version.cmake
[1.351s] -- Installing: /home/pacman/tortoisebot_rb/install/tortoisebot_description/share/tortoisebot_description/package.xml
[1.357s] Invoked command in '/home/pacman/tortoisebot_rb/build/tortoisebot_description' returned '0': CMAKE_PREFIX_PATH=${CMAKE_PREFIX_PATH}:/home/pacman/tortoisebot_rb/install/turtlebot3_teleop:/home/pacman/tortoisebot_rb/install/tortoisebot_slam:/home/pacman/tortoisebot_rb/install/tortoisebot_navigation:/home/pacman/tortoisebot_rb/install/tortoisebot_imu:/home/pacman/tortoisebot_rb/install/tortoisebot_control:/opt/ros/humble /usr/bin/cmake --install /home/pacman/tortoisebot_rb/build/tortoisebot_description
