[0.013s] Invoking command in '/home/pacman/turtlebot3_ws/build/turtlebot3_node': AMENT_PREFIX_PATH=/home/pacman/turtlebot3_ws/install/turtlebot3_msgs:/home/pacman/turtlebot3_ws/install/dynamixel_sdk:${AMENT_PREFIX_PATH} CMAKE_PREFIX_PATH=/home/pacman/turtlebot3_ws/install/turtlebot3_msgs:/home/pacman/turtlebot3_ws/install/dynamixel_sdk:/opt/ros/humble LD_LIBRARY_PATH=/home/pacman/turtlebot3_ws/install/turtlebot3_msgs/lib:/home/pacman/turtlebot3_ws/install/dynamixel_sdk/lib:/usr/lib/x86_64-linux-gnu/gazebo-11/plugins:/opt/ros/humble/opt/rviz_ogre_vendor/lib:/opt/ros/humble/lib/x86_64-linux-gnu:/opt/ros/humble/lib:/usr/lib/x86_64-linux-gnu/gazebo-11/plugins PYTHONPATH=/home/pacman/turtlebot3_ws/install/turtlebot3_msgs/local/lib/python3.10/dist-packages:${PYTHONPATH} /usr/bin/cmake /home/pacman/turtlebot3_ws/src/turtlebot3/turtlebot3/turtlebot3_node -DCMAKE_INSTALL_PREFIX=/home/pacman/turtlebot3_ws/install/turtlebot3_node
[0.157s] -- Found ament_cmake: 1.3.10 (/opt/ros/humble/share/ament_cmake/cmake)
[0.158s] -- Override CMake install command with custom implementation using symlinks instead of copying resources
[0.158s] -- Found dynamixel_sdk: 3.7.60 (/home/pacman/turtlebot3_ws/install/dynamixel_sdk/share/dynamixel_sdk/cmake)
[0.158s] -- Found geometry_msgs: 4.2.4 (/opt/ros/humble/share/geometry_msgs/cmake)
[0.158s] -- Found rosidl_generator_c: 3.1.5 (/opt/ros/humble/share/rosidl_generator_c/cmake)
[0.159s] -- Found rosidl_adapter: 3.1.5 (/opt/ros/humble/share/rosidl_adapter/cmake)
[0.159s] -- Found rosidl_generator_cpp: 3.1.5 (/opt/ros/humble/share/rosidl_generator_cpp/cmake)
[0.159s] -- Using all available rosidl_typesupport_c: rosidl_typesupport_fastrtps_c;rosidl_typesupport_introspection_c
[0.159s] -- Using all available rosidl_typesupport_cpp: rosidl_typesupport_fastrtps_cpp;rosidl_typesupport_introspection_cpp
[0.170s] -- Found message_filters: 4.3.5 (/opt/ros/humble/share/message_filters/cmake)
[0.189s] -- Found rmw_implementation_cmake: 6.1.2 (/opt/ros/humble/share/rmw_implementation_cmake/cmake)
[0.190s] -- Found rmw_fastrtps_cpp: 6.2.7 (/opt/ros/humble/share/rmw_fastrtps_cpp/cmake)
[0.271s] -- Using RMW implementation 'rmw_fastrtps_cpp' as default
[0.296s] -- Found nav_msgs: 4.2.4 (/opt/ros/humble/share/nav_msgs/cmake)
[0.306s] -- Found sensor_msgs: 4.2.4 (/opt/ros/humble/share/sensor_msgs/cmake)
[0.316s] -- Found std_srvs: 4.2.4 (/opt/ros/humble/share/std_srvs/cmake)
[0.322s] -- Found tf2: 0.25.8 (/opt/ros/humble/share/tf2/cmake)
[0.324s] -- Found tf2_ros: 0.25.8 (/opt/ros/humble/share/tf2_ros/cmake)
[0.371s] -- Found turtlebot3_msgs: 2.2.3 (/home/pacman/turtlebot3_ws/install/turtlebot3_msgs/share/turtlebot3_msgs/cmake)
[0.429s] -- Configuring done
[0.440s] -- Generating done
[0.441s] -- Build files have been written to: /home/pacman/turtlebot3_ws/build/turtlebot3_node
[0.447s] Invoked command in '/home/pacman/turtlebot3_ws/build/turtlebot3_node' returned '0': AMENT_PREFIX_PATH=/home/pacman/turtlebot3_ws/install/turtlebot3_msgs:/home/pacman/turtlebot3_ws/install/dynamixel_sdk:${AMENT_PREFIX_PATH} CMAKE_PREFIX_PATH=/home/pacman/turtlebot3_ws/install/turtlebot3_msgs:/home/pacman/turtlebot3_ws/install/dynamixel_sdk:/opt/ros/humble LD_LIBRARY_PATH=/home/pacman/turtlebot3_ws/install/turtlebot3_msgs/lib:/home/pacman/turtlebot3_ws/install/dynamixel_sdk/lib:/usr/lib/x86_64-linux-gnu/gazebo-11/plugins:/opt/ros/humble/opt/rviz_ogre_vendor/lib:/opt/ros/humble/lib/x86_64-linux-gnu:/opt/ros/humble/lib:/usr/lib/x86_64-linux-gnu/gazebo-11/plugins PYTHONPATH=/home/pacman/turtlebot3_ws/install/turtlebot3_msgs/local/lib/python3.10/dist-packages:${PYTHONPATH} /usr/bin/cmake /home/pacman/turtlebot3_ws/src/turtlebot3/turtlebot3/turtlebot3_node -DCMAKE_INSTALL_PREFIX=/home/pacman/turtlebot3_ws/install/turtlebot3_node
[0.448s] Invoking command in '/home/pacman/turtlebot3_ws/build/turtlebot3_node': AMENT_PREFIX_PATH=/home/pacman/turtlebot3_ws/install/turtlebot3_msgs:/home/pacman/turtlebot3_ws/install/dynamixel_sdk:${AMENT_PREFIX_PATH} CMAKE_PREFIX_PATH=/home/pacman/turtlebot3_ws/install/turtlebot3_msgs:/home/pacman/turtlebot3_ws/install/dynamixel_sdk:/opt/ros/humble LD_LIBRARY_PATH=/home/pacman/turtlebot3_ws/install/turtlebot3_msgs/lib:/home/pacman/turtlebot3_ws/install/dynamixel_sdk/lib:/usr/lib/x86_64-linux-gnu/gazebo-11/plugins:/opt/ros/humble/opt/rviz_ogre_vendor/lib:/opt/ros/humble/lib/x86_64-linux-gnu:/opt/ros/humble/lib:/usr/lib/x86_64-linux-gnu/gazebo-11/plugins PYTHONPATH=/home/pacman/turtlebot3_ws/install/turtlebot3_msgs/local/lib/python3.10/dist-packages:${PYTHONPATH} /usr/bin/cmake --build /home/pacman/turtlebot3_ws/build/turtlebot3_node -- -j12 -l12
[0.483s] [35m[1mConsolidate compiler generated dependencies of target turtlebot3_node_lib[0m
[0.502s] [ 85%] Built target turtlebot3_node_lib
[0.510s] [35m[1mConsolidate compiler generated dependencies of target turtlebot3_ros[0m
[0.524s] [100%] Built target turtlebot3_ros
[0.533s] Invoked command in '/home/pacman/turtlebot3_ws/build/turtlebot3_node' returned '0': AMENT_PREFIX_PATH=/home/pacman/turtlebot3_ws/install/turtlebot3_msgs:/home/pacman/turtlebot3_ws/install/dynamixel_sdk:${AMENT_PREFIX_PATH} CMAKE_PREFIX_PATH=/home/pacman/turtlebot3_ws/install/turtlebot3_msgs:/home/pacman/turtlebot3_ws/install/dynamixel_sdk:/opt/ros/humble LD_LIBRARY_PATH=/home/pacman/turtlebot3_ws/install/turtlebot3_msgs/lib:/home/pacman/turtlebot3_ws/install/dynamixel_sdk/lib:/usr/lib/x86_64-linux-gnu/gazebo-11/plugins:/opt/ros/humble/opt/rviz_ogre_vendor/lib:/opt/ros/humble/lib/x86_64-linux-gnu:/opt/ros/humble/lib:/usr/lib/x86_64-linux-gnu/gazebo-11/plugins PYTHONPATH=/home/pacman/turtlebot3_ws/install/turtlebot3_msgs/local/lib/python3.10/dist-packages:${PYTHONPATH} /usr/bin/cmake --build /home/pacman/turtlebot3_ws/build/turtlebot3_node -- -j12 -l12
[0.574s] Invoking command in '/home/pacman/turtlebot3_ws/build/turtlebot3_node': AMENT_PREFIX_PATH=/home/pacman/turtlebot3_ws/install/turtlebot3_msgs:/home/pacman/turtlebot3_ws/install/dynamixel_sdk:${AMENT_PREFIX_PATH} CMAKE_PREFIX_PATH=/home/pacman/turtlebot3_ws/install/turtlebot3_msgs:/home/pacman/turtlebot3_ws/install/dynamixel_sdk:/opt/ros/humble LD_LIBRARY_PATH=/home/pacman/turtlebot3_ws/install/turtlebot3_msgs/lib:/home/pacman/turtlebot3_ws/install/dynamixel_sdk/lib:/usr/lib/x86_64-linux-gnu/gazebo-11/plugins:/opt/ros/humble/opt/rviz_ogre_vendor/lib:/opt/ros/humble/lib/x86_64-linux-gnu:/opt/ros/humble/lib:/usr/lib/x86_64-linux-gnu/gazebo-11/plugins PYTHONPATH=/home/pacman/turtlebot3_ws/install/turtlebot3_msgs/local/lib/python3.10/dist-packages:${PYTHONPATH} /usr/bin/cmake --install /home/pacman/turtlebot3_ws/build/turtlebot3_node
[0.579s] -- Install configuration: ""
[0.579s] -- Execute custom install script
[0.579s] -- Up-to-date symlink: /home/pacman/turtlebot3_ws/install/turtlebot3_node/share/turtlebot3_node/param/burger.yaml
[0.579s] -- Up-to-date symlink: /home/pacman/turtlebot3_ws/install/turtlebot3_node/share/turtlebot3_node/param/waffle.yaml
[0.579s] -- Up-to-date symlink: /home/pacman/turtlebot3_ws/install/turtlebot3_node/share/turtlebot3_node/param/waffle_pi.yaml
[0.579s] -- Up-to-date symlink: /home/pacman/turtlebot3_ws/install/turtlebot3_node/lib/turtlebot3_node/turtlebot3_ros
[0.580s] -- Up-to-date symlink: /home/pacman/turtlebot3_ws/install/turtlebot3_node/share/ament_index/resource_index/package_run_dependencies/turtlebot3_node
[0.580s] -- Up-to-date symlink: /home/pacman/turtlebot3_ws/install/turtlebot3_node/share/ament_index/resource_index/parent_prefix_path/turtlebot3_node
[0.580s] -- Up-to-date symlink: /home/pacman/turtlebot3_ws/install/turtlebot3_node/share/turtlebot3_node/environment/ament_prefix_path.sh
[0.580s] -- Up-to-date symlink: /home/pacman/turtlebot3_ws/install/turtlebot3_node/share/turtlebot3_node/environment/ament_prefix_path.dsv
[0.580s] -- Up-to-date symlink: /home/pacman/turtlebot3_ws/install/turtlebot3_node/share/turtlebot3_node/environment/path.sh
[0.580s] -- Up-to-date symlink: /home/pacman/turtlebot3_ws/install/turtlebot3_node/share/turtlebot3_node/environment/path.dsv
[0.580s] -- Up-to-date symlink: /home/pacman/turtlebot3_ws/install/turtlebot3_node/share/turtlebot3_node/local_setup.bash
[0.580s] -- Up-to-date symlink: /home/pacman/turtlebot3_ws/install/turtlebot3_node/share/turtlebot3_node/local_setup.sh
[0.580s] -- Up-to-date symlink: /home/pacman/turtlebot3_ws/install/turtlebot3_node/share/turtlebot3_node/local_setup.zsh
[0.580s] -- Up-to-date symlink: /home/pacman/turtlebot3_ws/install/turtlebot3_node/share/turtlebot3_node/local_setup.dsv
[0.580s] -- Symlinking: /home/pacman/turtlebot3_ws/install/turtlebot3_node/share/turtlebot3_node/package.dsv
[0.588s] -- Up-to-date symlink: /home/pacman/turtlebot3_ws/install/turtlebot3_node/share/ament_index/resource_index/packages/turtlebot3_node
[0.588s] -- Up-to-date symlink: /home/pacman/turtlebot3_ws/install/turtlebot3_node/share/turtlebot3_node/cmake/ament_cmake_export_include_directories-extras.cmake
[0.588s] -- Up-to-date symlink: /home/pacman/turtlebot3_ws/install/turtlebot3_node/share/turtlebot3_node/cmake/turtlebot3_nodeConfig.cmake
[0.588s] -- Up-to-date symlink: /home/pacman/turtlebot3_ws/install/turtlebot3_node/share/turtlebot3_node/cmake/turtlebot3_nodeConfig-version.cmake
[0.588s] -- Up-to-date symlink: /home/pacman/turtlebot3_ws/install/turtlebot3_node/share/turtlebot3_node/package.xml
[0.589s] Invoked command in '/home/pacman/turtlebot3_ws/build/turtlebot3_node' returned '0': AMENT_PREFIX_PATH=/home/pacman/turtlebot3_ws/install/turtlebot3_msgs:/home/pacman/turtlebot3_ws/install/dynamixel_sdk:${AMENT_PREFIX_PATH} CMAKE_PREFIX_PATH=/home/pacman/turtlebot3_ws/install/turtlebot3_msgs:/home/pacman/turtlebot3_ws/install/dynamixel_sdk:/opt/ros/humble LD_LIBRARY_PATH=/home/pacman/turtlebot3_ws/install/turtlebot3_msgs/lib:/home/pacman/turtlebot3_ws/install/dynamixel_sdk/lib:/usr/lib/x86_64-linux-gnu/gazebo-11/plugins:/opt/ros/humble/opt/rviz_ogre_vendor/lib:/opt/ros/humble/lib/x86_64-linux-gnu:/opt/ros/humble/lib:/usr/lib/x86_64-linux-gnu/gazebo-11/plugins PYTHONPATH=/home/pacman/turtlebot3_ws/install/turtlebot3_msgs/local/lib/python3.10/dist-packages:${PYTHONPATH} /usr/bin/cmake --install /home/pacman/turtlebot3_ws/build/turtlebot3_node
