[0.042s] Invoking command in '/home/duck_sh/Mobile-Swarm-Navigation/build/dynamixel_sdk_custom_interfaces': CMAKE_PREFIX_PATH=${CMAKE_PREFIX_PATH}:/home/duck_sh/ros2_ws/install/my_py_pkg:/home/duck_sh/turtlebot3_manipulation-humble-devel/install/ros2_controllers_test_nodes:/opt/ros/humble /usr/bin/cmake --build /home/duck_sh/Mobile-Swarm-Navigation/build/dynamixel_sdk_custom_interfaces -- -j32 -l32
[0.252s] [  2%] Built target dynamixel_sdk_custom_interfaces__cpp
[0.252s] [ 12%] Built target dynamixel_sdk_custom_interfaces__rosidl_generator_c
[0.252s] [ 12%] Built target ament_cmake_python_copy_dynamixel_sdk_custom_interfaces
[0.252s] [ 23%] Built target dynamixel_sdk_custom_interfaces__rosidl_typesupport_c
[0.252s] [ 33%] Built target dynamixel_sdk_custom_interfaces__rosidl_typesupport_introspection_cpp
[0.252s] [ 43%] Built target dynamixel_sdk_custom_interfaces__rosidl_typesupport_introspection_c
[0.252s] [ 53%] Built target dynamixel_sdk_custom_interfaces__rosidl_typesupport_fastrtps_c
[0.252s] [ 64%] Built target dynamixel_sdk_custom_interfaces__rosidl_typesupport_fastrtps_cpp
[0.253s] [ 74%] Built target dynamixel_sdk_custom_interfaces__rosidl_typesupport_cpp
[0.253s] [ 74%] Built target dynamixel_sdk_custom_interfaces
[0.253s] [ 76%] Built target dynamixel_sdk_custom_interfaces__py
[0.253s] [ 84%] Built target dynamixel_sdk_custom_interfaces__rosidl_generator_py
[0.253s] [ 94%] Built target dynamixel_sdk_custom_interfaces__rosidl_typesupport_introspection_c__pyext
[0.253s] [ 94%] Built target dynamixel_sdk_custom_interfaces__rosidl_typesupport_c__pyext
[0.253s] [100%] Built target dynamixel_sdk_custom_interfaces__rosidl_typesupport_fastrtps_c__pyext
[0.258s] running egg_info
[0.260s] writing dynamixel_sdk_custom_interfaces.egg-info/PKG-INFO
[0.260s] writing dependency_links to dynamixel_sdk_custom_interfaces.egg-info/dependency_links.txt
[0.261s] writing top-level names to dynamixel_sdk_custom_interfaces.egg-info/top_level.txt
[0.265s] reading manifest file 'dynamixel_sdk_custom_interfaces.egg-info/SOURCES.txt'
[0.266s] writing manifest file 'dynamixel_sdk_custom_interfaces.egg-info/SOURCES.txt'
[0.287s] [100%] Built target ament_cmake_python_build_dynamixel_sdk_custom_interfaces_egg
[0.326s] Invoked command in '/home/duck_sh/Mobile-Swarm-Navigation/build/dynamixel_sdk_custom_interfaces' returned '0': CMAKE_PREFIX_PATH=${CMAKE_PREFIX_PATH}:/home/duck_sh/ros2_ws/install/my_py_pkg:/home/duck_sh/turtlebot3_manipulation-humble-devel/install/ros2_controllers_test_nodes:/opt/ros/humble /usr/bin/cmake --build /home/duck_sh/Mobile-Swarm-Navigation/build/dynamixel_sdk_custom_interfaces -- -j32 -l32
[0.422s] Invoking command in '/home/duck_sh/Mobile-Swarm-Navigation/build/dynamixel_sdk_custom_interfaces': CMAKE_PREFIX_PATH=${CMAKE_PREFIX_PATH}:/home/duck_sh/ros2_ws/install/my_py_pkg:/home/duck_sh/turtlebot3_manipulation-humble-devel/install/ros2_controllers_test_nodes:/opt/ros/humble /usr/bin/cmake --install /home/duck_sh/Mobile-Swarm-Navigation/build/dynamixel_sdk_custom_interfaces
[0.430s] -- Install configuration: ""
[0.430s] -- Up-to-date: /home/duck_sh/Mobile-Swarm-Navigation/install/dynamixel_sdk_custom_interfaces/share/ament_index/resource_index/rosidl_interfaces/dynamixel_sdk_custom_interfaces
[0.430s] -- Up-to-date: /home/duck_sh/Mobile-Swarm-Navigation/install/dynamixel_sdk_custom_interfaces/include/dynamixel_sdk_custom_interfaces/dynamixel_sdk_custom_interfaces
[0.430s] -- Up-to-date: /home/duck_sh/Mobile-Swarm-Navigation/install/dynamixel_sdk_custom_interfaces/include/dynamixel_sdk_custom_interfaces/dynamixel_sdk_custom_interfaces/srv
[0.430s] -- Up-to-date: /home/duck_sh/Mobile-Swarm-Navigation/install/dynamixel_sdk_custom_interfaces/include/dynamixel_sdk_custom_interfaces/dynamixel_sdk_custom_interfaces/srv/get_position.h
[0.431s] -- Up-to-date: /home/duck_sh/Mobile-Swarm-Navigation/install/dynamixel_sdk_custom_interfaces/include/dynamixel_sdk_custom_interfaces/dynamixel_sdk_custom_interfaces/srv/detail
[0.431s] -- Up-to-date: /home/duck_sh/Mobile-Swarm-Navigation/install/dynamixel_sdk_custom_interfaces/include/dynamixel_sdk_custom_interfaces/dynamixel_sdk_custom_interfaces/srv/detail/get_position__functions.h
[0.431s] -- Up-to-date: /home/duck_sh/Mobile-Swarm-Navigation/install/dynamixel_sdk_custom_interfaces/include/dynamixel_sdk_custom_interfaces/dynamixel_sdk_custom_interfaces/srv/detail/get_position__struct.h
[0.431s] -- Up-to-date: /home/duck_sh/Mobile-Swarm-Navigation/install/dynamixel_sdk_custom_interfaces/include/dynamixel_sdk_custom_interfaces/dynamixel_sdk_custom_interfaces/srv/detail/get_position__type_support.h
[0.431s] -- Up-to-date: /home/duck_sh/Mobile-Swarm-Navigation/install/dynamixel_sdk_custom_interfaces/include/dynamixel_sdk_custom_interfaces/dynamixel_sdk_custom_interfaces/srv/detail/get_position__functions.c
[0.431s] -- Up-to-date: /home/duck_sh/Mobile-Swarm-Navigation/install/dynamixel_sdk_custom_interfaces/include/dynamixel_sdk_custom_interfaces/dynamixel_sdk_custom_interfaces/msg
[0.431s] -- Up-to-date: /home/duck_sh/Mobile-Swarm-Navigation/install/dynamixel_sdk_custom_interfaces/include/dynamixel_sdk_custom_interfaces/dynamixel_sdk_custom_interfaces/msg/set_position.h
[0.432s] -- Up-to-date: /home/duck_sh/Mobile-Swarm-Navigation/install/dynamixel_sdk_custom_interfaces/include/dynamixel_sdk_custom_interfaces/dynamixel_sdk_custom_interfaces/msg/detail
[0.432s] -- Up-to-date: /home/duck_sh/Mobile-Swarm-Navigation/install/dynamixel_sdk_custom_interfaces/include/dynamixel_sdk_custom_interfaces/dynamixel_sdk_custom_interfaces/msg/detail/set_position__functions.c
[0.432s] -- Up-to-date: /home/duck_sh/Mobile-Swarm-Navigation/install/dynamixel_sdk_custom_interfaces/include/dynamixel_sdk_custom_interfaces/dynamixel_sdk_custom_interfaces/msg/detail/set_position__functions.h
[0.432s] -- Up-to-date: /home/duck_sh/Mobile-Swarm-Navigation/install/dynamixel_sdk_custom_interfaces/include/dynamixel_sdk_custom_interfaces/dynamixel_sdk_custom_interfaces/msg/detail/set_position__type_support.h
[0.432s] -- Up-to-date: /home/duck_sh/Mobile-Swarm-Navigation/install/dynamixel_sdk_custom_interfaces/include/dynamixel_sdk_custom_interfaces/dynamixel_sdk_custom_interfaces/msg/detail/set_position__struct.h
[0.432s] -- Up-to-date: /home/duck_sh/Mobile-Swarm-Navigation/install/dynamixel_sdk_custom_interfaces/include/dynamixel_sdk_custom_interfaces/dynamixel_sdk_custom_interfaces/msg/rosidl_generator_c__visibility_control.h
[0.432s] -- Up-to-date: /home/duck_sh/Mobile-Swarm-Navigation/install/dynamixel_sdk_custom_interfaces/share/dynamixel_sdk_custom_interfaces/environment/library_path.sh
[0.432s] -- Up-to-date: /home/duck_sh/Mobile-Swarm-Navigation/install/dynamixel_sdk_custom_interfaces/share/dynamixel_sdk_custom_interfaces/environment/library_path.dsv
[0.432s] -- Up-to-date: /home/duck_sh/Mobile-Swarm-Navigation/install/dynamixel_sdk_custom_interfaces/lib/libdynamixel_sdk_custom_interfaces__rosidl_generator_c.so
[0.433s] -- Up-to-date: /home/duck_sh/Mobile-Swarm-Navigation/install/dynamixel_sdk_custom_interfaces/include/dynamixel_sdk_custom_interfaces/dynamixel_sdk_custom_interfaces
[0.433s] -- Up-to-date: /home/duck_sh/Mobile-Swarm-Navigation/install/dynamixel_sdk_custom_interfaces/include/dynamixel_sdk_custom_interfaces/dynamixel_sdk_custom_interfaces/srv
[0.433s] -- Up-to-date: /home/duck_sh/Mobile-Swarm-Navigation/install/dynamixel_sdk_custom_interfaces/include/dynamixel_sdk_custom_interfaces/dynamixel_sdk_custom_interfaces/srv/detail
[0.433s] -- Up-to-date: /home/duck_sh/Mobile-Swarm-Navigation/install/dynamixel_sdk_custom_interfaces/include/dynamixel_sdk_custom_interfaces/dynamixel_sdk_custom_interfaces/srv/detail/get_position__rosidl_typesupport_fastrtps_c.h
[0.433s] -- Up-to-date: /home/duck_sh/Mobile-Swarm-Navigation/install/dynamixel_sdk_custom_interfaces/include/dynamixel_sdk_custom_interfaces/dynamixel_sdk_custom_interfaces/msg
[0.434s] -- Up-to-date: /home/duck_sh/Mobile-Swarm-Navigation/install/dynamixel_sdk_custom_interfaces/include/dynamixel_sdk_custom_interfaces/dynamixel_sdk_custom_interfaces/msg/detail
[0.434s] -- Up-to-date: /home/duck_sh/Mobile-Swarm-Navigation/install/dynamixel_sdk_custom_interfaces/include/dynamixel_sdk_custom_interfaces/dynamixel_sdk_custom_interfaces/msg/detail/set_position__rosidl_typesupport_fastrtps_c.h
[0.434s] -- Up-to-date: /home/duck_sh/Mobile-Swarm-Navigation/install/dynamixel_sdk_custom_interfaces/include/dynamixel_sdk_custom_interfaces/dynamixel_sdk_custom_interfaces/msg/rosidl_typesupport_fastrtps_c__visibility_control.h
[0.434s] -- Up-to-date: /home/duck_sh/Mobile-Swarm-Navigation/install/dynamixel_sdk_custom_interfaces/lib/libdynamixel_sdk_custom_interfaces__rosidl_typesupport_fastrtps_c.so
[0.434s] -- Up-to-date: /home/duck_sh/Mobile-Swarm-Navigation/install/dynamixel_sdk_custom_interfaces/include/dynamixel_sdk_custom_interfaces/dynamixel_sdk_custom_interfaces
[0.434s] -- Up-to-date: /home/duck_sh/Mobile-Swarm-Navigation/install/dynamixel_sdk_custom_interfaces/include/dynamixel_sdk_custom_interfaces/dynamixel_sdk_custom_interfaces/srv
[0.434s] -- Up-to-date: /home/duck_sh/Mobile-Swarm-Navigation/install/dynamixel_sdk_custom_interfaces/include/dynamixel_sdk_custom_interfaces/dynamixel_sdk_custom_interfaces/srv/detail
[0.434s] -- Up-to-date: /home/duck_sh/Mobile-Swarm-Navigation/install/dynamixel_sdk_custom_interfaces/include/dynamixel_sdk_custom_interfaces/dynamixel_sdk_custom_interfaces/srv/detail/get_position__builder.hpp
[0.434s] -- Up-to-date: /home/duck_sh/Mobile-Swarm-Navigation/install/dynamixel_sdk_custom_interfaces/include/dynamixel_sdk_custom_interfaces/dynamixel_sdk_custom_interfaces/srv/detail/get_position__traits.hpp
[0.434s] -- Up-to-date: /home/duck_sh/Mobile-Swarm-Navigation/install/dynamixel_sdk_custom_interfaces/include/dynamixel_sdk_custom_interfaces/dynamixel_sdk_custom_interfaces/srv/detail/get_position__struct.hpp
[0.435s] -- Up-to-date: /home/duck_sh/Mobile-Swarm-Navigation/install/dynamixel_sdk_custom_interfaces/include/dynamixel_sdk_custom_interfaces/dynamixel_sdk_custom_interfaces/srv/get_position.hpp
[0.435s] -- Up-to-date: /home/duck_sh/Mobile-Swarm-Navigation/install/dynamixel_sdk_custom_interfaces/include/dynamixel_sdk_custom_interfaces/dynamixel_sdk_custom_interfaces/msg
[0.435s] -- Up-to-date: /home/duck_sh/Mobile-Swarm-Navigation/install/dynamixel_sdk_custom_interfaces/include/dynamixel_sdk_custom_interfaces/dynamixel_sdk_custom_interfaces/msg/detail
[0.435s] -- Up-to-date: /home/duck_sh/Mobile-Swarm-Navigation/install/dynamixel_sdk_custom_interfaces/include/dynamixel_sdk_custom_interfaces/dynamixel_sdk_custom_interfaces/msg/detail/set_position__builder.hpp
[0.435s] -- Up-to-date: /home/duck_sh/Mobile-Swarm-Navigation/install/dynamixel_sdk_custom_interfaces/include/dynamixel_sdk_custom_interfaces/dynamixel_sdk_custom_interfaces/msg/detail/set_position__traits.hpp
[0.436s] -- Up-to-date: /home/duck_sh/Mobile-Swarm-Navigation/install/dynamixel_sdk_custom_interfaces/include/dynamixel_sdk_custom_interfaces/dynamixel_sdk_custom_interfaces/msg/detail/set_position__struct.hpp
[0.436s] -- Up-to-date: /home/duck_sh/Mobile-Swarm-Navigation/install/dynamixel_sdk_custom_interfaces/include/dynamixel_sdk_custom_interfaces/dynamixel_sdk_custom_interfaces/msg/set_position.hpp
[0.436s] -- Up-to-date: /home/duck_sh/Mobile-Swarm-Navigation/install/dynamixel_sdk_custom_interfaces/include/dynamixel_sdk_custom_interfaces/dynamixel_sdk_custom_interfaces
[0.436s] -- Up-to-date: /home/duck_sh/Mobile-Swarm-Navigation/install/dynamixel_sdk_custom_interfaces/include/dynamixel_sdk_custom_interfaces/dynamixel_sdk_custom_interfaces/srv
[0.436s] -- Up-to-date: /home/duck_sh/Mobile-Swarm-Navigation/install/dynamixel_sdk_custom_interfaces/include/dynamixel_sdk_custom_interfaces/dynamixel_sdk_custom_interfaces/srv/detail
[0.437s] -- Up-to-date: /home/duck_sh/Mobile-Swarm-Navigation/install/dynamixel_sdk_custom_interfaces/include/dynamixel_sdk_custom_interfaces/dynamixel_sdk_custom_interfaces/srv/detail/get_position__rosidl_typesupport_fastrtps_cpp.hpp
[0.437s] -- Up-to-date: /home/duck_sh/Mobile-Swarm-Navigation/install/dynamixel_sdk_custom_interfaces/include/dynamixel_sdk_custom_interfaces/dynamixel_sdk_custom_interfaces/srv/detail/dds_fastrtps
[0.437s] -- Up-to-date: /home/duck_sh/Mobile-Swarm-Navigation/install/dynamixel_sdk_custom_interfaces/include/dynamixel_sdk_custom_interfaces/dynamixel_sdk_custom_interfaces/msg
[0.437s] -- Up-to-date: /home/duck_sh/Mobile-Swarm-Navigation/install/dynamixel_sdk_custom_interfaces/include/dynamixel_sdk_custom_interfaces/dynamixel_sdk_custom_interfaces/msg/detail
[0.437s] -- Up-to-date: /home/duck_sh/Mobile-Swarm-Navigation/install/dynamixel_sdk_custom_interfaces/include/dynamixel_sdk_custom_interfaces/dynamixel_sdk_custom_interfaces/msg/detail/dds_fastrtps
[0.438s] -- Up-to-date: /home/duck_sh/Mobile-Swarm-Navigation/install/dynamixel_sdk_custom_interfaces/include/dynamixel_sdk_custom_interfaces/dynamixel_sdk_custom_interfaces/msg/detail/set_position__rosidl_typesupport_fastrtps_cpp.hpp
[0.438s] -- Up-to-date: /home/duck_sh/Mobile-Swarm-Navigation/install/dynamixel_sdk_custom_interfaces/include/dynamixel_sdk_custom_interfaces/dynamixel_sdk_custom_interfaces/msg/rosidl_typesupport_fastrtps_cpp__visibility_control.h
[0.438s] -- Up-to-date: /home/duck_sh/Mobile-Swarm-Navigation/install/dynamixel_sdk_custom_interfaces/lib/libdynamixel_sdk_custom_interfaces__rosidl_typesupport_fastrtps_cpp.so
[0.438s] -- Up-to-date: /home/duck_sh/Mobile-Swarm-Navigation/install/dynamixel_sdk_custom_interfaces/include/dynamixel_sdk_custom_interfaces/dynamixel_sdk_custom_interfaces
[0.438s] -- Up-to-date: /home/duck_sh/Mobile-Swarm-Navigation/install/dynamixel_sdk_custom_interfaces/include/dynamixel_sdk_custom_interfaces/dynamixel_sdk_custom_interfaces/srv
[0.438s] -- Up-to-date: /home/duck_sh/Mobile-Swarm-Navigation/install/dynamixel_sdk_custom_interfaces/include/dynamixel_sdk_custom_interfaces/dynamixel_sdk_custom_interfaces/srv/detail
[0.438s] -- Up-to-date: /home/duck_sh/Mobile-Swarm-Navigation/install/dynamixel_sdk_custom_interfaces/include/dynamixel_sdk_custom_interfaces/dynamixel_sdk_custom_interfaces/srv/detail/get_position__rosidl_typesupport_introspection_c.h
[0.438s] -- Up-to-date: /home/duck_sh/Mobile-Swarm-Navigation/install/dynamixel_sdk_custom_interfaces/include/dynamixel_sdk_custom_interfaces/dynamixel_sdk_custom_interfaces/srv/detail/get_position__type_support.c
[0.438s] -- Up-to-date: /home/duck_sh/Mobile-Swarm-Navigation/install/dynamixel_sdk_custom_interfaces/include/dynamixel_sdk_custom_interfaces/dynamixel_sdk_custom_interfaces/msg
[0.438s] -- Up-to-date: /home/duck_sh/Mobile-Swarm-Navigation/install/dynamixel_sdk_custom_interfaces/include/dynamixel_sdk_custom_interfaces/dynamixel_sdk_custom_interfaces/msg/rosidl_typesupport_introspection_c__visibility_control.h
[0.438s] -- Up-to-date: /home/duck_sh/Mobile-Swarm-Navigation/install/dynamixel_sdk_custom_interfaces/include/dynamixel_sdk_custom_interfaces/dynamixel_sdk_custom_interfaces/msg/detail
[0.439s] -- Up-to-date: /home/duck_sh/Mobile-Swarm-Navigation/install/dynamixel_sdk_custom_interfaces/include/dynamixel_sdk_custom_interfaces/dynamixel_sdk_custom_interfaces/msg/detail/set_position__type_support.c
[0.439s] -- Up-to-date: /home/duck_sh/Mobile-Swarm-Navigation/install/dynamixel_sdk_custom_interfaces/include/dynamixel_sdk_custom_interfaces/dynamixel_sdk_custom_interfaces/msg/detail/set_position__rosidl_typesupport_introspection_c.h
[0.439s] -- Up-to-date: /home/duck_sh/Mobile-Swarm-Navigation/install/dynamixel_sdk_custom_interfaces/lib/libdynamixel_sdk_custom_interfaces__rosidl_typesupport_introspection_c.so
[0.439s] -- Up-to-date: /home/duck_sh/Mobile-Swarm-Navigation/install/dynamixel_sdk_custom_interfaces/lib/libdynamixel_sdk_custom_interfaces__rosidl_typesupport_c.so
[0.439s] -- Up-to-date: /home/duck_sh/Mobile-Swarm-Navigation/install/dynamixel_sdk_custom_interfaces/include/dynamixel_sdk_custom_interfaces/dynamixel_sdk_custom_interfaces
[0.439s] -- Up-to-date: /home/duck_sh/Mobile-Swarm-Navigation/install/dynamixel_sdk_custom_interfaces/include/dynamixel_sdk_custom_interfaces/dynamixel_sdk_custom_interfaces/srv
[0.439s] -- Up-to-date: /home/duck_sh/Mobile-Swarm-Navigation/install/dynamixel_sdk_custom_interfaces/include/dynamixel_sdk_custom_interfaces/dynamixel_sdk_custom_interfaces/srv/detail
[0.439s] -- Up-to-date: /home/duck_sh/Mobile-Swarm-Navigation/install/dynamixel_sdk_custom_interfaces/include/dynamixel_sdk_custom_interfaces/dynamixel_sdk_custom_interfaces/srv/detail/get_position__rosidl_typesupport_introspection_cpp.hpp
[0.439s] -- Up-to-date: /home/duck_sh/Mobile-Swarm-Navigation/install/dynamixel_sdk_custom_interfaces/include/dynamixel_sdk_custom_interfaces/dynamixel_sdk_custom_interfaces/srv/detail/get_position__type_support.cpp
[0.439s] -- Up-to-date: /home/duck_sh/Mobile-Swarm-Navigation/install/dynamixel_sdk_custom_interfaces/include/dynamixel_sdk_custom_interfaces/dynamixel_sdk_custom_interfaces/msg
[0.440s] -- Up-to-date: /home/duck_sh/Mobile-Swarm-Navigation/install/dynamixel_sdk_custom_interfaces/include/dynamixel_sdk_custom_interfaces/dynamixel_sdk_custom_interfaces/msg/detail
[0.440s] -- Up-to-date: /home/duck_sh/Mobile-Swarm-Navigation/install/dynamixel_sdk_custom_interfaces/include/dynamixel_sdk_custom_interfaces/dynamixel_sdk_custom_interfaces/msg/detail/set_position__type_support.cpp
[0.440s] -- Up-to-date: /home/duck_sh/Mobile-Swarm-Navigation/install/dynamixel_sdk_custom_interfaces/include/dynamixel_sdk_custom_interfaces/dynamixel_sdk_custom_interfaces/msg/detail/set_position__rosidl_typesupport_introspection_cpp.hpp
[0.440s] -- Up-to-date: /home/duck_sh/Mobile-Swarm-Navigation/install/dynamixel_sdk_custom_interfaces/lib/libdynamixel_sdk_custom_interfaces__rosidl_typesupport_introspection_cpp.so
[0.440s] -- Up-to-date: /home/duck_sh/Mobile-Swarm-Navigation/install/dynamixel_sdk_custom_interfaces/lib/libdynamixel_sdk_custom_interfaces__rosidl_typesupport_cpp.so
[0.440s] -- Up-to-date: /home/duck_sh/Mobile-Swarm-Navigation/install/dynamixel_sdk_custom_interfaces/share/dynamixel_sdk_custom_interfaces/environment/pythonpath.sh
[0.440s] -- Up-to-date: /home/duck_sh/Mobile-Swarm-Navigation/install/dynamixel_sdk_custom_interfaces/share/dynamixel_sdk_custom_interfaces/environment/pythonpath.dsv
[0.442s] -- Up-to-date: /home/duck_sh/Mobile-Swarm-Navigation/install/dynamixel_sdk_custom_interfaces/local/lib/python3.10/dist-packages/dynamixel_sdk_custom_interfaces-3.7.60-py3.10.egg-info
[0.442s] -- Installing: /home/duck_sh/Mobile-Swarm-Navigation/install/dynamixel_sdk_custom_interfaces/local/lib/python3.10/dist-packages/dynamixel_sdk_custom_interfaces-3.7.60-py3.10.egg-info/top_level.txt
[0.442s] -- Installing: /home/duck_sh/Mobile-Swarm-Navigation/install/dynamixel_sdk_custom_interfaces/local/lib/python3.10/dist-packages/dynamixel_sdk_custom_interfaces-3.7.60-py3.10.egg-info/SOURCES.txt
[0.442s] -- Installing: /home/duck_sh/Mobile-Swarm-Navigation/install/dynamixel_sdk_custom_interfaces/local/lib/python3.10/dist-packages/dynamixel_sdk_custom_interfaces-3.7.60-py3.10.egg-info/dependency_links.txt
[0.442s] -- Installing: /home/duck_sh/Mobile-Swarm-Navigation/install/dynamixel_sdk_custom_interfaces/local/lib/python3.10/dist-packages/dynamixel_sdk_custom_interfaces-3.7.60-py3.10.egg-info/PKG-INFO
[0.442s] -- Up-to-date: /home/duck_sh/Mobile-Swarm-Navigation/install/dynamixel_sdk_custom_interfaces/local/lib/python3.10/dist-packages/dynamixel_sdk_custom_interfaces
[0.442s] -- Up-to-date: /home/duck_sh/Mobile-Swarm-Navigation/install/dynamixel_sdk_custom_interfaces/local/lib/python3.10/dist-packages/dynamixel_sdk_custom_interfaces/dynamixel_sdk_custom_interfaces_s__rosidl_typesupport_introspection_c.cpython-310-x86_64-linux-gnu.so
[0.442s] -- Up-to-date: /home/duck_sh/Mobile-Swarm-Navigation/install/dynamixel_sdk_custom_interfaces/local/lib/python3.10/dist-packages/dynamixel_sdk_custom_interfaces/_dynamixel_sdk_custom_interfaces_s.ep.rosidl_typesupport_introspection_c.c
[0.443s] -- Up-to-date: /home/duck_sh/Mobile-Swarm-Navigation/install/dynamixel_sdk_custom_interfaces/local/lib/python3.10/dist-packages/dynamixel_sdk_custom_interfaces/libdynamixel_sdk_custom_interfaces__rosidl_generator_py.so
[0.443s] -- Up-to-date: /home/duck_sh/Mobile-Swarm-Navigation/install/dynamixel_sdk_custom_interfaces/local/lib/python3.10/dist-packages/dynamixel_sdk_custom_interfaces/dynamixel_sdk_custom_interfaces_s__rosidl_typesupport_c.cpython-310-x86_64-linux-gnu.so
[0.443s] -- Up-to-date: /home/duck_sh/Mobile-Swarm-Navigation/install/dynamixel_sdk_custom_interfaces/local/lib/python3.10/dist-packages/dynamixel_sdk_custom_interfaces/_dynamixel_sdk_custom_interfaces_s.ep.rosidl_typesupport_fastrtps_c.c
[0.443s] -- Up-to-date: /home/duck_sh/Mobile-Swarm-Navigation/install/dynamixel_sdk_custom_interfaces/local/lib/python3.10/dist-packages/dynamixel_sdk_custom_interfaces/__init__.py
[0.443s] -- Up-to-date: /home/duck_sh/Mobile-Swarm-Navigation/install/dynamixel_sdk_custom_interfaces/local/lib/python3.10/dist-packages/dynamixel_sdk_custom_interfaces/_dynamixel_sdk_custom_interfaces_s.ep.rosidl_typesupport_c.c
[0.443s] -- Up-to-date: /home/duck_sh/Mobile-Swarm-Navigation/install/dynamixel_sdk_custom_interfaces/local/lib/python3.10/dist-packages/dynamixel_sdk_custom_interfaces/srv
[0.443s] -- Up-to-date: /home/duck_sh/Mobile-Swarm-Navigation/install/dynamixel_sdk_custom_interfaces/local/lib/python3.10/dist-packages/dynamixel_sdk_custom_interfaces/srv/_get_position.py
[0.443s] -- Up-to-date: /home/duck_sh/Mobile-Swarm-Navigation/install/dynamixel_sdk_custom_interfaces/local/lib/python3.10/dist-packages/dynamixel_sdk_custom_interfaces/srv/_get_position_s.c
[0.443s] -- Up-to-date: /home/duck_sh/Mobile-Swarm-Navigation/install/dynamixel_sdk_custom_interfaces/local/lib/python3.10/dist-packages/dynamixel_sdk_custom_interfaces/srv/__init__.py
[0.443s] -- Up-to-date: /home/duck_sh/Mobile-Swarm-Navigation/install/dynamixel_sdk_custom_interfaces/local/lib/python3.10/dist-packages/dynamixel_sdk_custom_interfaces/dynamixel_sdk_custom_interfaces_s__rosidl_typesupport_fastrtps_c.cpython-310-x86_64-linux-gnu.so
[0.444s] -- Up-to-date: /home/duck_sh/Mobile-Swarm-Navigation/install/dynamixel_sdk_custom_interfaces/local/lib/python3.10/dist-packages/dynamixel_sdk_custom_interfaces/msg
[0.444s] -- Up-to-date: /home/duck_sh/Mobile-Swarm-Navigation/install/dynamixel_sdk_custom_interfaces/local/lib/python3.10/dist-packages/dynamixel_sdk_custom_interfaces/msg/_set_position.py
[0.444s] -- Up-to-date: /home/duck_sh/Mobile-Swarm-Navigation/install/dynamixel_sdk_custom_interfaces/local/lib/python3.10/dist-packages/dynamixel_sdk_custom_interfaces/msg/__init__.py
[0.444s] -- Up-to-date: /home/duck_sh/Mobile-Swarm-Navigation/install/dynamixel_sdk_custom_interfaces/local/lib/python3.10/dist-packages/dynamixel_sdk_custom_interfaces/msg/_set_position_s.c
[0.458s] Listing '/home/duck_sh/Mobile-Swarm-Navigation/install/dynamixel_sdk_custom_interfaces/local/lib/python3.10/dist-packages/dynamixel_sdk_custom_interfaces'...
[0.458s] Listing '/home/duck_sh/Mobile-Swarm-Navigation/install/dynamixel_sdk_custom_interfaces/local/lib/python3.10/dist-packages/dynamixel_sdk_custom_interfaces/msg'...
[0.458s] Listing '/home/duck_sh/Mobile-Swarm-Navigation/install/dynamixel_sdk_custom_interfaces/local/lib/python3.10/dist-packages/dynamixel_sdk_custom_interfaces/srv'...
[0.462s] -- Up-to-date: /home/duck_sh/Mobile-Swarm-Navigation/install/dynamixel_sdk_custom_interfaces/local/lib/python3.10/dist-packages/dynamixel_sdk_custom_interfaces/dynamixel_sdk_custom_interfaces_s__rosidl_typesupport_fastrtps_c.cpython-310-x86_64-linux-gnu.so
[0.463s] -- Up-to-date: /home/duck_sh/Mobile-Swarm-Navigation/install/dynamixel_sdk_custom_interfaces/local/lib/python3.10/dist-packages/dynamixel_sdk_custom_interfaces/dynamixel_sdk_custom_interfaces_s__rosidl_typesupport_introspection_c.cpython-310-x86_64-linux-gnu.so
[0.463s] -- Up-to-date: /home/duck_sh/Mobile-Swarm-Navigation/install/dynamixel_sdk_custom_interfaces/local/lib/python3.10/dist-packages/dynamixel_sdk_custom_interfaces/dynamixel_sdk_custom_interfaces_s__rosidl_typesupport_c.cpython-310-x86_64-linux-gnu.so
[0.464s] -- Up-to-date: /home/duck_sh/Mobile-Swarm-Navigation/install/dynamixel_sdk_custom_interfaces/lib/libdynamixel_sdk_custom_interfaces__rosidl_generator_py.so
[0.464s] -- Up-to-date: /home/duck_sh/Mobile-Swarm-Navigation/install/dynamixel_sdk_custom_interfaces/share/dynamixel_sdk_custom_interfaces/msg/SetPosition.idl
[0.464s] -- Up-to-date: /home/duck_sh/Mobile-Swarm-Navigation/install/dynamixel_sdk_custom_interfaces/share/dynamixel_sdk_custom_interfaces/srv/GetPosition.idl
[0.464s] -- Up-to-date: /home/duck_sh/Mobile-Swarm-Navigation/install/dynamixel_sdk_custom_interfaces/share/dynamixel_sdk_custom_interfaces/msg/SetPosition.msg
[0.464s] -- Up-to-date: /home/duck_sh/Mobile-Swarm-Navigation/install/dynamixel_sdk_custom_interfaces/share/dynamixel_sdk_custom_interfaces/srv/GetPosition.srv
[0.464s] -- Up-to-date: /home/duck_sh/Mobile-Swarm-Navigation/install/dynamixel_sdk_custom_interfaces/share/dynamixel_sdk_custom_interfaces/srv/GetPosition_Request.msg
[0.464s] -- Up-to-date: /home/duck_sh/Mobile-Swarm-Navigation/install/dynamixel_sdk_custom_interfaces/share/dynamixel_sdk_custom_interfaces/srv/GetPosition_Response.msg
[0.464s] -- Up-to-date: /home/duck_sh/Mobile-Swarm-Navigation/install/dynamixel_sdk_custom_interfaces/share/ament_index/resource_index/package_run_dependencies/dynamixel_sdk_custom_interfaces
[0.464s] -- Up-to-date: /home/duck_sh/Mobile-Swarm-Navigation/install/dynamixel_sdk_custom_interfaces/share/ament_index/resource_index/parent_prefix_path/dynamixel_sdk_custom_interfaces
[0.464s] -- Up-to-date: /home/duck_sh/Mobile-Swarm-Navigation/install/dynamixel_sdk_custom_interfaces/share/dynamixel_sdk_custom_interfaces/environment/ament_prefix_path.sh
[0.464s] -- Up-to-date: /home/duck_sh/Mobile-Swarm-Navigation/install/dynamixel_sdk_custom_interfaces/share/dynamixel_sdk_custom_interfaces/environment/ament_prefix_path.dsv
[0.464s] -- Up-to-date: /home/duck_sh/Mobile-Swarm-Navigation/install/dynamixel_sdk_custom_interfaces/share/dynamixel_sdk_custom_interfaces/environment/path.sh
[0.464s] -- Up-to-date: /home/duck_sh/Mobile-Swarm-Navigation/install/dynamixel_sdk_custom_interfaces/share/dynamixel_sdk_custom_interfaces/environment/path.dsv
[0.464s] -- Up-to-date: /home/duck_sh/Mobile-Swarm-Navigation/install/dynamixel_sdk_custom_interfaces/share/dynamixel_sdk_custom_interfaces/local_setup.bash
[0.464s] -- Up-to-date: /home/duck_sh/Mobile-Swarm-Navigation/install/dynamixel_sdk_custom_interfaces/share/dynamixel_sdk_custom_interfaces/local_setup.sh
[0.465s] -- Up-to-date: /home/duck_sh/Mobile-Swarm-Navigation/install/dynamixel_sdk_custom_interfaces/share/dynamixel_sdk_custom_interfaces/local_setup.zsh
[0.465s] -- Up-to-date: /home/duck_sh/Mobile-Swarm-Navigation/install/dynamixel_sdk_custom_interfaces/share/dynamixel_sdk_custom_interfaces/local_setup.dsv
[0.465s] -- Installing: /home/duck_sh/Mobile-Swarm-Navigation/install/dynamixel_sdk_custom_interfaces/share/dynamixel_sdk_custom_interfaces/package.dsv
[0.465s] -- Up-to-date: /home/duck_sh/Mobile-Swarm-Navigation/install/dynamixel_sdk_custom_interfaces/share/ament_index/resource_index/packages/dynamixel_sdk_custom_interfaces
[0.465s] -- Up-to-date: /home/duck_sh/Mobile-Swarm-Navigation/install/dynamixel_sdk_custom_interfaces/share/dynamixel_sdk_custom_interfaces/cmake/export_dynamixel_sdk_custom_interfaces__rosidl_generator_cExport.cmake
[0.465s] -- Up-to-date: /home/duck_sh/Mobile-Swarm-Navigation/install/dynamixel_sdk_custom_interfaces/share/dynamixel_sdk_custom_interfaces/cmake/export_dynamixel_sdk_custom_interfaces__rosidl_generator_cExport-noconfig.cmake
[0.465s] -- Up-to-date: /home/duck_sh/Mobile-Swarm-Navigation/install/dynamixel_sdk_custom_interfaces/share/dynamixel_sdk_custom_interfaces/cmake/export_dynamixel_sdk_custom_interfaces__rosidl_typesupport_fastrtps_cExport.cmake
[0.465s] -- Up-to-date: /home/duck_sh/Mobile-Swarm-Navigation/install/dynamixel_sdk_custom_interfaces/share/dynamixel_sdk_custom_interfaces/cmake/export_dynamixel_sdk_custom_interfaces__rosidl_typesupport_fastrtps_cExport-noconfig.cmake
[0.465s] -- Up-to-date: /home/duck_sh/Mobile-Swarm-Navigation/install/dynamixel_sdk_custom_interfaces/share/dynamixel_sdk_custom_interfaces/cmake/export_dynamixel_sdk_custom_interfaces__rosidl_generator_cppExport.cmake
[0.465s] -- Up-to-date: /home/duck_sh/Mobile-Swarm-Navigation/install/dynamixel_sdk_custom_interfaces/share/dynamixel_sdk_custom_interfaces/cmake/export_dynamixel_sdk_custom_interfaces__rosidl_typesupport_fastrtps_cppExport.cmake
[0.465s] -- Up-to-date: /home/duck_sh/Mobile-Swarm-Navigation/install/dynamixel_sdk_custom_interfaces/share/dynamixel_sdk_custom_interfaces/cmake/export_dynamixel_sdk_custom_interfaces__rosidl_typesupport_fastrtps_cppExport-noconfig.cmake
[0.465s] -- Up-to-date: /home/duck_sh/Mobile-Swarm-Navigation/install/dynamixel_sdk_custom_interfaces/share/dynamixel_sdk_custom_interfaces/cmake/dynamixel_sdk_custom_interfaces__rosidl_typesupport_introspection_cExport.cmake
[0.466s] -- Up-to-date: /home/duck_sh/Mobile-Swarm-Navigation/install/dynamixel_sdk_custom_interfaces/share/dynamixel_sdk_custom_interfaces/cmake/dynamixel_sdk_custom_interfaces__rosidl_typesupport_introspection_cExport-noconfig.cmake
[0.466s] -- Up-to-date: /home/duck_sh/Mobile-Swarm-Navigation/install/dynamixel_sdk_custom_interfaces/share/dynamixel_sdk_custom_interfaces/cmake/dynamixel_sdk_custom_interfaces__rosidl_typesupport_cExport.cmake
[0.466s] -- Up-to-date: /home/duck_sh/Mobile-Swarm-Navigation/install/dynamixel_sdk_custom_interfaces/share/dynamixel_sdk_custom_interfaces/cmake/dynamixel_sdk_custom_interfaces__rosidl_typesupport_cExport-noconfig.cmake
[0.466s] -- Up-to-date: /home/duck_sh/Mobile-Swarm-Navigation/install/dynamixel_sdk_custom_interfaces/share/dynamixel_sdk_custom_interfaces/cmake/dynamixel_sdk_custom_interfaces__rosidl_typesupport_introspection_cppExport.cmake
[0.466s] -- Up-to-date: /home/duck_sh/Mobile-Swarm-Navigation/install/dynamixel_sdk_custom_interfaces/share/dynamixel_sdk_custom_interfaces/cmake/dynamixel_sdk_custom_interfaces__rosidl_typesupport_introspection_cppExport-noconfig.cmake
[0.466s] -- Up-to-date: /home/duck_sh/Mobile-Swarm-Navigation/install/dynamixel_sdk_custom_interfaces/share/dynamixel_sdk_custom_interfaces/cmake/dynamixel_sdk_custom_interfaces__rosidl_typesupport_cppExport.cmake
[0.466s] -- Up-to-date: /home/duck_sh/Mobile-Swarm-Navigation/install/dynamixel_sdk_custom_interfaces/share/dynamixel_sdk_custom_interfaces/cmake/dynamixel_sdk_custom_interfaces__rosidl_typesupport_cppExport-noconfig.cmake
[0.466s] -- Up-to-date: /home/duck_sh/Mobile-Swarm-Navigation/install/dynamixel_sdk_custom_interfaces/share/dynamixel_sdk_custom_interfaces/cmake/export_dynamixel_sdk_custom_interfaces__rosidl_generator_pyExport.cmake
[0.466s] -- Up-to-date: /home/duck_sh/Mobile-Swarm-Navigation/install/dynamixel_sdk_custom_interfaces/share/dynamixel_sdk_custom_interfaces/cmake/export_dynamixel_sdk_custom_interfaces__rosidl_generator_pyExport-noconfig.cmake
[0.466s] -- Up-to-date: /home/duck_sh/Mobile-Swarm-Navigation/install/dynamixel_sdk_custom_interfaces/share/dynamixel_sdk_custom_interfaces/cmake/rosidl_cmake-extras.cmake
[0.467s] -- Up-to-date: /home/duck_sh/Mobile-Swarm-Navigation/install/dynamixel_sdk_custom_interfaces/share/dynamixel_sdk_custom_interfaces/cmake/ament_cmake_export_dependencies-extras.cmake
[0.467s] -- Up-to-date: /home/duck_sh/Mobile-Swarm-Navigation/install/dynamixel_sdk_custom_interfaces/share/dynamixel_sdk_custom_interfaces/cmake/ament_cmake_export_include_directories-extras.cmake
[0.468s] -- Up-to-date: /home/duck_sh/Mobile-Swarm-Navigation/install/dynamixel_sdk_custom_interfaces/share/dynamixel_sdk_custom_interfaces/cmake/ament_cmake_export_libraries-extras.cmake
[0.468s] -- Up-to-date: /home/duck_sh/Mobile-Swarm-Navigation/install/dynamixel_sdk_custom_interfaces/share/dynamixel_sdk_custom_interfaces/cmake/ament_cmake_export_targets-extras.cmake
[0.468s] -- Up-to-date: /home/duck_sh/Mobile-Swarm-Navigation/install/dynamixel_sdk_custom_interfaces/share/dynamixel_sdk_custom_interfaces/cmake/rosidl_cmake_export_typesupport_targets-extras.cmake
[0.468s] -- Up-to-date: /home/duck_sh/Mobile-Swarm-Navigation/install/dynamixel_sdk_custom_interfaces/share/dynamixel_sdk_custom_interfaces/cmake/rosidl_cmake_export_typesupport_libraries-extras.cmake
[0.468s] -- Up-to-date: /home/duck_sh/Mobile-Swarm-Navigation/install/dynamixel_sdk_custom_interfaces/share/dynamixel_sdk_custom_interfaces/cmake/dynamixel_sdk_custom_interfacesConfig.cmake
[0.468s] -- Up-to-date: /home/duck_sh/Mobile-Swarm-Navigation/install/dynamixel_sdk_custom_interfaces/share/dynamixel_sdk_custom_interfaces/cmake/dynamixel_sdk_custom_interfacesConfig-version.cmake
[0.469s] -- Up-to-date: /home/duck_sh/Mobile-Swarm-Navigation/install/dynamixel_sdk_custom_interfaces/share/dynamixel_sdk_custom_interfaces/package.xml
[0.469s] Invoked command in '/home/duck_sh/Mobile-Swarm-Navigation/build/dynamixel_sdk_custom_interfaces' returned '0': CMAKE_PREFIX_PATH=${CMAKE_PREFIX_PATH}:/home/duck_sh/ros2_ws/install/my_py_pkg:/home/duck_sh/turtlebot3_manipulation-humble-devel/install/ros2_controllers_test_nodes:/opt/ros/humble /usr/bin/cmake --install /home/duck_sh/Mobile-Swarm-Navigation/build/dynamixel_sdk_custom_interfaces
