[0.216s] Invoking command in '/home/pacman/turtlebot3_ws/build/turtlebot3_manipulation_description': /usr/bin/cmake /home/pacman/turtlebot3_ws/src/turtlebot3_manipulation_description -DCATKIN_INSTALL_INTO_PREFIX_ROOT=0 -DCMAKE_INSTALL_PREFIX=/home/pacman/turtlebot3_ws/install/turtlebot3_manipulation_description
[0.222s] [0mCMake Deprecation Warning at CMakeLists.txt:4 (cmake_minimum_required):
[0.222s]   Compatibility with CMake < 2.8.12 will be removed from a future version of
[0.222s]   CMake.
[0.222s] 
[0.222s]   Update the VERSION argument <min> value or use a ...<max> suffix to tell
[0.223s]   CMake that the project does not need compatibility with older versions.
[0.223s] 
[0.223s] [0m
[0.314s] -- The C compiler identification is GNU 11.4.0
[0.391s] -- The CXX compiler identification is GNU 11.4.0
[0.399s] -- Detecting C compiler ABI info
[0.446s] -- Detecting C compiler ABI info - done
[0.452s] -- Check for working C compiler: /usr/bin/cc - skipped
[0.452s] -- Detecting C compile features
[0.452s] -- Detecting C compile features - done
[0.456s] -- Detecting CXX compiler ABI info
[0.512s] -- Detecting CXX compiler ABI info - done
[0.521s] -- Check for working CXX compiler: /usr/bin/c++ - skipped
[0.521s] -- Detecting CXX compile features
[0.522s] -- Detecting CXX compile features - done
[0.528s] [31mCMake Error at CMakeLists.txt:10 (find_package):
[0.529s]   By not providing "Findcatkin.cmake" in CMAKE_MODULE_PATH this project has
[0.529s]   asked CMake to find a package configuration file provided by "catkin", but
[0.529s]   CMake did not find one.
[0.529s] 
[0.529s]   Could not find a package configuration file provided by "catkin" with any
[0.529s]   of the following names:
[0.529s] 
[0.529s]     catkinConfig.cmake
[0.529s]     catkin-config.cmake
[0.529s] 
[0.529s]   Add the installation prefix of "catkin" to CMAKE_PREFIX_PATH or set
[0.529s]   "catkin_DIR" to a directory containing one of the above files.  If "catkin"
[0.529s]   provides a separate development package or SDK, be sure it has been
[0.529s]   installed.
[0.529s] 
[0.529s] -- Configuring incomplete, errors occurred!
[0.529s] See also "/home/pacman/turtlebot3_ws/build/turtlebot3_manipulation_description/CMakeFiles/CMakeOutput.log".
[0.529s] [0m
[0.531s] Invoked command in '/home/pacman/turtlebot3_ws/build/turtlebot3_manipulation_description' returned '1': /usr/bin/cmake /home/pacman/turtlebot3_ws/src/turtlebot3_manipulation_description -DCATKIN_INSTALL_INTO_PREFIX_ROOT=0 -DCMAKE_INSTALL_PREFIX=/home/pacman/turtlebot3_ws/install/turtlebot3_manipulation_description
