[0.489s] Invoking command in '/home/pacman/tortoisebot_rb/build/tortoisebot_gazebo': CMAKE_PREFIX_PATH=${CMAKE_PREFIX_PATH}:/home/pacman/tortoisebot_rb/install/turtlebot3_teleop:/home/pacman/tortoisebot_rb/install/tortoisebot_slam:/home/pacman/tortoisebot_rb/install/tortoisebot_navigation:/home/pacman/tortoisebot_rb/install/tortoisebot_imu:/home/pacman/tortoisebot_rb/install/tortoisebot_control:/opt/ros/humble /usr/bin/cmake /home/pacman/tortoisebot_rb/tortoisebot/tortoisebot_gazebo -DCMAKE_INSTALL_PREFIX=/home/pacman/tortoisebot_rb/install/tortoisebot_gazebo
[0.544s] -- The C compiler identification is GNU 11.4.0
[0.600s] -- The CXX compiler identification is GNU 11.4.0
[0.605s] -- Detecting C compiler ABI info
[0.676s] -- Detecting C compiler ABI info - done
[0.679s] -- Check for working C compiler: /usr/bin/cc - skipped
[0.680s] -- Detecting C compile features
[0.685s] -- Detecting C compile features - done
[0.687s] -- Detecting CXX compiler ABI info
[0.775s] -- Detecting CXX compiler ABI info - done
[0.783s] -- Check for working CXX compiler: /usr/bin/c++ - skipped
[0.784s] -- Detecting CXX compile features
[0.789s] -- Detecting CXX compile features - done
[0.790s] -- Found ament_cmake: 1.3.10 (/opt/ros/humble/share/ament_cmake/cmake)
[0.989s] -- Found Python3: /usr/bin/python3 (found version "3.10.12") found components: Interpreter 
[1.087s] -- Found ament_lint_auto: 0.12.11 (/opt/ros/humble/share/ament_lint_auto/cmake)
[1.179s] -- Added test 'copyright' to check source files copyright and LICENSE
[1.181s] -- Added test 'flake8' to check Python code syntax and style conventions
[1.181s] -- Added test 'lint_cmake' to check CMake code style
[1.182s] -- Added test 'pep257' to check Python code against some of the docstring style conventions in PEP 257
[1.183s] -- Added test 'xmllint' to check XML markup files
[1.185s] -- Configuring done
[1.187s] -- Generating done
[1.190s] -- Build files have been written to: /home/pacman/tortoisebot_rb/build/tortoisebot_gazebo
[1.193s] Invoked command in '/home/pacman/tortoisebot_rb/build/tortoisebot_gazebo' returned '0': CMAKE_PREFIX_PATH=${CMAKE_PREFIX_PATH}:/home/pacman/tortoisebot_rb/install/turtlebot3_teleop:/home/pacman/tortoisebot_rb/install/tortoisebot_slam:/home/pacman/tortoisebot_rb/install/tortoisebot_navigation:/home/pacman/tortoisebot_rb/install/tortoisebot_imu:/home/pacman/tortoisebot_rb/install/tortoisebot_control:/opt/ros/humble /usr/bin/cmake /home/pacman/tortoisebot_rb/tortoisebot/tortoisebot_gazebo -DCMAKE_INSTALL_PREFIX=/home/pacman/tortoisebot_rb/install/tortoisebot_gazebo
[1.194s] Invoking command in '/home/pacman/tortoisebot_rb/build/tortoisebot_gazebo': CMAKE_PREFIX_PATH=${CMAKE_PREFIX_PATH}:/home/pacman/tortoisebot_rb/install/turtlebot3_teleop:/home/pacman/tortoisebot_rb/install/tortoisebot_slam:/home/pacman/tortoisebot_rb/install/tortoisebot_navigation:/home/pacman/tortoisebot_rb/install/tortoisebot_imu:/home/pacman/tortoisebot_rb/install/tortoisebot_control:/opt/ros/humble /usr/bin/cmake --build /home/pacman/tortoisebot_rb/build/tortoisebot_gazebo -- -j12 -l12
[1.317s] Invoked command in '/home/pacman/tortoisebot_rb/build/tortoisebot_gazebo' returned '0': CMAKE_PREFIX_PATH=${CMAKE_PREFIX_PATH}:/home/pacman/tortoisebot_rb/install/turtlebot3_teleop:/home/pacman/tortoisebot_rb/install/tortoisebot_slam:/home/pacman/tortoisebot_rb/install/tortoisebot_navigation:/home/pacman/tortoisebot_rb/install/tortoisebot_imu:/home/pacman/tortoisebot_rb/install/tortoisebot_control:/opt/ros/humble /usr/bin/cmake --build /home/pacman/tortoisebot_rb/build/tortoisebot_gazebo -- -j12 -l12
[1.353s] Invoking command in '/home/pacman/tortoisebot_rb/build/tortoisebot_gazebo': CMAKE_PREFIX_PATH=${CMAKE_PREFIX_PATH}:/home/pacman/tortoisebot_rb/install/turtlebot3_teleop:/home/pacman/tortoisebot_rb/install/tortoisebot_slam:/home/pacman/tortoisebot_rb/install/tortoisebot_navigation:/home/pacman/tortoisebot_rb/install/tortoisebot_imu:/home/pacman/tortoisebot_rb/install/tortoisebot_control:/opt/ros/humble /usr/bin/cmake --install /home/pacman/tortoisebot_rb/build/tortoisebot_gazebo
[1.359s] -- Install configuration: ""
[1.359s] -- Installing: /home/pacman/tortoisebot_rb/install/tortoisebot_gazebo/share/tortoisebot_gazebo/gazebo
[1.360s] -- Installing: /home/pacman/tortoisebot_rb/install/tortoisebot_gazebo/share/tortoisebot_gazebo/gazebo/tortoisebot_materials.gazebo
[1.360s] -- Installing: /home/pacman/tortoisebot_rb/install/tortoisebot_gazebo/share/tortoisebot_gazebo/gazebo/tortoisebot_plugins.gazebo
[1.360s] -- Installing: /home/pacman/tortoisebot_rb/install/tortoisebot_gazebo/share/tortoisebot_gazebo/gazebo/tortoisebot_physics.gazebo
[1.360s] -- Installing: /home/pacman/tortoisebot_rb/install/tortoisebot_gazebo/share/tortoisebot_gazebo/launch
[1.360s] -- Installing: /home/pacman/tortoisebot_rb/install/tortoisebot_gazebo/share/tortoisebot_gazebo/launch/gazebo.launch.py
[1.360s] -- Installing: /home/pacman/tortoisebot_rb/install/tortoisebot_gazebo/share/tortoisebot_gazebo/worlds
[1.360s] -- Installing: /home/pacman/tortoisebot_rb/install/tortoisebot_gazebo/share/tortoisebot_gazebo/worlds/room2.sdf
[1.360s] -- Installing: /home/pacman/tortoisebot_rb/install/tortoisebot_gazebo/share/ament_index/resource_index/package_run_dependencies/tortoisebot_gazebo
[1.362s] -- Installing: /home/pacman/tortoisebot_rb/install/tortoisebot_gazebo/share/ament_index/resource_index/parent_prefix_path/tortoisebot_gazebo
[1.362s] -- Installing: /home/pacman/tortoisebot_rb/install/tortoisebot_gazebo/share/tortoisebot_gazebo/environment/ament_prefix_path.sh
[1.362s] -- Installing: /home/pacman/tortoisebot_rb/install/tortoisebot_gazebo/share/tortoisebot_gazebo/environment/ament_prefix_path.dsv
[1.363s] -- Installing: /home/pacman/tortoisebot_rb/install/tortoisebot_gazebo/share/tortoisebot_gazebo/environment/path.sh
[1.363s] -- Installing: /home/pacman/tortoisebot_rb/install/tortoisebot_gazebo/share/tortoisebot_gazebo/environment/path.dsv
[1.363s] -- Installing: /home/pacman/tortoisebot_rb/install/tortoisebot_gazebo/share/tortoisebot_gazebo/local_setup.bash
[1.363s] -- Installing: /home/pacman/tortoisebot_rb/install/tortoisebot_gazebo/share/tortoisebot_gazebo/local_setup.sh
[1.363s] -- Installing: /home/pacman/tortoisebot_rb/install/tortoisebot_gazebo/share/tortoisebot_gazebo/local_setup.zsh
[1.364s] -- Installing: /home/pacman/tortoisebot_rb/install/tortoisebot_gazebo/share/tortoisebot_gazebo/local_setup.dsv
[1.364s] -- Installing: /home/pacman/tortoisebot_rb/install/tortoisebot_gazebo/share/tortoisebot_gazebo/package.dsv
[1.364s] -- Installing: /home/pacman/tortoisebot_rb/install/tortoisebot_gazebo/share/ament_index/resource_index/packages/tortoisebot_gazebo
[1.364s] -- Installing: /home/pacman/tortoisebot_rb/install/tortoisebot_gazebo/share/tortoisebot_gazebo/cmake/tortoisebot_gazeboConfig.cmake
[1.364s] -- Installing: /home/pacman/tortoisebot_rb/install/tortoisebot_gazebo/share/tortoisebot_gazebo/cmake/tortoisebot_gazeboConfig-version.cmake
[1.364s] -- Installing: /home/pacman/tortoisebot_rb/install/tortoisebot_gazebo/share/tortoisebot_gazebo/package.xml
[1.366s] Invoked command in '/home/pacman/tortoisebot_rb/build/tortoisebot_gazebo' returned '0': CMAKE_PREFIX_PATH=${CMAKE_PREFIX_PATH}:/home/pacman/tortoisebot_rb/install/turtlebot3_teleop:/home/pacman/tortoisebot_rb/install/tortoisebot_slam:/home/pacman/tortoisebot_rb/install/tortoisebot_navigation:/home/pacman/tortoisebot_rb/install/tortoisebot_imu:/home/pacman/tortoisebot_rb/install/tortoisebot_control:/opt/ros/humble /usr/bin/cmake --install /home/pacman/tortoisebot_rb/build/tortoisebot_gazebo
