[0.013s] Invoking command in '/home/duck_sh/turtlebot3_manipulation-humble-devel/build/turtlebot3_manipulation_description': CMAKE_PREFIX_PATH=${CMAKE_PREFIX_PATH}:/home/duck_sh/ros2_ws/install/my_py_pkg:/opt/ros/humble /usr/bin/cmake --build /home/duck_sh/turtlebot3_manipulation-humble-devel/build/turtlebot3_manipulation_description -- -j32 -l32
[0.035s] Invoked command in '/home/duck_sh/turtlebot3_manipulation-humble-devel/build/turtlebot3_manipulation_description' returned '0': CMAKE_PREFIX_PATH=${CMAKE_PREFIX_PATH}:/home/duck_sh/ros2_ws/install/my_py_pkg:/opt/ros/humble /usr/bin/cmake --build /home/duck_sh/turtlebot3_manipulation-humble-devel/build/turtlebot3_manipulation_description -- -j32 -l32
[0.058s] Invoking command in '/home/duck_sh/turtlebot3_manipulation-humble-devel/build/turtlebot3_manipulation_description': CMAKE_PREFIX_PATH=${CMAKE_PREFIX_PATH}:/home/duck_sh/ros2_ws/install/my_py_pkg:/opt/ros/humble /usr/bin/cmake --install /home/duck_sh/turtlebot3_manipulation-humble-devel/build/turtlebot3_manipulation_description
[0.062s] -- Install configuration: ""
[0.062s] -- Up-to-date: /home/duck_sh/turtlebot3_manipulation-humble-devel/install/turtlebot3_manipulation_description/share/turtlebot3_manipulation_description/launch
[0.062s] -- Up-to-date: /home/duck_sh/turtlebot3_manipulation-humble-devel/install/turtlebot3_manipulation_description/share/turtlebot3_manipulation_description/launch/model.launch.py
[0.063s] -- Up-to-date: /home/duck_sh/turtlebot3_manipulation-humble-devel/install/turtlebot3_manipulation_description/share/turtlebot3_manipulation_description/rviz
[0.063s] -- Up-to-date: /home/duck_sh/turtlebot3_manipulation-humble-devel/install/turtlebot3_manipulation_description/share/turtlebot3_manipulation_description/rviz/model.rviz
[0.063s] -- Up-to-date: /home/duck_sh/turtlebot3_manipulation-humble-devel/install/turtlebot3_manipulation_description/share/turtlebot3_manipulation_description/urdf
[0.063s] -- Up-to-date: /home/duck_sh/turtlebot3_manipulation-humble-devel/install/turtlebot3_manipulation_description/share/turtlebot3_manipulation_description/urdf/turtlebot3_waffle_pi.urdf.xacro
[0.063s] -- Up-to-date: /home/duck_sh/turtlebot3_manipulation-humble-devel/install/turtlebot3_manipulation_description/share/turtlebot3_manipulation_description/urdf/open_manipulator_x.urdf.xacro
[0.063s] -- Up-to-date: /home/duck_sh/turtlebot3_manipulation-humble-devel/install/turtlebot3_manipulation_description/share/turtlebot3_manipulation_description/urdf/turtlebot3_manipulation.urdf.xacro
[0.063s] -- Up-to-date: /home/duck_sh/turtlebot3_manipulation-humble-devel/install/turtlebot3_manipulation_description/share/turtlebot3_manipulation_description/gazebo
[0.063s] -- Up-to-date: /home/duck_sh/turtlebot3_manipulation-humble-devel/install/turtlebot3_manipulation_description/share/turtlebot3_manipulation_description/gazebo/turtlebot3_waffle_pi.gazebo.xacro
[0.063s] -- Up-to-date: /home/duck_sh/turtlebot3_manipulation-humble-devel/install/turtlebot3_manipulation_description/share/turtlebot3_manipulation_description/gazebo/open_manipulator_x.gazebo.xacro
[0.063s] -- Up-to-date: /home/duck_sh/turtlebot3_manipulation-humble-devel/install/turtlebot3_manipulation_description/share/turtlebot3_manipulation_description/gazebo/materials.xacro
[0.063s] -- Up-to-date: /home/duck_sh/turtlebot3_manipulation-humble-devel/install/turtlebot3_manipulation_description/share/turtlebot3_manipulation_description/meshes
[0.063s] -- Up-to-date: /home/duck_sh/turtlebot3_manipulation-humble-devel/install/turtlebot3_manipulation_description/share/turtlebot3_manipulation_description/meshes/open_manipulator_x
[0.063s] -- Up-to-date: /home/duck_sh/turtlebot3_manipulation-humble-devel/install/turtlebot3_manipulation_description/share/turtlebot3_manipulation_description/meshes/open_manipulator_x/gripper_left_palm.stl
[0.063s] -- Up-to-date: /home/duck_sh/turtlebot3_manipulation-humble-devel/install/turtlebot3_manipulation_description/share/turtlebot3_manipulation_description/meshes/open_manipulator_x/link5.stl
[0.063s] -- Up-to-date: /home/duck_sh/turtlebot3_manipulation-humble-devel/install/turtlebot3_manipulation_description/share/turtlebot3_manipulation_description/meshes/open_manipulator_x/link1.stl
[0.063s] -- Up-to-date: /home/duck_sh/turtlebot3_manipulation-humble-devel/install/turtlebot3_manipulation_description/share/turtlebot3_manipulation_description/meshes/open_manipulator_x/link4.stl
[0.063s] -- Up-to-date: /home/duck_sh/turtlebot3_manipulation-humble-devel/install/turtlebot3_manipulation_description/share/turtlebot3_manipulation_description/meshes/open_manipulator_x/gripper_right_palm.stl
[0.063s] -- Up-to-date: /home/duck_sh/turtlebot3_manipulation-humble-devel/install/turtlebot3_manipulation_description/share/turtlebot3_manipulation_description/meshes/open_manipulator_x/link2.stl
[0.063s] -- Up-to-date: /home/duck_sh/turtlebot3_manipulation-humble-devel/install/turtlebot3_manipulation_description/share/turtlebot3_manipulation_description/meshes/open_manipulator_x/link3.stl
[0.063s] -- Up-to-date: /home/duck_sh/turtlebot3_manipulation-humble-devel/install/turtlebot3_manipulation_description/share/turtlebot3_manipulation_description/meshes/markers
[0.063s] -- Up-to-date: /home/duck_sh/turtlebot3_manipulation-humble-devel/install/turtlebot3_manipulation_description/share/turtlebot3_manipulation_description/meshes/markers/4x4_1000-3.png
[0.063s] -- Up-to-date: /home/duck_sh/turtlebot3_manipulation-humble-devel/install/turtlebot3_manipulation_description/share/turtlebot3_manipulation_description/meshes/markers/4x4_1000-1.png
[0.063s] -- Up-to-date: /home/duck_sh/turtlebot3_manipulation-humble-devel/install/turtlebot3_manipulation_description/share/turtlebot3_manipulation_description/meshes/markers/4x4_1000-4.png
[0.063s] -- Up-to-date: /home/duck_sh/turtlebot3_manipulation-humble-devel/install/turtlebot3_manipulation_description/share/turtlebot3_manipulation_description/meshes/markers/4x4_1000-5.png
[0.063s] -- Up-to-date: /home/duck_sh/turtlebot3_manipulation-humble-devel/install/turtlebot3_manipulation_description/share/turtlebot3_manipulation_description/meshes/markers/4x4_1000-6.png
[0.063s] -- Up-to-date: /home/duck_sh/turtlebot3_manipulation-humble-devel/install/turtlebot3_manipulation_description/share/turtlebot3_manipulation_description/meshes/markers/4x4_1000-7.png
[0.063s] -- Up-to-date: /home/duck_sh/turtlebot3_manipulation-humble-devel/install/turtlebot3_manipulation_description/share/turtlebot3_manipulation_description/meshes/markers/4x4_1000-0.png
[0.063s] -- Up-to-date: /home/duck_sh/turtlebot3_manipulation-humble-devel/install/turtlebot3_manipulation_description/share/turtlebot3_manipulation_description/meshes/markers/4x4_1000-2.png
[0.063s] -- Up-to-date: /home/duck_sh/turtlebot3_manipulation-humble-devel/install/turtlebot3_manipulation_description/share/turtlebot3_manipulation_description/meshes/turtlebot3_waffle_pi
[0.063s] -- Up-to-date: /home/duck_sh/turtlebot3_manipulation-humble-devel/install/turtlebot3_manipulation_description/share/turtlebot3_manipulation_description/meshes/turtlebot3_waffle_pi/ladar.stl
[0.063s] -- Up-to-date: /home/duck_sh/turtlebot3_manipulation-humble-devel/install/turtlebot3_manipulation_description/share/turtlebot3_manipulation_description/meshes/turtlebot3_waffle_pi/right_tire.stl
[0.064s] -- Up-to-date: /home/duck_sh/turtlebot3_manipulation-humble-devel/install/turtlebot3_manipulation_description/share/turtlebot3_manipulation_description/meshes/turtlebot3_waffle_pi/left_tire.stl
[0.064s] -- Up-to-date: /home/duck_sh/turtlebot3_manipulation-humble-devel/install/turtlebot3_manipulation_description/share/turtlebot3_manipulation_description/meshes/turtlebot3_waffle_pi/base.stl
[0.064s] -- Up-to-date: /home/duck_sh/turtlebot3_manipulation-humble-devel/install/turtlebot3_manipulation_description/share/turtlebot3_manipulation_description/ros2_control
[0.065s] -- Up-to-date: /home/duck_sh/turtlebot3_manipulation-humble-devel/install/turtlebot3_manipulation_description/share/turtlebot3_manipulation_description/ros2_control/turtlebot3_manipulation_system.ros2_control.xacro
[0.065s] -- Up-to-date: /home/duck_sh/turtlebot3_manipulation-humble-devel/install/turtlebot3_manipulation_description/share/turtlebot3_manipulation_description/environment/turtlebot3_manipulation_description.dsv
[0.065s] -- Up-to-date: /home/duck_sh/turtlebot3_manipulation-humble-devel/install/turtlebot3_manipulation_description/share/ament_index/resource_index/package_run_dependencies/turtlebot3_manipulation_description
[0.065s] -- Up-to-date: /home/duck_sh/turtlebot3_manipulation-humble-devel/install/turtlebot3_manipulation_description/share/ament_index/resource_index/parent_prefix_path/turtlebot3_manipulation_description
[0.066s] -- Up-to-date: /home/duck_sh/turtlebot3_manipulation-humble-devel/install/turtlebot3_manipulation_description/share/turtlebot3_manipulation_description/environment/ament_prefix_path.sh
[0.066s] -- Up-to-date: /home/duck_sh/turtlebot3_manipulation-humble-devel/install/turtlebot3_manipulation_description/share/turtlebot3_manipulation_description/environment/ament_prefix_path.dsv
[0.066s] -- Up-to-date: /home/duck_sh/turtlebot3_manipulation-humble-devel/install/turtlebot3_manipulation_description/share/turtlebot3_manipulation_description/environment/path.sh
[0.066s] -- Up-to-date: /home/duck_sh/turtlebot3_manipulation-humble-devel/install/turtlebot3_manipulation_description/share/turtlebot3_manipulation_description/environment/path.dsv
[0.066s] -- Up-to-date: /home/duck_sh/turtlebot3_manipulation-humble-devel/install/turtlebot3_manipulation_description/share/turtlebot3_manipulation_description/local_setup.bash
[0.066s] -- Up-to-date: /home/duck_sh/turtlebot3_manipulation-humble-devel/install/turtlebot3_manipulation_description/share/turtlebot3_manipulation_description/local_setup.sh
[0.066s] -- Up-to-date: /home/duck_sh/turtlebot3_manipulation-humble-devel/install/turtlebot3_manipulation_description/share/turtlebot3_manipulation_description/local_setup.zsh
[0.066s] -- Up-to-date: /home/duck_sh/turtlebot3_manipulation-humble-devel/install/turtlebot3_manipulation_description/share/turtlebot3_manipulation_description/local_setup.dsv
[0.067s] -- Installing: /home/duck_sh/turtlebot3_manipulation-humble-devel/install/turtlebot3_manipulation_description/share/turtlebot3_manipulation_description/package.dsv
[0.067s] -- Up-to-date: /home/duck_sh/turtlebot3_manipulation-humble-devel/install/turtlebot3_manipulation_description/share/ament_index/resource_index/packages/turtlebot3_manipulation_description
[0.067s] -- Up-to-date: /home/duck_sh/turtlebot3_manipulation-humble-devel/install/turtlebot3_manipulation_description/share/turtlebot3_manipulation_description/cmake/turtlebot3_manipulation_descriptionConfig.cmake
[0.067s] -- Up-to-date: /home/duck_sh/turtlebot3_manipulation-humble-devel/install/turtlebot3_manipulation_description/share/turtlebot3_manipulation_description/cmake/turtlebot3_manipulation_descriptionConfig-version.cmake
[0.067s] -- Up-to-date: /home/duck_sh/turtlebot3_manipulation-humble-devel/install/turtlebot3_manipulation_description/share/turtlebot3_manipulation_description/package.xml
[0.068s] Invoked command in '/home/duck_sh/turtlebot3_manipulation-humble-devel/build/turtlebot3_manipulation_description' returned '0': CMAKE_PREFIX_PATH=${CMAKE_PREFIX_PATH}:/home/duck_sh/ros2_ws/install/my_py_pkg:/opt/ros/humble /usr/bin/cmake --install /home/duck_sh/turtlebot3_manipulation-humble-devel/build/turtlebot3_manipulation_description
