[0.016s] Invoking command in '/home/duck_sh/Mobile-Swarm-Navigation/build/dynamixel_sdk_examples': AMENT_PREFIX_PATH=/home/duck_sh/Mobile-Swarm-Navigation/install/dynamixel_sdk_custom_interfaces:/home/duck_sh/Mobile-Swarm-Navigation/install/dynamixel_sdk:${AMENT_PREFIX_PATH} CMAKE_PREFIX_PATH=/home/duck_sh/Mobile-Swarm-Navigation/install/dynamixel_sdk_custom_interfaces:/home/duck_sh/Mobile-Swarm-Navigation/install/dynamixel_sdk:/home/duck_sh/pico_ws/install/whycon:/home/duck_sh/pico_ws/install/swift_pico:/home/duck_sh/pico_ws/install/waypoint_navigation:/home/duck_sh/pico_ws/install/swift_pico_description:/home/duck_sh/pico_ws/install/rotors_swift_interface:/home/duck_sh/pico_ws/install/swift_msgs:/home/duck_sh/pico_ws/install/rotors_swift_gazebo:/home/duck_sh/pico_ws/install/rotors_swift_description:/home/duck_sh/pico_ws/install/rotors_control:/home/duck_sh/pico_ws/install/pid_tune:/home/duck_sh/pico_ws/install/pid_msg:/home/duck_sh/pico_ws/install/mav_comm:/home/duck_sh/pico_ws/install/mav_system_msgs:/home/duck_sh/pico_ws/install/mav_state_machine_msgs:/home/duck_sh/pico_ws/install/mav_planning_msgs:/home/duck_sh/pico_ws/install/mav_msgs:/home/duck_sh/ros2_ws/install/my_cpp_pkg:/home/duck_sh/ros2_ws/install/my_ament_cmake_pkg:/home/duck_sh/turtlebot3_manipulation-humble-devel/install/turtlebot3_manipulation:/home/duck_sh/turtlebot3_manipulation-humble-devel/install/turtlebot3_manipulation_teleop:/home/duck_sh/turtlebot3_manipulation-humble-devel/install/turtlebot3_manipulation_navigation2:/home/duck_sh/turtlebot3_manipulation-humble-devel/install/turtlebot3_manipulation_moveit_config:/home/duck_sh/turtlebot3_manipulation-humble-devel/install/turtlebot3_manipulation_hardware:/home/duck_sh/turtlebot3_manipulation-humble-devel/install/turtlebot3_manipulation_bringup:/home/duck_sh/turtlebot3_manipulation-humble-devel/install/turtlebot3_manipulation_description:/home/duck_sh/turtlebot3_manipulation-humble-devel/install/turtlebot3_manipulation_cartographer:/home/duck_sh/turtlebot3_manipulation-humble-devel/install/ros2_control_test_assets:/home/duck_sh/turtlebot3_manipulation-humble-devel/install/ros2_control_demo_description:/home/duck_sh/turtlebot3_manipulation-humble-devel/install/kinematics_interface_kdl:/home/duck_sh/turtlebot3_manipulation-humble-devel/install/kinematics_interface:/home/duck_sh/turtlebot3_manipulation-humble-devel/install/joint_limits:/home/duck_sh/ros2_ws/install/my_py_pkg:/home/duck_sh/turtlebot3_manipulation-humble-devel/install/ros2_controllers_test_nodes:/opt/ros/humble LD_LIBRARY_PATH=/home/duck_sh/Mobile-Swarm-Navigation/install/dynamixel_sdk_custom_interfaces/lib:/home/duck_sh/Mobile-Swarm-Navigation/install/dynamixel_sdk/lib:${LD_LIBRARY_PATH} PYTHONPATH=/home/duck_sh/Mobile-Swarm-Navigation/install/dynamixel_sdk_custom_interfaces/local/lib/python3.10/dist-packages:${PYTHONPATH} /usr/bin/cmake /home/duck_sh/Mobile-Swarm-Navigation/src/utils/DynamixelSDK/dynamixel_sdk_examples -DCMAKE_INSTALL_PREFIX=/home/duck_sh/Mobile-Swarm-Navigation/install/dynamixel_sdk_examples
[0.081s] -- The C compiler identification is GNU 11.4.0
[0.143s] -- The CXX compiler identification is GNU 11.4.0
[0.149s] -- Detecting C compiler ABI info
[0.220s] -- Detecting C compiler ABI info - done
[0.224s] -- Check for working C compiler: /usr/bin/cc - skipped
[0.224s] -- Detecting C compile features
[0.224s] -- Detecting C compile features - done
[0.226s] -- Detecting CXX compiler ABI info
[0.302s] -- Detecting CXX compiler ABI info - done
[0.309s] -- Check for working CXX compiler: /usr/bin/c++ - skipped
[0.309s] -- Detecting CXX compile features
[0.309s] -- Detecting CXX compile features - done
[0.313s] -- Found ament_cmake: 1.3.10 (/opt/ros/humble/share/ament_cmake/cmake)
[0.458s] -- Found Python3: /usr/bin/python3 (found version "3.10.12") found components: Interpreter 
[0.537s] -- Found dynamixel_sdk: 3.7.60 (/home/duck_sh/Mobile-Swarm-Navigation/install/dynamixel_sdk/share/dynamixel_sdk/cmake)
[0.539s] -- Found dynamixel_sdk_custom_interfaces: 3.7.60 (/home/duck_sh/Mobile-Swarm-Navigation/install/dynamixel_sdk_custom_interfaces/share/dynamixel_sdk_custom_interfaces/cmake)
[0.576s] -- Found rosidl_generator_c: 3.1.5 (/opt/ros/humble/share/rosidl_generator_c/cmake)
[0.582s] -- Found rosidl_adapter: 3.1.5 (/opt/ros/humble/share/rosidl_adapter/cmake)
[0.591s] -- Found rosidl_generator_cpp: 3.1.5 (/opt/ros/humble/share/rosidl_generator_cpp/cmake)
[0.602s] -- Using all available rosidl_typesupport_c: rosidl_typesupport_fastrtps_c;rosidl_typesupport_introspection_c
[0.617s] -- Using all available rosidl_typesupport_cpp: rosidl_typesupport_fastrtps_cpp;rosidl_typesupport_introspection_cpp
[0.639s] -- Found rclcpp: 16.0.10 (/opt/ros/humble/share/rclcpp/cmake)
[0.675s] -- Found rmw_implementation_cmake: 6.1.2 (/opt/ros/humble/share/rmw_implementation_cmake/cmake)
[0.679s] -- Found rmw_fastrtps_cpp: 6.2.7 (/opt/ros/humble/share/rmw_fastrtps_cpp/cmake)
[0.766s] -- Found OpenSSL: /usr/lib/x86_64-linux-gnu/libcrypto.so (found version "3.0.2")  
[0.789s] -- Found FastRTPS: /opt/ros/humble/include  
[0.824s] -- Using RMW implementation 'rmw_fastrtps_cpp' as default
[0.836s] -- Looking for pthread.h
[0.899s] -- Looking for pthread.h - found
[0.899s] -- Performing Test CMAKE_HAVE_LIBC_PTHREAD
[0.965s] -- Performing Test CMAKE_HAVE_LIBC_PTHREAD - Success
[0.965s] -- Found Threads: TRUE  
[1.004s] -- Found ament_lint_auto: 0.12.11 (/opt/ros/humble/share/ament_lint_auto/cmake)
[1.087s] -- Added test 'copyright' to check source files copyright and LICENSE
[1.089s] -- Added test 'cppcheck' to perform static code analysis on C / C++ code
[1.089s] -- Configured cppcheck include dirs: /home/duck_sh/Mobile-Swarm-Navigation/src/utils/DynamixelSDK/dynamixel_sdk_examples/include
[1.089s] -- Configured cppcheck exclude dirs and/or files: 
[1.090s] -- Added test 'cpplint' to check C / C++ code against the Google style
[1.090s] -- Configured cpplint exclude dirs and/or files: 
[1.091s] -- Added test 'lint_cmake' to check CMake code style
[1.092s] -- Added test 'uncrustify' to check C / C++ code style
[1.092s] -- Configured uncrustify additional arguments: 
[1.093s] -- Added test 'xmllint' to check XML markup files
[1.095s] -- Configuring done
[1.101s] -- Generating done
[1.101s] -- Build files have been written to: /home/duck_sh/Mobile-Swarm-Navigation/build/dynamixel_sdk_examples
[1.109s] Invoked command in '/home/duck_sh/Mobile-Swarm-Navigation/build/dynamixel_sdk_examples' returned '0': AMENT_PREFIX_PATH=/home/duck_sh/Mobile-Swarm-Navigation/install/dynamixel_sdk_custom_interfaces:/home/duck_sh/Mobile-Swarm-Navigation/install/dynamixel_sdk:${AMENT_PREFIX_PATH} CMAKE_PREFIX_PATH=/home/duck_sh/Mobile-Swarm-Navigation/install/dynamixel_sdk_custom_interfaces:/home/duck_sh/Mobile-Swarm-Navigation/install/dynamixel_sdk:/home/duck_sh/pico_ws/install/whycon:/home/duck_sh/pico_ws/install/swift_pico:/home/duck_sh/pico_ws/install/waypoint_navigation:/home/duck_sh/pico_ws/install/swift_pico_description:/home/duck_sh/pico_ws/install/rotors_swift_interface:/home/duck_sh/pico_ws/install/swift_msgs:/home/duck_sh/pico_ws/install/rotors_swift_gazebo:/home/duck_sh/pico_ws/install/rotors_swift_description:/home/duck_sh/pico_ws/install/rotors_control:/home/duck_sh/pico_ws/install/pid_tune:/home/duck_sh/pico_ws/install/pid_msg:/home/duck_sh/pico_ws/install/mav_comm:/home/duck_sh/pico_ws/install/mav_system_msgs:/home/duck_sh/pico_ws/install/mav_state_machine_msgs:/home/duck_sh/pico_ws/install/mav_planning_msgs:/home/duck_sh/pico_ws/install/mav_msgs:/home/duck_sh/ros2_ws/install/my_cpp_pkg:/home/duck_sh/ros2_ws/install/my_ament_cmake_pkg:/home/duck_sh/turtlebot3_manipulation-humble-devel/install/turtlebot3_manipulation:/home/duck_sh/turtlebot3_manipulation-humble-devel/install/turtlebot3_manipulation_teleop:/home/duck_sh/turtlebot3_manipulation-humble-devel/install/turtlebot3_manipulation_navigation2:/home/duck_sh/turtlebot3_manipulation-humble-devel/install/turtlebot3_manipulation_moveit_config:/home/duck_sh/turtlebot3_manipulation-humble-devel/install/turtlebot3_manipulation_hardware:/home/duck_sh/turtlebot3_manipulation-humble-devel/install/turtlebot3_manipulation_bringup:/home/duck_sh/turtlebot3_manipulation-humble-devel/install/turtlebot3_manipulation_description:/home/duck_sh/turtlebot3_manipulation-humble-devel/install/turtlebot3_manipulation_cartographer:/home/duck_sh/turtlebot3_manipulation-humble-devel/install/ros2_control_test_assets:/home/duck_sh/turtlebot3_manipulation-humble-devel/install/ros2_control_demo_description:/home/duck_sh/turtlebot3_manipulation-humble-devel/install/kinematics_interface_kdl:/home/duck_sh/turtlebot3_manipulation-humble-devel/install/kinematics_interface:/home/duck_sh/turtlebot3_manipulation-humble-devel/install/joint_limits:/home/duck_sh/ros2_ws/install/my_py_pkg:/home/duck_sh/turtlebot3_manipulation-humble-devel/install/ros2_controllers_test_nodes:/opt/ros/humble LD_LIBRARY_PATH=/home/duck_sh/Mobile-Swarm-Navigation/install/dynamixel_sdk_custom_interfaces/lib:/home/duck_sh/Mobile-Swarm-Navigation/install/dynamixel_sdk/lib:${LD_LIBRARY_PATH} PYTHONPATH=/home/duck_sh/Mobile-Swarm-Navigation/install/dynamixel_sdk_custom_interfaces/local/lib/python3.10/dist-packages:${PYTHONPATH} /usr/bin/cmake /home/duck_sh/Mobile-Swarm-Navigation/src/utils/DynamixelSDK/dynamixel_sdk_examples -DCMAKE_INSTALL_PREFIX=/home/duck_sh/Mobile-Swarm-Navigation/install/dynamixel_sdk_examples
[1.110s] Invoking command in '/home/duck_sh/Mobile-Swarm-Navigation/build/dynamixel_sdk_examples': AMENT_PREFIX_PATH=/home/duck_sh/Mobile-Swarm-Navigation/install/dynamixel_sdk_custom_interfaces:/home/duck_sh/Mobile-Swarm-Navigation/install/dynamixel_sdk:${AMENT_PREFIX_PATH} CMAKE_PREFIX_PATH=/home/duck_sh/Mobile-Swarm-Navigation/install/dynamixel_sdk_custom_interfaces:/home/duck_sh/Mobile-Swarm-Navigation/install/dynamixel_sdk:/home/duck_sh/pico_ws/install/whycon:/home/duck_sh/pico_ws/install/swift_pico:/home/duck_sh/pico_ws/install/waypoint_navigation:/home/duck_sh/pico_ws/install/swift_pico_description:/home/duck_sh/pico_ws/install/rotors_swift_interface:/home/duck_sh/pico_ws/install/swift_msgs:/home/duck_sh/pico_ws/install/rotors_swift_gazebo:/home/duck_sh/pico_ws/install/rotors_swift_description:/home/duck_sh/pico_ws/install/rotors_control:/home/duck_sh/pico_ws/install/pid_tune:/home/duck_sh/pico_ws/install/pid_msg:/home/duck_sh/pico_ws/install/mav_comm:/home/duck_sh/pico_ws/install/mav_system_msgs:/home/duck_sh/pico_ws/install/mav_state_machine_msgs:/home/duck_sh/pico_ws/install/mav_planning_msgs:/home/duck_sh/pico_ws/install/mav_msgs:/home/duck_sh/ros2_ws/install/my_cpp_pkg:/home/duck_sh/ros2_ws/install/my_ament_cmake_pkg:/home/duck_sh/turtlebot3_manipulation-humble-devel/install/turtlebot3_manipulation:/home/duck_sh/turtlebot3_manipulation-humble-devel/install/turtlebot3_manipulation_teleop:/home/duck_sh/turtlebot3_manipulation-humble-devel/install/turtlebot3_manipulation_navigation2:/home/duck_sh/turtlebot3_manipulation-humble-devel/install/turtlebot3_manipulation_moveit_config:/home/duck_sh/turtlebot3_manipulation-humble-devel/install/turtlebot3_manipulation_hardware:/home/duck_sh/turtlebot3_manipulation-humble-devel/install/turtlebot3_manipulation_bringup:/home/duck_sh/turtlebot3_manipulation-humble-devel/install/turtlebot3_manipulation_description:/home/duck_sh/turtlebot3_manipulation-humble-devel/install/turtlebot3_manipulation_cartographer:/home/duck_sh/turtlebot3_manipulation-humble-devel/install/ros2_control_test_assets:/home/duck_sh/turtlebot3_manipulation-humble-devel/install/ros2_control_demo_description:/home/duck_sh/turtlebot3_manipulation-humble-devel/install/kinematics_interface_kdl:/home/duck_sh/turtlebot3_manipulation-humble-devel/install/kinematics_interface:/home/duck_sh/turtlebot3_manipulation-humble-devel/install/joint_limits:/home/duck_sh/ros2_ws/install/my_py_pkg:/home/duck_sh/turtlebot3_manipulation-humble-devel/install/ros2_controllers_test_nodes:/opt/ros/humble LD_LIBRARY_PATH=/home/duck_sh/Mobile-Swarm-Navigation/install/dynamixel_sdk_custom_interfaces/lib:/home/duck_sh/Mobile-Swarm-Navigation/install/dynamixel_sdk/lib:${LD_LIBRARY_PATH} PYTHONPATH=/home/duck_sh/Mobile-Swarm-Navigation/install/dynamixel_sdk_custom_interfaces/local/lib/python3.10/dist-packages:${PYTHONPATH} /usr/bin/cmake --build /home/duck_sh/Mobile-Swarm-Navigation/build/dynamixel_sdk_examples -- -j32 -l32
[1.163s] [ 50%] [32mBuilding CXX object CMakeFiles/read_write_node.dir/src/read_write_node.cpp.o[0m
