[0.271s] Invoking command in '/home/duck_sh/turtlebot3_manipulation-humble-devel/build/turtlebot3_manipulation_description': CMAKE_PREFIX_PATH=${CMAKE_PREFIX_PATH}:/home/duck_sh/ros2_ws/install/my_py_pkg:/home/duck_sh/turtlebot3_manipulation-humble-devel/install/ros2_controllers_test_nodes:/opt/ros/humble /usr/bin/cmake --build /home/duck_sh/turtlebot3_manipulation-humble-devel/build/turtlebot3_manipulation_description -- -j32 -l32
[0.311s] Invoked command in '/home/duck_sh/turtlebot3_manipulation-humble-devel/build/turtlebot3_manipulation_description' returned '0': CMAKE_PREFIX_PATH=${CMAKE_PREFIX_PATH}:/home/duck_sh/ros2_ws/install/my_py_pkg:/home/duck_sh/turtlebot3_manipulation-humble-devel/install/ros2_controllers_test_nodes:/opt/ros/humble /usr/bin/cmake --build /home/duck_sh/turtlebot3_manipulation-humble-devel/build/turtlebot3_manipulation_description -- -j32 -l32
[0.358s] Invoking command in '/home/duck_sh/turtlebot3_manipulation-humble-devel/build/turtlebot3_manipulation_description': CMAKE_PREFIX_PATH=${CMAKE_PREFIX_PATH}:/home/duck_sh/ros2_ws/install/my_py_pkg:/home/duck_sh/turtlebot3_manipulation-humble-devel/install/ros2_controllers_test_nodes:/opt/ros/humble /usr/bin/cmake --install /home/duck_sh/turtlebot3_manipulation-humble-devel/build/turtlebot3_manipulation_description
[0.366s] -- Install configuration: ""
[0.366s] -- Up-to-date: /home/duck_sh/turtlebot3_manipulation-humble-devel/install/turtlebot3_manipulation_description/share/turtlebot3_manipulation_description/launch
[0.366s] -- Installing: /home/duck_sh/turtlebot3_manipulation-humble-devel/install/turtlebot3_manipulation_description/share/turtlebot3_manipulation_description/launch/model.launch.py
[0.366s] -- Up-to-date: /home/duck_sh/turtlebot3_manipulation-humble-devel/install/turtlebot3_manipulation_description/share/turtlebot3_manipulation_description/rviz
[0.366s] -- Up-to-date: /home/duck_sh/turtlebot3_manipulation-humble-devel/install/turtlebot3_manipulation_description/share/turtlebot3_manipulation_description/rviz/model.rviz
[0.366s] -- Up-to-date: /home/duck_sh/turtlebot3_manipulation-humble-devel/install/turtlebot3_manipulation_description/share/turtlebot3_manipulation_description/urdf
[0.366s] -- Up-to-date: /home/duck_sh/turtlebot3_manipulation-humble-devel/install/turtlebot3_manipulation_description/share/turtlebot3_manipulation_description/urdf/turtlebot3_waffle_pi.urdf.xacro
[0.366s] -- Up-to-date: /home/duck_sh/turtlebot3_manipulation-humble-devel/install/turtlebot3_manipulation_description/share/turtlebot3_manipulation_description/urdf/open_manipulator_x.urdf.xacro
[0.367s] -- Up-to-date: /home/duck_sh/turtlebot3_manipulation-humble-devel/install/turtlebot3_manipulation_description/share/turtlebot3_manipulation_description/urdf/turtlebot3_manipulation.urdf.xacro
[0.368s] -- Up-to-date: /home/duck_sh/turtlebot3_manipulation-humble-devel/install/turtlebot3_manipulation_description/share/turtlebot3_manipulation_description/gazebo
[0.368s] -- Up-to-date: /home/duck_sh/turtlebot3_manipulation-humble-devel/install/turtlebot3_manipulation_description/share/turtlebot3_manipulation_description/gazebo/turtlebot3_waffle_pi.gazebo.xacro
[0.368s] -- Up-to-date: /home/duck_sh/turtlebot3_manipulation-humble-devel/install/turtlebot3_manipulation_description/share/turtlebot3_manipulation_description/gazebo/open_manipulator_x.gazebo.xacro
[0.368s] -- Up-to-date: /home/duck_sh/turtlebot3_manipulation-humble-devel/install/turtlebot3_manipulation_description/share/turtlebot3_manipulation_description/gazebo/materials.xacro
[0.368s] -- Up-to-date: /home/duck_sh/turtlebot3_manipulation-humble-devel/install/turtlebot3_manipulation_description/share/turtlebot3_manipulation_description/meshes
[0.368s] -- Up-to-date: /home/duck_sh/turtlebot3_manipulation-humble-devel/install/turtlebot3_manipulation_description/share/turtlebot3_manipulation_description/meshes/open_manipulator_x
[0.369s] -- Up-to-date: /home/duck_sh/turtlebot3_manipulation-humble-devel/install/turtlebot3_manipulation_description/share/turtlebot3_manipulation_description/meshes/open_manipulator_x/gripper_left_palm.stl
[0.370s] -- Up-to-date: /home/duck_sh/turtlebot3_manipulation-humble-devel/install/turtlebot3_manipulation_description/share/turtlebot3_manipulation_description/meshes/open_manipulator_x/link5.stl
[0.370s] -- Up-to-date: /home/duck_sh/turtlebot3_manipulation-humble-devel/install/turtlebot3_manipulation_description/share/turtlebot3_manipulation_description/meshes/open_manipulator_x/link1.stl
[0.370s] -- Up-to-date: /home/duck_sh/turtlebot3_manipulation-humble-devel/install/turtlebot3_manipulation_description/share/turtlebot3_manipulation_description/meshes/open_manipulator_x/link4.stl
[0.370s] -- Up-to-date: /home/duck_sh/turtlebot3_manipulation-humble-devel/install/turtlebot3_manipulation_description/share/turtlebot3_manipulation_description/meshes/open_manipulator_x/gripper_right_palm.stl
[0.370s] -- Up-to-date: /home/duck_sh/turtlebot3_manipulation-humble-devel/install/turtlebot3_manipulation_description/share/turtlebot3_manipulation_description/meshes/open_manipulator_x/link2.stl
[0.370s] -- Up-to-date: /home/duck_sh/turtlebot3_manipulation-humble-devel/install/turtlebot3_manipulation_description/share/turtlebot3_manipulation_description/meshes/open_manipulator_x/link3.stl
[0.371s] -- Up-to-date: /home/duck_sh/turtlebot3_manipulation-humble-devel/install/turtlebot3_manipulation_description/share/turtlebot3_manipulation_description/meshes/markers
[0.372s] -- Up-to-date: /home/duck_sh/turtlebot3_manipulation-humble-devel/install/turtlebot3_manipulation_description/share/turtlebot3_manipulation_description/meshes/markers/og_aruco
[0.372s] -- Up-to-date: /home/duck_sh/turtlebot3_manipulation-humble-devel/install/turtlebot3_manipulation_description/share/turtlebot3_manipulation_description/meshes/markers/og_aruco/aruco_5.png
[0.372s] -- Up-to-date: /home/duck_sh/turtlebot3_manipulation-humble-devel/install/turtlebot3_manipulation_description/share/turtlebot3_manipulation_description/meshes/markers/og_aruco/aruco_8.png
[0.373s] -- Up-to-date: /home/duck_sh/turtlebot3_manipulation-humble-devel/install/turtlebot3_manipulation_description/share/turtlebot3_manipulation_description/meshes/markers/og_aruco/aruco_7.png
[0.373s] -- Up-to-date: /home/duck_sh/turtlebot3_manipulation-humble-devel/install/turtlebot3_manipulation_description/share/turtlebot3_manipulation_description/meshes/markers/og_aruco/aruco_3.png
[0.373s] -- Up-to-date: /home/duck_sh/turtlebot3_manipulation-humble-devel/install/turtlebot3_manipulation_description/share/turtlebot3_manipulation_description/meshes/markers/og_aruco/aruco_6.png
[0.373s] -- Up-to-date: /home/duck_sh/turtlebot3_manipulation-humble-devel/install/turtlebot3_manipulation_description/share/turtlebot3_manipulation_description/meshes/markers/og_aruco/aruco_4.png
[0.373s] -- Up-to-date: /home/duck_sh/turtlebot3_manipulation-humble-devel/install/turtlebot3_manipulation_description/share/turtlebot3_manipulation_description/meshes/markers/og_aruco/aruco_2.png
[0.373s] -- Up-to-date: /home/duck_sh/turtlebot3_manipulation-humble-devel/install/turtlebot3_manipulation_description/share/turtlebot3_manipulation_description/meshes/markers/og_aruco/aruco_1.png
[0.373s] -- Up-to-date: /home/duck_sh/turtlebot3_manipulation-humble-devel/install/turtlebot3_manipulation_description/share/turtlebot3_manipulation_description/meshes/markers/aruco_1.dae
[0.373s] -- Up-to-date: /home/duck_sh/turtlebot3_manipulation-humble-devel/install/turtlebot3_manipulation_description/share/turtlebot3_manipulation_description/meshes/markers/aruco_4.dae
[0.373s] -- Up-to-date: /home/duck_sh/turtlebot3_manipulation-humble-devel/install/turtlebot3_manipulation_description/share/turtlebot3_manipulation_description/meshes/markers/aruco_5.png
[0.373s] -- Up-to-date: /home/duck_sh/turtlebot3_manipulation-humble-devel/install/turtlebot3_manipulation_description/share/turtlebot3_manipulation_description/meshes/markers/aruco_2.dae
[0.374s] -- Up-to-date: /home/duck_sh/turtlebot3_manipulation-humble-devel/install/turtlebot3_manipulation_description/share/turtlebot3_manipulation_description/meshes/markers/aruco_3.dae
[0.375s] -- Up-to-date: /home/duck_sh/turtlebot3_manipulation-humble-devel/install/turtlebot3_manipulation_description/share/turtlebot3_manipulation_description/meshes/markers/aruco_3.png
[0.376s] -- Up-to-date: /home/duck_sh/turtlebot3_manipulation-humble-devel/install/turtlebot3_manipulation_description/share/turtlebot3_manipulation_description/meshes/markers/aruco_4.png
[0.377s] -- Up-to-date: /home/duck_sh/turtlebot3_manipulation-humble-devel/install/turtlebot3_manipulation_description/share/turtlebot3_manipulation_description/meshes/markers/aruco_2.png
[0.377s] -- Up-to-date: /home/duck_sh/turtlebot3_manipulation-humble-devel/install/turtlebot3_manipulation_description/share/turtlebot3_manipulation_description/meshes/markers/aruco_1.png
[0.377s] -- Up-to-date: /home/duck_sh/turtlebot3_manipulation-humble-devel/install/turtlebot3_manipulation_description/share/turtlebot3_manipulation_description/meshes/turtlebot3_waffle_pi
[0.377s] -- Up-to-date: /home/duck_sh/turtlebot3_manipulation-humble-devel/install/turtlebot3_manipulation_description/share/turtlebot3_manipulation_description/meshes/turtlebot3_waffle_pi/ladar.stl
[0.378s] -- Up-to-date: /home/duck_sh/turtlebot3_manipulation-humble-devel/install/turtlebot3_manipulation_description/share/turtlebot3_manipulation_description/meshes/turtlebot3_waffle_pi/right_tire.stl
[0.378s] -- Up-to-date: /home/duck_sh/turtlebot3_manipulation-humble-devel/install/turtlebot3_manipulation_description/share/turtlebot3_manipulation_description/meshes/turtlebot3_waffle_pi/left_tire.stl
[0.378s] -- Up-to-date: /home/duck_sh/turtlebot3_manipulation-humble-devel/install/turtlebot3_manipulation_description/share/turtlebot3_manipulation_description/meshes/turtlebot3_waffle_pi/base.stl
[0.378s] -- Up-to-date: /home/duck_sh/turtlebot3_manipulation-humble-devel/install/turtlebot3_manipulation_description/share/turtlebot3_manipulation_description/ros2_control
[0.378s] -- Up-to-date: /home/duck_sh/turtlebot3_manipulation-humble-devel/install/turtlebot3_manipulation_description/share/turtlebot3_manipulation_description/ros2_control/turtlebot3_manipulation_system.ros2_control.xacro
[0.378s] -- Up-to-date: /home/duck_sh/turtlebot3_manipulation-humble-devel/install/turtlebot3_manipulation_description/share/turtlebot3_manipulation_description/environment/turtlebot3_manipulation_description.dsv
[0.378s] -- Up-to-date: /home/duck_sh/turtlebot3_manipulation-humble-devel/install/turtlebot3_manipulation_description/share/ament_index/resource_index/package_run_dependencies/turtlebot3_manipulation_description
[0.378s] -- Up-to-date: /home/duck_sh/turtlebot3_manipulation-humble-devel/install/turtlebot3_manipulation_description/share/ament_index/resource_index/parent_prefix_path/turtlebot3_manipulation_description
[0.379s] -- Up-to-date: /home/duck_sh/turtlebot3_manipulation-humble-devel/install/turtlebot3_manipulation_description/share/turtlebot3_manipulation_description/environment/ament_prefix_path.sh
[0.379s] -- Up-to-date: /home/duck_sh/turtlebot3_manipulation-humble-devel/install/turtlebot3_manipulation_description/share/turtlebot3_manipulation_description/environment/ament_prefix_path.dsv
[0.379s] -- Up-to-date: /home/duck_sh/turtlebot3_manipulation-humble-devel/install/turtlebot3_manipulation_description/share/turtlebot3_manipulation_description/environment/path.sh
[0.379s] -- Up-to-date: /home/duck_sh/turtlebot3_manipulation-humble-devel/install/turtlebot3_manipulation_description/share/turtlebot3_manipulation_description/environment/path.dsv
[0.379s] -- Up-to-date: /home/duck_sh/turtlebot3_manipulation-humble-devel/install/turtlebot3_manipulation_description/share/turtlebot3_manipulation_description/local_setup.bash
[0.379s] -- Up-to-date: /home/duck_sh/turtlebot3_manipulation-humble-devel/install/turtlebot3_manipulation_description/share/turtlebot3_manipulation_description/local_setup.sh
[0.379s] -- Up-to-date: /home/duck_sh/turtlebot3_manipulation-humble-devel/install/turtlebot3_manipulation_description/share/turtlebot3_manipulation_description/local_setup.zsh
[0.379s] -- Up-to-date: /home/duck_sh/turtlebot3_manipulation-humble-devel/install/turtlebot3_manipulation_description/share/turtlebot3_manipulation_description/local_setup.dsv
[0.379s] -- Installing: /home/duck_sh/turtlebot3_manipulation-humble-devel/install/turtlebot3_manipulation_description/share/turtlebot3_manipulation_description/package.dsv
[0.379s] -- Up-to-date: /home/duck_sh/turtlebot3_manipulation-humble-devel/install/turtlebot3_manipulation_description/share/ament_index/resource_index/packages/turtlebot3_manipulation_description
[0.379s] -- Up-to-date: /home/duck_sh/turtlebot3_manipulation-humble-devel/install/turtlebot3_manipulation_description/share/turtlebot3_manipulation_description/cmake/turtlebot3_manipulation_descriptionConfig.cmake
[0.380s] -- Up-to-date: /home/duck_sh/turtlebot3_manipulation-humble-devel/install/turtlebot3_manipulation_description/share/turtlebot3_manipulation_description/cmake/turtlebot3_manipulation_descriptionConfig-version.cmake
[0.380s] -- Up-to-date: /home/duck_sh/turtlebot3_manipulation-humble-devel/install/turtlebot3_manipulation_description/share/turtlebot3_manipulation_description/package.xml
[0.387s] Invoked command in '/home/duck_sh/turtlebot3_manipulation-humble-devel/build/turtlebot3_manipulation_description' returned '0': CMAKE_PREFIX_PATH=${CMAKE_PREFIX_PATH}:/home/duck_sh/ros2_ws/install/my_py_pkg:/home/duck_sh/turtlebot3_manipulation-humble-devel/install/ros2_controllers_test_nodes:/opt/ros/humble /usr/bin/cmake --install /home/duck_sh/turtlebot3_manipulation-humble-devel/build/turtlebot3_manipulation_description
