[1.644s] Invoking command in '/home/pacman/turtlebot3_ws/src/turtlebot3/turtlebot3/turtlebot3_teleop': PYTHONPATH=/home/pacman/turtlebot3_ws/build/turtlebot3_teleop/prefix_override:/home/pacman/.local/lib/python3.10/site-packages/colcon_core/task/python/colcon_distutils_commands:/home/pacman/turtlebot3_ws/install/turtlebot3_teleop/lib/python3.10/site-packages:${PYTHONPATH} /usr/bin/python3 -W ignore:setup.py install is deprecated setup.py egg_info --egg-base ../../../../build/turtlebot3_teleop build --build-base /home/pacman/turtlebot3_ws/build/turtlebot3_teleop/build install --record /home/pacman/turtlebot3_ws/build/turtlebot3_teleop/install.log --single-version-externally-managed install_data
[2.504s] running egg_info
[2.505s] writing ../../../../build/turtlebot3_teleop/turtlebot3_teleop.egg-info/PKG-INFO
[2.505s] writing dependency_links to ../../../../build/turtlebot3_teleop/turtlebot3_teleop.egg-info/dependency_links.txt
[2.505s] writing entry points to ../../../../build/turtlebot3_teleop/turtlebot3_teleop.egg-info/entry_points.txt
[2.505s] writing requirements to ../../../../build/turtlebot3_teleop/turtlebot3_teleop.egg-info/requires.txt
[2.505s] writing top-level names to ../../../../build/turtlebot3_teleop/turtlebot3_teleop.egg-info/top_level.txt
[2.505s] reading manifest file '../../../../build/turtlebot3_teleop/turtlebot3_teleop.egg-info/SOURCES.txt'
[2.505s] writing manifest file '../../../../build/turtlebot3_teleop/turtlebot3_teleop.egg-info/SOURCES.txt'
[2.505s] running build
[2.505s] running build_py
[2.505s] running install
[2.505s] running install_lib
[2.505s] running install_data
[2.505s] running install_egg_info
[2.505s] removing '/home/pacman/turtlebot3_ws/install/turtlebot3_teleop/lib/python3.10/site-packages/turtlebot3_teleop-2.1.5-py3.10.egg-info' (and everything under it)
[2.506s] Copying ../../../../build/turtlebot3_teleop/turtlebot3_teleop.egg-info to /home/pacman/turtlebot3_ws/install/turtlebot3_teleop/lib/python3.10/site-packages/turtlebot3_teleop-2.1.5-py3.10.egg-info
[2.506s] running install_scripts
[2.506s] Installing teleop_keyboard script to /home/pacman/turtlebot3_ws/install/turtlebot3_teleop/lib/turtlebot3_teleop
[2.506s] writing list of installed files to '/home/pacman/turtlebot3_ws/build/turtlebot3_teleop/install.log'
[2.548s] Invoked command in '/home/pacman/turtlebot3_ws/src/turtlebot3/turtlebot3/turtlebot3_teleop' returned '0': PYTHONPATH=/home/pacman/turtlebot3_ws/build/turtlebot3_teleop/prefix_override:/home/pacman/.local/lib/python3.10/site-packages/colcon_core/task/python/colcon_distutils_commands:/home/pacman/turtlebot3_ws/install/turtlebot3_teleop/lib/python3.10/site-packages:${PYTHONPATH} /usr/bin/python3 -W ignore:setup.py install is deprecated setup.py egg_info --egg-base ../../../../build/turtlebot3_teleop build --build-base /home/pacman/turtlebot3_ws/build/turtlebot3_teleop/build install --record /home/pacman/turtlebot3_ws/build/turtlebot3_teleop/install.log --single-version-externally-managed install_data
