[3.092s] Invoking command in '/home/pacman/turtlebot3_ws/src/scheduler': PYTHONPATH=/home/pacman/turtlebot3_ws/build/scheduler/prefix_override:/home/pacman/.local/lib/python3.10/site-packages/colcon_core/task/python/colcon_distutils_commands:/home/pacman/turtlebot3_ws/install/scheduler/lib/python3.10/site-packages:${PYTHONPATH} /usr/bin/python3 -W ignore:setup.py install is deprecated setup.py egg_info --egg-base ../../build/scheduler build --build-base /home/pacman/turtlebot3_ws/build/scheduler/build install --record /home/pacman/turtlebot3_ws/build/scheduler/install.log --single-version-externally-managed install_data
[3.870s] running egg_info
[3.871s] writing ../../build/scheduler/scheduler.egg-info/PKG-INFO
[3.872s] writing dependency_links to ../../build/scheduler/scheduler.egg-info/dependency_links.txt
[3.872s] writing entry points to ../../build/scheduler/scheduler.egg-info/entry_points.txt
[3.873s] writing requirements to ../../build/scheduler/scheduler.egg-info/requires.txt
[3.873s] writing top-level names to ../../build/scheduler/scheduler.egg-info/top_level.txt
[3.880s] reading manifest file '../../build/scheduler/scheduler.egg-info/SOURCES.txt'
[3.880s] writing manifest file '../../build/scheduler/scheduler.egg-info/SOURCES.txt'
[3.880s] running build
[3.880s] running build_py
[3.880s] running install
[3.880s] running install_lib
[3.880s] running install_data
[3.880s] running install_egg_info
[3.885s] removing '/home/pacman/turtlebot3_ws/install/scheduler/lib/python3.10/site-packages/scheduler-0.0.0-py3.10.egg-info' (and everything under it)
[3.885s] Copying ../../build/scheduler/scheduler.egg-info to /home/pacman/turtlebot3_ws/install/scheduler/lib/python3.10/site-packages/scheduler-0.0.0-py3.10.egg-info
[3.887s] running install_scripts
[3.916s] Installing scheduler_2 script to /home/pacman/turtlebot3_ws/install/scheduler/lib/scheduler
[3.916s] Installing scheduler_3 script to /home/pacman/turtlebot3_ws/install/scheduler/lib/scheduler
[3.916s] Installing sub_scheduler script to /home/pacman/turtlebot3_ws/install/scheduler/lib/scheduler
[3.916s] writing list of installed files to '/home/pacman/turtlebot3_ws/build/scheduler/install.log'
[4.216s] Invoked command in '/home/pacman/turtlebot3_ws/src/scheduler' returned '0': PYTHONPATH=/home/pacman/turtlebot3_ws/build/scheduler/prefix_override:/home/pacman/.local/lib/python3.10/site-packages/colcon_core/task/python/colcon_distutils_commands:/home/pacman/turtlebot3_ws/install/scheduler/lib/python3.10/site-packages:${PYTHONPATH} /usr/bin/python3 -W ignore:setup.py install is deprecated setup.py egg_info --egg-base ../../build/scheduler build --build-base /home/pacman/turtlebot3_ws/build/scheduler/build install --record /home/pacman/turtlebot3_ws/build/scheduler/install.log --single-version-externally-managed install_data
