[0.642s] Invoking command in '/home/pacman/turtlebot3_ws/src/frame_changer': PYTHONPATH=/home/pacman/turtlebot3_ws/build/frame_changer/prefix_override:/home/pacman/.local/lib/python3.10/site-packages/colcon_core/task/python/colcon_distutils_commands:/home/pacman/turtlebot3_ws/install/frame_changer/lib/python3.10/site-packages:${PYTHONPATH} /usr/bin/python3 -W ignore:setup.py install is deprecated setup.py egg_info --egg-base ../../build/frame_changer build --build-base /home/pacman/turtlebot3_ws/build/frame_changer/build install --record /home/pacman/turtlebot3_ws/build/frame_changer/install.log --single-version-externally-managed install_data
[0.782s] running egg_info
[0.782s] writing ../../build/frame_changer/frame_changer.egg-info/PKG-INFO
[0.782s] writing dependency_links to ../../build/frame_changer/frame_changer.egg-info/dependency_links.txt
[0.783s] writing entry points to ../../build/frame_changer/frame_changer.egg-info/entry_points.txt
[0.783s] writing requirements to ../../build/frame_changer/frame_changer.egg-info/requires.txt
[0.783s] writing top-level names to ../../build/frame_changer/frame_changer.egg-info/top_level.txt
[0.784s] reading manifest file '../../build/frame_changer/frame_changer.egg-info/SOURCES.txt'
[0.784s] writing manifest file '../../build/frame_changer/frame_changer.egg-info/SOURCES.txt'
[0.784s] running build
[0.784s] running build_py
[0.784s] copying frame_changer/frame_change.py -> /home/pacman/turtlebot3_ws/build/frame_changer/build/lib/frame_changer
[0.784s] running install
[0.785s] running install_lib
[0.785s] copying /home/pacman/turtlebot3_ws/build/frame_changer/build/lib/frame_changer/frame_change.py -> /home/pacman/turtlebot3_ws/install/frame_changer/lib/python3.10/site-packages/frame_changer
[0.785s] byte-compiling /home/pacman/turtlebot3_ws/install/frame_changer/lib/python3.10/site-packages/frame_changer/frame_change.py to frame_change.cpython-310.pyc
[0.786s] running install_data
[0.786s] running install_egg_info
[0.787s] removing '/home/pacman/turtlebot3_ws/install/frame_changer/lib/python3.10/site-packages/frame_changer-0.0.0-py3.10.egg-info' (and everything under it)
[0.787s] Copying ../../build/frame_changer/frame_changer.egg-info to /home/pacman/turtlebot3_ws/install/frame_changer/lib/python3.10/site-packages/frame_changer-0.0.0-py3.10.egg-info
[0.788s] running install_scripts
[0.801s] Installing frame_changer script to /home/pacman/turtlebot3_ws/install/frame_changer/lib/frame_changer
[0.802s] writing list of installed files to '/home/pacman/turtlebot3_ws/build/frame_changer/install.log'
[0.897s] Invoked command in '/home/pacman/turtlebot3_ws/src/frame_changer' returned '0': PYTHONPATH=/home/pacman/turtlebot3_ws/build/frame_changer/prefix_override:/home/pacman/.local/lib/python3.10/site-packages/colcon_core/task/python/colcon_distutils_commands:/home/pacman/turtlebot3_ws/install/frame_changer/lib/python3.10/site-packages:${PYTHONPATH} /usr/bin/python3 -W ignore:setup.py install is deprecated setup.py egg_info --egg-base ../../build/frame_changer build --build-base /home/pacman/turtlebot3_ws/build/frame_changer/build install --record /home/pacman/turtlebot3_ws/build/frame_changer/install.log --single-version-externally-managed install_data
