[0.173s] Invoking command in '/home/duck_sh/turtlebot3_manipulation-humble-devel/build/turtlebot3_manipulation_navigation2': CMAKE_PREFIX_PATH=${CMAKE_PREFIX_PATH}:/home/duck_sh/ros2_ws/install/my_py_pkg:/opt/ros/humble /usr/bin/cmake --build /home/duck_sh/turtlebot3_manipulation-humble-devel/build/turtlebot3_manipulation_navigation2 -- -j32 -l32
[0.214s] Invoked command in '/home/duck_sh/turtlebot3_manipulation-humble-devel/build/turtlebot3_manipulation_navigation2' returned '0': CMAKE_PREFIX_PATH=${CMAKE_PREFIX_PATH}:/home/duck_sh/ros2_ws/install/my_py_pkg:/opt/ros/humble /usr/bin/cmake --build /home/duck_sh/turtlebot3_manipulation-humble-devel/build/turtlebot3_manipulation_navigation2 -- -j32 -l32
[0.241s] Invoking command in '/home/duck_sh/turtlebot3_manipulation-humble-devel/build/turtlebot3_manipulation_navigation2': CMAKE_PREFIX_PATH=${CMAKE_PREFIX_PATH}:/home/duck_sh/ros2_ws/install/my_py_pkg:/opt/ros/humble /usr/bin/cmake --install /home/duck_sh/turtlebot3_manipulation-humble-devel/build/turtlebot3_manipulation_navigation2
[0.247s] -- Install configuration: ""
[0.248s] -- Up-to-date: /home/duck_sh/turtlebot3_manipulation-humble-devel/install/turtlebot3_manipulation_navigation2/share/turtlebot3_manipulation_navigation2/launch
[0.248s] -- Up-to-date: /home/duck_sh/turtlebot3_manipulation-humble-devel/install/turtlebot3_manipulation_navigation2/share/turtlebot3_manipulation_navigation2/launch/navigation2.launch.py
[0.248s] -- Up-to-date: /home/duck_sh/turtlebot3_manipulation-humble-devel/install/turtlebot3_manipulation_navigation2/share/turtlebot3_manipulation_navigation2/launch/navigation2_use_sim_time.launch.py
[0.248s] -- Up-to-date: /home/duck_sh/turtlebot3_manipulation-humble-devel/install/turtlebot3_manipulation_navigation2/share/turtlebot3_manipulation_navigation2/map
[0.248s] -- Up-to-date: /home/duck_sh/turtlebot3_manipulation-humble-devel/install/turtlebot3_manipulation_navigation2/share/turtlebot3_manipulation_navigation2/map/turtlebot3_world.yaml
[0.249s] -- Up-to-date: /home/duck_sh/turtlebot3_manipulation-humble-devel/install/turtlebot3_manipulation_navigation2/share/turtlebot3_manipulation_navigation2/map/turtlebot3_world.pgm
[0.249s] -- Up-to-date: /home/duck_sh/turtlebot3_manipulation-humble-devel/install/turtlebot3_manipulation_navigation2/share/turtlebot3_manipulation_navigation2/param
[0.249s] -- Up-to-date: /home/duck_sh/turtlebot3_manipulation-humble-devel/install/turtlebot3_manipulation_navigation2/share/turtlebot3_manipulation_navigation2/param/turtlebot3_use_sim_time.yaml
[0.249s] -- Up-to-date: /home/duck_sh/turtlebot3_manipulation-humble-devel/install/turtlebot3_manipulation_navigation2/share/turtlebot3_manipulation_navigation2/param/turtlebot3.yaml
[0.249s] -- Up-to-date: /home/duck_sh/turtlebot3_manipulation-humble-devel/install/turtlebot3_manipulation_navigation2/share/turtlebot3_manipulation_navigation2/rviz
[0.249s] -- Up-to-date: /home/duck_sh/turtlebot3_manipulation-humble-devel/install/turtlebot3_manipulation_navigation2/share/turtlebot3_manipulation_navigation2/rviz/navigation2.rviz
[0.249s] -- Up-to-date: /home/duck_sh/turtlebot3_manipulation-humble-devel/install/turtlebot3_manipulation_navigation2/share/ament_index/resource_index/package_run_dependencies/turtlebot3_manipulation_navigation2
[0.249s] -- Up-to-date: /home/duck_sh/turtlebot3_manipulation-humble-devel/install/turtlebot3_manipulation_navigation2/share/ament_index/resource_index/parent_prefix_path/turtlebot3_manipulation_navigation2
[0.249s] -- Up-to-date: /home/duck_sh/turtlebot3_manipulation-humble-devel/install/turtlebot3_manipulation_navigation2/share/turtlebot3_manipulation_navigation2/environment/ament_prefix_path.sh
[0.249s] -- Up-to-date: /home/duck_sh/turtlebot3_manipulation-humble-devel/install/turtlebot3_manipulation_navigation2/share/turtlebot3_manipulation_navigation2/environment/ament_prefix_path.dsv
[0.249s] -- Up-to-date: /home/duck_sh/turtlebot3_manipulation-humble-devel/install/turtlebot3_manipulation_navigation2/share/turtlebot3_manipulation_navigation2/environment/path.sh
[0.249s] -- Up-to-date: /home/duck_sh/turtlebot3_manipulation-humble-devel/install/turtlebot3_manipulation_navigation2/share/turtlebot3_manipulation_navigation2/environment/path.dsv
[0.249s] -- Up-to-date: /home/duck_sh/turtlebot3_manipulation-humble-devel/install/turtlebot3_manipulation_navigation2/share/turtlebot3_manipulation_navigation2/local_setup.bash
[0.249s] -- Up-to-date: /home/duck_sh/turtlebot3_manipulation-humble-devel/install/turtlebot3_manipulation_navigation2/share/turtlebot3_manipulation_navigation2/local_setup.sh
[0.249s] -- Up-to-date: /home/duck_sh/turtlebot3_manipulation-humble-devel/install/turtlebot3_manipulation_navigation2/share/turtlebot3_manipulation_navigation2/local_setup.zsh
[0.249s] -- Up-to-date: /home/duck_sh/turtlebot3_manipulation-humble-devel/install/turtlebot3_manipulation_navigation2/share/turtlebot3_manipulation_navigation2/local_setup.dsv
[0.249s] -- Installing: /home/duck_sh/turtlebot3_manipulation-humble-devel/install/turtlebot3_manipulation_navigation2/share/turtlebot3_manipulation_navigation2/package.dsv
[0.249s] -- Up-to-date: /home/duck_sh/turtlebot3_manipulation-humble-devel/install/turtlebot3_manipulation_navigation2/share/ament_index/resource_index/packages/turtlebot3_manipulation_navigation2
[0.249s] -- Up-to-date: /home/duck_sh/turtlebot3_manipulation-humble-devel/install/turtlebot3_manipulation_navigation2/share/turtlebot3_manipulation_navigation2/cmake/turtlebot3_manipulation_navigation2Config.cmake
[0.249s] -- Up-to-date: /home/duck_sh/turtlebot3_manipulation-humble-devel/install/turtlebot3_manipulation_navigation2/share/turtlebot3_manipulation_navigation2/cmake/turtlebot3_manipulation_navigation2Config-version.cmake
[0.249s] -- Up-to-date: /home/duck_sh/turtlebot3_manipulation-humble-devel/install/turtlebot3_manipulation_navigation2/share/turtlebot3_manipulation_navigation2/package.xml
[0.274s] Invoked command in '/home/duck_sh/turtlebot3_manipulation-humble-devel/build/turtlebot3_manipulation_navigation2' returned '0': CMAKE_PREFIX_PATH=${CMAKE_PREFIX_PATH}:/home/duck_sh/ros2_ws/install/my_py_pkg:/opt/ros/humble /usr/bin/cmake --install /home/duck_sh/turtlebot3_manipulation-humble-devel/build/turtlebot3_manipulation_navigation2
