[1.836s] Invoking command in '/home/pacman/turtlebot3_ws/src/interpreter': PYTHONPATH=/home/pacman/turtlebot3_ws/build/interpreter/prefix_override:/home/pacman/.local/lib/python3.10/site-packages/colcon_core/task/python/colcon_distutils_commands:/home/pacman/turtlebot3_ws/install/interpreter/lib/python3.10/site-packages:${PYTHONPATH} /usr/bin/python3 -W ignore:setup.py install is deprecated setup.py egg_info --egg-base ../../build/interpreter build --build-base /home/pacman/turtlebot3_ws/build/interpreter/build install --record /home/pacman/turtlebot3_ws/build/interpreter/install.log --single-version-externally-managed install_data
[2.134s] running egg_info
[2.135s] writing ../../build/interpreter/interpreter.egg-info/PKG-INFO
[2.137s] writing dependency_links to ../../build/interpreter/interpreter.egg-info/dependency_links.txt
[2.137s] writing entry points to ../../build/interpreter/interpreter.egg-info/entry_points.txt
[2.137s] writing requirements to ../../build/interpreter/interpreter.egg-info/requires.txt
[2.138s] writing top-level names to ../../build/interpreter/interpreter.egg-info/top_level.txt
[2.138s] reading manifest file '../../build/interpreter/interpreter.egg-info/SOURCES.txt'
[2.139s] writing manifest file '../../build/interpreter/interpreter.egg-info/SOURCES.txt'
[2.139s] running build
[2.139s] running build_py
[2.139s] running install
[2.139s] running install_lib
[2.141s] running install_data
[2.141s] running install_egg_info
[2.144s] removing '/home/pacman/turtlebot3_ws/install/interpreter/lib/python3.10/site-packages/interpreter-0.0.0-py3.10.egg-info' (and everything under it)
[2.145s] Copying ../../build/interpreter/interpreter.egg-info to /home/pacman/turtlebot3_ws/install/interpreter/lib/python3.10/site-packages/interpreter-0.0.0-py3.10.egg-info
[2.146s] running install_scripts
[2.180s] Installing interpreter script to /home/pacman/turtlebot3_ws/install/interpreter/lib/interpreter
[2.183s] writing list of installed files to '/home/pacman/turtlebot3_ws/build/interpreter/install.log'
[2.218s] Invoked command in '/home/pacman/turtlebot3_ws/src/interpreter' returned '0': PYTHONPATH=/home/pacman/turtlebot3_ws/build/interpreter/prefix_override:/home/pacman/.local/lib/python3.10/site-packages/colcon_core/task/python/colcon_distutils_commands:/home/pacman/turtlebot3_ws/install/interpreter/lib/python3.10/site-packages:${PYTHONPATH} /usr/bin/python3 -W ignore:setup.py install is deprecated setup.py egg_info --egg-base ../../build/interpreter build --build-base /home/pacman/turtlebot3_ws/build/interpreter/build install --record /home/pacman/turtlebot3_ws/build/interpreter/install.log --single-version-externally-managed install_data
