[0.023s] Invoking command in '/home/pacman/tortoisebot_rb/build/tortoisebot_navigation': CMAKE_PREFIX_PATH=${CMAKE_PREFIX_PATH}:/home/pacman/tortoisebot_rb/install/turtlebot3_teleop:/home/pacman/tortoisebot_rb/install/tortoisebot_slam:/home/pacman/tortoisebot_rb/install/tortoisebot_navigation:/home/pacman/tortoisebot_rb/install/tortoisebot_imu:/home/pacman/tortoisebot_rb/install/tortoisebot_control:/opt/ros/humble /usr/bin/cmake /home/pacman/tortoisebot_rb/tortoisebot/tortoisebot_navigation -DCMAKE_INSTALL_PREFIX=/home/pacman/tortoisebot_rb/install/tortoisebot_navigation
[0.156s] -- The C compiler identification is GNU 11.4.0
[0.158s] -- The CXX compiler identification is GNU 11.4.0
[0.166s] -- Detecting C compiler ABI info
[0.237s] -- Detecting C compiler ABI info - done
[0.242s] -- Check for working C compiler: /usr/bin/cc - skipped
[0.242s] -- Detecting C compile features
[0.242s] -- Detecting C compile features - done
[0.245s] -- Detecting CXX compiler ABI info
[0.319s] -- Detecting CXX compiler ABI info - done
[0.328s] -- Check for working CXX compiler: /usr/bin/c++ - skipped
[0.328s] -- Detecting CXX compile features
[0.330s] -- Detecting CXX compile features - done
[0.331s] -- Found ament_cmake: 1.3.10 (/opt/ros/humble/share/ament_cmake/cmake)
[0.482s] -- Found Python3: /usr/bin/python3 (found version "3.10.12") found components: Interpreter 
[0.571s] -- Found ament_lint_auto: 0.12.11 (/opt/ros/humble/share/ament_lint_auto/cmake)
[0.645s] -- Added test 'copyright' to check source files copyright and LICENSE
[0.647s] -- Added test 'flake8' to check Python code syntax and style conventions
[0.648s] -- Added test 'lint_cmake' to check CMake code style
[0.648s] -- Added test 'pep257' to check Python code against some of the docstring style conventions in PEP 257
[0.648s] -- Added test 'xmllint' to check XML markup files
[0.649s] -- Configuring done
[0.650s] -- Generating done
[0.652s] -- Build files have been written to: /home/pacman/tortoisebot_rb/build/tortoisebot_navigation
[0.668s] Invoked command in '/home/pacman/tortoisebot_rb/build/tortoisebot_navigation' returned '0': CMAKE_PREFIX_PATH=${CMAKE_PREFIX_PATH}:/home/pacman/tortoisebot_rb/install/turtlebot3_teleop:/home/pacman/tortoisebot_rb/install/tortoisebot_slam:/home/pacman/tortoisebot_rb/install/tortoisebot_navigation:/home/pacman/tortoisebot_rb/install/tortoisebot_imu:/home/pacman/tortoisebot_rb/install/tortoisebot_control:/opt/ros/humble /usr/bin/cmake /home/pacman/tortoisebot_rb/tortoisebot/tortoisebot_navigation -DCMAKE_INSTALL_PREFIX=/home/pacman/tortoisebot_rb/install/tortoisebot_navigation
[0.670s] Invoking command in '/home/pacman/tortoisebot_rb/build/tortoisebot_navigation': CMAKE_PREFIX_PATH=${CMAKE_PREFIX_PATH}:/home/pacman/tortoisebot_rb/install/turtlebot3_teleop:/home/pacman/tortoisebot_rb/install/tortoisebot_slam:/home/pacman/tortoisebot_rb/install/tortoisebot_navigation:/home/pacman/tortoisebot_rb/install/tortoisebot_imu:/home/pacman/tortoisebot_rb/install/tortoisebot_control:/opt/ros/humble /usr/bin/cmake --build /home/pacman/tortoisebot_rb/build/tortoisebot_navigation -- -j12 -l12
[0.705s] Invoked command in '/home/pacman/tortoisebot_rb/build/tortoisebot_navigation' returned '0': CMAKE_PREFIX_PATH=${CMAKE_PREFIX_PATH}:/home/pacman/tortoisebot_rb/install/turtlebot3_teleop:/home/pacman/tortoisebot_rb/install/tortoisebot_slam:/home/pacman/tortoisebot_rb/install/tortoisebot_navigation:/home/pacman/tortoisebot_rb/install/tortoisebot_imu:/home/pacman/tortoisebot_rb/install/tortoisebot_control:/opt/ros/humble /usr/bin/cmake --build /home/pacman/tortoisebot_rb/build/tortoisebot_navigation -- -j12 -l12
[0.724s] Invoking command in '/home/pacman/tortoisebot_rb/build/tortoisebot_navigation': CMAKE_PREFIX_PATH=${CMAKE_PREFIX_PATH}:/home/pacman/tortoisebot_rb/install/turtlebot3_teleop:/home/pacman/tortoisebot_rb/install/tortoisebot_slam:/home/pacman/tortoisebot_rb/install/tortoisebot_navigation:/home/pacman/tortoisebot_rb/install/tortoisebot_imu:/home/pacman/tortoisebot_rb/install/tortoisebot_control:/opt/ros/humble /usr/bin/cmake --install /home/pacman/tortoisebot_rb/build/tortoisebot_navigation
[0.731s] -- Install configuration: ""
[0.731s] -- Installing: /home/pacman/tortoisebot_rb/install/tortoisebot_navigation/share/tortoisebot_navigation/launch
[0.731s] -- Installing: /home/pacman/tortoisebot_rb/install/tortoisebot_navigation/share/tortoisebot_navigation/launch/navigation.launch.py
[0.731s] -- Installing: /home/pacman/tortoisebot_rb/install/tortoisebot_navigation/share/tortoisebot_navigation/config
[0.731s] -- Installing: /home/pacman/tortoisebot_rb/install/tortoisebot_navigation/share/tortoisebot_navigation/config/nav2_params_simulation.yaml
[0.731s] -- Installing: /home/pacman/tortoisebot_rb/install/tortoisebot_navigation/share/tortoisebot_navigation/config/nav2_params_robot.yaml
[0.731s] -- Installing: /home/pacman/tortoisebot_rb/install/tortoisebot_navigation/share/ament_index/resource_index/package_run_dependencies/tortoisebot_navigation
[0.732s] -- Installing: /home/pacman/tortoisebot_rb/install/tortoisebot_navigation/share/ament_index/resource_index/parent_prefix_path/tortoisebot_navigation
[0.732s] -- Installing: /home/pacman/tortoisebot_rb/install/tortoisebot_navigation/share/tortoisebot_navigation/environment/ament_prefix_path.sh
[0.732s] -- Installing: /home/pacman/tortoisebot_rb/install/tortoisebot_navigation/share/tortoisebot_navigation/environment/ament_prefix_path.dsv
[0.732s] -- Installing: /home/pacman/tortoisebot_rb/install/tortoisebot_navigation/share/tortoisebot_navigation/environment/path.sh
[0.732s] -- Installing: /home/pacman/tortoisebot_rb/install/tortoisebot_navigation/share/tortoisebot_navigation/environment/path.dsv
[0.732s] -- Installing: /home/pacman/tortoisebot_rb/install/tortoisebot_navigation/share/tortoisebot_navigation/local_setup.bash
[0.732s] -- Installing: /home/pacman/tortoisebot_rb/install/tortoisebot_navigation/share/tortoisebot_navigation/local_setup.sh
[0.732s] -- Installing: /home/pacman/tortoisebot_rb/install/tortoisebot_navigation/share/tortoisebot_navigation/local_setup.zsh
[0.732s] -- Installing: /home/pacman/tortoisebot_rb/install/tortoisebot_navigation/share/tortoisebot_navigation/local_setup.dsv
[0.732s] -- Installing: /home/pacman/tortoisebot_rb/install/tortoisebot_navigation/share/tortoisebot_navigation/package.dsv
[0.732s] -- Installing: /home/pacman/tortoisebot_rb/install/tortoisebot_navigation/share/ament_index/resource_index/packages/tortoisebot_navigation
[0.732s] -- Installing: /home/pacman/tortoisebot_rb/install/tortoisebot_navigation/share/tortoisebot_navigation/cmake/tortoisebot_navigationConfig.cmake
[0.732s] -- Installing: /home/pacman/tortoisebot_rb/install/tortoisebot_navigation/share/tortoisebot_navigation/cmake/tortoisebot_navigationConfig-version.cmake
[0.732s] -- Installing: /home/pacman/tortoisebot_rb/install/tortoisebot_navigation/share/tortoisebot_navigation/package.xml
[0.745s] Invoked command in '/home/pacman/tortoisebot_rb/build/tortoisebot_navigation' returned '0': CMAKE_PREFIX_PATH=${CMAKE_PREFIX_PATH}:/home/pacman/tortoisebot_rb/install/turtlebot3_teleop:/home/pacman/tortoisebot_rb/install/tortoisebot_slam:/home/pacman/tortoisebot_rb/install/tortoisebot_navigation:/home/pacman/tortoisebot_rb/install/tortoisebot_imu:/home/pacman/tortoisebot_rb/install/tortoisebot_control:/opt/ros/humble /usr/bin/cmake --install /home/pacman/tortoisebot_rb/build/tortoisebot_navigation
