[0.223s] Invoking command in '/home/pacman/tortoisebot_rb/build/tortoisebot_bringup': CMAKE_PREFIX_PATH=${CMAKE_PREFIX_PATH}:/home/pacman/tortoisebot_rb/install/turtlebot3_teleop:/home/pacman/tortoisebot_rb/install/tortoisebot_slam:/home/pacman/tortoisebot_rb/install/tortoisebot_navigation:/home/pacman/tortoisebot_rb/install/tortoisebot_imu:/home/pacman/tortoisebot_rb/install/tortoisebot_control:/opt/ros/humble /usr/bin/cmake /home/pacman/tortoisebot_rb/tortoisebot/tortoisebot_bringup -DCMAKE_INSTALL_PREFIX=/home/pacman/tortoisebot_rb/install/tortoisebot_bringup
[0.515s] -- The C compiler identification is GNU 11.4.0
[0.515s] -- The CXX compiler identification is GNU 11.4.0
[0.515s] -- Detecting C compiler ABI info
[0.515s] -- Detecting C compiler ABI info - done
[0.515s] -- Check for working C compiler: /usr/bin/cc - skipped
[0.515s] -- Detecting C compile features
[0.516s] -- Detecting C compile features - done
[0.516s] -- Detecting CXX compiler ABI info
[0.516s] -- Detecting CXX compiler ABI info - done
[0.516s] -- Check for working CXX compiler: /usr/bin/c++ - skipped
[0.516s] -- Detecting CXX compile features
[0.516s] -- Detecting CXX compile features - done
[0.516s] -- Found ament_cmake: 1.3.10 (/opt/ros/humble/share/ament_cmake/cmake)
[0.630s] -- Found Python3: /usr/bin/python3 (found version "3.10.12") found components: Interpreter 
[0.720s] -- Found ament_lint_auto: 0.12.11 (/opt/ros/humble/share/ament_lint_auto/cmake)
[0.848s] -- Added test 'copyright' to check source files copyright and LICENSE
[0.848s] -- Added test 'flake8' to check Python code syntax and style conventions
[0.849s] -- Added test 'lint_cmake' to check CMake code style
[0.850s] -- Added test 'pep257' to check Python code against some of the docstring style conventions in PEP 257
[0.851s] -- Added test 'xmllint' to check XML markup files
[0.854s] -- Configuring done
[0.855s] -- Generating done
[0.856s] -- Build files have been written to: /home/pacman/tortoisebot_rb/build/tortoisebot_bringup
[0.866s] Invoked command in '/home/pacman/tortoisebot_rb/build/tortoisebot_bringup' returned '0': CMAKE_PREFIX_PATH=${CMAKE_PREFIX_PATH}:/home/pacman/tortoisebot_rb/install/turtlebot3_teleop:/home/pacman/tortoisebot_rb/install/tortoisebot_slam:/home/pacman/tortoisebot_rb/install/tortoisebot_navigation:/home/pacman/tortoisebot_rb/install/tortoisebot_imu:/home/pacman/tortoisebot_rb/install/tortoisebot_control:/opt/ros/humble /usr/bin/cmake /home/pacman/tortoisebot_rb/tortoisebot/tortoisebot_bringup -DCMAKE_INSTALL_PREFIX=/home/pacman/tortoisebot_rb/install/tortoisebot_bringup
[0.869s] Invoking command in '/home/pacman/tortoisebot_rb/build/tortoisebot_bringup': CMAKE_PREFIX_PATH=${CMAKE_PREFIX_PATH}:/home/pacman/tortoisebot_rb/install/turtlebot3_teleop:/home/pacman/tortoisebot_rb/install/tortoisebot_slam:/home/pacman/tortoisebot_rb/install/tortoisebot_navigation:/home/pacman/tortoisebot_rb/install/tortoisebot_imu:/home/pacman/tortoisebot_rb/install/tortoisebot_control:/opt/ros/humble /usr/bin/cmake --build /home/pacman/tortoisebot_rb/build/tortoisebot_bringup -- -j12 -l12
[1.158s] Invoked command in '/home/pacman/tortoisebot_rb/build/tortoisebot_bringup' returned '0': CMAKE_PREFIX_PATH=${CMAKE_PREFIX_PATH}:/home/pacman/tortoisebot_rb/install/turtlebot3_teleop:/home/pacman/tortoisebot_rb/install/tortoisebot_slam:/home/pacman/tortoisebot_rb/install/tortoisebot_navigation:/home/pacman/tortoisebot_rb/install/tortoisebot_imu:/home/pacman/tortoisebot_rb/install/tortoisebot_control:/opt/ros/humble /usr/bin/cmake --build /home/pacman/tortoisebot_rb/build/tortoisebot_bringup -- -j12 -l12
[1.179s] Invoking command in '/home/pacman/tortoisebot_rb/build/tortoisebot_bringup': CMAKE_PREFIX_PATH=${CMAKE_PREFIX_PATH}:/home/pacman/tortoisebot_rb/install/turtlebot3_teleop:/home/pacman/tortoisebot_rb/install/tortoisebot_slam:/home/pacman/tortoisebot_rb/install/tortoisebot_navigation:/home/pacman/tortoisebot_rb/install/tortoisebot_imu:/home/pacman/tortoisebot_rb/install/tortoisebot_control:/opt/ros/humble /usr/bin/cmake --install /home/pacman/tortoisebot_rb/build/tortoisebot_bringup
[1.299s] -- Install configuration: ""
[1.300s] -- Installing: /home/pacman/tortoisebot_rb/install/tortoisebot_bringup/share/tortoisebot_bringup/launch
[1.300s] -- Installing: /home/pacman/tortoisebot_rb/install/tortoisebot_bringup/share/tortoisebot_bringup/launch/autobringup.launch.py
[1.300s] -- Installing: /home/pacman/tortoisebot_rb/install/tortoisebot_bringup/share/tortoisebot_bringup/launch/bringup.launch.py
[1.300s] -- Installing: /home/pacman/tortoisebot_rb/install/tortoisebot_bringup/share/tortoisebot_bringup/maps
[1.300s] -- Installing: /home/pacman/tortoisebot_rb/install/tortoisebot_bringup/share/tortoisebot_bringup/maps/room2.yaml
[1.300s] -- Installing: /home/pacman/tortoisebot_rb/install/tortoisebot_bringup/share/tortoisebot_bringup/maps/room2.pgm
[1.300s] -- Installing: /home/pacman/tortoisebot_rb/install/tortoisebot_bringup/share/ament_index/resource_index/package_run_dependencies/tortoisebot_bringup
[1.300s] -- Installing: /home/pacman/tortoisebot_rb/install/tortoisebot_bringup/share/ament_index/resource_index/parent_prefix_path/tortoisebot_bringup
[1.300s] -- Installing: /home/pacman/tortoisebot_rb/install/tortoisebot_bringup/share/tortoisebot_bringup/environment/ament_prefix_path.sh
[1.300s] -- Installing: /home/pacman/tortoisebot_rb/install/tortoisebot_bringup/share/tortoisebot_bringup/environment/ament_prefix_path.dsv
[1.300s] -- Installing: /home/pacman/tortoisebot_rb/install/tortoisebot_bringup/share/tortoisebot_bringup/environment/path.sh
[1.300s] -- Installing: /home/pacman/tortoisebot_rb/install/tortoisebot_bringup/share/tortoisebot_bringup/environment/path.dsv
[1.300s] -- Installing: /home/pacman/tortoisebot_rb/install/tortoisebot_bringup/share/tortoisebot_bringup/local_setup.bash
[1.301s] -- Installing: /home/pacman/tortoisebot_rb/install/tortoisebot_bringup/share/tortoisebot_bringup/local_setup.sh
[1.301s] -- Installing: /home/pacman/tortoisebot_rb/install/tortoisebot_bringup/share/tortoisebot_bringup/local_setup.zsh
[1.301s] -- Installing: /home/pacman/tortoisebot_rb/install/tortoisebot_bringup/share/tortoisebot_bringup/local_setup.dsv
[1.301s] -- Installing: /home/pacman/tortoisebot_rb/install/tortoisebot_bringup/share/tortoisebot_bringup/package.dsv
[1.301s] -- Installing: /home/pacman/tortoisebot_rb/install/tortoisebot_bringup/share/ament_index/resource_index/packages/tortoisebot_bringup
[1.301s] -- Installing: /home/pacman/tortoisebot_rb/install/tortoisebot_bringup/share/tortoisebot_bringup/cmake/tortoisebot_bringupConfig.cmake
[1.301s] -- Installing: /home/pacman/tortoisebot_rb/install/tortoisebot_bringup/share/tortoisebot_bringup/cmake/tortoisebot_bringupConfig-version.cmake
[1.301s] -- Installing: /home/pacman/tortoisebot_rb/install/tortoisebot_bringup/share/tortoisebot_bringup/package.xml
[1.313s] Invoked command in '/home/pacman/tortoisebot_rb/build/tortoisebot_bringup' returned '0': CMAKE_PREFIX_PATH=${CMAKE_PREFIX_PATH}:/home/pacman/tortoisebot_rb/install/turtlebot3_teleop:/home/pacman/tortoisebot_rb/install/tortoisebot_slam:/home/pacman/tortoisebot_rb/install/tortoisebot_navigation:/home/pacman/tortoisebot_rb/install/tortoisebot_imu:/home/pacman/tortoisebot_rb/install/tortoisebot_control:/opt/ros/humble /usr/bin/cmake --install /home/pacman/tortoisebot_rb/build/tortoisebot_bringup
