[0.148s] Invoking command in '/home/pacman/turtlebot3_ws/build/turtlebot3_cartographer': CMAKE_PREFIX_PATH=${CMAKE_PREFIX_PATH}:/home/pacman/turtlebot3_ws/install/turtlebot3_teleop:/home/pacman/turtlebot3_ws/install/turtlebot3_example:/home/pacman/turtlebot3_ws/install/semantic_mapper:/home/pacman/turtlebot3_ws/install/scheduler:/home/pacman/turtlebot3_ws/install/interpreter:/home/pacman/turtlebot3_ws/install/frame_changer:/home/pacman/turtlebot3_ws/install/dbms:/opt/ros/humble /usr/bin/cmake --build /home/pacman/turtlebot3_ws/build/turtlebot3_cartographer -- -j12 -l12
[0.944s] Invoked command in '/home/pacman/turtlebot3_ws/build/turtlebot3_cartographer' returned '0': CMAKE_PREFIX_PATH=${CMAKE_PREFIX_PATH}:/home/pacman/turtlebot3_ws/install/turtlebot3_teleop:/home/pacman/turtlebot3_ws/install/turtlebot3_example:/home/pacman/turtlebot3_ws/install/semantic_mapper:/home/pacman/turtlebot3_ws/install/scheduler:/home/pacman/turtlebot3_ws/install/interpreter:/home/pacman/turtlebot3_ws/install/frame_changer:/home/pacman/turtlebot3_ws/install/dbms:/opt/ros/humble /usr/bin/cmake --build /home/pacman/turtlebot3_ws/build/turtlebot3_cartographer -- -j12 -l12
[1.094s] Invoking command in '/home/pacman/turtlebot3_ws/build/turtlebot3_cartographer': CMAKE_PREFIX_PATH=${CMAKE_PREFIX_PATH}:/home/pacman/turtlebot3_ws/install/turtlebot3_teleop:/home/pacman/turtlebot3_ws/install/turtlebot3_example:/home/pacman/turtlebot3_ws/install/semantic_mapper:/home/pacman/turtlebot3_ws/install/scheduler:/home/pacman/turtlebot3_ws/install/interpreter:/home/pacman/turtlebot3_ws/install/frame_changer:/home/pacman/turtlebot3_ws/install/dbms:/opt/ros/humble /usr/bin/cmake --install /home/pacman/turtlebot3_ws/build/turtlebot3_cartographer
[1.126s] -- Install configuration: ""
[1.126s] -- Up-to-date: /home/pacman/turtlebot3_ws/install/turtlebot3_cartographer/share/turtlebot3_cartographer/config
[1.126s] -- Up-to-date: /home/pacman/turtlebot3_ws/install/turtlebot3_cartographer/share/turtlebot3_cartographer/config/turtlebot3_lds_2d.lua
[1.126s] -- Up-to-date: /home/pacman/turtlebot3_ws/install/turtlebot3_cartographer/share/turtlebot3_cartographer/launch
[1.126s] -- Up-to-date: /home/pacman/turtlebot3_ws/install/turtlebot3_cartographer/share/turtlebot3_cartographer/launch/cartographer.launch.py
[1.126s] -- Up-to-date: /home/pacman/turtlebot3_ws/install/turtlebot3_cartographer/share/turtlebot3_cartographer/launch/occupancy_grid.launch.py
[1.126s] -- Up-to-date: /home/pacman/turtlebot3_ws/install/turtlebot3_cartographer/share/turtlebot3_cartographer/rviz
[1.126s] -- Up-to-date: /home/pacman/turtlebot3_ws/install/turtlebot3_cartographer/share/turtlebot3_cartographer/rviz/tb3_cartographer.rviz
[1.126s] -- Up-to-date: /home/pacman/turtlebot3_ws/install/turtlebot3_cartographer/share/ament_index/resource_index/package_run_dependencies/turtlebot3_cartographer
[1.126s] -- Up-to-date: /home/pacman/turtlebot3_ws/install/turtlebot3_cartographer/share/ament_index/resource_index/parent_prefix_path/turtlebot3_cartographer
[1.126s] -- Up-to-date: /home/pacman/turtlebot3_ws/install/turtlebot3_cartographer/share/turtlebot3_cartographer/environment/ament_prefix_path.sh
[1.126s] -- Up-to-date: /home/pacman/turtlebot3_ws/install/turtlebot3_cartographer/share/turtlebot3_cartographer/environment/ament_prefix_path.dsv
[1.127s] -- Up-to-date: /home/pacman/turtlebot3_ws/install/turtlebot3_cartographer/share/turtlebot3_cartographer/environment/path.sh
[1.127s] -- Up-to-date: /home/pacman/turtlebot3_ws/install/turtlebot3_cartographer/share/turtlebot3_cartographer/environment/path.dsv
[1.127s] -- Up-to-date: /home/pacman/turtlebot3_ws/install/turtlebot3_cartographer/share/turtlebot3_cartographer/local_setup.bash
[1.129s] -- Up-to-date: /home/pacman/turtlebot3_ws/install/turtlebot3_cartographer/share/turtlebot3_cartographer/local_setup.sh
[1.129s] -- Up-to-date: /home/pacman/turtlebot3_ws/install/turtlebot3_cartographer/share/turtlebot3_cartographer/local_setup.zsh
[1.129s] -- Up-to-date: /home/pacman/turtlebot3_ws/install/turtlebot3_cartographer/share/turtlebot3_cartographer/local_setup.dsv
[1.129s] -- Installing: /home/pacman/turtlebot3_ws/install/turtlebot3_cartographer/share/turtlebot3_cartographer/package.dsv
[1.130s] -- Up-to-date: /home/pacman/turtlebot3_ws/install/turtlebot3_cartographer/share/ament_index/resource_index/packages/turtlebot3_cartographer
[1.130s] -- Up-to-date: /home/pacman/turtlebot3_ws/install/turtlebot3_cartographer/share/turtlebot3_cartographer/cmake/turtlebot3_cartographerConfig.cmake
[1.130s] -- Up-to-date: /home/pacman/turtlebot3_ws/install/turtlebot3_cartographer/share/turtlebot3_cartographer/cmake/turtlebot3_cartographerConfig-version.cmake
[1.130s] -- Up-to-date: /home/pacman/turtlebot3_ws/install/turtlebot3_cartographer/share/turtlebot3_cartographer/package.xml
[1.190s] Invoked command in '/home/pacman/turtlebot3_ws/build/turtlebot3_cartographer' returned '0': CMAKE_PREFIX_PATH=${CMAKE_PREFIX_PATH}:/home/pacman/turtlebot3_ws/install/turtlebot3_teleop:/home/pacman/turtlebot3_ws/install/turtlebot3_example:/home/pacman/turtlebot3_ws/install/semantic_mapper:/home/pacman/turtlebot3_ws/install/scheduler:/home/pacman/turtlebot3_ws/install/interpreter:/home/pacman/turtlebot3_ws/install/frame_changer:/home/pacman/turtlebot3_ws/install/dbms:/opt/ros/humble /usr/bin/cmake --install /home/pacman/turtlebot3_ws/build/turtlebot3_cartographer
