/home/pacman/turtlebot3_ws/install/scheduler/lib/python3.10/site-packages/scheduler/sub_scheduler.py
/home/pacman/turtlebot3_ws/install/scheduler/lib/python3.10/site-packages/scheduler/scheduler_3.py
/home/pacman/turtlebot3_ws/install/scheduler/lib/python3.10/site-packages/scheduler/scheduler_2.py
/home/pacman/turtlebot3_ws/install/scheduler/lib/python3.10/site-packages/scheduler/scheduler_1.py
/home/pacman/turtlebot3_ws/install/scheduler/lib/python3.10/site-packages/scheduler/scheduler_launch.py
/home/pacman/turtlebot3_ws/install/scheduler/lib/python3.10/site-packages/scheduler/__init__.py
/home/pacman/turtlebot3_ws/install/scheduler/lib/python3.10/site-packages/scheduler/__pycache__/sub_scheduler.cpython-310.pyc
/home/pacman/turtlebot3_ws/install/scheduler/lib/python3.10/site-packages/scheduler/__pycache__/scheduler_3.cpython-310.pyc
/home/pacman/turtlebot3_ws/install/scheduler/lib/python3.10/site-packages/scheduler/__pycache__/scheduler_2.cpython-310.pyc
/home/pacman/turtlebot3_ws/install/scheduler/lib/python3.10/site-packages/scheduler/__pycache__/scheduler_1.cpython-310.pyc
/home/pacman/turtlebot3_ws/install/scheduler/lib/python3.10/site-packages/scheduler/__pycache__/scheduler_launch.cpython-310.pyc
/home/pacman/turtlebot3_ws/install/scheduler/lib/python3.10/site-packages/scheduler/__pycache__/__init__.cpython-310.pyc
/home/pacman/turtlebot3_ws/install/scheduler/share/ament_index/resource_index/packages/scheduler
/home/pacman/turtlebot3_ws/install/scheduler/share/scheduler/package.xml
/home/pacman/turtlebot3_ws/install/scheduler/share/scheduler/launch/scheduler_launch.py
/home/pacman/turtlebot3_ws/install/scheduler/lib/python3.10/site-packages/scheduler-0.0.0-py3.10.egg-info/PKG-INFO
/home/pacman/turtlebot3_ws/install/scheduler/lib/python3.10/site-packages/scheduler-0.0.0-py3.10.egg-info/top_level.txt
/home/pacman/turtlebot3_ws/install/scheduler/lib/python3.10/site-packages/scheduler-0.0.0-py3.10.egg-info/dependency_links.txt
/home/pacman/turtlebot3_ws/install/scheduler/lib/python3.10/site-packages/scheduler-0.0.0-py3.10.egg-info/requires.txt
/home/pacman/turtlebot3_ws/install/scheduler/lib/python3.10/site-packages/scheduler-0.0.0-py3.10.egg-info/SOURCES.txt
/home/pacman/turtlebot3_ws/install/scheduler/lib/python3.10/site-packages/scheduler-0.0.0-py3.10.egg-info/entry_points.txt
/home/pacman/turtlebot3_ws/install/scheduler/lib/python3.10/site-packages/scheduler-0.0.0-py3.10.egg-info/zip-safe
/home/pacman/turtlebot3_ws/install/scheduler/lib/scheduler/scheduler_2
/home/pacman/turtlebot3_ws/install/scheduler/lib/scheduler/scheduler_3
/home/pacman/turtlebot3_ws/install/scheduler/lib/scheduler/sub_scheduler
