-- The C compiler identification is GNU 11.4.0
-- The CXX compiler identification is GNU 11.4.0
-- Detecting C compiler ABI info
-- Detecting C compiler ABI info - done
-- Check for working C compiler: /usr/bin/cc - skipped
-- Detecting C compile features
-- Detecting C compile features - done
-- Detecting CXX compiler ABI info
-- Detecting CXX compiler ABI info - done
-- Check for working CXX compiler: /usr/bin/c++ - skipped
-- Detecting CXX compile features
-- Detecting CXX compile features - done
-- BuilD for ROS2: humble
-- Found ament_cmake: 1.3.10 (/opt/ros/humble/share/ament_cmake/cmake)
-- Found Python3: /usr/bin/python3 (found version "3.10.12") found components: Interpreter 
-- Found rclcpp: 16.0.10 (/opt/ros/humble/share/rclcpp/cmake)
-- Found rosidl_generator_c: 3.1.5 (/opt/ros/humble/share/rosidl_generator_c/cmake)
-- Found rosidl_adapter: 3.1.5 (/opt/ros/humble/share/rosidl_adapter/cmake)
-- Found rosidl_generator_cpp: 3.1.5 (/opt/ros/humble/share/rosidl_generator_cpp/cmake)
-- Using all available rosidl_typesupport_c: rosidl_typesupport_fastrtps_c;rosidl_typesupport_introspection_c
-- Using all available rosidl_typesupport_cpp: rosidl_typesupport_fastrtps_cpp;rosidl_typesupport_introspection_cpp
-- Found rmw_implementation_cmake: 6.1.2 (/opt/ros/humble/share/rmw_implementation_cmake/cmake)
-- Found rmw_fastrtps_cpp: 6.2.7 (/opt/ros/humble/share/rmw_fastrtps_cpp/cmake)
-- Found OpenSSL: /usr/lib/x86_64-linux-gnu/libcrypto.so (found version "3.0.2")  
-- Found FastRTPS: /opt/ros/humble/include  
-- Using RMW implementation 'rmw_fastrtps_cpp' as default
-- Looking for pthread.h
-- Looking for pthread.h - found
-- Performing Test CMAKE_HAVE_LIBC_PTHREAD
-- Performing Test CMAKE_HAVE_LIBC_PTHREAD - Success
-- Found Threads: TRUE  
-- Found sensor_msgs: 4.2.4 (/opt/ros/humble/share/sensor_msgs/cmake)
-- Found tf2_ros: 0.25.8 (/opt/ros/humble/share/tf2_ros/cmake)
-- Found tf2_geometry_msgs: 0.25.8 (/opt/ros/humble/share/tf2_geometry_msgs/cmake)
-- Found eigen3_cmake_module: 0.1.1 (/opt/ros/humble/share/eigen3_cmake_module/cmake)
-- Found Eigen3: TRUE (found version "3.4.0") 
-- Ensuring Eigen3 include directory is part of orocos-kdl CMake target
-- Found nav2_msgs: 1.1.16 (/opt/ros/humble/share/nav2_msgs/cmake)
-- Found map_msgs: 2.1.0 (/opt/ros/humble/share/map_msgs/cmake)
-- Found visualization_msgs: 4.2.4 (/opt/ros/humble/share/visualization_msgs/cmake)
-- Found nav2_costmap_2d: 1.1.16 (/opt/ros/humble/share/nav2_costmap_2d/cmake)
-- Configuring done
-- Generating done
-- Build files have been written to: /home/pacman/turtlebot3_ws/build/explore
[ 25%] [32mBuilding CXX object CMakeFiles/explore.dir/src/costmap_client.cpp.o[0m
[ 50%] [32mBuilding CXX object CMakeFiles/explore.dir/src/explore.cpp.o[0m
[ 75%] [32mBuilding CXX object CMakeFiles/explore.dir/src/frontier_search.cpp.o[0m
[01m[K/home/pacman/turtlebot3_ws/src/explore/src/explore.cpp:[m[K In member function ‘[01m[Kvoid explore::Explore::visualizeFrontiers(const std::vector<frontier_exploration::Frontier>&)[m[K’:
[01m[K/home/pacman/turtlebot3_ws/src/explore/src/explore.cpp:152:24:[m[K [01;35m[Kwarning: [m[Kconverting to ‘[01m[Kgeometry_msgs::msg::Point_<std::allocator<void> >[m[K’ from initializer list would use explicit constructor ‘[01m[Kgeometry_msgs::msg::Point_<ContainerAllocator>::Point_(rosidl_runtime_cpp::MessageInitialization) [with ContainerAllocator = std::allocator<void>][m[K’
  152 |     m.pose.position = {[01;35m[K}[m[K;
      |                        [01;35m[K^[m[K
[01m[K/home/pacman/turtlebot3_ws/src/explore/src/explore.cpp:152:24:[m[K [01;36m[Knote: [m[Kin C++11 and above a default constructor can be explicit
[100%] [32m[1mLinking CXX executable explore[0m
[100%] Built target explore
-- Install configuration: ""
-- Installing: /home/pacman/turtlebot3_ws/install/explore/include/explore/
-- Installing: /home/pacman/turtlebot3_ws/install/explore/include/explore//frontier_search.h
-- Installing: /home/pacman/turtlebot3_ws/install/explore/include/explore//costmap_client.h
-- Installing: /home/pacman/turtlebot3_ws/install/explore/include/explore//costmap_tools.h
-- Installing: /home/pacman/turtlebot3_ws/install/explore/include/explore//explore.h
-- Installing: /home/pacman/turtlebot3_ws/install/explore/share/explore/config
-- Installing: /home/pacman/turtlebot3_ws/install/explore/share/explore/config/params.yaml
-- Installing: /home/pacman/turtlebot3_ws/install/explore/share/explore/config/params_costmap.yaml
-- Installing: /home/pacman/turtlebot3_ws/install/explore/share/explore/launch
-- Installing: /home/pacman/turtlebot3_ws/install/explore/share/explore/launch/explore.launch.py
-- Installing: /home/pacman/turtlebot3_ws/install/explore/lib/explore/explore
-- Set runtime path of "/home/pacman/turtlebot3_ws/install/explore/lib/explore/explore" to ""
-- Installing: /home/pacman/turtlebot3_ws/install/explore/share/ament_index/resource_index/package_run_dependencies/explore
-- Installing: /home/pacman/turtlebot3_ws/install/explore/share/ament_index/resource_index/parent_prefix_path/explore
-- Installing: /home/pacman/turtlebot3_ws/install/explore/share/explore/environment/ament_prefix_path.sh
-- Installing: /home/pacman/turtlebot3_ws/install/explore/share/explore/environment/ament_prefix_path.dsv
-- Installing: /home/pacman/turtlebot3_ws/install/explore/share/explore/environment/path.sh
-- Installing: /home/pacman/turtlebot3_ws/install/explore/share/explore/environment/path.dsv
-- Installing: /home/pacman/turtlebot3_ws/install/explore/share/explore/local_setup.bash
-- Installing: /home/pacman/turtlebot3_ws/install/explore/share/explore/local_setup.sh
-- Installing: /home/pacman/turtlebot3_ws/install/explore/share/explore/local_setup.zsh
-- Installing: /home/pacman/turtlebot3_ws/install/explore/share/explore/local_setup.dsv
-- Installing: /home/pacman/turtlebot3_ws/install/explore/share/explore/package.dsv
-- Installing: /home/pacman/turtlebot3_ws/install/explore/share/ament_index/resource_index/packages/explore
-- Installing: /home/pacman/turtlebot3_ws/install/explore/share/explore/cmake/ament_cmake_export_include_directories-extras.cmake
-- Installing: /home/pacman/turtlebot3_ws/install/explore/share/explore/cmake/exploreConfig.cmake
-- Installing: /home/pacman/turtlebot3_ws/install/explore/share/explore/cmake/exploreConfig-version.cmake
-- Installing: /home/pacman/turtlebot3_ws/install/explore/share/explore/package.xml
