[0.017s] Invoking command in '/home/pacman/turtlebot3_ws/build/turtlebot3_node': AMENT_PREFIX_PATH=/home/pacman/turtlebot3_ws/install/turtlebot3_msgs:/home/pacman/turtlebot3_ws/install/dynamixel_sdk:${AMENT_PREFIX_PATH} CMAKE_PREFIX_PATH=/home/pacman/turtlebot3_ws/install/turtlebot3_msgs:/home/pacman/turtlebot3_ws/install/dynamixel_sdk:/home/pacman/slam_gmapping_ws/install/slam_gmapping:/home/pacman/slam_gmapping_ws/install/openslam_gmapping:/opt/ros/humble LD_LIBRARY_PATH=/home/pacman/turtlebot3_ws/install/turtlebot3_msgs/lib:/home/pacman/turtlebot3_ws/install/dynamixel_sdk/lib:/home/pacman/slam_gmapping_ws/install/openslam_gmapping/lib:/usr/lib/x86_64-linux-gnu/gazebo-11/plugins:/opt/ros/humble/opt/rviz_ogre_vendor/lib:/opt/ros/humble/lib/x86_64-linux-gnu:/opt/ros/humble/lib:/usr/lib/x86_64-linux-gnu/gazebo-11/plugins PYTHONPATH=/home/pacman/turtlebot3_ws/install/turtlebot3_msgs/local/lib/python3.10/dist-packages:${PYTHONPATH} /usr/bin/cmake /home/pacman/turtlebot3_ws/src/turtlebot3/turtlebot3/turtlebot3_node -DCMAKE_INSTALL_PREFIX=/home/pacman/turtlebot3_ws/install/turtlebot3_node
[0.249s] -- The C compiler identification is GNU 11.4.0
[0.249s] -- The CXX compiler identification is GNU 11.4.0
[0.249s] -- Detecting C compiler ABI info
[0.249s] -- Detecting C compiler ABI info - done
[0.249s] -- Check for working C compiler: /usr/bin/cc - skipped
[0.250s] -- Detecting C compile features
[0.250s] -- Detecting C compile features - done
[0.250s] -- Detecting CXX compiler ABI info
[0.288s] -- Detecting CXX compiler ABI info - done
[0.294s] -- Check for working CXX compiler: /usr/bin/c++ - skipped
[0.294s] -- Detecting CXX compile features
[0.294s] -- Detecting CXX compile features - done
[0.297s] -- Found ament_cmake: 1.3.10 (/opt/ros/humble/share/ament_cmake/cmake)
[0.462s] -- Found Python3: /usr/bin/python3 (found version "3.10.12") found components: Interpreter 
[0.561s] -- Found dynamixel_sdk: 3.7.60 (/home/pacman/turtlebot3_ws/install/dynamixel_sdk/share/dynamixel_sdk/cmake)
[0.565s] -- Found geometry_msgs: 4.2.4 (/opt/ros/humble/share/geometry_msgs/cmake)
[0.621s] -- Found rosidl_generator_c: 3.1.5 (/opt/ros/humble/share/rosidl_generator_c/cmake)
[0.627s] -- Found rosidl_adapter: 3.1.5 (/opt/ros/humble/share/rosidl_adapter/cmake)
[0.642s] -- Found rosidl_generator_cpp: 3.1.5 (/opt/ros/humble/share/rosidl_generator_cpp/cmake)
[0.660s] -- Using all available rosidl_typesupport_c: rosidl_typesupport_fastrtps_c;rosidl_typesupport_introspection_c
[0.685s] -- Using all available rosidl_typesupport_cpp: rosidl_typesupport_fastrtps_cpp;rosidl_typesupport_introspection_cpp
[0.736s] -- Found message_filters: 4.3.5 (/opt/ros/humble/share/message_filters/cmake)
[0.787s] -- Found rmw_implementation_cmake: 6.1.2 (/opt/ros/humble/share/rmw_implementation_cmake/cmake)
[0.794s] -- Found rmw_fastrtps_cpp: 6.2.7 (/opt/ros/humble/share/rmw_fastrtps_cpp/cmake)
[0.901s] -- Found OpenSSL: /usr/lib/x86_64-linux-gnu/libcrypto.so (found version "3.0.2")  
[0.931s] -- Found FastRTPS: /opt/ros/humble/include  
[0.980s] -- Using RMW implementation 'rmw_fastrtps_cpp' as default
[0.984s] -- Looking for pthread.h
[1.062s] -- Looking for pthread.h - found
[1.062s] -- Performing Test CMAKE_HAVE_LIBC_PTHREAD
[1.137s] -- Performing Test CMAKE_HAVE_LIBC_PTHREAD - Success
[1.139s] -- Found Threads: TRUE  
[1.183s] -- Found nav_msgs: 4.2.4 (/opt/ros/humble/share/nav_msgs/cmake)
[1.203s] -- Found sensor_msgs: 4.2.4 (/opt/ros/humble/share/sensor_msgs/cmake)
[1.224s] -- Found std_srvs: 4.2.4 (/opt/ros/humble/share/std_srvs/cmake)
[1.235s] -- Found tf2: 0.25.8 (/opt/ros/humble/share/tf2/cmake)
[1.247s] -- Found tf2_ros: 0.25.8 (/opt/ros/humble/share/tf2_ros/cmake)
[1.344s] -- Found turtlebot3_msgs: 2.2.3 (/home/pacman/turtlebot3_ws/install/turtlebot3_msgs/share/turtlebot3_msgs/cmake)
[1.447s] -- Configuring done
[1.469s] -- Generating done
[1.470s] -- Build files have been written to: /home/pacman/turtlebot3_ws/build/turtlebot3_node
[1.484s] Invoked command in '/home/pacman/turtlebot3_ws/build/turtlebot3_node' returned '0': AMENT_PREFIX_PATH=/home/pacman/turtlebot3_ws/install/turtlebot3_msgs:/home/pacman/turtlebot3_ws/install/dynamixel_sdk:${AMENT_PREFIX_PATH} CMAKE_PREFIX_PATH=/home/pacman/turtlebot3_ws/install/turtlebot3_msgs:/home/pacman/turtlebot3_ws/install/dynamixel_sdk:/home/pacman/slam_gmapping_ws/install/slam_gmapping:/home/pacman/slam_gmapping_ws/install/openslam_gmapping:/opt/ros/humble LD_LIBRARY_PATH=/home/pacman/turtlebot3_ws/install/turtlebot3_msgs/lib:/home/pacman/turtlebot3_ws/install/dynamixel_sdk/lib:/home/pacman/slam_gmapping_ws/install/openslam_gmapping/lib:/usr/lib/x86_64-linux-gnu/gazebo-11/plugins:/opt/ros/humble/opt/rviz_ogre_vendor/lib:/opt/ros/humble/lib/x86_64-linux-gnu:/opt/ros/humble/lib:/usr/lib/x86_64-linux-gnu/gazebo-11/plugins PYTHONPATH=/home/pacman/turtlebot3_ws/install/turtlebot3_msgs/local/lib/python3.10/dist-packages:${PYTHONPATH} /usr/bin/cmake /home/pacman/turtlebot3_ws/src/turtlebot3/turtlebot3/turtlebot3_node -DCMAKE_INSTALL_PREFIX=/home/pacman/turtlebot3_ws/install/turtlebot3_node
[1.486s] Invoking command in '/home/pacman/turtlebot3_ws/build/turtlebot3_node': AMENT_PREFIX_PATH=/home/pacman/turtlebot3_ws/install/turtlebot3_msgs:/home/pacman/turtlebot3_ws/install/dynamixel_sdk:${AMENT_PREFIX_PATH} CMAKE_PREFIX_PATH=/home/pacman/turtlebot3_ws/install/turtlebot3_msgs:/home/pacman/turtlebot3_ws/install/dynamixel_sdk:/home/pacman/slam_gmapping_ws/install/slam_gmapping:/home/pacman/slam_gmapping_ws/install/openslam_gmapping:/opt/ros/humble LD_LIBRARY_PATH=/home/pacman/turtlebot3_ws/install/turtlebot3_msgs/lib:/home/pacman/turtlebot3_ws/install/dynamixel_sdk/lib:/home/pacman/slam_gmapping_ws/install/openslam_gmapping/lib:/usr/lib/x86_64-linux-gnu/gazebo-11/plugins:/opt/ros/humble/opt/rviz_ogre_vendor/lib:/opt/ros/humble/lib/x86_64-linux-gnu:/opt/ros/humble/lib:/usr/lib/x86_64-linux-gnu/gazebo-11/plugins PYTHONPATH=/home/pacman/turtlebot3_ws/install/turtlebot3_msgs/local/lib/python3.10/dist-packages:${PYTHONPATH} /usr/bin/cmake --build /home/pacman/turtlebot3_ws/build/turtlebot3_node -- -j12 -l12
[1.538s] [  7%] [32mBuilding CXX object CMakeFiles/turtlebot3_node_lib.dir/src/devices/motor_power.cpp.o[0m
[1.539s] [ 14%] [32mBuilding CXX object CMakeFiles/turtlebot3_node_lib.dir/src/devices/reset.cpp.o[0m
[1.544s] [ 21%] [32mBuilding CXX object CMakeFiles/turtlebot3_node_lib.dir/src/devices/sound.cpp.o[0m
[1.548s] [ 28%] [32mBuilding CXX object CMakeFiles/turtlebot3_node_lib.dir/src/diff_drive_controller.cpp.o[0m
[1.553s] [ 35%] [32mBuilding CXX object CMakeFiles/turtlebot3_node_lib.dir/src/odometry.cpp.o[0m
[1.553s] [ 42%] [32mBuilding CXX object CMakeFiles/turtlebot3_node_lib.dir/src/turtlebot3.cpp.o[0m
[1.554s] [ 50%] [32mBuilding CXX object CMakeFiles/turtlebot3_node_lib.dir/src/sensors/battery_state.cpp.o[0m
[1.556s] [ 57%] [32mBuilding CXX object CMakeFiles/turtlebot3_node_lib.dir/src/dynamixel_sdk_wrapper.cpp.o[0m
[1.575s] [ 64%] [32mBuilding CXX object CMakeFiles/turtlebot3_node_lib.dir/src/sensors/imu.cpp.o[0m
[1.579s] [ 71%] [32mBuilding CXX object CMakeFiles/turtlebot3_node_lib.dir/src/sensors/joint_state.cpp.o[0m
[1.583s] [ 78%] [32mBuilding CXX object CMakeFiles/turtlebot3_node_lib.dir/src/sensors/sensor_state.cpp.o[0m
[16.679s] [ 85%] [32m[1mLinking CXX static library libturtlebot3_node_lib.a[0m
[16.968s] [ 85%] Built target turtlebot3_node_lib
[16.986s] [ 92%] [32mBuilding CXX object CMakeFiles/turtlebot3_ros.dir/src/node_main.cpp.o[0m
[18.995s] [100%] [32m[1mLinking CXX executable turtlebot3_ros[0m
[20.014s] [100%] Built target turtlebot3_ros
[20.023s] Invoked command in '/home/pacman/turtlebot3_ws/build/turtlebot3_node' returned '0': AMENT_PREFIX_PATH=/home/pacman/turtlebot3_ws/install/turtlebot3_msgs:/home/pacman/turtlebot3_ws/install/dynamixel_sdk:${AMENT_PREFIX_PATH} CMAKE_PREFIX_PATH=/home/pacman/turtlebot3_ws/install/turtlebot3_msgs:/home/pacman/turtlebot3_ws/install/dynamixel_sdk:/home/pacman/slam_gmapping_ws/install/slam_gmapping:/home/pacman/slam_gmapping_ws/install/openslam_gmapping:/opt/ros/humble LD_LIBRARY_PATH=/home/pacman/turtlebot3_ws/install/turtlebot3_msgs/lib:/home/pacman/turtlebot3_ws/install/dynamixel_sdk/lib:/home/pacman/slam_gmapping_ws/install/openslam_gmapping/lib:/usr/lib/x86_64-linux-gnu/gazebo-11/plugins:/opt/ros/humble/opt/rviz_ogre_vendor/lib:/opt/ros/humble/lib/x86_64-linux-gnu:/opt/ros/humble/lib:/usr/lib/x86_64-linux-gnu/gazebo-11/plugins PYTHONPATH=/home/pacman/turtlebot3_ws/install/turtlebot3_msgs/local/lib/python3.10/dist-packages:${PYTHONPATH} /usr/bin/cmake --build /home/pacman/turtlebot3_ws/build/turtlebot3_node -- -j12 -l12
[20.064s] Invoking command in '/home/pacman/turtlebot3_ws/build/turtlebot3_node': AMENT_PREFIX_PATH=/home/pacman/turtlebot3_ws/install/turtlebot3_msgs:/home/pacman/turtlebot3_ws/install/dynamixel_sdk:${AMENT_PREFIX_PATH} CMAKE_PREFIX_PATH=/home/pacman/turtlebot3_ws/install/turtlebot3_msgs:/home/pacman/turtlebot3_ws/install/dynamixel_sdk:/home/pacman/slam_gmapping_ws/install/slam_gmapping:/home/pacman/slam_gmapping_ws/install/openslam_gmapping:/opt/ros/humble LD_LIBRARY_PATH=/home/pacman/turtlebot3_ws/install/turtlebot3_msgs/lib:/home/pacman/turtlebot3_ws/install/dynamixel_sdk/lib:/home/pacman/slam_gmapping_ws/install/openslam_gmapping/lib:/usr/lib/x86_64-linux-gnu/gazebo-11/plugins:/opt/ros/humble/opt/rviz_ogre_vendor/lib:/opt/ros/humble/lib/x86_64-linux-gnu:/opt/ros/humble/lib:/usr/lib/x86_64-linux-gnu/gazebo-11/plugins PYTHONPATH=/home/pacman/turtlebot3_ws/install/turtlebot3_msgs/local/lib/python3.10/dist-packages:${PYTHONPATH} /usr/bin/cmake --install /home/pacman/turtlebot3_ws/build/turtlebot3_node
[20.069s] -- Install configuration: ""
[20.069s] -- Installing: /home/pacman/turtlebot3_ws/install/turtlebot3_node/share/turtlebot3_node/param
[20.069s] -- Installing: /home/pacman/turtlebot3_ws/install/turtlebot3_node/share/turtlebot3_node/param/burger.yaml
[20.069s] -- Installing: /home/pacman/turtlebot3_ws/install/turtlebot3_node/share/turtlebot3_node/param/waffle.yaml
[20.069s] -- Installing: /home/pacman/turtlebot3_ws/install/turtlebot3_node/share/turtlebot3_node/param/waffle_pi.yaml
[20.069s] -- Installing: /home/pacman/turtlebot3_ws/install/turtlebot3_node/lib/turtlebot3_node/turtlebot3_ros
[20.075s] -- Set runtime path of "/home/pacman/turtlebot3_ws/install/turtlebot3_node/lib/turtlebot3_node/turtlebot3_ros" to ""
[20.075s] -- Installing: /home/pacman/turtlebot3_ws/install/turtlebot3_node/share/ament_index/resource_index/package_run_dependencies/turtlebot3_node
[20.075s] -- Installing: /home/pacman/turtlebot3_ws/install/turtlebot3_node/share/ament_index/resource_index/parent_prefix_path/turtlebot3_node
[20.075s] -- Installing: /home/pacman/turtlebot3_ws/install/turtlebot3_node/share/turtlebot3_node/environment/ament_prefix_path.sh
[20.076s] -- Installing: /home/pacman/turtlebot3_ws/install/turtlebot3_node/share/turtlebot3_node/environment/ament_prefix_path.dsv
[20.076s] -- Installing: /home/pacman/turtlebot3_ws/install/turtlebot3_node/share/turtlebot3_node/environment/path.sh
[20.076s] -- Installing: /home/pacman/turtlebot3_ws/install/turtlebot3_node/share/turtlebot3_node/environment/path.dsv
[20.076s] -- Installing: /home/pacman/turtlebot3_ws/install/turtlebot3_node/share/turtlebot3_node/local_setup.bash
[20.076s] -- Installing: /home/pacman/turtlebot3_ws/install/turtlebot3_node/share/turtlebot3_node/local_setup.sh
[20.076s] -- Installing: /home/pacman/turtlebot3_ws/install/turtlebot3_node/share/turtlebot3_node/local_setup.zsh
[20.076s] -- Installing: /home/pacman/turtlebot3_ws/install/turtlebot3_node/share/turtlebot3_node/local_setup.dsv
[20.076s] -- Installing: /home/pacman/turtlebot3_ws/install/turtlebot3_node/share/turtlebot3_node/package.dsv
[20.076s] -- Installing: /home/pacman/turtlebot3_ws/install/turtlebot3_node/share/ament_index/resource_index/packages/turtlebot3_node
[20.076s] -- Installing: /home/pacman/turtlebot3_ws/install/turtlebot3_node/share/turtlebot3_node/cmake/ament_cmake_export_include_directories-extras.cmake
[20.076s] -- Installing: /home/pacman/turtlebot3_ws/install/turtlebot3_node/share/turtlebot3_node/cmake/turtlebot3_nodeConfig.cmake
[20.076s] -- Installing: /home/pacman/turtlebot3_ws/install/turtlebot3_node/share/turtlebot3_node/cmake/turtlebot3_nodeConfig-version.cmake
[20.076s] -- Installing: /home/pacman/turtlebot3_ws/install/turtlebot3_node/share/turtlebot3_node/package.xml
[20.077s] Invoked command in '/home/pacman/turtlebot3_ws/build/turtlebot3_node' returned '0': AMENT_PREFIX_PATH=/home/pacman/turtlebot3_ws/install/turtlebot3_msgs:/home/pacman/turtlebot3_ws/install/dynamixel_sdk:${AMENT_PREFIX_PATH} CMAKE_PREFIX_PATH=/home/pacman/turtlebot3_ws/install/turtlebot3_msgs:/home/pacman/turtlebot3_ws/install/dynamixel_sdk:/home/pacman/slam_gmapping_ws/install/slam_gmapping:/home/pacman/slam_gmapping_ws/install/openslam_gmapping:/opt/ros/humble LD_LIBRARY_PATH=/home/pacman/turtlebot3_ws/install/turtlebot3_msgs/lib:/home/pacman/turtlebot3_ws/install/dynamixel_sdk/lib:/home/pacman/slam_gmapping_ws/install/openslam_gmapping/lib:/usr/lib/x86_64-linux-gnu/gazebo-11/plugins:/opt/ros/humble/opt/rviz_ogre_vendor/lib:/opt/ros/humble/lib/x86_64-linux-gnu:/opt/ros/humble/lib:/usr/lib/x86_64-linux-gnu/gazebo-11/plugins PYTHONPATH=/home/pacman/turtlebot3_ws/install/turtlebot3_msgs/local/lib/python3.10/dist-packages:${PYTHONPATH} /usr/bin/cmake --install /home/pacman/turtlebot3_ws/build/turtlebot3_node
