[0.012s] Invoking command in '/home/duck_sh/turtlebot3_manipulation-humble-devel/build/turtlebot3_manipulation_hardware': CMAKE_PREFIX_PATH=${CMAKE_PREFIX_PATH}:/home/duck_sh/ros2_ws/install/my_py_pkg:/opt/ros/humble /usr/bin/cmake --build /home/duck_sh/turtlebot3_manipulation-humble-devel/build/turtlebot3_manipulation_hardware -- -j32 -l32
[0.063s] [100%] Built target turtlebot3_manipulation_hardware
[0.077s] Invoked command in '/home/duck_sh/turtlebot3_manipulation-humble-devel/build/turtlebot3_manipulation_hardware' returned '0': CMAKE_PREFIX_PATH=${CMAKE_PREFIX_PATH}:/home/duck_sh/ros2_ws/install/my_py_pkg:/opt/ros/humble /usr/bin/cmake --build /home/duck_sh/turtlebot3_manipulation-humble-devel/build/turtlebot3_manipulation_hardware -- -j32 -l32
[0.106s] Invoking command in '/home/duck_sh/turtlebot3_manipulation-humble-devel/build/turtlebot3_manipulation_hardware': CMAKE_PREFIX_PATH=${CMAKE_PREFIX_PATH}:/home/duck_sh/ros2_ws/install/my_py_pkg:/opt/ros/humble /usr/bin/cmake --install /home/duck_sh/turtlebot3_manipulation-humble-devel/build/turtlebot3_manipulation_hardware
[0.112s] -- Install configuration: ""
[0.112s] -- Up-to-date: /home/duck_sh/turtlebot3_manipulation-humble-devel/install/turtlebot3_manipulation_hardware/share/turtlebot3_manipulation_hardware/turtlebot3_manipulation_hardware.xml
[0.112s] -- Up-to-date: /home/duck_sh/turtlebot3_manipulation-humble-devel/install/turtlebot3_manipulation_hardware/include
[0.112s] -- Up-to-date: /home/duck_sh/turtlebot3_manipulation-humble-devel/install/turtlebot3_manipulation_hardware/include/turtlebot3_manipulation_hardware
[0.112s] -- Up-to-date: /home/duck_sh/turtlebot3_manipulation-humble-devel/install/turtlebot3_manipulation_hardware/include/turtlebot3_manipulation_hardware/opencr_definitions.hpp
[0.112s] -- Up-to-date: /home/duck_sh/turtlebot3_manipulation-humble-devel/install/turtlebot3_manipulation_hardware/include/turtlebot3_manipulation_hardware/opencr.hpp
[0.112s] -- Up-to-date: /home/duck_sh/turtlebot3_manipulation-humble-devel/install/turtlebot3_manipulation_hardware/include/turtlebot3_manipulation_hardware/dynamixel_sdk_wrapper.hpp
[0.112s] -- Up-to-date: /home/duck_sh/turtlebot3_manipulation-humble-devel/install/turtlebot3_manipulation_hardware/include/turtlebot3_manipulation_hardware/opencr_control_table.hpp
[0.112s] -- Up-to-date: /home/duck_sh/turtlebot3_manipulation-humble-devel/install/turtlebot3_manipulation_hardware/include/turtlebot3_manipulation_hardware/turtlebot3_manipulation_system.hpp
[0.112s] -- Up-to-date: /home/duck_sh/turtlebot3_manipulation-humble-devel/install/turtlebot3_manipulation_hardware/include/turtlebot3_manipulation_hardware/visibility_control.h
[0.113s] -- Up-to-date: /home/duck_sh/turtlebot3_manipulation-humble-devel/install/turtlebot3_manipulation_hardware/lib/libturtlebot3_manipulation_hardware.so
[0.113s] -- Up-to-date: /home/duck_sh/turtlebot3_manipulation-humble-devel/install/turtlebot3_manipulation_hardware/share/turtlebot3_manipulation_hardware/environment/library_path.sh
[0.113s] -- Up-to-date: /home/duck_sh/turtlebot3_manipulation-humble-devel/install/turtlebot3_manipulation_hardware/share/turtlebot3_manipulation_hardware/environment/library_path.dsv
[0.114s] -- Up-to-date: /home/duck_sh/turtlebot3_manipulation-humble-devel/install/turtlebot3_manipulation_hardware/share/ament_index/resource_index/package_run_dependencies/turtlebot3_manipulation_hardware
[0.114s] -- Up-to-date: /home/duck_sh/turtlebot3_manipulation-humble-devel/install/turtlebot3_manipulation_hardware/share/ament_index/resource_index/parent_prefix_path/turtlebot3_manipulation_hardware
[0.114s] -- Up-to-date: /home/duck_sh/turtlebot3_manipulation-humble-devel/install/turtlebot3_manipulation_hardware/share/turtlebot3_manipulation_hardware/environment/ament_prefix_path.sh
[0.114s] -- Up-to-date: /home/duck_sh/turtlebot3_manipulation-humble-devel/install/turtlebot3_manipulation_hardware/share/turtlebot3_manipulation_hardware/environment/ament_prefix_path.dsv
[0.114s] -- Up-to-date: /home/duck_sh/turtlebot3_manipulation-humble-devel/install/turtlebot3_manipulation_hardware/share/turtlebot3_manipulation_hardware/environment/path.sh
[0.114s] -- Up-to-date: /home/duck_sh/turtlebot3_manipulation-humble-devel/install/turtlebot3_manipulation_hardware/share/turtlebot3_manipulation_hardware/environment/path.dsv
[0.114s] -- Up-to-date: /home/duck_sh/turtlebot3_manipulation-humble-devel/install/turtlebot3_manipulation_hardware/share/turtlebot3_manipulation_hardware/local_setup.bash
[0.115s] -- Up-to-date: /home/duck_sh/turtlebot3_manipulation-humble-devel/install/turtlebot3_manipulation_hardware/share/turtlebot3_manipulation_hardware/local_setup.sh
[0.115s] -- Up-to-date: /home/duck_sh/turtlebot3_manipulation-humble-devel/install/turtlebot3_manipulation_hardware/share/turtlebot3_manipulation_hardware/local_setup.zsh
[0.115s] -- Up-to-date: /home/duck_sh/turtlebot3_manipulation-humble-devel/install/turtlebot3_manipulation_hardware/share/turtlebot3_manipulation_hardware/local_setup.dsv
[0.115s] -- Installing: /home/duck_sh/turtlebot3_manipulation-humble-devel/install/turtlebot3_manipulation_hardware/share/turtlebot3_manipulation_hardware/package.dsv
[0.116s] -- Up-to-date: /home/duck_sh/turtlebot3_manipulation-humble-devel/install/turtlebot3_manipulation_hardware/share/ament_index/resource_index/packages/turtlebot3_manipulation_hardware
[0.116s] -- Up-to-date: /home/duck_sh/turtlebot3_manipulation-humble-devel/install/turtlebot3_manipulation_hardware/share/ament_index/resource_index/hardware_interface__pluginlib__plugin/turtlebot3_manipulation_hardware
[0.116s] -- Up-to-date: /home/duck_sh/turtlebot3_manipulation-humble-devel/install/turtlebot3_manipulation_hardware/share/turtlebot3_manipulation_hardware/cmake/ament_cmake_export_include_directories-extras.cmake
[0.117s] -- Up-to-date: /home/duck_sh/turtlebot3_manipulation-humble-devel/install/turtlebot3_manipulation_hardware/share/turtlebot3_manipulation_hardware/cmake/ament_cmake_export_libraries-extras.cmake
[0.117s] -- Up-to-date: /home/duck_sh/turtlebot3_manipulation-humble-devel/install/turtlebot3_manipulation_hardware/share/turtlebot3_manipulation_hardware/cmake/ament_cmake_export_dependencies-extras.cmake
[0.117s] -- Up-to-date: /home/duck_sh/turtlebot3_manipulation-humble-devel/install/turtlebot3_manipulation_hardware/share/turtlebot3_manipulation_hardware/cmake/turtlebot3_manipulation_hardwareConfig.cmake
[0.117s] -- Up-to-date: /home/duck_sh/turtlebot3_manipulation-humble-devel/install/turtlebot3_manipulation_hardware/share/turtlebot3_manipulation_hardware/cmake/turtlebot3_manipulation_hardwareConfig-version.cmake
[0.117s] -- Up-to-date: /home/duck_sh/turtlebot3_manipulation-humble-devel/install/turtlebot3_manipulation_hardware/share/turtlebot3_manipulation_hardware/package.xml
[0.130s] Invoked command in '/home/duck_sh/turtlebot3_manipulation-humble-devel/build/turtlebot3_manipulation_hardware' returned '0': CMAKE_PREFIX_PATH=${CMAKE_PREFIX_PATH}:/home/duck_sh/ros2_ws/install/my_py_pkg:/opt/ros/humble /usr/bin/cmake --install /home/duck_sh/turtlebot3_manipulation-humble-devel/build/turtlebot3_manipulation_hardware
