[0.242s] Invoking command in '/home/pacman/turtlebot3_ws/build/my_world': CMAKE_PREFIX_PATH=/opt/ros/humble /usr/bin/cmake /home/pacman/turtlebot3_ws/src/my_world -DCMAKE_INSTALL_PREFIX=/home/pacman/turtlebot3_ws/install/my_world
[0.327s] -- The C compiler identification is GNU 11.4.0
[0.397s] -- The CXX compiler identification is GNU 11.4.0
[0.404s] -- Detecting C compiler ABI info
[0.449s] -- Detecting C compiler ABI info - done
[0.455s] -- Check for working C compiler: /usr/bin/cc - skipped
[0.455s] -- Detecting C compile features
[0.456s] -- Detecting C compile features - done
[0.458s] -- Detecting CXX compiler ABI info
[0.513s] -- Detecting CXX compiler ABI info - done
[0.517s] -- Check for working CXX compiler: /usr/bin/c++ - skipped
[0.517s] -- Detecting CXX compile features
[0.518s] -- Detecting CXX compile features - done
[0.519s] -- Found ament_cmake: 1.3.10 (/opt/ros/humble/share/ament_cmake/cmake)
[0.621s] -- Found Python3: /usr/bin/python3 (found version "3.10.12") found components: Interpreter 
[0.685s] -- Found ament_lint_auto: 0.12.11 (/opt/ros/humble/share/ament_lint_auto/cmake)
[0.738s] -- Added test 'flake8' to check Python code syntax and style conventions
[0.739s] -- Added test 'lint_cmake' to check CMake code style
[0.740s] -- Added test 'pep257' to check Python code against some of the docstring style conventions in PEP 257
[0.744s] -- Added test 'xmllint' to check XML markup files
[0.745s] -- Configuring done
[0.747s] -- Generating done
[0.747s] -- Build files have been written to: /home/pacman/turtlebot3_ws/build/my_world
[0.756s] Invoked command in '/home/pacman/turtlebot3_ws/build/my_world' returned '0': CMAKE_PREFIX_PATH=/opt/ros/humble /usr/bin/cmake /home/pacman/turtlebot3_ws/src/my_world -DCMAKE_INSTALL_PREFIX=/home/pacman/turtlebot3_ws/install/my_world
[0.758s] Invoking command in '/home/pacman/turtlebot3_ws/build/my_world': CMAKE_PREFIX_PATH=/opt/ros/humble /usr/bin/cmake --build /home/pacman/turtlebot3_ws/build/my_world -- -j12 -l12
[0.783s] Invoked command in '/home/pacman/turtlebot3_ws/build/my_world' returned '0': CMAKE_PREFIX_PATH=/opt/ros/humble /usr/bin/cmake --build /home/pacman/turtlebot3_ws/build/my_world -- -j12 -l12
[0.798s] Invoking command in '/home/pacman/turtlebot3_ws/build/my_world': CMAKE_PREFIX_PATH=/opt/ros/humble /usr/bin/cmake --install /home/pacman/turtlebot3_ws/build/my_world
[0.802s] -- Install configuration: ""
[0.802s] -- Installing: /home/pacman/turtlebot3_ws/install/my_world/share/my_world/launch
[0.802s] -- Installing: /home/pacman/turtlebot3_ws/install/my_world/share/my_world/launch/logistics_warehouse.launch
[0.802s] -- Installing: /home/pacman/turtlebot3_ws/install/my_world/share/my_world/launch/bf_world_launch.py
[0.803s] -- Installing: /home/pacman/turtlebot3_ws/install/my_world/share/my_world/maps
[0.803s] -- Installing: /home/pacman/turtlebot3_ws/install/my_world/share/my_world/maps/005
[0.803s] -- Installing: /home/pacman/turtlebot3_ws/install/my_world/share/my_world/maps/005/map_rotated.png
[0.803s] -- Installing: /home/pacman/turtlebot3_ws/install/my_world/share/my_world/maps/005/map.yaml
[0.803s] -- Installing: /home/pacman/turtlebot3_ws/install/my_world/share/my_world/maps/005/map.pgm
[0.803s] -- Installing: /home/pacman/turtlebot3_ws/install/my_world/share/my_world/maps/005/map_rotated.pgm
[0.803s] -- Installing: /home/pacman/turtlebot3_ws/install/my_world/share/my_world/maps/002
[0.803s] -- Installing: /home/pacman/turtlebot3_ws/install/my_world/share/my_world/maps/002/map.yaml
[0.803s] -- Installing: /home/pacman/turtlebot3_ws/install/my_world/share/my_world/maps/002/map.pgm
[0.804s] -- Installing: /home/pacman/turtlebot3_ws/install/my_world/share/my_world/models
[0.805s] -- Installing: /home/pacman/turtlebot3_ws/install/my_world/share/my_world/models/aws_robomaker_warehouse_ShelfD_01
[0.805s] -- Installing: /home/pacman/turtlebot3_ws/install/my_world/share/my_world/models/aws_robomaker_warehouse_ShelfD_01/model.sdf
[0.805s] -- Installing: /home/pacman/turtlebot3_ws/install/my_world/share/my_world/models/aws_robomaker_warehouse_ShelfD_01/model.config
[0.805s] -- Installing: /home/pacman/turtlebot3_ws/install/my_world/share/my_world/models/aws_robomaker_warehouse_ShelfD_01/materials
[0.805s] -- Installing: /home/pacman/turtlebot3_ws/install/my_world/share/my_world/models/aws_robomaker_warehouse_ShelfD_01/materials/textures
[0.805s] -- Installing: /home/pacman/turtlebot3_ws/install/my_world/share/my_world/models/aws_robomaker_warehouse_ShelfD_01/materials/textures/aws_robomaker_warehouse_ShelfD_03.png
[0.805s] -- Installing: /home/pacman/turtlebot3_ws/install/my_world/share/my_world/models/aws_robomaker_warehouse_ShelfD_01/materials/textures/aws_robomaker_warehouse_ShelfD_02.png
[0.805s] -- Installing: /home/pacman/turtlebot3_ws/install/my_world/share/my_world/models/aws_robomaker_warehouse_ShelfD_01/materials/textures/aws_robomaker_warehouse_ShelfD_04.png
[0.805s] -- Installing: /home/pacman/turtlebot3_ws/install/my_world/share/my_world/models/aws_robomaker_warehouse_ShelfD_01/materials/textures/aws_robomaker_warehouse_ShelfD_01.png
[0.805s] -- Installing: /home/pacman/turtlebot3_ws/install/my_world/share/my_world/models/aws_robomaker_warehouse_ShelfD_01/meshes
[0.805s] -- Installing: /home/pacman/turtlebot3_ws/install/my_world/share/my_world/models/aws_robomaker_warehouse_ShelfD_01/meshes/aws_robomaker_warehouse_ShelfD_01_visual.DAE
[0.805s] -- Installing: /home/pacman/turtlebot3_ws/install/my_world/share/my_world/models/aws_robomaker_warehouse_ShelfD_01/meshes/aws_robomaker_warehouse_ShelfD_01_collision.DAE
[0.805s] -- Installing: /home/pacman/turtlebot3_ws/install/my_world/share/my_world/models/aws_robomaker_warehouse_RoofB_01
[0.805s] -- Installing: /home/pacman/turtlebot3_ws/install/my_world/share/my_world/models/aws_robomaker_warehouse_RoofB_01/model.sdf
[0.805s] -- Installing: /home/pacman/turtlebot3_ws/install/my_world/share/my_world/models/aws_robomaker_warehouse_RoofB_01/model.config
[0.805s] -- Installing: /home/pacman/turtlebot3_ws/install/my_world/share/my_world/models/aws_robomaker_warehouse_RoofB_01/materials
[0.805s] -- Installing: /home/pacman/turtlebot3_ws/install/my_world/share/my_world/models/aws_robomaker_warehouse_RoofB_01/materials/textures
[0.805s] -- Installing: /home/pacman/turtlebot3_ws/install/my_world/share/my_world/models/aws_robomaker_warehouse_RoofB_01/materials/textures/aws_robomaker_warehouse_RoofB_01.png
[0.806s] -- Installing: /home/pacman/turtlebot3_ws/install/my_world/share/my_world/models/aws_robomaker_warehouse_RoofB_01/meshes
[0.806s] -- Installing: /home/pacman/turtlebot3_ws/install/my_world/share/my_world/models/aws_robomaker_warehouse_RoofB_01/meshes/aws_robomaker_warehouse_RoofB_01_collision.DAE
[0.806s] -- Installing: /home/pacman/turtlebot3_ws/install/my_world/share/my_world/models/aws_robomaker_warehouse_RoofB_01/meshes/aws_robomaker_warehouse_RoofB_01_visual.DAE
[0.806s] -- Installing: /home/pacman/turtlebot3_ws/install/my_world/share/my_world/models/aws_robomaker_warehouse_Lamp_01
[0.806s] -- Installing: /home/pacman/turtlebot3_ws/install/my_world/share/my_world/models/aws_robomaker_warehouse_Lamp_01/model.sdf
[0.806s] -- Installing: /home/pacman/turtlebot3_ws/install/my_world/share/my_world/models/aws_robomaker_warehouse_Lamp_01/model.config
[0.806s] -- Installing: /home/pacman/turtlebot3_ws/install/my_world/share/my_world/models/aws_robomaker_warehouse_Lamp_01/materials
[0.806s] -- Installing: /home/pacman/turtlebot3_ws/install/my_world/share/my_world/models/aws_robomaker_warehouse_Lamp_01/materials/textures
[0.806s] -- Installing: /home/pacman/turtlebot3_ws/install/my_world/share/my_world/models/aws_robomaker_warehouse_Lamp_01/materials/textures/aws_robomaker_warehouse_Lamp_01.png
[0.806s] -- Installing: /home/pacman/turtlebot3_ws/install/my_world/share/my_world/models/aws_robomaker_warehouse_Lamp_01/meshes
[0.806s] -- Installing: /home/pacman/turtlebot3_ws/install/my_world/share/my_world/models/aws_robomaker_warehouse_Lamp_01/meshes/aws_robomaker_warehouse_Lamp_01_collision.DAE
[0.806s] -- Installing: /home/pacman/turtlebot3_ws/install/my_world/share/my_world/models/aws_robomaker_warehouse_Lamp_01/meshes/aws_robomaker_warehouse_Lamp_01_visual.DAE
[0.806s] -- Installing: /home/pacman/turtlebot3_ws/install/my_world/share/my_world/models/aws_robomaker_warehouse_ClutteringA_01
[0.806s] -- Installing: /home/pacman/turtlebot3_ws/install/my_world/share/my_world/models/aws_robomaker_warehouse_ClutteringA_01/model.sdf
[0.806s] -- Installing: /home/pacman/turtlebot3_ws/install/my_world/share/my_world/models/aws_robomaker_warehouse_ClutteringA_01/model.config
[0.806s] -- Installing: /home/pacman/turtlebot3_ws/install/my_world/share/my_world/models/aws_robomaker_warehouse_ClutteringA_01/materials
[0.806s] -- Installing: /home/pacman/turtlebot3_ws/install/my_world/share/my_world/models/aws_robomaker_warehouse_ClutteringA_01/materials/textures
[0.806s] -- Installing: /home/pacman/turtlebot3_ws/install/my_world/share/my_world/models/aws_robomaker_warehouse_ClutteringA_01/materials/textures/aws_robomaker_warehouse_ClutteringA_03.png
[0.806s] -- Installing: /home/pacman/turtlebot3_ws/install/my_world/share/my_world/models/aws_robomaker_warehouse_ClutteringA_01/materials/textures/aws_robomaker_warehouse_ClutteringA_02.png
[0.806s] -- Installing: /home/pacman/turtlebot3_ws/install/my_world/share/my_world/models/aws_robomaker_warehouse_ClutteringA_01/materials/textures/aws_robomaker_warehouse_ClutteringA_01.png
[0.807s] -- Installing: /home/pacman/turtlebot3_ws/install/my_world/share/my_world/models/aws_robomaker_warehouse_ClutteringA_01/meshes
[0.807s] -- Installing: /home/pacman/turtlebot3_ws/install/my_world/share/my_world/models/aws_robomaker_warehouse_ClutteringA_01/meshes/aws_robomaker_warehouse_ClutteringA_01_visual.DAE
[0.807s] -- Installing: /home/pacman/turtlebot3_ws/install/my_world/share/my_world/models/aws_robomaker_warehouse_ClutteringA_01/meshes/aws_robomaker_warehouse_ClutteringA_01_collision.DAE
[0.807s] -- Installing: /home/pacman/turtlebot3_ws/install/my_world/share/my_world/models/aws_robomaker_warehouse_GroundB_01
[0.807s] -- Installing: /home/pacman/turtlebot3_ws/install/my_world/share/my_world/models/aws_robomaker_warehouse_GroundB_01/model.sdf
[0.807s] -- Installing: /home/pacman/turtlebot3_ws/install/my_world/share/my_world/models/aws_robomaker_warehouse_GroundB_01/model.config
[0.807s] -- Installing: /home/pacman/turtlebot3_ws/install/my_world/share/my_world/models/aws_robomaker_warehouse_GroundB_01/materials
[0.807s] -- Installing: /home/pacman/turtlebot3_ws/install/my_world/share/my_world/models/aws_robomaker_warehouse_GroundB_01/materials/textures
[0.807s] -- Installing: /home/pacman/turtlebot3_ws/install/my_world/share/my_world/models/aws_robomaker_warehouse_GroundB_01/materials/textures/aws_robomaker_warehouse_GroundB_01.png
[0.807s] -- Installing: /home/pacman/turtlebot3_ws/install/my_world/share/my_world/models/aws_robomaker_warehouse_GroundB_01/materials/textures/aws_robomaker_warehouse_GroundB_02.png
[0.808s] -- Installing: /home/pacman/turtlebot3_ws/install/my_world/share/my_world/models/aws_robomaker_warehouse_GroundB_01/meshes
[0.808s] -- Installing: /home/pacman/turtlebot3_ws/install/my_world/share/my_world/models/aws_robomaker_warehouse_GroundB_01/meshes/aws_robomaker_warehouse_GroundB_01_collision.DAE
[0.808s] -- Installing: /home/pacman/turtlebot3_ws/install/my_world/share/my_world/models/aws_robomaker_warehouse_GroundB_01/meshes/aws_robomaker_warehouse_GroundB_01_visual.DAE
[0.808s] -- Installing: /home/pacman/turtlebot3_ws/install/my_world/share/my_world/models/aws_robomaker_warehouse_PalletJackB_01
[0.808s] -- Installing: /home/pacman/turtlebot3_ws/install/my_world/share/my_world/models/aws_robomaker_warehouse_PalletJackB_01/model.sdf
[0.808s] -- Installing: /home/pacman/turtlebot3_ws/install/my_world/share/my_world/models/aws_robomaker_warehouse_PalletJackB_01/model.config
[0.808s] -- Installing: /home/pacman/turtlebot3_ws/install/my_world/share/my_world/models/aws_robomaker_warehouse_PalletJackB_01/materials
[0.808s] -- Installing: /home/pacman/turtlebot3_ws/install/my_world/share/my_world/models/aws_robomaker_warehouse_PalletJackB_01/materials/textures
[0.808s] -- Installing: /home/pacman/turtlebot3_ws/install/my_world/share/my_world/models/aws_robomaker_warehouse_PalletJackB_01/materials/textures/aws_robomaker_warehouse_PalletJackB_02.png
[0.808s] -- Installing: /home/pacman/turtlebot3_ws/install/my_world/share/my_world/models/aws_robomaker_warehouse_PalletJackB_01/materials/textures/aws_robomaker_warehouse_PalletJackB_01.png
[0.808s] -- Installing: /home/pacman/turtlebot3_ws/install/my_world/share/my_world/models/aws_robomaker_warehouse_PalletJackB_01/meshes
[0.809s] -- Installing: /home/pacman/turtlebot3_ws/install/my_world/share/my_world/models/aws_robomaker_warehouse_PalletJackB_01/meshes/aws_robomaker_warehouse_PalletJackB_01_visual.DAE
[0.809s] -- Installing: /home/pacman/turtlebot3_ws/install/my_world/share/my_world/models/aws_robomaker_warehouse_PalletJackB_01/meshes/aws_robomaker_warehouse_PalletJackB_01_collision.DAE
[0.809s] -- Installing: /home/pacman/turtlebot3_ws/install/my_world/share/my_world/models/aws_robomaker_warehouse_ShelfE_01
[0.809s] -- Installing: /home/pacman/turtlebot3_ws/install/my_world/share/my_world/models/aws_robomaker_warehouse_ShelfE_01/model.sdf
[0.809s] -- Installing: /home/pacman/turtlebot3_ws/install/my_world/share/my_world/models/aws_robomaker_warehouse_ShelfE_01/model.config
[0.809s] -- Installing: /home/pacman/turtlebot3_ws/install/my_world/share/my_world/models/aws_robomaker_warehouse_ShelfE_01/materials
[0.809s] -- Installing: /home/pacman/turtlebot3_ws/install/my_world/share/my_world/models/aws_robomaker_warehouse_ShelfE_01/materials/textures
[0.809s] -- Installing: /home/pacman/turtlebot3_ws/install/my_world/share/my_world/models/aws_robomaker_warehouse_ShelfE_01/materials/textures/aws_robomaker_warehouse_ShelfE_02.png
[0.809s] -- Installing: /home/pacman/turtlebot3_ws/install/my_world/share/my_world/models/aws_robomaker_warehouse_ShelfE_01/materials/textures/aws_robomaker_warehouse_ShelfE_04.png
[0.809s] -- Installing: /home/pacman/turtlebot3_ws/install/my_world/share/my_world/models/aws_robomaker_warehouse_ShelfE_01/materials/textures/aws_robomaker_warehouse_ShelfE_03.png
[0.809s] -- Installing: /home/pacman/turtlebot3_ws/install/my_world/share/my_world/models/aws_robomaker_warehouse_ShelfE_01/materials/textures/aws_robomaker_warehouse_ShelfE_01.png
[0.809s] -- Installing: /home/pacman/turtlebot3_ws/install/my_world/share/my_world/models/aws_robomaker_warehouse_ShelfE_01/meshes
[0.809s] -- Installing: /home/pacman/turtlebot3_ws/install/my_world/share/my_world/models/aws_robomaker_warehouse_ShelfE_01/meshes/aws_robomaker_warehouse_ShelfE_01_visual.DAE
[0.809s] -- Installing: /home/pacman/turtlebot3_ws/install/my_world/share/my_world/models/aws_robomaker_warehouse_ShelfE_01/meshes/aws_robomaker_warehouse_ShelfE_01_collision.DAE
[0.809s] -- Installing: /home/pacman/turtlebot3_ws/install/my_world/share/my_world/models/aws_robomaker_warehouse_DeskC_01
[0.809s] -- Installing: /home/pacman/turtlebot3_ws/install/my_world/share/my_world/models/aws_robomaker_warehouse_DeskC_01/model.sdf
[0.809s] -- Installing: /home/pacman/turtlebot3_ws/install/my_world/share/my_world/models/aws_robomaker_warehouse_DeskC_01/model.config
[0.809s] -- Installing: /home/pacman/turtlebot3_ws/install/my_world/share/my_world/models/aws_robomaker_warehouse_DeskC_01/materials
[0.809s] -- Installing: /home/pacman/turtlebot3_ws/install/my_world/share/my_world/models/aws_robomaker_warehouse_DeskC_01/materials/textures
[0.809s] -- Installing: /home/pacman/turtlebot3_ws/install/my_world/share/my_world/models/aws_robomaker_warehouse_DeskC_01/materials/textures/aws_robomaker_warehouse_DeskC_03.psd
[0.810s] -- Installing: /home/pacman/turtlebot3_ws/install/my_world/share/my_world/models/aws_robomaker_warehouse_DeskC_01/materials/textures/aws_robomaker_warehouse_DeskC_04.png
[0.810s] -- Installing: /home/pacman/turtlebot3_ws/install/my_world/share/my_world/models/aws_robomaker_warehouse_DeskC_01/materials/textures/aws_robomaker_warehouse_DeskC_02.png
[0.810s] -- Installing: /home/pacman/turtlebot3_ws/install/my_world/share/my_world/models/aws_robomaker_warehouse_DeskC_01/materials/textures/aws_robomaker_warehouse_DeskC_01.png
[0.812s] -- Installing: /home/pacman/turtlebot3_ws/install/my_world/share/my_world/models/aws_robomaker_warehouse_DeskC_01/materials/textures/aws_robomaker_warehouse_DeskC_03.png
[0.812s] -- Installing: /home/pacman/turtlebot3_ws/install/my_world/share/my_world/models/aws_robomaker_warehouse_DeskC_01/meshes
[0.812s] -- Installing: /home/pacman/turtlebot3_ws/install/my_world/share/my_world/models/aws_robomaker_warehouse_DeskC_01/meshes/aws_robomaker_warehouse_DeskC_01_collision.DAE
[0.812s] -- Installing: /home/pacman/turtlebot3_ws/install/my_world/share/my_world/models/aws_robomaker_warehouse_DeskC_01/meshes/aws_robomaker_warehouse_DeskC_01_visual.DAE
[0.812s] -- Installing: /home/pacman/turtlebot3_ws/install/my_world/share/my_world/models/aws_robomaker_warehouse_ClutteringC_01
[0.812s] -- Installing: /home/pacman/turtlebot3_ws/install/my_world/share/my_world/models/aws_robomaker_warehouse_ClutteringC_01/model.sdf
[0.812s] -- Installing: /home/pacman/turtlebot3_ws/install/my_world/share/my_world/models/aws_robomaker_warehouse_ClutteringC_01/model.config
[0.812s] -- Installing: /home/pacman/turtlebot3_ws/install/my_world/share/my_world/models/aws_robomaker_warehouse_ClutteringC_01/materials
[0.812s] -- Installing: /home/pacman/turtlebot3_ws/install/my_world/share/my_world/models/aws_robomaker_warehouse_ClutteringC_01/materials/textures
[0.812s] -- Installing: /home/pacman/turtlebot3_ws/install/my_world/share/my_world/models/aws_robomaker_warehouse_ClutteringC_01/materials/textures/aws_robomaker_warehouse_ClutteringC_02.png
[0.812s] -- Installing: /home/pacman/turtlebot3_ws/install/my_world/share/my_world/models/aws_robomaker_warehouse_ClutteringC_01/materials/textures/aws_robomaker_warehouse_ClutteringC_01.png
[0.812s] -- Installing: /home/pacman/turtlebot3_ws/install/my_world/share/my_world/models/aws_robomaker_warehouse_ClutteringC_01/meshes
[0.812s] -- Installing: /home/pacman/turtlebot3_ws/install/my_world/share/my_world/models/aws_robomaker_warehouse_ClutteringC_01/meshes/aws_robomaker_warehouse_ClutteringC_01_collision.DAE
[0.813s] -- Installing: /home/pacman/turtlebot3_ws/install/my_world/share/my_world/models/aws_robomaker_warehouse_ClutteringC_01/meshes/aws_robomaker_warehouse_ClutteringC_01_visual.DAE
[0.813s] -- Installing: /home/pacman/turtlebot3_ws/install/my_world/share/my_world/models/aws_robomaker_warehouse_TrashCanC_01
[0.813s] -- Installing: /home/pacman/turtlebot3_ws/install/my_world/share/my_world/models/aws_robomaker_warehouse_TrashCanC_01/model.sdf
[0.813s] -- Installing: /home/pacman/turtlebot3_ws/install/my_world/share/my_world/models/aws_robomaker_warehouse_TrashCanC_01/model.config
[0.813s] -- Installing: /home/pacman/turtlebot3_ws/install/my_world/share/my_world/models/aws_robomaker_warehouse_TrashCanC_01/materials
[0.813s] -- Installing: /home/pacman/turtlebot3_ws/install/my_world/share/my_world/models/aws_robomaker_warehouse_TrashCanC_01/materials/textures
[0.813s] -- Installing: /home/pacman/turtlebot3_ws/install/my_world/share/my_world/models/aws_robomaker_warehouse_TrashCanC_01/materials/textures/aws_robomaker_warehouse_TrashCanC_01.png
[0.813s] -- Installing: /home/pacman/turtlebot3_ws/install/my_world/share/my_world/models/aws_robomaker_warehouse_TrashCanC_01/meshes
[0.813s] -- Installing: /home/pacman/turtlebot3_ws/install/my_world/share/my_world/models/aws_robomaker_warehouse_TrashCanC_01/meshes/aws_robomaker_warehouse_TrashCanC_01_collision.DAE
[0.813s] -- Installing: /home/pacman/turtlebot3_ws/install/my_world/share/my_world/models/aws_robomaker_warehouse_TrashCanC_01/meshes/aws_robomaker_warehouse_TrashCanC_01_visual.DAE
[0.813s] -- Installing: /home/pacman/turtlebot3_ws/install/my_world/share/my_world/models/aws_robomaker_warehouse_Bucket_01
[0.813s] -- Installing: /home/pacman/turtlebot3_ws/install/my_world/share/my_world/models/aws_robomaker_warehouse_Bucket_01/model.sdf
[0.813s] -- Installing: /home/pacman/turtlebot3_ws/install/my_world/share/my_world/models/aws_robomaker_warehouse_Bucket_01/model.config
[0.813s] -- Installing: /home/pacman/turtlebot3_ws/install/my_world/share/my_world/models/aws_robomaker_warehouse_Bucket_01/materials
[0.814s] -- Installing: /home/pacman/turtlebot3_ws/install/my_world/share/my_world/models/aws_robomaker_warehouse_Bucket_01/materials/textures
[0.814s] -- Installing: /home/pacman/turtlebot3_ws/install/my_world/share/my_world/models/aws_robomaker_warehouse_Bucket_01/materials/textures/aws_robomaker_warehouse_Bucket_01.png
[0.814s] -- Installing: /home/pacman/turtlebot3_ws/install/my_world/share/my_world/models/aws_robomaker_warehouse_Bucket_01/materials/.DS_Store
[0.814s] -- Installing: /home/pacman/turtlebot3_ws/install/my_world/share/my_world/models/aws_robomaker_warehouse_Bucket_01/.DS_Store
[0.814s] -- Installing: /home/pacman/turtlebot3_ws/install/my_world/share/my_world/models/aws_robomaker_warehouse_Bucket_01/meshes
[0.815s] -- Installing: /home/pacman/turtlebot3_ws/install/my_world/share/my_world/models/aws_robomaker_warehouse_Bucket_01/meshes/aws_robomaker_warehouse_Bucket_01_collision.DAE
[0.815s] -- Installing: /home/pacman/turtlebot3_ws/install/my_world/share/my_world/models/aws_robomaker_warehouse_Bucket_01/meshes/aws_robomaker_warehouse_Bucket_01_visual.DAE
[0.815s] -- Installing: /home/pacman/turtlebot3_ws/install/my_world/share/my_world/models/aws_robomaker_warehouse_ClutteringD_01
[0.815s] -- Installing: /home/pacman/turtlebot3_ws/install/my_world/share/my_world/models/aws_robomaker_warehouse_ClutteringD_01/model.sdf
[0.815s] -- Installing: /home/pacman/turtlebot3_ws/install/my_world/share/my_world/models/aws_robomaker_warehouse_ClutteringD_01/model.config
[0.815s] -- Installing: /home/pacman/turtlebot3_ws/install/my_world/share/my_world/models/aws_robomaker_warehouse_ClutteringD_01/materials
[0.815s] -- Installing: /home/pacman/turtlebot3_ws/install/my_world/share/my_world/models/aws_robomaker_warehouse_ClutteringD_01/materials/textures
[0.815s] -- Installing: /home/pacman/turtlebot3_ws/install/my_world/share/my_world/models/aws_robomaker_warehouse_ClutteringD_01/materials/textures/aws_robomaker_warehouse_ClutteringD_02.png
[0.815s] -- Installing: /home/pacman/turtlebot3_ws/install/my_world/share/my_world/models/aws_robomaker_warehouse_ClutteringD_01/materials/textures/aws_robomaker_warehouse_ClutteringD_01.png
[0.815s] -- Installing: /home/pacman/turtlebot3_ws/install/my_world/share/my_world/models/aws_robomaker_warehouse_ClutteringD_01/meshes
[0.815s] -- Installing: /home/pacman/turtlebot3_ws/install/my_world/share/my_world/models/aws_robomaker_warehouse_ClutteringD_01/meshes/aws_robomaker_warehouse_ClutteringD_01_visual.DAE
[0.816s] -- Installing: /home/pacman/turtlebot3_ws/install/my_world/share/my_world/models/aws_robomaker_warehouse_ClutteringD_01/meshes/aws_robomaker_warehouse_ClutteringD_01_collision.DAE
[0.816s] -- Installing: /home/pacman/turtlebot3_ws/install/my_world/share/my_world/models/aws_robomaker_warehouse_WallB_01
[0.816s] -- Installing: /home/pacman/turtlebot3_ws/install/my_world/share/my_world/models/aws_robomaker_warehouse_WallB_01/model.sdf
[0.816s] -- Installing: /home/pacman/turtlebot3_ws/install/my_world/share/my_world/models/aws_robomaker_warehouse_WallB_01/model.config
[0.816s] -- Installing: /home/pacman/turtlebot3_ws/install/my_world/share/my_world/models/aws_robomaker_warehouse_WallB_01/materials
[0.816s] -- Installing: /home/pacman/turtlebot3_ws/install/my_world/share/my_world/models/aws_robomaker_warehouse_WallB_01/materials/textures
[0.816s] -- Installing: /home/pacman/turtlebot3_ws/install/my_world/share/my_world/models/aws_robomaker_warehouse_WallB_01/materials/textures/aws_robomaker_warehouse_WallB_01.png
[0.816s] -- Installing: /home/pacman/turtlebot3_ws/install/my_world/share/my_world/models/aws_robomaker_warehouse_WallB_01/meshes
[0.816s] -- Installing: /home/pacman/turtlebot3_ws/install/my_world/share/my_world/models/aws_robomaker_warehouse_WallB_01/meshes/aws_robomaker_warehouse_WallB_01_collision.DAE
[0.816s] -- Installing: /home/pacman/turtlebot3_ws/install/my_world/share/my_world/models/aws_robomaker_warehouse_WallB_01/meshes/aws_robomaker_warehouse_WallB_01_visual.DAE
[0.816s] -- Installing: /home/pacman/turtlebot3_ws/install/my_world/share/my_world/models/aws_robomaker_warehouse_ShelfF_01
[0.816s] -- Installing: /home/pacman/turtlebot3_ws/install/my_world/share/my_world/models/aws_robomaker_warehouse_ShelfF_01/model.sdf
[0.816s] -- Installing: /home/pacman/turtlebot3_ws/install/my_world/share/my_world/models/aws_robomaker_warehouse_ShelfF_01/model.config
[0.816s] -- Installing: /home/pacman/turtlebot3_ws/install/my_world/share/my_world/models/aws_robomaker_warehouse_ShelfF_01/materials
[0.817s] -- Installing: /home/pacman/turtlebot3_ws/install/my_world/share/my_world/models/aws_robomaker_warehouse_ShelfF_01/materials/textures
[0.817s] -- Installing: /home/pacman/turtlebot3_ws/install/my_world/share/my_world/models/aws_robomaker_warehouse_ShelfF_01/materials/textures/aws_robomaker_warehouse_ShelfF_02.png
[0.817s] -- Installing: /home/pacman/turtlebot3_ws/install/my_world/share/my_world/models/aws_robomaker_warehouse_ShelfF_01/materials/textures/aws_robomaker_warehouse_ShelfF_03.png
[0.817s] -- Installing: /home/pacman/turtlebot3_ws/install/my_world/share/my_world/models/aws_robomaker_warehouse_ShelfF_01/materials/textures/aws_robomaker_warehouse_ShelfF_01.png
[0.817s] -- Installing: /home/pacman/turtlebot3_ws/install/my_world/share/my_world/models/aws_robomaker_warehouse_ShelfF_01/meshes
[0.817s] -- Installing: /home/pacman/turtlebot3_ws/install/my_world/share/my_world/models/aws_robomaker_warehouse_ShelfF_01/meshes/aws_robomaker_warehouse_ShelfF_01_visual.DAE
[0.817s] -- Installing: /home/pacman/turtlebot3_ws/install/my_world/share/my_world/models/aws_robomaker_warehouse_ShelfF_01/meshes/aws_robomaker_warehouse_ShelfF_01_collision.DAE
[0.817s] -- Installing: /home/pacman/turtlebot3_ws/install/my_world/share/my_world/rviz
[0.817s] -- Installing: /home/pacman/turtlebot3_ws/install/my_world/share/my_world/rviz/basic_data.rviz
[0.817s] -- Installing: /home/pacman/turtlebot3_ws/install/my_world/share/my_world/worlds
[0.817s] -- Installing: /home/pacman/turtlebot3_ws/install/my_world/share/my_world/worlds/warehouse.world
[0.817s] [31mCMake Error at cmake_install.cmake:46 (file):
[0.817s]   file INSTALL cannot find "/home/pacman/turtlebot3_ws/src/my_world/urdf": No
[0.817s]   such file or directory.
[0.817s] 
[0.817s] [0m
[0.819s] Invoked command in '/home/pacman/turtlebot3_ws/build/my_world' returned '1': CMAKE_PREFIX_PATH=/opt/ros/humble /usr/bin/cmake --install /home/pacman/turtlebot3_ws/build/my_world
