[35m[1mConsolidate compiler generated dependencies of target control_msgs__rosidl_generator_c[0m
[  0%] Built target control_msgs__cpp
[  0%] Built target ament_cmake_python_copy_control_msgs
[35m[1mConsolidate compiler generated dependencies of target control_msgs__rosidl_typesupport_cpp[0m
[35m[1mConsolidate compiler generated dependencies of target control_msgs__rosidl_typesupport_introspection_cpp[0m
[35m[1mConsolidate compiler generated dependencies of target control_msgs__rosidl_typesupport_fastrtps_cpp[0m
[ 13%] Built target control_msgs__rosidl_generator_c
[35m[1mConsolidate compiler generated dependencies of target control_msgs__rosidl_typesupport_introspection_c[0m
[ 25%] Built target control_msgs__rosidl_typesupport_cpp
[35m[1mConsolidate compiler generated dependencies of target control_msgs__rosidl_typesupport_c[0m
[35m[1mConsolidate compiler generated dependencies of target control_msgs__rosidl_typesupport_fastrtps_c[0m
[ 38%] Built target control_msgs__rosidl_typesupport_introspection_cpp
[ 50%] Built target control_msgs__rosidl_typesupport_fastrtps_cpp
[ 67%] Built target control_msgs__rosidl_typesupport_c
[ 74%] Built target control_msgs__rosidl_typesupport_introspection_c
[ 86%] Built target control_msgs__rosidl_typesupport_fastrtps_c
[ 86%] Built target control_msgs
[ 86%] Built target control_msgs__py
[35m[1mConsolidate compiler generated dependencies of target control_msgs__rosidl_generator_py[0m
[ 97%] Built target control_msgs__rosidl_generator_py
[35m[1mConsolidate compiler generated dependencies of target control_msgs__rosidl_typesupport_fastrtps_c__pyext[0m
[35m[1mConsolidate compiler generated dependencies of target control_msgs__rosidl_typesupport_introspection_c__pyext[0m
[35m[1mConsolidate compiler generated dependencies of target control_msgs__rosidl_typesupport_c__pyext[0m
[ 98%] Built target control_msgs__rosidl_typesupport_fastrtps_c__pyext
[100%] Built target control_msgs__rosidl_typesupport_c__pyext
[100%] Built target control_msgs__rosidl_typesupport_introspection_c__pyext
running egg_info
writing control_msgs.egg-info/PKG-INFO
writing dependency_links to control_msgs.egg-info/dependency_links.txt
writing top-level names to control_msgs.egg-info/top_level.txt
reading manifest file 'control_msgs.egg-info/SOURCES.txt'
writing manifest file 'control_msgs.egg-info/SOURCES.txt'
[100%] Built target ament_cmake_python_build_control_msgs_egg
