[0.035s] Invoking command in '/home/duck_sh/turtlebot3_manipulation-humble-devel/build/control_msgs': CMAKE_PREFIX_PATH=${CMAKE_PREFIX_PATH}:/home/duck_sh/ros2_ws/install/my_py_pkg:/home/duck_sh/turtlebot3_manipulation-humble-devel/install/ros2_controllers_test_nodes:/opt/ros/humble /usr/bin/cmake --build /home/duck_sh/turtlebot3_manipulation-humble-devel/build/control_msgs -- -j32 -l32
[0.269s] [35m[1mConsolidate compiler generated dependencies of target control_msgs__rosidl_generator_c[0m
[0.269s] [  0%] Built target control_msgs__cpp
[0.270s] [  0%] Built target ament_cmake_python_copy_control_msgs
[0.270s] [35m[1mConsolidate compiler generated dependencies of target control_msgs__rosidl_typesupport_cpp[0m
[0.271s] [35m[1mConsolidate compiler generated dependencies of target control_msgs__rosidl_typesupport_introspection_cpp[0m
[0.271s] [35m[1mConsolidate compiler generated dependencies of target control_msgs__rosidl_typesupport_fastrtps_cpp[0m
[0.271s] [ 13%] Built target control_msgs__rosidl_generator_c
[0.271s] [35m[1mConsolidate compiler generated dependencies of target control_msgs__rosidl_typesupport_introspection_c[0m
[0.271s] [ 25%] Built target control_msgs__rosidl_typesupport_cpp
[0.271s] [35m[1mConsolidate compiler generated dependencies of target control_msgs__rosidl_typesupport_c[0m
[0.271s] [35m[1mConsolidate compiler generated dependencies of target control_msgs__rosidl_typesupport_fastrtps_c[0m
[0.271s] [ 38%] Built target control_msgs__rosidl_typesupport_introspection_cpp
[0.271s] [ 50%] Built target control_msgs__rosidl_typesupport_fastrtps_cpp
[0.271s] [ 67%] Built target control_msgs__rosidl_typesupport_c
[0.271s] [ 74%] Built target control_msgs__rosidl_typesupport_introspection_c
[0.272s] [ 86%] Built target control_msgs__rosidl_typesupport_fastrtps_c
[0.272s] [ 86%] Built target control_msgs
[0.272s] [ 86%] Built target control_msgs__py
[0.272s] [35m[1mConsolidate compiler generated dependencies of target control_msgs__rosidl_generator_py[0m
[0.273s] [ 97%] Built target control_msgs__rosidl_generator_py
[0.273s] [35m[1mConsolidate compiler generated dependencies of target control_msgs__rosidl_typesupport_fastrtps_c__pyext[0m
[0.273s] [35m[1mConsolidate compiler generated dependencies of target control_msgs__rosidl_typesupport_introspection_c__pyext[0m
[0.273s] [35m[1mConsolidate compiler generated dependencies of target control_msgs__rosidl_typesupport_c__pyext[0m
[0.273s] [ 98%] Built target control_msgs__rosidl_typesupport_fastrtps_c__pyext
[0.273s] [100%] Built target control_msgs__rosidl_typesupport_c__pyext
[0.273s] [100%] Built target control_msgs__rosidl_typesupport_introspection_c__pyext
[0.273s] running egg_info
[0.273s] writing control_msgs.egg-info/PKG-INFO
[0.273s] writing dependency_links to control_msgs.egg-info/dependency_links.txt
[0.273s] writing top-level names to control_msgs.egg-info/top_level.txt
[0.273s] reading manifest file 'control_msgs.egg-info/SOURCES.txt'
[0.273s] writing manifest file 'control_msgs.egg-info/SOURCES.txt'
[0.274s] [100%] Built target ament_cmake_python_build_control_msgs_egg
[0.284s] Invoked command in '/home/duck_sh/turtlebot3_manipulation-humble-devel/build/control_msgs' returned '0': CMAKE_PREFIX_PATH=${CMAKE_PREFIX_PATH}:/home/duck_sh/ros2_ws/install/my_py_pkg:/home/duck_sh/turtlebot3_manipulation-humble-devel/install/ros2_controllers_test_nodes:/opt/ros/humble /usr/bin/cmake --build /home/duck_sh/turtlebot3_manipulation-humble-devel/build/control_msgs -- -j32 -l32
