[0.315s] Invoking command in '/home/pacman/tortoisebot_rb/build/tortoisebot_firmware': CMAKE_PREFIX_PATH=${CMAKE_PREFIX_PATH}:/home/pacman/tortoisebot_rb/install/tortoisebot_control:/opt/ros/humble /usr/bin/cmake --build /home/pacman/tortoisebot_rb/build/tortoisebot_firmware -- -j12 -l12
[0.355s] Built target ament_cmake_python_copy_tortoisebot_firmware
[0.512s] running egg_info
[0.513s] writing tortoisebot_firmware.egg-info/PKG-INFO
[0.513s] writing dependency_links to tortoisebot_firmware.egg-info/dependency_links.txt
[0.513s] writing top-level names to tortoisebot_firmware.egg-info/top_level.txt
[0.515s] reading manifest file 'tortoisebot_firmware.egg-info/SOURCES.txt'
[0.515s] writing manifest file 'tortoisebot_firmware.egg-info/SOURCES.txt'
[0.534s] Built target ament_cmake_python_build_tortoisebot_firmware_egg
[0.544s] Invoked command in '/home/pacman/tortoisebot_rb/build/tortoisebot_firmware' returned '0': CMAKE_PREFIX_PATH=${CMAKE_PREFIX_PATH}:/home/pacman/tortoisebot_rb/install/tortoisebot_control:/opt/ros/humble /usr/bin/cmake --build /home/pacman/tortoisebot_rb/build/tortoisebot_firmware -- -j12 -l12
[0.563s] Invoking command in '/home/pacman/tortoisebot_rb/build/tortoisebot_firmware': CMAKE_PREFIX_PATH=${CMAKE_PREFIX_PATH}:/home/pacman/tortoisebot_rb/install/tortoisebot_control:/opt/ros/humble /usr/bin/cmake --install /home/pacman/tortoisebot_rb/build/tortoisebot_firmware
[0.570s] -- Install configuration: ""
[0.570s] -- Up-to-date: /home/pacman/tortoisebot_rb/install/tortoisebot_firmware/share/tortoisebot_firmware/environment/pythonpath.sh
[0.571s] -- Up-to-date: /home/pacman/tortoisebot_rb/install/tortoisebot_firmware/share/tortoisebot_firmware/environment/pythonpath.dsv
[0.571s] -- Up-to-date: /home/pacman/tortoisebot_rb/install/tortoisebot_firmware/local/lib/python3.10/dist-packages/tortoisebot_firmware-0.0.0-py3.10.egg-info
[0.571s] -- Installing: /home/pacman/tortoisebot_rb/install/tortoisebot_firmware/local/lib/python3.10/dist-packages/tortoisebot_firmware-0.0.0-py3.10.egg-info/PKG-INFO
[0.571s] -- Installing: /home/pacman/tortoisebot_rb/install/tortoisebot_firmware/local/lib/python3.10/dist-packages/tortoisebot_firmware-0.0.0-py3.10.egg-info/top_level.txt
[0.571s] -- Installing: /home/pacman/tortoisebot_rb/install/tortoisebot_firmware/local/lib/python3.10/dist-packages/tortoisebot_firmware-0.0.0-py3.10.egg-info/dependency_links.txt
[0.571s] -- Installing: /home/pacman/tortoisebot_rb/install/tortoisebot_firmware/local/lib/python3.10/dist-packages/tortoisebot_firmware-0.0.0-py3.10.egg-info/SOURCES.txt
[0.571s] -- Up-to-date: /home/pacman/tortoisebot_rb/install/tortoisebot_firmware/local/lib/python3.10/dist-packages/tortoisebot_firmware
[0.571s] -- Up-to-date: /home/pacman/tortoisebot_rb/install/tortoisebot_firmware/local/lib/python3.10/dist-packages/tortoisebot_firmware/__init__.py
[0.593s] Listing '/home/pacman/tortoisebot_rb/install/tortoisebot_firmware/local/lib/python3.10/dist-packages/tortoisebot_firmware'...
[0.596s] -- Up-to-date: /home/pacman/tortoisebot_rb/install/tortoisebot_firmware/lib/tortoisebot_firmware/differential.py
[0.596s] -- Up-to-date: /home/pacman/tortoisebot_rb/install/tortoisebot_firmware/share/ament_index/resource_index/package_run_dependencies/tortoisebot_firmware
[0.596s] -- Up-to-date: /home/pacman/tortoisebot_rb/install/tortoisebot_firmware/share/ament_index/resource_index/parent_prefix_path/tortoisebot_firmware
[0.596s] -- Up-to-date: /home/pacman/tortoisebot_rb/install/tortoisebot_firmware/share/tortoisebot_firmware/environment/ament_prefix_path.sh
[0.596s] -- Up-to-date: /home/pacman/tortoisebot_rb/install/tortoisebot_firmware/share/tortoisebot_firmware/environment/ament_prefix_path.dsv
[0.596s] -- Up-to-date: /home/pacman/tortoisebot_rb/install/tortoisebot_firmware/share/tortoisebot_firmware/environment/path.sh
[0.596s] -- Up-to-date: /home/pacman/tortoisebot_rb/install/tortoisebot_firmware/share/tortoisebot_firmware/environment/path.dsv
[0.596s] -- Up-to-date: /home/pacman/tortoisebot_rb/install/tortoisebot_firmware/share/tortoisebot_firmware/local_setup.bash
[0.596s] -- Up-to-date: /home/pacman/tortoisebot_rb/install/tortoisebot_firmware/share/tortoisebot_firmware/local_setup.sh
[0.596s] -- Up-to-date: /home/pacman/tortoisebot_rb/install/tortoisebot_firmware/share/tortoisebot_firmware/local_setup.zsh
[0.596s] -- Up-to-date: /home/pacman/tortoisebot_rb/install/tortoisebot_firmware/share/tortoisebot_firmware/local_setup.dsv
[0.597s] -- Installing: /home/pacman/tortoisebot_rb/install/tortoisebot_firmware/share/tortoisebot_firmware/package.dsv
[0.597s] -- Up-to-date: /home/pacman/tortoisebot_rb/install/tortoisebot_firmware/share/ament_index/resource_index/packages/tortoisebot_firmware
[0.597s] -- Up-to-date: /home/pacman/tortoisebot_rb/install/tortoisebot_firmware/share/tortoisebot_firmware/cmake/tortoisebot_firmwareConfig.cmake
[0.597s] -- Up-to-date: /home/pacman/tortoisebot_rb/install/tortoisebot_firmware/share/tortoisebot_firmware/cmake/tortoisebot_firmwareConfig-version.cmake
[0.597s] -- Up-to-date: /home/pacman/tortoisebot_rb/install/tortoisebot_firmware/share/tortoisebot_firmware/package.xml
[0.600s] Invoked command in '/home/pacman/tortoisebot_rb/build/tortoisebot_firmware' returned '0': CMAKE_PREFIX_PATH=${CMAKE_PREFIX_PATH}:/home/pacman/tortoisebot_rb/install/tortoisebot_control:/opt/ros/humble /usr/bin/cmake --install /home/pacman/tortoisebot_rb/build/tortoisebot_firmware
