[0.877s] Invoking command in '/home/pacman/turtlebot3_ws/src/semantic_mapper': PYTHONPATH=/home/pacman/turtlebot3_ws/build/semantic_mapper/prefix_override:/home/pacman/.local/lib/python3.10/site-packages/colcon_core/task/python/colcon_distutils_commands:/home/pacman/turtlebot3_ws/install/semantic_mapper/lib/python3.10/site-packages:${PYTHONPATH} /usr/bin/python3 -W ignore:setup.py install is deprecated setup.py egg_info --egg-base ../../build/semantic_mapper build --build-base /home/pacman/turtlebot3_ws/build/semantic_mapper/build install --record /home/pacman/turtlebot3_ws/build/semantic_mapper/install.log --single-version-externally-managed install_data
[1.036s] running egg_info
[1.037s] writing ../../build/semantic_mapper/semantic_mapper.egg-info/PKG-INFO
[1.037s] writing dependency_links to ../../build/semantic_mapper/semantic_mapper.egg-info/dependency_links.txt
[1.037s] writing entry points to ../../build/semantic_mapper/semantic_mapper.egg-info/entry_points.txt
[1.037s] writing requirements to ../../build/semantic_mapper/semantic_mapper.egg-info/requires.txt
[1.037s] writing top-level names to ../../build/semantic_mapper/semantic_mapper.egg-info/top_level.txt
[1.038s] reading manifest file '../../build/semantic_mapper/semantic_mapper.egg-info/SOURCES.txt'
[1.038s] writing manifest file '../../build/semantic_mapper/semantic_mapper.egg-info/SOURCES.txt'
[1.038s] running build
[1.038s] running build_py
[1.038s] copying semantic_mapper/semantic_database.py -> /home/pacman/turtlebot3_ws/build/semantic_mapper/build/lib/semantic_mapper
[1.039s] running install
[1.039s] running install_lib
[1.039s] copying /home/pacman/turtlebot3_ws/build/semantic_mapper/build/lib/semantic_mapper/semantic_database.py -> /home/pacman/turtlebot3_ws/install/semantic_mapper/lib/python3.10/site-packages/semantic_mapper
[1.040s] byte-compiling /home/pacman/turtlebot3_ws/install/semantic_mapper/lib/python3.10/site-packages/semantic_mapper/semantic_database.py to semantic_database.cpython-310.pyc
[1.042s] running install_data
[1.042s] error: can't copy 'config/*': doesn't exist or not a regular file
[1.042s] creating /home/pacman/turtlebot3_ws/install/semantic_mapper/share/semantic_mapper/config
[1.060s] Invoked command in '/home/pacman/turtlebot3_ws/src/semantic_mapper' returned '1': PYTHONPATH=/home/pacman/turtlebot3_ws/build/semantic_mapper/prefix_override:/home/pacman/.local/lib/python3.10/site-packages/colcon_core/task/python/colcon_distutils_commands:/home/pacman/turtlebot3_ws/install/semantic_mapper/lib/python3.10/site-packages:${PYTHONPATH} /usr/bin/python3 -W ignore:setup.py install is deprecated setup.py egg_info --egg-base ../../build/semantic_mapper build --build-base /home/pacman/turtlebot3_ws/build/semantic_mapper/build install --record /home/pacman/turtlebot3_ws/build/semantic_mapper/install.log --single-version-externally-managed install_data
