[0.029s] Invoking command in '/home/pacman/turtlebot3_ws/build/turtlebot3_gazebo': CMAKE_PREFIX_PATH=${CMAKE_PREFIX_PATH}:/home/pacman/turtlebot3_ws/install/turtlebot3_teleop:/home/pacman/turtlebot3_ws/install/turtlebot3_example:/opt/ros/humble /usr/bin/cmake /home/pacman/turtlebot3_ws/src/turtlebot3/turtlebot3_simulations/turtlebot3_gazebo -DCMAKE_INSTALL_PREFIX=/home/pacman/turtlebot3_ws/install/turtlebot3_gazebo
[0.052s] -- Found ament_cmake: 1.3.10 (/opt/ros/humble/share/ament_cmake/cmake)
[0.155s] -- Override CMake install command with custom implementation using symlinks instead of copying resources
[0.167s] [33mCMake Warning (dev) at /usr/share/cmake-3.22/Modules/FindPackageHandleStandardArgs.cmake:438 (message):
[0.167s]   The package name passed to `find_package_handle_standard_args` (PkgConfig)
[0.167s]   does not match the name of the calling package (gazebo).  This can lead to
[0.167s]   problems in calling code that expects `find_package` result variables
[0.167s]   (e.g., `_FOUND`) to follow a certain pattern.
[0.167s] Call Stack (most recent call first):
[0.167s]   /usr/share/cmake-3.22/Modules/FindPkgConfig.cmake:99 (find_package_handle_standard_args)
[0.167s]   /usr/lib/x86_64-linux-gnu/cmake/gazebo/gazebo-config.cmake:72 (include)
[0.167s]   CMakeLists.txt:23 (find_package)
[0.167s] This warning is for project developers.  Use -Wno-dev to suppress it.
[0.167s] [0m
[0.194s] -- Found DART: /usr/include (Required is at least version "6.6") found components: dart 
[0.231s] -- Found Protobuf: /usr/lib/x86_64-linux-gnu/libprotobuf.so (found version "3.12.4") 
[0.232s] -- Looking for ignition-math6 -- found version 6.15.1
[0.238s] -- Searching for dependencies of ignition-math6
[0.239s] -- Looking for OGRE...
[0.244s] -- Found Ogre Ghadamon (1.9.0)
[0.245s] -- Found OGRE: optimized;/usr/lib/x86_64-linux-gnu/libOgreMain.so;debug;/usr/lib/x86_64-linux-gnu/libOgreMain.so
[0.253s] -- Looking for OGRE_Paging...
[0.253s] -- Found OGRE_Paging: optimized;/usr/lib/x86_64-linux-gnu/libOgrePaging.so;debug;/usr/lib/x86_64-linux-gnu/libOgrePaging.so
[0.253s] -- Looking for OGRE_Terrain...
[0.253s] -- Found OGRE_Terrain: optimized;/usr/lib/x86_64-linux-gnu/libOgreTerrain.so;debug;/usr/lib/x86_64-linux-gnu/libOgreTerrain.so
[0.253s] -- Looking for OGRE_Property...
[0.253s] -- Found OGRE_Property: optimized;/usr/lib/x86_64-linux-gnu/libOgreProperty.so;debug;/usr/lib/x86_64-linux-gnu/libOgreProperty.so
[0.253s] -- Looking for OGRE_RTShaderSystem...
[0.253s] -- Found OGRE_RTShaderSystem: optimized;/usr/lib/x86_64-linux-gnu/libOgreRTShaderSystem.so;debug;/usr/lib/x86_64-linux-gnu/libOgreRTShaderSystem.so
[0.253s] -- Looking for OGRE_Volume...
[0.253s] -- Found OGRE_Volume: optimized;/usr/lib/x86_64-linux-gnu/libOgreVolume.so;debug;/usr/lib/x86_64-linux-gnu/libOgreVolume.so
[0.253s] -- Looking for OGRE_Overlay...
[0.253s] -- Found OGRE_Overlay: optimized;/usr/lib/x86_64-linux-gnu/libOgreOverlay.so;debug;/usr/lib/x86_64-linux-gnu/libOgreOverlay.so
[0.394s] -- Looking for ignition-math6 -- found version 6.15.1
[0.394s] -- Looking for ignition-transport8 -- found version 8.2.1
[0.395s] -- Searching for dependencies of ignition-transport8
[0.407s] -- Found Protobuf: /usr/lib/x86_64-linux-gnu/libprotobuf.so (found suitable version "3.12.4", minimum required is "3") 
[0.415s] -- Config-file not installed for ZeroMQ -- checking for pkg-config
[0.419s] -- Checking for module 'libzmq >= 4'
[0.433s] --   Found libzmq , version 4.3.4
[0.467s] -- Checking for module 'uuid'
[0.479s] --   Found uuid, version 2.37.2
[0.505s] -- Looking for ignition-msgs5 -- found version 5.8.1
[0.506s] -- Searching for dependencies of ignition-msgs5
[0.521s] -- Looking for ignition-math6 -- found version 6.15.1
[0.526s] -- Checking for module 'tinyxml2'
[0.537s] --   Found tinyxml2, version 9.0.0
[0.561s] -- Looking for ignition-msgs5 -- found version 5.8.1
[0.562s] -- Looking for ignition-common3 -- found version 3.14.0
[0.562s] -- Searching for dependencies of ignition-common3
[0.562s] -- Looking for dlfcn.h - found
[0.562s] -- Looking for libdl - found
[0.572s] -- Searching for <ignition-common3> component [graphics]
[0.572s] -- Looking for ignition-common3-graphics -- found version 3.14.0
[0.572s] -- Searching for dependencies of ignition-common3-graphics
[0.573s] -- Looking for ignition-math6 -- found version 6.15.1
[0.574s] -- Looking for ignition-fuel_tools4 -- found version 4.4.0
[0.574s] -- Searching for dependencies of ignition-fuel_tools4
[0.608s] -- Checking for module 'jsoncpp'
[0.620s] --   Found jsoncpp, version 1.9.5
[0.650s] -- Checking for module 'libzip'
[0.661s] --   Found libzip, version 1.7.3
[0.688s] -- Looking for ignition-common3 -- found version 3.14.0
[0.688s] -- Looking for ignition-math6 -- found version 6.15.1
[0.689s] -- Looking for ignition-msgs5 -- found version 5.8.1
[0.690s] -- Found gazebo_ros_pkgs: 3.7.0 (/opt/ros/humble/share/gazebo_ros_pkgs/cmake)
[0.690s] -- Found geometry_msgs: 4.2.4 (/opt/ros/humble/share/geometry_msgs/cmake)
[0.703s] -- Found rosidl_generator_c: 3.1.5 (/opt/ros/humble/share/rosidl_generator_c/cmake)
[0.705s] -- Found rosidl_adapter: 3.1.5 (/opt/ros/humble/share/rosidl_adapter/cmake)
[0.709s] -- Found rosidl_generator_cpp: 3.1.5 (/opt/ros/humble/share/rosidl_generator_cpp/cmake)
[0.715s] -- Using all available rosidl_typesupport_c: rosidl_typesupport_fastrtps_c;rosidl_typesupport_introspection_c
[0.728s] -- Using all available rosidl_typesupport_cpp: rosidl_typesupport_fastrtps_cpp;rosidl_typesupport_introspection_cpp
[0.765s] -- Found nav_msgs: 4.2.4 (/opt/ros/humble/share/nav_msgs/cmake)
[0.778s] -- Found rclcpp: 16.0.10 (/opt/ros/humble/share/rclcpp/cmake)
[0.795s] -- Found rmw_implementation_cmake: 6.1.2 (/opt/ros/humble/share/rmw_implementation_cmake/cmake)
[0.796s] -- Found rmw_fastrtps_cpp: 6.2.7 (/opt/ros/humble/share/rmw_fastrtps_cpp/cmake)
[0.887s] -- Using RMW implementation 'rmw_fastrtps_cpp' as default
[0.912s] -- Found sensor_msgs: 4.2.4 (/opt/ros/humble/share/sensor_msgs/cmake)
[0.923s] -- Found tf2: 0.25.8 (/opt/ros/humble/share/tf2/cmake)
[0.988s] -- Configuring done
[1.012s] -- Generating done
[1.014s] -- Build files have been written to: /home/pacman/turtlebot3_ws/build/turtlebot3_gazebo
[1.021s] Invoked command in '/home/pacman/turtlebot3_ws/build/turtlebot3_gazebo' returned '0': CMAKE_PREFIX_PATH=${CMAKE_PREFIX_PATH}:/home/pacman/turtlebot3_ws/install/turtlebot3_teleop:/home/pacman/turtlebot3_ws/install/turtlebot3_example:/opt/ros/humble /usr/bin/cmake /home/pacman/turtlebot3_ws/src/turtlebot3/turtlebot3_simulations/turtlebot3_gazebo -DCMAKE_INSTALL_PREFIX=/home/pacman/turtlebot3_ws/install/turtlebot3_gazebo
[1.023s] Invoking command in '/home/pacman/turtlebot3_ws/build/turtlebot3_gazebo': CMAKE_PREFIX_PATH=${CMAKE_PREFIX_PATH}:/home/pacman/turtlebot3_ws/install/turtlebot3_teleop:/home/pacman/turtlebot3_ws/install/turtlebot3_example:/opt/ros/humble /usr/bin/cmake --build /home/pacman/turtlebot3_ws/build/turtlebot3_gazebo -- -j12 -l12
[1.056s] [35m[1mConsolidate compiler generated dependencies of target turtlebot3_drive[0m
[1.056s] [35m[1mConsolidate compiler generated dependencies of target obstacles[0m
[1.056s] [35m[1mConsolidate compiler generated dependencies of target obstacle1[0m
[1.057s] [35m[1mConsolidate compiler generated dependencies of target obstacle2[0m
[1.070s] [ 25%] Built target turtlebot3_drive
[1.082s] [ 75%] Built target obstacle1
[1.082s] [ 75%] Built target obstacles
[1.084s] [100%] Built target obstacle2
[1.093s] Invoked command in '/home/pacman/turtlebot3_ws/build/turtlebot3_gazebo' returned '0': CMAKE_PREFIX_PATH=${CMAKE_PREFIX_PATH}:/home/pacman/turtlebot3_ws/install/turtlebot3_teleop:/home/pacman/turtlebot3_ws/install/turtlebot3_example:/opt/ros/humble /usr/bin/cmake --build /home/pacman/turtlebot3_ws/build/turtlebot3_gazebo -- -j12 -l12
[1.121s] Invoking command in '/home/pacman/turtlebot3_ws/build/turtlebot3_gazebo': CMAKE_PREFIX_PATH=${CMAKE_PREFIX_PATH}:/home/pacman/turtlebot3_ws/install/turtlebot3_teleop:/home/pacman/turtlebot3_ws/install/turtlebot3_example:/opt/ros/humble /usr/bin/cmake --install /home/pacman/turtlebot3_ws/build/turtlebot3_gazebo
[1.127s] -- Install configuration: ""
[1.127s] -- Execute custom install script
[1.127s] -- Up-to-date symlink: /home/pacman/turtlebot3_ws/install/turtlebot3_gazebo/lib/turtlebot3_gazebo/turtlebot3_drive
[1.128s] -- Up-to-date symlink: /home/pacman/turtlebot3_ws/install/turtlebot3_gazebo/share/turtlebot3_gazebo//launch/empty_world.launch.py
[1.128s] -- Up-to-date symlink: /home/pacman/turtlebot3_ws/install/turtlebot3_gazebo/share/turtlebot3_gazebo//launch/robot_state_publisher.launch.py
[1.128s] -- Up-to-date symlink: /home/pacman/turtlebot3_ws/install/turtlebot3_gazebo/share/turtlebot3_gazebo//launch/spawn_turtlebot3.launch.py
[1.128s] -- Up-to-date symlink: /home/pacman/turtlebot3_ws/install/turtlebot3_gazebo/share/turtlebot3_gazebo//launch/turtlebot3_dqn_stage1.launch.py
[1.128s] -- Up-to-date symlink: /home/pacman/turtlebot3_ws/install/turtlebot3_gazebo/share/turtlebot3_gazebo//launch/turtlebot3_dqn_stage2.launch.py
[1.128s] -- Up-to-date symlink: /home/pacman/turtlebot3_ws/install/turtlebot3_gazebo/share/turtlebot3_gazebo//launch/turtlebot3_dqn_stage3.launch.py
[1.128s] -- Up-to-date symlink: /home/pacman/turtlebot3_ws/install/turtlebot3_gazebo/share/turtlebot3_gazebo//launch/turtlebot3_dqn_stage4.launch.py
[1.129s] -- Up-to-date symlink: /home/pacman/turtlebot3_ws/install/turtlebot3_gazebo/share/turtlebot3_gazebo//launch/turtlebot3_house.launch.py
[1.129s] -- Up-to-date symlink: /home/pacman/turtlebot3_ws/install/turtlebot3_gazebo/share/turtlebot3_gazebo//launch/turtlebot3_world.launch.py
[1.129s] -- Up-to-date symlink: /home/pacman/turtlebot3_ws/install/turtlebot3_gazebo/share/turtlebot3_gazebo//models/turtlebot3_burger/model-1_4.sdf
[1.130s] -- Up-to-date symlink: /home/pacman/turtlebot3_ws/install/turtlebot3_gazebo/share/turtlebot3_gazebo//models/turtlebot3_burger/model.config
[1.130s] -- Up-to-date symlink: /home/pacman/turtlebot3_ws/install/turtlebot3_gazebo/share/turtlebot3_gazebo//models/turtlebot3_burger/model.sdf
[1.130s] -- Up-to-date symlink: /home/pacman/turtlebot3_ws/install/turtlebot3_gazebo/share/turtlebot3_gazebo//models/turtlebot3_common/meshes/burger_base.dae
[1.130s] -- Up-to-date symlink: /home/pacman/turtlebot3_ws/install/turtlebot3_gazebo/share/turtlebot3_gazebo//models/turtlebot3_common/meshes/lds.dae
[1.130s] -- Up-to-date symlink: /home/pacman/turtlebot3_ws/install/turtlebot3_gazebo/share/turtlebot3_gazebo//models/turtlebot3_common/meshes/r200.dae
[1.130s] -- Up-to-date symlink: /home/pacman/turtlebot3_ws/install/turtlebot3_gazebo/share/turtlebot3_gazebo//models/turtlebot3_common/meshes/tire.dae
[1.130s] -- Up-to-date symlink: /home/pacman/turtlebot3_ws/install/turtlebot3_gazebo/share/turtlebot3_gazebo//models/turtlebot3_common/meshes/waffle_base.dae
[1.130s] -- Up-to-date symlink: /home/pacman/turtlebot3_ws/install/turtlebot3_gazebo/share/turtlebot3_gazebo//models/turtlebot3_common/meshes/waffle_pi_base.dae
[1.130s] -- Up-to-date symlink: /home/pacman/turtlebot3_ws/install/turtlebot3_gazebo/share/turtlebot3_gazebo//models/turtlebot3_common/model.config
[1.130s] -- Up-to-date symlink: /home/pacman/turtlebot3_ws/install/turtlebot3_gazebo/share/turtlebot3_gazebo//models/turtlebot3_dqn_world/goal_box/model.config
[1.130s] -- Up-to-date symlink: /home/pacman/turtlebot3_ws/install/turtlebot3_gazebo/share/turtlebot3_gazebo//models/turtlebot3_dqn_world/goal_box/model.sdf
[1.130s] -- Up-to-date symlink: /home/pacman/turtlebot3_ws/install/turtlebot3_gazebo/share/turtlebot3_gazebo//models/turtlebot3_dqn_world/inner_walls/model.config
[1.130s] -- Up-to-date symlink: /home/pacman/turtlebot3_ws/install/turtlebot3_gazebo/share/turtlebot3_gazebo//models/turtlebot3_dqn_world/inner_walls/model.sdf
[1.131s] -- Up-to-date symlink: /home/pacman/turtlebot3_ws/install/turtlebot3_gazebo/share/turtlebot3_gazebo//models/turtlebot3_dqn_world/model.config
[1.131s] -- Up-to-date symlink: /home/pacman/turtlebot3_ws/install/turtlebot3_gazebo/share/turtlebot3_gazebo//models/turtlebot3_dqn_world/model.sdf
[1.131s] -- Up-to-date symlink: /home/pacman/turtlebot3_ws/install/turtlebot3_gazebo/share/turtlebot3_gazebo//models/turtlebot3_dqn_world/obstacle1/model.config
[1.131s] -- Up-to-date symlink: /home/pacman/turtlebot3_ws/install/turtlebot3_gazebo/share/turtlebot3_gazebo//models/turtlebot3_dqn_world/obstacle1/model.sdf
[1.131s] -- Up-to-date symlink: /home/pacman/turtlebot3_ws/install/turtlebot3_gazebo/share/turtlebot3_gazebo//models/turtlebot3_dqn_world/obstacle2/model.config
[1.131s] -- Up-to-date symlink: /home/pacman/turtlebot3_ws/install/turtlebot3_gazebo/share/turtlebot3_gazebo//models/turtlebot3_dqn_world/obstacle2/model.sdf
[1.131s] -- Up-to-date symlink: /home/pacman/turtlebot3_ws/install/turtlebot3_gazebo/share/turtlebot3_gazebo//models/turtlebot3_dqn_world/obstacle_plugin/CMakeLists.txt
[1.131s] -- Up-to-date symlink: /home/pacman/turtlebot3_ws/install/turtlebot3_gazebo/share/turtlebot3_gazebo//models/turtlebot3_dqn_world/obstacle_plugin/obstacle1.cc
[1.131s] -- Up-to-date symlink: /home/pacman/turtlebot3_ws/install/turtlebot3_gazebo/share/turtlebot3_gazebo//models/turtlebot3_dqn_world/obstacle_plugin/obstacle2.cc
[1.131s] -- Up-to-date symlink: /home/pacman/turtlebot3_ws/install/turtlebot3_gazebo/share/turtlebot3_gazebo//models/turtlebot3_dqn_world/obstacle_plugin/obstacles.cc
[1.131s] -- Up-to-date symlink: /home/pacman/turtlebot3_ws/install/turtlebot3_gazebo/share/turtlebot3_gazebo//models/turtlebot3_dqn_world/obstacles/model.config
[1.131s] -- Up-to-date symlink: /home/pacman/turtlebot3_ws/install/turtlebot3_gazebo/share/turtlebot3_gazebo//models/turtlebot3_dqn_world/obstacles/model.sdf
[1.131s] -- Up-to-date symlink: /home/pacman/turtlebot3_ws/install/turtlebot3_gazebo/share/turtlebot3_gazebo//models/turtlebot3_house/model.config
[1.132s] -- Up-to-date symlink: /home/pacman/turtlebot3_ws/install/turtlebot3_gazebo/share/turtlebot3_gazebo//models/turtlebot3_house/model.sdf
[1.132s] -- Up-to-date symlink: /home/pacman/turtlebot3_ws/install/turtlebot3_gazebo/share/turtlebot3_gazebo//models/turtlebot3_waffle/model-1_4.sdf
[1.132s] -- Up-to-date symlink: /home/pacman/turtlebot3_ws/install/turtlebot3_gazebo/share/turtlebot3_gazebo//models/turtlebot3_waffle/model.config
[1.132s] -- Up-to-date symlink: /home/pacman/turtlebot3_ws/install/turtlebot3_gazebo/share/turtlebot3_gazebo//models/turtlebot3_waffle/model.sdf
[1.132s] -- Up-to-date symlink: /home/pacman/turtlebot3_ws/install/turtlebot3_gazebo/share/turtlebot3_gazebo//models/turtlebot3_waffle_pi/model-1_4_.sdf
[1.132s] -- Up-to-date symlink: /home/pacman/turtlebot3_ws/install/turtlebot3_gazebo/share/turtlebot3_gazebo//models/turtlebot3_waffle_pi/model.config
[1.132s] -- Up-to-date symlink: /home/pacman/turtlebot3_ws/install/turtlebot3_gazebo/share/turtlebot3_gazebo//models/turtlebot3_waffle_pi/model.sdf
[1.132s] -- Up-to-date symlink: /home/pacman/turtlebot3_ws/install/turtlebot3_gazebo/share/turtlebot3_gazebo//models/turtlebot3_world/meshes/hexagon.dae
[1.132s] -- Up-to-date symlink: /home/pacman/turtlebot3_ws/install/turtlebot3_gazebo/share/turtlebot3_gazebo//models/turtlebot3_world/meshes/wall.dae
[1.132s] -- Up-to-date symlink: /home/pacman/turtlebot3_ws/install/turtlebot3_gazebo/share/turtlebot3_gazebo//models/turtlebot3_world/model-1_4.sdf
[1.133s] -- Up-to-date symlink: /home/pacman/turtlebot3_ws/install/turtlebot3_gazebo/share/turtlebot3_gazebo//models/turtlebot3_world/model.config
[1.133s] -- Up-to-date symlink: /home/pacman/turtlebot3_ws/install/turtlebot3_gazebo/share/turtlebot3_gazebo//models/turtlebot3_world/model.sdf
[1.133s] -- Up-to-date symlink: /home/pacman/turtlebot3_ws/install/turtlebot3_gazebo/share/turtlebot3_gazebo//rviz/tb3_gazebo.rviz
[1.133s] -- Up-to-date symlink: /home/pacman/turtlebot3_ws/install/turtlebot3_gazebo/share/turtlebot3_gazebo//urdf/common_properties.urdf
[1.133s] -- Up-to-date symlink: /home/pacman/turtlebot3_ws/install/turtlebot3_gazebo/share/turtlebot3_gazebo//urdf/turtlebot3_burger.urdf
[1.133s] -- Up-to-date symlink: /home/pacman/turtlebot3_ws/install/turtlebot3_gazebo/share/turtlebot3_gazebo//urdf/turtlebot3_waffle.urdf
[1.133s] -- Up-to-date symlink: /home/pacman/turtlebot3_ws/install/turtlebot3_gazebo/share/turtlebot3_gazebo//urdf/turtlebot3_waffle_pi.urdf
[1.133s] -- Up-to-date symlink: /home/pacman/turtlebot3_ws/install/turtlebot3_gazebo/share/turtlebot3_gazebo//worlds/empty_world.world
[1.133s] -- Up-to-date symlink: /home/pacman/turtlebot3_ws/install/turtlebot3_gazebo/share/turtlebot3_gazebo//worlds/turtlebot3_dqn_stage1.world
[1.133s] -- Up-to-date symlink: /home/pacman/turtlebot3_ws/install/turtlebot3_gazebo/share/turtlebot3_gazebo//worlds/turtlebot3_dqn_stage2.world
[1.133s] -- Up-to-date symlink: /home/pacman/turtlebot3_ws/install/turtlebot3_gazebo/share/turtlebot3_gazebo//worlds/turtlebot3_dqn_stage3.world
[1.133s] -- Up-to-date symlink: /home/pacman/turtlebot3_ws/install/turtlebot3_gazebo/share/turtlebot3_gazebo//worlds/turtlebot3_dqn_stage4.world
[1.133s] -- Up-to-date symlink: /home/pacman/turtlebot3_ws/install/turtlebot3_gazebo/share/turtlebot3_gazebo//worlds/turtlebot3_house.world
[1.133s] -- Up-to-date symlink: /home/pacman/turtlebot3_ws/install/turtlebot3_gazebo/share/turtlebot3_gazebo//worlds/turtlebot3_world.world
[1.133s] -- Up-to-date symlink: /home/pacman/turtlebot3_ws/install/turtlebot3_gazebo/include//turtlebot3_gazebo/turtlebot3_drive.hpp
[1.134s] -- Up-to-date symlink: /home/pacman/turtlebot3_ws/install/turtlebot3_gazebo/share/ament_index/resource_index/package_run_dependencies/turtlebot3_gazebo
[1.134s] -- Up-to-date symlink: /home/pacman/turtlebot3_ws/install/turtlebot3_gazebo/share/ament_index/resource_index/parent_prefix_path/turtlebot3_gazebo
[1.134s] -- Up-to-date symlink: /home/pacman/turtlebot3_ws/install/turtlebot3_gazebo/share/turtlebot3_gazebo/environment/ament_prefix_path.sh
[1.134s] -- Up-to-date symlink: /home/pacman/turtlebot3_ws/install/turtlebot3_gazebo/share/turtlebot3_gazebo/environment/ament_prefix_path.dsv
[1.134s] -- Up-to-date symlink: /home/pacman/turtlebot3_ws/install/turtlebot3_gazebo/share/turtlebot3_gazebo/environment/path.sh
[1.134s] -- Up-to-date symlink: /home/pacman/turtlebot3_ws/install/turtlebot3_gazebo/share/turtlebot3_gazebo/environment/path.dsv
[1.134s] -- Up-to-date symlink: /home/pacman/turtlebot3_ws/install/turtlebot3_gazebo/share/turtlebot3_gazebo/local_setup.bash
[1.135s] -- Up-to-date symlink: /home/pacman/turtlebot3_ws/install/turtlebot3_gazebo/share/turtlebot3_gazebo/local_setup.sh
[1.135s] -- Up-to-date symlink: /home/pacman/turtlebot3_ws/install/turtlebot3_gazebo/share/turtlebot3_gazebo/local_setup.zsh
[1.135s] -- Up-to-date symlink: /home/pacman/turtlebot3_ws/install/turtlebot3_gazebo/share/turtlebot3_gazebo/local_setup.dsv
[1.135s] -- Symlinking: /home/pacman/turtlebot3_ws/install/turtlebot3_gazebo/share/turtlebot3_gazebo/package.dsv
[1.145s] -- Up-to-date symlink: /home/pacman/turtlebot3_ws/install/turtlebot3_gazebo/share/ament_index/resource_index/packages/turtlebot3_gazebo
[1.145s] -- Up-to-date symlink: /home/pacman/turtlebot3_ws/install/turtlebot3_gazebo/share/turtlebot3_gazebo/cmake/ament_cmake_export_include_directories-extras.cmake
[1.146s] -- Up-to-date symlink: /home/pacman/turtlebot3_ws/install/turtlebot3_gazebo/share/turtlebot3_gazebo/cmake/ament_cmake_export_dependencies-extras.cmake
[1.146s] -- Up-to-date symlink: /home/pacman/turtlebot3_ws/install/turtlebot3_gazebo/share/turtlebot3_gazebo/cmake/turtlebot3_gazeboConfig.cmake
[1.146s] -- Up-to-date symlink: /home/pacman/turtlebot3_ws/install/turtlebot3_gazebo/share/turtlebot3_gazebo/cmake/turtlebot3_gazeboConfig-version.cmake
[1.146s] -- Up-to-date symlink: /home/pacman/turtlebot3_ws/install/turtlebot3_gazebo/share/turtlebot3_gazebo/package.xml
[1.154s] Invoked command in '/home/pacman/turtlebot3_ws/build/turtlebot3_gazebo' returned '0': CMAKE_PREFIX_PATH=${CMAKE_PREFIX_PATH}:/home/pacman/turtlebot3_ws/install/turtlebot3_teleop:/home/pacman/turtlebot3_ws/install/turtlebot3_example:/opt/ros/humble /usr/bin/cmake --install /home/pacman/turtlebot3_ws/build/turtlebot3_gazebo
