[0.037s] Invoking command in '/home/duck_sh/Mobile-Swarm-Navigation/build/hls_lfcd_lds_driver': CMAKE_PREFIX_PATH=${CMAKE_PREFIX_PATH}:/home/duck_sh/Mobile-Swarm-Navigation/install/turtlebot3_teleop:/home/duck_sh/Mobile-Swarm-Navigation/install/turtlebot3_example:/home/duck_sh/ros2_ws/install/my_py_pkg:/home/duck_sh/turtlebot3_manipulation-humble-devel/install/ros2_controllers_test_nodes:/opt/ros/humble /usr/bin/cmake --build /home/duck_sh/Mobile-Swarm-Navigation/build/hls_lfcd_lds_driver -- -j32 -l32
[0.221s] [100%] Built target hlds_laser_publisher
[0.229s] Invoked command in '/home/duck_sh/Mobile-Swarm-Navigation/build/hls_lfcd_lds_driver' returned '0': CMAKE_PREFIX_PATH=${CMAKE_PREFIX_PATH}:/home/duck_sh/Mobile-Swarm-Navigation/install/turtlebot3_teleop:/home/duck_sh/Mobile-Swarm-Navigation/install/turtlebot3_example:/home/duck_sh/ros2_ws/install/my_py_pkg:/home/duck_sh/turtlebot3_manipulation-humble-devel/install/ros2_controllers_test_nodes:/opt/ros/humble /usr/bin/cmake --build /home/duck_sh/Mobile-Swarm-Navigation/build/hls_lfcd_lds_driver -- -j32 -l32
[0.257s] Invoking command in '/home/duck_sh/Mobile-Swarm-Navigation/build/hls_lfcd_lds_driver': CMAKE_PREFIX_PATH=${CMAKE_PREFIX_PATH}:/home/duck_sh/Mobile-Swarm-Navigation/install/turtlebot3_teleop:/home/duck_sh/Mobile-Swarm-Navigation/install/turtlebot3_example:/home/duck_sh/ros2_ws/install/my_py_pkg:/home/duck_sh/turtlebot3_manipulation-humble-devel/install/ros2_controllers_test_nodes:/opt/ros/humble /usr/bin/cmake --install /home/duck_sh/Mobile-Swarm-Navigation/build/hls_lfcd_lds_driver
[0.273s] -- Install configuration: ""
[0.273s] -- Up-to-date: /home/duck_sh/Mobile-Swarm-Navigation/install/hls_lfcd_lds_driver/share/hls_lfcd_lds_driver/launch
[0.273s] -- Up-to-date: /home/duck_sh/Mobile-Swarm-Navigation/install/hls_lfcd_lds_driver/share/hls_lfcd_lds_driver/launch/view_hlds_laser.launch.py
[0.273s] -- Up-to-date: /home/duck_sh/Mobile-Swarm-Navigation/install/hls_lfcd_lds_driver/share/hls_lfcd_lds_driver/launch/hlds_laser.launch.py
[0.273s] -- Up-to-date: /home/duck_sh/Mobile-Swarm-Navigation/install/hls_lfcd_lds_driver/share/hls_lfcd_lds_driver/rviz
[0.273s] -- Up-to-date: /home/duck_sh/Mobile-Swarm-Navigation/install/hls_lfcd_lds_driver/share/hls_lfcd_lds_driver/rviz/hlds_laser.rviz
[0.274s] -- Up-to-date: /home/duck_sh/Mobile-Swarm-Navigation/install/hls_lfcd_lds_driver/lib/hls_lfcd_lds_driver/hlds_laser_publisher
[0.274s] -- Up-to-date: /home/duck_sh/Mobile-Swarm-Navigation/install/hls_lfcd_lds_driver/share/ament_index/resource_index/package_run_dependencies/hls_lfcd_lds_driver
[0.274s] -- Up-to-date: /home/duck_sh/Mobile-Swarm-Navigation/install/hls_lfcd_lds_driver/share/ament_index/resource_index/parent_prefix_path/hls_lfcd_lds_driver
[0.274s] -- Up-to-date: /home/duck_sh/Mobile-Swarm-Navigation/install/hls_lfcd_lds_driver/share/hls_lfcd_lds_driver/environment/ament_prefix_path.sh
[0.274s] -- Up-to-date: /home/duck_sh/Mobile-Swarm-Navigation/install/hls_lfcd_lds_driver/share/hls_lfcd_lds_driver/environment/ament_prefix_path.dsv
[0.274s] -- Up-to-date: /home/duck_sh/Mobile-Swarm-Navigation/install/hls_lfcd_lds_driver/share/hls_lfcd_lds_driver/environment/path.sh
[0.274s] -- Up-to-date: /home/duck_sh/Mobile-Swarm-Navigation/install/hls_lfcd_lds_driver/share/hls_lfcd_lds_driver/environment/path.dsv
[0.274s] -- Up-to-date: /home/duck_sh/Mobile-Swarm-Navigation/install/hls_lfcd_lds_driver/share/hls_lfcd_lds_driver/local_setup.bash
[0.274s] -- Up-to-date: /home/duck_sh/Mobile-Swarm-Navigation/install/hls_lfcd_lds_driver/share/hls_lfcd_lds_driver/local_setup.sh
[0.274s] -- Up-to-date: /home/duck_sh/Mobile-Swarm-Navigation/install/hls_lfcd_lds_driver/share/hls_lfcd_lds_driver/local_setup.zsh
[0.274s] -- Up-to-date: /home/duck_sh/Mobile-Swarm-Navigation/install/hls_lfcd_lds_driver/share/hls_lfcd_lds_driver/local_setup.dsv
[0.274s] -- Installing: /home/duck_sh/Mobile-Swarm-Navigation/install/hls_lfcd_lds_driver/share/hls_lfcd_lds_driver/package.dsv
[0.274s] -- Up-to-date: /home/duck_sh/Mobile-Swarm-Navigation/install/hls_lfcd_lds_driver/share/ament_index/resource_index/packages/hls_lfcd_lds_driver
[0.275s] -- Up-to-date: /home/duck_sh/Mobile-Swarm-Navigation/install/hls_lfcd_lds_driver/share/hls_lfcd_lds_driver/cmake/ament_cmake_export_dependencies-extras.cmake
[0.275s] -- Up-to-date: /home/duck_sh/Mobile-Swarm-Navigation/install/hls_lfcd_lds_driver/share/hls_lfcd_lds_driver/cmake/ament_cmake_export_include_directories-extras.cmake
[0.275s] -- Up-to-date: /home/duck_sh/Mobile-Swarm-Navigation/install/hls_lfcd_lds_driver/share/hls_lfcd_lds_driver/cmake/hls_lfcd_lds_driverConfig.cmake
[0.275s] -- Up-to-date: /home/duck_sh/Mobile-Swarm-Navigation/install/hls_lfcd_lds_driver/share/hls_lfcd_lds_driver/cmake/hls_lfcd_lds_driverConfig-version.cmake
[0.275s] -- Up-to-date: /home/duck_sh/Mobile-Swarm-Navigation/install/hls_lfcd_lds_driver/share/hls_lfcd_lds_driver/package.xml
[0.322s] Invoked command in '/home/duck_sh/Mobile-Swarm-Navigation/build/hls_lfcd_lds_driver' returned '0': CMAKE_PREFIX_PATH=${CMAKE_PREFIX_PATH}:/home/duck_sh/Mobile-Swarm-Navigation/install/turtlebot3_teleop:/home/duck_sh/Mobile-Swarm-Navigation/install/turtlebot3_example:/home/duck_sh/ros2_ws/install/my_py_pkg:/home/duck_sh/turtlebot3_manipulation-humble-devel/install/ros2_controllers_test_nodes:/opt/ros/humble /usr/bin/cmake --install /home/duck_sh/Mobile-Swarm-Navigation/build/hls_lfcd_lds_driver
