[0.049s] DEBUG:colcon:Command line arguments: ['/usr/bin/colcon', 'build']
[0.049s] DEBUG:colcon:Parsed command line arguments: Namespace(log_base=None, log_level=None, verb_name='build', build_base='build', install_base='install', merge_install=False, symlink_install=False, test_result_base=None, continue_on_error=False, executor='parallel', parallel_workers=32, event_handlers=None, ignore_user_meta=False, metas=['./colcon.meta'], base_paths=['.'], packages_ignore=None, packages_ignore_regex=None, paths=None, packages_up_to=None, packages_up_to_regex=None, packages_above=None, packages_above_and_dependencies=None, packages_above_depth=None, packages_select_by_dep=None, packages_skip_by_dep=None, packages_skip_up_to=None, packages_select_build_failed=False, packages_skip_build_finished=False, packages_select_test_failures=False, packages_skip_test_passed=False, packages_select=None, packages_skip=None, packages_select_regex=None, packages_skip_regex=None, packages_start=None, packages_end=None, allow_overriding=[], cmake_args=None, cmake_target=None, cmake_target_skip_unavailable=False, cmake_clean_cache=False, cmake_clean_first=False, cmake_force_configure=False, ament_cmake_args=None, catkin_cmake_args=None, catkin_skip_building_tests=False, mixin_files=None, mixin=None, verb_parser=<colcon_mixin.mixin.mixin_argument.MixinArgumentDecorator object at 0x78518d5334f0>, verb_extension=<colcon_core.verb.build.BuildVerb object at 0x78518d532f20>, main=<bound method BuildVerb.main of <colcon_core.verb.build.BuildVerb object at 0x78518d532f20>>, mixin_verb=('build',))
[0.124s] Level 1:colcon.colcon_core.package_discovery:discover_packages(colcon_meta) check parameters
[0.124s] Level 1:colcon.colcon_core.package_discovery:discover_packages(recursive) check parameters
[0.124s] Level 1:colcon.colcon_core.package_discovery:discover_packages(ignore) check parameters
[0.124s] Level 1:colcon.colcon_core.package_discovery:discover_packages(path) check parameters
[0.124s] Level 1:colcon.colcon_core.package_discovery:discover_packages(colcon_meta) discover
[0.124s] Level 1:colcon.colcon_core.package_discovery:discover_packages(recursive) discover
[0.124s] INFO:colcon.colcon_core.package_discovery:Crawling recursively for packages in '/home/duck_sh/turtlebot3_manipulation-humble-devel'
[0.124s] Level 1:colcon.colcon_core.package_identification:_identify(.) by extensions ['ignore', 'ignore_ament_install']
[0.124s] Level 1:colcon.colcon_core.package_identification:_identify(.) by extension 'ignore'
[0.124s] Level 1:colcon.colcon_core.package_identification:_identify(.) by extension 'ignore_ament_install'
[0.124s] Level 1:colcon.colcon_core.package_identification:_identify(.) by extensions ['colcon_pkg']
[0.124s] Level 1:colcon.colcon_core.package_identification:_identify(.) by extension 'colcon_pkg'
[0.124s] Level 1:colcon.colcon_core.package_identification:_identify(.) by extensions ['colcon_meta']
[0.124s] Level 1:colcon.colcon_core.package_identification:_identify(.) by extension 'colcon_meta'
[0.124s] Level 1:colcon.colcon_core.package_identification:_identify(.) by extensions ['ros']
[0.124s] Level 1:colcon.colcon_core.package_identification:_identify(.) by extension 'ros'
[0.129s] Level 1:colcon.colcon_core.package_identification:_identify(.) by extensions ['cmake', 'python']
[0.129s] Level 1:colcon.colcon_core.package_identification:_identify(.) by extension 'cmake'
[0.129s] Level 1:colcon.colcon_core.package_identification:_identify(.) by extension 'python'
[0.129s] Level 1:colcon.colcon_core.package_identification:_identify(.) by extensions ['python_setup_py']
[0.129s] Level 1:colcon.colcon_core.package_identification:_identify(.) by extension 'python_setup_py'
[0.129s] Level 1:colcon.colcon_core.package_identification:_identify(build) by extensions ['ignore', 'ignore_ament_install']
[0.129s] Level 1:colcon.colcon_core.package_identification:_identify(build) by extension 'ignore'
[0.129s] Level 1:colcon.colcon_core.package_identification:_identify(build) ignored
[0.129s] Level 1:colcon.colcon_core.package_identification:_identify(install) by extensions ['ignore', 'ignore_ament_install']
[0.129s] Level 1:colcon.colcon_core.package_identification:_identify(install) by extension 'ignore'
[0.129s] Level 1:colcon.colcon_core.package_identification:_identify(install) ignored
[0.130s] Level 1:colcon.colcon_core.package_identification:_identify(log) by extensions ['ignore', 'ignore_ament_install']
[0.130s] Level 1:colcon.colcon_core.package_identification:_identify(log) by extension 'ignore'
[0.130s] Level 1:colcon.colcon_core.package_identification:_identify(log) ignored
[0.130s] Level 1:colcon.colcon_core.package_identification:_identify(turtlebot3_manipulation) by extensions ['ignore', 'ignore_ament_install']
[0.130s] Level 1:colcon.colcon_core.package_identification:_identify(turtlebot3_manipulation) by extension 'ignore'
[0.130s] Level 1:colcon.colcon_core.package_identification:_identify(turtlebot3_manipulation) by extension 'ignore_ament_install'
[0.130s] Level 1:colcon.colcon_core.package_identification:_identify(turtlebot3_manipulation) by extensions ['colcon_pkg']
[0.130s] Level 1:colcon.colcon_core.package_identification:_identify(turtlebot3_manipulation) by extension 'colcon_pkg'
[0.130s] Level 1:colcon.colcon_core.package_identification:_identify(turtlebot3_manipulation) by extensions ['colcon_meta']
[0.130s] Level 1:colcon.colcon_core.package_identification:_identify(turtlebot3_manipulation) by extension 'colcon_meta'
[0.130s] Level 1:colcon.colcon_core.package_identification:_identify(turtlebot3_manipulation) by extensions ['ros']
[0.130s] Level 1:colcon.colcon_core.package_identification:_identify(turtlebot3_manipulation) by extension 'ros'
[0.131s] DEBUG:colcon.colcon_core.package_identification:Package 'turtlebot3_manipulation' with type 'ros.ament_cmake' and name 'turtlebot3_manipulation'
[0.131s] Level 1:colcon.colcon_core.package_identification:_identify(turtlebot3_manipulation_bringup) by extensions ['ignore', 'ignore_ament_install']
[0.131s] Level 1:colcon.colcon_core.package_identification:_identify(turtlebot3_manipulation_bringup) by extension 'ignore'
[0.131s] Level 1:colcon.colcon_core.package_identification:_identify(turtlebot3_manipulation_bringup) by extension 'ignore_ament_install'
[0.131s] Level 1:colcon.colcon_core.package_identification:_identify(turtlebot3_manipulation_bringup) by extensions ['colcon_pkg']
[0.131s] Level 1:colcon.colcon_core.package_identification:_identify(turtlebot3_manipulation_bringup) by extension 'colcon_pkg'
[0.131s] Level 1:colcon.colcon_core.package_identification:_identify(turtlebot3_manipulation_bringup) by extensions ['colcon_meta']
[0.131s] Level 1:colcon.colcon_core.package_identification:_identify(turtlebot3_manipulation_bringup) by extension 'colcon_meta'
[0.131s] Level 1:colcon.colcon_core.package_identification:_identify(turtlebot3_manipulation_bringup) by extensions ['ros']
[0.131s] Level 1:colcon.colcon_core.package_identification:_identify(turtlebot3_manipulation_bringup) by extension 'ros'
[0.131s] DEBUG:colcon.colcon_core.package_identification:Package 'turtlebot3_manipulation_bringup' with type 'ros.ament_cmake' and name 'turtlebot3_manipulation_bringup'
[0.131s] Level 1:colcon.colcon_core.package_identification:_identify(turtlebot3_manipulation_cartographer) by extensions ['ignore', 'ignore_ament_install']
[0.131s] Level 1:colcon.colcon_core.package_identification:_identify(turtlebot3_manipulation_cartographer) by extension 'ignore'
[0.131s] Level 1:colcon.colcon_core.package_identification:_identify(turtlebot3_manipulation_cartographer) by extension 'ignore_ament_install'
[0.132s] Level 1:colcon.colcon_core.package_identification:_identify(turtlebot3_manipulation_cartographer) by extensions ['colcon_pkg']
[0.132s] Level 1:colcon.colcon_core.package_identification:_identify(turtlebot3_manipulation_cartographer) by extension 'colcon_pkg'
[0.132s] Level 1:colcon.colcon_core.package_identification:_identify(turtlebot3_manipulation_cartographer) by extensions ['colcon_meta']
[0.132s] Level 1:colcon.colcon_core.package_identification:_identify(turtlebot3_manipulation_cartographer) by extension 'colcon_meta'
[0.132s] Level 1:colcon.colcon_core.package_identification:_identify(turtlebot3_manipulation_cartographer) by extensions ['ros']
[0.132s] Level 1:colcon.colcon_core.package_identification:_identify(turtlebot3_manipulation_cartographer) by extension 'ros'
[0.132s] DEBUG:colcon.colcon_core.package_identification:Package 'turtlebot3_manipulation_cartographer' with type 'ros.ament_cmake' and name 'turtlebot3_manipulation_cartographer'
[0.132s] Level 1:colcon.colcon_core.package_identification:_identify(turtlebot3_manipulation_description) by extensions ['ignore', 'ignore_ament_install']
[0.132s] Level 1:colcon.colcon_core.package_identification:_identify(turtlebot3_manipulation_description) by extension 'ignore'
[0.132s] Level 1:colcon.colcon_core.package_identification:_identify(turtlebot3_manipulation_description) by extension 'ignore_ament_install'
[0.132s] Level 1:colcon.colcon_core.package_identification:_identify(turtlebot3_manipulation_description) by extensions ['colcon_pkg']
[0.132s] Level 1:colcon.colcon_core.package_identification:_identify(turtlebot3_manipulation_description) by extension 'colcon_pkg'
[0.132s] Level 1:colcon.colcon_core.package_identification:_identify(turtlebot3_manipulation_description) by extensions ['colcon_meta']
[0.132s] Level 1:colcon.colcon_core.package_identification:_identify(turtlebot3_manipulation_description) by extension 'colcon_meta'
[0.132s] Level 1:colcon.colcon_core.package_identification:_identify(turtlebot3_manipulation_description) by extensions ['ros']
[0.132s] Level 1:colcon.colcon_core.package_identification:_identify(turtlebot3_manipulation_description) by extension 'ros'
[0.132s] DEBUG:colcon.colcon_core.package_identification:Package 'turtlebot3_manipulation_description' with type 'ros.ament_cmake' and name 'turtlebot3_manipulation_description'
[0.132s] Level 1:colcon.colcon_core.package_identification:_identify(turtlebot3_manipulation_description_backup) by extensions ['ignore', 'ignore_ament_install']
[0.132s] Level 1:colcon.colcon_core.package_identification:_identify(turtlebot3_manipulation_description_backup) by extension 'ignore'
[0.132s] Level 1:colcon.colcon_core.package_identification:_identify(turtlebot3_manipulation_description_backup) by extension 'ignore_ament_install'
[0.132s] Level 1:colcon.colcon_core.package_identification:_identify(turtlebot3_manipulation_description_backup) by extensions ['colcon_pkg']
[0.132s] Level 1:colcon.colcon_core.package_identification:_identify(turtlebot3_manipulation_description_backup) by extension 'colcon_pkg'
[0.132s] Level 1:colcon.colcon_core.package_identification:_identify(turtlebot3_manipulation_description_backup) by extensions ['colcon_meta']
[0.132s] Level 1:colcon.colcon_core.package_identification:_identify(turtlebot3_manipulation_description_backup) by extension 'colcon_meta'
[0.132s] Level 1:colcon.colcon_core.package_identification:_identify(turtlebot3_manipulation_description_backup) by extensions ['ros']
[0.132s] Level 1:colcon.colcon_core.package_identification:_identify(turtlebot3_manipulation_description_backup) by extension 'ros'
[0.133s] DEBUG:colcon.colcon_core.package_identification:Package 'turtlebot3_manipulation_description_backup' with type 'ros.ament_cmake' and name 'turtlebot3_manipulation_description'
[0.133s] Level 1:colcon.colcon_core.package_identification:_identify(turtlebot3_manipulation_hardware) by extensions ['ignore', 'ignore_ament_install']
[0.133s] Level 1:colcon.colcon_core.package_identification:_identify(turtlebot3_manipulation_hardware) by extension 'ignore'
[0.133s] Level 1:colcon.colcon_core.package_identification:_identify(turtlebot3_manipulation_hardware) by extension 'ignore_ament_install'
[0.133s] Level 1:colcon.colcon_core.package_identification:_identify(turtlebot3_manipulation_hardware) by extensions ['colcon_pkg']
[0.133s] Level 1:colcon.colcon_core.package_identification:_identify(turtlebot3_manipulation_hardware) by extension 'colcon_pkg'
[0.133s] Level 1:colcon.colcon_core.package_identification:_identify(turtlebot3_manipulation_hardware) by extensions ['colcon_meta']
[0.133s] Level 1:colcon.colcon_core.package_identification:_identify(turtlebot3_manipulation_hardware) by extension 'colcon_meta'
[0.133s] Level 1:colcon.colcon_core.package_identification:_identify(turtlebot3_manipulation_hardware) by extensions ['ros']
[0.133s] Level 1:colcon.colcon_core.package_identification:_identify(turtlebot3_manipulation_hardware) by extension 'ros'
[0.133s] DEBUG:colcon.colcon_core.package_identification:Package 'turtlebot3_manipulation_hardware' with type 'ros.ament_cmake' and name 'turtlebot3_manipulation_hardware'
[0.133s] Level 1:colcon.colcon_core.package_identification:_identify(turtlebot3_manipulation_moveit_config) by extensions ['ignore', 'ignore_ament_install']
[0.133s] Level 1:colcon.colcon_core.package_identification:_identify(turtlebot3_manipulation_moveit_config) by extension 'ignore'
[0.133s] Level 1:colcon.colcon_core.package_identification:_identify(turtlebot3_manipulation_moveit_config) by extension 'ignore_ament_install'
[0.133s] Level 1:colcon.colcon_core.package_identification:_identify(turtlebot3_manipulation_moveit_config) by extensions ['colcon_pkg']
[0.133s] Level 1:colcon.colcon_core.package_identification:_identify(turtlebot3_manipulation_moveit_config) by extension 'colcon_pkg'
[0.133s] Level 1:colcon.colcon_core.package_identification:_identify(turtlebot3_manipulation_moveit_config) by extensions ['colcon_meta']
[0.133s] Level 1:colcon.colcon_core.package_identification:_identify(turtlebot3_manipulation_moveit_config) by extension 'colcon_meta'
[0.133s] Level 1:colcon.colcon_core.package_identification:_identify(turtlebot3_manipulation_moveit_config) by extensions ['ros']
[0.133s] Level 1:colcon.colcon_core.package_identification:_identify(turtlebot3_manipulation_moveit_config) by extension 'ros'
[0.134s] DEBUG:colcon.colcon_core.package_identification:Package 'turtlebot3_manipulation_moveit_config' with type 'ros.ament_cmake' and name 'turtlebot3_manipulation_moveit_config'
[0.134s] Level 1:colcon.colcon_core.package_identification:_identify(turtlebot3_manipulation_navigation2) by extensions ['ignore', 'ignore_ament_install']
[0.134s] Level 1:colcon.colcon_core.package_identification:_identify(turtlebot3_manipulation_navigation2) by extension 'ignore'
[0.134s] Level 1:colcon.colcon_core.package_identification:_identify(turtlebot3_manipulation_navigation2) by extension 'ignore_ament_install'
[0.134s] Level 1:colcon.colcon_core.package_identification:_identify(turtlebot3_manipulation_navigation2) by extensions ['colcon_pkg']
[0.134s] Level 1:colcon.colcon_core.package_identification:_identify(turtlebot3_manipulation_navigation2) by extension 'colcon_pkg'
[0.134s] Level 1:colcon.colcon_core.package_identification:_identify(turtlebot3_manipulation_navigation2) by extensions ['colcon_meta']
[0.134s] Level 1:colcon.colcon_core.package_identification:_identify(turtlebot3_manipulation_navigation2) by extension 'colcon_meta'
[0.134s] Level 1:colcon.colcon_core.package_identification:_identify(turtlebot3_manipulation_navigation2) by extensions ['ros']
[0.134s] Level 1:colcon.colcon_core.package_identification:_identify(turtlebot3_manipulation_navigation2) by extension 'ros'
[0.135s] DEBUG:colcon.colcon_core.package_identification:Package 'turtlebot3_manipulation_navigation2' with type 'ros.ament_cmake' and name 'turtlebot3_manipulation_navigation2'
[0.135s] Level 1:colcon.colcon_core.package_identification:_identify(turtlebot3_manipulation_teleop) by extensions ['ignore', 'ignore_ament_install']
[0.135s] Level 1:colcon.colcon_core.package_identification:_identify(turtlebot3_manipulation_teleop) by extension 'ignore'
[0.135s] Level 1:colcon.colcon_core.package_identification:_identify(turtlebot3_manipulation_teleop) by extension 'ignore_ament_install'
[0.135s] Level 1:colcon.colcon_core.package_identification:_identify(turtlebot3_manipulation_teleop) by extensions ['colcon_pkg']
[0.135s] Level 1:colcon.colcon_core.package_identification:_identify(turtlebot3_manipulation_teleop) by extension 'colcon_pkg'
[0.135s] Level 1:colcon.colcon_core.package_identification:_identify(turtlebot3_manipulation_teleop) by extensions ['colcon_meta']
[0.135s] Level 1:colcon.colcon_core.package_identification:_identify(turtlebot3_manipulation_teleop) by extension 'colcon_meta'
[0.135s] Level 1:colcon.colcon_core.package_identification:_identify(turtlebot3_manipulation_teleop) by extensions ['ros']
[0.135s] Level 1:colcon.colcon_core.package_identification:_identify(turtlebot3_manipulation_teleop) by extension 'ros'
[0.135s] DEBUG:colcon.colcon_core.package_identification:Package 'turtlebot3_manipulation_teleop' with type 'ros.ament_cmake' and name 'turtlebot3_manipulation_teleop'
[0.135s] Level 1:colcon.colcon_core.package_discovery:discover_packages(recursive) using defaults
[0.135s] Level 1:colcon.colcon_core.package_discovery:discover_packages(ignore) discover
[0.135s] Level 1:colcon.colcon_core.package_discovery:discover_packages(ignore) using defaults
[0.135s] Level 1:colcon.colcon_core.package_discovery:discover_packages(path) discover
[0.135s] Level 1:colcon.colcon_core.package_discovery:discover_packages(path) using defaults
[0.149s] Level 1:colcon.colcon_core.package_discovery:discover_packages(prefix_path) check parameters
[0.150s] Level 1:colcon.colcon_core.package_discovery:discover_packages(prefix_path) discover
[0.151s] DEBUG:colcon.colcon_installed_package_information.package_discovery:Found 8 installed packages in /home/duck_sh/turtlebot3_manipulation-humble-devel/install
[0.151s] DEBUG:colcon.colcon_installed_package_information.package_discovery:Found 4 installed packages in /home/duck_sh/ros2_ws/install
[0.151s] DEBUG:colcon.colcon_installed_package_information.package_discovery:Found 16 installed packages in /home/duck_sh/pico_ws/install
[0.152s] DEBUG:colcon.colcon_installed_package_information.package_discovery:Found 393 installed packages in /opt/ros/humble
[0.153s] Level 1:colcon.colcon_core.package_discovery:discover_packages(prefix_path) using defaults
[0.173s] ERROR:colcon:colcon build: Duplicate package names not supported:
- turtlebot3_manipulation_description:
  - turtlebot3_manipulation_description
  - turtlebot3_manipulation_description_backup
