[0.091s] Invoking command in '/home/pacman/turtlebot3_ws/build/explore_lite': CMAKE_PREFIX_PATH=${CMAKE_PREFIX_PATH}:/home/pacman/turtlebot3_ws/install/turtlebot3_teleop:/home/pacman/turtlebot3_ws/install/turtlebot3_example:/home/pacman/turtlebot3_ws/install/semantic_mapper:/home/pacman/turtlebot3_ws/install/scheduler:/home/pacman/turtlebot3_ws/install/interpreter:/home/pacman/turtlebot3_ws/install/frame_changer:/home/pacman/turtlebot3_ws/install/dbms:/opt/ros/humble /usr/bin/cmake --build /home/pacman/turtlebot3_ws/build/explore_lite -- -j12 -l12
[0.343s] [35m[1mConsolidate compiler generated dependencies of target explore[0m
[0.344s] [ 20%] Built target gtest_main
[0.344s] [ 40%] Built target gtest
[0.344s] [ 50%] [32mBuilding CXX object CMakeFiles/explore.dir/src/explore.cpp.o[0m
[0.344s] [ 70%] Built target test_explore
[8.790s] [ 80%] [32m[1mLinking CXX executable explore[0m
[9.938s] [100%] Built target explore
[9.946s] Invoked command in '/home/pacman/turtlebot3_ws/build/explore_lite' returned '0': CMAKE_PREFIX_PATH=${CMAKE_PREFIX_PATH}:/home/pacman/turtlebot3_ws/install/turtlebot3_teleop:/home/pacman/turtlebot3_ws/install/turtlebot3_example:/home/pacman/turtlebot3_ws/install/semantic_mapper:/home/pacman/turtlebot3_ws/install/scheduler:/home/pacman/turtlebot3_ws/install/interpreter:/home/pacman/turtlebot3_ws/install/frame_changer:/home/pacman/turtlebot3_ws/install/dbms:/opt/ros/humble /usr/bin/cmake --build /home/pacman/turtlebot3_ws/build/explore_lite -- -j12 -l12
[9.973s] Invoking command in '/home/pacman/turtlebot3_ws/build/explore_lite': CMAKE_PREFIX_PATH=${CMAKE_PREFIX_PATH}:/home/pacman/turtlebot3_ws/install/turtlebot3_teleop:/home/pacman/turtlebot3_ws/install/turtlebot3_example:/home/pacman/turtlebot3_ws/install/semantic_mapper:/home/pacman/turtlebot3_ws/install/scheduler:/home/pacman/turtlebot3_ws/install/interpreter:/home/pacman/turtlebot3_ws/install/frame_changer:/home/pacman/turtlebot3_ws/install/dbms:/opt/ros/humble /usr/bin/cmake --install /home/pacman/turtlebot3_ws/build/explore_lite
[9.979s] -- Install configuration: ""
[9.979s] -- Up-to-date: /home/pacman/turtlebot3_ws/install/explore_lite/include/explore/
[9.979s] -- Up-to-date: /home/pacman/turtlebot3_ws/install/explore_lite/include/explore//frontier_search.h
[9.979s] -- Up-to-date: /home/pacman/turtlebot3_ws/install/explore_lite/include/explore//costmap_client.h
[9.979s] -- Up-to-date: /home/pacman/turtlebot3_ws/install/explore_lite/include/explore//costmap_tools.h
[9.979s] -- Up-to-date: /home/pacman/turtlebot3_ws/install/explore_lite/include/explore//explore.h
[9.979s] -- Up-to-date: /home/pacman/turtlebot3_ws/install/explore_lite/share/explore_lite/config
[9.979s] -- Up-to-date: /home/pacman/turtlebot3_ws/install/explore_lite/share/explore_lite/config/params.yaml
[9.979s] -- Up-to-date: /home/pacman/turtlebot3_ws/install/explore_lite/share/explore_lite/config/params_costmap.yaml
[9.979s] -- Up-to-date: /home/pacman/turtlebot3_ws/install/explore_lite/share/explore_lite/launch
[9.979s] -- Up-to-date: /home/pacman/turtlebot3_ws/install/explore_lite/share/explore_lite/launch/explore.launch.py
[9.979s] -- Installing: /home/pacman/turtlebot3_ws/install/explore_lite/lib/explore_lite/explore
[9.983s] -- Set runtime path of "/home/pacman/turtlebot3_ws/install/explore_lite/lib/explore_lite/explore" to ""
[9.983s] -- Up-to-date: /home/pacman/turtlebot3_ws/install/explore_lite/share/ament_index/resource_index/package_run_dependencies/explore_lite
[9.983s] -- Up-to-date: /home/pacman/turtlebot3_ws/install/explore_lite/share/ament_index/resource_index/parent_prefix_path/explore_lite
[9.983s] -- Up-to-date: /home/pacman/turtlebot3_ws/install/explore_lite/share/explore_lite/environment/ament_prefix_path.sh
[9.983s] -- Up-to-date: /home/pacman/turtlebot3_ws/install/explore_lite/share/explore_lite/environment/ament_prefix_path.dsv
[9.983s] -- Up-to-date: /home/pacman/turtlebot3_ws/install/explore_lite/share/explore_lite/environment/path.sh
[9.983s] -- Up-to-date: /home/pacman/turtlebot3_ws/install/explore_lite/share/explore_lite/environment/path.dsv
[9.983s] -- Up-to-date: /home/pacman/turtlebot3_ws/install/explore_lite/share/explore_lite/local_setup.bash
[9.983s] -- Up-to-date: /home/pacman/turtlebot3_ws/install/explore_lite/share/explore_lite/local_setup.sh
[9.983s] -- Up-to-date: /home/pacman/turtlebot3_ws/install/explore_lite/share/explore_lite/local_setup.zsh
[9.983s] -- Up-to-date: /home/pacman/turtlebot3_ws/install/explore_lite/share/explore_lite/local_setup.dsv
[9.983s] -- Installing: /home/pacman/turtlebot3_ws/install/explore_lite/share/explore_lite/package.dsv
[9.983s] -- Up-to-date: /home/pacman/turtlebot3_ws/install/explore_lite/share/ament_index/resource_index/packages/explore_lite
[9.983s] -- Up-to-date: /home/pacman/turtlebot3_ws/install/explore_lite/share/explore_lite/cmake/ament_cmake_export_include_directories-extras.cmake
[9.983s] -- Up-to-date: /home/pacman/turtlebot3_ws/install/explore_lite/share/explore_lite/cmake/explore_liteConfig.cmake
[9.984s] -- Up-to-date: /home/pacman/turtlebot3_ws/install/explore_lite/share/explore_lite/cmake/explore_liteConfig-version.cmake
[9.984s] -- Up-to-date: /home/pacman/turtlebot3_ws/install/explore_lite/share/explore_lite/package.xml
[9.985s] Invoked command in '/home/pacman/turtlebot3_ws/build/explore_lite' returned '0': CMAKE_PREFIX_PATH=${CMAKE_PREFIX_PATH}:/home/pacman/turtlebot3_ws/install/turtlebot3_teleop:/home/pacman/turtlebot3_ws/install/turtlebot3_example:/home/pacman/turtlebot3_ws/install/semantic_mapper:/home/pacman/turtlebot3_ws/install/scheduler:/home/pacman/turtlebot3_ws/install/interpreter:/home/pacman/turtlebot3_ws/install/frame_changer:/home/pacman/turtlebot3_ws/install/dbms:/opt/ros/humble /usr/bin/cmake --install /home/pacman/turtlebot3_ws/build/explore_lite
