[0.248s] Invoking command in '/home/pacman/turtlebot3_ws/build/explore': CMAKE_PREFIX_PATH=${CMAKE_PREFIX_PATH}:/home/pacman/turtlebot3_ws/install/turtlebot3_teleop:/home/pacman/turtlebot3_ws/install/turtlebot3_example:/home/pacman/turtlebot3_ws/install/scheduler:/home/pacman/turtlebot3_ws/install/frame_changer:/opt/ros/humble /usr/bin/cmake --build /home/pacman/turtlebot3_ws/build/explore -- -j12 -l12
[0.414s] [100%] Built target explore
[0.423s] Invoked command in '/home/pacman/turtlebot3_ws/build/explore' returned '0': CMAKE_PREFIX_PATH=${CMAKE_PREFIX_PATH}:/home/pacman/turtlebot3_ws/install/turtlebot3_teleop:/home/pacman/turtlebot3_ws/install/turtlebot3_example:/home/pacman/turtlebot3_ws/install/scheduler:/home/pacman/turtlebot3_ws/install/frame_changer:/opt/ros/humble /usr/bin/cmake --build /home/pacman/turtlebot3_ws/build/explore -- -j12 -l12
[0.487s] Invoking command in '/home/pacman/turtlebot3_ws/build/explore': CMAKE_PREFIX_PATH=${CMAKE_PREFIX_PATH}:/home/pacman/turtlebot3_ws/install/turtlebot3_teleop:/home/pacman/turtlebot3_ws/install/turtlebot3_example:/home/pacman/turtlebot3_ws/install/scheduler:/home/pacman/turtlebot3_ws/install/frame_changer:/opt/ros/humble /usr/bin/cmake --install /home/pacman/turtlebot3_ws/build/explore
[0.531s] -- Install configuration: ""
[0.531s] -- Up-to-date: /home/pacman/turtlebot3_ws/install/explore/include/explore/
[0.531s] -- Up-to-date: /home/pacman/turtlebot3_ws/install/explore/include/explore//frontier_search.h
[0.532s] -- Up-to-date: /home/pacman/turtlebot3_ws/install/explore/include/explore//costmap_client.h
[0.532s] -- Up-to-date: /home/pacman/turtlebot3_ws/install/explore/include/explore//costmap_tools.h
[0.532s] -- Up-to-date: /home/pacman/turtlebot3_ws/install/explore/include/explore//explore.h
[0.532s] -- Up-to-date: /home/pacman/turtlebot3_ws/install/explore/share/explore/config
[0.532s] -- Up-to-date: /home/pacman/turtlebot3_ws/install/explore/share/explore/config/params.yaml
[0.532s] -- Up-to-date: /home/pacman/turtlebot3_ws/install/explore/share/explore/config/params_costmap.yaml
[0.532s] -- Up-to-date: /home/pacman/turtlebot3_ws/install/explore/share/explore/launch
[0.532s] -- Up-to-date: /home/pacman/turtlebot3_ws/install/explore/share/explore/launch/explore.launch.py
[0.532s] -- Up-to-date: /home/pacman/turtlebot3_ws/install/explore/lib/explore/explore
[0.533s] -- Up-to-date: /home/pacman/turtlebot3_ws/install/explore/share/ament_index/resource_index/package_run_dependencies/explore
[0.533s] -- Up-to-date: /home/pacman/turtlebot3_ws/install/explore/share/ament_index/resource_index/parent_prefix_path/explore
[0.533s] -- Up-to-date: /home/pacman/turtlebot3_ws/install/explore/share/explore/environment/ament_prefix_path.sh
[0.533s] -- Up-to-date: /home/pacman/turtlebot3_ws/install/explore/share/explore/environment/ament_prefix_path.dsv
[0.533s] -- Up-to-date: /home/pacman/turtlebot3_ws/install/explore/share/explore/environment/path.sh
[0.533s] -- Up-to-date: /home/pacman/turtlebot3_ws/install/explore/share/explore/environment/path.dsv
[0.533s] -- Up-to-date: /home/pacman/turtlebot3_ws/install/explore/share/explore/local_setup.bash
[0.533s] -- Up-to-date: /home/pacman/turtlebot3_ws/install/explore/share/explore/local_setup.sh
[0.533s] -- Up-to-date: /home/pacman/turtlebot3_ws/install/explore/share/explore/local_setup.zsh
[0.533s] -- Up-to-date: /home/pacman/turtlebot3_ws/install/explore/share/explore/local_setup.dsv
[0.534s] -- Installing: /home/pacman/turtlebot3_ws/install/explore/share/explore/package.dsv
[0.534s] -- Up-to-date: /home/pacman/turtlebot3_ws/install/explore/share/ament_index/resource_index/packages/explore
[0.534s] -- Up-to-date: /home/pacman/turtlebot3_ws/install/explore/share/explore/cmake/ament_cmake_export_include_directories-extras.cmake
[0.535s] -- Up-to-date: /home/pacman/turtlebot3_ws/install/explore/share/explore/cmake/exploreConfig.cmake
[0.535s] -- Up-to-date: /home/pacman/turtlebot3_ws/install/explore/share/explore/cmake/exploreConfig-version.cmake
[0.535s] -- Up-to-date: /home/pacman/turtlebot3_ws/install/explore/share/explore/package.xml
[0.549s] Invoked command in '/home/pacman/turtlebot3_ws/build/explore' returned '0': CMAKE_PREFIX_PATH=${CMAKE_PREFIX_PATH}:/home/pacman/turtlebot3_ws/install/turtlebot3_teleop:/home/pacman/turtlebot3_ws/install/turtlebot3_example:/home/pacman/turtlebot3_ws/install/scheduler:/home/pacman/turtlebot3_ws/install/frame_changer:/opt/ros/humble /usr/bin/cmake --install /home/pacman/turtlebot3_ws/build/explore
