[0.181s] Invoking command in '/home/pacman/tortoisebot_rb/build/map_merge': CMAKE_PREFIX_PATH=${CMAKE_PREFIX_PATH}:/home/pacman/tortoisebot_rb/install/tortoisebot_control:/opt/ros/humble /usr/bin/cmake --build /home/pacman/tortoisebot_rb/build/map_merge -- -j12 -l12
[0.347s] [ 66%] Built target combine_grids
[0.347s] [100%] Built target map_merge
[0.353s] Invoked command in '/home/pacman/tortoisebot_rb/build/map_merge' returned '0': CMAKE_PREFIX_PATH=${CMAKE_PREFIX_PATH}:/home/pacman/tortoisebot_rb/install/tortoisebot_control:/opt/ros/humble /usr/bin/cmake --build /home/pacman/tortoisebot_rb/build/map_merge -- -j12 -l12
[0.389s] Invoking command in '/home/pacman/tortoisebot_rb/build/map_merge': CMAKE_PREFIX_PATH=${CMAKE_PREFIX_PATH}:/home/pacman/tortoisebot_rb/install/tortoisebot_control:/opt/ros/humble /usr/bin/cmake --install /home/pacman/tortoisebot_rb/build/map_merge
[0.396s] -- Install configuration: ""
[0.396s] -- Up-to-date: /home/pacman/tortoisebot_rb/install/map_merge/include/map_merge/
[0.396s] -- Up-to-date: /home/pacman/tortoisebot_rb/install/map_merge/include/map_merge//ros1_names.hpp
[0.396s] -- Up-to-date: /home/pacman/tortoisebot_rb/install/map_merge/include/map_merge//map_merge.h
[0.396s] -- Up-to-date: /home/pacman/tortoisebot_rb/install/map_merge/share/map_merge/launch
[0.396s] -- Up-to-date: /home/pacman/tortoisebot_rb/install/map_merge/share/map_merge/launch/map_merge.launch
[0.396s] -- Up-to-date: /home/pacman/tortoisebot_rb/install/map_merge/share/map_merge/launch/map_merge.rviz
[0.396s] -- Up-to-date: /home/pacman/tortoisebot_rb/install/map_merge/share/map_merge/launch/from_map_server.launch.py
[0.396s] -- Up-to-date: /home/pacman/tortoisebot_rb/install/map_merge/share/map_merge/launch/tb3_simulation
[0.397s] -- Up-to-date: /home/pacman/tortoisebot_rb/install/map_merge/share/map_merge/launch/tb3_simulation/worlds
[0.397s] -- Up-to-date: /home/pacman/tortoisebot_rb/install/map_merge/share/map_merge/launch/tb3_simulation/worlds/world_only.model
[0.397s] -- Up-to-date: /home/pacman/tortoisebot_rb/install/map_merge/share/map_merge/launch/tb3_simulation/config
[0.397s] -- Up-to-date: /home/pacman/tortoisebot_rb/install/map_merge/share/map_merge/launch/tb3_simulation/config/nav2_multirobot_params_1.yaml
[0.397s] -- Up-to-date: /home/pacman/tortoisebot_rb/install/map_merge/share/map_merge/launch/tb3_simulation/config/nav2_multirobot_params_2.yaml
[0.397s] -- Up-to-date: /home/pacman/tortoisebot_rb/install/map_merge/share/map_merge/launch/tb3_simulation/multi_tb3_simulation_launch.py
[0.397s] -- Up-to-date: /home/pacman/tortoisebot_rb/install/map_merge/share/map_merge/launch/tb3_simulation/slam_toolbox.py
[0.397s] -- Up-to-date: /home/pacman/tortoisebot_rb/install/map_merge/share/map_merge/launch/tb3_simulation/bringup_launch.py
[0.397s] -- Up-to-date: /home/pacman/tortoisebot_rb/install/map_merge/share/map_merge/launch/tb3_simulation/tb3_simulation_launch.py
[0.397s] -- Up-to-date: /home/pacman/tortoisebot_rb/install/map_merge/share/map_merge/launch/map_merge.launch.py
[0.397s] -- Up-to-date: /home/pacman/tortoisebot_rb/install/map_merge/share/map_merge/launch/from_map_server.launch
[0.397s] -- Up-to-date: /home/pacman/tortoisebot_rb/install/map_merge/share/map_merge/launch/experiments
[0.397s] -- Up-to-date: /home/pacman/tortoisebot_rb/install/map_merge/share/map_merge/launch/experiments/3-robots.ttt.launch
[0.397s] -- Up-to-date: /home/pacman/tortoisebot_rb/install/map_merge/share/map_merge/launch/experiments/demo-scene-orientation-exp.ttt.launch
[0.397s] -- Up-to-date: /home/pacman/tortoisebot_rb/install/map_merge/share/map_merge/launch/experiments/demo-scene-1.ttt.launch
[0.397s] -- Up-to-date: /home/pacman/tortoisebot_rb/install/map_merge/share/map_merge/config
[0.397s] -- Up-to-date: /home/pacman/tortoisebot_rb/install/map_merge/share/map_merge/config/params.yaml
[0.397s] -- Up-to-date: /home/pacman/tortoisebot_rb/install/map_merge/share/map_merge/config/params_orig.yaml
[0.397s] -- Up-to-date: /home/pacman/tortoisebot_rb/install/map_merge/lib/libcombine_grids.a
[0.397s] -- Up-to-date: /home/pacman/tortoisebot_rb/install/map_merge/lib/map_merge/map_merge
[0.397s] -- Up-to-date: /home/pacman/tortoisebot_rb/install/map_merge/share/map_merge/environment/library_path.sh
[0.397s] -- Up-to-date: /home/pacman/tortoisebot_rb/install/map_merge/share/map_merge/environment/library_path.dsv
[0.397s] -- Up-to-date: /home/pacman/tortoisebot_rb/install/map_merge/share/ament_index/resource_index/package_run_dependencies/map_merge
[0.397s] -- Up-to-date: /home/pacman/tortoisebot_rb/install/map_merge/share/ament_index/resource_index/parent_prefix_path/map_merge
[0.397s] -- Up-to-date: /home/pacman/tortoisebot_rb/install/map_merge/share/map_merge/environment/ament_prefix_path.sh
[0.398s] -- Up-to-date: /home/pacman/tortoisebot_rb/install/map_merge/share/map_merge/environment/ament_prefix_path.dsv
[0.398s] -- Up-to-date: /home/pacman/tortoisebot_rb/install/map_merge/share/map_merge/environment/path.sh
[0.398s] -- Up-to-date: /home/pacman/tortoisebot_rb/install/map_merge/share/map_merge/environment/path.dsv
[0.398s] -- Up-to-date: /home/pacman/tortoisebot_rb/install/map_merge/share/map_merge/local_setup.bash
[0.399s] -- Up-to-date: /home/pacman/tortoisebot_rb/install/map_merge/share/map_merge/local_setup.sh
[0.399s] -- Up-to-date: /home/pacman/tortoisebot_rb/install/map_merge/share/map_merge/local_setup.zsh
[0.399s] -- Up-to-date: /home/pacman/tortoisebot_rb/install/map_merge/share/map_merge/local_setup.dsv
[0.399s] -- Installing: /home/pacman/tortoisebot_rb/install/map_merge/share/map_merge/package.dsv
[0.399s] -- Up-to-date: /home/pacman/tortoisebot_rb/install/map_merge/share/ament_index/resource_index/packages/map_merge
[0.399s] -- Up-to-date: /home/pacman/tortoisebot_rb/install/map_merge/share/map_merge/cmake/ament_cmake_export_include_directories-extras.cmake
[0.399s] -- Up-to-date: /home/pacman/tortoisebot_rb/install/map_merge/share/map_merge/cmake/ament_cmake_export_libraries-extras.cmake
[0.399s] -- Up-to-date: /home/pacman/tortoisebot_rb/install/map_merge/share/map_merge/cmake/map_mergeConfig.cmake
[0.399s] -- Up-to-date: /home/pacman/tortoisebot_rb/install/map_merge/share/map_merge/cmake/map_mergeConfig-version.cmake
[0.399s] -- Up-to-date: /home/pacman/tortoisebot_rb/install/map_merge/share/map_merge/package.xml
[0.423s] Invoked command in '/home/pacman/tortoisebot_rb/build/map_merge' returned '0': CMAKE_PREFIX_PATH=${CMAKE_PREFIX_PATH}:/home/pacman/tortoisebot_rb/install/tortoisebot_control:/opt/ros/humble /usr/bin/cmake --install /home/pacman/tortoisebot_rb/build/map_merge
